[2025-04-05T11:14:51.470+0100] {processor.py:161} INFO - Started process (PID=16676) to work on /Users/judeezeh/Desktop/Zoomcamp-project/venv/lib/python3.11/site-packages/airflow/example_dags/subdags/subdag.py
[2025-04-05T11:14:51.470+0100] {processor.py:830} INFO - Processing file /Users/judeezeh/Desktop/Zoomcamp-project/venv/lib/python3.11/site-packages/airflow/example_dags/subdags/subdag.py for tasks to queue
[2025-04-05T11:14:51.470+0100] {logging_mixin.py:188} INFO - [2025-04-05T11:14:51.470+0100] {dagbag.py:540} INFO - Filling up the DagBag from /Users/judeezeh/Desktop/Zoomcamp-project/venv/lib/python3.11/site-packages/airflow/example_dags/subdags/subdag.py
[2025-04-05T11:14:51.471+0100] {processor.py:842} WARNING - No viable dags retrieved from /Users/judeezeh/Desktop/Zoomcamp-project/venv/lib/python3.11/site-packages/airflow/example_dags/subdags/subdag.py
[2025-04-05T11:14:51.494+0100] {processor.py:183} INFO - Processing /Users/judeezeh/Desktop/Zoomcamp-project/venv/lib/python3.11/site-packages/airflow/example_dags/subdags/subdag.py took 0.025 seconds
[2025-04-05T11:16:15.370+0100] {processor.py:161} INFO - Started process (PID=16811) to work on /Users/judeezeh/Desktop/Zoomcamp-project/venv/lib/python3.11/site-packages/airflow/example_dags/subdags/subdag.py
[2025-04-05T11:16:15.371+0100] {processor.py:830} INFO - Processing file /Users/judeezeh/Desktop/Zoomcamp-project/venv/lib/python3.11/site-packages/airflow/example_dags/subdags/subdag.py for tasks to queue
[2025-04-05T11:16:15.371+0100] {logging_mixin.py:188} INFO - [2025-04-05T11:16:15.371+0100] {dagbag.py:540} INFO - Filling up the DagBag from /Users/judeezeh/Desktop/Zoomcamp-project/venv/lib/python3.11/site-packages/airflow/example_dags/subdags/subdag.py
[2025-04-05T11:16:15.372+0100] {processor.py:842} WARNING - No viable dags retrieved from /Users/judeezeh/Desktop/Zoomcamp-project/venv/lib/python3.11/site-packages/airflow/example_dags/subdags/subdag.py
[2025-04-05T11:16:15.396+0100] {processor.py:183} INFO - Processing /Users/judeezeh/Desktop/Zoomcamp-project/venv/lib/python3.11/site-packages/airflow/example_dags/subdags/subdag.py took 0.026 seconds
[2025-04-05T11:17:03.382+0100] {processor.py:161} INFO - Started process (PID=16882) to work on /Users/judeezeh/Desktop/Zoomcamp-project/venv/lib/python3.11/site-packages/airflow/example_dags/subdags/subdag.py
[2025-04-05T11:17:03.382+0100] {processor.py:830} INFO - Processing file /Users/judeezeh/Desktop/Zoomcamp-project/venv/lib/python3.11/site-packages/airflow/example_dags/subdags/subdag.py for tasks to queue
[2025-04-05T11:17:03.382+0100] {logging_mixin.py:188} INFO - [2025-04-05T11:17:03.382+0100] {dagbag.py:540} INFO - Filling up the DagBag from /Users/judeezeh/Desktop/Zoomcamp-project/venv/lib/python3.11/site-packages/airflow/example_dags/subdags/subdag.py
[2025-04-05T11:17:03.383+0100] {processor.py:842} WARNING - No viable dags retrieved from /Users/judeezeh/Desktop/Zoomcamp-project/venv/lib/python3.11/site-packages/airflow/example_dags/subdags/subdag.py
[2025-04-05T11:17:03.407+0100] {processor.py:183} INFO - Processing /Users/judeezeh/Desktop/Zoomcamp-project/venv/lib/python3.11/site-packages/airflow/example_dags/subdags/subdag.py took 0.026 seconds
[2025-04-05T11:17:46.887+0100] {processor.py:161} INFO - Started process (PID=16945) to work on /Users/judeezeh/Desktop/Zoomcamp-project/venv/lib/python3.11/site-packages/airflow/example_dags/subdags/subdag.py
[2025-04-05T11:17:46.888+0100] {processor.py:830} INFO - Processing file /Users/judeezeh/Desktop/Zoomcamp-project/venv/lib/python3.11/site-packages/airflow/example_dags/subdags/subdag.py for tasks to queue
[2025-04-05T11:17:46.888+0100] {logging_mixin.py:188} INFO - [2025-04-05T11:17:46.888+0100] {dagbag.py:540} INFO - Filling up the DagBag from /Users/judeezeh/Desktop/Zoomcamp-project/venv/lib/python3.11/site-packages/airflow/example_dags/subdags/subdag.py
[2025-04-05T11:17:46.889+0100] {processor.py:842} WARNING - No viable dags retrieved from /Users/judeezeh/Desktop/Zoomcamp-project/venv/lib/python3.11/site-packages/airflow/example_dags/subdags/subdag.py
[2025-04-05T11:17:46.913+0100] {processor.py:183} INFO - Processing /Users/judeezeh/Desktop/Zoomcamp-project/venv/lib/python3.11/site-packages/airflow/example_dags/subdags/subdag.py took 0.026 seconds
[2025-04-05T11:18:33.911+0100] {processor.py:161} INFO - Started process (PID=17016) to work on /Users/judeezeh/Desktop/Zoomcamp-project/venv/lib/python3.11/site-packages/airflow/example_dags/subdags/subdag.py
[2025-04-05T11:18:33.911+0100] {processor.py:830} INFO - Processing file /Users/judeezeh/Desktop/Zoomcamp-project/venv/lib/python3.11/site-packages/airflow/example_dags/subdags/subdag.py for tasks to queue
[2025-04-05T11:18:33.912+0100] {logging_mixin.py:188} INFO - [2025-04-05T11:18:33.911+0100] {dagbag.py:540} INFO - Filling up the DagBag from /Users/judeezeh/Desktop/Zoomcamp-project/venv/lib/python3.11/site-packages/airflow/example_dags/subdags/subdag.py
[2025-04-05T11:18:33.912+0100] {processor.py:842} WARNING - No viable dags retrieved from /Users/judeezeh/Desktop/Zoomcamp-project/venv/lib/python3.11/site-packages/airflow/example_dags/subdags/subdag.py
[2025-04-05T11:18:33.940+0100] {processor.py:183} INFO - Processing /Users/judeezeh/Desktop/Zoomcamp-project/venv/lib/python3.11/site-packages/airflow/example_dags/subdags/subdag.py took 0.030 seconds
[2025-04-05T11:18:55.063+0100] {processor.py:161} INFO - Started process (PID=17061) to work on /Users/judeezeh/Desktop/Zoomcamp-project/venv/lib/python3.11/site-packages/airflow/example_dags/subdags/subdag.py
[2025-04-05T11:18:55.063+0100] {processor.py:830} INFO - Processing file /Users/judeezeh/Desktop/Zoomcamp-project/venv/lib/python3.11/site-packages/airflow/example_dags/subdags/subdag.py for tasks to queue
[2025-04-05T11:18:55.063+0100] {logging_mixin.py:188} INFO - [2025-04-05T11:18:55.063+0100] {dagbag.py:540} INFO - Filling up the DagBag from /Users/judeezeh/Desktop/Zoomcamp-project/venv/lib/python3.11/site-packages/airflow/example_dags/subdags/subdag.py
[2025-04-05T11:18:55.064+0100] {processor.py:842} WARNING - No viable dags retrieved from /Users/judeezeh/Desktop/Zoomcamp-project/venv/lib/python3.11/site-packages/airflow/example_dags/subdags/subdag.py
[2025-04-05T11:18:55.089+0100] {processor.py:183} INFO - Processing /Users/judeezeh/Desktop/Zoomcamp-project/venv/lib/python3.11/site-packages/airflow/example_dags/subdags/subdag.py took 0.027 seconds
[2025-04-05T11:20:16.259+0100] {processor.py:161} INFO - Started process (PID=17202) to work on /Users/judeezeh/Desktop/Zoomcamp-project/venv/lib/python3.11/site-packages/airflow/example_dags/subdags/subdag.py
[2025-04-05T11:20:16.259+0100] {processor.py:830} INFO - Processing file /Users/judeezeh/Desktop/Zoomcamp-project/venv/lib/python3.11/site-packages/airflow/example_dags/subdags/subdag.py for tasks to queue
[2025-04-05T11:20:16.259+0100] {logging_mixin.py:188} INFO - [2025-04-05T11:20:16.259+0100] {dagbag.py:540} INFO - Filling up the DagBag from /Users/judeezeh/Desktop/Zoomcamp-project/venv/lib/python3.11/site-packages/airflow/example_dags/subdags/subdag.py
[2025-04-05T11:20:16.260+0100] {processor.py:842} WARNING - No viable dags retrieved from /Users/judeezeh/Desktop/Zoomcamp-project/venv/lib/python3.11/site-packages/airflow/example_dags/subdags/subdag.py
[2025-04-05T11:20:16.285+0100] {processor.py:183} INFO - Processing /Users/judeezeh/Desktop/Zoomcamp-project/venv/lib/python3.11/site-packages/airflow/example_dags/subdags/subdag.py took 0.027 seconds
[2025-04-05T11:21:13.551+0100] {processor.py:161} INFO - Started process (PID=17285) to work on /Users/judeezeh/Desktop/Zoomcamp-project/venv/lib/python3.11/site-packages/airflow/example_dags/subdags/subdag.py
[2025-04-05T11:21:13.551+0100] {processor.py:830} INFO - Processing file /Users/judeezeh/Desktop/Zoomcamp-project/venv/lib/python3.11/site-packages/airflow/example_dags/subdags/subdag.py for tasks to queue
[2025-04-05T11:21:13.551+0100] {logging_mixin.py:188} INFO - [2025-04-05T11:21:13.551+0100] {dagbag.py:540} INFO - Filling up the DagBag from /Users/judeezeh/Desktop/Zoomcamp-project/venv/lib/python3.11/site-packages/airflow/example_dags/subdags/subdag.py
[2025-04-05T11:21:13.552+0100] {processor.py:842} WARNING - No viable dags retrieved from /Users/judeezeh/Desktop/Zoomcamp-project/venv/lib/python3.11/site-packages/airflow/example_dags/subdags/subdag.py
[2025-04-05T11:21:13.576+0100] {processor.py:183} INFO - Processing /Users/judeezeh/Desktop/Zoomcamp-project/venv/lib/python3.11/site-packages/airflow/example_dags/subdags/subdag.py took 0.027 seconds
[2025-04-05T11:22:12.285+0100] {processor.py:161} INFO - Started process (PID=17367) to work on /Users/judeezeh/Desktop/Zoomcamp-project/venv/lib/python3.11/site-packages/airflow/example_dags/subdags/subdag.py
[2025-04-05T11:22:12.286+0100] {processor.py:830} INFO - Processing file /Users/judeezeh/Desktop/Zoomcamp-project/venv/lib/python3.11/site-packages/airflow/example_dags/subdags/subdag.py for tasks to queue
[2025-04-05T11:22:12.286+0100] {logging_mixin.py:188} INFO - [2025-04-05T11:22:12.286+0100] {dagbag.py:540} INFO - Filling up the DagBag from /Users/judeezeh/Desktop/Zoomcamp-project/venv/lib/python3.11/site-packages/airflow/example_dags/subdags/subdag.py
[2025-04-05T11:22:12.287+0100] {processor.py:842} WARNING - No viable dags retrieved from /Users/judeezeh/Desktop/Zoomcamp-project/venv/lib/python3.11/site-packages/airflow/example_dags/subdags/subdag.py
[2025-04-05T11:22:12.311+0100] {processor.py:183} INFO - Processing /Users/judeezeh/Desktop/Zoomcamp-project/venv/lib/python3.11/site-packages/airflow/example_dags/subdags/subdag.py took 0.027 seconds
[2025-04-05T11:23:02.444+0100] {processor.py:161} INFO - Started process (PID=17442) to work on /Users/judeezeh/Desktop/Zoomcamp-project/venv/lib/python3.11/site-packages/airflow/example_dags/subdags/subdag.py
[2025-04-05T11:23:02.446+0100] {processor.py:830} INFO - Processing file /Users/judeezeh/Desktop/Zoomcamp-project/venv/lib/python3.11/site-packages/airflow/example_dags/subdags/subdag.py for tasks to queue
[2025-04-05T11:23:02.446+0100] {logging_mixin.py:188} INFO - [2025-04-05T11:23:02.446+0100] {dagbag.py:540} INFO - Filling up the DagBag from /Users/judeezeh/Desktop/Zoomcamp-project/venv/lib/python3.11/site-packages/airflow/example_dags/subdags/subdag.py
[2025-04-05T11:23:02.446+0100] {processor.py:842} WARNING - No viable dags retrieved from /Users/judeezeh/Desktop/Zoomcamp-project/venv/lib/python3.11/site-packages/airflow/example_dags/subdags/subdag.py
[2025-04-05T11:23:02.470+0100] {processor.py:183} INFO - Processing /Users/judeezeh/Desktop/Zoomcamp-project/venv/lib/python3.11/site-packages/airflow/example_dags/subdags/subdag.py took 0.027 seconds
[2025-04-05T11:23:50.508+0100] {processor.py:161} INFO - Started process (PID=17510) to work on /Users/judeezeh/Desktop/Zoomcamp-project/venv/lib/python3.11/site-packages/airflow/example_dags/subdags/subdag.py
[2025-04-05T11:23:50.509+0100] {processor.py:830} INFO - Processing file /Users/judeezeh/Desktop/Zoomcamp-project/venv/lib/python3.11/site-packages/airflow/example_dags/subdags/subdag.py for tasks to queue
[2025-04-05T11:23:50.509+0100] {logging_mixin.py:188} INFO - [2025-04-05T11:23:50.509+0100] {dagbag.py:540} INFO - Filling up the DagBag from /Users/judeezeh/Desktop/Zoomcamp-project/venv/lib/python3.11/site-packages/airflow/example_dags/subdags/subdag.py
[2025-04-05T11:23:50.510+0100] {processor.py:842} WARNING - No viable dags retrieved from /Users/judeezeh/Desktop/Zoomcamp-project/venv/lib/python3.11/site-packages/airflow/example_dags/subdags/subdag.py
[2025-04-05T11:23:50.535+0100] {processor.py:183} INFO - Processing /Users/judeezeh/Desktop/Zoomcamp-project/venv/lib/python3.11/site-packages/airflow/example_dags/subdags/subdag.py took 0.028 seconds
[2025-04-05T11:24:41.494+0100] {processor.py:161} INFO - Started process (PID=17577) to work on /Users/judeezeh/Desktop/Zoomcamp-project/venv/lib/python3.11/site-packages/airflow/example_dags/subdags/subdag.py
[2025-04-05T11:24:41.495+0100] {processor.py:830} INFO - Processing file /Users/judeezeh/Desktop/Zoomcamp-project/venv/lib/python3.11/site-packages/airflow/example_dags/subdags/subdag.py for tasks to queue
[2025-04-05T11:24:41.496+0100] {logging_mixin.py:188} INFO - [2025-04-05T11:24:41.496+0100] {dagbag.py:540} INFO - Filling up the DagBag from /Users/judeezeh/Desktop/Zoomcamp-project/venv/lib/python3.11/site-packages/airflow/example_dags/subdags/subdag.py
[2025-04-05T11:24:41.496+0100] {processor.py:842} WARNING - No viable dags retrieved from /Users/judeezeh/Desktop/Zoomcamp-project/venv/lib/python3.11/site-packages/airflow/example_dags/subdags/subdag.py
[2025-04-05T11:24:41.520+0100] {processor.py:183} INFO - Processing /Users/judeezeh/Desktop/Zoomcamp-project/venv/lib/python3.11/site-packages/airflow/example_dags/subdags/subdag.py took 0.027 seconds
[2025-04-05T11:25:31.804+0100] {processor.py:161} INFO - Started process (PID=17648) to work on /Users/judeezeh/Desktop/Zoomcamp-project/venv/lib/python3.11/site-packages/airflow/example_dags/subdags/subdag.py
[2025-04-05T11:25:31.805+0100] {processor.py:830} INFO - Processing file /Users/judeezeh/Desktop/Zoomcamp-project/venv/lib/python3.11/site-packages/airflow/example_dags/subdags/subdag.py for tasks to queue
[2025-04-05T11:25:31.805+0100] {logging_mixin.py:188} INFO - [2025-04-05T11:25:31.805+0100] {dagbag.py:540} INFO - Filling up the DagBag from /Users/judeezeh/Desktop/Zoomcamp-project/venv/lib/python3.11/site-packages/airflow/example_dags/subdags/subdag.py
[2025-04-05T11:25:31.806+0100] {processor.py:842} WARNING - No viable dags retrieved from /Users/judeezeh/Desktop/Zoomcamp-project/venv/lib/python3.11/site-packages/airflow/example_dags/subdags/subdag.py
[2025-04-05T11:25:31.830+0100] {processor.py:183} INFO - Processing /Users/judeezeh/Desktop/Zoomcamp-project/venv/lib/python3.11/site-packages/airflow/example_dags/subdags/subdag.py took 0.027 seconds
[2025-04-05T11:26:18.765+0100] {processor.py:161} INFO - Started process (PID=17716) to work on /Users/judeezeh/Desktop/Zoomcamp-project/venv/lib/python3.11/site-packages/airflow/example_dags/subdags/subdag.py
[2025-04-05T11:26:18.767+0100] {processor.py:830} INFO - Processing file /Users/judeezeh/Desktop/Zoomcamp-project/venv/lib/python3.11/site-packages/airflow/example_dags/subdags/subdag.py for tasks to queue
[2025-04-05T11:26:18.767+0100] {logging_mixin.py:188} INFO - [2025-04-05T11:26:18.767+0100] {dagbag.py:540} INFO - Filling up the DagBag from /Users/judeezeh/Desktop/Zoomcamp-project/venv/lib/python3.11/site-packages/airflow/example_dags/subdags/subdag.py
[2025-04-05T11:26:18.768+0100] {processor.py:842} WARNING - No viable dags retrieved from /Users/judeezeh/Desktop/Zoomcamp-project/venv/lib/python3.11/site-packages/airflow/example_dags/subdags/subdag.py
[2025-04-05T11:26:18.793+0100] {processor.py:183} INFO - Processing /Users/judeezeh/Desktop/Zoomcamp-project/venv/lib/python3.11/site-packages/airflow/example_dags/subdags/subdag.py took 0.029 seconds
[2025-04-05T11:27:09.301+0100] {processor.py:161} INFO - Started process (PID=17799) to work on /Users/judeezeh/Desktop/Zoomcamp-project/venv/lib/python3.11/site-packages/airflow/example_dags/subdags/subdag.py
[2025-04-05T11:27:09.301+0100] {processor.py:830} INFO - Processing file /Users/judeezeh/Desktop/Zoomcamp-project/venv/lib/python3.11/site-packages/airflow/example_dags/subdags/subdag.py for tasks to queue
[2025-04-05T11:27:09.301+0100] {logging_mixin.py:188} INFO - [2025-04-05T11:27:09.301+0100] {dagbag.py:540} INFO - Filling up the DagBag from /Users/judeezeh/Desktop/Zoomcamp-project/venv/lib/python3.11/site-packages/airflow/example_dags/subdags/subdag.py
[2025-04-05T11:27:09.302+0100] {processor.py:842} WARNING - No viable dags retrieved from /Users/judeezeh/Desktop/Zoomcamp-project/venv/lib/python3.11/site-packages/airflow/example_dags/subdags/subdag.py
[2025-04-05T11:27:09.326+0100] {processor.py:183} INFO - Processing /Users/judeezeh/Desktop/Zoomcamp-project/venv/lib/python3.11/site-packages/airflow/example_dags/subdags/subdag.py took 0.026 seconds
[2025-04-05T11:28:04.967+0100] {processor.py:161} INFO - Started process (PID=17869) to work on /Users/judeezeh/Desktop/Zoomcamp-project/venv/lib/python3.11/site-packages/airflow/example_dags/subdags/subdag.py
[2025-04-05T11:28:04.968+0100] {processor.py:830} INFO - Processing file /Users/judeezeh/Desktop/Zoomcamp-project/venv/lib/python3.11/site-packages/airflow/example_dags/subdags/subdag.py for tasks to queue
[2025-04-05T11:28:04.969+0100] {logging_mixin.py:188} INFO - [2025-04-05T11:28:04.969+0100] {dagbag.py:540} INFO - Filling up the DagBag from /Users/judeezeh/Desktop/Zoomcamp-project/venv/lib/python3.11/site-packages/airflow/example_dags/subdags/subdag.py
[2025-04-05T11:28:04.970+0100] {processor.py:842} WARNING - No viable dags retrieved from /Users/judeezeh/Desktop/Zoomcamp-project/venv/lib/python3.11/site-packages/airflow/example_dags/subdags/subdag.py
[2025-04-05T11:28:04.993+0100] {processor.py:183} INFO - Processing /Users/judeezeh/Desktop/Zoomcamp-project/venv/lib/python3.11/site-packages/airflow/example_dags/subdags/subdag.py took 0.027 seconds
[2025-04-05T11:29:00.437+0100] {processor.py:161} INFO - Started process (PID=17954) to work on /Users/judeezeh/Desktop/Zoomcamp-project/venv/lib/python3.11/site-packages/airflow/example_dags/subdags/subdag.py
[2025-04-05T11:29:00.438+0100] {processor.py:830} INFO - Processing file /Users/judeezeh/Desktop/Zoomcamp-project/venv/lib/python3.11/site-packages/airflow/example_dags/subdags/subdag.py for tasks to queue
[2025-04-05T11:29:00.438+0100] {logging_mixin.py:188} INFO - [2025-04-05T11:29:00.438+0100] {dagbag.py:540} INFO - Filling up the DagBag from /Users/judeezeh/Desktop/Zoomcamp-project/venv/lib/python3.11/site-packages/airflow/example_dags/subdags/subdag.py
[2025-04-05T11:29:00.439+0100] {processor.py:842} WARNING - No viable dags retrieved from /Users/judeezeh/Desktop/Zoomcamp-project/venv/lib/python3.11/site-packages/airflow/example_dags/subdags/subdag.py
[2025-04-05T11:29:00.463+0100] {processor.py:183} INFO - Processing /Users/judeezeh/Desktop/Zoomcamp-project/venv/lib/python3.11/site-packages/airflow/example_dags/subdags/subdag.py took 0.027 seconds
[2025-04-05T11:29:56.431+0100] {processor.py:161} INFO - Started process (PID=18024) to work on /Users/judeezeh/Desktop/Zoomcamp-project/venv/lib/python3.11/site-packages/airflow/example_dags/subdags/subdag.py
[2025-04-05T11:29:56.432+0100] {processor.py:830} INFO - Processing file /Users/judeezeh/Desktop/Zoomcamp-project/venv/lib/python3.11/site-packages/airflow/example_dags/subdags/subdag.py for tasks to queue
[2025-04-05T11:29:56.432+0100] {logging_mixin.py:188} INFO - [2025-04-05T11:29:56.432+0100] {dagbag.py:540} INFO - Filling up the DagBag from /Users/judeezeh/Desktop/Zoomcamp-project/venv/lib/python3.11/site-packages/airflow/example_dags/subdags/subdag.py
[2025-04-05T11:29:56.432+0100] {processor.py:842} WARNING - No viable dags retrieved from /Users/judeezeh/Desktop/Zoomcamp-project/venv/lib/python3.11/site-packages/airflow/example_dags/subdags/subdag.py
[2025-04-05T11:29:56.457+0100] {processor.py:183} INFO - Processing /Users/judeezeh/Desktop/Zoomcamp-project/venv/lib/python3.11/site-packages/airflow/example_dags/subdags/subdag.py took 0.027 seconds
[2025-04-05T11:30:49.791+0100] {processor.py:161} INFO - Started process (PID=18107) to work on /Users/judeezeh/Desktop/Zoomcamp-project/venv/lib/python3.11/site-packages/airflow/example_dags/subdags/subdag.py
[2025-04-05T11:30:49.791+0100] {processor.py:830} INFO - Processing file /Users/judeezeh/Desktop/Zoomcamp-project/venv/lib/python3.11/site-packages/airflow/example_dags/subdags/subdag.py for tasks to queue
[2025-04-05T11:30:49.791+0100] {logging_mixin.py:188} INFO - [2025-04-05T11:30:49.791+0100] {dagbag.py:540} INFO - Filling up the DagBag from /Users/judeezeh/Desktop/Zoomcamp-project/venv/lib/python3.11/site-packages/airflow/example_dags/subdags/subdag.py
[2025-04-05T11:30:49.792+0100] {processor.py:842} WARNING - No viable dags retrieved from /Users/judeezeh/Desktop/Zoomcamp-project/venv/lib/python3.11/site-packages/airflow/example_dags/subdags/subdag.py
[2025-04-05T11:30:49.816+0100] {processor.py:183} INFO - Processing /Users/judeezeh/Desktop/Zoomcamp-project/venv/lib/python3.11/site-packages/airflow/example_dags/subdags/subdag.py took 0.026 seconds
[2025-04-05T11:31:37.461+0100] {processor.py:161} INFO - Started process (PID=18178) to work on /Users/judeezeh/Desktop/Zoomcamp-project/venv/lib/python3.11/site-packages/airflow/example_dags/subdags/subdag.py
[2025-04-05T11:31:37.461+0100] {processor.py:830} INFO - Processing file /Users/judeezeh/Desktop/Zoomcamp-project/venv/lib/python3.11/site-packages/airflow/example_dags/subdags/subdag.py for tasks to queue
[2025-04-05T11:31:37.461+0100] {logging_mixin.py:188} INFO - [2025-04-05T11:31:37.461+0100] {dagbag.py:540} INFO - Filling up the DagBag from /Users/judeezeh/Desktop/Zoomcamp-project/venv/lib/python3.11/site-packages/airflow/example_dags/subdags/subdag.py
[2025-04-05T11:31:37.462+0100] {processor.py:842} WARNING - No viable dags retrieved from /Users/judeezeh/Desktop/Zoomcamp-project/venv/lib/python3.11/site-packages/airflow/example_dags/subdags/subdag.py
[2025-04-05T11:31:37.486+0100] {processor.py:183} INFO - Processing /Users/judeezeh/Desktop/Zoomcamp-project/venv/lib/python3.11/site-packages/airflow/example_dags/subdags/subdag.py took 0.026 seconds
[2025-04-05T11:32:28.053+0100] {processor.py:161} INFO - Started process (PID=18255) to work on /Users/judeezeh/Desktop/Zoomcamp-project/venv/lib/python3.11/site-packages/airflow/example_dags/subdags/subdag.py
[2025-04-05T11:32:28.054+0100] {processor.py:830} INFO - Processing file /Users/judeezeh/Desktop/Zoomcamp-project/venv/lib/python3.11/site-packages/airflow/example_dags/subdags/subdag.py for tasks to queue
[2025-04-05T11:32:28.055+0100] {logging_mixin.py:188} INFO - [2025-04-05T11:32:28.055+0100] {dagbag.py:540} INFO - Filling up the DagBag from /Users/judeezeh/Desktop/Zoomcamp-project/venv/lib/python3.11/site-packages/airflow/example_dags/subdags/subdag.py
[2025-04-05T11:32:28.055+0100] {processor.py:842} WARNING - No viable dags retrieved from /Users/judeezeh/Desktop/Zoomcamp-project/venv/lib/python3.11/site-packages/airflow/example_dags/subdags/subdag.py
[2025-04-05T11:32:28.079+0100] {processor.py:183} INFO - Processing /Users/judeezeh/Desktop/Zoomcamp-project/venv/lib/python3.11/site-packages/airflow/example_dags/subdags/subdag.py took 0.027 seconds
[2025-04-05T11:33:19.594+0100] {processor.py:161} INFO - Started process (PID=18327) to work on /Users/judeezeh/Desktop/Zoomcamp-project/venv/lib/python3.11/site-packages/airflow/example_dags/subdags/subdag.py
[2025-04-05T11:33:19.594+0100] {processor.py:830} INFO - Processing file /Users/judeezeh/Desktop/Zoomcamp-project/venv/lib/python3.11/site-packages/airflow/example_dags/subdags/subdag.py for tasks to queue
[2025-04-05T11:33:19.595+0100] {logging_mixin.py:188} INFO - [2025-04-05T11:33:19.595+0100] {dagbag.py:540} INFO - Filling up the DagBag from /Users/judeezeh/Desktop/Zoomcamp-project/venv/lib/python3.11/site-packages/airflow/example_dags/subdags/subdag.py
[2025-04-05T11:33:19.595+0100] {processor.py:842} WARNING - No viable dags retrieved from /Users/judeezeh/Desktop/Zoomcamp-project/venv/lib/python3.11/site-packages/airflow/example_dags/subdags/subdag.py
[2025-04-05T11:33:19.619+0100] {processor.py:183} INFO - Processing /Users/judeezeh/Desktop/Zoomcamp-project/venv/lib/python3.11/site-packages/airflow/example_dags/subdags/subdag.py took 0.027 seconds
[2025-04-05T11:34:14.243+0100] {processor.py:161} INFO - Started process (PID=18406) to work on /Users/judeezeh/Desktop/Zoomcamp-project/venv/lib/python3.11/site-packages/airflow/example_dags/subdags/subdag.py
[2025-04-05T11:34:14.244+0100] {processor.py:830} INFO - Processing file /Users/judeezeh/Desktop/Zoomcamp-project/venv/lib/python3.11/site-packages/airflow/example_dags/subdags/subdag.py for tasks to queue
[2025-04-05T11:34:14.245+0100] {logging_mixin.py:188} INFO - [2025-04-05T11:34:14.245+0100] {dagbag.py:540} INFO - Filling up the DagBag from /Users/judeezeh/Desktop/Zoomcamp-project/venv/lib/python3.11/site-packages/airflow/example_dags/subdags/subdag.py
[2025-04-05T11:34:14.245+0100] {processor.py:842} WARNING - No viable dags retrieved from /Users/judeezeh/Desktop/Zoomcamp-project/venv/lib/python3.11/site-packages/airflow/example_dags/subdags/subdag.py
[2025-04-05T11:34:14.269+0100] {processor.py:183} INFO - Processing /Users/judeezeh/Desktop/Zoomcamp-project/venv/lib/python3.11/site-packages/airflow/example_dags/subdags/subdag.py took 0.026 seconds
[2025-04-05T11:35:01.919+0100] {processor.py:161} INFO - Started process (PID=18476) to work on /Users/judeezeh/Desktop/Zoomcamp-project/venv/lib/python3.11/site-packages/airflow/example_dags/subdags/subdag.py
[2025-04-05T11:35:01.919+0100] {processor.py:830} INFO - Processing file /Users/judeezeh/Desktop/Zoomcamp-project/venv/lib/python3.11/site-packages/airflow/example_dags/subdags/subdag.py for tasks to queue
[2025-04-05T11:35:01.919+0100] {logging_mixin.py:188} INFO - [2025-04-05T11:35:01.919+0100] {dagbag.py:540} INFO - Filling up the DagBag from /Users/judeezeh/Desktop/Zoomcamp-project/venv/lib/python3.11/site-packages/airflow/example_dags/subdags/subdag.py
[2025-04-05T11:35:01.920+0100] {processor.py:842} WARNING - No viable dags retrieved from /Users/judeezeh/Desktop/Zoomcamp-project/venv/lib/python3.11/site-packages/airflow/example_dags/subdags/subdag.py
[2025-04-05T11:35:01.944+0100] {processor.py:183} INFO - Processing /Users/judeezeh/Desktop/Zoomcamp-project/venv/lib/python3.11/site-packages/airflow/example_dags/subdags/subdag.py took 0.026 seconds
[2025-04-05T11:35:48.656+0100] {processor.py:161} INFO - Started process (PID=18539) to work on /Users/judeezeh/Desktop/Zoomcamp-project/venv/lib/python3.11/site-packages/airflow/example_dags/subdags/subdag.py
[2025-04-05T11:35:48.656+0100] {processor.py:830} INFO - Processing file /Users/judeezeh/Desktop/Zoomcamp-project/venv/lib/python3.11/site-packages/airflow/example_dags/subdags/subdag.py for tasks to queue
[2025-04-05T11:35:48.656+0100] {logging_mixin.py:188} INFO - [2025-04-05T11:35:48.656+0100] {dagbag.py:540} INFO - Filling up the DagBag from /Users/judeezeh/Desktop/Zoomcamp-project/venv/lib/python3.11/site-packages/airflow/example_dags/subdags/subdag.py
[2025-04-05T11:35:48.657+0100] {processor.py:842} WARNING - No viable dags retrieved from /Users/judeezeh/Desktop/Zoomcamp-project/venv/lib/python3.11/site-packages/airflow/example_dags/subdags/subdag.py
[2025-04-05T11:35:48.681+0100] {processor.py:183} INFO - Processing /Users/judeezeh/Desktop/Zoomcamp-project/venv/lib/python3.11/site-packages/airflow/example_dags/subdags/subdag.py took 0.026 seconds
[2025-04-05T11:36:43.347+0100] {processor.py:161} INFO - Started process (PID=18618) to work on /Users/judeezeh/Desktop/Zoomcamp-project/venv/lib/python3.11/site-packages/airflow/example_dags/subdags/subdag.py
[2025-04-05T11:36:43.347+0100] {processor.py:830} INFO - Processing file /Users/judeezeh/Desktop/Zoomcamp-project/venv/lib/python3.11/site-packages/airflow/example_dags/subdags/subdag.py for tasks to queue
[2025-04-05T11:36:43.347+0100] {logging_mixin.py:188} INFO - [2025-04-05T11:36:43.347+0100] {dagbag.py:540} INFO - Filling up the DagBag from /Users/judeezeh/Desktop/Zoomcamp-project/venv/lib/python3.11/site-packages/airflow/example_dags/subdags/subdag.py
[2025-04-05T11:36:43.348+0100] {processor.py:842} WARNING - No viable dags retrieved from /Users/judeezeh/Desktop/Zoomcamp-project/venv/lib/python3.11/site-packages/airflow/example_dags/subdags/subdag.py
[2025-04-05T11:36:43.372+0100] {processor.py:183} INFO - Processing /Users/judeezeh/Desktop/Zoomcamp-project/venv/lib/python3.11/site-packages/airflow/example_dags/subdags/subdag.py took 0.026 seconds
[2025-04-05T11:37:35.638+0100] {processor.py:161} INFO - Started process (PID=18705) to work on /Users/judeezeh/Desktop/Zoomcamp-project/venv/lib/python3.11/site-packages/airflow/example_dags/subdags/subdag.py
[2025-04-05T11:37:35.638+0100] {processor.py:830} INFO - Processing file /Users/judeezeh/Desktop/Zoomcamp-project/venv/lib/python3.11/site-packages/airflow/example_dags/subdags/subdag.py for tasks to queue
[2025-04-05T11:37:35.639+0100] {logging_mixin.py:188} INFO - [2025-04-05T11:37:35.639+0100] {dagbag.py:540} INFO - Filling up the DagBag from /Users/judeezeh/Desktop/Zoomcamp-project/venv/lib/python3.11/site-packages/airflow/example_dags/subdags/subdag.py
[2025-04-05T11:37:35.640+0100] {processor.py:842} WARNING - No viable dags retrieved from /Users/judeezeh/Desktop/Zoomcamp-project/venv/lib/python3.11/site-packages/airflow/example_dags/subdags/subdag.py
[2025-04-05T11:37:35.664+0100] {processor.py:183} INFO - Processing /Users/judeezeh/Desktop/Zoomcamp-project/venv/lib/python3.11/site-packages/airflow/example_dags/subdags/subdag.py took 0.027 seconds
[2025-04-05T11:38:18.215+0100] {processor.py:161} INFO - Started process (PID=18756) to work on /Users/judeezeh/Desktop/Zoomcamp-project/venv/lib/python3.11/site-packages/airflow/example_dags/subdags/subdag.py
[2025-04-05T11:38:18.217+0100] {processor.py:830} INFO - Processing file /Users/judeezeh/Desktop/Zoomcamp-project/venv/lib/python3.11/site-packages/airflow/example_dags/subdags/subdag.py for tasks to queue
[2025-04-05T11:38:18.217+0100] {logging_mixin.py:188} INFO - [2025-04-05T11:38:18.217+0100] {dagbag.py:540} INFO - Filling up the DagBag from /Users/judeezeh/Desktop/Zoomcamp-project/venv/lib/python3.11/site-packages/airflow/example_dags/subdags/subdag.py
[2025-04-05T11:38:18.218+0100] {processor.py:842} WARNING - No viable dags retrieved from /Users/judeezeh/Desktop/Zoomcamp-project/venv/lib/python3.11/site-packages/airflow/example_dags/subdags/subdag.py
[2025-04-05T11:38:18.242+0100] {processor.py:183} INFO - Processing /Users/judeezeh/Desktop/Zoomcamp-project/venv/lib/python3.11/site-packages/airflow/example_dags/subdags/subdag.py took 0.028 seconds
[2025-04-05T11:39:37.650+0100] {processor.py:161} INFO - Started process (PID=18890) to work on /Users/judeezeh/Desktop/Zoomcamp-project/venv/lib/python3.11/site-packages/airflow/example_dags/subdags/subdag.py
[2025-04-05T11:39:37.650+0100] {processor.py:830} INFO - Processing file /Users/judeezeh/Desktop/Zoomcamp-project/venv/lib/python3.11/site-packages/airflow/example_dags/subdags/subdag.py for tasks to queue
[2025-04-05T11:39:37.651+0100] {logging_mixin.py:188} INFO - [2025-04-05T11:39:37.651+0100] {dagbag.py:540} INFO - Filling up the DagBag from /Users/judeezeh/Desktop/Zoomcamp-project/venv/lib/python3.11/site-packages/airflow/example_dags/subdags/subdag.py
[2025-04-05T11:39:37.651+0100] {processor.py:842} WARNING - No viable dags retrieved from /Users/judeezeh/Desktop/Zoomcamp-project/venv/lib/python3.11/site-packages/airflow/example_dags/subdags/subdag.py
[2025-04-05T11:39:37.675+0100] {processor.py:183} INFO - Processing /Users/judeezeh/Desktop/Zoomcamp-project/venv/lib/python3.11/site-packages/airflow/example_dags/subdags/subdag.py took 0.026 seconds
[2025-04-05T11:40:28.586+0100] {processor.py:161} INFO - Started process (PID=18983) to work on /Users/judeezeh/Desktop/Zoomcamp-project/venv/lib/python3.11/site-packages/airflow/example_dags/subdags/subdag.py
[2025-04-05T11:40:28.588+0100] {processor.py:830} INFO - Processing file /Users/judeezeh/Desktop/Zoomcamp-project/venv/lib/python3.11/site-packages/airflow/example_dags/subdags/subdag.py for tasks to queue
[2025-04-05T11:40:28.588+0100] {logging_mixin.py:188} INFO - [2025-04-05T11:40:28.588+0100] {dagbag.py:540} INFO - Filling up the DagBag from /Users/judeezeh/Desktop/Zoomcamp-project/venv/lib/python3.11/site-packages/airflow/example_dags/subdags/subdag.py
[2025-04-05T11:40:28.589+0100] {processor.py:842} WARNING - No viable dags retrieved from /Users/judeezeh/Desktop/Zoomcamp-project/venv/lib/python3.11/site-packages/airflow/example_dags/subdags/subdag.py
[2025-04-05T11:40:28.613+0100] {processor.py:183} INFO - Processing /Users/judeezeh/Desktop/Zoomcamp-project/venv/lib/python3.11/site-packages/airflow/example_dags/subdags/subdag.py took 0.028 seconds
[2025-04-05T11:41:15.001+0100] {processor.py:161} INFO - Started process (PID=19081) to work on /Users/judeezeh/Desktop/Zoomcamp-project/venv/lib/python3.11/site-packages/airflow/example_dags/subdags/subdag.py
[2025-04-05T11:41:15.002+0100] {processor.py:830} INFO - Processing file /Users/judeezeh/Desktop/Zoomcamp-project/venv/lib/python3.11/site-packages/airflow/example_dags/subdags/subdag.py for tasks to queue
[2025-04-05T11:41:15.002+0100] {logging_mixin.py:188} INFO - [2025-04-05T11:41:15.002+0100] {dagbag.py:540} INFO - Filling up the DagBag from /Users/judeezeh/Desktop/Zoomcamp-project/venv/lib/python3.11/site-packages/airflow/example_dags/subdags/subdag.py
[2025-04-05T11:41:15.003+0100] {processor.py:842} WARNING - No viable dags retrieved from /Users/judeezeh/Desktop/Zoomcamp-project/venv/lib/python3.11/site-packages/airflow/example_dags/subdags/subdag.py
[2025-04-05T11:41:15.026+0100] {processor.py:183} INFO - Processing /Users/judeezeh/Desktop/Zoomcamp-project/venv/lib/python3.11/site-packages/airflow/example_dags/subdags/subdag.py took 0.027 seconds
[2025-04-05T11:42:01.320+0100] {processor.py:161} INFO - Started process (PID=19150) to work on /Users/judeezeh/Desktop/Zoomcamp-project/venv/lib/python3.11/site-packages/airflow/example_dags/subdags/subdag.py
[2025-04-05T11:42:01.321+0100] {processor.py:830} INFO - Processing file /Users/judeezeh/Desktop/Zoomcamp-project/venv/lib/python3.11/site-packages/airflow/example_dags/subdags/subdag.py for tasks to queue
[2025-04-05T11:42:01.321+0100] {logging_mixin.py:188} INFO - [2025-04-05T11:42:01.321+0100] {dagbag.py:540} INFO - Filling up the DagBag from /Users/judeezeh/Desktop/Zoomcamp-project/venv/lib/python3.11/site-packages/airflow/example_dags/subdags/subdag.py
[2025-04-05T11:42:01.322+0100] {processor.py:842} WARNING - No viable dags retrieved from /Users/judeezeh/Desktop/Zoomcamp-project/venv/lib/python3.11/site-packages/airflow/example_dags/subdags/subdag.py
[2025-04-05T11:42:01.346+0100] {processor.py:183} INFO - Processing /Users/judeezeh/Desktop/Zoomcamp-project/venv/lib/python3.11/site-packages/airflow/example_dags/subdags/subdag.py took 0.027 seconds
