[2025-04-05T11:14:55.942+0100] {processor.py:161} INFO - Started process (PID=16685) to work on /Users/judeezeh/Desktop/Zoomcamp-project/venv/lib/python3.11/site-packages/airflow/example_dags/plugins/event_listener.py
[2025-04-05T11:14:55.942+0100] {processor.py:830} INFO - Processing file /Users/judeezeh/Desktop/Zoomcamp-project/venv/lib/python3.11/site-packages/airflow/example_dags/plugins/event_listener.py for tasks to queue
[2025-04-05T11:14:55.943+0100] {logging_mixin.py:188} INFO - [2025-04-05T11:14:55.943+0100] {dagbag.py:540} INFO - Filling up the DagBag from /Users/judeezeh/Desktop/Zoomcamp-project/venv/lib/python3.11/site-packages/airflow/example_dags/plugins/event_listener.py
[2025-04-05T11:14:55.943+0100] {processor.py:842} WARNING - No viable dags retrieved from /Users/judeezeh/Desktop/Zoomcamp-project/venv/lib/python3.11/site-packages/airflow/example_dags/plugins/event_listener.py
[2025-04-05T11:14:55.969+0100] {processor.py:183} INFO - Processing /Users/judeezeh/Desktop/Zoomcamp-project/venv/lib/python3.11/site-packages/airflow/example_dags/plugins/event_listener.py took 0.028 seconds
[2025-04-05T11:16:20.357+0100] {processor.py:161} INFO - Started process (PID=16817) to work on /Users/judeezeh/Desktop/Zoomcamp-project/venv/lib/python3.11/site-packages/airflow/example_dags/plugins/event_listener.py
[2025-04-05T11:16:20.358+0100] {processor.py:830} INFO - Processing file /Users/judeezeh/Desktop/Zoomcamp-project/venv/lib/python3.11/site-packages/airflow/example_dags/plugins/event_listener.py for tasks to queue
[2025-04-05T11:16:20.358+0100] {logging_mixin.py:188} INFO - [2025-04-05T11:16:20.358+0100] {dagbag.py:540} INFO - Filling up the DagBag from /Users/judeezeh/Desktop/Zoomcamp-project/venv/lib/python3.11/site-packages/airflow/example_dags/plugins/event_listener.py
[2025-04-05T11:16:20.358+0100] {processor.py:842} WARNING - No viable dags retrieved from /Users/judeezeh/Desktop/Zoomcamp-project/venv/lib/python3.11/site-packages/airflow/example_dags/plugins/event_listener.py
[2025-04-05T11:16:20.382+0100] {processor.py:183} INFO - Processing /Users/judeezeh/Desktop/Zoomcamp-project/venv/lib/python3.11/site-packages/airflow/example_dags/plugins/event_listener.py took 0.027 seconds
[2025-04-05T11:17:08.349+0100] {processor.py:161} INFO - Started process (PID=16888) to work on /Users/judeezeh/Desktop/Zoomcamp-project/venv/lib/python3.11/site-packages/airflow/example_dags/plugins/event_listener.py
[2025-04-05T11:17:08.350+0100] {processor.py:830} INFO - Processing file /Users/judeezeh/Desktop/Zoomcamp-project/venv/lib/python3.11/site-packages/airflow/example_dags/plugins/event_listener.py for tasks to queue
[2025-04-05T11:17:08.350+0100] {logging_mixin.py:188} INFO - [2025-04-05T11:17:08.350+0100] {dagbag.py:540} INFO - Filling up the DagBag from /Users/judeezeh/Desktop/Zoomcamp-project/venv/lib/python3.11/site-packages/airflow/example_dags/plugins/event_listener.py
[2025-04-05T11:17:08.350+0100] {processor.py:842} WARNING - No viable dags retrieved from /Users/judeezeh/Desktop/Zoomcamp-project/venv/lib/python3.11/site-packages/airflow/example_dags/plugins/event_listener.py
[2025-04-05T11:17:08.374+0100] {processor.py:183} INFO - Processing /Users/judeezeh/Desktop/Zoomcamp-project/venv/lib/python3.11/site-packages/airflow/example_dags/plugins/event_listener.py took 0.026 seconds
[2025-04-05T11:17:51.026+0100] {processor.py:161} INFO - Started process (PID=16951) to work on /Users/judeezeh/Desktop/Zoomcamp-project/venv/lib/python3.11/site-packages/airflow/example_dags/plugins/event_listener.py
[2025-04-05T11:17:51.027+0100] {processor.py:830} INFO - Processing file /Users/judeezeh/Desktop/Zoomcamp-project/venv/lib/python3.11/site-packages/airflow/example_dags/plugins/event_listener.py for tasks to queue
[2025-04-05T11:17:51.027+0100] {logging_mixin.py:188} INFO - [2025-04-05T11:17:51.027+0100] {dagbag.py:540} INFO - Filling up the DagBag from /Users/judeezeh/Desktop/Zoomcamp-project/venv/lib/python3.11/site-packages/airflow/example_dags/plugins/event_listener.py
[2025-04-05T11:17:51.027+0100] {processor.py:842} WARNING - No viable dags retrieved from /Users/judeezeh/Desktop/Zoomcamp-project/venv/lib/python3.11/site-packages/airflow/example_dags/plugins/event_listener.py
[2025-04-05T11:17:51.051+0100] {processor.py:183} INFO - Processing /Users/judeezeh/Desktop/Zoomcamp-project/venv/lib/python3.11/site-packages/airflow/example_dags/plugins/event_listener.py took 0.027 seconds
[2025-04-05T11:18:38.766+0100] {processor.py:161} INFO - Started process (PID=17032) to work on /Users/judeezeh/Desktop/Zoomcamp-project/venv/lib/python3.11/site-packages/airflow/example_dags/plugins/event_listener.py
[2025-04-05T11:18:38.766+0100] {processor.py:830} INFO - Processing file /Users/judeezeh/Desktop/Zoomcamp-project/venv/lib/python3.11/site-packages/airflow/example_dags/plugins/event_listener.py for tasks to queue
[2025-04-05T11:18:38.767+0100] {logging_mixin.py:188} INFO - [2025-04-05T11:18:38.767+0100] {dagbag.py:540} INFO - Filling up the DagBag from /Users/judeezeh/Desktop/Zoomcamp-project/venv/lib/python3.11/site-packages/airflow/example_dags/plugins/event_listener.py
[2025-04-05T11:18:38.767+0100] {processor.py:842} WARNING - No viable dags retrieved from /Users/judeezeh/Desktop/Zoomcamp-project/venv/lib/python3.11/site-packages/airflow/example_dags/plugins/event_listener.py
[2025-04-05T11:18:38.791+0100] {processor.py:183} INFO - Processing /Users/judeezeh/Desktop/Zoomcamp-project/venv/lib/python3.11/site-packages/airflow/example_dags/plugins/event_listener.py took 0.026 seconds
[2025-04-05T11:18:59.638+0100] {processor.py:161} INFO - Started process (PID=17080) to work on /Users/judeezeh/Desktop/Zoomcamp-project/venv/lib/python3.11/site-packages/airflow/example_dags/plugins/event_listener.py
[2025-04-05T11:18:59.639+0100] {processor.py:830} INFO - Processing file /Users/judeezeh/Desktop/Zoomcamp-project/venv/lib/python3.11/site-packages/airflow/example_dags/plugins/event_listener.py for tasks to queue
[2025-04-05T11:18:59.639+0100] {logging_mixin.py:188} INFO - [2025-04-05T11:18:59.639+0100] {dagbag.py:540} INFO - Filling up the DagBag from /Users/judeezeh/Desktop/Zoomcamp-project/venv/lib/python3.11/site-packages/airflow/example_dags/plugins/event_listener.py
[2025-04-05T11:18:59.639+0100] {processor.py:842} WARNING - No viable dags retrieved from /Users/judeezeh/Desktop/Zoomcamp-project/venv/lib/python3.11/site-packages/airflow/example_dags/plugins/event_listener.py
[2025-04-05T11:18:59.669+0100] {processor.py:183} INFO - Processing /Users/judeezeh/Desktop/Zoomcamp-project/venv/lib/python3.11/site-packages/airflow/example_dags/plugins/event_listener.py took 0.032 seconds
[2025-04-05T11:20:21.400+0100] {processor.py:161} INFO - Started process (PID=17208) to work on /Users/judeezeh/Desktop/Zoomcamp-project/venv/lib/python3.11/site-packages/airflow/example_dags/plugins/event_listener.py
[2025-04-05T11:20:21.401+0100] {processor.py:830} INFO - Processing file /Users/judeezeh/Desktop/Zoomcamp-project/venv/lib/python3.11/site-packages/airflow/example_dags/plugins/event_listener.py for tasks to queue
[2025-04-05T11:20:21.401+0100] {logging_mixin.py:188} INFO - [2025-04-05T11:20:21.401+0100] {dagbag.py:540} INFO - Filling up the DagBag from /Users/judeezeh/Desktop/Zoomcamp-project/venv/lib/python3.11/site-packages/airflow/example_dags/plugins/event_listener.py
[2025-04-05T11:20:21.402+0100] {processor.py:842} WARNING - No viable dags retrieved from /Users/judeezeh/Desktop/Zoomcamp-project/venv/lib/python3.11/site-packages/airflow/example_dags/plugins/event_listener.py
[2025-04-05T11:20:21.426+0100] {processor.py:183} INFO - Processing /Users/judeezeh/Desktop/Zoomcamp-project/venv/lib/python3.11/site-packages/airflow/example_dags/plugins/event_listener.py took 0.027 seconds
[2025-04-05T11:21:18.894+0100] {processor.py:161} INFO - Started process (PID=17291) to work on /Users/judeezeh/Desktop/Zoomcamp-project/venv/lib/python3.11/site-packages/airflow/example_dags/plugins/event_listener.py
[2025-04-05T11:21:18.894+0100] {processor.py:830} INFO - Processing file /Users/judeezeh/Desktop/Zoomcamp-project/venv/lib/python3.11/site-packages/airflow/example_dags/plugins/event_listener.py for tasks to queue
[2025-04-05T11:21:18.895+0100] {logging_mixin.py:188} INFO - [2025-04-05T11:21:18.895+0100] {dagbag.py:540} INFO - Filling up the DagBag from /Users/judeezeh/Desktop/Zoomcamp-project/venv/lib/python3.11/site-packages/airflow/example_dags/plugins/event_listener.py
[2025-04-05T11:21:18.895+0100] {processor.py:842} WARNING - No viable dags retrieved from /Users/judeezeh/Desktop/Zoomcamp-project/venv/lib/python3.11/site-packages/airflow/example_dags/plugins/event_listener.py
[2025-04-05T11:21:18.919+0100] {processor.py:183} INFO - Processing /Users/judeezeh/Desktop/Zoomcamp-project/venv/lib/python3.11/site-packages/airflow/example_dags/plugins/event_listener.py took 0.026 seconds
[2025-04-05T11:22:17.347+0100] {processor.py:161} INFO - Started process (PID=17374) to work on /Users/judeezeh/Desktop/Zoomcamp-project/venv/lib/python3.11/site-packages/airflow/example_dags/plugins/event_listener.py
[2025-04-05T11:22:17.348+0100] {processor.py:830} INFO - Processing file /Users/judeezeh/Desktop/Zoomcamp-project/venv/lib/python3.11/site-packages/airflow/example_dags/plugins/event_listener.py for tasks to queue
[2025-04-05T11:22:17.348+0100] {logging_mixin.py:188} INFO - [2025-04-05T11:22:17.348+0100] {dagbag.py:540} INFO - Filling up the DagBag from /Users/judeezeh/Desktop/Zoomcamp-project/venv/lib/python3.11/site-packages/airflow/example_dags/plugins/event_listener.py
[2025-04-05T11:22:17.348+0100] {processor.py:842} WARNING - No viable dags retrieved from /Users/judeezeh/Desktop/Zoomcamp-project/venv/lib/python3.11/site-packages/airflow/example_dags/plugins/event_listener.py
[2025-04-05T11:22:17.372+0100] {processor.py:183} INFO - Processing /Users/judeezeh/Desktop/Zoomcamp-project/venv/lib/python3.11/site-packages/airflow/example_dags/plugins/event_listener.py took 0.026 seconds
[2025-04-05T11:23:06.613+0100] {processor.py:161} INFO - Started process (PID=17449) to work on /Users/judeezeh/Desktop/Zoomcamp-project/venv/lib/python3.11/site-packages/airflow/example_dags/plugins/event_listener.py
[2025-04-05T11:23:06.615+0100] {processor.py:830} INFO - Processing file /Users/judeezeh/Desktop/Zoomcamp-project/venv/lib/python3.11/site-packages/airflow/example_dags/plugins/event_listener.py for tasks to queue
[2025-04-05T11:23:06.615+0100] {logging_mixin.py:188} INFO - [2025-04-05T11:23:06.615+0100] {dagbag.py:540} INFO - Filling up the DagBag from /Users/judeezeh/Desktop/Zoomcamp-project/venv/lib/python3.11/site-packages/airflow/example_dags/plugins/event_listener.py
[2025-04-05T11:23:06.616+0100] {processor.py:842} WARNING - No viable dags retrieved from /Users/judeezeh/Desktop/Zoomcamp-project/venv/lib/python3.11/site-packages/airflow/example_dags/plugins/event_listener.py
[2025-04-05T11:23:06.640+0100] {processor.py:183} INFO - Processing /Users/judeezeh/Desktop/Zoomcamp-project/venv/lib/python3.11/site-packages/airflow/example_dags/plugins/event_listener.py took 0.027 seconds
[2025-04-05T11:23:54.500+0100] {processor.py:161} INFO - Started process (PID=17516) to work on /Users/judeezeh/Desktop/Zoomcamp-project/venv/lib/python3.11/site-packages/airflow/example_dags/plugins/event_listener.py
[2025-04-05T11:23:54.501+0100] {processor.py:830} INFO - Processing file /Users/judeezeh/Desktop/Zoomcamp-project/venv/lib/python3.11/site-packages/airflow/example_dags/plugins/event_listener.py for tasks to queue
[2025-04-05T11:23:54.501+0100] {logging_mixin.py:188} INFO - [2025-04-05T11:23:54.501+0100] {dagbag.py:540} INFO - Filling up the DagBag from /Users/judeezeh/Desktop/Zoomcamp-project/venv/lib/python3.11/site-packages/airflow/example_dags/plugins/event_listener.py
[2025-04-05T11:23:54.502+0100] {processor.py:842} WARNING - No viable dags retrieved from /Users/judeezeh/Desktop/Zoomcamp-project/venv/lib/python3.11/site-packages/airflow/example_dags/plugins/event_listener.py
[2025-04-05T11:23:54.526+0100] {processor.py:183} INFO - Processing /Users/judeezeh/Desktop/Zoomcamp-project/venv/lib/python3.11/site-packages/airflow/example_dags/plugins/event_listener.py took 0.027 seconds
[2025-04-05T11:24:46.529+0100] {processor.py:161} INFO - Started process (PID=17584) to work on /Users/judeezeh/Desktop/Zoomcamp-project/venv/lib/python3.11/site-packages/airflow/example_dags/plugins/event_listener.py
[2025-04-05T11:24:46.530+0100] {processor.py:830} INFO - Processing file /Users/judeezeh/Desktop/Zoomcamp-project/venv/lib/python3.11/site-packages/airflow/example_dags/plugins/event_listener.py for tasks to queue
[2025-04-05T11:24:46.530+0100] {logging_mixin.py:188} INFO - [2025-04-05T11:24:46.530+0100] {dagbag.py:540} INFO - Filling up the DagBag from /Users/judeezeh/Desktop/Zoomcamp-project/venv/lib/python3.11/site-packages/airflow/example_dags/plugins/event_listener.py
[2025-04-05T11:24:46.531+0100] {processor.py:842} WARNING - No viable dags retrieved from /Users/judeezeh/Desktop/Zoomcamp-project/venv/lib/python3.11/site-packages/airflow/example_dags/plugins/event_listener.py
[2025-04-05T11:24:46.555+0100] {processor.py:183} INFO - Processing /Users/judeezeh/Desktop/Zoomcamp-project/venv/lib/python3.11/site-packages/airflow/example_dags/plugins/event_listener.py took 0.027 seconds
[2025-04-05T11:25:36.916+0100] {processor.py:161} INFO - Started process (PID=17654) to work on /Users/judeezeh/Desktop/Zoomcamp-project/venv/lib/python3.11/site-packages/airflow/example_dags/plugins/event_listener.py
[2025-04-05T11:25:36.917+0100] {processor.py:830} INFO - Processing file /Users/judeezeh/Desktop/Zoomcamp-project/venv/lib/python3.11/site-packages/airflow/example_dags/plugins/event_listener.py for tasks to queue
[2025-04-05T11:25:36.917+0100] {logging_mixin.py:188} INFO - [2025-04-05T11:25:36.917+0100] {dagbag.py:540} INFO - Filling up the DagBag from /Users/judeezeh/Desktop/Zoomcamp-project/venv/lib/python3.11/site-packages/airflow/example_dags/plugins/event_listener.py
[2025-04-05T11:25:36.917+0100] {processor.py:842} WARNING - No viable dags retrieved from /Users/judeezeh/Desktop/Zoomcamp-project/venv/lib/python3.11/site-packages/airflow/example_dags/plugins/event_listener.py
[2025-04-05T11:25:36.941+0100] {processor.py:183} INFO - Processing /Users/judeezeh/Desktop/Zoomcamp-project/venv/lib/python3.11/site-packages/airflow/example_dags/plugins/event_listener.py took 0.027 seconds
[2025-04-05T11:26:22.986+0100] {processor.py:161} INFO - Started process (PID=17724) to work on /Users/judeezeh/Desktop/Zoomcamp-project/venv/lib/python3.11/site-packages/airflow/example_dags/plugins/event_listener.py
[2025-04-05T11:26:22.988+0100] {processor.py:830} INFO - Processing file /Users/judeezeh/Desktop/Zoomcamp-project/venv/lib/python3.11/site-packages/airflow/example_dags/plugins/event_listener.py for tasks to queue
[2025-04-05T11:26:22.988+0100] {logging_mixin.py:188} INFO - [2025-04-05T11:26:22.988+0100] {dagbag.py:540} INFO - Filling up the DagBag from /Users/judeezeh/Desktop/Zoomcamp-project/venv/lib/python3.11/site-packages/airflow/example_dags/plugins/event_listener.py
[2025-04-05T11:26:22.988+0100] {processor.py:842} WARNING - No viable dags retrieved from /Users/judeezeh/Desktop/Zoomcamp-project/venv/lib/python3.11/site-packages/airflow/example_dags/plugins/event_listener.py
[2025-04-05T11:26:23.013+0100] {processor.py:183} INFO - Processing /Users/judeezeh/Desktop/Zoomcamp-project/venv/lib/python3.11/site-packages/airflow/example_dags/plugins/event_listener.py took 0.028 seconds
[2025-04-05T11:27:14.403+0100] {processor.py:161} INFO - Started process (PID=17806) to work on /Users/judeezeh/Desktop/Zoomcamp-project/venv/lib/python3.11/site-packages/airflow/example_dags/plugins/event_listener.py
[2025-04-05T11:27:14.405+0100] {processor.py:830} INFO - Processing file /Users/judeezeh/Desktop/Zoomcamp-project/venv/lib/python3.11/site-packages/airflow/example_dags/plugins/event_listener.py for tasks to queue
[2025-04-05T11:27:14.405+0100] {logging_mixin.py:188} INFO - [2025-04-05T11:27:14.405+0100] {dagbag.py:540} INFO - Filling up the DagBag from /Users/judeezeh/Desktop/Zoomcamp-project/venv/lib/python3.11/site-packages/airflow/example_dags/plugins/event_listener.py
[2025-04-05T11:27:14.405+0100] {processor.py:842} WARNING - No viable dags retrieved from /Users/judeezeh/Desktop/Zoomcamp-project/venv/lib/python3.11/site-packages/airflow/example_dags/plugins/event_listener.py
[2025-04-05T11:27:14.429+0100] {processor.py:183} INFO - Processing /Users/judeezeh/Desktop/Zoomcamp-project/venv/lib/python3.11/site-packages/airflow/example_dags/plugins/event_listener.py took 0.027 seconds
[2025-04-05T11:28:10.106+0100] {processor.py:161} INFO - Started process (PID=17875) to work on /Users/judeezeh/Desktop/Zoomcamp-project/venv/lib/python3.11/site-packages/airflow/example_dags/plugins/event_listener.py
[2025-04-05T11:28:10.106+0100] {processor.py:830} INFO - Processing file /Users/judeezeh/Desktop/Zoomcamp-project/venv/lib/python3.11/site-packages/airflow/example_dags/plugins/event_listener.py for tasks to queue
[2025-04-05T11:28:10.106+0100] {logging_mixin.py:188} INFO - [2025-04-05T11:28:10.106+0100] {dagbag.py:540} INFO - Filling up the DagBag from /Users/judeezeh/Desktop/Zoomcamp-project/venv/lib/python3.11/site-packages/airflow/example_dags/plugins/event_listener.py
[2025-04-05T11:28:10.107+0100] {processor.py:842} WARNING - No viable dags retrieved from /Users/judeezeh/Desktop/Zoomcamp-project/venv/lib/python3.11/site-packages/airflow/example_dags/plugins/event_listener.py
[2025-04-05T11:28:10.132+0100] {processor.py:183} INFO - Processing /Users/judeezeh/Desktop/Zoomcamp-project/venv/lib/python3.11/site-packages/airflow/example_dags/plugins/event_listener.py took 0.028 seconds
[2025-04-05T11:29:05.500+0100] {processor.py:161} INFO - Started process (PID=17961) to work on /Users/judeezeh/Desktop/Zoomcamp-project/venv/lib/python3.11/site-packages/airflow/example_dags/plugins/event_listener.py
[2025-04-05T11:29:05.501+0100] {processor.py:830} INFO - Processing file /Users/judeezeh/Desktop/Zoomcamp-project/venv/lib/python3.11/site-packages/airflow/example_dags/plugins/event_listener.py for tasks to queue
[2025-04-05T11:29:05.501+0100] {logging_mixin.py:188} INFO - [2025-04-05T11:29:05.501+0100] {dagbag.py:540} INFO - Filling up the DagBag from /Users/judeezeh/Desktop/Zoomcamp-project/venv/lib/python3.11/site-packages/airflow/example_dags/plugins/event_listener.py
[2025-04-05T11:29:05.501+0100] {processor.py:842} WARNING - No viable dags retrieved from /Users/judeezeh/Desktop/Zoomcamp-project/venv/lib/python3.11/site-packages/airflow/example_dags/plugins/event_listener.py
[2025-04-05T11:29:05.526+0100] {processor.py:183} INFO - Processing /Users/judeezeh/Desktop/Zoomcamp-project/venv/lib/python3.11/site-packages/airflow/example_dags/plugins/event_listener.py took 0.027 seconds
[2025-04-05T11:30:01.235+0100] {processor.py:161} INFO - Started process (PID=18031) to work on /Users/judeezeh/Desktop/Zoomcamp-project/venv/lib/python3.11/site-packages/airflow/example_dags/plugins/event_listener.py
[2025-04-05T11:30:01.236+0100] {processor.py:830} INFO - Processing file /Users/judeezeh/Desktop/Zoomcamp-project/venv/lib/python3.11/site-packages/airflow/example_dags/plugins/event_listener.py for tasks to queue
[2025-04-05T11:30:01.236+0100] {logging_mixin.py:188} INFO - [2025-04-05T11:30:01.236+0100] {dagbag.py:540} INFO - Filling up the DagBag from /Users/judeezeh/Desktop/Zoomcamp-project/venv/lib/python3.11/site-packages/airflow/example_dags/plugins/event_listener.py
[2025-04-05T11:30:01.236+0100] {processor.py:842} WARNING - No viable dags retrieved from /Users/judeezeh/Desktop/Zoomcamp-project/venv/lib/python3.11/site-packages/airflow/example_dags/plugins/event_listener.py
[2025-04-05T11:30:01.261+0100] {processor.py:183} INFO - Processing /Users/judeezeh/Desktop/Zoomcamp-project/venv/lib/python3.11/site-packages/airflow/example_dags/plugins/event_listener.py took 0.026 seconds
[2025-04-05T11:30:54.778+0100] {processor.py:161} INFO - Started process (PID=18113) to work on /Users/judeezeh/Desktop/Zoomcamp-project/venv/lib/python3.11/site-packages/airflow/example_dags/plugins/event_listener.py
[2025-04-05T11:30:54.778+0100] {processor.py:830} INFO - Processing file /Users/judeezeh/Desktop/Zoomcamp-project/venv/lib/python3.11/site-packages/airflow/example_dags/plugins/event_listener.py for tasks to queue
[2025-04-05T11:30:54.778+0100] {logging_mixin.py:188} INFO - [2025-04-05T11:30:54.778+0100] {dagbag.py:540} INFO - Filling up the DagBag from /Users/judeezeh/Desktop/Zoomcamp-project/venv/lib/python3.11/site-packages/airflow/example_dags/plugins/event_listener.py
[2025-04-05T11:30:54.779+0100] {processor.py:842} WARNING - No viable dags retrieved from /Users/judeezeh/Desktop/Zoomcamp-project/venv/lib/python3.11/site-packages/airflow/example_dags/plugins/event_listener.py
[2025-04-05T11:30:54.803+0100] {processor.py:183} INFO - Processing /Users/judeezeh/Desktop/Zoomcamp-project/venv/lib/python3.11/site-packages/airflow/example_dags/plugins/event_listener.py took 0.027 seconds
[2025-04-05T11:31:42.144+0100] {processor.py:161} INFO - Started process (PID=18184) to work on /Users/judeezeh/Desktop/Zoomcamp-project/venv/lib/python3.11/site-packages/airflow/example_dags/plugins/event_listener.py
[2025-04-05T11:31:42.144+0100] {processor.py:830} INFO - Processing file /Users/judeezeh/Desktop/Zoomcamp-project/venv/lib/python3.11/site-packages/airflow/example_dags/plugins/event_listener.py for tasks to queue
[2025-04-05T11:31:42.144+0100] {logging_mixin.py:188} INFO - [2025-04-05T11:31:42.144+0100] {dagbag.py:540} INFO - Filling up the DagBag from /Users/judeezeh/Desktop/Zoomcamp-project/venv/lib/python3.11/site-packages/airflow/example_dags/plugins/event_listener.py
[2025-04-05T11:31:42.144+0100] {processor.py:842} WARNING - No viable dags retrieved from /Users/judeezeh/Desktop/Zoomcamp-project/venv/lib/python3.11/site-packages/airflow/example_dags/plugins/event_listener.py
[2025-04-05T11:31:42.168+0100] {processor.py:183} INFO - Processing /Users/judeezeh/Desktop/Zoomcamp-project/venv/lib/python3.11/site-packages/airflow/example_dags/plugins/event_listener.py took 0.026 seconds
[2025-04-05T11:32:33.107+0100] {processor.py:161} INFO - Started process (PID=18263) to work on /Users/judeezeh/Desktop/Zoomcamp-project/venv/lib/python3.11/site-packages/airflow/example_dags/plugins/event_listener.py
[2025-04-05T11:32:33.107+0100] {processor.py:830} INFO - Processing file /Users/judeezeh/Desktop/Zoomcamp-project/venv/lib/python3.11/site-packages/airflow/example_dags/plugins/event_listener.py for tasks to queue
[2025-04-05T11:32:33.108+0100] {logging_mixin.py:188} INFO - [2025-04-05T11:32:33.107+0100] {dagbag.py:540} INFO - Filling up the DagBag from /Users/judeezeh/Desktop/Zoomcamp-project/venv/lib/python3.11/site-packages/airflow/example_dags/plugins/event_listener.py
[2025-04-05T11:32:33.108+0100] {processor.py:842} WARNING - No viable dags retrieved from /Users/judeezeh/Desktop/Zoomcamp-project/venv/lib/python3.11/site-packages/airflow/example_dags/plugins/event_listener.py
[2025-04-05T11:32:33.132+0100] {processor.py:183} INFO - Processing /Users/judeezeh/Desktop/Zoomcamp-project/venv/lib/python3.11/site-packages/airflow/example_dags/plugins/event_listener.py took 0.026 seconds
[2025-04-05T11:33:24.673+0100] {processor.py:161} INFO - Started process (PID=18333) to work on /Users/judeezeh/Desktop/Zoomcamp-project/venv/lib/python3.11/site-packages/airflow/example_dags/plugins/event_listener.py
[2025-04-05T11:33:24.674+0100] {processor.py:830} INFO - Processing file /Users/judeezeh/Desktop/Zoomcamp-project/venv/lib/python3.11/site-packages/airflow/example_dags/plugins/event_listener.py for tasks to queue
[2025-04-05T11:33:24.674+0100] {logging_mixin.py:188} INFO - [2025-04-05T11:33:24.674+0100] {dagbag.py:540} INFO - Filling up the DagBag from /Users/judeezeh/Desktop/Zoomcamp-project/venv/lib/python3.11/site-packages/airflow/example_dags/plugins/event_listener.py
[2025-04-05T11:33:24.674+0100] {processor.py:842} WARNING - No viable dags retrieved from /Users/judeezeh/Desktop/Zoomcamp-project/venv/lib/python3.11/site-packages/airflow/example_dags/plugins/event_listener.py
[2025-04-05T11:33:24.699+0100] {processor.py:183} INFO - Processing /Users/judeezeh/Desktop/Zoomcamp-project/venv/lib/python3.11/site-packages/airflow/example_dags/plugins/event_listener.py took 0.027 seconds
[2025-04-05T11:34:19.309+0100] {processor.py:161} INFO - Started process (PID=18413) to work on /Users/judeezeh/Desktop/Zoomcamp-project/venv/lib/python3.11/site-packages/airflow/example_dags/plugins/event_listener.py
[2025-04-05T11:34:19.310+0100] {processor.py:830} INFO - Processing file /Users/judeezeh/Desktop/Zoomcamp-project/venv/lib/python3.11/site-packages/airflow/example_dags/plugins/event_listener.py for tasks to queue
[2025-04-05T11:34:19.310+0100] {logging_mixin.py:188} INFO - [2025-04-05T11:34:19.310+0100] {dagbag.py:540} INFO - Filling up the DagBag from /Users/judeezeh/Desktop/Zoomcamp-project/venv/lib/python3.11/site-packages/airflow/example_dags/plugins/event_listener.py
[2025-04-05T11:34:19.311+0100] {processor.py:842} WARNING - No viable dags retrieved from /Users/judeezeh/Desktop/Zoomcamp-project/venv/lib/python3.11/site-packages/airflow/example_dags/plugins/event_listener.py
[2025-04-05T11:34:19.336+0100] {processor.py:183} INFO - Processing /Users/judeezeh/Desktop/Zoomcamp-project/venv/lib/python3.11/site-packages/airflow/example_dags/plugins/event_listener.py took 0.028 seconds
[2025-04-05T11:35:06.955+0100] {processor.py:161} INFO - Started process (PID=18482) to work on /Users/judeezeh/Desktop/Zoomcamp-project/venv/lib/python3.11/site-packages/airflow/example_dags/plugins/event_listener.py
[2025-04-05T11:35:06.955+0100] {processor.py:830} INFO - Processing file /Users/judeezeh/Desktop/Zoomcamp-project/venv/lib/python3.11/site-packages/airflow/example_dags/plugins/event_listener.py for tasks to queue
[2025-04-05T11:35:06.955+0100] {logging_mixin.py:188} INFO - [2025-04-05T11:35:06.955+0100] {dagbag.py:540} INFO - Filling up the DagBag from /Users/judeezeh/Desktop/Zoomcamp-project/venv/lib/python3.11/site-packages/airflow/example_dags/plugins/event_listener.py
[2025-04-05T11:35:06.955+0100] {processor.py:842} WARNING - No viable dags retrieved from /Users/judeezeh/Desktop/Zoomcamp-project/venv/lib/python3.11/site-packages/airflow/example_dags/plugins/event_listener.py
[2025-04-05T11:35:06.980+0100] {processor.py:183} INFO - Processing /Users/judeezeh/Desktop/Zoomcamp-project/venv/lib/python3.11/site-packages/airflow/example_dags/plugins/event_listener.py took 0.027 seconds
[2025-04-05T11:35:53.719+0100] {processor.py:161} INFO - Started process (PID=18545) to work on /Users/judeezeh/Desktop/Zoomcamp-project/venv/lib/python3.11/site-packages/airflow/example_dags/plugins/event_listener.py
[2025-04-05T11:35:53.720+0100] {processor.py:830} INFO - Processing file /Users/judeezeh/Desktop/Zoomcamp-project/venv/lib/python3.11/site-packages/airflow/example_dags/plugins/event_listener.py for tasks to queue
[2025-04-05T11:35:53.721+0100] {logging_mixin.py:188} INFO - [2025-04-05T11:35:53.721+0100] {dagbag.py:540} INFO - Filling up the DagBag from /Users/judeezeh/Desktop/Zoomcamp-project/venv/lib/python3.11/site-packages/airflow/example_dags/plugins/event_listener.py
[2025-04-05T11:35:53.721+0100] {processor.py:842} WARNING - No viable dags retrieved from /Users/judeezeh/Desktop/Zoomcamp-project/venv/lib/python3.11/site-packages/airflow/example_dags/plugins/event_listener.py
[2025-04-05T11:35:53.746+0100] {processor.py:183} INFO - Processing /Users/judeezeh/Desktop/Zoomcamp-project/venv/lib/python3.11/site-packages/airflow/example_dags/plugins/event_listener.py took 0.027 seconds
[2025-04-05T11:36:48.355+0100] {processor.py:161} INFO - Started process (PID=18625) to work on /Users/judeezeh/Desktop/Zoomcamp-project/venv/lib/python3.11/site-packages/airflow/example_dags/plugins/event_listener.py
[2025-04-05T11:36:48.355+0100] {processor.py:830} INFO - Processing file /Users/judeezeh/Desktop/Zoomcamp-project/venv/lib/python3.11/site-packages/airflow/example_dags/plugins/event_listener.py for tasks to queue
[2025-04-05T11:36:48.355+0100] {logging_mixin.py:188} INFO - [2025-04-05T11:36:48.355+0100] {dagbag.py:540} INFO - Filling up the DagBag from /Users/judeezeh/Desktop/Zoomcamp-project/venv/lib/python3.11/site-packages/airflow/example_dags/plugins/event_listener.py
[2025-04-05T11:36:48.356+0100] {processor.py:842} WARNING - No viable dags retrieved from /Users/judeezeh/Desktop/Zoomcamp-project/venv/lib/python3.11/site-packages/airflow/example_dags/plugins/event_listener.py
[2025-04-05T11:36:48.380+0100] {processor.py:183} INFO - Processing /Users/judeezeh/Desktop/Zoomcamp-project/venv/lib/python3.11/site-packages/airflow/example_dags/plugins/event_listener.py took 0.027 seconds
[2025-04-05T11:37:40.667+0100] {processor.py:161} INFO - Started process (PID=18711) to work on /Users/judeezeh/Desktop/Zoomcamp-project/venv/lib/python3.11/site-packages/airflow/example_dags/plugins/event_listener.py
[2025-04-05T11:37:40.668+0100] {processor.py:830} INFO - Processing file /Users/judeezeh/Desktop/Zoomcamp-project/venv/lib/python3.11/site-packages/airflow/example_dags/plugins/event_listener.py for tasks to queue
[2025-04-05T11:37:40.668+0100] {logging_mixin.py:188} INFO - [2025-04-05T11:37:40.668+0100] {dagbag.py:540} INFO - Filling up the DagBag from /Users/judeezeh/Desktop/Zoomcamp-project/venv/lib/python3.11/site-packages/airflow/example_dags/plugins/event_listener.py
[2025-04-05T11:37:40.668+0100] {processor.py:842} WARNING - No viable dags retrieved from /Users/judeezeh/Desktop/Zoomcamp-project/venv/lib/python3.11/site-packages/airflow/example_dags/plugins/event_listener.py
[2025-04-05T11:37:40.692+0100] {processor.py:183} INFO - Processing /Users/judeezeh/Desktop/Zoomcamp-project/venv/lib/python3.11/site-packages/airflow/example_dags/plugins/event_listener.py took 0.027 seconds
[2025-04-05T11:38:22.744+0100] {processor.py:161} INFO - Started process (PID=18762) to work on /Users/judeezeh/Desktop/Zoomcamp-project/venv/lib/python3.11/site-packages/airflow/example_dags/plugins/event_listener.py
[2025-04-05T11:38:22.745+0100] {processor.py:830} INFO - Processing file /Users/judeezeh/Desktop/Zoomcamp-project/venv/lib/python3.11/site-packages/airflow/example_dags/plugins/event_listener.py for tasks to queue
[2025-04-05T11:38:22.745+0100] {logging_mixin.py:188} INFO - [2025-04-05T11:38:22.745+0100] {dagbag.py:540} INFO - Filling up the DagBag from /Users/judeezeh/Desktop/Zoomcamp-project/venv/lib/python3.11/site-packages/airflow/example_dags/plugins/event_listener.py
[2025-04-05T11:38:22.745+0100] {processor.py:842} WARNING - No viable dags retrieved from /Users/judeezeh/Desktop/Zoomcamp-project/venv/lib/python3.11/site-packages/airflow/example_dags/plugins/event_listener.py
[2025-04-05T11:38:22.770+0100] {processor.py:183} INFO - Processing /Users/judeezeh/Desktop/Zoomcamp-project/venv/lib/python3.11/site-packages/airflow/example_dags/plugins/event_listener.py took 0.027 seconds
[2025-04-05T11:39:41.623+0100] {processor.py:161} INFO - Started process (PID=18896) to work on /Users/judeezeh/Desktop/Zoomcamp-project/venv/lib/python3.11/site-packages/airflow/example_dags/plugins/event_listener.py
[2025-04-05T11:39:41.624+0100] {processor.py:830} INFO - Processing file /Users/judeezeh/Desktop/Zoomcamp-project/venv/lib/python3.11/site-packages/airflow/example_dags/plugins/event_listener.py for tasks to queue
[2025-04-05T11:39:41.624+0100] {logging_mixin.py:188} INFO - [2025-04-05T11:39:41.624+0100] {dagbag.py:540} INFO - Filling up the DagBag from /Users/judeezeh/Desktop/Zoomcamp-project/venv/lib/python3.11/site-packages/airflow/example_dags/plugins/event_listener.py
[2025-04-05T11:39:41.624+0100] {processor.py:842} WARNING - No viable dags retrieved from /Users/judeezeh/Desktop/Zoomcamp-project/venv/lib/python3.11/site-packages/airflow/example_dags/plugins/event_listener.py
[2025-04-05T11:39:41.648+0100] {processor.py:183} INFO - Processing /Users/judeezeh/Desktop/Zoomcamp-project/venv/lib/python3.11/site-packages/airflow/example_dags/plugins/event_listener.py took 0.026 seconds
[2025-04-05T11:40:33.646+0100] {processor.py:161} INFO - Started process (PID=19008) to work on /Users/judeezeh/Desktop/Zoomcamp-project/venv/lib/python3.11/site-packages/airflow/example_dags/plugins/event_listener.py
[2025-04-05T11:40:33.647+0100] {processor.py:830} INFO - Processing file /Users/judeezeh/Desktop/Zoomcamp-project/venv/lib/python3.11/site-packages/airflow/example_dags/plugins/event_listener.py for tasks to queue
[2025-04-05T11:40:33.647+0100] {logging_mixin.py:188} INFO - [2025-04-05T11:40:33.647+0100] {dagbag.py:540} INFO - Filling up the DagBag from /Users/judeezeh/Desktop/Zoomcamp-project/venv/lib/python3.11/site-packages/airflow/example_dags/plugins/event_listener.py
[2025-04-05T11:40:33.648+0100] {processor.py:842} WARNING - No viable dags retrieved from /Users/judeezeh/Desktop/Zoomcamp-project/venv/lib/python3.11/site-packages/airflow/example_dags/plugins/event_listener.py
[2025-04-05T11:40:33.672+0100] {processor.py:183} INFO - Processing /Users/judeezeh/Desktop/Zoomcamp-project/venv/lib/python3.11/site-packages/airflow/example_dags/plugins/event_listener.py took 0.027 seconds
[2025-04-05T11:41:19.987+0100] {processor.py:161} INFO - Started process (PID=19087) to work on /Users/judeezeh/Desktop/Zoomcamp-project/venv/lib/python3.11/site-packages/airflow/example_dags/plugins/event_listener.py
[2025-04-05T11:41:19.988+0100] {processor.py:830} INFO - Processing file /Users/judeezeh/Desktop/Zoomcamp-project/venv/lib/python3.11/site-packages/airflow/example_dags/plugins/event_listener.py for tasks to queue
[2025-04-05T11:41:19.988+0100] {logging_mixin.py:188} INFO - [2025-04-05T11:41:19.988+0100] {dagbag.py:540} INFO - Filling up the DagBag from /Users/judeezeh/Desktop/Zoomcamp-project/venv/lib/python3.11/site-packages/airflow/example_dags/plugins/event_listener.py
[2025-04-05T11:41:19.988+0100] {processor.py:842} WARNING - No viable dags retrieved from /Users/judeezeh/Desktop/Zoomcamp-project/venv/lib/python3.11/site-packages/airflow/example_dags/plugins/event_listener.py
[2025-04-05T11:41:20.013+0100] {processor.py:183} INFO - Processing /Users/judeezeh/Desktop/Zoomcamp-project/venv/lib/python3.11/site-packages/airflow/example_dags/plugins/event_listener.py took 0.027 seconds
[2025-04-05T11:42:06.433+0100] {processor.py:161} INFO - Started process (PID=19156) to work on /Users/judeezeh/Desktop/Zoomcamp-project/venv/lib/python3.11/site-packages/airflow/example_dags/plugins/event_listener.py
[2025-04-05T11:42:06.434+0100] {processor.py:830} INFO - Processing file /Users/judeezeh/Desktop/Zoomcamp-project/venv/lib/python3.11/site-packages/airflow/example_dags/plugins/event_listener.py for tasks to queue
[2025-04-05T11:42:06.434+0100] {logging_mixin.py:188} INFO - [2025-04-05T11:42:06.434+0100] {dagbag.py:540} INFO - Filling up the DagBag from /Users/judeezeh/Desktop/Zoomcamp-project/venv/lib/python3.11/site-packages/airflow/example_dags/plugins/event_listener.py
[2025-04-05T11:42:06.435+0100] {processor.py:842} WARNING - No viable dags retrieved from /Users/judeezeh/Desktop/Zoomcamp-project/venv/lib/python3.11/site-packages/airflow/example_dags/plugins/event_listener.py
[2025-04-05T11:42:06.460+0100] {processor.py:183} INFO - Processing /Users/judeezeh/Desktop/Zoomcamp-project/venv/lib/python3.11/site-packages/airflow/example_dags/plugins/event_listener.py took 0.028 seconds
