[2025-04-05T11:14:54.870+0100] {processor.py:161} INFO - Started process (PID=16683) to work on /Users/judeezeh/Desktop/Zoomcamp-project/venv/lib/python3.11/site-packages/airflow/example_dags/plugins/listener_plugin.py
[2025-04-05T11:14:54.870+0100] {processor.py:830} INFO - Processing file /Users/judeezeh/Desktop/Zoomcamp-project/venv/lib/python3.11/site-packages/airflow/example_dags/plugins/listener_plugin.py for tasks to queue
[2025-04-05T11:14:54.871+0100] {logging_mixin.py:188} INFO - [2025-04-05T11:14:54.871+0100] {dagbag.py:540} INFO - Filling up the DagBag from /Users/judeezeh/Desktop/Zoomcamp-project/venv/lib/python3.11/site-packages/airflow/example_dags/plugins/listener_plugin.py
[2025-04-05T11:14:54.871+0100] {processor.py:842} WARNING - No viable dags retrieved from /Users/judeezeh/Desktop/Zoomcamp-project/venv/lib/python3.11/site-packages/airflow/example_dags/plugins/listener_plugin.py
[2025-04-05T11:14:54.895+0100] {processor.py:183} INFO - Processing /Users/judeezeh/Desktop/Zoomcamp-project/venv/lib/python3.11/site-packages/airflow/example_dags/plugins/listener_plugin.py took 0.025 seconds
[2025-04-05T11:16:18.736+0100] {processor.py:161} INFO - Started process (PID=16815) to work on /Users/judeezeh/Desktop/Zoomcamp-project/venv/lib/python3.11/site-packages/airflow/example_dags/plugins/listener_plugin.py
[2025-04-05T11:16:18.736+0100] {processor.py:830} INFO - Processing file /Users/judeezeh/Desktop/Zoomcamp-project/venv/lib/python3.11/site-packages/airflow/example_dags/plugins/listener_plugin.py for tasks to queue
[2025-04-05T11:16:18.737+0100] {logging_mixin.py:188} INFO - [2025-04-05T11:16:18.737+0100] {dagbag.py:540} INFO - Filling up the DagBag from /Users/judeezeh/Desktop/Zoomcamp-project/venv/lib/python3.11/site-packages/airflow/example_dags/plugins/listener_plugin.py
[2025-04-05T11:16:18.738+0100] {processor.py:842} WARNING - No viable dags retrieved from /Users/judeezeh/Desktop/Zoomcamp-project/venv/lib/python3.11/site-packages/airflow/example_dags/plugins/listener_plugin.py
[2025-04-05T11:16:18.762+0100] {processor.py:183} INFO - Processing /Users/judeezeh/Desktop/Zoomcamp-project/venv/lib/python3.11/site-packages/airflow/example_dags/plugins/listener_plugin.py took 0.027 seconds
[2025-04-05T11:17:06.701+0100] {processor.py:161} INFO - Started process (PID=16886) to work on /Users/judeezeh/Desktop/Zoomcamp-project/venv/lib/python3.11/site-packages/airflow/example_dags/plugins/listener_plugin.py
[2025-04-05T11:17:06.701+0100] {processor.py:830} INFO - Processing file /Users/judeezeh/Desktop/Zoomcamp-project/venv/lib/python3.11/site-packages/airflow/example_dags/plugins/listener_plugin.py for tasks to queue
[2025-04-05T11:17:06.702+0100] {logging_mixin.py:188} INFO - [2025-04-05T11:17:06.702+0100] {dagbag.py:540} INFO - Filling up the DagBag from /Users/judeezeh/Desktop/Zoomcamp-project/venv/lib/python3.11/site-packages/airflow/example_dags/plugins/listener_plugin.py
[2025-04-05T11:17:06.702+0100] {processor.py:842} WARNING - No viable dags retrieved from /Users/judeezeh/Desktop/Zoomcamp-project/venv/lib/python3.11/site-packages/airflow/example_dags/plugins/listener_plugin.py
[2025-04-05T11:17:06.726+0100] {processor.py:183} INFO - Processing /Users/judeezeh/Desktop/Zoomcamp-project/venv/lib/python3.11/site-packages/airflow/example_dags/plugins/listener_plugin.py took 0.026 seconds
[2025-04-05T11:17:49.366+0100] {processor.py:161} INFO - Started process (PID=16949) to work on /Users/judeezeh/Desktop/Zoomcamp-project/venv/lib/python3.11/site-packages/airflow/example_dags/plugins/listener_plugin.py
[2025-04-05T11:17:49.366+0100] {processor.py:830} INFO - Processing file /Users/judeezeh/Desktop/Zoomcamp-project/venv/lib/python3.11/site-packages/airflow/example_dags/plugins/listener_plugin.py for tasks to queue
[2025-04-05T11:17:49.367+0100] {logging_mixin.py:188} INFO - [2025-04-05T11:17:49.366+0100] {dagbag.py:540} INFO - Filling up the DagBag from /Users/judeezeh/Desktop/Zoomcamp-project/venv/lib/python3.11/site-packages/airflow/example_dags/plugins/listener_plugin.py
[2025-04-05T11:17:49.368+0100] {processor.py:842} WARNING - No viable dags retrieved from /Users/judeezeh/Desktop/Zoomcamp-project/venv/lib/python3.11/site-packages/airflow/example_dags/plugins/listener_plugin.py
[2025-04-05T11:17:49.392+0100] {processor.py:183} INFO - Processing /Users/judeezeh/Desktop/Zoomcamp-project/venv/lib/python3.11/site-packages/airflow/example_dags/plugins/listener_plugin.py took 0.027 seconds
[2025-04-05T11:18:37.051+0100] {processor.py:161} INFO - Started process (PID=17030) to work on /Users/judeezeh/Desktop/Zoomcamp-project/venv/lib/python3.11/site-packages/airflow/example_dags/plugins/listener_plugin.py
[2025-04-05T11:18:37.052+0100] {processor.py:830} INFO - Processing file /Users/judeezeh/Desktop/Zoomcamp-project/venv/lib/python3.11/site-packages/airflow/example_dags/plugins/listener_plugin.py for tasks to queue
[2025-04-05T11:18:37.052+0100] {logging_mixin.py:188} INFO - [2025-04-05T11:18:37.052+0100] {dagbag.py:540} INFO - Filling up the DagBag from /Users/judeezeh/Desktop/Zoomcamp-project/venv/lib/python3.11/site-packages/airflow/example_dags/plugins/listener_plugin.py
[2025-04-05T11:18:37.053+0100] {processor.py:842} WARNING - No viable dags retrieved from /Users/judeezeh/Desktop/Zoomcamp-project/venv/lib/python3.11/site-packages/airflow/example_dags/plugins/listener_plugin.py
[2025-04-05T11:18:37.078+0100] {processor.py:183} INFO - Processing /Users/judeezeh/Desktop/Zoomcamp-project/venv/lib/python3.11/site-packages/airflow/example_dags/plugins/listener_plugin.py took 0.028 seconds
[2025-04-05T11:18:58.549+0100] {processor.py:161} INFO - Started process (PID=17077) to work on /Users/judeezeh/Desktop/Zoomcamp-project/venv/lib/python3.11/site-packages/airflow/example_dags/plugins/listener_plugin.py
[2025-04-05T11:18:58.549+0100] {processor.py:830} INFO - Processing file /Users/judeezeh/Desktop/Zoomcamp-project/venv/lib/python3.11/site-packages/airflow/example_dags/plugins/listener_plugin.py for tasks to queue
[2025-04-05T11:18:58.549+0100] {logging_mixin.py:188} INFO - [2025-04-05T11:18:58.549+0100] {dagbag.py:540} INFO - Filling up the DagBag from /Users/judeezeh/Desktop/Zoomcamp-project/venv/lib/python3.11/site-packages/airflow/example_dags/plugins/listener_plugin.py
[2025-04-05T11:18:58.550+0100] {processor.py:842} WARNING - No viable dags retrieved from /Users/judeezeh/Desktop/Zoomcamp-project/venv/lib/python3.11/site-packages/airflow/example_dags/plugins/listener_plugin.py
[2025-04-05T11:18:58.574+0100] {processor.py:183} INFO - Processing /Users/judeezeh/Desktop/Zoomcamp-project/venv/lib/python3.11/site-packages/airflow/example_dags/plugins/listener_plugin.py took 0.026 seconds
[2025-04-05T11:20:19.714+0100] {processor.py:161} INFO - Started process (PID=17206) to work on /Users/judeezeh/Desktop/Zoomcamp-project/venv/lib/python3.11/site-packages/airflow/example_dags/plugins/listener_plugin.py
[2025-04-05T11:20:19.715+0100] {processor.py:830} INFO - Processing file /Users/judeezeh/Desktop/Zoomcamp-project/venv/lib/python3.11/site-packages/airflow/example_dags/plugins/listener_plugin.py for tasks to queue
[2025-04-05T11:20:19.715+0100] {logging_mixin.py:188} INFO - [2025-04-05T11:20:19.715+0100] {dagbag.py:540} INFO - Filling up the DagBag from /Users/judeezeh/Desktop/Zoomcamp-project/venv/lib/python3.11/site-packages/airflow/example_dags/plugins/listener_plugin.py
[2025-04-05T11:20:19.716+0100] {processor.py:842} WARNING - No viable dags retrieved from /Users/judeezeh/Desktop/Zoomcamp-project/venv/lib/python3.11/site-packages/airflow/example_dags/plugins/listener_plugin.py
[2025-04-05T11:20:19.740+0100] {processor.py:183} INFO - Processing /Users/judeezeh/Desktop/Zoomcamp-project/venv/lib/python3.11/site-packages/airflow/example_dags/plugins/listener_plugin.py took 0.027 seconds
[2025-04-05T11:21:17.148+0100] {processor.py:161} INFO - Started process (PID=17289) to work on /Users/judeezeh/Desktop/Zoomcamp-project/venv/lib/python3.11/site-packages/airflow/example_dags/plugins/listener_plugin.py
[2025-04-05T11:21:17.148+0100] {processor.py:830} INFO - Processing file /Users/judeezeh/Desktop/Zoomcamp-project/venv/lib/python3.11/site-packages/airflow/example_dags/plugins/listener_plugin.py for tasks to queue
[2025-04-05T11:21:17.149+0100] {logging_mixin.py:188} INFO - [2025-04-05T11:21:17.149+0100] {dagbag.py:540} INFO - Filling up the DagBag from /Users/judeezeh/Desktop/Zoomcamp-project/venv/lib/python3.11/site-packages/airflow/example_dags/plugins/listener_plugin.py
[2025-04-05T11:21:17.150+0100] {processor.py:842} WARNING - No viable dags retrieved from /Users/judeezeh/Desktop/Zoomcamp-project/venv/lib/python3.11/site-packages/airflow/example_dags/plugins/listener_plugin.py
[2025-04-05T11:21:17.177+0100] {processor.py:183} INFO - Processing /Users/judeezeh/Desktop/Zoomcamp-project/venv/lib/python3.11/site-packages/airflow/example_dags/plugins/listener_plugin.py took 0.031 seconds
[2025-04-05T11:22:15.695+0100] {processor.py:161} INFO - Started process (PID=17372) to work on /Users/judeezeh/Desktop/Zoomcamp-project/venv/lib/python3.11/site-packages/airflow/example_dags/plugins/listener_plugin.py
[2025-04-05T11:22:15.695+0100] {processor.py:830} INFO - Processing file /Users/judeezeh/Desktop/Zoomcamp-project/venv/lib/python3.11/site-packages/airflow/example_dags/plugins/listener_plugin.py for tasks to queue
[2025-04-05T11:22:15.695+0100] {logging_mixin.py:188} INFO - [2025-04-05T11:22:15.695+0100] {dagbag.py:540} INFO - Filling up the DagBag from /Users/judeezeh/Desktop/Zoomcamp-project/venv/lib/python3.11/site-packages/airflow/example_dags/plugins/listener_plugin.py
[2025-04-05T11:22:15.697+0100] {processor.py:842} WARNING - No viable dags retrieved from /Users/judeezeh/Desktop/Zoomcamp-project/venv/lib/python3.11/site-packages/airflow/example_dags/plugins/listener_plugin.py
[2025-04-05T11:22:15.720+0100] {processor.py:183} INFO - Processing /Users/judeezeh/Desktop/Zoomcamp-project/venv/lib/python3.11/site-packages/airflow/example_dags/plugins/listener_plugin.py took 0.027 seconds
[2025-04-05T11:23:04.922+0100] {processor.py:161} INFO - Started process (PID=17447) to work on /Users/judeezeh/Desktop/Zoomcamp-project/venv/lib/python3.11/site-packages/airflow/example_dags/plugins/listener_plugin.py
[2025-04-05T11:23:04.922+0100] {processor.py:830} INFO - Processing file /Users/judeezeh/Desktop/Zoomcamp-project/venv/lib/python3.11/site-packages/airflow/example_dags/plugins/listener_plugin.py for tasks to queue
[2025-04-05T11:23:04.922+0100] {logging_mixin.py:188} INFO - [2025-04-05T11:23:04.922+0100] {dagbag.py:540} INFO - Filling up the DagBag from /Users/judeezeh/Desktop/Zoomcamp-project/venv/lib/python3.11/site-packages/airflow/example_dags/plugins/listener_plugin.py
[2025-04-05T11:23:04.924+0100] {processor.py:842} WARNING - No viable dags retrieved from /Users/judeezeh/Desktop/Zoomcamp-project/venv/lib/python3.11/site-packages/airflow/example_dags/plugins/listener_plugin.py
[2025-04-05T11:23:04.949+0100] {processor.py:183} INFO - Processing /Users/judeezeh/Desktop/Zoomcamp-project/venv/lib/python3.11/site-packages/airflow/example_dags/plugins/listener_plugin.py took 0.028 seconds
[2025-04-05T11:23:53.000+0100] {processor.py:161} INFO - Started process (PID=17514) to work on /Users/judeezeh/Desktop/Zoomcamp-project/venv/lib/python3.11/site-packages/airflow/example_dags/plugins/listener_plugin.py
[2025-04-05T11:23:53.001+0100] {processor.py:830} INFO - Processing file /Users/judeezeh/Desktop/Zoomcamp-project/venv/lib/python3.11/site-packages/airflow/example_dags/plugins/listener_plugin.py for tasks to queue
[2025-04-05T11:23:53.002+0100] {logging_mixin.py:188} INFO - [2025-04-05T11:23:53.001+0100] {dagbag.py:540} INFO - Filling up the DagBag from /Users/judeezeh/Desktop/Zoomcamp-project/venv/lib/python3.11/site-packages/airflow/example_dags/plugins/listener_plugin.py
[2025-04-05T11:23:53.003+0100] {processor.py:842} WARNING - No viable dags retrieved from /Users/judeezeh/Desktop/Zoomcamp-project/venv/lib/python3.11/site-packages/airflow/example_dags/plugins/listener_plugin.py
[2025-04-05T11:23:53.028+0100] {processor.py:183} INFO - Processing /Users/judeezeh/Desktop/Zoomcamp-project/venv/lib/python3.11/site-packages/airflow/example_dags/plugins/listener_plugin.py took 0.028 seconds
[2025-04-05T11:24:44.887+0100] {processor.py:161} INFO - Started process (PID=17582) to work on /Users/judeezeh/Desktop/Zoomcamp-project/venv/lib/python3.11/site-packages/airflow/example_dags/plugins/listener_plugin.py
[2025-04-05T11:24:44.887+0100] {processor.py:830} INFO - Processing file /Users/judeezeh/Desktop/Zoomcamp-project/venv/lib/python3.11/site-packages/airflow/example_dags/plugins/listener_plugin.py for tasks to queue
[2025-04-05T11:24:44.888+0100] {logging_mixin.py:188} INFO - [2025-04-05T11:24:44.888+0100] {dagbag.py:540} INFO - Filling up the DagBag from /Users/judeezeh/Desktop/Zoomcamp-project/venv/lib/python3.11/site-packages/airflow/example_dags/plugins/listener_plugin.py
[2025-04-05T11:24:44.889+0100] {processor.py:842} WARNING - No viable dags retrieved from /Users/judeezeh/Desktop/Zoomcamp-project/venv/lib/python3.11/site-packages/airflow/example_dags/plugins/listener_plugin.py
[2025-04-05T11:24:44.913+0100] {processor.py:183} INFO - Processing /Users/judeezeh/Desktop/Zoomcamp-project/venv/lib/python3.11/site-packages/airflow/example_dags/plugins/listener_plugin.py took 0.027 seconds
[2025-04-05T11:25:35.253+0100] {processor.py:161} INFO - Started process (PID=17652) to work on /Users/judeezeh/Desktop/Zoomcamp-project/venv/lib/python3.11/site-packages/airflow/example_dags/plugins/listener_plugin.py
[2025-04-05T11:25:35.253+0100] {processor.py:830} INFO - Processing file /Users/judeezeh/Desktop/Zoomcamp-project/venv/lib/python3.11/site-packages/airflow/example_dags/plugins/listener_plugin.py for tasks to queue
[2025-04-05T11:25:35.254+0100] {logging_mixin.py:188} INFO - [2025-04-05T11:25:35.254+0100] {dagbag.py:540} INFO - Filling up the DagBag from /Users/judeezeh/Desktop/Zoomcamp-project/venv/lib/python3.11/site-packages/airflow/example_dags/plugins/listener_plugin.py
[2025-04-05T11:25:35.255+0100] {processor.py:842} WARNING - No viable dags retrieved from /Users/judeezeh/Desktop/Zoomcamp-project/venv/lib/python3.11/site-packages/airflow/example_dags/plugins/listener_plugin.py
[2025-04-05T11:25:35.281+0100] {processor.py:183} INFO - Processing /Users/judeezeh/Desktop/Zoomcamp-project/venv/lib/python3.11/site-packages/airflow/example_dags/plugins/listener_plugin.py took 0.029 seconds
[2025-04-05T11:26:22.246+0100] {processor.py:161} INFO - Started process (PID=17722) to work on /Users/judeezeh/Desktop/Zoomcamp-project/venv/lib/python3.11/site-packages/airflow/example_dags/plugins/listener_plugin.py
[2025-04-05T11:26:22.247+0100] {processor.py:830} INFO - Processing file /Users/judeezeh/Desktop/Zoomcamp-project/venv/lib/python3.11/site-packages/airflow/example_dags/plugins/listener_plugin.py for tasks to queue
[2025-04-05T11:26:22.247+0100] {logging_mixin.py:188} INFO - [2025-04-05T11:26:22.247+0100] {dagbag.py:540} INFO - Filling up the DagBag from /Users/judeezeh/Desktop/Zoomcamp-project/venv/lib/python3.11/site-packages/airflow/example_dags/plugins/listener_plugin.py
[2025-04-05T11:26:22.249+0100] {processor.py:842} WARNING - No viable dags retrieved from /Users/judeezeh/Desktop/Zoomcamp-project/venv/lib/python3.11/site-packages/airflow/example_dags/plugins/listener_plugin.py
[2025-04-05T11:26:22.272+0100] {processor.py:183} INFO - Processing /Users/judeezeh/Desktop/Zoomcamp-project/venv/lib/python3.11/site-packages/airflow/example_dags/plugins/listener_plugin.py took 0.027 seconds
[2025-04-05T11:27:12.715+0100] {processor.py:161} INFO - Started process (PID=17803) to work on /Users/judeezeh/Desktop/Zoomcamp-project/venv/lib/python3.11/site-packages/airflow/example_dags/plugins/listener_plugin.py
[2025-04-05T11:27:12.716+0100] {processor.py:830} INFO - Processing file /Users/judeezeh/Desktop/Zoomcamp-project/venv/lib/python3.11/site-packages/airflow/example_dags/plugins/listener_plugin.py for tasks to queue
[2025-04-05T11:27:12.716+0100] {logging_mixin.py:188} INFO - [2025-04-05T11:27:12.716+0100] {dagbag.py:540} INFO - Filling up the DagBag from /Users/judeezeh/Desktop/Zoomcamp-project/venv/lib/python3.11/site-packages/airflow/example_dags/plugins/listener_plugin.py
[2025-04-05T11:27:12.718+0100] {processor.py:842} WARNING - No viable dags retrieved from /Users/judeezeh/Desktop/Zoomcamp-project/venv/lib/python3.11/site-packages/airflow/example_dags/plugins/listener_plugin.py
[2025-04-05T11:27:12.742+0100] {processor.py:183} INFO - Processing /Users/judeezeh/Desktop/Zoomcamp-project/venv/lib/python3.11/site-packages/airflow/example_dags/plugins/listener_plugin.py took 0.028 seconds
[2025-04-05T11:28:08.421+0100] {processor.py:161} INFO - Started process (PID=17873) to work on /Users/judeezeh/Desktop/Zoomcamp-project/venv/lib/python3.11/site-packages/airflow/example_dags/plugins/listener_plugin.py
[2025-04-05T11:28:08.421+0100] {processor.py:830} INFO - Processing file /Users/judeezeh/Desktop/Zoomcamp-project/venv/lib/python3.11/site-packages/airflow/example_dags/plugins/listener_plugin.py for tasks to queue
[2025-04-05T11:28:08.421+0100] {logging_mixin.py:188} INFO - [2025-04-05T11:28:08.421+0100] {dagbag.py:540} INFO - Filling up the DagBag from /Users/judeezeh/Desktop/Zoomcamp-project/venv/lib/python3.11/site-packages/airflow/example_dags/plugins/listener_plugin.py
[2025-04-05T11:28:08.423+0100] {processor.py:842} WARNING - No viable dags retrieved from /Users/judeezeh/Desktop/Zoomcamp-project/venv/lib/python3.11/site-packages/airflow/example_dags/plugins/listener_plugin.py
[2025-04-05T11:28:08.448+0100] {processor.py:183} INFO - Processing /Users/judeezeh/Desktop/Zoomcamp-project/venv/lib/python3.11/site-packages/airflow/example_dags/plugins/listener_plugin.py took 0.028 seconds
[2025-04-05T11:29:03.844+0100] {processor.py:161} INFO - Started process (PID=17959) to work on /Users/judeezeh/Desktop/Zoomcamp-project/venv/lib/python3.11/site-packages/airflow/example_dags/plugins/listener_plugin.py
[2025-04-05T11:29:03.844+0100] {processor.py:830} INFO - Processing file /Users/judeezeh/Desktop/Zoomcamp-project/venv/lib/python3.11/site-packages/airflow/example_dags/plugins/listener_plugin.py for tasks to queue
[2025-04-05T11:29:03.844+0100] {logging_mixin.py:188} INFO - [2025-04-05T11:29:03.844+0100] {dagbag.py:540} INFO - Filling up the DagBag from /Users/judeezeh/Desktop/Zoomcamp-project/venv/lib/python3.11/site-packages/airflow/example_dags/plugins/listener_plugin.py
[2025-04-05T11:29:03.847+0100] {processor.py:842} WARNING - No viable dags retrieved from /Users/judeezeh/Desktop/Zoomcamp-project/venv/lib/python3.11/site-packages/airflow/example_dags/plugins/listener_plugin.py
[2025-04-05T11:29:03.871+0100] {processor.py:183} INFO - Processing /Users/judeezeh/Desktop/Zoomcamp-project/venv/lib/python3.11/site-packages/airflow/example_dags/plugins/listener_plugin.py took 0.028 seconds
[2025-04-05T11:29:59.576+0100] {processor.py:161} INFO - Started process (PID=18029) to work on /Users/judeezeh/Desktop/Zoomcamp-project/venv/lib/python3.11/site-packages/airflow/example_dags/plugins/listener_plugin.py
[2025-04-05T11:29:59.576+0100] {processor.py:830} INFO - Processing file /Users/judeezeh/Desktop/Zoomcamp-project/venv/lib/python3.11/site-packages/airflow/example_dags/plugins/listener_plugin.py for tasks to queue
[2025-04-05T11:29:59.576+0100] {logging_mixin.py:188} INFO - [2025-04-05T11:29:59.576+0100] {dagbag.py:540} INFO - Filling up the DagBag from /Users/judeezeh/Desktop/Zoomcamp-project/venv/lib/python3.11/site-packages/airflow/example_dags/plugins/listener_plugin.py
[2025-04-05T11:29:59.578+0100] {processor.py:842} WARNING - No viable dags retrieved from /Users/judeezeh/Desktop/Zoomcamp-project/venv/lib/python3.11/site-packages/airflow/example_dags/plugins/listener_plugin.py
[2025-04-05T11:29:59.602+0100] {processor.py:183} INFO - Processing /Users/judeezeh/Desktop/Zoomcamp-project/venv/lib/python3.11/site-packages/airflow/example_dags/plugins/listener_plugin.py took 0.027 seconds
[2025-04-05T11:30:53.102+0100] {processor.py:161} INFO - Started process (PID=18111) to work on /Users/judeezeh/Desktop/Zoomcamp-project/venv/lib/python3.11/site-packages/airflow/example_dags/plugins/listener_plugin.py
[2025-04-05T11:30:53.102+0100] {processor.py:830} INFO - Processing file /Users/judeezeh/Desktop/Zoomcamp-project/venv/lib/python3.11/site-packages/airflow/example_dags/plugins/listener_plugin.py for tasks to queue
[2025-04-05T11:30:53.103+0100] {logging_mixin.py:188} INFO - [2025-04-05T11:30:53.103+0100] {dagbag.py:540} INFO - Filling up the DagBag from /Users/judeezeh/Desktop/Zoomcamp-project/venv/lib/python3.11/site-packages/airflow/example_dags/plugins/listener_plugin.py
[2025-04-05T11:30:53.105+0100] {processor.py:842} WARNING - No viable dags retrieved from /Users/judeezeh/Desktop/Zoomcamp-project/venv/lib/python3.11/site-packages/airflow/example_dags/plugins/listener_plugin.py
[2025-04-05T11:30:53.130+0100] {processor.py:183} INFO - Processing /Users/judeezeh/Desktop/Zoomcamp-project/venv/lib/python3.11/site-packages/airflow/example_dags/plugins/listener_plugin.py took 0.029 seconds
[2025-04-05T11:31:40.500+0100] {processor.py:161} INFO - Started process (PID=18182) to work on /Users/judeezeh/Desktop/Zoomcamp-project/venv/lib/python3.11/site-packages/airflow/example_dags/plugins/listener_plugin.py
[2025-04-05T11:31:40.500+0100] {processor.py:830} INFO - Processing file /Users/judeezeh/Desktop/Zoomcamp-project/venv/lib/python3.11/site-packages/airflow/example_dags/plugins/listener_plugin.py for tasks to queue
[2025-04-05T11:31:40.501+0100] {logging_mixin.py:188} INFO - [2025-04-05T11:31:40.501+0100] {dagbag.py:540} INFO - Filling up the DagBag from /Users/judeezeh/Desktop/Zoomcamp-project/venv/lib/python3.11/site-packages/airflow/example_dags/plugins/listener_plugin.py
[2025-04-05T11:31:40.501+0100] {processor.py:842} WARNING - No viable dags retrieved from /Users/judeezeh/Desktop/Zoomcamp-project/venv/lib/python3.11/site-packages/airflow/example_dags/plugins/listener_plugin.py
[2025-04-05T11:31:40.525+0100] {processor.py:183} INFO - Processing /Users/judeezeh/Desktop/Zoomcamp-project/venv/lib/python3.11/site-packages/airflow/example_dags/plugins/listener_plugin.py took 0.026 seconds
[2025-04-05T11:32:31.453+0100] {processor.py:161} INFO - Started process (PID=18260) to work on /Users/judeezeh/Desktop/Zoomcamp-project/venv/lib/python3.11/site-packages/airflow/example_dags/plugins/listener_plugin.py
[2025-04-05T11:32:31.454+0100] {processor.py:830} INFO - Processing file /Users/judeezeh/Desktop/Zoomcamp-project/venv/lib/python3.11/site-packages/airflow/example_dags/plugins/listener_plugin.py for tasks to queue
[2025-04-05T11:32:31.454+0100] {logging_mixin.py:188} INFO - [2025-04-05T11:32:31.454+0100] {dagbag.py:540} INFO - Filling up the DagBag from /Users/judeezeh/Desktop/Zoomcamp-project/venv/lib/python3.11/site-packages/airflow/example_dags/plugins/listener_plugin.py
[2025-04-05T11:32:31.456+0100] {processor.py:842} WARNING - No viable dags retrieved from /Users/judeezeh/Desktop/Zoomcamp-project/venv/lib/python3.11/site-packages/airflow/example_dags/plugins/listener_plugin.py
[2025-04-05T11:32:31.480+0100] {processor.py:183} INFO - Processing /Users/judeezeh/Desktop/Zoomcamp-project/venv/lib/python3.11/site-packages/airflow/example_dags/plugins/listener_plugin.py took 0.028 seconds
[2025-04-05T11:33:23.009+0100] {processor.py:161} INFO - Started process (PID=18331) to work on /Users/judeezeh/Desktop/Zoomcamp-project/venv/lib/python3.11/site-packages/airflow/example_dags/plugins/listener_plugin.py
[2025-04-05T11:33:23.010+0100] {processor.py:830} INFO - Processing file /Users/judeezeh/Desktop/Zoomcamp-project/venv/lib/python3.11/site-packages/airflow/example_dags/plugins/listener_plugin.py for tasks to queue
[2025-04-05T11:33:23.010+0100] {logging_mixin.py:188} INFO - [2025-04-05T11:33:23.010+0100] {dagbag.py:540} INFO - Filling up the DagBag from /Users/judeezeh/Desktop/Zoomcamp-project/venv/lib/python3.11/site-packages/airflow/example_dags/plugins/listener_plugin.py
[2025-04-05T11:33:23.011+0100] {processor.py:842} WARNING - No viable dags retrieved from /Users/judeezeh/Desktop/Zoomcamp-project/venv/lib/python3.11/site-packages/airflow/example_dags/plugins/listener_plugin.py
[2025-04-05T11:33:23.036+0100] {processor.py:183} INFO - Processing /Users/judeezeh/Desktop/Zoomcamp-project/venv/lib/python3.11/site-packages/airflow/example_dags/plugins/listener_plugin.py took 0.028 seconds
[2025-04-05T11:34:17.643+0100] {processor.py:161} INFO - Started process (PID=18410) to work on /Users/judeezeh/Desktop/Zoomcamp-project/venv/lib/python3.11/site-packages/airflow/example_dags/plugins/listener_plugin.py
[2025-04-05T11:34:17.644+0100] {processor.py:830} INFO - Processing file /Users/judeezeh/Desktop/Zoomcamp-project/venv/lib/python3.11/site-packages/airflow/example_dags/plugins/listener_plugin.py for tasks to queue
[2025-04-05T11:34:17.644+0100] {logging_mixin.py:188} INFO - [2025-04-05T11:34:17.644+0100] {dagbag.py:540} INFO - Filling up the DagBag from /Users/judeezeh/Desktop/Zoomcamp-project/venv/lib/python3.11/site-packages/airflow/example_dags/plugins/listener_plugin.py
[2025-04-05T11:34:17.645+0100] {processor.py:842} WARNING - No viable dags retrieved from /Users/judeezeh/Desktop/Zoomcamp-project/venv/lib/python3.11/site-packages/airflow/example_dags/plugins/listener_plugin.py
[2025-04-05T11:34:17.669+0100] {processor.py:183} INFO - Processing /Users/judeezeh/Desktop/Zoomcamp-project/venv/lib/python3.11/site-packages/airflow/example_dags/plugins/listener_plugin.py took 0.027 seconds
[2025-04-05T11:35:05.273+0100] {processor.py:161} INFO - Started process (PID=18480) to work on /Users/judeezeh/Desktop/Zoomcamp-project/venv/lib/python3.11/site-packages/airflow/example_dags/plugins/listener_plugin.py
[2025-04-05T11:35:05.273+0100] {processor.py:830} INFO - Processing file /Users/judeezeh/Desktop/Zoomcamp-project/venv/lib/python3.11/site-packages/airflow/example_dags/plugins/listener_plugin.py for tasks to queue
[2025-04-05T11:35:05.273+0100] {logging_mixin.py:188} INFO - [2025-04-05T11:35:05.273+0100] {dagbag.py:540} INFO - Filling up the DagBag from /Users/judeezeh/Desktop/Zoomcamp-project/venv/lib/python3.11/site-packages/airflow/example_dags/plugins/listener_plugin.py
[2025-04-05T11:35:05.274+0100] {processor.py:842} WARNING - No viable dags retrieved from /Users/judeezeh/Desktop/Zoomcamp-project/venv/lib/python3.11/site-packages/airflow/example_dags/plugins/listener_plugin.py
[2025-04-05T11:35:05.298+0100] {processor.py:183} INFO - Processing /Users/judeezeh/Desktop/Zoomcamp-project/venv/lib/python3.11/site-packages/airflow/example_dags/plugins/listener_plugin.py took 0.027 seconds
[2025-04-05T11:35:52.066+0100] {processor.py:161} INFO - Started process (PID=18543) to work on /Users/judeezeh/Desktop/Zoomcamp-project/venv/lib/python3.11/site-packages/airflow/example_dags/plugins/listener_plugin.py
[2025-04-05T11:35:52.067+0100] {processor.py:830} INFO - Processing file /Users/judeezeh/Desktop/Zoomcamp-project/venv/lib/python3.11/site-packages/airflow/example_dags/plugins/listener_plugin.py for tasks to queue
[2025-04-05T11:35:52.067+0100] {logging_mixin.py:188} INFO - [2025-04-05T11:35:52.067+0100] {dagbag.py:540} INFO - Filling up the DagBag from /Users/judeezeh/Desktop/Zoomcamp-project/venv/lib/python3.11/site-packages/airflow/example_dags/plugins/listener_plugin.py
[2025-04-05T11:35:52.068+0100] {processor.py:842} WARNING - No viable dags retrieved from /Users/judeezeh/Desktop/Zoomcamp-project/venv/lib/python3.11/site-packages/airflow/example_dags/plugins/listener_plugin.py
[2025-04-05T11:35:52.092+0100] {processor.py:183} INFO - Processing /Users/judeezeh/Desktop/Zoomcamp-project/venv/lib/python3.11/site-packages/airflow/example_dags/plugins/listener_plugin.py took 0.027 seconds
[2025-04-05T11:36:46.703+0100] {processor.py:161} INFO - Started process (PID=18623) to work on /Users/judeezeh/Desktop/Zoomcamp-project/venv/lib/python3.11/site-packages/airflow/example_dags/plugins/listener_plugin.py
[2025-04-05T11:36:46.704+0100] {processor.py:830} INFO - Processing file /Users/judeezeh/Desktop/Zoomcamp-project/venv/lib/python3.11/site-packages/airflow/example_dags/plugins/listener_plugin.py for tasks to queue
[2025-04-05T11:36:46.705+0100] {logging_mixin.py:188} INFO - [2025-04-05T11:36:46.704+0100] {dagbag.py:540} INFO - Filling up the DagBag from /Users/judeezeh/Desktop/Zoomcamp-project/venv/lib/python3.11/site-packages/airflow/example_dags/plugins/listener_plugin.py
[2025-04-05T11:36:46.706+0100] {processor.py:842} WARNING - No viable dags retrieved from /Users/judeezeh/Desktop/Zoomcamp-project/venv/lib/python3.11/site-packages/airflow/example_dags/plugins/listener_plugin.py
[2025-04-05T11:36:46.730+0100] {processor.py:183} INFO - Processing /Users/judeezeh/Desktop/Zoomcamp-project/venv/lib/python3.11/site-packages/airflow/example_dags/plugins/listener_plugin.py took 0.027 seconds
[2025-04-05T11:37:39.019+0100] {processor.py:161} INFO - Started process (PID=18709) to work on /Users/judeezeh/Desktop/Zoomcamp-project/venv/lib/python3.11/site-packages/airflow/example_dags/plugins/listener_plugin.py
[2025-04-05T11:37:39.020+0100] {processor.py:830} INFO - Processing file /Users/judeezeh/Desktop/Zoomcamp-project/venv/lib/python3.11/site-packages/airflow/example_dags/plugins/listener_plugin.py for tasks to queue
[2025-04-05T11:37:39.020+0100] {logging_mixin.py:188} INFO - [2025-04-05T11:37:39.020+0100] {dagbag.py:540} INFO - Filling up the DagBag from /Users/judeezeh/Desktop/Zoomcamp-project/venv/lib/python3.11/site-packages/airflow/example_dags/plugins/listener_plugin.py
[2025-04-05T11:37:39.023+0100] {processor.py:842} WARNING - No viable dags retrieved from /Users/judeezeh/Desktop/Zoomcamp-project/venv/lib/python3.11/site-packages/airflow/example_dags/plugins/listener_plugin.py
[2025-04-05T11:37:39.047+0100] {processor.py:183} INFO - Processing /Users/judeezeh/Desktop/Zoomcamp-project/venv/lib/python3.11/site-packages/airflow/example_dags/plugins/listener_plugin.py took 0.029 seconds
[2025-04-05T11:38:20.983+0100] {processor.py:161} INFO - Started process (PID=18760) to work on /Users/judeezeh/Desktop/Zoomcamp-project/venv/lib/python3.11/site-packages/airflow/example_dags/plugins/listener_plugin.py
[2025-04-05T11:38:20.984+0100] {processor.py:830} INFO - Processing file /Users/judeezeh/Desktop/Zoomcamp-project/venv/lib/python3.11/site-packages/airflow/example_dags/plugins/listener_plugin.py for tasks to queue
[2025-04-05T11:38:20.985+0100] {logging_mixin.py:188} INFO - [2025-04-05T11:38:20.985+0100] {dagbag.py:540} INFO - Filling up the DagBag from /Users/judeezeh/Desktop/Zoomcamp-project/venv/lib/python3.11/site-packages/airflow/example_dags/plugins/listener_plugin.py
[2025-04-05T11:38:20.985+0100] {processor.py:842} WARNING - No viable dags retrieved from /Users/judeezeh/Desktop/Zoomcamp-project/venv/lib/python3.11/site-packages/airflow/example_dags/plugins/listener_plugin.py
[2025-04-05T11:38:21.014+0100] {processor.py:183} INFO - Processing /Users/judeezeh/Desktop/Zoomcamp-project/venv/lib/python3.11/site-packages/airflow/example_dags/plugins/listener_plugin.py took 0.032 seconds
[2025-04-05T11:39:40.964+0100] {processor.py:161} INFO - Started process (PID=18894) to work on /Users/judeezeh/Desktop/Zoomcamp-project/venv/lib/python3.11/site-packages/airflow/example_dags/plugins/listener_plugin.py
[2025-04-05T11:39:40.964+0100] {processor.py:830} INFO - Processing file /Users/judeezeh/Desktop/Zoomcamp-project/venv/lib/python3.11/site-packages/airflow/example_dags/plugins/listener_plugin.py for tasks to queue
[2025-04-05T11:39:40.964+0100] {logging_mixin.py:188} INFO - [2025-04-05T11:39:40.964+0100] {dagbag.py:540} INFO - Filling up the DagBag from /Users/judeezeh/Desktop/Zoomcamp-project/venv/lib/python3.11/site-packages/airflow/example_dags/plugins/listener_plugin.py
[2025-04-05T11:39:40.965+0100] {processor.py:842} WARNING - No viable dags retrieved from /Users/judeezeh/Desktop/Zoomcamp-project/venv/lib/python3.11/site-packages/airflow/example_dags/plugins/listener_plugin.py
[2025-04-05T11:39:40.988+0100] {processor.py:183} INFO - Processing /Users/judeezeh/Desktop/Zoomcamp-project/venv/lib/python3.11/site-packages/airflow/example_dags/plugins/listener_plugin.py took 0.026 seconds
[2025-04-05T11:40:31.995+0100] {processor.py:161} INFO - Started process (PID=18988) to work on /Users/judeezeh/Desktop/Zoomcamp-project/venv/lib/python3.11/site-packages/airflow/example_dags/plugins/listener_plugin.py
[2025-04-05T11:40:31.996+0100] {processor.py:830} INFO - Processing file /Users/judeezeh/Desktop/Zoomcamp-project/venv/lib/python3.11/site-packages/airflow/example_dags/plugins/listener_plugin.py for tasks to queue
[2025-04-05T11:40:31.996+0100] {logging_mixin.py:188} INFO - [2025-04-05T11:40:31.996+0100] {dagbag.py:540} INFO - Filling up the DagBag from /Users/judeezeh/Desktop/Zoomcamp-project/venv/lib/python3.11/site-packages/airflow/example_dags/plugins/listener_plugin.py
[2025-04-05T11:40:31.997+0100] {processor.py:842} WARNING - No viable dags retrieved from /Users/judeezeh/Desktop/Zoomcamp-project/venv/lib/python3.11/site-packages/airflow/example_dags/plugins/listener_plugin.py
[2025-04-05T11:40:32.022+0100] {processor.py:183} INFO - Processing /Users/judeezeh/Desktop/Zoomcamp-project/venv/lib/python3.11/site-packages/airflow/example_dags/plugins/listener_plugin.py took 0.028 seconds
[2025-04-05T11:41:18.352+0100] {processor.py:161} INFO - Started process (PID=19085) to work on /Users/judeezeh/Desktop/Zoomcamp-project/venv/lib/python3.11/site-packages/airflow/example_dags/plugins/listener_plugin.py
[2025-04-05T11:41:18.353+0100] {processor.py:830} INFO - Processing file /Users/judeezeh/Desktop/Zoomcamp-project/venv/lib/python3.11/site-packages/airflow/example_dags/plugins/listener_plugin.py for tasks to queue
[2025-04-05T11:41:18.353+0100] {logging_mixin.py:188} INFO - [2025-04-05T11:41:18.353+0100] {dagbag.py:540} INFO - Filling up the DagBag from /Users/judeezeh/Desktop/Zoomcamp-project/venv/lib/python3.11/site-packages/airflow/example_dags/plugins/listener_plugin.py
[2025-04-05T11:41:18.354+0100] {processor.py:842} WARNING - No viable dags retrieved from /Users/judeezeh/Desktop/Zoomcamp-project/venv/lib/python3.11/site-packages/airflow/example_dags/plugins/listener_plugin.py
[2025-04-05T11:41:18.378+0100] {processor.py:183} INFO - Processing /Users/judeezeh/Desktop/Zoomcamp-project/venv/lib/python3.11/site-packages/airflow/example_dags/plugins/listener_plugin.py took 0.027 seconds
[2025-04-05T11:42:04.768+0100] {processor.py:161} INFO - Started process (PID=19154) to work on /Users/judeezeh/Desktop/Zoomcamp-project/venv/lib/python3.11/site-packages/airflow/example_dags/plugins/listener_plugin.py
[2025-04-05T11:42:04.769+0100] {processor.py:830} INFO - Processing file /Users/judeezeh/Desktop/Zoomcamp-project/venv/lib/python3.11/site-packages/airflow/example_dags/plugins/listener_plugin.py for tasks to queue
[2025-04-05T11:42:04.769+0100] {logging_mixin.py:188} INFO - [2025-04-05T11:42:04.769+0100] {dagbag.py:540} INFO - Filling up the DagBag from /Users/judeezeh/Desktop/Zoomcamp-project/venv/lib/python3.11/site-packages/airflow/example_dags/plugins/listener_plugin.py
[2025-04-05T11:42:04.772+0100] {processor.py:842} WARNING - No viable dags retrieved from /Users/judeezeh/Desktop/Zoomcamp-project/venv/lib/python3.11/site-packages/airflow/example_dags/plugins/listener_plugin.py
[2025-04-05T11:42:04.796+0100] {processor.py:183} INFO - Processing /Users/judeezeh/Desktop/Zoomcamp-project/venv/lib/python3.11/site-packages/airflow/example_dags/plugins/listener_plugin.py took 0.029 seconds
