[2025-04-05T11:15:33.708+0100] {processor.py:161} INFO - Started process (PID=16736) to work on /Users/judeezeh/Desktop/Zoomcamp-project/venv/lib/python3.11/site-packages/airflow/example_dags/example_python_decorator.py
[2025-04-05T11:15:33.708+0100] {processor.py:830} INFO - Processing file /Users/judeezeh/Desktop/Zoomcamp-project/venv/lib/python3.11/site-packages/airflow/example_dags/example_python_decorator.py for tasks to queue
[2025-04-05T11:15:33.708+0100] {logging_mixin.py:188} INFO - [2025-04-05T11:15:33.708+0100] {dagbag.py:540} INFO - Filling up the DagBag from /Users/judeezeh/Desktop/Zoomcamp-project/venv/lib/python3.11/site-packages/airflow/example_dags/example_python_decorator.py
[2025-04-05T11:15:33.719+0100] {logging_mixin.py:188} INFO - [2025-04-05T11:15:33.719+0100] {example_python_decorator.py:80} WARNING - The virtalenv_python example task requires virtualenv, please install it.
[2025-04-05T11:15:33.720+0100] {processor.py:840} INFO - DAG(s) 'example_python_decorator' retrieved from /Users/judeezeh/Desktop/Zoomcamp-project/venv/lib/python3.11/site-packages/airflow/example_dags/example_python_decorator.py
[2025-04-05T11:15:33.796+0100] {logging_mixin.py:188} INFO - [2025-04-05T11:15:33.796+0100] {override.py:1930} INFO - Created Permission View: can edit on DAG:example_python_decorator
[2025-04-05T11:15:33.799+0100] {logging_mixin.py:188} INFO - [2025-04-05T11:15:33.799+0100] {override.py:1930} INFO - Created Permission View: can read on DAG:example_python_decorator
[2025-04-05T11:15:33.800+0100] {logging_mixin.py:188} INFO - [2025-04-05T11:15:33.800+0100] {override.py:1930} INFO - Created Permission View: can delete on DAG:example_python_decorator
[2025-04-05T11:15:33.800+0100] {logging_mixin.py:188} INFO - [2025-04-05T11:15:33.800+0100] {dag.py:3096} INFO - Sync 1 DAGs
[2025-04-05T11:15:33.803+0100] {logging_mixin.py:188} INFO - [2025-04-05T11:15:33.803+0100] {dag.py:3118} INFO - Creating ORM DAG for example_python_decorator
[2025-04-05T11:15:33.803+0100] {logging_mixin.py:188} INFO - [2025-04-05T11:15:33.803+0100] {dag.py:3954} INFO - Setting next_dagrun for example_python_decorator to None, run_after=None
[2025-04-05T11:15:33.809+0100] {processor.py:183} INFO - Processing /Users/judeezeh/Desktop/Zoomcamp-project/venv/lib/python3.11/site-packages/airflow/example_dags/example_python_decorator.py took 0.102 seconds
[2025-04-05T11:16:54.403+0100] {processor.py:161} INFO - Started process (PID=16867) to work on /Users/judeezeh/Desktop/Zoomcamp-project/venv/lib/python3.11/site-packages/airflow/example_dags/example_python_decorator.py
[2025-04-05T11:16:54.404+0100] {processor.py:830} INFO - Processing file /Users/judeezeh/Desktop/Zoomcamp-project/venv/lib/python3.11/site-packages/airflow/example_dags/example_python_decorator.py for tasks to queue
[2025-04-05T11:16:54.404+0100] {logging_mixin.py:188} INFO - [2025-04-05T11:16:54.404+0100] {dagbag.py:540} INFO - Filling up the DagBag from /Users/judeezeh/Desktop/Zoomcamp-project/venv/lib/python3.11/site-packages/airflow/example_dags/example_python_decorator.py
[2025-04-05T11:16:54.416+0100] {logging_mixin.py:188} INFO - [2025-04-05T11:16:54.416+0100] {example_python_decorator.py:80} WARNING - The virtalenv_python example task requires virtualenv, please install it.
[2025-04-05T11:16:54.416+0100] {processor.py:840} INFO - DAG(s) 'example_python_decorator' retrieved from /Users/judeezeh/Desktop/Zoomcamp-project/venv/lib/python3.11/site-packages/airflow/example_dags/example_python_decorator.py
[2025-04-05T11:16:54.445+0100] {logging_mixin.py:188} INFO - [2025-04-05T11:16:54.445+0100] {dag.py:3096} INFO - Sync 1 DAGs
[2025-04-05T11:16:54.448+0100] {logging_mixin.py:188} INFO - [2025-04-05T11:16:54.448+0100] {dag.py:3954} INFO - Setting next_dagrun for example_python_decorator to None, run_after=None
[2025-04-05T11:16:54.454+0100] {processor.py:183} INFO - Processing /Users/judeezeh/Desktop/Zoomcamp-project/venv/lib/python3.11/site-packages/airflow/example_dags/example_python_decorator.py took 0.052 seconds
[2025-04-05T11:18:23.149+0100] {processor.py:161} INFO - Started process (PID=16997) to work on /Users/judeezeh/Desktop/Zoomcamp-project/venv/lib/python3.11/site-packages/airflow/example_dags/example_python_decorator.py
[2025-04-05T11:18:23.149+0100] {processor.py:830} INFO - Processing file /Users/judeezeh/Desktop/Zoomcamp-project/venv/lib/python3.11/site-packages/airflow/example_dags/example_python_decorator.py for tasks to queue
[2025-04-05T11:18:23.149+0100] {logging_mixin.py:188} INFO - [2025-04-05T11:18:23.149+0100] {dagbag.py:540} INFO - Filling up the DagBag from /Users/judeezeh/Desktop/Zoomcamp-project/venv/lib/python3.11/site-packages/airflow/example_dags/example_python_decorator.py
[2025-04-05T11:18:23.161+0100] {logging_mixin.py:188} INFO - [2025-04-05T11:18:23.161+0100] {example_python_decorator.py:80} WARNING - The virtalenv_python example task requires virtualenv, please install it.
[2025-04-05T11:18:23.161+0100] {processor.py:840} INFO - DAG(s) 'example_python_decorator' retrieved from /Users/judeezeh/Desktop/Zoomcamp-project/venv/lib/python3.11/site-packages/airflow/example_dags/example_python_decorator.py
[2025-04-05T11:18:23.190+0100] {logging_mixin.py:188} INFO - [2025-04-05T11:18:23.190+0100] {dag.py:3096} INFO - Sync 1 DAGs
[2025-04-05T11:18:23.193+0100] {logging_mixin.py:188} INFO - [2025-04-05T11:18:23.193+0100] {dag.py:3954} INFO - Setting next_dagrun for example_python_decorator to None, run_after=None
[2025-04-05T11:18:23.199+0100] {processor.py:183} INFO - Processing /Users/judeezeh/Desktop/Zoomcamp-project/venv/lib/python3.11/site-packages/airflow/example_dags/example_python_decorator.py took 0.051 seconds
[2025-04-05T11:19:37.649+0100] {processor.py:161} INFO - Started process (PID=17147) to work on /Users/judeezeh/Desktop/Zoomcamp-project/venv/lib/python3.11/site-packages/airflow/example_dags/example_python_decorator.py
[2025-04-05T11:19:37.650+0100] {processor.py:830} INFO - Processing file /Users/judeezeh/Desktop/Zoomcamp-project/venv/lib/python3.11/site-packages/airflow/example_dags/example_python_decorator.py for tasks to queue
[2025-04-05T11:19:37.650+0100] {logging_mixin.py:188} INFO - [2025-04-05T11:19:37.650+0100] {dagbag.py:540} INFO - Filling up the DagBag from /Users/judeezeh/Desktop/Zoomcamp-project/venv/lib/python3.11/site-packages/airflow/example_dags/example_python_decorator.py
[2025-04-05T11:19:37.662+0100] {logging_mixin.py:188} INFO - [2025-04-05T11:19:37.662+0100] {example_python_decorator.py:80} WARNING - The virtalenv_python example task requires virtualenv, please install it.
[2025-04-05T11:19:37.663+0100] {processor.py:840} INFO - DAG(s) 'example_python_decorator' retrieved from /Users/judeezeh/Desktop/Zoomcamp-project/venv/lib/python3.11/site-packages/airflow/example_dags/example_python_decorator.py
[2025-04-05T11:19:37.693+0100] {logging_mixin.py:188} INFO - [2025-04-05T11:19:37.693+0100] {dag.py:3096} INFO - Sync 1 DAGs
[2025-04-05T11:19:37.696+0100] {logging_mixin.py:188} INFO - [2025-04-05T11:19:37.696+0100] {dag.py:3954} INFO - Setting next_dagrun for example_python_decorator to None, run_after=None
[2025-04-05T11:19:37.703+0100] {processor.py:183} INFO - Processing /Users/judeezeh/Desktop/Zoomcamp-project/venv/lib/python3.11/site-packages/airflow/example_dags/example_python_decorator.py took 0.054 seconds
[2025-04-05T11:21:03.125+0100] {processor.py:161} INFO - Started process (PID=17271) to work on /Users/judeezeh/Desktop/Zoomcamp-project/venv/lib/python3.11/site-packages/airflow/example_dags/example_python_decorator.py
[2025-04-05T11:21:03.125+0100] {processor.py:830} INFO - Processing file /Users/judeezeh/Desktop/Zoomcamp-project/venv/lib/python3.11/site-packages/airflow/example_dags/example_python_decorator.py for tasks to queue
[2025-04-05T11:21:03.125+0100] {logging_mixin.py:188} INFO - [2025-04-05T11:21:03.125+0100] {dagbag.py:540} INFO - Filling up the DagBag from /Users/judeezeh/Desktop/Zoomcamp-project/venv/lib/python3.11/site-packages/airflow/example_dags/example_python_decorator.py
[2025-04-05T11:21:03.138+0100] {logging_mixin.py:188} INFO - [2025-04-05T11:21:03.138+0100] {example_python_decorator.py:80} WARNING - The virtalenv_python example task requires virtualenv, please install it.
[2025-04-05T11:21:03.138+0100] {processor.py:840} INFO - DAG(s) 'example_python_decorator' retrieved from /Users/judeezeh/Desktop/Zoomcamp-project/venv/lib/python3.11/site-packages/airflow/example_dags/example_python_decorator.py
[2025-04-05T11:21:03.168+0100] {logging_mixin.py:188} INFO - [2025-04-05T11:21:03.168+0100] {dag.py:3096} INFO - Sync 1 DAGs
[2025-04-05T11:21:03.171+0100] {logging_mixin.py:188} INFO - [2025-04-05T11:21:03.171+0100] {dag.py:3954} INFO - Setting next_dagrun for example_python_decorator to None, run_after=None
[2025-04-05T11:21:03.178+0100] {processor.py:183} INFO - Processing /Users/judeezeh/Desktop/Zoomcamp-project/venv/lib/python3.11/site-packages/airflow/example_dags/example_python_decorator.py took 0.054 seconds
[2025-04-05T11:22:53.464+0100] {processor.py:161} INFO - Started process (PID=17426) to work on /Users/judeezeh/Desktop/Zoomcamp-project/venv/lib/python3.11/site-packages/airflow/example_dags/example_python_decorator.py
[2025-04-05T11:22:53.465+0100] {processor.py:830} INFO - Processing file /Users/judeezeh/Desktop/Zoomcamp-project/venv/lib/python3.11/site-packages/airflow/example_dags/example_python_decorator.py for tasks to queue
[2025-04-05T11:22:53.465+0100] {logging_mixin.py:188} INFO - [2025-04-05T11:22:53.465+0100] {dagbag.py:540} INFO - Filling up the DagBag from /Users/judeezeh/Desktop/Zoomcamp-project/venv/lib/python3.11/site-packages/airflow/example_dags/example_python_decorator.py
[2025-04-05T11:22:53.476+0100] {logging_mixin.py:188} INFO - [2025-04-05T11:22:53.476+0100] {example_python_decorator.py:80} WARNING - The virtalenv_python example task requires virtualenv, please install it.
[2025-04-05T11:22:53.477+0100] {processor.py:840} INFO - DAG(s) 'example_python_decorator' retrieved from /Users/judeezeh/Desktop/Zoomcamp-project/venv/lib/python3.11/site-packages/airflow/example_dags/example_python_decorator.py
[2025-04-05T11:22:53.506+0100] {logging_mixin.py:188} INFO - [2025-04-05T11:22:53.506+0100] {dag.py:3096} INFO - Sync 1 DAGs
[2025-04-05T11:22:53.509+0100] {logging_mixin.py:188} INFO - [2025-04-05T11:22:53.509+0100] {dag.py:3954} INFO - Setting next_dagrun for example_python_decorator to None, run_after=None
[2025-04-05T11:22:53.515+0100] {processor.py:183} INFO - Processing /Users/judeezeh/Desktop/Zoomcamp-project/venv/lib/python3.11/site-packages/airflow/example_dags/example_python_decorator.py took 0.052 seconds
[2025-04-05T11:24:29.700+0100] {processor.py:161} INFO - Started process (PID=17563) to work on /Users/judeezeh/Desktop/Zoomcamp-project/venv/lib/python3.11/site-packages/airflow/example_dags/example_python_decorator.py
[2025-04-05T11:24:29.700+0100] {processor.py:830} INFO - Processing file /Users/judeezeh/Desktop/Zoomcamp-project/venv/lib/python3.11/site-packages/airflow/example_dags/example_python_decorator.py for tasks to queue
[2025-04-05T11:24:29.701+0100] {logging_mixin.py:188} INFO - [2025-04-05T11:24:29.701+0100] {dagbag.py:540} INFO - Filling up the DagBag from /Users/judeezeh/Desktop/Zoomcamp-project/venv/lib/python3.11/site-packages/airflow/example_dags/example_python_decorator.py
[2025-04-05T11:24:29.713+0100] {logging_mixin.py:188} INFO - [2025-04-05T11:24:29.712+0100] {example_python_decorator.py:80} WARNING - The virtalenv_python example task requires virtualenv, please install it.
[2025-04-05T11:24:29.713+0100] {processor.py:840} INFO - DAG(s) 'example_python_decorator' retrieved from /Users/judeezeh/Desktop/Zoomcamp-project/venv/lib/python3.11/site-packages/airflow/example_dags/example_python_decorator.py
[2025-04-05T11:24:29.742+0100] {logging_mixin.py:188} INFO - [2025-04-05T11:24:29.742+0100] {dag.py:3096} INFO - Sync 1 DAGs
[2025-04-05T11:24:29.745+0100] {logging_mixin.py:188} INFO - [2025-04-05T11:24:29.745+0100] {dag.py:3954} INFO - Setting next_dagrun for example_python_decorator to None, run_after=None
[2025-04-05T11:24:29.752+0100] {processor.py:183} INFO - Processing /Users/judeezeh/Desktop/Zoomcamp-project/venv/lib/python3.11/site-packages/airflow/example_dags/example_python_decorator.py took 0.053 seconds
[2025-04-05T11:26:07.966+0100] {processor.py:161} INFO - Started process (PID=17699) to work on /Users/judeezeh/Desktop/Zoomcamp-project/venv/lib/python3.11/site-packages/airflow/example_dags/example_python_decorator.py
[2025-04-05T11:26:07.966+0100] {processor.py:830} INFO - Processing file /Users/judeezeh/Desktop/Zoomcamp-project/venv/lib/python3.11/site-packages/airflow/example_dags/example_python_decorator.py for tasks to queue
[2025-04-05T11:26:07.966+0100] {logging_mixin.py:188} INFO - [2025-04-05T11:26:07.966+0100] {dagbag.py:540} INFO - Filling up the DagBag from /Users/judeezeh/Desktop/Zoomcamp-project/venv/lib/python3.11/site-packages/airflow/example_dags/example_python_decorator.py
[2025-04-05T11:26:07.978+0100] {logging_mixin.py:188} INFO - [2025-04-05T11:26:07.978+0100] {example_python_decorator.py:80} WARNING - The virtalenv_python example task requires virtualenv, please install it.
[2025-04-05T11:26:07.979+0100] {processor.py:840} INFO - DAG(s) 'example_python_decorator' retrieved from /Users/judeezeh/Desktop/Zoomcamp-project/venv/lib/python3.11/site-packages/airflow/example_dags/example_python_decorator.py
[2025-04-05T11:26:08.008+0100] {logging_mixin.py:188} INFO - [2025-04-05T11:26:08.008+0100] {dag.py:3096} INFO - Sync 1 DAGs
[2025-04-05T11:26:08.011+0100] {logging_mixin.py:188} INFO - [2025-04-05T11:26:08.011+0100] {dag.py:3954} INFO - Setting next_dagrun for example_python_decorator to None, run_after=None
[2025-04-05T11:26:08.017+0100] {processor.py:183} INFO - Processing /Users/judeezeh/Desktop/Zoomcamp-project/venv/lib/python3.11/site-packages/airflow/example_dags/example_python_decorator.py took 0.053 seconds
[2025-04-05T11:27:53.091+0100] {processor.py:161} INFO - Started process (PID=17854) to work on /Users/judeezeh/Desktop/Zoomcamp-project/venv/lib/python3.11/site-packages/airflow/example_dags/example_python_decorator.py
[2025-04-05T11:27:53.091+0100] {processor.py:830} INFO - Processing file /Users/judeezeh/Desktop/Zoomcamp-project/venv/lib/python3.11/site-packages/airflow/example_dags/example_python_decorator.py for tasks to queue
[2025-04-05T11:27:53.092+0100] {logging_mixin.py:188} INFO - [2025-04-05T11:27:53.091+0100] {dagbag.py:540} INFO - Filling up the DagBag from /Users/judeezeh/Desktop/Zoomcamp-project/venv/lib/python3.11/site-packages/airflow/example_dags/example_python_decorator.py
[2025-04-05T11:27:53.103+0100] {logging_mixin.py:188} INFO - [2025-04-05T11:27:53.103+0100] {example_python_decorator.py:80} WARNING - The virtalenv_python example task requires virtualenv, please install it.
[2025-04-05T11:27:53.104+0100] {processor.py:840} INFO - DAG(s) 'example_python_decorator' retrieved from /Users/judeezeh/Desktop/Zoomcamp-project/venv/lib/python3.11/site-packages/airflow/example_dags/example_python_decorator.py
[2025-04-05T11:27:53.133+0100] {logging_mixin.py:188} INFO - [2025-04-05T11:27:53.133+0100] {dag.py:3096} INFO - Sync 1 DAGs
[2025-04-05T11:27:53.136+0100] {logging_mixin.py:188} INFO - [2025-04-05T11:27:53.136+0100] {dag.py:3954} INFO - Setting next_dagrun for example_python_decorator to None, run_after=None
[2025-04-05T11:27:53.143+0100] {processor.py:183} INFO - Processing /Users/judeezeh/Desktop/Zoomcamp-project/venv/lib/python3.11/site-packages/airflow/example_dags/example_python_decorator.py took 0.053 seconds
[2025-04-05T11:29:44.578+0100] {processor.py:161} INFO - Started process (PID=18010) to work on /Users/judeezeh/Desktop/Zoomcamp-project/venv/lib/python3.11/site-packages/airflow/example_dags/example_python_decorator.py
[2025-04-05T11:29:44.579+0100] {processor.py:830} INFO - Processing file /Users/judeezeh/Desktop/Zoomcamp-project/venv/lib/python3.11/site-packages/airflow/example_dags/example_python_decorator.py for tasks to queue
[2025-04-05T11:29:44.579+0100] {logging_mixin.py:188} INFO - [2025-04-05T11:29:44.579+0100] {dagbag.py:540} INFO - Filling up the DagBag from /Users/judeezeh/Desktop/Zoomcamp-project/venv/lib/python3.11/site-packages/airflow/example_dags/example_python_decorator.py
[2025-04-05T11:29:44.591+0100] {logging_mixin.py:188} INFO - [2025-04-05T11:29:44.591+0100] {example_python_decorator.py:80} WARNING - The virtalenv_python example task requires virtualenv, please install it.
[2025-04-05T11:29:44.592+0100] {processor.py:840} INFO - DAG(s) 'example_python_decorator' retrieved from /Users/judeezeh/Desktop/Zoomcamp-project/venv/lib/python3.11/site-packages/airflow/example_dags/example_python_decorator.py
[2025-04-05T11:29:44.623+0100] {logging_mixin.py:188} INFO - [2025-04-05T11:29:44.623+0100] {dag.py:3096} INFO - Sync 1 DAGs
[2025-04-05T11:29:44.626+0100] {logging_mixin.py:188} INFO - [2025-04-05T11:29:44.626+0100] {dag.py:3954} INFO - Setting next_dagrun for example_python_decorator to None, run_after=None
[2025-04-05T11:29:44.633+0100] {processor.py:183} INFO - Processing /Users/judeezeh/Desktop/Zoomcamp-project/venv/lib/python3.11/site-packages/airflow/example_dags/example_python_decorator.py took 0.056 seconds
[2025-04-05T11:31:26.768+0100] {processor.py:161} INFO - Started process (PID=18161) to work on /Users/judeezeh/Desktop/Zoomcamp-project/venv/lib/python3.11/site-packages/airflow/example_dags/example_python_decorator.py
[2025-04-05T11:31:26.769+0100] {processor.py:830} INFO - Processing file /Users/judeezeh/Desktop/Zoomcamp-project/venv/lib/python3.11/site-packages/airflow/example_dags/example_python_decorator.py for tasks to queue
[2025-04-05T11:31:26.769+0100] {logging_mixin.py:188} INFO - [2025-04-05T11:31:26.769+0100] {dagbag.py:540} INFO - Filling up the DagBag from /Users/judeezeh/Desktop/Zoomcamp-project/venv/lib/python3.11/site-packages/airflow/example_dags/example_python_decorator.py
[2025-04-05T11:31:26.781+0100] {logging_mixin.py:188} INFO - [2025-04-05T11:31:26.781+0100] {example_python_decorator.py:80} WARNING - The virtalenv_python example task requires virtualenv, please install it.
[2025-04-05T11:31:26.781+0100] {processor.py:840} INFO - DAG(s) 'example_python_decorator' retrieved from /Users/judeezeh/Desktop/Zoomcamp-project/venv/lib/python3.11/site-packages/airflow/example_dags/example_python_decorator.py
[2025-04-05T11:31:26.810+0100] {logging_mixin.py:188} INFO - [2025-04-05T11:31:26.810+0100] {dag.py:3096} INFO - Sync 1 DAGs
[2025-04-05T11:31:26.813+0100] {logging_mixin.py:188} INFO - [2025-04-05T11:31:26.813+0100] {dag.py:3954} INFO - Setting next_dagrun for example_python_decorator to None, run_after=None
[2025-04-05T11:31:26.820+0100] {processor.py:183} INFO - Processing /Users/judeezeh/Desktop/Zoomcamp-project/venv/lib/python3.11/site-packages/airflow/example_dags/example_python_decorator.py took 0.053 seconds
[2025-04-05T11:33:07.755+0100] {processor.py:161} INFO - Started process (PID=18312) to work on /Users/judeezeh/Desktop/Zoomcamp-project/venv/lib/python3.11/site-packages/airflow/example_dags/example_python_decorator.py
[2025-04-05T11:33:07.756+0100] {processor.py:830} INFO - Processing file /Users/judeezeh/Desktop/Zoomcamp-project/venv/lib/python3.11/site-packages/airflow/example_dags/example_python_decorator.py for tasks to queue
[2025-04-05T11:33:07.756+0100] {logging_mixin.py:188} INFO - [2025-04-05T11:33:07.756+0100] {dagbag.py:540} INFO - Filling up the DagBag from /Users/judeezeh/Desktop/Zoomcamp-project/venv/lib/python3.11/site-packages/airflow/example_dags/example_python_decorator.py
[2025-04-05T11:33:07.767+0100] {logging_mixin.py:188} INFO - [2025-04-05T11:33:07.767+0100] {example_python_decorator.py:80} WARNING - The virtalenv_python example task requires virtualenv, please install it.
[2025-04-05T11:33:07.768+0100] {processor.py:840} INFO - DAG(s) 'example_python_decorator' retrieved from /Users/judeezeh/Desktop/Zoomcamp-project/venv/lib/python3.11/site-packages/airflow/example_dags/example_python_decorator.py
[2025-04-05T11:33:07.797+0100] {logging_mixin.py:188} INFO - [2025-04-05T11:33:07.796+0100] {dag.py:3096} INFO - Sync 1 DAGs
[2025-04-05T11:33:07.799+0100] {logging_mixin.py:188} INFO - [2025-04-05T11:33:07.799+0100] {dag.py:3954} INFO - Setting next_dagrun for example_python_decorator to None, run_after=None
[2025-04-05T11:33:07.806+0100] {processor.py:183} INFO - Processing /Users/judeezeh/Desktop/Zoomcamp-project/venv/lib/python3.11/site-packages/airflow/example_dags/example_python_decorator.py took 0.052 seconds
[2025-04-05T11:34:52.127+0100] {processor.py:161} INFO - Started process (PID=18461) to work on /Users/judeezeh/Desktop/Zoomcamp-project/venv/lib/python3.11/site-packages/airflow/example_dags/example_python_decorator.py
[2025-04-05T11:34:52.128+0100] {processor.py:830} INFO - Processing file /Users/judeezeh/Desktop/Zoomcamp-project/venv/lib/python3.11/site-packages/airflow/example_dags/example_python_decorator.py for tasks to queue
[2025-04-05T11:34:52.128+0100] {logging_mixin.py:188} INFO - [2025-04-05T11:34:52.128+0100] {dagbag.py:540} INFO - Filling up the DagBag from /Users/judeezeh/Desktop/Zoomcamp-project/venv/lib/python3.11/site-packages/airflow/example_dags/example_python_decorator.py
[2025-04-05T11:34:52.139+0100] {logging_mixin.py:188} INFO - [2025-04-05T11:34:52.139+0100] {example_python_decorator.py:80} WARNING - The virtalenv_python example task requires virtualenv, please install it.
[2025-04-05T11:34:52.140+0100] {processor.py:840} INFO - DAG(s) 'example_python_decorator' retrieved from /Users/judeezeh/Desktop/Zoomcamp-project/venv/lib/python3.11/site-packages/airflow/example_dags/example_python_decorator.py
[2025-04-05T11:34:52.170+0100] {logging_mixin.py:188} INFO - [2025-04-05T11:34:52.169+0100] {dag.py:3096} INFO - Sync 1 DAGs
[2025-04-05T11:34:52.172+0100] {logging_mixin.py:188} INFO - [2025-04-05T11:34:52.172+0100] {dag.py:3954} INFO - Setting next_dagrun for example_python_decorator to None, run_after=None
[2025-04-05T11:34:52.179+0100] {processor.py:183} INFO - Processing /Users/judeezeh/Desktop/Zoomcamp-project/venv/lib/python3.11/site-packages/airflow/example_dags/example_python_decorator.py took 0.053 seconds
[2025-04-05T11:36:32.680+0100] {processor.py:161} INFO - Started process (PID=18598) to work on /Users/judeezeh/Desktop/Zoomcamp-project/venv/lib/python3.11/site-packages/airflow/example_dags/example_python_decorator.py
[2025-04-05T11:36:32.681+0100] {processor.py:830} INFO - Processing file /Users/judeezeh/Desktop/Zoomcamp-project/venv/lib/python3.11/site-packages/airflow/example_dags/example_python_decorator.py for tasks to queue
[2025-04-05T11:36:32.681+0100] {logging_mixin.py:188} INFO - [2025-04-05T11:36:32.681+0100] {dagbag.py:540} INFO - Filling up the DagBag from /Users/judeezeh/Desktop/Zoomcamp-project/venv/lib/python3.11/site-packages/airflow/example_dags/example_python_decorator.py
[2025-04-05T11:36:32.692+0100] {logging_mixin.py:188} INFO - [2025-04-05T11:36:32.692+0100] {example_python_decorator.py:80} WARNING - The virtalenv_python example task requires virtualenv, please install it.
[2025-04-05T11:36:32.693+0100] {processor.py:840} INFO - DAG(s) 'example_python_decorator' retrieved from /Users/judeezeh/Desktop/Zoomcamp-project/venv/lib/python3.11/site-packages/airflow/example_dags/example_python_decorator.py
[2025-04-05T11:36:32.722+0100] {logging_mixin.py:188} INFO - [2025-04-05T11:36:32.722+0100] {dag.py:3096} INFO - Sync 1 DAGs
[2025-04-05T11:36:32.725+0100] {logging_mixin.py:188} INFO - [2025-04-05T11:36:32.725+0100] {dag.py:3954} INFO - Setting next_dagrun for example_python_decorator to None, run_after=None
[2025-04-05T11:36:32.731+0100] {processor.py:183} INFO - Processing /Users/judeezeh/Desktop/Zoomcamp-project/venv/lib/python3.11/site-packages/airflow/example_dags/example_python_decorator.py took 0.052 seconds
[2025-04-05T11:38:57.729+0100] {processor.py:161} INFO - Started process (PID=18832) to work on /Users/judeezeh/Desktop/Zoomcamp-project/venv/lib/python3.11/site-packages/airflow/example_dags/example_python_decorator.py
[2025-04-05T11:38:57.730+0100] {processor.py:830} INFO - Processing file /Users/judeezeh/Desktop/Zoomcamp-project/venv/lib/python3.11/site-packages/airflow/example_dags/example_python_decorator.py for tasks to queue
[2025-04-05T11:38:57.731+0100] {logging_mixin.py:188} INFO - [2025-04-05T11:38:57.731+0100] {dagbag.py:540} INFO - Filling up the DagBag from /Users/judeezeh/Desktop/Zoomcamp-project/venv/lib/python3.11/site-packages/airflow/example_dags/example_python_decorator.py
[2025-04-05T11:38:57.742+0100] {logging_mixin.py:188} INFO - [2025-04-05T11:38:57.742+0100] {example_python_decorator.py:80} WARNING - The virtalenv_python example task requires virtualenv, please install it.
[2025-04-05T11:38:57.742+0100] {processor.py:840} INFO - DAG(s) 'example_python_decorator' retrieved from /Users/judeezeh/Desktop/Zoomcamp-project/venv/lib/python3.11/site-packages/airflow/example_dags/example_python_decorator.py
[2025-04-05T11:38:57.771+0100] {logging_mixin.py:188} INFO - [2025-04-05T11:38:57.771+0100] {dag.py:3096} INFO - Sync 1 DAGs
[2025-04-05T11:38:57.773+0100] {logging_mixin.py:188} INFO - [2025-04-05T11:38:57.773+0100] {dag.py:3954} INFO - Setting next_dagrun for example_python_decorator to None, run_after=None
[2025-04-05T11:38:57.780+0100] {processor.py:183} INFO - Processing /Users/judeezeh/Desktop/Zoomcamp-project/venv/lib/python3.11/site-packages/airflow/example_dags/example_python_decorator.py took 0.052 seconds
[2025-04-05T11:40:17.698+0100] {processor.py:161} INFO - Started process (PID=18965) to work on /Users/judeezeh/Desktop/Zoomcamp-project/venv/lib/python3.11/site-packages/airflow/example_dags/example_python_decorator.py
[2025-04-05T11:40:17.699+0100] {processor.py:830} INFO - Processing file /Users/judeezeh/Desktop/Zoomcamp-project/venv/lib/python3.11/site-packages/airflow/example_dags/example_python_decorator.py for tasks to queue
[2025-04-05T11:40:17.699+0100] {logging_mixin.py:188} INFO - [2025-04-05T11:40:17.699+0100] {dagbag.py:540} INFO - Filling up the DagBag from /Users/judeezeh/Desktop/Zoomcamp-project/venv/lib/python3.11/site-packages/airflow/example_dags/example_python_decorator.py
[2025-04-05T11:40:17.711+0100] {logging_mixin.py:188} INFO - [2025-04-05T11:40:17.711+0100] {example_python_decorator.py:80} WARNING - The virtalenv_python example task requires virtualenv, please install it.
[2025-04-05T11:40:17.712+0100] {processor.py:840} INFO - DAG(s) 'example_python_decorator' retrieved from /Users/judeezeh/Desktop/Zoomcamp-project/venv/lib/python3.11/site-packages/airflow/example_dags/example_python_decorator.py
[2025-04-05T11:40:17.741+0100] {logging_mixin.py:188} INFO - [2025-04-05T11:40:17.741+0100] {dag.py:3096} INFO - Sync 1 DAGs
[2025-04-05T11:40:17.743+0100] {logging_mixin.py:188} INFO - [2025-04-05T11:40:17.743+0100] {dag.py:3954} INFO - Setting next_dagrun for example_python_decorator to None, run_after=None
[2025-04-05T11:40:17.750+0100] {processor.py:183} INFO - Processing /Users/judeezeh/Desktop/Zoomcamp-project/venv/lib/python3.11/site-packages/airflow/example_dags/example_python_decorator.py took 0.053 seconds
[2025-04-05T11:41:50.550+0100] {processor.py:161} INFO - Started process (PID=19134) to work on /Users/judeezeh/Desktop/Zoomcamp-project/venv/lib/python3.11/site-packages/airflow/example_dags/example_python_decorator.py
[2025-04-05T11:41:50.551+0100] {processor.py:830} INFO - Processing file /Users/judeezeh/Desktop/Zoomcamp-project/venv/lib/python3.11/site-packages/airflow/example_dags/example_python_decorator.py for tasks to queue
[2025-04-05T11:41:50.551+0100] {logging_mixin.py:188} INFO - [2025-04-05T11:41:50.551+0100] {dagbag.py:540} INFO - Filling up the DagBag from /Users/judeezeh/Desktop/Zoomcamp-project/venv/lib/python3.11/site-packages/airflow/example_dags/example_python_decorator.py
[2025-04-05T11:41:50.563+0100] {logging_mixin.py:188} INFO - [2025-04-05T11:41:50.563+0100] {example_python_decorator.py:80} WARNING - The virtalenv_python example task requires virtualenv, please install it.
[2025-04-05T11:41:50.564+0100] {processor.py:840} INFO - DAG(s) 'example_python_decorator' retrieved from /Users/judeezeh/Desktop/Zoomcamp-project/venv/lib/python3.11/site-packages/airflow/example_dags/example_python_decorator.py
[2025-04-05T11:41:50.592+0100] {logging_mixin.py:188} INFO - [2025-04-05T11:41:50.592+0100] {dag.py:3096} INFO - Sync 1 DAGs
[2025-04-05T11:41:50.595+0100] {logging_mixin.py:188} INFO - [2025-04-05T11:41:50.595+0100] {dag.py:3954} INFO - Setting next_dagrun for example_python_decorator to None, run_after=None
[2025-04-05T11:41:50.602+0100] {processor.py:183} INFO - Processing /Users/judeezeh/Desktop/Zoomcamp-project/venv/lib/python3.11/site-packages/airflow/example_dags/example_python_decorator.py took 0.053 seconds
