[2025-04-05T11:16:08.333+0100] {processor.py:161} INFO - Started process (PID=16791) to work on /Users/judeezeh/Desktop/Zoomcamp-project/venv/lib/python3.11/site-packages/airflow/example_dags/example_branch_day_of_week_operator.py
[2025-04-05T11:16:08.333+0100] {processor.py:830} INFO - Processing file /Users/judeezeh/Desktop/Zoomcamp-project/venv/lib/python3.11/site-packages/airflow/example_dags/example_branch_day_of_week_operator.py for tasks to queue
[2025-04-05T11:16:08.334+0100] {logging_mixin.py:188} INFO - [2025-04-05T11:16:08.334+0100] {dagbag.py:540} INFO - Filling up the DagBag from /Users/judeezeh/Desktop/Zoomcamp-project/venv/lib/python3.11/site-packages/airflow/example_dags/example_branch_day_of_week_operator.py
[2025-04-05T11:16:08.338+0100] {processor.py:840} INFO - DAG(s) 'example_weekday_branch_operator' retrieved from /Users/judeezeh/Desktop/Zoomcamp-project/venv/lib/python3.11/site-packages/airflow/example_dags/example_branch_day_of_week_operator.py
[2025-04-05T11:16:08.399+0100] {logging_mixin.py:188} INFO - [2025-04-05T11:16:08.398+0100] {override.py:1930} INFO - Created Permission View: can read on DAG:example_weekday_branch_operator
[2025-04-05T11:16:08.425+0100] {logging_mixin.py:188} INFO - [2025-04-05T11:16:08.425+0100] {override.py:1930} INFO - Created Permission View: can edit on DAG:example_weekday_branch_operator
[2025-04-05T11:16:08.427+0100] {logging_mixin.py:188} INFO - [2025-04-05T11:16:08.427+0100] {override.py:1930} INFO - Created Permission View: can delete on DAG:example_weekday_branch_operator
[2025-04-05T11:16:08.427+0100] {logging_mixin.py:188} INFO - [2025-04-05T11:16:08.427+0100] {dag.py:3096} INFO - Sync 1 DAGs
[2025-04-05T11:16:08.430+0100] {logging_mixin.py:188} INFO - [2025-04-05T11:16:08.430+0100] {dag.py:3118} INFO - Creating ORM DAG for example_weekday_branch_operator
[2025-04-05T11:16:08.432+0100] {logging_mixin.py:188} INFO - [2025-04-05T11:16:08.432+0100] {dag.py:3954} INFO - Setting next_dagrun for example_weekday_branch_operator to 2025-04-04T00:00:00+00:00, run_after=2025-04-05T00:00:00+00:00
[2025-04-05T11:16:08.438+0100] {processor.py:183} INFO - Processing /Users/judeezeh/Desktop/Zoomcamp-project/venv/lib/python3.11/site-packages/airflow/example_dags/example_branch_day_of_week_operator.py took 0.106 seconds
[2025-04-05T11:17:40.397+0100] {processor.py:161} INFO - Started process (PID=16936) to work on /Users/judeezeh/Desktop/Zoomcamp-project/venv/lib/python3.11/site-packages/airflow/example_dags/example_branch_day_of_week_operator.py
[2025-04-05T11:17:40.398+0100] {processor.py:830} INFO - Processing file /Users/judeezeh/Desktop/Zoomcamp-project/venv/lib/python3.11/site-packages/airflow/example_dags/example_branch_day_of_week_operator.py for tasks to queue
[2025-04-05T11:17:40.398+0100] {logging_mixin.py:188} INFO - [2025-04-05T11:17:40.398+0100] {dagbag.py:540} INFO - Filling up the DagBag from /Users/judeezeh/Desktop/Zoomcamp-project/venv/lib/python3.11/site-packages/airflow/example_dags/example_branch_day_of_week_operator.py
[2025-04-05T11:17:40.401+0100] {processor.py:840} INFO - DAG(s) 'example_weekday_branch_operator' retrieved from /Users/judeezeh/Desktop/Zoomcamp-project/venv/lib/python3.11/site-packages/airflow/example_dags/example_branch_day_of_week_operator.py
[2025-04-05T11:17:40.431+0100] {logging_mixin.py:188} INFO - [2025-04-05T11:17:40.431+0100] {dag.py:3096} INFO - Sync 1 DAGs
[2025-04-05T11:17:40.436+0100] {logging_mixin.py:188} INFO - [2025-04-05T11:17:40.436+0100] {dag.py:3954} INFO - Setting next_dagrun for example_weekday_branch_operator to 2025-04-04T00:00:00+00:00, run_after=2025-04-05T00:00:00+00:00
[2025-04-05T11:17:40.443+0100] {processor.py:183} INFO - Processing /Users/judeezeh/Desktop/Zoomcamp-project/venv/lib/python3.11/site-packages/airflow/example_dags/example_branch_day_of_week_operator.py took 0.047 seconds
[2025-04-05T11:20:09.367+0100] {processor.py:161} INFO - Started process (PID=17192) to work on /Users/judeezeh/Desktop/Zoomcamp-project/venv/lib/python3.11/site-packages/airflow/example_dags/example_branch_day_of_week_operator.py
[2025-04-05T11:20:09.368+0100] {processor.py:830} INFO - Processing file /Users/judeezeh/Desktop/Zoomcamp-project/venv/lib/python3.11/site-packages/airflow/example_dags/example_branch_day_of_week_operator.py for tasks to queue
[2025-04-05T11:20:09.368+0100] {logging_mixin.py:188} INFO - [2025-04-05T11:20:09.368+0100] {dagbag.py:540} INFO - Filling up the DagBag from /Users/judeezeh/Desktop/Zoomcamp-project/venv/lib/python3.11/site-packages/airflow/example_dags/example_branch_day_of_week_operator.py
[2025-04-05T11:20:09.371+0100] {processor.py:840} INFO - DAG(s) 'example_weekday_branch_operator' retrieved from /Users/judeezeh/Desktop/Zoomcamp-project/venv/lib/python3.11/site-packages/airflow/example_dags/example_branch_day_of_week_operator.py
[2025-04-05T11:20:09.401+0100] {logging_mixin.py:188} INFO - [2025-04-05T11:20:09.401+0100] {dag.py:3096} INFO - Sync 1 DAGs
[2025-04-05T11:20:09.406+0100] {logging_mixin.py:188} INFO - [2025-04-05T11:20:09.406+0100] {dag.py:3954} INFO - Setting next_dagrun for example_weekday_branch_operator to 2025-04-04T00:00:00+00:00, run_after=2025-04-05T00:00:00+00:00
[2025-04-05T11:20:09.413+0100] {processor.py:183} INFO - Processing /Users/judeezeh/Desktop/Zoomcamp-project/venv/lib/python3.11/site-packages/airflow/example_dags/example_branch_day_of_week_operator.py took 0.047 seconds
[2025-04-05T11:22:05.472+0100] {processor.py:161} INFO - Started process (PID=17359) to work on /Users/judeezeh/Desktop/Zoomcamp-project/venv/lib/python3.11/site-packages/airflow/example_dags/example_branch_day_of_week_operator.py
[2025-04-05T11:22:05.473+0100] {processor.py:830} INFO - Processing file /Users/judeezeh/Desktop/Zoomcamp-project/venv/lib/python3.11/site-packages/airflow/example_dags/example_branch_day_of_week_operator.py for tasks to queue
[2025-04-05T11:22:05.474+0100] {logging_mixin.py:188} INFO - [2025-04-05T11:22:05.473+0100] {dagbag.py:540} INFO - Filling up the DagBag from /Users/judeezeh/Desktop/Zoomcamp-project/venv/lib/python3.11/site-packages/airflow/example_dags/example_branch_day_of_week_operator.py
[2025-04-05T11:22:05.477+0100] {processor.py:840} INFO - DAG(s) 'example_weekday_branch_operator' retrieved from /Users/judeezeh/Desktop/Zoomcamp-project/venv/lib/python3.11/site-packages/airflow/example_dags/example_branch_day_of_week_operator.py
[2025-04-05T11:22:05.506+0100] {logging_mixin.py:188} INFO - [2025-04-05T11:22:05.506+0100] {dag.py:3096} INFO - Sync 1 DAGs
[2025-04-05T11:22:05.511+0100] {logging_mixin.py:188} INFO - [2025-04-05T11:22:05.511+0100] {dag.py:3954} INFO - Setting next_dagrun for example_weekday_branch_operator to 2025-04-04T00:00:00+00:00, run_after=2025-04-05T00:00:00+00:00
[2025-04-05T11:22:05.518+0100] {processor.py:183} INFO - Processing /Users/judeezeh/Desktop/Zoomcamp-project/venv/lib/python3.11/site-packages/airflow/example_dags/example_branch_day_of_week_operator.py took 0.047 seconds
[2025-04-05T11:23:43.945+0100] {processor.py:161} INFO - Started process (PID=17502) to work on /Users/judeezeh/Desktop/Zoomcamp-project/venv/lib/python3.11/site-packages/airflow/example_dags/example_branch_day_of_week_operator.py
[2025-04-05T11:23:43.946+0100] {processor.py:830} INFO - Processing file /Users/judeezeh/Desktop/Zoomcamp-project/venv/lib/python3.11/site-packages/airflow/example_dags/example_branch_day_of_week_operator.py for tasks to queue
[2025-04-05T11:23:43.947+0100] {logging_mixin.py:188} INFO - [2025-04-05T11:23:43.947+0100] {dagbag.py:540} INFO - Filling up the DagBag from /Users/judeezeh/Desktop/Zoomcamp-project/venv/lib/python3.11/site-packages/airflow/example_dags/example_branch_day_of_week_operator.py
[2025-04-05T11:23:43.950+0100] {processor.py:840} INFO - DAG(s) 'example_weekday_branch_operator' retrieved from /Users/judeezeh/Desktop/Zoomcamp-project/venv/lib/python3.11/site-packages/airflow/example_dags/example_branch_day_of_week_operator.py
[2025-04-05T11:23:43.980+0100] {logging_mixin.py:188} INFO - [2025-04-05T11:23:43.979+0100] {dag.py:3096} INFO - Sync 1 DAGs
[2025-04-05T11:23:43.985+0100] {logging_mixin.py:188} INFO - [2025-04-05T11:23:43.985+0100] {dag.py:3954} INFO - Setting next_dagrun for example_weekday_branch_operator to 2025-04-04T00:00:00+00:00, run_after=2025-04-05T00:00:00+00:00
[2025-04-05T11:23:43.991+0100] {processor.py:183} INFO - Processing /Users/judeezeh/Desktop/Zoomcamp-project/venv/lib/python3.11/site-packages/airflow/example_dags/example_branch_day_of_week_operator.py took 0.047 seconds
[2025-04-05T11:25:25.116+0100] {processor.py:161} INFO - Started process (PID=17639) to work on /Users/judeezeh/Desktop/Zoomcamp-project/venv/lib/python3.11/site-packages/airflow/example_dags/example_branch_day_of_week_operator.py
[2025-04-05T11:25:25.117+0100] {processor.py:830} INFO - Processing file /Users/judeezeh/Desktop/Zoomcamp-project/venv/lib/python3.11/site-packages/airflow/example_dags/example_branch_day_of_week_operator.py for tasks to queue
[2025-04-05T11:25:25.117+0100] {logging_mixin.py:188} INFO - [2025-04-05T11:25:25.117+0100] {dagbag.py:540} INFO - Filling up the DagBag from /Users/judeezeh/Desktop/Zoomcamp-project/venv/lib/python3.11/site-packages/airflow/example_dags/example_branch_day_of_week_operator.py
[2025-04-05T11:25:25.121+0100] {processor.py:840} INFO - DAG(s) 'example_weekday_branch_operator' retrieved from /Users/judeezeh/Desktop/Zoomcamp-project/venv/lib/python3.11/site-packages/airflow/example_dags/example_branch_day_of_week_operator.py
[2025-04-05T11:25:25.150+0100] {logging_mixin.py:188} INFO - [2025-04-05T11:25:25.150+0100] {dag.py:3096} INFO - Sync 1 DAGs
[2025-04-05T11:25:25.155+0100] {logging_mixin.py:188} INFO - [2025-04-05T11:25:25.155+0100] {dag.py:3954} INFO - Setting next_dagrun for example_weekday_branch_operator to 2025-04-04T00:00:00+00:00, run_after=2025-04-05T00:00:00+00:00
[2025-04-05T11:25:25.162+0100] {processor.py:183} INFO - Processing /Users/judeezeh/Desktop/Zoomcamp-project/venv/lib/python3.11/site-packages/airflow/example_dags/example_branch_day_of_week_operator.py took 0.047 seconds
[2025-04-05T11:27:02.497+0100] {processor.py:161} INFO - Started process (PID=17790) to work on /Users/judeezeh/Desktop/Zoomcamp-project/venv/lib/python3.11/site-packages/airflow/example_dags/example_branch_day_of_week_operator.py
[2025-04-05T11:27:02.498+0100] {processor.py:830} INFO - Processing file /Users/judeezeh/Desktop/Zoomcamp-project/venv/lib/python3.11/site-packages/airflow/example_dags/example_branch_day_of_week_operator.py for tasks to queue
[2025-04-05T11:27:02.498+0100] {logging_mixin.py:188} INFO - [2025-04-05T11:27:02.498+0100] {dagbag.py:540} INFO - Filling up the DagBag from /Users/judeezeh/Desktop/Zoomcamp-project/venv/lib/python3.11/site-packages/airflow/example_dags/example_branch_day_of_week_operator.py
[2025-04-05T11:27:02.502+0100] {processor.py:840} INFO - DAG(s) 'example_weekday_branch_operator' retrieved from /Users/judeezeh/Desktop/Zoomcamp-project/venv/lib/python3.11/site-packages/airflow/example_dags/example_branch_day_of_week_operator.py
[2025-04-05T11:27:02.533+0100] {logging_mixin.py:188} INFO - [2025-04-05T11:27:02.533+0100] {dag.py:3096} INFO - Sync 1 DAGs
[2025-04-05T11:27:02.538+0100] {logging_mixin.py:188} INFO - [2025-04-05T11:27:02.538+0100] {dag.py:3954} INFO - Setting next_dagrun for example_weekday_branch_operator to 2025-04-04T00:00:00+00:00, run_after=2025-04-05T00:00:00+00:00
[2025-04-05T11:27:02.545+0100] {processor.py:183} INFO - Processing /Users/judeezeh/Desktop/Zoomcamp-project/venv/lib/python3.11/site-packages/airflow/example_dags/example_branch_day_of_week_operator.py took 0.049 seconds
[2025-04-05T11:28:54.763+0100] {processor.py:161} INFO - Started process (PID=17945) to work on /Users/judeezeh/Desktop/Zoomcamp-project/venv/lib/python3.11/site-packages/airflow/example_dags/example_branch_day_of_week_operator.py
[2025-04-05T11:28:54.764+0100] {processor.py:830} INFO - Processing file /Users/judeezeh/Desktop/Zoomcamp-project/venv/lib/python3.11/site-packages/airflow/example_dags/example_branch_day_of_week_operator.py for tasks to queue
[2025-04-05T11:28:54.764+0100] {logging_mixin.py:188} INFO - [2025-04-05T11:28:54.764+0100] {dagbag.py:540} INFO - Filling up the DagBag from /Users/judeezeh/Desktop/Zoomcamp-project/venv/lib/python3.11/site-packages/airflow/example_dags/example_branch_day_of_week_operator.py
[2025-04-05T11:28:54.768+0100] {processor.py:840} INFO - DAG(s) 'example_weekday_branch_operator' retrieved from /Users/judeezeh/Desktop/Zoomcamp-project/venv/lib/python3.11/site-packages/airflow/example_dags/example_branch_day_of_week_operator.py
[2025-04-05T11:28:54.797+0100] {logging_mixin.py:188} INFO - [2025-04-05T11:28:54.797+0100] {dag.py:3096} INFO - Sync 1 DAGs
[2025-04-05T11:28:54.802+0100] {logging_mixin.py:188} INFO - [2025-04-05T11:28:54.802+0100] {dag.py:3954} INFO - Setting next_dagrun for example_weekday_branch_operator to 2025-04-04T00:00:00+00:00, run_after=2025-04-05T00:00:00+00:00
[2025-04-05T11:28:54.809+0100] {processor.py:183} INFO - Processing /Users/judeezeh/Desktop/Zoomcamp-project/venv/lib/python3.11/site-packages/airflow/example_dags/example_branch_day_of_week_operator.py took 0.047 seconds
[2025-04-05T11:30:44.085+0100] {processor.py:161} INFO - Started process (PID=18097) to work on /Users/judeezeh/Desktop/Zoomcamp-project/venv/lib/python3.11/site-packages/airflow/example_dags/example_branch_day_of_week_operator.py
[2025-04-05T11:30:44.086+0100] {processor.py:830} INFO - Processing file /Users/judeezeh/Desktop/Zoomcamp-project/venv/lib/python3.11/site-packages/airflow/example_dags/example_branch_day_of_week_operator.py for tasks to queue
[2025-04-05T11:30:44.086+0100] {logging_mixin.py:188} INFO - [2025-04-05T11:30:44.086+0100] {dagbag.py:540} INFO - Filling up the DagBag from /Users/judeezeh/Desktop/Zoomcamp-project/venv/lib/python3.11/site-packages/airflow/example_dags/example_branch_day_of_week_operator.py
[2025-04-05T11:30:44.090+0100] {processor.py:840} INFO - DAG(s) 'example_weekday_branch_operator' retrieved from /Users/judeezeh/Desktop/Zoomcamp-project/venv/lib/python3.11/site-packages/airflow/example_dags/example_branch_day_of_week_operator.py
[2025-04-05T11:30:44.121+0100] {logging_mixin.py:188} INFO - [2025-04-05T11:30:44.121+0100] {dag.py:3096} INFO - Sync 1 DAGs
[2025-04-05T11:30:44.126+0100] {logging_mixin.py:188} INFO - [2025-04-05T11:30:44.126+0100] {dag.py:3954} INFO - Setting next_dagrun for example_weekday_branch_operator to 2025-04-04T00:00:00+00:00, run_after=2025-04-05T00:00:00+00:00
[2025-04-05T11:30:44.133+0100] {processor.py:183} INFO - Processing /Users/judeezeh/Desktop/Zoomcamp-project/venv/lib/python3.11/site-packages/airflow/example_dags/example_branch_day_of_week_operator.py took 0.049 seconds
[2025-04-05T11:32:21.234+0100] {processor.py:161} INFO - Started process (PID=18245) to work on /Users/judeezeh/Desktop/Zoomcamp-project/venv/lib/python3.11/site-packages/airflow/example_dags/example_branch_day_of_week_operator.py
[2025-04-05T11:32:21.235+0100] {processor.py:830} INFO - Processing file /Users/judeezeh/Desktop/Zoomcamp-project/venv/lib/python3.11/site-packages/airflow/example_dags/example_branch_day_of_week_operator.py for tasks to queue
[2025-04-05T11:32:21.235+0100] {logging_mixin.py:188} INFO - [2025-04-05T11:32:21.235+0100] {dagbag.py:540} INFO - Filling up the DagBag from /Users/judeezeh/Desktop/Zoomcamp-project/venv/lib/python3.11/site-packages/airflow/example_dags/example_branch_day_of_week_operator.py
[2025-04-05T11:32:21.239+0100] {processor.py:840} INFO - DAG(s) 'example_weekday_branch_operator' retrieved from /Users/judeezeh/Desktop/Zoomcamp-project/venv/lib/python3.11/site-packages/airflow/example_dags/example_branch_day_of_week_operator.py
[2025-04-05T11:32:21.268+0100] {logging_mixin.py:188} INFO - [2025-04-05T11:32:21.268+0100] {dag.py:3096} INFO - Sync 1 DAGs
[2025-04-05T11:32:21.274+0100] {logging_mixin.py:188} INFO - [2025-04-05T11:32:21.273+0100] {dag.py:3954} INFO - Setting next_dagrun for example_weekday_branch_operator to 2025-04-04T00:00:00+00:00, run_after=2025-04-05T00:00:00+00:00
[2025-04-05T11:32:21.280+0100] {processor.py:183} INFO - Processing /Users/judeezeh/Desktop/Zoomcamp-project/venv/lib/python3.11/site-packages/airflow/example_dags/example_branch_day_of_week_operator.py took 0.048 seconds
[2025-04-05T11:34:07.480+0100] {processor.py:161} INFO - Started process (PID=18397) to work on /Users/judeezeh/Desktop/Zoomcamp-project/venv/lib/python3.11/site-packages/airflow/example_dags/example_branch_day_of_week_operator.py
[2025-04-05T11:34:07.481+0100] {processor.py:830} INFO - Processing file /Users/judeezeh/Desktop/Zoomcamp-project/venv/lib/python3.11/site-packages/airflow/example_dags/example_branch_day_of_week_operator.py for tasks to queue
[2025-04-05T11:34:07.481+0100] {logging_mixin.py:188} INFO - [2025-04-05T11:34:07.481+0100] {dagbag.py:540} INFO - Filling up the DagBag from /Users/judeezeh/Desktop/Zoomcamp-project/venv/lib/python3.11/site-packages/airflow/example_dags/example_branch_day_of_week_operator.py
[2025-04-05T11:34:07.485+0100] {processor.py:840} INFO - DAG(s) 'example_weekday_branch_operator' retrieved from /Users/judeezeh/Desktop/Zoomcamp-project/venv/lib/python3.11/site-packages/airflow/example_dags/example_branch_day_of_week_operator.py
[2025-04-05T11:34:07.514+0100] {logging_mixin.py:188} INFO - [2025-04-05T11:34:07.514+0100] {dag.py:3096} INFO - Sync 1 DAGs
[2025-04-05T11:34:07.519+0100] {logging_mixin.py:188} INFO - [2025-04-05T11:34:07.519+0100] {dag.py:3954} INFO - Setting next_dagrun for example_weekday_branch_operator to 2025-04-04T00:00:00+00:00, run_after=2025-04-05T00:00:00+00:00
[2025-04-05T11:34:07.526+0100] {processor.py:183} INFO - Processing /Users/judeezeh/Desktop/Zoomcamp-project/venv/lib/python3.11/site-packages/airflow/example_dags/example_branch_day_of_week_operator.py took 0.046 seconds
[2025-04-05T11:35:41.866+0100] {processor.py:161} INFO - Started process (PID=18529) to work on /Users/judeezeh/Desktop/Zoomcamp-project/venv/lib/python3.11/site-packages/airflow/example_dags/example_branch_day_of_week_operator.py
[2025-04-05T11:35:41.866+0100] {processor.py:830} INFO - Processing file /Users/judeezeh/Desktop/Zoomcamp-project/venv/lib/python3.11/site-packages/airflow/example_dags/example_branch_day_of_week_operator.py for tasks to queue
[2025-04-05T11:35:41.867+0100] {logging_mixin.py:188} INFO - [2025-04-05T11:35:41.866+0100] {dagbag.py:540} INFO - Filling up the DagBag from /Users/judeezeh/Desktop/Zoomcamp-project/venv/lib/python3.11/site-packages/airflow/example_dags/example_branch_day_of_week_operator.py
[2025-04-05T11:35:41.870+0100] {processor.py:840} INFO - DAG(s) 'example_weekday_branch_operator' retrieved from /Users/judeezeh/Desktop/Zoomcamp-project/venv/lib/python3.11/site-packages/airflow/example_dags/example_branch_day_of_week_operator.py
[2025-04-05T11:35:41.899+0100] {logging_mixin.py:188} INFO - [2025-04-05T11:35:41.899+0100] {dag.py:3096} INFO - Sync 1 DAGs
[2025-04-05T11:35:41.904+0100] {logging_mixin.py:188} INFO - [2025-04-05T11:35:41.904+0100] {dag.py:3954} INFO - Setting next_dagrun for example_weekday_branch_operator to 2025-04-04T00:00:00+00:00, run_after=2025-04-05T00:00:00+00:00
[2025-04-05T11:35:41.911+0100] {processor.py:183} INFO - Processing /Users/judeezeh/Desktop/Zoomcamp-project/venv/lib/python3.11/site-packages/airflow/example_dags/example_branch_day_of_week_operator.py took 0.046 seconds
[2025-04-05T11:37:28.846+0100] {processor.py:161} INFO - Started process (PID=18696) to work on /Users/judeezeh/Desktop/Zoomcamp-project/venv/lib/python3.11/site-packages/airflow/example_dags/example_branch_day_of_week_operator.py
[2025-04-05T11:37:28.846+0100] {processor.py:830} INFO - Processing file /Users/judeezeh/Desktop/Zoomcamp-project/venv/lib/python3.11/site-packages/airflow/example_dags/example_branch_day_of_week_operator.py for tasks to queue
[2025-04-05T11:37:28.847+0100] {logging_mixin.py:188} INFO - [2025-04-05T11:37:28.847+0100] {dagbag.py:540} INFO - Filling up the DagBag from /Users/judeezeh/Desktop/Zoomcamp-project/venv/lib/python3.11/site-packages/airflow/example_dags/example_branch_day_of_week_operator.py
[2025-04-05T11:37:28.850+0100] {processor.py:840} INFO - DAG(s) 'example_weekday_branch_operator' retrieved from /Users/judeezeh/Desktop/Zoomcamp-project/venv/lib/python3.11/site-packages/airflow/example_dags/example_branch_day_of_week_operator.py
[2025-04-05T11:37:28.879+0100] {logging_mixin.py:188} INFO - [2025-04-05T11:37:28.879+0100] {dag.py:3096} INFO - Sync 1 DAGs
[2025-04-05T11:37:28.884+0100] {logging_mixin.py:188} INFO - [2025-04-05T11:37:28.884+0100] {dag.py:3954} INFO - Setting next_dagrun for example_weekday_branch_operator to 2025-04-04T00:00:00+00:00, run_after=2025-04-05T00:00:00+00:00
[2025-04-05T11:37:28.891+0100] {processor.py:183} INFO - Processing /Users/judeezeh/Desktop/Zoomcamp-project/venv/lib/python3.11/site-packages/airflow/example_dags/example_branch_day_of_week_operator.py took 0.046 seconds
[2025-04-05T11:39:29.298+0100] {processor.py:161} INFO - Started process (PID=18878) to work on /Users/judeezeh/Desktop/Zoomcamp-project/venv/lib/python3.11/site-packages/airflow/example_dags/example_branch_day_of_week_operator.py
[2025-04-05T11:39:29.299+0100] {processor.py:830} INFO - Processing file /Users/judeezeh/Desktop/Zoomcamp-project/venv/lib/python3.11/site-packages/airflow/example_dags/example_branch_day_of_week_operator.py for tasks to queue
[2025-04-05T11:39:29.299+0100] {logging_mixin.py:188} INFO - [2025-04-05T11:39:29.299+0100] {dagbag.py:540} INFO - Filling up the DagBag from /Users/judeezeh/Desktop/Zoomcamp-project/venv/lib/python3.11/site-packages/airflow/example_dags/example_branch_day_of_week_operator.py
[2025-04-05T11:39:29.302+0100] {processor.py:840} INFO - DAG(s) 'example_weekday_branch_operator' retrieved from /Users/judeezeh/Desktop/Zoomcamp-project/venv/lib/python3.11/site-packages/airflow/example_dags/example_branch_day_of_week_operator.py
[2025-04-05T11:39:29.332+0100] {logging_mixin.py:188} INFO - [2025-04-05T11:39:29.331+0100] {dag.py:3096} INFO - Sync 1 DAGs
[2025-04-05T11:39:29.337+0100] {logging_mixin.py:188} INFO - [2025-04-05T11:39:29.336+0100] {dag.py:3954} INFO - Setting next_dagrun for example_weekday_branch_operator to 2025-04-04T00:00:00+00:00, run_after=2025-04-05T00:00:00+00:00
[2025-04-05T11:39:29.343+0100] {processor.py:183} INFO - Processing /Users/judeezeh/Desktop/Zoomcamp-project/venv/lib/python3.11/site-packages/airflow/example_dags/example_branch_day_of_week_operator.py took 0.047 seconds
[2025-04-05T11:41:07.655+0100] {processor.py:161} INFO - Started process (PID=19069) to work on /Users/judeezeh/Desktop/Zoomcamp-project/venv/lib/python3.11/site-packages/airflow/example_dags/example_branch_day_of_week_operator.py
[2025-04-05T11:41:07.656+0100] {processor.py:830} INFO - Processing file /Users/judeezeh/Desktop/Zoomcamp-project/venv/lib/python3.11/site-packages/airflow/example_dags/example_branch_day_of_week_operator.py for tasks to queue
[2025-04-05T11:41:07.656+0100] {logging_mixin.py:188} INFO - [2025-04-05T11:41:07.656+0100] {dagbag.py:540} INFO - Filling up the DagBag from /Users/judeezeh/Desktop/Zoomcamp-project/venv/lib/python3.11/site-packages/airflow/example_dags/example_branch_day_of_week_operator.py
[2025-04-05T11:41:07.660+0100] {processor.py:840} INFO - DAG(s) 'example_weekday_branch_operator' retrieved from /Users/judeezeh/Desktop/Zoomcamp-project/venv/lib/python3.11/site-packages/airflow/example_dags/example_branch_day_of_week_operator.py
[2025-04-05T11:41:07.689+0100] {logging_mixin.py:188} INFO - [2025-04-05T11:41:07.689+0100] {dag.py:3096} INFO - Sync 1 DAGs
[2025-04-05T11:41:07.694+0100] {logging_mixin.py:188} INFO - [2025-04-05T11:41:07.694+0100] {dag.py:3954} INFO - Setting next_dagrun for example_weekday_branch_operator to 2025-04-04T00:00:00+00:00, run_after=2025-04-05T00:00:00+00:00
[2025-04-05T11:41:07.700+0100] {processor.py:183} INFO - Processing /Users/judeezeh/Desktop/Zoomcamp-project/venv/lib/python3.11/site-packages/airflow/example_dags/example_branch_day_of_week_operator.py took 0.046 seconds
[2025-04-05T11:42:38.654+0100] {processor.py:161} INFO - Started process (PID=19204) to work on /Users/judeezeh/Desktop/Zoomcamp-project/venv/lib/python3.11/site-packages/airflow/example_dags/example_branch_day_of_week_operator.py
[2025-04-05T11:42:38.655+0100] {processor.py:830} INFO - Processing file /Users/judeezeh/Desktop/Zoomcamp-project/venv/lib/python3.11/site-packages/airflow/example_dags/example_branch_day_of_week_operator.py for tasks to queue
[2025-04-05T11:42:38.655+0100] {logging_mixin.py:188} INFO - [2025-04-05T11:42:38.655+0100] {dagbag.py:540} INFO - Filling up the DagBag from /Users/judeezeh/Desktop/Zoomcamp-project/venv/lib/python3.11/site-packages/airflow/example_dags/example_branch_day_of_week_operator.py
[2025-04-05T11:42:38.659+0100] {processor.py:840} INFO - DAG(s) 'example_weekday_branch_operator' retrieved from /Users/judeezeh/Desktop/Zoomcamp-project/venv/lib/python3.11/site-packages/airflow/example_dags/example_branch_day_of_week_operator.py
[2025-04-05T11:42:38.688+0100] {logging_mixin.py:188} INFO - [2025-04-05T11:42:38.687+0100] {dag.py:3096} INFO - Sync 1 DAGs
[2025-04-05T11:42:38.693+0100] {logging_mixin.py:188} INFO - [2025-04-05T11:42:38.692+0100] {dag.py:3954} INFO - Setting next_dagrun for example_weekday_branch_operator to 2025-04-04T00:00:00+00:00, run_after=2025-04-05T00:00:00+00:00
[2025-04-05T11:42:38.699+0100] {processor.py:183} INFO - Processing /Users/judeezeh/Desktop/Zoomcamp-project/venv/lib/python3.11/site-packages/airflow/example_dags/example_branch_day_of_week_operator.py took 0.046 seconds
