[2025-04-05T11:16:06.674+0100] {processor.py:161} INFO - Started process (PID=16789) to work on /Users/judeezeh/Desktop/Zoomcamp-project/venv/lib/python3.11/site-packages/airflow/example_dags/example_branch_labels.py
[2025-04-05T11:16:06.674+0100] {processor.py:830} INFO - Processing file /Users/judeezeh/Desktop/Zoomcamp-project/venv/lib/python3.11/site-packages/airflow/example_dags/example_branch_labels.py for tasks to queue
[2025-04-05T11:16:06.674+0100] {logging_mixin.py:188} INFO - [2025-04-05T11:16:06.674+0100] {dagbag.py:540} INFO - Filling up the DagBag from /Users/judeezeh/Desktop/Zoomcamp-project/venv/lib/python3.11/site-packages/airflow/example_dags/example_branch_labels.py
[2025-04-05T11:16:06.677+0100] {processor.py:840} INFO - DAG(s) 'example_branch_labels' retrieved from /Users/judeezeh/Desktop/Zoomcamp-project/venv/lib/python3.11/site-packages/airflow/example_dags/example_branch_labels.py
[2025-04-05T11:16:06.738+0100] {logging_mixin.py:188} INFO - [2025-04-05T11:16:06.738+0100] {override.py:1930} INFO - Created Permission View: can read on DAG:example_branch_labels
[2025-04-05T11:16:06.764+0100] {logging_mixin.py:188} INFO - [2025-04-05T11:16:06.764+0100] {override.py:1930} INFO - Created Permission View: can delete on DAG:example_branch_labels
[2025-04-05T11:16:06.766+0100] {logging_mixin.py:188} INFO - [2025-04-05T11:16:06.765+0100] {override.py:1930} INFO - Created Permission View: can edit on DAG:example_branch_labels
[2025-04-05T11:16:06.766+0100] {logging_mixin.py:188} INFO - [2025-04-05T11:16:06.766+0100] {dag.py:3096} INFO - Sync 1 DAGs
[2025-04-05T11:16:06.769+0100] {logging_mixin.py:188} INFO - [2025-04-05T11:16:06.768+0100] {dag.py:3118} INFO - Creating ORM DAG for example_branch_labels
[2025-04-05T11:16:06.771+0100] {logging_mixin.py:188} INFO - [2025-04-05T11:16:06.771+0100] {dag.py:3954} INFO - Setting next_dagrun for example_branch_labels to 2025-04-04T00:00:00+00:00, run_after=2025-04-05T00:00:00+00:00
[2025-04-05T11:16:06.776+0100] {processor.py:183} INFO - Processing /Users/judeezeh/Desktop/Zoomcamp-project/venv/lib/python3.11/site-packages/airflow/example_dags/example_branch_labels.py took 0.103 seconds
[2025-04-05T11:17:38.723+0100] {processor.py:161} INFO - Started process (PID=16933) to work on /Users/judeezeh/Desktop/Zoomcamp-project/venv/lib/python3.11/site-packages/airflow/example_dags/example_branch_labels.py
[2025-04-05T11:17:38.723+0100] {processor.py:830} INFO - Processing file /Users/judeezeh/Desktop/Zoomcamp-project/venv/lib/python3.11/site-packages/airflow/example_dags/example_branch_labels.py for tasks to queue
[2025-04-05T11:17:38.723+0100] {logging_mixin.py:188} INFO - [2025-04-05T11:17:38.723+0100] {dagbag.py:540} INFO - Filling up the DagBag from /Users/judeezeh/Desktop/Zoomcamp-project/venv/lib/python3.11/site-packages/airflow/example_dags/example_branch_labels.py
[2025-04-05T11:17:38.726+0100] {processor.py:840} INFO - DAG(s) 'example_branch_labels' retrieved from /Users/judeezeh/Desktop/Zoomcamp-project/venv/lib/python3.11/site-packages/airflow/example_dags/example_branch_labels.py
[2025-04-05T11:17:38.755+0100] {logging_mixin.py:188} INFO - [2025-04-05T11:17:38.755+0100] {dag.py:3096} INFO - Sync 1 DAGs
[2025-04-05T11:17:38.761+0100] {logging_mixin.py:188} INFO - [2025-04-05T11:17:38.761+0100] {dag.py:3954} INFO - Setting next_dagrun for example_branch_labels to 2025-04-04T00:00:00+00:00, run_after=2025-04-05T00:00:00+00:00
[2025-04-05T11:17:38.768+0100] {processor.py:183} INFO - Processing /Users/judeezeh/Desktop/Zoomcamp-project/venv/lib/python3.11/site-packages/airflow/example_dags/example_branch_labels.py took 0.046 seconds
[2025-04-05T11:20:07.656+0100] {processor.py:161} INFO - Started process (PID=17190) to work on /Users/judeezeh/Desktop/Zoomcamp-project/venv/lib/python3.11/site-packages/airflow/example_dags/example_branch_labels.py
[2025-04-05T11:20:07.657+0100] {processor.py:830} INFO - Processing file /Users/judeezeh/Desktop/Zoomcamp-project/venv/lib/python3.11/site-packages/airflow/example_dags/example_branch_labels.py for tasks to queue
[2025-04-05T11:20:07.657+0100] {logging_mixin.py:188} INFO - [2025-04-05T11:20:07.657+0100] {dagbag.py:540} INFO - Filling up the DagBag from /Users/judeezeh/Desktop/Zoomcamp-project/venv/lib/python3.11/site-packages/airflow/example_dags/example_branch_labels.py
[2025-04-05T11:20:07.661+0100] {processor.py:840} INFO - DAG(s) 'example_branch_labels' retrieved from /Users/judeezeh/Desktop/Zoomcamp-project/venv/lib/python3.11/site-packages/airflow/example_dags/example_branch_labels.py
[2025-04-05T11:20:07.690+0100] {logging_mixin.py:188} INFO - [2025-04-05T11:20:07.690+0100] {dag.py:3096} INFO - Sync 1 DAGs
[2025-04-05T11:20:07.695+0100] {logging_mixin.py:188} INFO - [2025-04-05T11:20:07.695+0100] {dag.py:3954} INFO - Setting next_dagrun for example_branch_labels to 2025-04-04T00:00:00+00:00, run_after=2025-04-05T00:00:00+00:00
[2025-04-05T11:20:07.702+0100] {processor.py:183} INFO - Processing /Users/judeezeh/Desktop/Zoomcamp-project/venv/lib/python3.11/site-packages/airflow/example_dags/example_branch_labels.py took 0.047 seconds
[2025-04-05T11:22:03.781+0100] {processor.py:161} INFO - Started process (PID=17357) to work on /Users/judeezeh/Desktop/Zoomcamp-project/venv/lib/python3.11/site-packages/airflow/example_dags/example_branch_labels.py
[2025-04-05T11:22:03.782+0100] {processor.py:830} INFO - Processing file /Users/judeezeh/Desktop/Zoomcamp-project/venv/lib/python3.11/site-packages/airflow/example_dags/example_branch_labels.py for tasks to queue
[2025-04-05T11:22:03.782+0100] {logging_mixin.py:188} INFO - [2025-04-05T11:22:03.782+0100] {dagbag.py:540} INFO - Filling up the DagBag from /Users/judeezeh/Desktop/Zoomcamp-project/venv/lib/python3.11/site-packages/airflow/example_dags/example_branch_labels.py
[2025-04-05T11:22:03.785+0100] {processor.py:840} INFO - DAG(s) 'example_branch_labels' retrieved from /Users/judeezeh/Desktop/Zoomcamp-project/venv/lib/python3.11/site-packages/airflow/example_dags/example_branch_labels.py
[2025-04-05T11:22:03.815+0100] {logging_mixin.py:188} INFO - [2025-04-05T11:22:03.814+0100] {dag.py:3096} INFO - Sync 1 DAGs
[2025-04-05T11:22:03.820+0100] {logging_mixin.py:188} INFO - [2025-04-05T11:22:03.820+0100] {dag.py:3954} INFO - Setting next_dagrun for example_branch_labels to 2025-04-04T00:00:00+00:00, run_after=2025-04-05T00:00:00+00:00
[2025-04-05T11:22:03.826+0100] {processor.py:183} INFO - Processing /Users/judeezeh/Desktop/Zoomcamp-project/venv/lib/python3.11/site-packages/airflow/example_dags/example_branch_labels.py took 0.046 seconds
[2025-04-05T11:23:42.275+0100] {processor.py:161} INFO - Started process (PID=17499) to work on /Users/judeezeh/Desktop/Zoomcamp-project/venv/lib/python3.11/site-packages/airflow/example_dags/example_branch_labels.py
[2025-04-05T11:23:42.275+0100] {processor.py:830} INFO - Processing file /Users/judeezeh/Desktop/Zoomcamp-project/venv/lib/python3.11/site-packages/airflow/example_dags/example_branch_labels.py for tasks to queue
[2025-04-05T11:23:42.275+0100] {logging_mixin.py:188} INFO - [2025-04-05T11:23:42.275+0100] {dagbag.py:540} INFO - Filling up the DagBag from /Users/judeezeh/Desktop/Zoomcamp-project/venv/lib/python3.11/site-packages/airflow/example_dags/example_branch_labels.py
[2025-04-05T11:23:42.278+0100] {processor.py:840} INFO - DAG(s) 'example_branch_labels' retrieved from /Users/judeezeh/Desktop/Zoomcamp-project/venv/lib/python3.11/site-packages/airflow/example_dags/example_branch_labels.py
[2025-04-05T11:23:42.307+0100] {logging_mixin.py:188} INFO - [2025-04-05T11:23:42.307+0100] {dag.py:3096} INFO - Sync 1 DAGs
[2025-04-05T11:23:42.312+0100] {logging_mixin.py:188} INFO - [2025-04-05T11:23:42.312+0100] {dag.py:3954} INFO - Setting next_dagrun for example_branch_labels to 2025-04-04T00:00:00+00:00, run_after=2025-04-05T00:00:00+00:00
[2025-04-05T11:23:42.319+0100] {processor.py:183} INFO - Processing /Users/judeezeh/Desktop/Zoomcamp-project/venv/lib/python3.11/site-packages/airflow/example_dags/example_branch_labels.py took 0.045 seconds
[2025-04-05T11:25:23.445+0100] {processor.py:161} INFO - Started process (PID=17637) to work on /Users/judeezeh/Desktop/Zoomcamp-project/venv/lib/python3.11/site-packages/airflow/example_dags/example_branch_labels.py
[2025-04-05T11:25:23.446+0100] {processor.py:830} INFO - Processing file /Users/judeezeh/Desktop/Zoomcamp-project/venv/lib/python3.11/site-packages/airflow/example_dags/example_branch_labels.py for tasks to queue
[2025-04-05T11:25:23.446+0100] {logging_mixin.py:188} INFO - [2025-04-05T11:25:23.446+0100] {dagbag.py:540} INFO - Filling up the DagBag from /Users/judeezeh/Desktop/Zoomcamp-project/venv/lib/python3.11/site-packages/airflow/example_dags/example_branch_labels.py
[2025-04-05T11:25:23.449+0100] {processor.py:840} INFO - DAG(s) 'example_branch_labels' retrieved from /Users/judeezeh/Desktop/Zoomcamp-project/venv/lib/python3.11/site-packages/airflow/example_dags/example_branch_labels.py
[2025-04-05T11:25:23.478+0100] {logging_mixin.py:188} INFO - [2025-04-05T11:25:23.477+0100] {dag.py:3096} INFO - Sync 1 DAGs
[2025-04-05T11:25:23.483+0100] {logging_mixin.py:188} INFO - [2025-04-05T11:25:23.483+0100] {dag.py:3954} INFO - Setting next_dagrun for example_branch_labels to 2025-04-04T00:00:00+00:00, run_after=2025-04-05T00:00:00+00:00
[2025-04-05T11:25:23.489+0100] {processor.py:183} INFO - Processing /Users/judeezeh/Desktop/Zoomcamp-project/venv/lib/python3.11/site-packages/airflow/example_dags/example_branch_labels.py took 0.046 seconds
[2025-04-05T11:27:00.816+0100] {processor.py:161} INFO - Started process (PID=17788) to work on /Users/judeezeh/Desktop/Zoomcamp-project/venv/lib/python3.11/site-packages/airflow/example_dags/example_branch_labels.py
[2025-04-05T11:27:00.818+0100] {processor.py:830} INFO - Processing file /Users/judeezeh/Desktop/Zoomcamp-project/venv/lib/python3.11/site-packages/airflow/example_dags/example_branch_labels.py for tasks to queue
[2025-04-05T11:27:00.818+0100] {logging_mixin.py:188} INFO - [2025-04-05T11:27:00.818+0100] {dagbag.py:540} INFO - Filling up the DagBag from /Users/judeezeh/Desktop/Zoomcamp-project/venv/lib/python3.11/site-packages/airflow/example_dags/example_branch_labels.py
[2025-04-05T11:27:00.821+0100] {processor.py:840} INFO - DAG(s) 'example_branch_labels' retrieved from /Users/judeezeh/Desktop/Zoomcamp-project/venv/lib/python3.11/site-packages/airflow/example_dags/example_branch_labels.py
[2025-04-05T11:27:00.850+0100] {logging_mixin.py:188} INFO - [2025-04-05T11:27:00.850+0100] {dag.py:3096} INFO - Sync 1 DAGs
[2025-04-05T11:27:00.855+0100] {logging_mixin.py:188} INFO - [2025-04-05T11:27:00.855+0100] {dag.py:3954} INFO - Setting next_dagrun for example_branch_labels to 2025-04-04T00:00:00+00:00, run_after=2025-04-05T00:00:00+00:00
[2025-04-05T11:27:00.862+0100] {processor.py:183} INFO - Processing /Users/judeezeh/Desktop/Zoomcamp-project/venv/lib/python3.11/site-packages/airflow/example_dags/example_branch_labels.py took 0.047 seconds
[2025-04-05T11:28:53.057+0100] {processor.py:161} INFO - Started process (PID=17943) to work on /Users/judeezeh/Desktop/Zoomcamp-project/venv/lib/python3.11/site-packages/airflow/example_dags/example_branch_labels.py
[2025-04-05T11:28:53.058+0100] {processor.py:830} INFO - Processing file /Users/judeezeh/Desktop/Zoomcamp-project/venv/lib/python3.11/site-packages/airflow/example_dags/example_branch_labels.py for tasks to queue
[2025-04-05T11:28:53.058+0100] {logging_mixin.py:188} INFO - [2025-04-05T11:28:53.058+0100] {dagbag.py:540} INFO - Filling up the DagBag from /Users/judeezeh/Desktop/Zoomcamp-project/venv/lib/python3.11/site-packages/airflow/example_dags/example_branch_labels.py
[2025-04-05T11:28:53.062+0100] {processor.py:840} INFO - DAG(s) 'example_branch_labels' retrieved from /Users/judeezeh/Desktop/Zoomcamp-project/venv/lib/python3.11/site-packages/airflow/example_dags/example_branch_labels.py
[2025-04-05T11:28:53.092+0100] {logging_mixin.py:188} INFO - [2025-04-05T11:28:53.092+0100] {dag.py:3096} INFO - Sync 1 DAGs
[2025-04-05T11:28:53.097+0100] {logging_mixin.py:188} INFO - [2025-04-05T11:28:53.097+0100] {dag.py:3954} INFO - Setting next_dagrun for example_branch_labels to 2025-04-04T00:00:00+00:00, run_after=2025-04-05T00:00:00+00:00
[2025-04-05T11:28:53.104+0100] {processor.py:183} INFO - Processing /Users/judeezeh/Desktop/Zoomcamp-project/venv/lib/python3.11/site-packages/airflow/example_dags/example_branch_labels.py took 0.048 seconds
[2025-04-05T11:30:42.329+0100] {processor.py:161} INFO - Started process (PID=18095) to work on /Users/judeezeh/Desktop/Zoomcamp-project/venv/lib/python3.11/site-packages/airflow/example_dags/example_branch_labels.py
[2025-04-05T11:30:42.330+0100] {processor.py:830} INFO - Processing file /Users/judeezeh/Desktop/Zoomcamp-project/venv/lib/python3.11/site-packages/airflow/example_dags/example_branch_labels.py for tasks to queue
[2025-04-05T11:30:42.330+0100] {logging_mixin.py:188} INFO - [2025-04-05T11:30:42.330+0100] {dagbag.py:540} INFO - Filling up the DagBag from /Users/judeezeh/Desktop/Zoomcamp-project/venv/lib/python3.11/site-packages/airflow/example_dags/example_branch_labels.py
[2025-04-05T11:30:42.333+0100] {processor.py:840} INFO - DAG(s) 'example_branch_labels' retrieved from /Users/judeezeh/Desktop/Zoomcamp-project/venv/lib/python3.11/site-packages/airflow/example_dags/example_branch_labels.py
[2025-04-05T11:30:42.363+0100] {logging_mixin.py:188} INFO - [2025-04-05T11:30:42.363+0100] {dag.py:3096} INFO - Sync 1 DAGs
[2025-04-05T11:30:42.368+0100] {logging_mixin.py:188} INFO - [2025-04-05T11:30:42.368+0100] {dag.py:3954} INFO - Setting next_dagrun for example_branch_labels to 2025-04-04T00:00:00+00:00, run_after=2025-04-05T00:00:00+00:00
[2025-04-05T11:30:42.375+0100] {processor.py:183} INFO - Processing /Users/judeezeh/Desktop/Zoomcamp-project/venv/lib/python3.11/site-packages/airflow/example_dags/example_branch_labels.py took 0.047 seconds
[2025-04-05T11:32:19.492+0100] {processor.py:161} INFO - Started process (PID=18243) to work on /Users/judeezeh/Desktop/Zoomcamp-project/venv/lib/python3.11/site-packages/airflow/example_dags/example_branch_labels.py
[2025-04-05T11:32:19.494+0100] {processor.py:830} INFO - Processing file /Users/judeezeh/Desktop/Zoomcamp-project/venv/lib/python3.11/site-packages/airflow/example_dags/example_branch_labels.py for tasks to queue
[2025-04-05T11:32:19.494+0100] {logging_mixin.py:188} INFO - [2025-04-05T11:32:19.494+0100] {dagbag.py:540} INFO - Filling up the DagBag from /Users/judeezeh/Desktop/Zoomcamp-project/venv/lib/python3.11/site-packages/airflow/example_dags/example_branch_labels.py
[2025-04-05T11:32:19.497+0100] {processor.py:840} INFO - DAG(s) 'example_branch_labels' retrieved from /Users/judeezeh/Desktop/Zoomcamp-project/venv/lib/python3.11/site-packages/airflow/example_dags/example_branch_labels.py
[2025-04-05T11:32:19.528+0100] {logging_mixin.py:188} INFO - [2025-04-05T11:32:19.528+0100] {dag.py:3096} INFO - Sync 1 DAGs
[2025-04-05T11:32:19.535+0100] {logging_mixin.py:188} INFO - [2025-04-05T11:32:19.535+0100] {dag.py:3954} INFO - Setting next_dagrun for example_branch_labels to 2025-04-04T00:00:00+00:00, run_after=2025-04-05T00:00:00+00:00
[2025-04-05T11:32:19.543+0100] {processor.py:183} INFO - Processing /Users/judeezeh/Desktop/Zoomcamp-project/venv/lib/python3.11/site-packages/airflow/example_dags/example_branch_labels.py took 0.051 seconds
[2025-04-05T11:34:05.806+0100] {processor.py:161} INFO - Started process (PID=18395) to work on /Users/judeezeh/Desktop/Zoomcamp-project/venv/lib/python3.11/site-packages/airflow/example_dags/example_branch_labels.py
[2025-04-05T11:34:05.808+0100] {processor.py:830} INFO - Processing file /Users/judeezeh/Desktop/Zoomcamp-project/venv/lib/python3.11/site-packages/airflow/example_dags/example_branch_labels.py for tasks to queue
[2025-04-05T11:34:05.808+0100] {logging_mixin.py:188} INFO - [2025-04-05T11:34:05.808+0100] {dagbag.py:540} INFO - Filling up the DagBag from /Users/judeezeh/Desktop/Zoomcamp-project/venv/lib/python3.11/site-packages/airflow/example_dags/example_branch_labels.py
[2025-04-05T11:34:05.811+0100] {processor.py:840} INFO - DAG(s) 'example_branch_labels' retrieved from /Users/judeezeh/Desktop/Zoomcamp-project/venv/lib/python3.11/site-packages/airflow/example_dags/example_branch_labels.py
[2025-04-05T11:34:05.840+0100] {logging_mixin.py:188} INFO - [2025-04-05T11:34:05.840+0100] {dag.py:3096} INFO - Sync 1 DAGs
[2025-04-05T11:34:05.845+0100] {logging_mixin.py:188} INFO - [2025-04-05T11:34:05.845+0100] {dag.py:3954} INFO - Setting next_dagrun for example_branch_labels to 2025-04-04T00:00:00+00:00, run_after=2025-04-05T00:00:00+00:00
[2025-04-05T11:34:05.852+0100] {processor.py:183} INFO - Processing /Users/judeezeh/Desktop/Zoomcamp-project/venv/lib/python3.11/site-packages/airflow/example_dags/example_branch_labels.py took 0.046 seconds
[2025-04-05T11:35:40.194+0100] {processor.py:161} INFO - Started process (PID=18527) to work on /Users/judeezeh/Desktop/Zoomcamp-project/venv/lib/python3.11/site-packages/airflow/example_dags/example_branch_labels.py
[2025-04-05T11:35:40.195+0100] {processor.py:830} INFO - Processing file /Users/judeezeh/Desktop/Zoomcamp-project/venv/lib/python3.11/site-packages/airflow/example_dags/example_branch_labels.py for tasks to queue
[2025-04-05T11:35:40.195+0100] {logging_mixin.py:188} INFO - [2025-04-05T11:35:40.195+0100] {dagbag.py:540} INFO - Filling up the DagBag from /Users/judeezeh/Desktop/Zoomcamp-project/venv/lib/python3.11/site-packages/airflow/example_dags/example_branch_labels.py
[2025-04-05T11:35:40.198+0100] {processor.py:840} INFO - DAG(s) 'example_branch_labels' retrieved from /Users/judeezeh/Desktop/Zoomcamp-project/venv/lib/python3.11/site-packages/airflow/example_dags/example_branch_labels.py
[2025-04-05T11:35:40.227+0100] {logging_mixin.py:188} INFO - [2025-04-05T11:35:40.227+0100] {dag.py:3096} INFO - Sync 1 DAGs
[2025-04-05T11:35:40.232+0100] {logging_mixin.py:188} INFO - [2025-04-05T11:35:40.232+0100] {dag.py:3954} INFO - Setting next_dagrun for example_branch_labels to 2025-04-04T00:00:00+00:00, run_after=2025-04-05T00:00:00+00:00
[2025-04-05T11:35:40.239+0100] {processor.py:183} INFO - Processing /Users/judeezeh/Desktop/Zoomcamp-project/venv/lib/python3.11/site-packages/airflow/example_dags/example_branch_labels.py took 0.046 seconds
[2025-04-05T11:37:27.167+0100] {processor.py:161} INFO - Started process (PID=18693) to work on /Users/judeezeh/Desktop/Zoomcamp-project/venv/lib/python3.11/site-packages/airflow/example_dags/example_branch_labels.py
[2025-04-05T11:37:27.167+0100] {processor.py:830} INFO - Processing file /Users/judeezeh/Desktop/Zoomcamp-project/venv/lib/python3.11/site-packages/airflow/example_dags/example_branch_labels.py for tasks to queue
[2025-04-05T11:37:27.167+0100] {logging_mixin.py:188} INFO - [2025-04-05T11:37:27.167+0100] {dagbag.py:540} INFO - Filling up the DagBag from /Users/judeezeh/Desktop/Zoomcamp-project/venv/lib/python3.11/site-packages/airflow/example_dags/example_branch_labels.py
[2025-04-05T11:37:27.170+0100] {processor.py:840} INFO - DAG(s) 'example_branch_labels' retrieved from /Users/judeezeh/Desktop/Zoomcamp-project/venv/lib/python3.11/site-packages/airflow/example_dags/example_branch_labels.py
[2025-04-05T11:37:27.200+0100] {logging_mixin.py:188} INFO - [2025-04-05T11:37:27.199+0100] {dag.py:3096} INFO - Sync 1 DAGs
[2025-04-05T11:37:27.205+0100] {logging_mixin.py:188} INFO - [2025-04-05T11:37:27.205+0100] {dag.py:3954} INFO - Setting next_dagrun for example_branch_labels to 2025-04-04T00:00:00+00:00, run_after=2025-04-05T00:00:00+00:00
[2025-04-05T11:37:27.211+0100] {processor.py:183} INFO - Processing /Users/judeezeh/Desktop/Zoomcamp-project/venv/lib/python3.11/site-packages/airflow/example_dags/example_branch_labels.py took 0.045 seconds
[2025-04-05T11:39:27.628+0100] {processor.py:161} INFO - Started process (PID=18875) to work on /Users/judeezeh/Desktop/Zoomcamp-project/venv/lib/python3.11/site-packages/airflow/example_dags/example_branch_labels.py
[2025-04-05T11:39:27.629+0100] {processor.py:830} INFO - Processing file /Users/judeezeh/Desktop/Zoomcamp-project/venv/lib/python3.11/site-packages/airflow/example_dags/example_branch_labels.py for tasks to queue
[2025-04-05T11:39:27.629+0100] {logging_mixin.py:188} INFO - [2025-04-05T11:39:27.629+0100] {dagbag.py:540} INFO - Filling up the DagBag from /Users/judeezeh/Desktop/Zoomcamp-project/venv/lib/python3.11/site-packages/airflow/example_dags/example_branch_labels.py
[2025-04-05T11:39:27.632+0100] {processor.py:840} INFO - DAG(s) 'example_branch_labels' retrieved from /Users/judeezeh/Desktop/Zoomcamp-project/venv/lib/python3.11/site-packages/airflow/example_dags/example_branch_labels.py
[2025-04-05T11:39:27.660+0100] {logging_mixin.py:188} INFO - [2025-04-05T11:39:27.660+0100] {dag.py:3096} INFO - Sync 1 DAGs
[2025-04-05T11:39:27.665+0100] {logging_mixin.py:188} INFO - [2025-04-05T11:39:27.665+0100] {dag.py:3954} INFO - Setting next_dagrun for example_branch_labels to 2025-04-04T00:00:00+00:00, run_after=2025-04-05T00:00:00+00:00
[2025-04-05T11:39:27.672+0100] {processor.py:183} INFO - Processing /Users/judeezeh/Desktop/Zoomcamp-project/venv/lib/python3.11/site-packages/airflow/example_dags/example_branch_labels.py took 0.045 seconds
[2025-04-05T11:41:05.931+0100] {processor.py:161} INFO - Started process (PID=19067) to work on /Users/judeezeh/Desktop/Zoomcamp-project/venv/lib/python3.11/site-packages/airflow/example_dags/example_branch_labels.py
[2025-04-05T11:41:05.932+0100] {processor.py:830} INFO - Processing file /Users/judeezeh/Desktop/Zoomcamp-project/venv/lib/python3.11/site-packages/airflow/example_dags/example_branch_labels.py for tasks to queue
[2025-04-05T11:41:05.932+0100] {logging_mixin.py:188} INFO - [2025-04-05T11:41:05.932+0100] {dagbag.py:540} INFO - Filling up the DagBag from /Users/judeezeh/Desktop/Zoomcamp-project/venv/lib/python3.11/site-packages/airflow/example_dags/example_branch_labels.py
[2025-04-05T11:41:05.935+0100] {processor.py:840} INFO - DAG(s) 'example_branch_labels' retrieved from /Users/judeezeh/Desktop/Zoomcamp-project/venv/lib/python3.11/site-packages/airflow/example_dags/example_branch_labels.py
[2025-04-05T11:41:05.964+0100] {logging_mixin.py:188} INFO - [2025-04-05T11:41:05.964+0100] {dag.py:3096} INFO - Sync 1 DAGs
[2025-04-05T11:41:05.969+0100] {logging_mixin.py:188} INFO - [2025-04-05T11:41:05.969+0100] {dag.py:3954} INFO - Setting next_dagrun for example_branch_labels to 2025-04-04T00:00:00+00:00, run_after=2025-04-05T00:00:00+00:00
[2025-04-05T11:41:05.976+0100] {processor.py:183} INFO - Processing /Users/judeezeh/Desktop/Zoomcamp-project/venv/lib/python3.11/site-packages/airflow/example_dags/example_branch_labels.py took 0.045 seconds
[2025-04-05T11:42:37.070+0100] {processor.py:161} INFO - Started process (PID=19202) to work on /Users/judeezeh/Desktop/Zoomcamp-project/venv/lib/python3.11/site-packages/airflow/example_dags/example_branch_labels.py
[2025-04-05T11:42:37.071+0100] {processor.py:830} INFO - Processing file /Users/judeezeh/Desktop/Zoomcamp-project/venv/lib/python3.11/site-packages/airflow/example_dags/example_branch_labels.py for tasks to queue
[2025-04-05T11:42:37.071+0100] {logging_mixin.py:188} INFO - [2025-04-05T11:42:37.071+0100] {dagbag.py:540} INFO - Filling up the DagBag from /Users/judeezeh/Desktop/Zoomcamp-project/venv/lib/python3.11/site-packages/airflow/example_dags/example_branch_labels.py
[2025-04-05T11:42:37.074+0100] {processor.py:840} INFO - DAG(s) 'example_branch_labels' retrieved from /Users/judeezeh/Desktop/Zoomcamp-project/venv/lib/python3.11/site-packages/airflow/example_dags/example_branch_labels.py
[2025-04-05T11:42:37.103+0100] {logging_mixin.py:188} INFO - [2025-04-05T11:42:37.103+0100] {dag.py:3096} INFO - Sync 1 DAGs
[2025-04-05T11:42:37.109+0100] {logging_mixin.py:188} INFO - [2025-04-05T11:42:37.109+0100] {dag.py:3954} INFO - Setting next_dagrun for example_branch_labels to 2025-04-04T00:00:00+00:00, run_after=2025-04-05T00:00:00+00:00
[2025-04-05T11:42:37.116+0100] {processor.py:183} INFO - Processing /Users/judeezeh/Desktop/Zoomcamp-project/venv/lib/python3.11/site-packages/airflow/example_dags/example_branch_labels.py took 0.047 seconds
