[2025-04-05T11:15:38.903+0100] {processor.py:161} INFO - Started process (PID=16742) to work on /Users/judeezeh/Desktop/Zoomcamp-project/venv/lib/python3.11/site-packages/airflow/example_dags/example_params_trigger_ui.py
[2025-04-05T11:15:38.903+0100] {processor.py:830} INFO - Processing file /Users/judeezeh/Desktop/Zoomcamp-project/venv/lib/python3.11/site-packages/airflow/example_dags/example_params_trigger_ui.py for tasks to queue
[2025-04-05T11:15:38.903+0100] {logging_mixin.py:188} INFO - [2025-04-05T11:15:38.903+0100] {dagbag.py:540} INFO - Filling up the DagBag from /Users/judeezeh/Desktop/Zoomcamp-project/venv/lib/python3.11/site-packages/airflow/example_dags/example_params_trigger_ui.py
[2025-04-05T11:15:38.916+0100] {processor.py:840} INFO - DAG(s) 'example_params_trigger_ui' retrieved from /Users/judeezeh/Desktop/Zoomcamp-project/venv/lib/python3.11/site-packages/airflow/example_dags/example_params_trigger_ui.py
[2025-04-05T11:15:38.999+0100] {logging_mixin.py:188} INFO - [2025-04-05T11:15:38.998+0100] {override.py:1930} INFO - Created Permission View: can edit on DAG:example_params_trigger_ui
[2025-04-05T11:15:39.001+0100] {logging_mixin.py:188} INFO - [2025-04-05T11:15:39.001+0100] {override.py:1930} INFO - Created Permission View: can delete on DAG:example_params_trigger_ui
[2025-04-05T11:15:39.004+0100] {logging_mixin.py:188} INFO - [2025-04-05T11:15:39.004+0100] {override.py:1930} INFO - Created Permission View: can read on DAG:example_params_trigger_ui
[2025-04-05T11:15:39.004+0100] {logging_mixin.py:188} INFO - [2025-04-05T11:15:39.004+0100] {dag.py:3096} INFO - Sync 1 DAGs
[2025-04-05T11:15:39.007+0100] {logging_mixin.py:188} INFO - [2025-04-05T11:15:39.007+0100] {dag.py:3118} INFO - Creating ORM DAG for example_params_trigger_ui
[2025-04-05T11:15:39.007+0100] {logging_mixin.py:188} INFO - [2025-04-05T11:15:39.007+0100] {dag.py:3954} INFO - Setting next_dagrun for example_params_trigger_ui to None, run_after=None
[2025-04-05T11:15:39.012+0100] {processor.py:183} INFO - Processing /Users/judeezeh/Desktop/Zoomcamp-project/venv/lib/python3.11/site-packages/airflow/example_dags/example_params_trigger_ui.py took 0.110 seconds
[2025-04-05T11:16:57.705+0100] {processor.py:161} INFO - Started process (PID=16873) to work on /Users/judeezeh/Desktop/Zoomcamp-project/venv/lib/python3.11/site-packages/airflow/example_dags/example_params_trigger_ui.py
[2025-04-05T11:16:57.706+0100] {processor.py:830} INFO - Processing file /Users/judeezeh/Desktop/Zoomcamp-project/venv/lib/python3.11/site-packages/airflow/example_dags/example_params_trigger_ui.py for tasks to queue
[2025-04-05T11:16:57.706+0100] {logging_mixin.py:188} INFO - [2025-04-05T11:16:57.706+0100] {dagbag.py:540} INFO - Filling up the DagBag from /Users/judeezeh/Desktop/Zoomcamp-project/venv/lib/python3.11/site-packages/airflow/example_dags/example_params_trigger_ui.py
[2025-04-05T11:16:57.719+0100] {processor.py:840} INFO - DAG(s) 'example_params_trigger_ui' retrieved from /Users/judeezeh/Desktop/Zoomcamp-project/venv/lib/python3.11/site-packages/airflow/example_dags/example_params_trigger_ui.py
[2025-04-05T11:16:57.753+0100] {logging_mixin.py:188} INFO - [2025-04-05T11:16:57.753+0100] {dag.py:3096} INFO - Sync 1 DAGs
[2025-04-05T11:16:57.756+0100] {logging_mixin.py:188} INFO - [2025-04-05T11:16:57.756+0100] {dag.py:3954} INFO - Setting next_dagrun for example_params_trigger_ui to None, run_after=None
[2025-04-05T11:16:57.762+0100] {processor.py:183} INFO - Processing /Users/judeezeh/Desktop/Zoomcamp-project/venv/lib/python3.11/site-packages/airflow/example_dags/example_params_trigger_ui.py took 0.058 seconds
[2025-04-05T11:18:27.890+0100] {processor.py:161} INFO - Started process (PID=17003) to work on /Users/judeezeh/Desktop/Zoomcamp-project/venv/lib/python3.11/site-packages/airflow/example_dags/example_params_trigger_ui.py
[2025-04-05T11:18:27.892+0100] {processor.py:830} INFO - Processing file /Users/judeezeh/Desktop/Zoomcamp-project/venv/lib/python3.11/site-packages/airflow/example_dags/example_params_trigger_ui.py for tasks to queue
[2025-04-05T11:18:27.892+0100] {logging_mixin.py:188} INFO - [2025-04-05T11:18:27.892+0100] {dagbag.py:540} INFO - Filling up the DagBag from /Users/judeezeh/Desktop/Zoomcamp-project/venv/lib/python3.11/site-packages/airflow/example_dags/example_params_trigger_ui.py
[2025-04-05T11:18:27.905+0100] {processor.py:840} INFO - DAG(s) 'example_params_trigger_ui' retrieved from /Users/judeezeh/Desktop/Zoomcamp-project/venv/lib/python3.11/site-packages/airflow/example_dags/example_params_trigger_ui.py
[2025-04-05T11:18:27.939+0100] {logging_mixin.py:188} INFO - [2025-04-05T11:18:27.939+0100] {dag.py:3096} INFO - Sync 1 DAGs
[2025-04-05T11:18:27.942+0100] {logging_mixin.py:188} INFO - [2025-04-05T11:18:27.942+0100] {dag.py:3954} INFO - Setting next_dagrun for example_params_trigger_ui to None, run_after=None
[2025-04-05T11:18:27.948+0100] {processor.py:183} INFO - Processing /Users/judeezeh/Desktop/Zoomcamp-project/venv/lib/python3.11/site-packages/airflow/example_dags/example_params_trigger_ui.py took 0.059 seconds
[2025-04-05T11:19:42.092+0100] {processor.py:161} INFO - Started process (PID=17153) to work on /Users/judeezeh/Desktop/Zoomcamp-project/venv/lib/python3.11/site-packages/airflow/example_dags/example_params_trigger_ui.py
[2025-04-05T11:19:42.093+0100] {processor.py:830} INFO - Processing file /Users/judeezeh/Desktop/Zoomcamp-project/venv/lib/python3.11/site-packages/airflow/example_dags/example_params_trigger_ui.py for tasks to queue
[2025-04-05T11:19:42.093+0100] {logging_mixin.py:188} INFO - [2025-04-05T11:19:42.093+0100] {dagbag.py:540} INFO - Filling up the DagBag from /Users/judeezeh/Desktop/Zoomcamp-project/venv/lib/python3.11/site-packages/airflow/example_dags/example_params_trigger_ui.py
[2025-04-05T11:19:42.106+0100] {processor.py:840} INFO - DAG(s) 'example_params_trigger_ui' retrieved from /Users/judeezeh/Desktop/Zoomcamp-project/venv/lib/python3.11/site-packages/airflow/example_dags/example_params_trigger_ui.py
[2025-04-05T11:19:42.141+0100] {logging_mixin.py:188} INFO - [2025-04-05T11:19:42.141+0100] {dag.py:3096} INFO - Sync 1 DAGs
[2025-04-05T11:19:42.144+0100] {logging_mixin.py:188} INFO - [2025-04-05T11:19:42.144+0100] {dag.py:3954} INFO - Setting next_dagrun for example_params_trigger_ui to None, run_after=None
[2025-04-05T11:19:42.150+0100] {processor.py:183} INFO - Processing /Users/judeezeh/Desktop/Zoomcamp-project/venv/lib/python3.11/site-packages/airflow/example_dags/example_params_trigger_ui.py took 0.059 seconds
[2025-04-05T11:21:08.357+0100] {processor.py:161} INFO - Started process (PID=17278) to work on /Users/judeezeh/Desktop/Zoomcamp-project/venv/lib/python3.11/site-packages/airflow/example_dags/example_params_trigger_ui.py
[2025-04-05T11:21:08.357+0100] {processor.py:830} INFO - Processing file /Users/judeezeh/Desktop/Zoomcamp-project/venv/lib/python3.11/site-packages/airflow/example_dags/example_params_trigger_ui.py for tasks to queue
[2025-04-05T11:21:08.358+0100] {logging_mixin.py:188} INFO - [2025-04-05T11:21:08.358+0100] {dagbag.py:540} INFO - Filling up the DagBag from /Users/judeezeh/Desktop/Zoomcamp-project/venv/lib/python3.11/site-packages/airflow/example_dags/example_params_trigger_ui.py
[2025-04-05T11:21:08.371+0100] {processor.py:840} INFO - DAG(s) 'example_params_trigger_ui' retrieved from /Users/judeezeh/Desktop/Zoomcamp-project/venv/lib/python3.11/site-packages/airflow/example_dags/example_params_trigger_ui.py
[2025-04-05T11:21:08.406+0100] {logging_mixin.py:188} INFO - [2025-04-05T11:21:08.405+0100] {dag.py:3096} INFO - Sync 1 DAGs
[2025-04-05T11:21:08.408+0100] {logging_mixin.py:188} INFO - [2025-04-05T11:21:08.408+0100] {dag.py:3954} INFO - Setting next_dagrun for example_params_trigger_ui to None, run_after=None
[2025-04-05T11:21:08.416+0100] {processor.py:183} INFO - Processing /Users/judeezeh/Desktop/Zoomcamp-project/venv/lib/python3.11/site-packages/airflow/example_dags/example_params_trigger_ui.py took 0.061 seconds
[2025-04-05T11:22:55.790+0100] {processor.py:161} INFO - Started process (PID=17432) to work on /Users/judeezeh/Desktop/Zoomcamp-project/venv/lib/python3.11/site-packages/airflow/example_dags/example_params_trigger_ui.py
[2025-04-05T11:22:55.791+0100] {processor.py:830} INFO - Processing file /Users/judeezeh/Desktop/Zoomcamp-project/venv/lib/python3.11/site-packages/airflow/example_dags/example_params_trigger_ui.py for tasks to queue
[2025-04-05T11:22:55.791+0100] {logging_mixin.py:188} INFO - [2025-04-05T11:22:55.791+0100] {dagbag.py:540} INFO - Filling up the DagBag from /Users/judeezeh/Desktop/Zoomcamp-project/venv/lib/python3.11/site-packages/airflow/example_dags/example_params_trigger_ui.py
[2025-04-05T11:22:55.804+0100] {processor.py:840} INFO - DAG(s) 'example_params_trigger_ui' retrieved from /Users/judeezeh/Desktop/Zoomcamp-project/venv/lib/python3.11/site-packages/airflow/example_dags/example_params_trigger_ui.py
[2025-04-05T11:22:55.840+0100] {logging_mixin.py:188} INFO - [2025-04-05T11:22:55.840+0100] {dag.py:3096} INFO - Sync 1 DAGs
[2025-04-05T11:22:55.843+0100] {logging_mixin.py:188} INFO - [2025-04-05T11:22:55.843+0100] {dag.py:3954} INFO - Setting next_dagrun for example_params_trigger_ui to None, run_after=None
[2025-04-05T11:22:55.848+0100] {processor.py:183} INFO - Processing /Users/judeezeh/Desktop/Zoomcamp-project/venv/lib/python3.11/site-packages/airflow/example_dags/example_params_trigger_ui.py took 0.059 seconds
[2025-04-05T11:24:34.771+0100] {processor.py:161} INFO - Started process (PID=17569) to work on /Users/judeezeh/Desktop/Zoomcamp-project/venv/lib/python3.11/site-packages/airflow/example_dags/example_params_trigger_ui.py
[2025-04-05T11:24:34.772+0100] {processor.py:830} INFO - Processing file /Users/judeezeh/Desktop/Zoomcamp-project/venv/lib/python3.11/site-packages/airflow/example_dags/example_params_trigger_ui.py for tasks to queue
[2025-04-05T11:24:34.773+0100] {logging_mixin.py:188} INFO - [2025-04-05T11:24:34.772+0100] {dagbag.py:540} INFO - Filling up the DagBag from /Users/judeezeh/Desktop/Zoomcamp-project/venv/lib/python3.11/site-packages/airflow/example_dags/example_params_trigger_ui.py
[2025-04-05T11:24:34.785+0100] {processor.py:840} INFO - DAG(s) 'example_params_trigger_ui' retrieved from /Users/judeezeh/Desktop/Zoomcamp-project/venv/lib/python3.11/site-packages/airflow/example_dags/example_params_trigger_ui.py
[2025-04-05T11:24:34.820+0100] {logging_mixin.py:188} INFO - [2025-04-05T11:24:34.820+0100] {dag.py:3096} INFO - Sync 1 DAGs
[2025-04-05T11:24:34.823+0100] {logging_mixin.py:188} INFO - [2025-04-05T11:24:34.823+0100] {dag.py:3954} INFO - Setting next_dagrun for example_params_trigger_ui to None, run_after=None
[2025-04-05T11:24:34.830+0100] {processor.py:183} INFO - Processing /Users/judeezeh/Desktop/Zoomcamp-project/venv/lib/python3.11/site-packages/airflow/example_dags/example_params_trigger_ui.py took 0.060 seconds
[2025-04-05T11:26:12.215+0100] {processor.py:161} INFO - Started process (PID=17705) to work on /Users/judeezeh/Desktop/Zoomcamp-project/venv/lib/python3.11/site-packages/airflow/example_dags/example_params_trigger_ui.py
[2025-04-05T11:26:12.216+0100] {processor.py:830} INFO - Processing file /Users/judeezeh/Desktop/Zoomcamp-project/venv/lib/python3.11/site-packages/airflow/example_dags/example_params_trigger_ui.py for tasks to queue
[2025-04-05T11:26:12.216+0100] {logging_mixin.py:188} INFO - [2025-04-05T11:26:12.216+0100] {dagbag.py:540} INFO - Filling up the DagBag from /Users/judeezeh/Desktop/Zoomcamp-project/venv/lib/python3.11/site-packages/airflow/example_dags/example_params_trigger_ui.py
[2025-04-05T11:26:12.232+0100] {processor.py:840} INFO - DAG(s) 'example_params_trigger_ui' retrieved from /Users/judeezeh/Desktop/Zoomcamp-project/venv/lib/python3.11/site-packages/airflow/example_dags/example_params_trigger_ui.py
[2025-04-05T11:26:12.272+0100] {logging_mixin.py:188} INFO - [2025-04-05T11:26:12.272+0100] {dag.py:3096} INFO - Sync 1 DAGs
[2025-04-05T11:26:12.276+0100] {logging_mixin.py:188} INFO - [2025-04-05T11:26:12.276+0100] {dag.py:3954} INFO - Setting next_dagrun for example_params_trigger_ui to None, run_after=None
[2025-04-05T11:26:12.286+0100] {processor.py:183} INFO - Processing /Users/judeezeh/Desktop/Zoomcamp-project/venv/lib/python3.11/site-packages/airflow/example_dags/example_params_trigger_ui.py took 0.073 seconds
[2025-04-05T11:27:58.176+0100] {processor.py:161} INFO - Started process (PID=17860) to work on /Users/judeezeh/Desktop/Zoomcamp-project/venv/lib/python3.11/site-packages/airflow/example_dags/example_params_trigger_ui.py
[2025-04-05T11:27:58.178+0100] {processor.py:830} INFO - Processing file /Users/judeezeh/Desktop/Zoomcamp-project/venv/lib/python3.11/site-packages/airflow/example_dags/example_params_trigger_ui.py for tasks to queue
[2025-04-05T11:27:58.178+0100] {logging_mixin.py:188} INFO - [2025-04-05T11:27:58.178+0100] {dagbag.py:540} INFO - Filling up the DagBag from /Users/judeezeh/Desktop/Zoomcamp-project/venv/lib/python3.11/site-packages/airflow/example_dags/example_params_trigger_ui.py
[2025-04-05T11:27:58.192+0100] {processor.py:840} INFO - DAG(s) 'example_params_trigger_ui' retrieved from /Users/judeezeh/Desktop/Zoomcamp-project/venv/lib/python3.11/site-packages/airflow/example_dags/example_params_trigger_ui.py
[2025-04-05T11:27:58.227+0100] {logging_mixin.py:188} INFO - [2025-04-05T11:27:58.227+0100] {dag.py:3096} INFO - Sync 1 DAGs
[2025-04-05T11:27:58.230+0100] {logging_mixin.py:188} INFO - [2025-04-05T11:27:58.230+0100] {dag.py:3954} INFO - Setting next_dagrun for example_params_trigger_ui to None, run_after=None
[2025-04-05T11:27:58.237+0100] {processor.py:183} INFO - Processing /Users/judeezeh/Desktop/Zoomcamp-project/venv/lib/python3.11/site-packages/airflow/example_dags/example_params_trigger_ui.py took 0.062 seconds
[2025-04-05T11:29:49.659+0100] {processor.py:161} INFO - Started process (PID=18016) to work on /Users/judeezeh/Desktop/Zoomcamp-project/venv/lib/python3.11/site-packages/airflow/example_dags/example_params_trigger_ui.py
[2025-04-05T11:29:49.660+0100] {processor.py:830} INFO - Processing file /Users/judeezeh/Desktop/Zoomcamp-project/venv/lib/python3.11/site-packages/airflow/example_dags/example_params_trigger_ui.py for tasks to queue
[2025-04-05T11:29:49.660+0100] {logging_mixin.py:188} INFO - [2025-04-05T11:29:49.660+0100] {dagbag.py:540} INFO - Filling up the DagBag from /Users/judeezeh/Desktop/Zoomcamp-project/venv/lib/python3.11/site-packages/airflow/example_dags/example_params_trigger_ui.py
[2025-04-05T11:29:49.673+0100] {processor.py:840} INFO - DAG(s) 'example_params_trigger_ui' retrieved from /Users/judeezeh/Desktop/Zoomcamp-project/venv/lib/python3.11/site-packages/airflow/example_dags/example_params_trigger_ui.py
[2025-04-05T11:29:49.708+0100] {logging_mixin.py:188} INFO - [2025-04-05T11:29:49.708+0100] {dag.py:3096} INFO - Sync 1 DAGs
[2025-04-05T11:29:49.710+0100] {logging_mixin.py:188} INFO - [2025-04-05T11:29:49.710+0100] {dag.py:3954} INFO - Setting next_dagrun for example_params_trigger_ui to None, run_after=None
[2025-04-05T11:29:49.717+0100] {processor.py:183} INFO - Processing /Users/judeezeh/Desktop/Zoomcamp-project/venv/lib/python3.11/site-packages/airflow/example_dags/example_params_trigger_ui.py took 0.059 seconds
[2025-04-05T11:31:31.415+0100] {processor.py:161} INFO - Started process (PID=18168) to work on /Users/judeezeh/Desktop/Zoomcamp-project/venv/lib/python3.11/site-packages/airflow/example_dags/example_params_trigger_ui.py
[2025-04-05T11:31:31.417+0100] {processor.py:830} INFO - Processing file /Users/judeezeh/Desktop/Zoomcamp-project/venv/lib/python3.11/site-packages/airflow/example_dags/example_params_trigger_ui.py for tasks to queue
[2025-04-05T11:31:31.417+0100] {logging_mixin.py:188} INFO - [2025-04-05T11:31:31.417+0100] {dagbag.py:540} INFO - Filling up the DagBag from /Users/judeezeh/Desktop/Zoomcamp-project/venv/lib/python3.11/site-packages/airflow/example_dags/example_params_trigger_ui.py
[2025-04-05T11:31:31.430+0100] {processor.py:840} INFO - DAG(s) 'example_params_trigger_ui' retrieved from /Users/judeezeh/Desktop/Zoomcamp-project/venv/lib/python3.11/site-packages/airflow/example_dags/example_params_trigger_ui.py
[2025-04-05T11:31:31.464+0100] {logging_mixin.py:188} INFO - [2025-04-05T11:31:31.464+0100] {dag.py:3096} INFO - Sync 1 DAGs
[2025-04-05T11:31:31.467+0100] {logging_mixin.py:188} INFO - [2025-04-05T11:31:31.467+0100] {dag.py:3954} INFO - Setting next_dagrun for example_params_trigger_ui to None, run_after=None
[2025-04-05T11:31:31.473+0100] {processor.py:183} INFO - Processing /Users/judeezeh/Desktop/Zoomcamp-project/venv/lib/python3.11/site-packages/airflow/example_dags/example_params_trigger_ui.py took 0.059 seconds
[2025-04-05T11:33:12.790+0100] {processor.py:161} INFO - Started process (PID=18318) to work on /Users/judeezeh/Desktop/Zoomcamp-project/venv/lib/python3.11/site-packages/airflow/example_dags/example_params_trigger_ui.py
[2025-04-05T11:33:12.791+0100] {processor.py:830} INFO - Processing file /Users/judeezeh/Desktop/Zoomcamp-project/venv/lib/python3.11/site-packages/airflow/example_dags/example_params_trigger_ui.py for tasks to queue
[2025-04-05T11:33:12.791+0100] {logging_mixin.py:188} INFO - [2025-04-05T11:33:12.791+0100] {dagbag.py:540} INFO - Filling up the DagBag from /Users/judeezeh/Desktop/Zoomcamp-project/venv/lib/python3.11/site-packages/airflow/example_dags/example_params_trigger_ui.py
[2025-04-05T11:33:12.804+0100] {processor.py:840} INFO - DAG(s) 'example_params_trigger_ui' retrieved from /Users/judeezeh/Desktop/Zoomcamp-project/venv/lib/python3.11/site-packages/airflow/example_dags/example_params_trigger_ui.py
[2025-04-05T11:33:12.838+0100] {logging_mixin.py:188} INFO - [2025-04-05T11:33:12.838+0100] {dag.py:3096} INFO - Sync 1 DAGs
[2025-04-05T11:33:12.841+0100] {logging_mixin.py:188} INFO - [2025-04-05T11:33:12.841+0100] {dag.py:3954} INFO - Setting next_dagrun for example_params_trigger_ui to None, run_after=None
[2025-04-05T11:33:12.847+0100] {processor.py:183} INFO - Processing /Users/judeezeh/Desktop/Zoomcamp-project/venv/lib/python3.11/site-packages/airflow/example_dags/example_params_trigger_ui.py took 0.058 seconds
[2025-04-05T11:34:57.300+0100] {processor.py:161} INFO - Started process (PID=18467) to work on /Users/judeezeh/Desktop/Zoomcamp-project/venv/lib/python3.11/site-packages/airflow/example_dags/example_params_trigger_ui.py
[2025-04-05T11:34:57.300+0100] {processor.py:830} INFO - Processing file /Users/judeezeh/Desktop/Zoomcamp-project/venv/lib/python3.11/site-packages/airflow/example_dags/example_params_trigger_ui.py for tasks to queue
[2025-04-05T11:34:57.300+0100] {logging_mixin.py:188} INFO - [2025-04-05T11:34:57.300+0100] {dagbag.py:540} INFO - Filling up the DagBag from /Users/judeezeh/Desktop/Zoomcamp-project/venv/lib/python3.11/site-packages/airflow/example_dags/example_params_trigger_ui.py
[2025-04-05T11:34:57.313+0100] {processor.py:840} INFO - DAG(s) 'example_params_trigger_ui' retrieved from /Users/judeezeh/Desktop/Zoomcamp-project/venv/lib/python3.11/site-packages/airflow/example_dags/example_params_trigger_ui.py
[2025-04-05T11:34:57.347+0100] {logging_mixin.py:188} INFO - [2025-04-05T11:34:57.347+0100] {dag.py:3096} INFO - Sync 1 DAGs
[2025-04-05T11:34:57.350+0100] {logging_mixin.py:188} INFO - [2025-04-05T11:34:57.350+0100] {dag.py:3954} INFO - Setting next_dagrun for example_params_trigger_ui to None, run_after=None
[2025-04-05T11:34:57.356+0100] {processor.py:183} INFO - Processing /Users/judeezeh/Desktop/Zoomcamp-project/venv/lib/python3.11/site-packages/airflow/example_dags/example_params_trigger_ui.py took 0.057 seconds
[2025-04-05T11:36:37.702+0100] {processor.py:161} INFO - Started process (PID=18610) to work on /Users/judeezeh/Desktop/Zoomcamp-project/venv/lib/python3.11/site-packages/airflow/example_dags/example_params_trigger_ui.py
[2025-04-05T11:36:37.702+0100] {processor.py:830} INFO - Processing file /Users/judeezeh/Desktop/Zoomcamp-project/venv/lib/python3.11/site-packages/airflow/example_dags/example_params_trigger_ui.py for tasks to queue
[2025-04-05T11:36:37.703+0100] {logging_mixin.py:188} INFO - [2025-04-05T11:36:37.703+0100] {dagbag.py:540} INFO - Filling up the DagBag from /Users/judeezeh/Desktop/Zoomcamp-project/venv/lib/python3.11/site-packages/airflow/example_dags/example_params_trigger_ui.py
[2025-04-05T11:36:37.716+0100] {processor.py:840} INFO - DAG(s) 'example_params_trigger_ui' retrieved from /Users/judeezeh/Desktop/Zoomcamp-project/venv/lib/python3.11/site-packages/airflow/example_dags/example_params_trigger_ui.py
[2025-04-05T11:36:37.751+0100] {logging_mixin.py:188} INFO - [2025-04-05T11:36:37.751+0100] {dag.py:3096} INFO - Sync 1 DAGs
[2025-04-05T11:36:37.753+0100] {logging_mixin.py:188} INFO - [2025-04-05T11:36:37.753+0100] {dag.py:3954} INFO - Setting next_dagrun for example_params_trigger_ui to None, run_after=None
[2025-04-05T11:36:37.760+0100] {processor.py:183} INFO - Processing /Users/judeezeh/Desktop/Zoomcamp-project/venv/lib/python3.11/site-packages/airflow/example_dags/example_params_trigger_ui.py took 0.059 seconds
[2025-04-05T11:39:02.139+0100] {processor.py:161} INFO - Started process (PID=18839) to work on /Users/judeezeh/Desktop/Zoomcamp-project/venv/lib/python3.11/site-packages/airflow/example_dags/example_params_trigger_ui.py
[2025-04-05T11:39:02.140+0100] {processor.py:830} INFO - Processing file /Users/judeezeh/Desktop/Zoomcamp-project/venv/lib/python3.11/site-packages/airflow/example_dags/example_params_trigger_ui.py for tasks to queue
[2025-04-05T11:39:02.140+0100] {logging_mixin.py:188} INFO - [2025-04-05T11:39:02.140+0100] {dagbag.py:540} INFO - Filling up the DagBag from /Users/judeezeh/Desktop/Zoomcamp-project/venv/lib/python3.11/site-packages/airflow/example_dags/example_params_trigger_ui.py
[2025-04-05T11:39:02.153+0100] {processor.py:840} INFO - DAG(s) 'example_params_trigger_ui' retrieved from /Users/judeezeh/Desktop/Zoomcamp-project/venv/lib/python3.11/site-packages/airflow/example_dags/example_params_trigger_ui.py
[2025-04-05T11:39:02.187+0100] {logging_mixin.py:188} INFO - [2025-04-05T11:39:02.187+0100] {dag.py:3096} INFO - Sync 1 DAGs
[2025-04-05T11:39:02.190+0100] {logging_mixin.py:188} INFO - [2025-04-05T11:39:02.190+0100] {dag.py:3954} INFO - Setting next_dagrun for example_params_trigger_ui to None, run_after=None
[2025-04-05T11:39:02.196+0100] {processor.py:183} INFO - Processing /Users/judeezeh/Desktop/Zoomcamp-project/venv/lib/python3.11/site-packages/airflow/example_dags/example_params_trigger_ui.py took 0.058 seconds
[2025-04-05T11:40:21.830+0100] {processor.py:161} INFO - Started process (PID=18975) to work on /Users/judeezeh/Desktop/Zoomcamp-project/venv/lib/python3.11/site-packages/airflow/example_dags/example_params_trigger_ui.py
[2025-04-05T11:40:21.830+0100] {processor.py:830} INFO - Processing file /Users/judeezeh/Desktop/Zoomcamp-project/venv/lib/python3.11/site-packages/airflow/example_dags/example_params_trigger_ui.py for tasks to queue
[2025-04-05T11:40:21.830+0100] {logging_mixin.py:188} INFO - [2025-04-05T11:40:21.830+0100] {dagbag.py:540} INFO - Filling up the DagBag from /Users/judeezeh/Desktop/Zoomcamp-project/venv/lib/python3.11/site-packages/airflow/example_dags/example_params_trigger_ui.py
[2025-04-05T11:40:21.843+0100] {processor.py:840} INFO - DAG(s) 'example_params_trigger_ui' retrieved from /Users/judeezeh/Desktop/Zoomcamp-project/venv/lib/python3.11/site-packages/airflow/example_dags/example_params_trigger_ui.py
[2025-04-05T11:40:21.879+0100] {logging_mixin.py:188} INFO - [2025-04-05T11:40:21.879+0100] {dag.py:3096} INFO - Sync 1 DAGs
[2025-04-05T11:40:21.882+0100] {logging_mixin.py:188} INFO - [2025-04-05T11:40:21.882+0100] {dag.py:3954} INFO - Setting next_dagrun for example_params_trigger_ui to None, run_after=None
[2025-04-05T11:40:21.889+0100] {processor.py:183} INFO - Processing /Users/judeezeh/Desktop/Zoomcamp-project/venv/lib/python3.11/site-packages/airflow/example_dags/example_params_trigger_ui.py took 0.060 seconds
[2025-04-05T11:41:55.697+0100] {processor.py:161} INFO - Started process (PID=19140) to work on /Users/judeezeh/Desktop/Zoomcamp-project/venv/lib/python3.11/site-packages/airflow/example_dags/example_params_trigger_ui.py
[2025-04-05T11:41:55.698+0100] {processor.py:830} INFO - Processing file /Users/judeezeh/Desktop/Zoomcamp-project/venv/lib/python3.11/site-packages/airflow/example_dags/example_params_trigger_ui.py for tasks to queue
[2025-04-05T11:41:55.698+0100] {logging_mixin.py:188} INFO - [2025-04-05T11:41:55.698+0100] {dagbag.py:540} INFO - Filling up the DagBag from /Users/judeezeh/Desktop/Zoomcamp-project/venv/lib/python3.11/site-packages/airflow/example_dags/example_params_trigger_ui.py
[2025-04-05T11:41:55.712+0100] {processor.py:840} INFO - DAG(s) 'example_params_trigger_ui' retrieved from /Users/judeezeh/Desktop/Zoomcamp-project/venv/lib/python3.11/site-packages/airflow/example_dags/example_params_trigger_ui.py
[2025-04-05T11:41:55.746+0100] {logging_mixin.py:188} INFO - [2025-04-05T11:41:55.746+0100] {dag.py:3096} INFO - Sync 1 DAGs
[2025-04-05T11:41:55.749+0100] {logging_mixin.py:188} INFO - [2025-04-05T11:41:55.749+0100] {dag.py:3954} INFO - Setting next_dagrun for example_params_trigger_ui to None, run_after=None
[2025-04-05T11:41:55.755+0100] {processor.py:183} INFO - Processing /Users/judeezeh/Desktop/Zoomcamp-project/venv/lib/python3.11/site-packages/airflow/example_dags/example_params_trigger_ui.py took 0.059 seconds
