[2025-04-05T11:16:10.063+0100] {processor.py:161} INFO - Started process (PID=16793) to work on /Users/judeezeh/Desktop/Zoomcamp-project/venv/lib/python3.11/site-packages/airflow/example_dags/example_branch_datetime_operator.py
[2025-04-05T11:16:10.064+0100] {processor.py:830} INFO - Processing file /Users/judeezeh/Desktop/Zoomcamp-project/venv/lib/python3.11/site-packages/airflow/example_dags/example_branch_datetime_operator.py for tasks to queue
[2025-04-05T11:16:10.064+0100] {logging_mixin.py:188} INFO - [2025-04-05T11:16:10.064+0100] {dagbag.py:540} INFO - Filling up the DagBag from /Users/judeezeh/Desktop/Zoomcamp-project/venv/lib/python3.11/site-packages/airflow/example_dags/example_branch_datetime_operator.py
[2025-04-05T11:16:10.069+0100] {processor.py:840} INFO - DAG(s) 'example_branch_datetime_operator', 'example_branch_datetime_operator_3', 'example_branch_datetime_operator_2' retrieved from /Users/judeezeh/Desktop/Zoomcamp-project/venv/lib/python3.11/site-packages/airflow/example_dags/example_branch_datetime_operator.py
[2025-04-05T11:16:10.124+0100] {logging_mixin.py:188} INFO - [2025-04-05T11:16:10.124+0100] {override.py:1930} INFO - Created Permission View: can read on DAG:example_branch_datetime_operator
[2025-04-05T11:16:10.148+0100] {logging_mixin.py:188} INFO - [2025-04-05T11:16:10.148+0100] {override.py:1930} INFO - Created Permission View: can edit on DAG:example_branch_datetime_operator
[2025-04-05T11:16:10.150+0100] {logging_mixin.py:188} INFO - [2025-04-05T11:16:10.150+0100] {override.py:1930} INFO - Created Permission View: can delete on DAG:example_branch_datetime_operator
[2025-04-05T11:16:10.154+0100] {logging_mixin.py:188} INFO - [2025-04-05T11:16:10.154+0100] {override.py:1930} INFO - Created Permission View: can read on DAG:example_branch_datetime_operator_3
[2025-04-05T11:16:10.155+0100] {logging_mixin.py:188} INFO - [2025-04-05T11:16:10.155+0100] {override.py:1930} INFO - Created Permission View: can edit on DAG:example_branch_datetime_operator_3
[2025-04-05T11:16:10.157+0100] {logging_mixin.py:188} INFO - [2025-04-05T11:16:10.157+0100] {override.py:1930} INFO - Created Permission View: can delete on DAG:example_branch_datetime_operator_3
[2025-04-05T11:16:10.160+0100] {logging_mixin.py:188} INFO - [2025-04-05T11:16:10.160+0100] {override.py:1930} INFO - Created Permission View: can read on DAG:example_branch_datetime_operator_2
[2025-04-05T11:16:10.161+0100] {logging_mixin.py:188} INFO - [2025-04-05T11:16:10.161+0100] {override.py:1930} INFO - Created Permission View: can edit on DAG:example_branch_datetime_operator_2
[2025-04-05T11:16:10.162+0100] {logging_mixin.py:188} INFO - [2025-04-05T11:16:10.162+0100] {override.py:1930} INFO - Created Permission View: can delete on DAG:example_branch_datetime_operator_2
[2025-04-05T11:16:10.163+0100] {logging_mixin.py:188} INFO - [2025-04-05T11:16:10.162+0100] {dag.py:3096} INFO - Sync 3 DAGs
[2025-04-05T11:16:10.165+0100] {logging_mixin.py:188} INFO - [2025-04-05T11:16:10.165+0100] {dag.py:3118} INFO - Creating ORM DAG for example_branch_datetime_operator_3
[2025-04-05T11:16:10.166+0100] {logging_mixin.py:188} INFO - [2025-04-05T11:16:10.166+0100] {dag.py:3118} INFO - Creating ORM DAG for example_branch_datetime_operator
[2025-04-05T11:16:10.166+0100] {logging_mixin.py:188} INFO - [2025-04-05T11:16:10.166+0100] {dag.py:3118} INFO - Creating ORM DAG for example_branch_datetime_operator_2
[2025-04-05T11:16:10.168+0100] {logging_mixin.py:188} INFO - [2025-04-05T11:16:10.168+0100] {dag.py:3954} INFO - Setting next_dagrun for example_branch_datetime_operator to 2025-04-04T00:00:00+00:00, run_after=2025-04-05T00:00:00+00:00
[2025-04-05T11:16:10.169+0100] {logging_mixin.py:188} INFO - [2025-04-05T11:16:10.169+0100] {dag.py:3954} INFO - Setting next_dagrun for example_branch_datetime_operator_2 to 2025-04-04T00:00:00+00:00, run_after=2025-04-05T00:00:00+00:00
[2025-04-05T11:16:10.169+0100] {logging_mixin.py:188} INFO - [2025-04-05T11:16:10.169+0100] {dag.py:3954} INFO - Setting next_dagrun for example_branch_datetime_operator_3 to 2025-04-04T00:00:00+00:00, run_after=2025-04-05T00:00:00+00:00
[2025-04-05T11:16:10.174+0100] {processor.py:183} INFO - Processing /Users/judeezeh/Desktop/Zoomcamp-project/venv/lib/python3.11/site-packages/airflow/example_dags/example_branch_datetime_operator.py took 0.112 seconds
[2025-04-05T11:17:42.027+0100] {processor.py:161} INFO - Started process (PID=16938) to work on /Users/judeezeh/Desktop/Zoomcamp-project/venv/lib/python3.11/site-packages/airflow/example_dags/example_branch_datetime_operator.py
[2025-04-05T11:17:42.028+0100] {processor.py:830} INFO - Processing file /Users/judeezeh/Desktop/Zoomcamp-project/venv/lib/python3.11/site-packages/airflow/example_dags/example_branch_datetime_operator.py for tasks to queue
[2025-04-05T11:17:42.028+0100] {logging_mixin.py:188} INFO - [2025-04-05T11:17:42.028+0100] {dagbag.py:540} INFO - Filling up the DagBag from /Users/judeezeh/Desktop/Zoomcamp-project/venv/lib/python3.11/site-packages/airflow/example_dags/example_branch_datetime_operator.py
[2025-04-05T11:17:42.033+0100] {processor.py:840} INFO - DAG(s) 'example_branch_datetime_operator_3', 'example_branch_datetime_operator', 'example_branch_datetime_operator_2' retrieved from /Users/judeezeh/Desktop/Zoomcamp-project/venv/lib/python3.11/site-packages/airflow/example_dags/example_branch_datetime_operator.py
[2025-04-05T11:17:42.063+0100] {logging_mixin.py:188} INFO - [2025-04-05T11:17:42.063+0100] {dag.py:3096} INFO - Sync 3 DAGs
[2025-04-05T11:17:42.069+0100] {logging_mixin.py:188} INFO - [2025-04-05T11:17:42.069+0100] {dag.py:3954} INFO - Setting next_dagrun for example_branch_datetime_operator to 2025-04-04T00:00:00+00:00, run_after=2025-04-05T00:00:00+00:00
[2025-04-05T11:17:42.070+0100] {logging_mixin.py:188} INFO - [2025-04-05T11:17:42.070+0100] {dag.py:3954} INFO - Setting next_dagrun for example_branch_datetime_operator_2 to 2025-04-04T00:00:00+00:00, run_after=2025-04-05T00:00:00+00:00
[2025-04-05T11:17:42.071+0100] {logging_mixin.py:188} INFO - [2025-04-05T11:17:42.070+0100] {dag.py:3954} INFO - Setting next_dagrun for example_branch_datetime_operator_3 to 2025-04-04T00:00:00+00:00, run_after=2025-04-05T00:00:00+00:00
[2025-04-05T11:17:42.077+0100] {processor.py:183} INFO - Processing /Users/judeezeh/Desktop/Zoomcamp-project/venv/lib/python3.11/site-packages/airflow/example_dags/example_branch_datetime_operator.py took 0.051 seconds
[2025-04-05T11:20:11.050+0100] {processor.py:161} INFO - Started process (PID=17195) to work on /Users/judeezeh/Desktop/Zoomcamp-project/venv/lib/python3.11/site-packages/airflow/example_dags/example_branch_datetime_operator.py
[2025-04-05T11:20:11.050+0100] {processor.py:830} INFO - Processing file /Users/judeezeh/Desktop/Zoomcamp-project/venv/lib/python3.11/site-packages/airflow/example_dags/example_branch_datetime_operator.py for tasks to queue
[2025-04-05T11:20:11.050+0100] {logging_mixin.py:188} INFO - [2025-04-05T11:20:11.050+0100] {dagbag.py:540} INFO - Filling up the DagBag from /Users/judeezeh/Desktop/Zoomcamp-project/venv/lib/python3.11/site-packages/airflow/example_dags/example_branch_datetime_operator.py
[2025-04-05T11:20:11.055+0100] {processor.py:840} INFO - DAG(s) 'example_branch_datetime_operator', 'example_branch_datetime_operator_3', 'example_branch_datetime_operator_2' retrieved from /Users/judeezeh/Desktop/Zoomcamp-project/venv/lib/python3.11/site-packages/airflow/example_dags/example_branch_datetime_operator.py
[2025-04-05T11:20:11.085+0100] {logging_mixin.py:188} INFO - [2025-04-05T11:20:11.085+0100] {dag.py:3096} INFO - Sync 3 DAGs
[2025-04-05T11:20:11.090+0100] {logging_mixin.py:188} INFO - [2025-04-05T11:20:11.090+0100] {dag.py:3954} INFO - Setting next_dagrun for example_branch_datetime_operator to 2025-04-04T00:00:00+00:00, run_after=2025-04-05T00:00:00+00:00
[2025-04-05T11:20:11.092+0100] {logging_mixin.py:188} INFO - [2025-04-05T11:20:11.092+0100] {dag.py:3954} INFO - Setting next_dagrun for example_branch_datetime_operator_2 to 2025-04-04T00:00:00+00:00, run_after=2025-04-05T00:00:00+00:00
[2025-04-05T11:20:11.092+0100] {logging_mixin.py:188} INFO - [2025-04-05T11:20:11.092+0100] {dag.py:3954} INFO - Setting next_dagrun for example_branch_datetime_operator_3 to 2025-04-04T00:00:00+00:00, run_after=2025-04-05T00:00:00+00:00
[2025-04-05T11:20:11.101+0100] {processor.py:183} INFO - Processing /Users/judeezeh/Desktop/Zoomcamp-project/venv/lib/python3.11/site-packages/airflow/example_dags/example_branch_datetime_operator.py took 0.052 seconds
[2025-04-05T11:22:07.156+0100] {processor.py:161} INFO - Started process (PID=17361) to work on /Users/judeezeh/Desktop/Zoomcamp-project/venv/lib/python3.11/site-packages/airflow/example_dags/example_branch_datetime_operator.py
[2025-04-05T11:22:07.157+0100] {processor.py:830} INFO - Processing file /Users/judeezeh/Desktop/Zoomcamp-project/venv/lib/python3.11/site-packages/airflow/example_dags/example_branch_datetime_operator.py for tasks to queue
[2025-04-05T11:22:07.157+0100] {logging_mixin.py:188} INFO - [2025-04-05T11:22:07.157+0100] {dagbag.py:540} INFO - Filling up the DagBag from /Users/judeezeh/Desktop/Zoomcamp-project/venv/lib/python3.11/site-packages/airflow/example_dags/example_branch_datetime_operator.py
[2025-04-05T11:22:07.162+0100] {processor.py:840} INFO - DAG(s) 'example_branch_datetime_operator_2', 'example_branch_datetime_operator', 'example_branch_datetime_operator_3' retrieved from /Users/judeezeh/Desktop/Zoomcamp-project/venv/lib/python3.11/site-packages/airflow/example_dags/example_branch_datetime_operator.py
[2025-04-05T11:22:07.193+0100] {logging_mixin.py:188} INFO - [2025-04-05T11:22:07.193+0100] {dag.py:3096} INFO - Sync 3 DAGs
[2025-04-05T11:22:07.198+0100] {logging_mixin.py:188} INFO - [2025-04-05T11:22:07.198+0100] {dag.py:3954} INFO - Setting next_dagrun for example_branch_datetime_operator to 2025-04-04T00:00:00+00:00, run_after=2025-04-05T00:00:00+00:00
[2025-04-05T11:22:07.199+0100] {logging_mixin.py:188} INFO - [2025-04-05T11:22:07.199+0100] {dag.py:3954} INFO - Setting next_dagrun for example_branch_datetime_operator_2 to 2025-04-04T00:00:00+00:00, run_after=2025-04-05T00:00:00+00:00
[2025-04-05T11:22:07.200+0100] {logging_mixin.py:188} INFO - [2025-04-05T11:22:07.200+0100] {dag.py:3954} INFO - Setting next_dagrun for example_branch_datetime_operator_3 to 2025-04-04T00:00:00+00:00, run_after=2025-04-05T00:00:00+00:00
[2025-04-05T11:22:07.206+0100] {processor.py:183} INFO - Processing /Users/judeezeh/Desktop/Zoomcamp-project/venv/lib/python3.11/site-packages/airflow/example_dags/example_branch_datetime_operator.py took 0.051 seconds
[2025-04-05T11:23:45.617+0100] {processor.py:161} INFO - Started process (PID=17504) to work on /Users/judeezeh/Desktop/Zoomcamp-project/venv/lib/python3.11/site-packages/airflow/example_dags/example_branch_datetime_operator.py
[2025-04-05T11:23:45.618+0100] {processor.py:830} INFO - Processing file /Users/judeezeh/Desktop/Zoomcamp-project/venv/lib/python3.11/site-packages/airflow/example_dags/example_branch_datetime_operator.py for tasks to queue
[2025-04-05T11:23:45.618+0100] {logging_mixin.py:188} INFO - [2025-04-05T11:23:45.618+0100] {dagbag.py:540} INFO - Filling up the DagBag from /Users/judeezeh/Desktop/Zoomcamp-project/venv/lib/python3.11/site-packages/airflow/example_dags/example_branch_datetime_operator.py
[2025-04-05T11:23:45.623+0100] {processor.py:840} INFO - DAG(s) 'example_branch_datetime_operator', 'example_branch_datetime_operator_2', 'example_branch_datetime_operator_3' retrieved from /Users/judeezeh/Desktop/Zoomcamp-project/venv/lib/python3.11/site-packages/airflow/example_dags/example_branch_datetime_operator.py
[2025-04-05T11:23:45.653+0100] {logging_mixin.py:188} INFO - [2025-04-05T11:23:45.653+0100] {dag.py:3096} INFO - Sync 3 DAGs
[2025-04-05T11:23:45.659+0100] {logging_mixin.py:188} INFO - [2025-04-05T11:23:45.659+0100] {dag.py:3954} INFO - Setting next_dagrun for example_branch_datetime_operator to 2025-04-04T00:00:00+00:00, run_after=2025-04-05T00:00:00+00:00
[2025-04-05T11:23:45.660+0100] {logging_mixin.py:188} INFO - [2025-04-05T11:23:45.660+0100] {dag.py:3954} INFO - Setting next_dagrun for example_branch_datetime_operator_2 to 2025-04-04T00:00:00+00:00, run_after=2025-04-05T00:00:00+00:00
[2025-04-05T11:23:45.660+0100] {logging_mixin.py:188} INFO - [2025-04-05T11:23:45.660+0100] {dag.py:3954} INFO - Setting next_dagrun for example_branch_datetime_operator_3 to 2025-04-04T00:00:00+00:00, run_after=2025-04-05T00:00:00+00:00
[2025-04-05T11:23:45.667+0100] {processor.py:183} INFO - Processing /Users/judeezeh/Desktop/Zoomcamp-project/venv/lib/python3.11/site-packages/airflow/example_dags/example_branch_datetime_operator.py took 0.051 seconds
[2025-04-05T11:25:26.669+0100] {processor.py:161} INFO - Started process (PID=17641) to work on /Users/judeezeh/Desktop/Zoomcamp-project/venv/lib/python3.11/site-packages/airflow/example_dags/example_branch_datetime_operator.py
[2025-04-05T11:25:26.669+0100] {processor.py:830} INFO - Processing file /Users/judeezeh/Desktop/Zoomcamp-project/venv/lib/python3.11/site-packages/airflow/example_dags/example_branch_datetime_operator.py for tasks to queue
[2025-04-05T11:25:26.669+0100] {logging_mixin.py:188} INFO - [2025-04-05T11:25:26.669+0100] {dagbag.py:540} INFO - Filling up the DagBag from /Users/judeezeh/Desktop/Zoomcamp-project/venv/lib/python3.11/site-packages/airflow/example_dags/example_branch_datetime_operator.py
[2025-04-05T11:25:26.674+0100] {processor.py:840} INFO - DAG(s) 'example_branch_datetime_operator_2', 'example_branch_datetime_operator', 'example_branch_datetime_operator_3' retrieved from /Users/judeezeh/Desktop/Zoomcamp-project/venv/lib/python3.11/site-packages/airflow/example_dags/example_branch_datetime_operator.py
[2025-04-05T11:25:26.704+0100] {logging_mixin.py:188} INFO - [2025-04-05T11:25:26.704+0100] {dag.py:3096} INFO - Sync 3 DAGs
[2025-04-05T11:25:26.710+0100] {logging_mixin.py:188} INFO - [2025-04-05T11:25:26.709+0100] {dag.py:3954} INFO - Setting next_dagrun for example_branch_datetime_operator to 2025-04-04T00:00:00+00:00, run_after=2025-04-05T00:00:00+00:00
[2025-04-05T11:25:26.711+0100] {logging_mixin.py:188} INFO - [2025-04-05T11:25:26.711+0100] {dag.py:3954} INFO - Setting next_dagrun for example_branch_datetime_operator_2 to 2025-04-04T00:00:00+00:00, run_after=2025-04-05T00:00:00+00:00
[2025-04-05T11:25:26.711+0100] {logging_mixin.py:188} INFO - [2025-04-05T11:25:26.711+0100] {dag.py:3954} INFO - Setting next_dagrun for example_branch_datetime_operator_3 to 2025-04-04T00:00:00+00:00, run_after=2025-04-05T00:00:00+00:00
[2025-04-05T11:25:26.718+0100] {processor.py:183} INFO - Processing /Users/judeezeh/Desktop/Zoomcamp-project/venv/lib/python3.11/site-packages/airflow/example_dags/example_branch_datetime_operator.py took 0.050 seconds
[2025-04-05T11:27:04.182+0100] {processor.py:161} INFO - Started process (PID=17793) to work on /Users/judeezeh/Desktop/Zoomcamp-project/venv/lib/python3.11/site-packages/airflow/example_dags/example_branch_datetime_operator.py
[2025-04-05T11:27:04.183+0100] {processor.py:830} INFO - Processing file /Users/judeezeh/Desktop/Zoomcamp-project/venv/lib/python3.11/site-packages/airflow/example_dags/example_branch_datetime_operator.py for tasks to queue
[2025-04-05T11:27:04.183+0100] {logging_mixin.py:188} INFO - [2025-04-05T11:27:04.183+0100] {dagbag.py:540} INFO - Filling up the DagBag from /Users/judeezeh/Desktop/Zoomcamp-project/venv/lib/python3.11/site-packages/airflow/example_dags/example_branch_datetime_operator.py
[2025-04-05T11:27:04.187+0100] {processor.py:840} INFO - DAG(s) 'example_branch_datetime_operator', 'example_branch_datetime_operator_3', 'example_branch_datetime_operator_2' retrieved from /Users/judeezeh/Desktop/Zoomcamp-project/venv/lib/python3.11/site-packages/airflow/example_dags/example_branch_datetime_operator.py
[2025-04-05T11:27:04.219+0100] {logging_mixin.py:188} INFO - [2025-04-05T11:27:04.219+0100] {dag.py:3096} INFO - Sync 3 DAGs
[2025-04-05T11:27:04.224+0100] {logging_mixin.py:188} INFO - [2025-04-05T11:27:04.224+0100] {dag.py:3954} INFO - Setting next_dagrun for example_branch_datetime_operator to 2025-04-04T00:00:00+00:00, run_after=2025-04-05T00:00:00+00:00
[2025-04-05T11:27:04.225+0100] {logging_mixin.py:188} INFO - [2025-04-05T11:27:04.225+0100] {dag.py:3954} INFO - Setting next_dagrun for example_branch_datetime_operator_2 to 2025-04-04T00:00:00+00:00, run_after=2025-04-05T00:00:00+00:00
[2025-04-05T11:27:04.226+0100] {logging_mixin.py:188} INFO - [2025-04-05T11:27:04.226+0100] {dag.py:3954} INFO - Setting next_dagrun for example_branch_datetime_operator_3 to 2025-04-04T00:00:00+00:00, run_after=2025-04-05T00:00:00+00:00
[2025-04-05T11:27:04.233+0100] {processor.py:183} INFO - Processing /Users/judeezeh/Desktop/Zoomcamp-project/venv/lib/python3.11/site-packages/airflow/example_dags/example_branch_datetime_operator.py took 0.052 seconds
[2025-04-05T11:28:56.520+0100] {processor.py:161} INFO - Started process (PID=17947) to work on /Users/judeezeh/Desktop/Zoomcamp-project/venv/lib/python3.11/site-packages/airflow/example_dags/example_branch_datetime_operator.py
[2025-04-05T11:28:56.521+0100] {processor.py:830} INFO - Processing file /Users/judeezeh/Desktop/Zoomcamp-project/venv/lib/python3.11/site-packages/airflow/example_dags/example_branch_datetime_operator.py for tasks to queue
[2025-04-05T11:28:56.521+0100] {logging_mixin.py:188} INFO - [2025-04-05T11:28:56.521+0100] {dagbag.py:540} INFO - Filling up the DagBag from /Users/judeezeh/Desktop/Zoomcamp-project/venv/lib/python3.11/site-packages/airflow/example_dags/example_branch_datetime_operator.py
[2025-04-05T11:28:56.525+0100] {processor.py:840} INFO - DAG(s) 'example_branch_datetime_operator', 'example_branch_datetime_operator_2', 'example_branch_datetime_operator_3' retrieved from /Users/judeezeh/Desktop/Zoomcamp-project/venv/lib/python3.11/site-packages/airflow/example_dags/example_branch_datetime_operator.py
[2025-04-05T11:28:56.555+0100] {logging_mixin.py:188} INFO - [2025-04-05T11:28:56.555+0100] {dag.py:3096} INFO - Sync 3 DAGs
[2025-04-05T11:28:56.560+0100] {logging_mixin.py:188} INFO - [2025-04-05T11:28:56.560+0100] {dag.py:3954} INFO - Setting next_dagrun for example_branch_datetime_operator to 2025-04-04T00:00:00+00:00, run_after=2025-04-05T00:00:00+00:00
[2025-04-05T11:28:56.561+0100] {logging_mixin.py:188} INFO - [2025-04-05T11:28:56.561+0100] {dag.py:3954} INFO - Setting next_dagrun for example_branch_datetime_operator_2 to 2025-04-04T00:00:00+00:00, run_after=2025-04-05T00:00:00+00:00
[2025-04-05T11:28:56.562+0100] {logging_mixin.py:188} INFO - [2025-04-05T11:28:56.562+0100] {dag.py:3954} INFO - Setting next_dagrun for example_branch_datetime_operator_3 to 2025-04-04T00:00:00+00:00, run_after=2025-04-05T00:00:00+00:00
[2025-04-05T11:28:56.568+0100] {processor.py:183} INFO - Processing /Users/judeezeh/Desktop/Zoomcamp-project/venv/lib/python3.11/site-packages/airflow/example_dags/example_branch_datetime_operator.py took 0.049 seconds
[2025-04-05T11:30:45.270+0100] {processor.py:161} INFO - Started process (PID=18101) to work on /Users/judeezeh/Desktop/Zoomcamp-project/venv/lib/python3.11/site-packages/airflow/example_dags/example_branch_datetime_operator.py
[2025-04-05T11:30:45.274+0100] {processor.py:830} INFO - Processing file /Users/judeezeh/Desktop/Zoomcamp-project/venv/lib/python3.11/site-packages/airflow/example_dags/example_branch_datetime_operator.py for tasks to queue
[2025-04-05T11:30:45.274+0100] {logging_mixin.py:188} INFO - [2025-04-05T11:30:45.274+0100] {dagbag.py:540} INFO - Filling up the DagBag from /Users/judeezeh/Desktop/Zoomcamp-project/venv/lib/python3.11/site-packages/airflow/example_dags/example_branch_datetime_operator.py
[2025-04-05T11:30:45.279+0100] {processor.py:840} INFO - DAG(s) 'example_branch_datetime_operator', 'example_branch_datetime_operator_2', 'example_branch_datetime_operator_3' retrieved from /Users/judeezeh/Desktop/Zoomcamp-project/venv/lib/python3.11/site-packages/airflow/example_dags/example_branch_datetime_operator.py
[2025-04-05T11:30:45.309+0100] {logging_mixin.py:188} INFO - [2025-04-05T11:30:45.309+0100] {dag.py:3096} INFO - Sync 3 DAGs
[2025-04-05T11:30:45.314+0100] {logging_mixin.py:188} INFO - [2025-04-05T11:30:45.314+0100] {dag.py:3954} INFO - Setting next_dagrun for example_branch_datetime_operator to 2025-04-04T00:00:00+00:00, run_after=2025-04-05T00:00:00+00:00
[2025-04-05T11:30:45.316+0100] {logging_mixin.py:188} INFO - [2025-04-05T11:30:45.316+0100] {dag.py:3954} INFO - Setting next_dagrun for example_branch_datetime_operator_2 to 2025-04-04T00:00:00+00:00, run_after=2025-04-05T00:00:00+00:00
[2025-04-05T11:30:45.316+0100] {logging_mixin.py:188} INFO - [2025-04-05T11:30:45.316+0100] {dag.py:3954} INFO - Setting next_dagrun for example_branch_datetime_operator_3 to 2025-04-04T00:00:00+00:00, run_after=2025-04-05T00:00:00+00:00
[2025-04-05T11:30:45.322+0100] {processor.py:183} INFO - Processing /Users/judeezeh/Desktop/Zoomcamp-project/venv/lib/python3.11/site-packages/airflow/example_dags/example_branch_datetime_operator.py took 0.054 seconds
[2025-04-05T11:32:22.905+0100] {processor.py:161} INFO - Started process (PID=18247) to work on /Users/judeezeh/Desktop/Zoomcamp-project/venv/lib/python3.11/site-packages/airflow/example_dags/example_branch_datetime_operator.py
[2025-04-05T11:32:22.907+0100] {processor.py:830} INFO - Processing file /Users/judeezeh/Desktop/Zoomcamp-project/venv/lib/python3.11/site-packages/airflow/example_dags/example_branch_datetime_operator.py for tasks to queue
[2025-04-05T11:32:22.907+0100] {logging_mixin.py:188} INFO - [2025-04-05T11:32:22.907+0100] {dagbag.py:540} INFO - Filling up the DagBag from /Users/judeezeh/Desktop/Zoomcamp-project/venv/lib/python3.11/site-packages/airflow/example_dags/example_branch_datetime_operator.py
[2025-04-05T11:32:22.911+0100] {processor.py:840} INFO - DAG(s) 'example_branch_datetime_operator_2', 'example_branch_datetime_operator_3', 'example_branch_datetime_operator' retrieved from /Users/judeezeh/Desktop/Zoomcamp-project/venv/lib/python3.11/site-packages/airflow/example_dags/example_branch_datetime_operator.py
[2025-04-05T11:32:22.942+0100] {logging_mixin.py:188} INFO - [2025-04-05T11:32:22.942+0100] {dag.py:3096} INFO - Sync 3 DAGs
[2025-04-05T11:32:22.947+0100] {logging_mixin.py:188} INFO - [2025-04-05T11:32:22.947+0100] {dag.py:3954} INFO - Setting next_dagrun for example_branch_datetime_operator to 2025-04-04T00:00:00+00:00, run_after=2025-04-05T00:00:00+00:00
[2025-04-05T11:32:22.948+0100] {logging_mixin.py:188} INFO - [2025-04-05T11:32:22.948+0100] {dag.py:3954} INFO - Setting next_dagrun for example_branch_datetime_operator_2 to 2025-04-04T00:00:00+00:00, run_after=2025-04-05T00:00:00+00:00
[2025-04-05T11:32:22.949+0100] {logging_mixin.py:188} INFO - [2025-04-05T11:32:22.949+0100] {dag.py:3954} INFO - Setting next_dagrun for example_branch_datetime_operator_3 to 2025-04-04T00:00:00+00:00, run_after=2025-04-05T00:00:00+00:00
[2025-04-05T11:32:22.955+0100] {processor.py:183} INFO - Processing /Users/judeezeh/Desktop/Zoomcamp-project/venv/lib/python3.11/site-packages/airflow/example_dags/example_branch_datetime_operator.py took 0.050 seconds
[2025-04-05T11:34:09.146+0100] {processor.py:161} INFO - Started process (PID=18399) to work on /Users/judeezeh/Desktop/Zoomcamp-project/venv/lib/python3.11/site-packages/airflow/example_dags/example_branch_datetime_operator.py
[2025-04-05T11:34:09.147+0100] {processor.py:830} INFO - Processing file /Users/judeezeh/Desktop/Zoomcamp-project/venv/lib/python3.11/site-packages/airflow/example_dags/example_branch_datetime_operator.py for tasks to queue
[2025-04-05T11:34:09.147+0100] {logging_mixin.py:188} INFO - [2025-04-05T11:34:09.147+0100] {dagbag.py:540} INFO - Filling up the DagBag from /Users/judeezeh/Desktop/Zoomcamp-project/venv/lib/python3.11/site-packages/airflow/example_dags/example_branch_datetime_operator.py
[2025-04-05T11:34:09.152+0100] {processor.py:840} INFO - DAG(s) 'example_branch_datetime_operator_2', 'example_branch_datetime_operator', 'example_branch_datetime_operator_3' retrieved from /Users/judeezeh/Desktop/Zoomcamp-project/venv/lib/python3.11/site-packages/airflow/example_dags/example_branch_datetime_operator.py
[2025-04-05T11:34:09.182+0100] {logging_mixin.py:188} INFO - [2025-04-05T11:34:09.182+0100] {dag.py:3096} INFO - Sync 3 DAGs
[2025-04-05T11:34:09.187+0100] {logging_mixin.py:188} INFO - [2025-04-05T11:34:09.187+0100] {dag.py:3954} INFO - Setting next_dagrun for example_branch_datetime_operator to 2025-04-04T00:00:00+00:00, run_after=2025-04-05T00:00:00+00:00
[2025-04-05T11:34:09.188+0100] {logging_mixin.py:188} INFO - [2025-04-05T11:34:09.188+0100] {dag.py:3954} INFO - Setting next_dagrun for example_branch_datetime_operator_2 to 2025-04-04T00:00:00+00:00, run_after=2025-04-05T00:00:00+00:00
[2025-04-05T11:34:09.189+0100] {logging_mixin.py:188} INFO - [2025-04-05T11:34:09.189+0100] {dag.py:3954} INFO - Setting next_dagrun for example_branch_datetime_operator_3 to 2025-04-04T00:00:00+00:00, run_after=2025-04-05T00:00:00+00:00
[2025-04-05T11:34:09.195+0100] {processor.py:183} INFO - Processing /Users/judeezeh/Desktop/Zoomcamp-project/venv/lib/python3.11/site-packages/airflow/example_dags/example_branch_datetime_operator.py took 0.050 seconds
[2025-04-05T11:35:43.535+0100] {processor.py:161} INFO - Started process (PID=18531) to work on /Users/judeezeh/Desktop/Zoomcamp-project/venv/lib/python3.11/site-packages/airflow/example_dags/example_branch_datetime_operator.py
[2025-04-05T11:35:43.536+0100] {processor.py:830} INFO - Processing file /Users/judeezeh/Desktop/Zoomcamp-project/venv/lib/python3.11/site-packages/airflow/example_dags/example_branch_datetime_operator.py for tasks to queue
[2025-04-05T11:35:43.536+0100] {logging_mixin.py:188} INFO - [2025-04-05T11:35:43.536+0100] {dagbag.py:540} INFO - Filling up the DagBag from /Users/judeezeh/Desktop/Zoomcamp-project/venv/lib/python3.11/site-packages/airflow/example_dags/example_branch_datetime_operator.py
[2025-04-05T11:35:43.540+0100] {processor.py:840} INFO - DAG(s) 'example_branch_datetime_operator', 'example_branch_datetime_operator_2', 'example_branch_datetime_operator_3' retrieved from /Users/judeezeh/Desktop/Zoomcamp-project/venv/lib/python3.11/site-packages/airflow/example_dags/example_branch_datetime_operator.py
[2025-04-05T11:35:43.570+0100] {logging_mixin.py:188} INFO - [2025-04-05T11:35:43.570+0100] {dag.py:3096} INFO - Sync 3 DAGs
[2025-04-05T11:35:43.575+0100] {logging_mixin.py:188} INFO - [2025-04-05T11:35:43.575+0100] {dag.py:3954} INFO - Setting next_dagrun for example_branch_datetime_operator to 2025-04-04T00:00:00+00:00, run_after=2025-04-05T00:00:00+00:00
[2025-04-05T11:35:43.576+0100] {logging_mixin.py:188} INFO - [2025-04-05T11:35:43.576+0100] {dag.py:3954} INFO - Setting next_dagrun for example_branch_datetime_operator_2 to 2025-04-04T00:00:00+00:00, run_after=2025-04-05T00:00:00+00:00
[2025-04-05T11:35:43.577+0100] {logging_mixin.py:188} INFO - [2025-04-05T11:35:43.577+0100] {dag.py:3954} INFO - Setting next_dagrun for example_branch_datetime_operator_3 to 2025-04-04T00:00:00+00:00, run_after=2025-04-05T00:00:00+00:00
[2025-04-05T11:35:43.583+0100] {processor.py:183} INFO - Processing /Users/judeezeh/Desktop/Zoomcamp-project/venv/lib/python3.11/site-packages/airflow/example_dags/example_branch_datetime_operator.py took 0.049 seconds
[2025-04-05T11:37:30.508+0100] {processor.py:161} INFO - Started process (PID=18698) to work on /Users/judeezeh/Desktop/Zoomcamp-project/venv/lib/python3.11/site-packages/airflow/example_dags/example_branch_datetime_operator.py
[2025-04-05T11:37:30.510+0100] {processor.py:830} INFO - Processing file /Users/judeezeh/Desktop/Zoomcamp-project/venv/lib/python3.11/site-packages/airflow/example_dags/example_branch_datetime_operator.py for tasks to queue
[2025-04-05T11:37:30.510+0100] {logging_mixin.py:188} INFO - [2025-04-05T11:37:30.510+0100] {dagbag.py:540} INFO - Filling up the DagBag from /Users/judeezeh/Desktop/Zoomcamp-project/venv/lib/python3.11/site-packages/airflow/example_dags/example_branch_datetime_operator.py
[2025-04-05T11:37:30.515+0100] {processor.py:840} INFO - DAG(s) 'example_branch_datetime_operator_2', 'example_branch_datetime_operator', 'example_branch_datetime_operator_3' retrieved from /Users/judeezeh/Desktop/Zoomcamp-project/venv/lib/python3.11/site-packages/airflow/example_dags/example_branch_datetime_operator.py
[2025-04-05T11:37:30.545+0100] {logging_mixin.py:188} INFO - [2025-04-05T11:37:30.545+0100] {dag.py:3096} INFO - Sync 3 DAGs
[2025-04-05T11:37:30.550+0100] {logging_mixin.py:188} INFO - [2025-04-05T11:37:30.550+0100] {dag.py:3954} INFO - Setting next_dagrun for example_branch_datetime_operator to 2025-04-04T00:00:00+00:00, run_after=2025-04-05T00:00:00+00:00
[2025-04-05T11:37:30.551+0100] {logging_mixin.py:188} INFO - [2025-04-05T11:37:30.551+0100] {dag.py:3954} INFO - Setting next_dagrun for example_branch_datetime_operator_2 to 2025-04-04T00:00:00+00:00, run_after=2025-04-05T00:00:00+00:00
[2025-04-05T11:37:30.552+0100] {logging_mixin.py:188} INFO - [2025-04-05T11:37:30.552+0100] {dag.py:3954} INFO - Setting next_dagrun for example_branch_datetime_operator_3 to 2025-04-04T00:00:00+00:00, run_after=2025-04-05T00:00:00+00:00
[2025-04-05T11:37:30.558+0100] {processor.py:183} INFO - Processing /Users/judeezeh/Desktop/Zoomcamp-project/venv/lib/python3.11/site-packages/airflow/example_dags/example_branch_datetime_operator.py took 0.050 seconds
[2025-04-05T11:39:30.970+0100] {processor.py:161} INFO - Started process (PID=18880) to work on /Users/judeezeh/Desktop/Zoomcamp-project/venv/lib/python3.11/site-packages/airflow/example_dags/example_branch_datetime_operator.py
[2025-04-05T11:39:30.972+0100] {processor.py:830} INFO - Processing file /Users/judeezeh/Desktop/Zoomcamp-project/venv/lib/python3.11/site-packages/airflow/example_dags/example_branch_datetime_operator.py for tasks to queue
[2025-04-05T11:39:30.972+0100] {logging_mixin.py:188} INFO - [2025-04-05T11:39:30.972+0100] {dagbag.py:540} INFO - Filling up the DagBag from /Users/judeezeh/Desktop/Zoomcamp-project/venv/lib/python3.11/site-packages/airflow/example_dags/example_branch_datetime_operator.py
[2025-04-05T11:39:30.976+0100] {processor.py:840} INFO - DAG(s) 'example_branch_datetime_operator_3', 'example_branch_datetime_operator', 'example_branch_datetime_operator_2' retrieved from /Users/judeezeh/Desktop/Zoomcamp-project/venv/lib/python3.11/site-packages/airflow/example_dags/example_branch_datetime_operator.py
[2025-04-05T11:39:31.007+0100] {logging_mixin.py:188} INFO - [2025-04-05T11:39:31.007+0100] {dag.py:3096} INFO - Sync 3 DAGs
[2025-04-05T11:39:31.012+0100] {logging_mixin.py:188} INFO - [2025-04-05T11:39:31.012+0100] {dag.py:3954} INFO - Setting next_dagrun for example_branch_datetime_operator to 2025-04-04T00:00:00+00:00, run_after=2025-04-05T00:00:00+00:00
[2025-04-05T11:39:31.013+0100] {logging_mixin.py:188} INFO - [2025-04-05T11:39:31.013+0100] {dag.py:3954} INFO - Setting next_dagrun for example_branch_datetime_operator_2 to 2025-04-04T00:00:00+00:00, run_after=2025-04-05T00:00:00+00:00
[2025-04-05T11:39:31.014+0100] {logging_mixin.py:188} INFO - [2025-04-05T11:39:31.014+0100] {dag.py:3954} INFO - Setting next_dagrun for example_branch_datetime_operator_3 to 2025-04-04T00:00:00+00:00, run_after=2025-04-05T00:00:00+00:00
[2025-04-05T11:39:31.020+0100] {processor.py:183} INFO - Processing /Users/judeezeh/Desktop/Zoomcamp-project/venv/lib/python3.11/site-packages/airflow/example_dags/example_branch_datetime_operator.py took 0.051 seconds
[2025-04-05T11:41:09.352+0100] {processor.py:161} INFO - Started process (PID=19071) to work on /Users/judeezeh/Desktop/Zoomcamp-project/venv/lib/python3.11/site-packages/airflow/example_dags/example_branch_datetime_operator.py
[2025-04-05T11:41:09.353+0100] {processor.py:830} INFO - Processing file /Users/judeezeh/Desktop/Zoomcamp-project/venv/lib/python3.11/site-packages/airflow/example_dags/example_branch_datetime_operator.py for tasks to queue
[2025-04-05T11:41:09.353+0100] {logging_mixin.py:188} INFO - [2025-04-05T11:41:09.353+0100] {dagbag.py:540} INFO - Filling up the DagBag from /Users/judeezeh/Desktop/Zoomcamp-project/venv/lib/python3.11/site-packages/airflow/example_dags/example_branch_datetime_operator.py
[2025-04-05T11:41:09.357+0100] {processor.py:840} INFO - DAG(s) 'example_branch_datetime_operator_3', 'example_branch_datetime_operator', 'example_branch_datetime_operator_2' retrieved from /Users/judeezeh/Desktop/Zoomcamp-project/venv/lib/python3.11/site-packages/airflow/example_dags/example_branch_datetime_operator.py
[2025-04-05T11:41:09.387+0100] {logging_mixin.py:188} INFO - [2025-04-05T11:41:09.387+0100] {dag.py:3096} INFO - Sync 3 DAGs
[2025-04-05T11:41:09.392+0100] {logging_mixin.py:188} INFO - [2025-04-05T11:41:09.392+0100] {dag.py:3954} INFO - Setting next_dagrun for example_branch_datetime_operator to 2025-04-04T00:00:00+00:00, run_after=2025-04-05T00:00:00+00:00
[2025-04-05T11:41:09.394+0100] {logging_mixin.py:188} INFO - [2025-04-05T11:41:09.393+0100] {dag.py:3954} INFO - Setting next_dagrun for example_branch_datetime_operator_2 to 2025-04-04T00:00:00+00:00, run_after=2025-04-05T00:00:00+00:00
[2025-04-05T11:41:09.394+0100] {logging_mixin.py:188} INFO - [2025-04-05T11:41:09.394+0100] {dag.py:3954} INFO - Setting next_dagrun for example_branch_datetime_operator_3 to 2025-04-04T00:00:00+00:00, run_after=2025-04-05T00:00:00+00:00
[2025-04-05T11:41:09.400+0100] {processor.py:183} INFO - Processing /Users/judeezeh/Desktop/Zoomcamp-project/venv/lib/python3.11/site-packages/airflow/example_dags/example_branch_datetime_operator.py took 0.050 seconds
[2025-04-05T11:42:40.302+0100] {processor.py:161} INFO - Started process (PID=19207) to work on /Users/judeezeh/Desktop/Zoomcamp-project/venv/lib/python3.11/site-packages/airflow/example_dags/example_branch_datetime_operator.py
[2025-04-05T11:42:40.303+0100] {processor.py:830} INFO - Processing file /Users/judeezeh/Desktop/Zoomcamp-project/venv/lib/python3.11/site-packages/airflow/example_dags/example_branch_datetime_operator.py for tasks to queue
[2025-04-05T11:42:40.303+0100] {logging_mixin.py:188} INFO - [2025-04-05T11:42:40.303+0100] {dagbag.py:540} INFO - Filling up the DagBag from /Users/judeezeh/Desktop/Zoomcamp-project/venv/lib/python3.11/site-packages/airflow/example_dags/example_branch_datetime_operator.py
[2025-04-05T11:42:40.307+0100] {processor.py:840} INFO - DAG(s) 'example_branch_datetime_operator_2', 'example_branch_datetime_operator', 'example_branch_datetime_operator_3' retrieved from /Users/judeezeh/Desktop/Zoomcamp-project/venv/lib/python3.11/site-packages/airflow/example_dags/example_branch_datetime_operator.py
[2025-04-05T11:42:40.338+0100] {logging_mixin.py:188} INFO - [2025-04-05T11:42:40.337+0100] {dag.py:3096} INFO - Sync 3 DAGs
[2025-04-05T11:42:40.343+0100] {logging_mixin.py:188} INFO - [2025-04-05T11:42:40.343+0100] {dag.py:3954} INFO - Setting next_dagrun for example_branch_datetime_operator to 2025-04-04T00:00:00+00:00, run_after=2025-04-05T00:00:00+00:00
[2025-04-05T11:42:40.344+0100] {logging_mixin.py:188} INFO - [2025-04-05T11:42:40.344+0100] {dag.py:3954} INFO - Setting next_dagrun for example_branch_datetime_operator_2 to 2025-04-04T00:00:00+00:00, run_after=2025-04-05T00:00:00+00:00
[2025-04-05T11:42:40.345+0100] {logging_mixin.py:188} INFO - [2025-04-05T11:42:40.345+0100] {dag.py:3954} INFO - Setting next_dagrun for example_branch_datetime_operator_3 to 2025-04-04T00:00:00+00:00, run_after=2025-04-05T00:00:00+00:00
[2025-04-05T11:42:40.351+0100] {processor.py:183} INFO - Processing /Users/judeezeh/Desktop/Zoomcamp-project/venv/lib/python3.11/site-packages/airflow/example_dags/example_branch_datetime_operator.py took 0.050 seconds
