[2025-04-05T11:15:16.565+0100] {processor.py:161} INFO - Started process (PID=16715) to work on /Users/judeezeh/Desktop/Zoomcamp-project/venv/lib/python3.11/site-packages/airflow/example_dags/example_subdag_operator.py
[2025-04-05T11:15:16.565+0100] {processor.py:830} INFO - Processing file /Users/judeezeh/Desktop/Zoomcamp-project/venv/lib/python3.11/site-packages/airflow/example_dags/example_subdag_operator.py for tasks to queue
[2025-04-05T11:15:16.565+0100] {logging_mixin.py:188} INFO - [2025-04-05T11:15:16.565+0100] {dagbag.py:540} INFO - Filling up the DagBag from /Users/judeezeh/Desktop/Zoomcamp-project/venv/lib/python3.11/site-packages/airflow/example_dags/example_subdag_operator.py
[2025-04-05T11:15:16.592+0100] {processor.py:840} INFO - DAG(s) 'example_subdag_operator.section-1', 'example_subdag_operator.section-2', 'example_subdag_operator' retrieved from /Users/judeezeh/Desktop/Zoomcamp-project/venv/lib/python3.11/site-packages/airflow/example_dags/example_subdag_operator.py
[2025-04-05T11:15:16.650+0100] {logging_mixin.py:188} INFO - [2025-04-05T11:15:16.650+0100] {override.py:1930} INFO - Created Permission View: can delete on DAG:example_subdag_operator
[2025-04-05T11:15:16.652+0100] {logging_mixin.py:188} INFO - [2025-04-05T11:15:16.652+0100] {override.py:1930} INFO - Created Permission View: can edit on DAG:example_subdag_operator
[2025-04-05T11:15:16.654+0100] {logging_mixin.py:188} INFO - [2025-04-05T11:15:16.654+0100] {override.py:1930} INFO - Created Permission View: can read on DAG:example_subdag_operator
[2025-04-05T11:15:16.654+0100] {logging_mixin.py:188} INFO - [2025-04-05T11:15:16.654+0100] {dag.py:3096} INFO - Sync 3 DAGs
[2025-04-05T11:15:16.657+0100] {logging_mixin.py:188} INFO - [2025-04-05T11:15:16.657+0100] {dag.py:3118} INFO - Creating ORM DAG for example_subdag_operator
[2025-04-05T11:15:16.657+0100] {logging_mixin.py:188} INFO - [2025-04-05T11:15:16.657+0100] {dag.py:3118} INFO - Creating ORM DAG for example_subdag_operator.section-2
[2025-04-05T11:15:16.657+0100] {logging_mixin.py:188} INFO - [2025-04-05T11:15:16.657+0100] {dag.py:3118} INFO - Creating ORM DAG for example_subdag_operator.section-1
[2025-04-05T11:15:16.659+0100] {logging_mixin.py:188} INFO - [2025-04-05T11:15:16.659+0100] {dag.py:3954} INFO - Setting next_dagrun for example_subdag_operator to 2022-01-01T00:00:00+00:00, run_after=2022-01-01T00:00:00+00:00
[2025-04-05T11:15:16.659+0100] {logging_mixin.py:188} INFO - [2025-04-05T11:15:16.659+0100] {dag.py:3954} INFO - Setting next_dagrun for example_subdag_operator.section-1 to None, run_after=None
[2025-04-05T11:15:16.659+0100] {logging_mixin.py:188} INFO - [2025-04-05T11:15:16.659+0100] {dag.py:3954} INFO - Setting next_dagrun for example_subdag_operator.section-2 to None, run_after=None
[2025-04-05T11:15:16.661+0100] {logging_mixin.py:188} INFO - [2025-04-05T11:15:16.661+0100] {dag.py:3096} INFO - Sync 2 DAGs
[2025-04-05T11:15:16.662+0100] {logging_mixin.py:188} INFO - [2025-04-05T11:15:16.662+0100] {dag.py:3954} INFO - Setting next_dagrun for example_subdag_operator.section-1 to None, run_after=None
[2025-04-05T11:15:16.663+0100] {logging_mixin.py:188} INFO - [2025-04-05T11:15:16.663+0100] {dag.py:3954} INFO - Setting next_dagrun for example_subdag_operator.section-2 to None, run_after=None
[2025-04-05T11:15:16.666+0100] {processor.py:183} INFO - Processing /Users/judeezeh/Desktop/Zoomcamp-project/venv/lib/python3.11/site-packages/airflow/example_dags/example_subdag_operator.py took 0.103 seconds
[2025-04-05T11:16:39.683+0100] {processor.py:161} INFO - Started process (PID=16846) to work on /Users/judeezeh/Desktop/Zoomcamp-project/venv/lib/python3.11/site-packages/airflow/example_dags/example_subdag_operator.py
[2025-04-05T11:16:39.684+0100] {processor.py:830} INFO - Processing file /Users/judeezeh/Desktop/Zoomcamp-project/venv/lib/python3.11/site-packages/airflow/example_dags/example_subdag_operator.py for tasks to queue
[2025-04-05T11:16:39.684+0100] {logging_mixin.py:188} INFO - [2025-04-05T11:16:39.684+0100] {dagbag.py:540} INFO - Filling up the DagBag from /Users/judeezeh/Desktop/Zoomcamp-project/venv/lib/python3.11/site-packages/airflow/example_dags/example_subdag_operator.py
[2025-04-05T11:16:39.711+0100] {processor.py:840} INFO - DAG(s) 'example_subdag_operator.section-1', 'example_subdag_operator.section-2', 'example_subdag_operator' retrieved from /Users/judeezeh/Desktop/Zoomcamp-project/venv/lib/python3.11/site-packages/airflow/example_dags/example_subdag_operator.py
[2025-04-05T11:16:39.721+0100] {logging_mixin.py:188} INFO - [2025-04-05T11:16:39.721+0100] {dag.py:3096} INFO - Sync 3 DAGs
[2025-04-05T11:16:39.727+0100] {logging_mixin.py:188} INFO - [2025-04-05T11:16:39.727+0100] {dag.py:3954} INFO - Setting next_dagrun for example_subdag_operator to 2022-01-01T00:00:00+00:00, run_after=2022-01-01T00:00:00+00:00
[2025-04-05T11:16:39.728+0100] {logging_mixin.py:188} INFO - [2025-04-05T11:16:39.727+0100] {dag.py:3954} INFO - Setting next_dagrun for example_subdag_operator.section-1 to None, run_after=None
[2025-04-05T11:16:39.728+0100] {logging_mixin.py:188} INFO - [2025-04-05T11:16:39.728+0100] {dag.py:3954} INFO - Setting next_dagrun for example_subdag_operator.section-2 to None, run_after=None
[2025-04-05T11:16:39.729+0100] {logging_mixin.py:188} INFO - [2025-04-05T11:16:39.729+0100] {dag.py:3096} INFO - Sync 2 DAGs
[2025-04-05T11:16:39.730+0100] {logging_mixin.py:188} INFO - [2025-04-05T11:16:39.730+0100] {dag.py:3954} INFO - Setting next_dagrun for example_subdag_operator.section-1 to None, run_after=None
[2025-04-05T11:16:39.731+0100] {logging_mixin.py:188} INFO - [2025-04-05T11:16:39.730+0100] {dag.py:3954} INFO - Setting next_dagrun for example_subdag_operator.section-2 to None, run_after=None
[2025-04-05T11:16:39.735+0100] {processor.py:183} INFO - Processing /Users/judeezeh/Desktop/Zoomcamp-project/venv/lib/python3.11/site-packages/airflow/example_dags/example_subdag_operator.py took 0.053 seconds
[2025-04-05T11:18:08.033+0100] {processor.py:161} INFO - Started process (PID=16976) to work on /Users/judeezeh/Desktop/Zoomcamp-project/venv/lib/python3.11/site-packages/airflow/example_dags/example_subdag_operator.py
[2025-04-05T11:18:08.034+0100] {processor.py:830} INFO - Processing file /Users/judeezeh/Desktop/Zoomcamp-project/venv/lib/python3.11/site-packages/airflow/example_dags/example_subdag_operator.py for tasks to queue
[2025-04-05T11:18:08.034+0100] {logging_mixin.py:188} INFO - [2025-04-05T11:18:08.034+0100] {dagbag.py:540} INFO - Filling up the DagBag from /Users/judeezeh/Desktop/Zoomcamp-project/venv/lib/python3.11/site-packages/airflow/example_dags/example_subdag_operator.py
[2025-04-05T11:18:08.062+0100] {processor.py:840} INFO - DAG(s) 'example_subdag_operator.section-1', 'example_subdag_operator.section-2', 'example_subdag_operator' retrieved from /Users/judeezeh/Desktop/Zoomcamp-project/venv/lib/python3.11/site-packages/airflow/example_dags/example_subdag_operator.py
[2025-04-05T11:18:08.072+0100] {logging_mixin.py:188} INFO - [2025-04-05T11:18:08.072+0100] {dag.py:3096} INFO - Sync 3 DAGs
[2025-04-05T11:18:08.077+0100] {logging_mixin.py:188} INFO - [2025-04-05T11:18:08.077+0100] {dag.py:3954} INFO - Setting next_dagrun for example_subdag_operator to 2022-01-01T00:00:00+00:00, run_after=2022-01-01T00:00:00+00:00
[2025-04-05T11:18:08.078+0100] {logging_mixin.py:188} INFO - [2025-04-05T11:18:08.078+0100] {dag.py:3954} INFO - Setting next_dagrun for example_subdag_operator.section-1 to None, run_after=None
[2025-04-05T11:18:08.079+0100] {logging_mixin.py:188} INFO - [2025-04-05T11:18:08.079+0100] {dag.py:3954} INFO - Setting next_dagrun for example_subdag_operator.section-2 to None, run_after=None
[2025-04-05T11:18:08.080+0100] {logging_mixin.py:188} INFO - [2025-04-05T11:18:08.080+0100] {dag.py:3096} INFO - Sync 2 DAGs
[2025-04-05T11:18:08.081+0100] {logging_mixin.py:188} INFO - [2025-04-05T11:18:08.081+0100] {dag.py:3954} INFO - Setting next_dagrun for example_subdag_operator.section-1 to None, run_after=None
[2025-04-05T11:18:08.081+0100] {logging_mixin.py:188} INFO - [2025-04-05T11:18:08.081+0100] {dag.py:3954} INFO - Setting next_dagrun for example_subdag_operator.section-2 to None, run_after=None
[2025-04-05T11:18:08.085+0100] {processor.py:183} INFO - Processing /Users/judeezeh/Desktop/Zoomcamp-project/venv/lib/python3.11/site-packages/airflow/example_dags/example_subdag_operator.py took 0.053 seconds
[2025-04-05T11:19:21.528+0100] {processor.py:161} INFO - Started process (PID=17116) to work on /Users/judeezeh/Desktop/Zoomcamp-project/venv/lib/python3.11/site-packages/airflow/example_dags/example_subdag_operator.py
[2025-04-05T11:19:21.528+0100] {processor.py:830} INFO - Processing file /Users/judeezeh/Desktop/Zoomcamp-project/venv/lib/python3.11/site-packages/airflow/example_dags/example_subdag_operator.py for tasks to queue
[2025-04-05T11:19:21.528+0100] {logging_mixin.py:188} INFO - [2025-04-05T11:19:21.528+0100] {dagbag.py:540} INFO - Filling up the DagBag from /Users/judeezeh/Desktop/Zoomcamp-project/venv/lib/python3.11/site-packages/airflow/example_dags/example_subdag_operator.py
[2025-04-05T11:19:21.557+0100] {processor.py:840} INFO - DAG(s) 'example_subdag_operator.section-1', 'example_subdag_operator.section-2', 'example_subdag_operator' retrieved from /Users/judeezeh/Desktop/Zoomcamp-project/venv/lib/python3.11/site-packages/airflow/example_dags/example_subdag_operator.py
[2025-04-05T11:19:21.567+0100] {logging_mixin.py:188} INFO - [2025-04-05T11:19:21.567+0100] {dag.py:3096} INFO - Sync 3 DAGs
[2025-04-05T11:19:21.573+0100] {logging_mixin.py:188} INFO - [2025-04-05T11:19:21.573+0100] {dag.py:3954} INFO - Setting next_dagrun for example_subdag_operator to 2022-01-01T00:00:00+00:00, run_after=2022-01-01T00:00:00+00:00
[2025-04-05T11:19:21.574+0100] {logging_mixin.py:188} INFO - [2025-04-05T11:19:21.574+0100] {dag.py:3954} INFO - Setting next_dagrun for example_subdag_operator.section-1 to None, run_after=None
[2025-04-05T11:19:21.574+0100] {logging_mixin.py:188} INFO - [2025-04-05T11:19:21.574+0100] {dag.py:3954} INFO - Setting next_dagrun for example_subdag_operator.section-2 to None, run_after=None
[2025-04-05T11:19:21.576+0100] {logging_mixin.py:188} INFO - [2025-04-05T11:19:21.576+0100] {dag.py:3096} INFO - Sync 2 DAGs
[2025-04-05T11:19:21.577+0100] {logging_mixin.py:188} INFO - [2025-04-05T11:19:21.577+0100] {dag.py:3954} INFO - Setting next_dagrun for example_subdag_operator.section-1 to None, run_after=None
[2025-04-05T11:19:21.577+0100] {logging_mixin.py:188} INFO - [2025-04-05T11:19:21.577+0100] {dag.py:3954} INFO - Setting next_dagrun for example_subdag_operator.section-2 to None, run_after=None
[2025-04-05T11:19:21.581+0100] {processor.py:183} INFO - Processing /Users/judeezeh/Desktop/Zoomcamp-project/venv/lib/python3.11/site-packages/airflow/example_dags/example_subdag_operator.py took 0.055 seconds
[2025-04-05T11:20:45.610+0100] {processor.py:161} INFO - Started process (PID=17247) to work on /Users/judeezeh/Desktop/Zoomcamp-project/venv/lib/python3.11/site-packages/airflow/example_dags/example_subdag_operator.py
[2025-04-05T11:20:45.611+0100] {processor.py:830} INFO - Processing file /Users/judeezeh/Desktop/Zoomcamp-project/venv/lib/python3.11/site-packages/airflow/example_dags/example_subdag_operator.py for tasks to queue
[2025-04-05T11:20:45.611+0100] {logging_mixin.py:188} INFO - [2025-04-05T11:20:45.611+0100] {dagbag.py:540} INFO - Filling up the DagBag from /Users/judeezeh/Desktop/Zoomcamp-project/venv/lib/python3.11/site-packages/airflow/example_dags/example_subdag_operator.py
[2025-04-05T11:20:45.640+0100] {processor.py:840} INFO - DAG(s) 'example_subdag_operator.section-1', 'example_subdag_operator.section-2', 'example_subdag_operator' retrieved from /Users/judeezeh/Desktop/Zoomcamp-project/venv/lib/python3.11/site-packages/airflow/example_dags/example_subdag_operator.py
[2025-04-05T11:20:45.651+0100] {logging_mixin.py:188} INFO - [2025-04-05T11:20:45.651+0100] {dag.py:3096} INFO - Sync 3 DAGs
[2025-04-05T11:20:45.656+0100] {logging_mixin.py:188} INFO - [2025-04-05T11:20:45.656+0100] {dag.py:3954} INFO - Setting next_dagrun for example_subdag_operator to 2022-01-01T00:00:00+00:00, run_after=2022-01-01T00:00:00+00:00
[2025-04-05T11:20:45.657+0100] {logging_mixin.py:188} INFO - [2025-04-05T11:20:45.657+0100] {dag.py:3954} INFO - Setting next_dagrun for example_subdag_operator.section-1 to None, run_after=None
[2025-04-05T11:20:45.657+0100] {logging_mixin.py:188} INFO - [2025-04-05T11:20:45.657+0100] {dag.py:3954} INFO - Setting next_dagrun for example_subdag_operator.section-2 to None, run_after=None
[2025-04-05T11:20:45.659+0100] {logging_mixin.py:188} INFO - [2025-04-05T11:20:45.659+0100] {dag.py:3096} INFO - Sync 2 DAGs
[2025-04-05T11:20:45.660+0100] {logging_mixin.py:188} INFO - [2025-04-05T11:20:45.660+0100] {dag.py:3954} INFO - Setting next_dagrun for example_subdag_operator.section-1 to None, run_after=None
[2025-04-05T11:20:45.660+0100] {logging_mixin.py:188} INFO - [2025-04-05T11:20:45.660+0100] {dag.py:3954} INFO - Setting next_dagrun for example_subdag_operator.section-2 to None, run_after=None
[2025-04-05T11:20:45.664+0100] {processor.py:183} INFO - Processing /Users/judeezeh/Desktop/Zoomcamp-project/venv/lib/python3.11/site-packages/airflow/example_dags/example_subdag_operator.py took 0.056 seconds
[2025-04-05T11:22:37.705+0100] {processor.py:161} INFO - Started process (PID=17405) to work on /Users/judeezeh/Desktop/Zoomcamp-project/venv/lib/python3.11/site-packages/airflow/example_dags/example_subdag_operator.py
[2025-04-05T11:22:37.707+0100] {processor.py:830} INFO - Processing file /Users/judeezeh/Desktop/Zoomcamp-project/venv/lib/python3.11/site-packages/airflow/example_dags/example_subdag_operator.py for tasks to queue
[2025-04-05T11:22:37.707+0100] {logging_mixin.py:188} INFO - [2025-04-05T11:22:37.707+0100] {dagbag.py:540} INFO - Filling up the DagBag from /Users/judeezeh/Desktop/Zoomcamp-project/venv/lib/python3.11/site-packages/airflow/example_dags/example_subdag_operator.py
[2025-04-05T11:22:37.735+0100] {processor.py:840} INFO - DAG(s) 'example_subdag_operator.section-1', 'example_subdag_operator.section-2', 'example_subdag_operator' retrieved from /Users/judeezeh/Desktop/Zoomcamp-project/venv/lib/python3.11/site-packages/airflow/example_dags/example_subdag_operator.py
[2025-04-05T11:22:37.746+0100] {logging_mixin.py:188} INFO - [2025-04-05T11:22:37.746+0100] {dag.py:3096} INFO - Sync 3 DAGs
[2025-04-05T11:22:37.751+0100] {logging_mixin.py:188} INFO - [2025-04-05T11:22:37.751+0100] {dag.py:3954} INFO - Setting next_dagrun for example_subdag_operator to 2022-01-01T00:00:00+00:00, run_after=2022-01-01T00:00:00+00:00
[2025-04-05T11:22:37.752+0100] {logging_mixin.py:188} INFO - [2025-04-05T11:22:37.752+0100] {dag.py:3954} INFO - Setting next_dagrun for example_subdag_operator.section-1 to None, run_after=None
[2025-04-05T11:22:37.752+0100] {logging_mixin.py:188} INFO - [2025-04-05T11:22:37.752+0100] {dag.py:3954} INFO - Setting next_dagrun for example_subdag_operator.section-2 to None, run_after=None
[2025-04-05T11:22:37.754+0100] {logging_mixin.py:188} INFO - [2025-04-05T11:22:37.754+0100] {dag.py:3096} INFO - Sync 2 DAGs
[2025-04-05T11:22:37.755+0100] {logging_mixin.py:188} INFO - [2025-04-05T11:22:37.755+0100] {dag.py:3954} INFO - Setting next_dagrun for example_subdag_operator.section-1 to None, run_after=None
[2025-04-05T11:22:37.755+0100] {logging_mixin.py:188} INFO - [2025-04-05T11:22:37.755+0100] {dag.py:3954} INFO - Setting next_dagrun for example_subdag_operator.section-2 to None, run_after=None
[2025-04-05T11:22:37.759+0100] {processor.py:183} INFO - Processing /Users/judeezeh/Desktop/Zoomcamp-project/venv/lib/python3.11/site-packages/airflow/example_dags/example_subdag_operator.py took 0.055 seconds
[2025-04-05T11:24:12.868+0100] {processor.py:161} INFO - Started process (PID=17541) to work on /Users/judeezeh/Desktop/Zoomcamp-project/venv/lib/python3.11/site-packages/airflow/example_dags/example_subdag_operator.py
[2025-04-05T11:24:12.869+0100] {processor.py:830} INFO - Processing file /Users/judeezeh/Desktop/Zoomcamp-project/venv/lib/python3.11/site-packages/airflow/example_dags/example_subdag_operator.py for tasks to queue
[2025-04-05T11:24:12.870+0100] {logging_mixin.py:188} INFO - [2025-04-05T11:24:12.870+0100] {dagbag.py:540} INFO - Filling up the DagBag from /Users/judeezeh/Desktop/Zoomcamp-project/venv/lib/python3.11/site-packages/airflow/example_dags/example_subdag_operator.py
[2025-04-05T11:24:12.898+0100] {processor.py:840} INFO - DAG(s) 'example_subdag_operator.section-1', 'example_subdag_operator.section-2', 'example_subdag_operator' retrieved from /Users/judeezeh/Desktop/Zoomcamp-project/venv/lib/python3.11/site-packages/airflow/example_dags/example_subdag_operator.py
[2025-04-05T11:24:12.908+0100] {logging_mixin.py:188} INFO - [2025-04-05T11:24:12.908+0100] {dag.py:3096} INFO - Sync 3 DAGs
[2025-04-05T11:24:12.914+0100] {logging_mixin.py:188} INFO - [2025-04-05T11:24:12.913+0100] {dag.py:3954} INFO - Setting next_dagrun for example_subdag_operator to 2022-01-01T00:00:00+00:00, run_after=2022-01-01T00:00:00+00:00
[2025-04-05T11:24:12.914+0100] {logging_mixin.py:188} INFO - [2025-04-05T11:24:12.914+0100] {dag.py:3954} INFO - Setting next_dagrun for example_subdag_operator.section-1 to None, run_after=None
[2025-04-05T11:24:12.915+0100] {logging_mixin.py:188} INFO - [2025-04-05T11:24:12.915+0100] {dag.py:3954} INFO - Setting next_dagrun for example_subdag_operator.section-2 to None, run_after=None
[2025-04-05T11:24:12.916+0100] {logging_mixin.py:188} INFO - [2025-04-05T11:24:12.916+0100] {dag.py:3096} INFO - Sync 2 DAGs
[2025-04-05T11:24:12.917+0100] {logging_mixin.py:188} INFO - [2025-04-05T11:24:12.917+0100] {dag.py:3954} INFO - Setting next_dagrun for example_subdag_operator.section-1 to None, run_after=None
[2025-04-05T11:24:12.917+0100] {logging_mixin.py:188} INFO - [2025-04-05T11:24:12.917+0100] {dag.py:3954} INFO - Setting next_dagrun for example_subdag_operator.section-2 to None, run_after=None
[2025-04-05T11:24:12.922+0100] {processor.py:183} INFO - Processing /Users/judeezeh/Desktop/Zoomcamp-project/venv/lib/python3.11/site-packages/airflow/example_dags/example_subdag_operator.py took 0.054 seconds
[2025-04-05T11:25:53.227+0100] {processor.py:161} INFO - Started process (PID=17677) to work on /Users/judeezeh/Desktop/Zoomcamp-project/venv/lib/python3.11/site-packages/airflow/example_dags/example_subdag_operator.py
[2025-04-05T11:25:53.228+0100] {processor.py:830} INFO - Processing file /Users/judeezeh/Desktop/Zoomcamp-project/venv/lib/python3.11/site-packages/airflow/example_dags/example_subdag_operator.py for tasks to queue
[2025-04-05T11:25:53.228+0100] {logging_mixin.py:188} INFO - [2025-04-05T11:25:53.228+0100] {dagbag.py:540} INFO - Filling up the DagBag from /Users/judeezeh/Desktop/Zoomcamp-project/venv/lib/python3.11/site-packages/airflow/example_dags/example_subdag_operator.py
[2025-04-05T11:25:53.256+0100] {processor.py:840} INFO - DAG(s) 'example_subdag_operator.section-1', 'example_subdag_operator.section-2', 'example_subdag_operator' retrieved from /Users/judeezeh/Desktop/Zoomcamp-project/venv/lib/python3.11/site-packages/airflow/example_dags/example_subdag_operator.py
[2025-04-05T11:25:53.266+0100] {logging_mixin.py:188} INFO - [2025-04-05T11:25:53.266+0100] {dag.py:3096} INFO - Sync 3 DAGs
[2025-04-05T11:25:53.271+0100] {logging_mixin.py:188} INFO - [2025-04-05T11:25:53.271+0100] {dag.py:3954} INFO - Setting next_dagrun for example_subdag_operator to 2022-01-01T00:00:00+00:00, run_after=2022-01-01T00:00:00+00:00
[2025-04-05T11:25:53.272+0100] {logging_mixin.py:188} INFO - [2025-04-05T11:25:53.272+0100] {dag.py:3954} INFO - Setting next_dagrun for example_subdag_operator.section-1 to None, run_after=None
[2025-04-05T11:25:53.272+0100] {logging_mixin.py:188} INFO - [2025-04-05T11:25:53.272+0100] {dag.py:3954} INFO - Setting next_dagrun for example_subdag_operator.section-2 to None, run_after=None
[2025-04-05T11:25:53.274+0100] {logging_mixin.py:188} INFO - [2025-04-05T11:25:53.274+0100] {dag.py:3096} INFO - Sync 2 DAGs
[2025-04-05T11:25:53.275+0100] {logging_mixin.py:188} INFO - [2025-04-05T11:25:53.275+0100] {dag.py:3954} INFO - Setting next_dagrun for example_subdag_operator.section-1 to None, run_after=None
[2025-04-05T11:25:53.275+0100] {logging_mixin.py:188} INFO - [2025-04-05T11:25:53.275+0100] {dag.py:3954} INFO - Setting next_dagrun for example_subdag_operator.section-2 to None, run_after=None
[2025-04-05T11:25:53.279+0100] {processor.py:183} INFO - Processing /Users/judeezeh/Desktop/Zoomcamp-project/venv/lib/python3.11/site-packages/airflow/example_dags/example_subdag_operator.py took 0.053 seconds
[2025-04-05T11:27:36.251+0100] {processor.py:161} INFO - Started process (PID=17833) to work on /Users/judeezeh/Desktop/Zoomcamp-project/venv/lib/python3.11/site-packages/airflow/example_dags/example_subdag_operator.py
[2025-04-05T11:27:36.252+0100] {processor.py:830} INFO - Processing file /Users/judeezeh/Desktop/Zoomcamp-project/venv/lib/python3.11/site-packages/airflow/example_dags/example_subdag_operator.py for tasks to queue
[2025-04-05T11:27:36.252+0100] {logging_mixin.py:188} INFO - [2025-04-05T11:27:36.252+0100] {dagbag.py:540} INFO - Filling up the DagBag from /Users/judeezeh/Desktop/Zoomcamp-project/venv/lib/python3.11/site-packages/airflow/example_dags/example_subdag_operator.py
[2025-04-05T11:27:36.281+0100] {processor.py:840} INFO - DAG(s) 'example_subdag_operator.section-1', 'example_subdag_operator.section-2', 'example_subdag_operator' retrieved from /Users/judeezeh/Desktop/Zoomcamp-project/venv/lib/python3.11/site-packages/airflow/example_dags/example_subdag_operator.py
[2025-04-05T11:27:36.291+0100] {logging_mixin.py:188} INFO - [2025-04-05T11:27:36.291+0100] {dag.py:3096} INFO - Sync 3 DAGs
[2025-04-05T11:27:36.296+0100] {logging_mixin.py:188} INFO - [2025-04-05T11:27:36.296+0100] {dag.py:3954} INFO - Setting next_dagrun for example_subdag_operator to 2022-01-01T00:00:00+00:00, run_after=2022-01-01T00:00:00+00:00
[2025-04-05T11:27:36.297+0100] {logging_mixin.py:188} INFO - [2025-04-05T11:27:36.297+0100] {dag.py:3954} INFO - Setting next_dagrun for example_subdag_operator.section-1 to None, run_after=None
[2025-04-05T11:27:36.298+0100] {logging_mixin.py:188} INFO - [2025-04-05T11:27:36.298+0100] {dag.py:3954} INFO - Setting next_dagrun for example_subdag_operator.section-2 to None, run_after=None
[2025-04-05T11:27:36.299+0100] {logging_mixin.py:188} INFO - [2025-04-05T11:27:36.299+0100] {dag.py:3096} INFO - Sync 2 DAGs
[2025-04-05T11:27:36.300+0100] {logging_mixin.py:188} INFO - [2025-04-05T11:27:36.300+0100] {dag.py:3954} INFO - Setting next_dagrun for example_subdag_operator.section-1 to None, run_after=None
[2025-04-05T11:27:36.301+0100] {logging_mixin.py:188} INFO - [2025-04-05T11:27:36.301+0100] {dag.py:3954} INFO - Setting next_dagrun for example_subdag_operator.section-2 to None, run_after=None
[2025-04-05T11:27:36.305+0100] {processor.py:183} INFO - Processing /Users/judeezeh/Desktop/Zoomcamp-project/venv/lib/python3.11/site-packages/airflow/example_dags/example_subdag_operator.py took 0.055 seconds
[2025-04-05T11:29:27.455+0100] {processor.py:161} INFO - Started process (PID=17988) to work on /Users/judeezeh/Desktop/Zoomcamp-project/venv/lib/python3.11/site-packages/airflow/example_dags/example_subdag_operator.py
[2025-04-05T11:29:27.456+0100] {processor.py:830} INFO - Processing file /Users/judeezeh/Desktop/Zoomcamp-project/venv/lib/python3.11/site-packages/airflow/example_dags/example_subdag_operator.py for tasks to queue
[2025-04-05T11:29:27.456+0100] {logging_mixin.py:188} INFO - [2025-04-05T11:29:27.456+0100] {dagbag.py:540} INFO - Filling up the DagBag from /Users/judeezeh/Desktop/Zoomcamp-project/venv/lib/python3.11/site-packages/airflow/example_dags/example_subdag_operator.py
[2025-04-05T11:29:27.485+0100] {processor.py:840} INFO - DAG(s) 'example_subdag_operator.section-1', 'example_subdag_operator.section-2', 'example_subdag_operator' retrieved from /Users/judeezeh/Desktop/Zoomcamp-project/venv/lib/python3.11/site-packages/airflow/example_dags/example_subdag_operator.py
[2025-04-05T11:29:27.495+0100] {logging_mixin.py:188} INFO - [2025-04-05T11:29:27.495+0100] {dag.py:3096} INFO - Sync 3 DAGs
[2025-04-05T11:29:27.501+0100] {logging_mixin.py:188} INFO - [2025-04-05T11:29:27.501+0100] {dag.py:3954} INFO - Setting next_dagrun for example_subdag_operator to 2022-01-01T00:00:00+00:00, run_after=2022-01-01T00:00:00+00:00
[2025-04-05T11:29:27.502+0100] {logging_mixin.py:188} INFO - [2025-04-05T11:29:27.502+0100] {dag.py:3954} INFO - Setting next_dagrun for example_subdag_operator.section-1 to None, run_after=None
[2025-04-05T11:29:27.502+0100] {logging_mixin.py:188} INFO - [2025-04-05T11:29:27.502+0100] {dag.py:3954} INFO - Setting next_dagrun for example_subdag_operator.section-2 to None, run_after=None
[2025-04-05T11:29:27.504+0100] {logging_mixin.py:188} INFO - [2025-04-05T11:29:27.504+0100] {dag.py:3096} INFO - Sync 2 DAGs
[2025-04-05T11:29:27.505+0100] {logging_mixin.py:188} INFO - [2025-04-05T11:29:27.505+0100] {dag.py:3954} INFO - Setting next_dagrun for example_subdag_operator.section-1 to None, run_after=None
[2025-04-05T11:29:27.505+0100] {logging_mixin.py:188} INFO - [2025-04-05T11:29:27.505+0100] {dag.py:3954} INFO - Setting next_dagrun for example_subdag_operator.section-2 to None, run_after=None
[2025-04-05T11:29:27.509+0100] {processor.py:183} INFO - Processing /Users/judeezeh/Desktop/Zoomcamp-project/venv/lib/python3.11/site-packages/airflow/example_dags/example_subdag_operator.py took 0.055 seconds
[2025-04-05T11:31:11.614+0100] {processor.py:161} INFO - Started process (PID=18138) to work on /Users/judeezeh/Desktop/Zoomcamp-project/venv/lib/python3.11/site-packages/airflow/example_dags/example_subdag_operator.py
[2025-04-05T11:31:11.614+0100] {processor.py:830} INFO - Processing file /Users/judeezeh/Desktop/Zoomcamp-project/venv/lib/python3.11/site-packages/airflow/example_dags/example_subdag_operator.py for tasks to queue
[2025-04-05T11:31:11.615+0100] {logging_mixin.py:188} INFO - [2025-04-05T11:31:11.614+0100] {dagbag.py:540} INFO - Filling up the DagBag from /Users/judeezeh/Desktop/Zoomcamp-project/venv/lib/python3.11/site-packages/airflow/example_dags/example_subdag_operator.py
[2025-04-05T11:31:11.644+0100] {processor.py:840} INFO - DAG(s) 'example_subdag_operator.section-1', 'example_subdag_operator.section-2', 'example_subdag_operator' retrieved from /Users/judeezeh/Desktop/Zoomcamp-project/venv/lib/python3.11/site-packages/airflow/example_dags/example_subdag_operator.py
[2025-04-05T11:31:11.656+0100] {logging_mixin.py:188} INFO - [2025-04-05T11:31:11.655+0100] {dag.py:3096} INFO - Sync 3 DAGs
[2025-04-05T11:31:11.661+0100] {logging_mixin.py:188} INFO - [2025-04-05T11:31:11.661+0100] {dag.py:3954} INFO - Setting next_dagrun for example_subdag_operator to 2022-01-01T00:00:00+00:00, run_after=2022-01-01T00:00:00+00:00
[2025-04-05T11:31:11.662+0100] {logging_mixin.py:188} INFO - [2025-04-05T11:31:11.662+0100] {dag.py:3954} INFO - Setting next_dagrun for example_subdag_operator.section-1 to None, run_after=None
[2025-04-05T11:31:11.662+0100] {logging_mixin.py:188} INFO - [2025-04-05T11:31:11.662+0100] {dag.py:3954} INFO - Setting next_dagrun for example_subdag_operator.section-2 to None, run_after=None
[2025-04-05T11:31:11.664+0100] {logging_mixin.py:188} INFO - [2025-04-05T11:31:11.664+0100] {dag.py:3096} INFO - Sync 2 DAGs
[2025-04-05T11:31:11.665+0100] {logging_mixin.py:188} INFO - [2025-04-05T11:31:11.665+0100] {dag.py:3954} INFO - Setting next_dagrun for example_subdag_operator.section-1 to None, run_after=None
[2025-04-05T11:31:11.665+0100] {logging_mixin.py:188} INFO - [2025-04-05T11:31:11.665+0100] {dag.py:3954} INFO - Setting next_dagrun for example_subdag_operator.section-2 to None, run_after=None
[2025-04-05T11:31:11.669+0100] {processor.py:183} INFO - Processing /Users/judeezeh/Desktop/Zoomcamp-project/venv/lib/python3.11/site-packages/airflow/example_dags/example_subdag_operator.py took 0.057 seconds
[2025-04-05T11:32:52.152+0100] {processor.py:161} INFO - Started process (PID=18291) to work on /Users/judeezeh/Desktop/Zoomcamp-project/venv/lib/python3.11/site-packages/airflow/example_dags/example_subdag_operator.py
[2025-04-05T11:32:52.154+0100] {processor.py:830} INFO - Processing file /Users/judeezeh/Desktop/Zoomcamp-project/venv/lib/python3.11/site-packages/airflow/example_dags/example_subdag_operator.py for tasks to queue
[2025-04-05T11:32:52.154+0100] {logging_mixin.py:188} INFO - [2025-04-05T11:32:52.154+0100] {dagbag.py:540} INFO - Filling up the DagBag from /Users/judeezeh/Desktop/Zoomcamp-project/venv/lib/python3.11/site-packages/airflow/example_dags/example_subdag_operator.py
[2025-04-05T11:32:52.183+0100] {processor.py:840} INFO - DAG(s) 'example_subdag_operator.section-1', 'example_subdag_operator.section-2', 'example_subdag_operator' retrieved from /Users/judeezeh/Desktop/Zoomcamp-project/venv/lib/python3.11/site-packages/airflow/example_dags/example_subdag_operator.py
[2025-04-05T11:32:52.193+0100] {logging_mixin.py:188} INFO - [2025-04-05T11:32:52.193+0100] {dag.py:3096} INFO - Sync 3 DAGs
[2025-04-05T11:32:52.199+0100] {logging_mixin.py:188} INFO - [2025-04-05T11:32:52.199+0100] {dag.py:3954} INFO - Setting next_dagrun for example_subdag_operator to 2022-01-01T00:00:00+00:00, run_after=2022-01-01T00:00:00+00:00
[2025-04-05T11:32:52.200+0100] {logging_mixin.py:188} INFO - [2025-04-05T11:32:52.200+0100] {dag.py:3954} INFO - Setting next_dagrun for example_subdag_operator.section-1 to None, run_after=None
[2025-04-05T11:32:52.200+0100] {logging_mixin.py:188} INFO - [2025-04-05T11:32:52.200+0100] {dag.py:3954} INFO - Setting next_dagrun for example_subdag_operator.section-2 to None, run_after=None
[2025-04-05T11:32:52.202+0100] {logging_mixin.py:188} INFO - [2025-04-05T11:32:52.201+0100] {dag.py:3096} INFO - Sync 2 DAGs
[2025-04-05T11:32:52.203+0100] {logging_mixin.py:188} INFO - [2025-04-05T11:32:52.203+0100] {dag.py:3954} INFO - Setting next_dagrun for example_subdag_operator.section-1 to None, run_after=None
[2025-04-05T11:32:52.203+0100] {logging_mixin.py:188} INFO - [2025-04-05T11:32:52.203+0100] {dag.py:3954} INFO - Setting next_dagrun for example_subdag_operator.section-2 to None, run_after=None
[2025-04-05T11:32:52.207+0100] {processor.py:183} INFO - Processing /Users/judeezeh/Desktop/Zoomcamp-project/venv/lib/python3.11/site-packages/airflow/example_dags/example_subdag_operator.py took 0.055 seconds
[2025-04-05T11:34:38.041+0100] {processor.py:161} INFO - Started process (PID=18440) to work on /Users/judeezeh/Desktop/Zoomcamp-project/venv/lib/python3.11/site-packages/airflow/example_dags/example_subdag_operator.py
[2025-04-05T11:34:38.042+0100] {processor.py:830} INFO - Processing file /Users/judeezeh/Desktop/Zoomcamp-project/venv/lib/python3.11/site-packages/airflow/example_dags/example_subdag_operator.py for tasks to queue
[2025-04-05T11:34:38.042+0100] {logging_mixin.py:188} INFO - [2025-04-05T11:34:38.042+0100] {dagbag.py:540} INFO - Filling up the DagBag from /Users/judeezeh/Desktop/Zoomcamp-project/venv/lib/python3.11/site-packages/airflow/example_dags/example_subdag_operator.py
[2025-04-05T11:34:38.069+0100] {processor.py:840} INFO - DAG(s) 'example_subdag_operator.section-1', 'example_subdag_operator.section-2', 'example_subdag_operator' retrieved from /Users/judeezeh/Desktop/Zoomcamp-project/venv/lib/python3.11/site-packages/airflow/example_dags/example_subdag_operator.py
[2025-04-05T11:34:38.080+0100] {logging_mixin.py:188} INFO - [2025-04-05T11:34:38.079+0100] {dag.py:3096} INFO - Sync 3 DAGs
[2025-04-05T11:34:38.085+0100] {logging_mixin.py:188} INFO - [2025-04-05T11:34:38.085+0100] {dag.py:3954} INFO - Setting next_dagrun for example_subdag_operator to 2022-01-01T00:00:00+00:00, run_after=2022-01-01T00:00:00+00:00
[2025-04-05T11:34:38.086+0100] {logging_mixin.py:188} INFO - [2025-04-05T11:34:38.086+0100] {dag.py:3954} INFO - Setting next_dagrun for example_subdag_operator.section-1 to None, run_after=None
[2025-04-05T11:34:38.086+0100] {logging_mixin.py:188} INFO - [2025-04-05T11:34:38.086+0100] {dag.py:3954} INFO - Setting next_dagrun for example_subdag_operator.section-2 to None, run_after=None
[2025-04-05T11:34:38.088+0100] {logging_mixin.py:188} INFO - [2025-04-05T11:34:38.088+0100] {dag.py:3096} INFO - Sync 2 DAGs
[2025-04-05T11:34:38.089+0100] {logging_mixin.py:188} INFO - [2025-04-05T11:34:38.089+0100] {dag.py:3954} INFO - Setting next_dagrun for example_subdag_operator.section-1 to None, run_after=None
[2025-04-05T11:34:38.089+0100] {logging_mixin.py:188} INFO - [2025-04-05T11:34:38.089+0100] {dag.py:3954} INFO - Setting next_dagrun for example_subdag_operator.section-2 to None, run_after=None
[2025-04-05T11:34:38.093+0100] {processor.py:183} INFO - Processing /Users/judeezeh/Desktop/Zoomcamp-project/venv/lib/python3.11/site-packages/airflow/example_dags/example_subdag_operator.py took 0.053 seconds
[2025-04-05T11:36:15.841+0100] {processor.py:161} INFO - Started process (PID=18577) to work on /Users/judeezeh/Desktop/Zoomcamp-project/venv/lib/python3.11/site-packages/airflow/example_dags/example_subdag_operator.py
[2025-04-05T11:36:15.842+0100] {processor.py:830} INFO - Processing file /Users/judeezeh/Desktop/Zoomcamp-project/venv/lib/python3.11/site-packages/airflow/example_dags/example_subdag_operator.py for tasks to queue
[2025-04-05T11:36:15.842+0100] {logging_mixin.py:188} INFO - [2025-04-05T11:36:15.842+0100] {dagbag.py:540} INFO - Filling up the DagBag from /Users/judeezeh/Desktop/Zoomcamp-project/venv/lib/python3.11/site-packages/airflow/example_dags/example_subdag_operator.py
[2025-04-05T11:36:15.870+0100] {processor.py:840} INFO - DAG(s) 'example_subdag_operator.section-1', 'example_subdag_operator.section-2', 'example_subdag_operator' retrieved from /Users/judeezeh/Desktop/Zoomcamp-project/venv/lib/python3.11/site-packages/airflow/example_dags/example_subdag_operator.py
[2025-04-05T11:36:15.881+0100] {logging_mixin.py:188} INFO - [2025-04-05T11:36:15.880+0100] {dag.py:3096} INFO - Sync 3 DAGs
[2025-04-05T11:36:15.886+0100] {logging_mixin.py:188} INFO - [2025-04-05T11:36:15.886+0100] {dag.py:3954} INFO - Setting next_dagrun for example_subdag_operator to 2022-01-01T00:00:00+00:00, run_after=2022-01-01T00:00:00+00:00
[2025-04-05T11:36:15.887+0100] {logging_mixin.py:188} INFO - [2025-04-05T11:36:15.887+0100] {dag.py:3954} INFO - Setting next_dagrun for example_subdag_operator.section-1 to None, run_after=None
[2025-04-05T11:36:15.887+0100] {logging_mixin.py:188} INFO - [2025-04-05T11:36:15.887+0100] {dag.py:3954} INFO - Setting next_dagrun for example_subdag_operator.section-2 to None, run_after=None
[2025-04-05T11:36:15.889+0100] {logging_mixin.py:188} INFO - [2025-04-05T11:36:15.889+0100] {dag.py:3096} INFO - Sync 2 DAGs
[2025-04-05T11:36:15.890+0100] {logging_mixin.py:188} INFO - [2025-04-05T11:36:15.890+0100] {dag.py:3954} INFO - Setting next_dagrun for example_subdag_operator.section-1 to None, run_after=None
[2025-04-05T11:36:15.890+0100] {logging_mixin.py:188} INFO - [2025-04-05T11:36:15.890+0100] {dag.py:3954} INFO - Setting next_dagrun for example_subdag_operator.section-2 to None, run_after=None
[2025-04-05T11:36:15.894+0100] {processor.py:183} INFO - Processing /Users/judeezeh/Desktop/Zoomcamp-project/venv/lib/python3.11/site-packages/airflow/example_dags/example_subdag_operator.py took 0.054 seconds
[2025-04-05T11:38:43.094+0100] {processor.py:161} INFO - Started process (PID=18808) to work on /Users/judeezeh/Desktop/Zoomcamp-project/venv/lib/python3.11/site-packages/airflow/example_dags/example_subdag_operator.py
[2025-04-05T11:38:43.095+0100] {processor.py:830} INFO - Processing file /Users/judeezeh/Desktop/Zoomcamp-project/venv/lib/python3.11/site-packages/airflow/example_dags/example_subdag_operator.py for tasks to queue
[2025-04-05T11:38:43.095+0100] {logging_mixin.py:188} INFO - [2025-04-05T11:38:43.095+0100] {dagbag.py:540} INFO - Filling up the DagBag from /Users/judeezeh/Desktop/Zoomcamp-project/venv/lib/python3.11/site-packages/airflow/example_dags/example_subdag_operator.py
[2025-04-05T11:38:43.123+0100] {processor.py:840} INFO - DAG(s) 'example_subdag_operator.section-1', 'example_subdag_operator.section-2', 'example_subdag_operator' retrieved from /Users/judeezeh/Desktop/Zoomcamp-project/venv/lib/python3.11/site-packages/airflow/example_dags/example_subdag_operator.py
[2025-04-05T11:38:43.133+0100] {logging_mixin.py:188} INFO - [2025-04-05T11:38:43.133+0100] {dag.py:3096} INFO - Sync 3 DAGs
[2025-04-05T11:38:43.138+0100] {logging_mixin.py:188} INFO - [2025-04-05T11:38:43.138+0100] {dag.py:3954} INFO - Setting next_dagrun for example_subdag_operator to 2022-01-01T00:00:00+00:00, run_after=2022-01-01T00:00:00+00:00
[2025-04-05T11:38:43.139+0100] {logging_mixin.py:188} INFO - [2025-04-05T11:38:43.139+0100] {dag.py:3954} INFO - Setting next_dagrun for example_subdag_operator.section-1 to None, run_after=None
[2025-04-05T11:38:43.139+0100] {logging_mixin.py:188} INFO - [2025-04-05T11:38:43.139+0100] {dag.py:3954} INFO - Setting next_dagrun for example_subdag_operator.section-2 to None, run_after=None
[2025-04-05T11:38:43.141+0100] {logging_mixin.py:188} INFO - [2025-04-05T11:38:43.141+0100] {dag.py:3096} INFO - Sync 2 DAGs
[2025-04-05T11:38:43.142+0100] {logging_mixin.py:188} INFO - [2025-04-05T11:38:43.142+0100] {dag.py:3954} INFO - Setting next_dagrun for example_subdag_operator.section-1 to None, run_after=None
[2025-04-05T11:38:43.142+0100] {logging_mixin.py:188} INFO - [2025-04-05T11:38:43.142+0100] {dag.py:3954} INFO - Setting next_dagrun for example_subdag_operator.section-2 to None, run_after=None
[2025-04-05T11:38:43.146+0100] {processor.py:183} INFO - Processing /Users/judeezeh/Desktop/Zoomcamp-project/venv/lib/python3.11/site-packages/airflow/example_dags/example_subdag_operator.py took 0.053 seconds
[2025-04-05T11:40:02.329+0100] {processor.py:161} INFO - Started process (PID=18935) to work on /Users/judeezeh/Desktop/Zoomcamp-project/venv/lib/python3.11/site-packages/airflow/example_dags/example_subdag_operator.py
[2025-04-05T11:40:02.329+0100] {processor.py:830} INFO - Processing file /Users/judeezeh/Desktop/Zoomcamp-project/venv/lib/python3.11/site-packages/airflow/example_dags/example_subdag_operator.py for tasks to queue
[2025-04-05T11:40:02.329+0100] {logging_mixin.py:188} INFO - [2025-04-05T11:40:02.329+0100] {dagbag.py:540} INFO - Filling up the DagBag from /Users/judeezeh/Desktop/Zoomcamp-project/venv/lib/python3.11/site-packages/airflow/example_dags/example_subdag_operator.py
[2025-04-05T11:40:02.357+0100] {processor.py:840} INFO - DAG(s) 'example_subdag_operator.section-1', 'example_subdag_operator.section-2', 'example_subdag_operator' retrieved from /Users/judeezeh/Desktop/Zoomcamp-project/venv/lib/python3.11/site-packages/airflow/example_dags/example_subdag_operator.py
[2025-04-05T11:40:02.367+0100] {logging_mixin.py:188} INFO - [2025-04-05T11:40:02.367+0100] {dag.py:3096} INFO - Sync 3 DAGs
[2025-04-05T11:40:02.372+0100] {logging_mixin.py:188} INFO - [2025-04-05T11:40:02.372+0100] {dag.py:3954} INFO - Setting next_dagrun for example_subdag_operator to 2022-01-01T00:00:00+00:00, run_after=2022-01-01T00:00:00+00:00
[2025-04-05T11:40:02.373+0100] {logging_mixin.py:188} INFO - [2025-04-05T11:40:02.373+0100] {dag.py:3954} INFO - Setting next_dagrun for example_subdag_operator.section-1 to None, run_after=None
[2025-04-05T11:40:02.373+0100] {logging_mixin.py:188} INFO - [2025-04-05T11:40:02.373+0100] {dag.py:3954} INFO - Setting next_dagrun for example_subdag_operator.section-2 to None, run_after=None
[2025-04-05T11:40:02.375+0100] {logging_mixin.py:188} INFO - [2025-04-05T11:40:02.375+0100] {dag.py:3096} INFO - Sync 2 DAGs
[2025-04-05T11:40:02.376+0100] {logging_mixin.py:188} INFO - [2025-04-05T11:40:02.376+0100] {dag.py:3954} INFO - Setting next_dagrun for example_subdag_operator.section-1 to None, run_after=None
[2025-04-05T11:40:02.376+0100] {logging_mixin.py:188} INFO - [2025-04-05T11:40:02.376+0100] {dag.py:3954} INFO - Setting next_dagrun for example_subdag_operator.section-2 to None, run_after=None
[2025-04-05T11:40:02.380+0100] {processor.py:183} INFO - Processing /Users/judeezeh/Desktop/Zoomcamp-project/venv/lib/python3.11/site-packages/airflow/example_dags/example_subdag_operator.py took 0.053 seconds
[2025-04-05T11:41:36.823+0100] {processor.py:161} INFO - Started process (PID=19112) to work on /Users/judeezeh/Desktop/Zoomcamp-project/venv/lib/python3.11/site-packages/airflow/example_dags/example_subdag_operator.py
[2025-04-05T11:41:36.824+0100] {processor.py:830} INFO - Processing file /Users/judeezeh/Desktop/Zoomcamp-project/venv/lib/python3.11/site-packages/airflow/example_dags/example_subdag_operator.py for tasks to queue
[2025-04-05T11:41:36.824+0100] {logging_mixin.py:188} INFO - [2025-04-05T11:41:36.824+0100] {dagbag.py:540} INFO - Filling up the DagBag from /Users/judeezeh/Desktop/Zoomcamp-project/venv/lib/python3.11/site-packages/airflow/example_dags/example_subdag_operator.py
[2025-04-05T11:41:36.851+0100] {processor.py:840} INFO - DAG(s) 'example_subdag_operator.section-1', 'example_subdag_operator.section-2', 'example_subdag_operator' retrieved from /Users/judeezeh/Desktop/Zoomcamp-project/venv/lib/python3.11/site-packages/airflow/example_dags/example_subdag_operator.py
[2025-04-05T11:41:36.861+0100] {logging_mixin.py:188} INFO - [2025-04-05T11:41:36.861+0100] {dag.py:3096} INFO - Sync 3 DAGs
[2025-04-05T11:41:36.867+0100] {logging_mixin.py:188} INFO - [2025-04-05T11:41:36.867+0100] {dag.py:3954} INFO - Setting next_dagrun for example_subdag_operator to 2022-01-01T00:00:00+00:00, run_after=2022-01-01T00:00:00+00:00
[2025-04-05T11:41:36.867+0100] {logging_mixin.py:188} INFO - [2025-04-05T11:41:36.867+0100] {dag.py:3954} INFO - Setting next_dagrun for example_subdag_operator.section-1 to None, run_after=None
[2025-04-05T11:41:36.868+0100] {logging_mixin.py:188} INFO - [2025-04-05T11:41:36.868+0100] {dag.py:3954} INFO - Setting next_dagrun for example_subdag_operator.section-2 to None, run_after=None
[2025-04-05T11:41:36.869+0100] {logging_mixin.py:188} INFO - [2025-04-05T11:41:36.869+0100] {dag.py:3096} INFO - Sync 2 DAGs
[2025-04-05T11:41:36.870+0100] {logging_mixin.py:188} INFO - [2025-04-05T11:41:36.870+0100] {dag.py:3954} INFO - Setting next_dagrun for example_subdag_operator.section-1 to None, run_after=None
[2025-04-05T11:41:36.870+0100] {logging_mixin.py:188} INFO - [2025-04-05T11:41:36.870+0100] {dag.py:3954} INFO - Setting next_dagrun for example_subdag_operator.section-2 to None, run_after=None
[2025-04-05T11:41:36.874+0100] {processor.py:183} INFO - Processing /Users/judeezeh/Desktop/Zoomcamp-project/venv/lib/python3.11/site-packages/airflow/example_dags/example_subdag_operator.py took 0.053 seconds
