[2025-04-05T11:15:10.829+0100] {processor.py:161} INFO - Started process (PID=16706) to work on /Users/judeezeh/Desktop/Zoomcamp-project/venv/lib/python3.11/site-packages/airflow/example_dags/example_trigger_controller_dag.py
[2025-04-05T11:15:10.829+0100] {processor.py:830} INFO - Processing file /Users/judeezeh/Desktop/Zoomcamp-project/venv/lib/python3.11/site-packages/airflow/example_dags/example_trigger_controller_dag.py for tasks to queue
[2025-04-05T11:15:10.829+0100] {logging_mixin.py:188} INFO - [2025-04-05T11:15:10.829+0100] {dagbag.py:540} INFO - Filling up the DagBag from /Users/judeezeh/Desktop/Zoomcamp-project/venv/lib/python3.11/site-packages/airflow/example_dags/example_trigger_controller_dag.py
[2025-04-05T11:15:10.832+0100] {processor.py:840} INFO - DAG(s) 'example_trigger_controller_dag' retrieved from /Users/judeezeh/Desktop/Zoomcamp-project/venv/lib/python3.11/site-packages/airflow/example_dags/example_trigger_controller_dag.py
[2025-04-05T11:15:10.885+0100] {logging_mixin.py:188} INFO - [2025-04-05T11:15:10.885+0100] {override.py:1930} INFO - Created Permission View: can edit on DAG:example_trigger_controller_dag
[2025-04-05T11:15:10.909+0100] {logging_mixin.py:188} INFO - [2025-04-05T11:15:10.909+0100] {override.py:1930} INFO - Created Permission View: can delete on DAG:example_trigger_controller_dag
[2025-04-05T11:15:10.911+0100] {logging_mixin.py:188} INFO - [2025-04-05T11:15:10.911+0100] {override.py:1930} INFO - Created Permission View: can read on DAG:example_trigger_controller_dag
[2025-04-05T11:15:10.911+0100] {logging_mixin.py:188} INFO - [2025-04-05T11:15:10.911+0100] {dag.py:3096} INFO - Sync 1 DAGs
[2025-04-05T11:15:10.914+0100] {logging_mixin.py:188} INFO - [2025-04-05T11:15:10.914+0100] {dag.py:3118} INFO - Creating ORM DAG for example_trigger_controller_dag
[2025-04-05T11:15:10.916+0100] {logging_mixin.py:188} INFO - [2025-04-05T11:15:10.916+0100] {dag.py:3954} INFO - Setting next_dagrun for example_trigger_controller_dag to 2021-01-01T00:00:00+00:00, run_after=2021-01-01T00:00:00+00:00
[2025-04-05T11:15:10.921+0100] {processor.py:183} INFO - Processing /Users/judeezeh/Desktop/Zoomcamp-project/venv/lib/python3.11/site-packages/airflow/example_dags/example_trigger_controller_dag.py took 0.093 seconds
[2025-04-05T11:16:34.737+0100] {processor.py:161} INFO - Started process (PID=16838) to work on /Users/judeezeh/Desktop/Zoomcamp-project/venv/lib/python3.11/site-packages/airflow/example_dags/example_trigger_controller_dag.py
[2025-04-05T11:16:34.738+0100] {processor.py:830} INFO - Processing file /Users/judeezeh/Desktop/Zoomcamp-project/venv/lib/python3.11/site-packages/airflow/example_dags/example_trigger_controller_dag.py for tasks to queue
[2025-04-05T11:16:34.738+0100] {logging_mixin.py:188} INFO - [2025-04-05T11:16:34.738+0100] {dagbag.py:540} INFO - Filling up the DagBag from /Users/judeezeh/Desktop/Zoomcamp-project/venv/lib/python3.11/site-packages/airflow/example_dags/example_trigger_controller_dag.py
[2025-04-05T11:16:34.741+0100] {processor.py:840} INFO - DAG(s) 'example_trigger_controller_dag' retrieved from /Users/judeezeh/Desktop/Zoomcamp-project/venv/lib/python3.11/site-packages/airflow/example_dags/example_trigger_controller_dag.py
[2025-04-05T11:16:34.769+0100] {logging_mixin.py:188} INFO - [2025-04-05T11:16:34.768+0100] {dag.py:3096} INFO - Sync 1 DAGs
[2025-04-05T11:16:34.773+0100] {logging_mixin.py:188} INFO - [2025-04-05T11:16:34.773+0100] {dag.py:3954} INFO - Setting next_dagrun for example_trigger_controller_dag to 2021-01-01T00:00:00+00:00, run_after=2021-01-01T00:00:00+00:00
[2025-04-05T11:16:34.780+0100] {processor.py:183} INFO - Processing /Users/judeezeh/Desktop/Zoomcamp-project/venv/lib/python3.11/site-packages/airflow/example_dags/example_trigger_controller_dag.py took 0.044 seconds
[2025-04-05T11:18:01.738+0100] {processor.py:161} INFO - Started process (PID=16966) to work on /Users/judeezeh/Desktop/Zoomcamp-project/venv/lib/python3.11/site-packages/airflow/example_dags/example_trigger_controller_dag.py
[2025-04-05T11:18:01.739+0100] {processor.py:830} INFO - Processing file /Users/judeezeh/Desktop/Zoomcamp-project/venv/lib/python3.11/site-packages/airflow/example_dags/example_trigger_controller_dag.py for tasks to queue
[2025-04-05T11:18:01.739+0100] {logging_mixin.py:188} INFO - [2025-04-05T11:18:01.739+0100] {dagbag.py:540} INFO - Filling up the DagBag from /Users/judeezeh/Desktop/Zoomcamp-project/venv/lib/python3.11/site-packages/airflow/example_dags/example_trigger_controller_dag.py
[2025-04-05T11:18:01.742+0100] {processor.py:840} INFO - DAG(s) 'example_trigger_controller_dag' retrieved from /Users/judeezeh/Desktop/Zoomcamp-project/venv/lib/python3.11/site-packages/airflow/example_dags/example_trigger_controller_dag.py
[2025-04-05T11:18:01.769+0100] {logging_mixin.py:188} INFO - [2025-04-05T11:18:01.769+0100] {dag.py:3096} INFO - Sync 1 DAGs
[2025-04-05T11:18:01.774+0100] {logging_mixin.py:188} INFO - [2025-04-05T11:18:01.774+0100] {dag.py:3954} INFO - Setting next_dagrun for example_trigger_controller_dag to 2021-01-01T00:00:00+00:00, run_after=2021-01-01T00:00:00+00:00
[2025-04-05T11:18:01.780+0100] {processor.py:183} INFO - Processing /Users/judeezeh/Desktop/Zoomcamp-project/venv/lib/python3.11/site-packages/airflow/example_dags/example_trigger_controller_dag.py took 0.044 seconds
[2025-04-05T11:19:15.230+0100] {processor.py:161} INFO - Started process (PID=17103) to work on /Users/judeezeh/Desktop/Zoomcamp-project/venv/lib/python3.11/site-packages/airflow/example_dags/example_trigger_controller_dag.py
[2025-04-05T11:19:15.231+0100] {processor.py:830} INFO - Processing file /Users/judeezeh/Desktop/Zoomcamp-project/venv/lib/python3.11/site-packages/airflow/example_dags/example_trigger_controller_dag.py for tasks to queue
[2025-04-05T11:19:15.231+0100] {logging_mixin.py:188} INFO - [2025-04-05T11:19:15.231+0100] {dagbag.py:540} INFO - Filling up the DagBag from /Users/judeezeh/Desktop/Zoomcamp-project/venv/lib/python3.11/site-packages/airflow/example_dags/example_trigger_controller_dag.py
[2025-04-05T11:19:15.235+0100] {processor.py:840} INFO - DAG(s) 'example_trigger_controller_dag' retrieved from /Users/judeezeh/Desktop/Zoomcamp-project/venv/lib/python3.11/site-packages/airflow/example_dags/example_trigger_controller_dag.py
[2025-04-05T11:19:15.263+0100] {logging_mixin.py:188} INFO - [2025-04-05T11:19:15.262+0100] {dag.py:3096} INFO - Sync 1 DAGs
[2025-04-05T11:19:15.267+0100] {logging_mixin.py:188} INFO - [2025-04-05T11:19:15.267+0100] {dag.py:3954} INFO - Setting next_dagrun for example_trigger_controller_dag to 2021-01-01T00:00:00+00:00, run_after=2021-01-01T00:00:00+00:00
[2025-04-05T11:19:15.274+0100] {processor.py:183} INFO - Processing /Users/judeezeh/Desktop/Zoomcamp-project/venv/lib/python3.11/site-packages/airflow/example_dags/example_trigger_controller_dag.py took 0.045 seconds
[2025-04-05T11:20:38.811+0100] {processor.py:161} INFO - Started process (PID=17231) to work on /Users/judeezeh/Desktop/Zoomcamp-project/venv/lib/python3.11/site-packages/airflow/example_dags/example_trigger_controller_dag.py
[2025-04-05T11:20:38.812+0100] {processor.py:830} INFO - Processing file /Users/judeezeh/Desktop/Zoomcamp-project/venv/lib/python3.11/site-packages/airflow/example_dags/example_trigger_controller_dag.py for tasks to queue
[2025-04-05T11:20:38.812+0100] {logging_mixin.py:188} INFO - [2025-04-05T11:20:38.812+0100] {dagbag.py:540} INFO - Filling up the DagBag from /Users/judeezeh/Desktop/Zoomcamp-project/venv/lib/python3.11/site-packages/airflow/example_dags/example_trigger_controller_dag.py
[2025-04-05T11:20:38.816+0100] {processor.py:840} INFO - DAG(s) 'example_trigger_controller_dag' retrieved from /Users/judeezeh/Desktop/Zoomcamp-project/venv/lib/python3.11/site-packages/airflow/example_dags/example_trigger_controller_dag.py
[2025-04-05T11:20:38.844+0100] {logging_mixin.py:188} INFO - [2025-04-05T11:20:38.844+0100] {dag.py:3096} INFO - Sync 1 DAGs
[2025-04-05T11:20:38.850+0100] {logging_mixin.py:188} INFO - [2025-04-05T11:20:38.850+0100] {dag.py:3954} INFO - Setting next_dagrun for example_trigger_controller_dag to 2021-01-01T00:00:00+00:00, run_after=2021-01-01T00:00:00+00:00
[2025-04-05T11:20:38.857+0100] {processor.py:183} INFO - Processing /Users/judeezeh/Desktop/Zoomcamp-project/venv/lib/python3.11/site-packages/airflow/example_dags/example_trigger_controller_dag.py took 0.047 seconds
[2025-04-05T11:21:36.100+0100] {processor.py:161} INFO - Started process (PID=17314) to work on /Users/judeezeh/Desktop/Zoomcamp-project/venv/lib/python3.11/site-packages/airflow/example_dags/example_trigger_controller_dag.py
[2025-04-05T11:21:36.104+0100] {processor.py:830} INFO - Processing file /Users/judeezeh/Desktop/Zoomcamp-project/venv/lib/python3.11/site-packages/airflow/example_dags/example_trigger_controller_dag.py for tasks to queue
[2025-04-05T11:21:36.104+0100] {logging_mixin.py:188} INFO - [2025-04-05T11:21:36.104+0100] {dagbag.py:540} INFO - Filling up the DagBag from /Users/judeezeh/Desktop/Zoomcamp-project/venv/lib/python3.11/site-packages/airflow/example_dags/example_trigger_controller_dag.py
[2025-04-05T11:21:36.109+0100] {processor.py:840} INFO - DAG(s) 'example_trigger_controller_dag' retrieved from /Users/judeezeh/Desktop/Zoomcamp-project/venv/lib/python3.11/site-packages/airflow/example_dags/example_trigger_controller_dag.py
[2025-04-05T11:21:36.141+0100] {logging_mixin.py:188} INFO - [2025-04-05T11:21:36.141+0100] {dag.py:3096} INFO - Sync 1 DAGs
[2025-04-05T11:21:36.149+0100] {logging_mixin.py:188} INFO - [2025-04-05T11:21:36.149+0100] {dag.py:3954} INFO - Setting next_dagrun for example_trigger_controller_dag to 2021-01-01T00:00:00+00:00, run_after=2021-01-01T00:00:00+00:00
[2025-04-05T11:21:36.157+0100] {processor.py:183} INFO - Processing /Users/judeezeh/Desktop/Zoomcamp-project/venv/lib/python3.11/site-packages/airflow/example_dags/example_trigger_controller_dag.py took 0.058 seconds
[2025-04-05T11:22:31.357+0100] {processor.py:161} INFO - Started process (PID=17397) to work on /Users/judeezeh/Desktop/Zoomcamp-project/venv/lib/python3.11/site-packages/airflow/example_dags/example_trigger_controller_dag.py
[2025-04-05T11:22:31.358+0100] {processor.py:830} INFO - Processing file /Users/judeezeh/Desktop/Zoomcamp-project/venv/lib/python3.11/site-packages/airflow/example_dags/example_trigger_controller_dag.py for tasks to queue
[2025-04-05T11:22:31.359+0100] {logging_mixin.py:188} INFO - [2025-04-05T11:22:31.359+0100] {dagbag.py:540} INFO - Filling up the DagBag from /Users/judeezeh/Desktop/Zoomcamp-project/venv/lib/python3.11/site-packages/airflow/example_dags/example_trigger_controller_dag.py
[2025-04-05T11:22:31.362+0100] {processor.py:840} INFO - DAG(s) 'example_trigger_controller_dag' retrieved from /Users/judeezeh/Desktop/Zoomcamp-project/venv/lib/python3.11/site-packages/airflow/example_dags/example_trigger_controller_dag.py
[2025-04-05T11:22:31.390+0100] {logging_mixin.py:188} INFO - [2025-04-05T11:22:31.390+0100] {dag.py:3096} INFO - Sync 1 DAGs
[2025-04-05T11:22:31.394+0100] {logging_mixin.py:188} INFO - [2025-04-05T11:22:31.394+0100] {dag.py:3954} INFO - Setting next_dagrun for example_trigger_controller_dag to 2021-01-01T00:00:00+00:00, run_after=2021-01-01T00:00:00+00:00
[2025-04-05T11:22:31.400+0100] {processor.py:183} INFO - Processing /Users/judeezeh/Desktop/Zoomcamp-project/venv/lib/python3.11/site-packages/airflow/example_dags/example_trigger_controller_dag.py took 0.045 seconds
[2025-04-05T11:23:22.443+0100] {processor.py:161} INFO - Started process (PID=17472) to work on /Users/judeezeh/Desktop/Zoomcamp-project/venv/lib/python3.11/site-packages/airflow/example_dags/example_trigger_controller_dag.py
[2025-04-05T11:23:22.444+0100] {processor.py:830} INFO - Processing file /Users/judeezeh/Desktop/Zoomcamp-project/venv/lib/python3.11/site-packages/airflow/example_dags/example_trigger_controller_dag.py for tasks to queue
[2025-04-05T11:23:22.444+0100] {logging_mixin.py:188} INFO - [2025-04-05T11:23:22.444+0100] {dagbag.py:540} INFO - Filling up the DagBag from /Users/judeezeh/Desktop/Zoomcamp-project/venv/lib/python3.11/site-packages/airflow/example_dags/example_trigger_controller_dag.py
[2025-04-05T11:23:22.448+0100] {processor.py:840} INFO - DAG(s) 'example_trigger_controller_dag' retrieved from /Users/judeezeh/Desktop/Zoomcamp-project/venv/lib/python3.11/site-packages/airflow/example_dags/example_trigger_controller_dag.py
[2025-04-05T11:23:22.476+0100] {logging_mixin.py:188} INFO - [2025-04-05T11:23:22.476+0100] {dag.py:3096} INFO - Sync 1 DAGs
[2025-04-05T11:23:22.480+0100] {logging_mixin.py:188} INFO - [2025-04-05T11:23:22.480+0100] {dag.py:3954} INFO - Setting next_dagrun for example_trigger_controller_dag to 2021-01-01T00:00:00+00:00, run_after=2021-01-01T00:00:00+00:00
[2025-04-05T11:23:22.487+0100] {processor.py:183} INFO - Processing /Users/judeezeh/Desktop/Zoomcamp-project/venv/lib/python3.11/site-packages/airflow/example_dags/example_trigger_controller_dag.py took 0.045 seconds
[2025-04-05T11:25:01.212+0100] {processor.py:161} INFO - Started process (PID=17606) to work on /Users/judeezeh/Desktop/Zoomcamp-project/venv/lib/python3.11/site-packages/airflow/example_dags/example_trigger_controller_dag.py
[2025-04-05T11:25:01.214+0100] {processor.py:830} INFO - Processing file /Users/judeezeh/Desktop/Zoomcamp-project/venv/lib/python3.11/site-packages/airflow/example_dags/example_trigger_controller_dag.py for tasks to queue
[2025-04-05T11:25:01.214+0100] {logging_mixin.py:188} INFO - [2025-04-05T11:25:01.214+0100] {dagbag.py:540} INFO - Filling up the DagBag from /Users/judeezeh/Desktop/Zoomcamp-project/venv/lib/python3.11/site-packages/airflow/example_dags/example_trigger_controller_dag.py
[2025-04-05T11:25:01.217+0100] {processor.py:840} INFO - DAG(s) 'example_trigger_controller_dag' retrieved from /Users/judeezeh/Desktop/Zoomcamp-project/venv/lib/python3.11/site-packages/airflow/example_dags/example_trigger_controller_dag.py
[2025-04-05T11:25:01.245+0100] {logging_mixin.py:188} INFO - [2025-04-05T11:25:01.245+0100] {dag.py:3096} INFO - Sync 1 DAGs
[2025-04-05T11:25:01.250+0100] {logging_mixin.py:188} INFO - [2025-04-05T11:25:01.250+0100] {dag.py:3954} INFO - Setting next_dagrun for example_trigger_controller_dag to 2021-01-01T00:00:00+00:00, run_after=2021-01-01T00:00:00+00:00
[2025-04-05T11:25:01.257+0100] {processor.py:183} INFO - Processing /Users/judeezeh/Desktop/Zoomcamp-project/venv/lib/python3.11/site-packages/airflow/example_dags/example_trigger_controller_dag.py took 0.046 seconds
[2025-04-05T11:26:36.491+0100] {processor.py:161} INFO - Started process (PID=17747) to work on /Users/judeezeh/Desktop/Zoomcamp-project/venv/lib/python3.11/site-packages/airflow/example_dags/example_trigger_controller_dag.py
[2025-04-05T11:26:36.492+0100] {processor.py:830} INFO - Processing file /Users/judeezeh/Desktop/Zoomcamp-project/venv/lib/python3.11/site-packages/airflow/example_dags/example_trigger_controller_dag.py for tasks to queue
[2025-04-05T11:26:36.492+0100] {logging_mixin.py:188} INFO - [2025-04-05T11:26:36.492+0100] {dagbag.py:540} INFO - Filling up the DagBag from /Users/judeezeh/Desktop/Zoomcamp-project/venv/lib/python3.11/site-packages/airflow/example_dags/example_trigger_controller_dag.py
[2025-04-05T11:26:36.496+0100] {processor.py:840} INFO - DAG(s) 'example_trigger_controller_dag' retrieved from /Users/judeezeh/Desktop/Zoomcamp-project/venv/lib/python3.11/site-packages/airflow/example_dags/example_trigger_controller_dag.py
[2025-04-05T11:26:36.524+0100] {logging_mixin.py:188} INFO - [2025-04-05T11:26:36.524+0100] {dag.py:3096} INFO - Sync 1 DAGs
[2025-04-05T11:26:36.529+0100] {logging_mixin.py:188} INFO - [2025-04-05T11:26:36.529+0100] {dag.py:3954} INFO - Setting next_dagrun for example_trigger_controller_dag to 2021-01-01T00:00:00+00:00, run_after=2021-01-01T00:00:00+00:00
[2025-04-05T11:26:36.535+0100] {processor.py:183} INFO - Processing /Users/judeezeh/Desktop/Zoomcamp-project/venv/lib/python3.11/site-packages/airflow/example_dags/example_trigger_controller_dag.py took 0.045 seconds
[2025-04-05T11:27:31.206+0100] {processor.py:161} INFO - Started process (PID=17827) to work on /Users/judeezeh/Desktop/Zoomcamp-project/venv/lib/python3.11/site-packages/airflow/example_dags/example_trigger_controller_dag.py
[2025-04-05T11:27:31.207+0100] {processor.py:830} INFO - Processing file /Users/judeezeh/Desktop/Zoomcamp-project/venv/lib/python3.11/site-packages/airflow/example_dags/example_trigger_controller_dag.py for tasks to queue
[2025-04-05T11:27:31.207+0100] {logging_mixin.py:188} INFO - [2025-04-05T11:27:31.207+0100] {dagbag.py:540} INFO - Filling up the DagBag from /Users/judeezeh/Desktop/Zoomcamp-project/venv/lib/python3.11/site-packages/airflow/example_dags/example_trigger_controller_dag.py
[2025-04-05T11:27:31.211+0100] {processor.py:840} INFO - DAG(s) 'example_trigger_controller_dag' retrieved from /Users/judeezeh/Desktop/Zoomcamp-project/venv/lib/python3.11/site-packages/airflow/example_dags/example_trigger_controller_dag.py
[2025-04-05T11:27:31.238+0100] {logging_mixin.py:188} INFO - [2025-04-05T11:27:31.238+0100] {dag.py:3096} INFO - Sync 1 DAGs
[2025-04-05T11:27:31.242+0100] {logging_mixin.py:188} INFO - [2025-04-05T11:27:31.242+0100] {dag.py:3954} INFO - Setting next_dagrun for example_trigger_controller_dag to 2021-01-01T00:00:00+00:00, run_after=2021-01-01T00:00:00+00:00
[2025-04-05T11:27:31.249+0100] {processor.py:183} INFO - Processing /Users/judeezeh/Desktop/Zoomcamp-project/venv/lib/python3.11/site-packages/airflow/example_dags/example_trigger_controller_dag.py took 0.044 seconds
[2025-04-05T11:28:27.428+0100] {processor.py:161} INFO - Started process (PID=17911) to work on /Users/judeezeh/Desktop/Zoomcamp-project/venv/lib/python3.11/site-packages/airflow/example_dags/example_trigger_controller_dag.py
[2025-04-05T11:28:27.428+0100] {processor.py:830} INFO - Processing file /Users/judeezeh/Desktop/Zoomcamp-project/venv/lib/python3.11/site-packages/airflow/example_dags/example_trigger_controller_dag.py for tasks to queue
[2025-04-05T11:28:27.428+0100] {logging_mixin.py:188} INFO - [2025-04-05T11:28:27.428+0100] {dagbag.py:540} INFO - Filling up the DagBag from /Users/judeezeh/Desktop/Zoomcamp-project/venv/lib/python3.11/site-packages/airflow/example_dags/example_trigger_controller_dag.py
[2025-04-05T11:28:27.432+0100] {processor.py:840} INFO - DAG(s) 'example_trigger_controller_dag' retrieved from /Users/judeezeh/Desktop/Zoomcamp-project/venv/lib/python3.11/site-packages/airflow/example_dags/example_trigger_controller_dag.py
[2025-04-05T11:28:27.460+0100] {logging_mixin.py:188} INFO - [2025-04-05T11:28:27.460+0100] {dag.py:3096} INFO - Sync 1 DAGs
[2025-04-05T11:28:27.465+0100] {logging_mixin.py:188} INFO - [2025-04-05T11:28:27.465+0100] {dag.py:3954} INFO - Setting next_dagrun for example_trigger_controller_dag to 2021-01-01T00:00:00+00:00, run_after=2021-01-01T00:00:00+00:00
[2025-04-05T11:28:27.473+0100] {processor.py:183} INFO - Processing /Users/judeezeh/Desktop/Zoomcamp-project/venv/lib/python3.11/site-packages/airflow/example_dags/example_trigger_controller_dag.py took 0.046 seconds
[2025-04-05T11:29:22.424+0100] {processor.py:161} INFO - Started process (PID=17982) to work on /Users/judeezeh/Desktop/Zoomcamp-project/venv/lib/python3.11/site-packages/airflow/example_dags/example_trigger_controller_dag.py
[2025-04-05T11:29:22.424+0100] {processor.py:830} INFO - Processing file /Users/judeezeh/Desktop/Zoomcamp-project/venv/lib/python3.11/site-packages/airflow/example_dags/example_trigger_controller_dag.py for tasks to queue
[2025-04-05T11:29:22.424+0100] {logging_mixin.py:188} INFO - [2025-04-05T11:29:22.424+0100] {dagbag.py:540} INFO - Filling up the DagBag from /Users/judeezeh/Desktop/Zoomcamp-project/venv/lib/python3.11/site-packages/airflow/example_dags/example_trigger_controller_dag.py
[2025-04-05T11:29:22.428+0100] {processor.py:840} INFO - DAG(s) 'example_trigger_controller_dag' retrieved from /Users/judeezeh/Desktop/Zoomcamp-project/venv/lib/python3.11/site-packages/airflow/example_dags/example_trigger_controller_dag.py
[2025-04-05T11:29:22.454+0100] {logging_mixin.py:188} INFO - [2025-04-05T11:29:22.454+0100] {dag.py:3096} INFO - Sync 1 DAGs
[2025-04-05T11:29:22.460+0100] {logging_mixin.py:188} INFO - [2025-04-05T11:29:22.460+0100] {dag.py:3954} INFO - Setting next_dagrun for example_trigger_controller_dag to 2021-01-01T00:00:00+00:00, run_after=2021-01-01T00:00:00+00:00
[2025-04-05T11:29:22.466+0100] {processor.py:183} INFO - Processing /Users/judeezeh/Desktop/Zoomcamp-project/venv/lib/python3.11/site-packages/airflow/example_dags/example_trigger_controller_dag.py took 0.044 seconds
[2025-04-05T11:30:17.208+0100] {processor.py:161} INFO - Started process (PID=18054) to work on /Users/judeezeh/Desktop/Zoomcamp-project/venv/lib/python3.11/site-packages/airflow/example_dags/example_trigger_controller_dag.py
[2025-04-05T11:30:17.209+0100] {processor.py:830} INFO - Processing file /Users/judeezeh/Desktop/Zoomcamp-project/venv/lib/python3.11/site-packages/airflow/example_dags/example_trigger_controller_dag.py for tasks to queue
[2025-04-05T11:30:17.209+0100] {logging_mixin.py:188} INFO - [2025-04-05T11:30:17.209+0100] {dagbag.py:540} INFO - Filling up the DagBag from /Users/judeezeh/Desktop/Zoomcamp-project/venv/lib/python3.11/site-packages/airflow/example_dags/example_trigger_controller_dag.py
[2025-04-05T11:30:17.212+0100] {processor.py:840} INFO - DAG(s) 'example_trigger_controller_dag' retrieved from /Users/judeezeh/Desktop/Zoomcamp-project/venv/lib/python3.11/site-packages/airflow/example_dags/example_trigger_controller_dag.py
[2025-04-05T11:30:17.239+0100] {logging_mixin.py:188} INFO - [2025-04-05T11:30:17.239+0100] {dag.py:3096} INFO - Sync 1 DAGs
[2025-04-05T11:30:17.244+0100] {logging_mixin.py:188} INFO - [2025-04-05T11:30:17.244+0100] {dag.py:3954} INFO - Setting next_dagrun for example_trigger_controller_dag to 2021-01-01T00:00:00+00:00, run_after=2021-01-01T00:00:00+00:00
[2025-04-05T11:30:17.251+0100] {processor.py:183} INFO - Processing /Users/judeezeh/Desktop/Zoomcamp-project/venv/lib/python3.11/site-packages/airflow/example_dags/example_trigger_controller_dag.py took 0.043 seconds
[2025-04-05T11:31:08.266+0100] {processor.py:161} INFO - Started process (PID=18134) to work on /Users/judeezeh/Desktop/Zoomcamp-project/venv/lib/python3.11/site-packages/airflow/example_dags/example_trigger_controller_dag.py
[2025-04-05T11:31:08.267+0100] {processor.py:830} INFO - Processing file /Users/judeezeh/Desktop/Zoomcamp-project/venv/lib/python3.11/site-packages/airflow/example_dags/example_trigger_controller_dag.py for tasks to queue
[2025-04-05T11:31:08.267+0100] {logging_mixin.py:188} INFO - [2025-04-05T11:31:08.267+0100] {dagbag.py:540} INFO - Filling up the DagBag from /Users/judeezeh/Desktop/Zoomcamp-project/venv/lib/python3.11/site-packages/airflow/example_dags/example_trigger_controller_dag.py
[2025-04-05T11:31:08.270+0100] {processor.py:840} INFO - DAG(s) 'example_trigger_controller_dag' retrieved from /Users/judeezeh/Desktop/Zoomcamp-project/venv/lib/python3.11/site-packages/airflow/example_dags/example_trigger_controller_dag.py
[2025-04-05T11:31:08.297+0100] {logging_mixin.py:188} INFO - [2025-04-05T11:31:08.297+0100] {dag.py:3096} INFO - Sync 1 DAGs
[2025-04-05T11:31:08.302+0100] {logging_mixin.py:188} INFO - [2025-04-05T11:31:08.302+0100] {dag.py:3954} INFO - Setting next_dagrun for example_trigger_controller_dag to 2021-01-01T00:00:00+00:00, run_after=2021-01-01T00:00:00+00:00
[2025-04-05T11:31:08.308+0100] {processor.py:183} INFO - Processing /Users/judeezeh/Desktop/Zoomcamp-project/venv/lib/python3.11/site-packages/airflow/example_dags/example_trigger_controller_dag.py took 0.043 seconds
[2025-04-05T11:32:47.802+0100] {processor.py:161} INFO - Started process (PID=18285) to work on /Users/judeezeh/Desktop/Zoomcamp-project/venv/lib/python3.11/site-packages/airflow/example_dags/example_trigger_controller_dag.py
[2025-04-05T11:32:47.802+0100] {processor.py:830} INFO - Processing file /Users/judeezeh/Desktop/Zoomcamp-project/venv/lib/python3.11/site-packages/airflow/example_dags/example_trigger_controller_dag.py for tasks to queue
[2025-04-05T11:32:47.803+0100] {logging_mixin.py:188} INFO - [2025-04-05T11:32:47.802+0100] {dagbag.py:540} INFO - Filling up the DagBag from /Users/judeezeh/Desktop/Zoomcamp-project/venv/lib/python3.11/site-packages/airflow/example_dags/example_trigger_controller_dag.py
[2025-04-05T11:32:47.806+0100] {processor.py:840} INFO - DAG(s) 'example_trigger_controller_dag' retrieved from /Users/judeezeh/Desktop/Zoomcamp-project/venv/lib/python3.11/site-packages/airflow/example_dags/example_trigger_controller_dag.py
[2025-04-05T11:32:47.833+0100] {logging_mixin.py:188} INFO - [2025-04-05T11:32:47.833+0100] {dag.py:3096} INFO - Sync 1 DAGs
[2025-04-05T11:32:47.838+0100] {logging_mixin.py:188} INFO - [2025-04-05T11:32:47.838+0100] {dag.py:3954} INFO - Setting next_dagrun for example_trigger_controller_dag to 2021-01-01T00:00:00+00:00, run_after=2021-01-01T00:00:00+00:00
[2025-04-05T11:32:47.845+0100] {processor.py:183} INFO - Processing /Users/judeezeh/Desktop/Zoomcamp-project/venv/lib/python3.11/site-packages/airflow/example_dags/example_trigger_controller_dag.py took 0.044 seconds
[2025-04-05T11:33:41.595+0100] {processor.py:161} INFO - Started process (PID=18358) to work on /Users/judeezeh/Desktop/Zoomcamp-project/venv/lib/python3.11/site-packages/airflow/example_dags/example_trigger_controller_dag.py
[2025-04-05T11:33:41.596+0100] {processor.py:830} INFO - Processing file /Users/judeezeh/Desktop/Zoomcamp-project/venv/lib/python3.11/site-packages/airflow/example_dags/example_trigger_controller_dag.py for tasks to queue
[2025-04-05T11:33:41.596+0100] {logging_mixin.py:188} INFO - [2025-04-05T11:33:41.596+0100] {dagbag.py:540} INFO - Filling up the DagBag from /Users/judeezeh/Desktop/Zoomcamp-project/venv/lib/python3.11/site-packages/airflow/example_dags/example_trigger_controller_dag.py
[2025-04-05T11:33:41.600+0100] {processor.py:840} INFO - DAG(s) 'example_trigger_controller_dag' retrieved from /Users/judeezeh/Desktop/Zoomcamp-project/venv/lib/python3.11/site-packages/airflow/example_dags/example_trigger_controller_dag.py
[2025-04-05T11:33:41.628+0100] {logging_mixin.py:188} INFO - [2025-04-05T11:33:41.627+0100] {dag.py:3096} INFO - Sync 1 DAGs
[2025-04-05T11:33:41.632+0100] {logging_mixin.py:188} INFO - [2025-04-05T11:33:41.632+0100] {dag.py:3954} INFO - Setting next_dagrun for example_trigger_controller_dag to 2021-01-01T00:00:00+00:00, run_after=2021-01-01T00:00:00+00:00
[2025-04-05T11:33:41.640+0100] {processor.py:183} INFO - Processing /Users/judeezeh/Desktop/Zoomcamp-project/venv/lib/python3.11/site-packages/airflow/example_dags/example_trigger_controller_dag.py took 0.045 seconds
[2025-04-05T11:34:34.040+0100] {processor.py:161} INFO - Started process (PID=18434) to work on /Users/judeezeh/Desktop/Zoomcamp-project/venv/lib/python3.11/site-packages/airflow/example_dags/example_trigger_controller_dag.py
[2025-04-05T11:34:34.042+0100] {processor.py:830} INFO - Processing file /Users/judeezeh/Desktop/Zoomcamp-project/venv/lib/python3.11/site-packages/airflow/example_dags/example_trigger_controller_dag.py for tasks to queue
[2025-04-05T11:34:34.042+0100] {logging_mixin.py:188} INFO - [2025-04-05T11:34:34.042+0100] {dagbag.py:540} INFO - Filling up the DagBag from /Users/judeezeh/Desktop/Zoomcamp-project/venv/lib/python3.11/site-packages/airflow/example_dags/example_trigger_controller_dag.py
[2025-04-05T11:34:34.045+0100] {processor.py:840} INFO - DAG(s) 'example_trigger_controller_dag' retrieved from /Users/judeezeh/Desktop/Zoomcamp-project/venv/lib/python3.11/site-packages/airflow/example_dags/example_trigger_controller_dag.py
[2025-04-05T11:34:34.072+0100] {logging_mixin.py:188} INFO - [2025-04-05T11:34:34.072+0100] {dag.py:3096} INFO - Sync 1 DAGs
[2025-04-05T11:34:34.077+0100] {logging_mixin.py:188} INFO - [2025-04-05T11:34:34.077+0100] {dag.py:3954} INFO - Setting next_dagrun for example_trigger_controller_dag to 2021-01-01T00:00:00+00:00, run_after=2021-01-01T00:00:00+00:00
[2025-04-05T11:34:34.083+0100] {processor.py:183} INFO - Processing /Users/judeezeh/Desktop/Zoomcamp-project/venv/lib/python3.11/site-packages/airflow/example_dags/example_trigger_controller_dag.py took 0.044 seconds
[2025-04-05T11:36:10.778+0100] {processor.py:161} INFO - Started process (PID=18570) to work on /Users/judeezeh/Desktop/Zoomcamp-project/venv/lib/python3.11/site-packages/airflow/example_dags/example_trigger_controller_dag.py
[2025-04-05T11:36:10.779+0100] {processor.py:830} INFO - Processing file /Users/judeezeh/Desktop/Zoomcamp-project/venv/lib/python3.11/site-packages/airflow/example_dags/example_trigger_controller_dag.py for tasks to queue
[2025-04-05T11:36:10.780+0100] {logging_mixin.py:188} INFO - [2025-04-05T11:36:10.779+0100] {dagbag.py:540} INFO - Filling up the DagBag from /Users/judeezeh/Desktop/Zoomcamp-project/venv/lib/python3.11/site-packages/airflow/example_dags/example_trigger_controller_dag.py
[2025-04-05T11:36:10.783+0100] {processor.py:840} INFO - DAG(s) 'example_trigger_controller_dag' retrieved from /Users/judeezeh/Desktop/Zoomcamp-project/venv/lib/python3.11/site-packages/airflow/example_dags/example_trigger_controller_dag.py
[2025-04-05T11:36:10.810+0100] {logging_mixin.py:188} INFO - [2025-04-05T11:36:10.810+0100] {dag.py:3096} INFO - Sync 1 DAGs
[2025-04-05T11:36:10.815+0100] {logging_mixin.py:188} INFO - [2025-04-05T11:36:10.815+0100] {dag.py:3954} INFO - Setting next_dagrun for example_trigger_controller_dag to 2021-01-01T00:00:00+00:00, run_after=2021-01-01T00:00:00+00:00
[2025-04-05T11:36:10.821+0100] {processor.py:183} INFO - Processing /Users/judeezeh/Desktop/Zoomcamp-project/venv/lib/python3.11/site-packages/airflow/example_dags/example_trigger_controller_dag.py took 0.044 seconds
[2025-04-05T11:37:04.270+0100] {processor.py:161} INFO - Started process (PID=18653) to work on /Users/judeezeh/Desktop/Zoomcamp-project/venv/lib/python3.11/site-packages/airflow/example_dags/example_trigger_controller_dag.py
[2025-04-05T11:37:04.271+0100] {processor.py:830} INFO - Processing file /Users/judeezeh/Desktop/Zoomcamp-project/venv/lib/python3.11/site-packages/airflow/example_dags/example_trigger_controller_dag.py for tasks to queue
[2025-04-05T11:37:04.271+0100] {logging_mixin.py:188} INFO - [2025-04-05T11:37:04.271+0100] {dagbag.py:540} INFO - Filling up the DagBag from /Users/judeezeh/Desktop/Zoomcamp-project/venv/lib/python3.11/site-packages/airflow/example_dags/example_trigger_controller_dag.py
[2025-04-05T11:37:04.275+0100] {processor.py:840} INFO - DAG(s) 'example_trigger_controller_dag' retrieved from /Users/judeezeh/Desktop/Zoomcamp-project/venv/lib/python3.11/site-packages/airflow/example_dags/example_trigger_controller_dag.py
[2025-04-05T11:37:04.302+0100] {logging_mixin.py:188} INFO - [2025-04-05T11:37:04.302+0100] {dag.py:3096} INFO - Sync 1 DAGs
[2025-04-05T11:37:04.306+0100] {logging_mixin.py:188} INFO - [2025-04-05T11:37:04.306+0100] {dag.py:3954} INFO - Setting next_dagrun for example_trigger_controller_dag to 2021-01-01T00:00:00+00:00, run_after=2021-01-01T00:00:00+00:00
[2025-04-05T11:37:04.313+0100] {processor.py:183} INFO - Processing /Users/judeezeh/Desktop/Zoomcamp-project/venv/lib/python3.11/site-packages/airflow/example_dags/example_trigger_controller_dag.py took 0.044 seconds
[2025-04-05T11:38:36.708+0100] {processor.py:161} INFO - Started process (PID=18800) to work on /Users/judeezeh/Desktop/Zoomcamp-project/venv/lib/python3.11/site-packages/airflow/example_dags/example_trigger_controller_dag.py
[2025-04-05T11:38:36.708+0100] {processor.py:830} INFO - Processing file /Users/judeezeh/Desktop/Zoomcamp-project/venv/lib/python3.11/site-packages/airflow/example_dags/example_trigger_controller_dag.py for tasks to queue
[2025-04-05T11:38:36.709+0100] {logging_mixin.py:188} INFO - [2025-04-05T11:38:36.709+0100] {dagbag.py:540} INFO - Filling up the DagBag from /Users/judeezeh/Desktop/Zoomcamp-project/venv/lib/python3.11/site-packages/airflow/example_dags/example_trigger_controller_dag.py
[2025-04-05T11:38:36.712+0100] {processor.py:840} INFO - DAG(s) 'example_trigger_controller_dag' retrieved from /Users/judeezeh/Desktop/Zoomcamp-project/venv/lib/python3.11/site-packages/airflow/example_dags/example_trigger_controller_dag.py
[2025-04-05T11:38:36.739+0100] {logging_mixin.py:188} INFO - [2025-04-05T11:38:36.739+0100] {dag.py:3096} INFO - Sync 1 DAGs
[2025-04-05T11:38:36.744+0100] {logging_mixin.py:188} INFO - [2025-04-05T11:38:36.744+0100] {dag.py:3954} INFO - Setting next_dagrun for example_trigger_controller_dag to 2021-01-01T00:00:00+00:00, run_after=2021-01-01T00:00:00+00:00
[2025-04-05T11:38:36.752+0100] {processor.py:183} INFO - Processing /Users/judeezeh/Desktop/Zoomcamp-project/venv/lib/python3.11/site-packages/airflow/example_dags/example_trigger_controller_dag.py took 0.045 seconds
[2025-04-05T11:39:56.289+0100] {processor.py:161} INFO - Started process (PID=18925) to work on /Users/judeezeh/Desktop/Zoomcamp-project/venv/lib/python3.11/site-packages/airflow/example_dags/example_trigger_controller_dag.py
[2025-04-05T11:39:56.289+0100] {processor.py:830} INFO - Processing file /Users/judeezeh/Desktop/Zoomcamp-project/venv/lib/python3.11/site-packages/airflow/example_dags/example_trigger_controller_dag.py for tasks to queue
[2025-04-05T11:39:56.289+0100] {logging_mixin.py:188} INFO - [2025-04-05T11:39:56.289+0100] {dagbag.py:540} INFO - Filling up the DagBag from /Users/judeezeh/Desktop/Zoomcamp-project/venv/lib/python3.11/site-packages/airflow/example_dags/example_trigger_controller_dag.py
[2025-04-05T11:39:56.293+0100] {processor.py:840} INFO - DAG(s) 'example_trigger_controller_dag' retrieved from /Users/judeezeh/Desktop/Zoomcamp-project/venv/lib/python3.11/site-packages/airflow/example_dags/example_trigger_controller_dag.py
[2025-04-05T11:39:56.320+0100] {logging_mixin.py:188} INFO - [2025-04-05T11:39:56.319+0100] {dag.py:3096} INFO - Sync 1 DAGs
[2025-04-05T11:39:56.324+0100] {logging_mixin.py:188} INFO - [2025-04-05T11:39:56.324+0100] {dag.py:3954} INFO - Setting next_dagrun for example_trigger_controller_dag to 2021-01-01T00:00:00+00:00, run_after=2021-01-01T00:00:00+00:00
[2025-04-05T11:39:56.331+0100] {processor.py:183} INFO - Processing /Users/judeezeh/Desktop/Zoomcamp-project/venv/lib/python3.11/site-packages/airflow/example_dags/example_trigger_controller_dag.py took 0.043 seconds
[2025-04-05T11:41:31.203+0100] {processor.py:161} INFO - Started process (PID=19104) to work on /Users/judeezeh/Desktop/Zoomcamp-project/venv/lib/python3.11/site-packages/airflow/example_dags/example_trigger_controller_dag.py
[2025-04-05T11:41:31.204+0100] {processor.py:830} INFO - Processing file /Users/judeezeh/Desktop/Zoomcamp-project/venv/lib/python3.11/site-packages/airflow/example_dags/example_trigger_controller_dag.py for tasks to queue
[2025-04-05T11:41:31.204+0100] {logging_mixin.py:188} INFO - [2025-04-05T11:41:31.204+0100] {dagbag.py:540} INFO - Filling up the DagBag from /Users/judeezeh/Desktop/Zoomcamp-project/venv/lib/python3.11/site-packages/airflow/example_dags/example_trigger_controller_dag.py
[2025-04-05T11:41:31.208+0100] {processor.py:840} INFO - DAG(s) 'example_trigger_controller_dag' retrieved from /Users/judeezeh/Desktop/Zoomcamp-project/venv/lib/python3.11/site-packages/airflow/example_dags/example_trigger_controller_dag.py
[2025-04-05T11:41:31.235+0100] {logging_mixin.py:188} INFO - [2025-04-05T11:41:31.234+0100] {dag.py:3096} INFO - Sync 1 DAGs
[2025-04-05T11:41:31.239+0100] {logging_mixin.py:188} INFO - [2025-04-05T11:41:31.239+0100] {dag.py:3954} INFO - Setting next_dagrun for example_trigger_controller_dag to 2021-01-01T00:00:00+00:00, run_after=2021-01-01T00:00:00+00:00
[2025-04-05T11:41:31.246+0100] {processor.py:183} INFO - Processing /Users/judeezeh/Desktop/Zoomcamp-project/venv/lib/python3.11/site-packages/airflow/example_dags/example_trigger_controller_dag.py took 0.044 seconds
