[2025-04-05T11:16:03.291+0100] {processor.py:161} INFO - Started process (PID=16776) to work on /Users/judeezeh/Desktop/Zoomcamp-project/venv/lib/python3.11/site-packages/airflow/example_dags/example_branch_operator_decorator.py
[2025-04-05T11:16:03.292+0100] {processor.py:830} INFO - Processing file /Users/judeezeh/Desktop/Zoomcamp-project/venv/lib/python3.11/site-packages/airflow/example_dags/example_branch_operator_decorator.py for tasks to queue
[2025-04-05T11:16:03.292+0100] {logging_mixin.py:188} INFO - [2025-04-05T11:16:03.292+0100] {dagbag.py:540} INFO - Filling up the DagBag from /Users/judeezeh/Desktop/Zoomcamp-project/venv/lib/python3.11/site-packages/airflow/example_dags/example_branch_operator_decorator.py
[2025-04-05T11:16:03.299+0100] {processor.py:842} WARNING - No viable dags retrieved from /Users/judeezeh/Desktop/Zoomcamp-project/venv/lib/python3.11/site-packages/airflow/example_dags/example_branch_operator_decorator.py
[2025-04-05T11:16:03.326+0100] {processor.py:183} INFO - Processing /Users/judeezeh/Desktop/Zoomcamp-project/venv/lib/python3.11/site-packages/airflow/example_dags/example_branch_operator_decorator.py took 0.036 seconds
[2025-04-05T11:17:36.126+0100] {processor.py:161} INFO - Started process (PID=16929) to work on /Users/judeezeh/Desktop/Zoomcamp-project/venv/lib/python3.11/site-packages/airflow/example_dags/example_branch_operator_decorator.py
[2025-04-05T11:17:36.127+0100] {processor.py:830} INFO - Processing file /Users/judeezeh/Desktop/Zoomcamp-project/venv/lib/python3.11/site-packages/airflow/example_dags/example_branch_operator_decorator.py for tasks to queue
[2025-04-05T11:17:36.127+0100] {logging_mixin.py:188} INFO - [2025-04-05T11:17:36.127+0100] {dagbag.py:540} INFO - Filling up the DagBag from /Users/judeezeh/Desktop/Zoomcamp-project/venv/lib/python3.11/site-packages/airflow/example_dags/example_branch_operator_decorator.py
[2025-04-05T11:17:36.134+0100] {processor.py:842} WARNING - No viable dags retrieved from /Users/judeezeh/Desktop/Zoomcamp-project/venv/lib/python3.11/site-packages/airflow/example_dags/example_branch_operator_decorator.py
[2025-04-05T11:17:36.158+0100] {processor.py:183} INFO - Processing /Users/judeezeh/Desktop/Zoomcamp-project/venv/lib/python3.11/site-packages/airflow/example_dags/example_branch_operator_decorator.py took 0.033 seconds
[2025-04-05T11:20:04.306+0100] {processor.py:161} INFO - Started process (PID=17186) to work on /Users/judeezeh/Desktop/Zoomcamp-project/venv/lib/python3.11/site-packages/airflow/example_dags/example_branch_operator_decorator.py
[2025-04-05T11:20:04.307+0100] {processor.py:830} INFO - Processing file /Users/judeezeh/Desktop/Zoomcamp-project/venv/lib/python3.11/site-packages/airflow/example_dags/example_branch_operator_decorator.py for tasks to queue
[2025-04-05T11:20:04.307+0100] {logging_mixin.py:188} INFO - [2025-04-05T11:20:04.307+0100] {dagbag.py:540} INFO - Filling up the DagBag from /Users/judeezeh/Desktop/Zoomcamp-project/venv/lib/python3.11/site-packages/airflow/example_dags/example_branch_operator_decorator.py
[2025-04-05T11:20:04.313+0100] {processor.py:842} WARNING - No viable dags retrieved from /Users/judeezeh/Desktop/Zoomcamp-project/venv/lib/python3.11/site-packages/airflow/example_dags/example_branch_operator_decorator.py
[2025-04-05T11:20:04.336+0100] {processor.py:183} INFO - Processing /Users/judeezeh/Desktop/Zoomcamp-project/venv/lib/python3.11/site-packages/airflow/example_dags/example_branch_operator_decorator.py took 0.031 seconds
[2025-04-05T11:22:00.380+0100] {processor.py:161} INFO - Started process (PID=17353) to work on /Users/judeezeh/Desktop/Zoomcamp-project/venv/lib/python3.11/site-packages/airflow/example_dags/example_branch_operator_decorator.py
[2025-04-05T11:22:00.380+0100] {processor.py:830} INFO - Processing file /Users/judeezeh/Desktop/Zoomcamp-project/venv/lib/python3.11/site-packages/airflow/example_dags/example_branch_operator_decorator.py for tasks to queue
[2025-04-05T11:22:00.380+0100] {logging_mixin.py:188} INFO - [2025-04-05T11:22:00.380+0100] {dagbag.py:540} INFO - Filling up the DagBag from /Users/judeezeh/Desktop/Zoomcamp-project/venv/lib/python3.11/site-packages/airflow/example_dags/example_branch_operator_decorator.py
[2025-04-05T11:22:00.390+0100] {processor.py:842} WARNING - No viable dags retrieved from /Users/judeezeh/Desktop/Zoomcamp-project/venv/lib/python3.11/site-packages/airflow/example_dags/example_branch_operator_decorator.py
[2025-04-05T11:22:00.414+0100] {processor.py:183} INFO - Processing /Users/judeezeh/Desktop/Zoomcamp-project/venv/lib/python3.11/site-packages/airflow/example_dags/example_branch_operator_decorator.py took 0.036 seconds
[2025-04-05T11:23:39.789+0100] {processor.py:161} INFO - Started process (PID=17495) to work on /Users/judeezeh/Desktop/Zoomcamp-project/venv/lib/python3.11/site-packages/airflow/example_dags/example_branch_operator_decorator.py
[2025-04-05T11:23:39.790+0100] {processor.py:830} INFO - Processing file /Users/judeezeh/Desktop/Zoomcamp-project/venv/lib/python3.11/site-packages/airflow/example_dags/example_branch_operator_decorator.py for tasks to queue
[2025-04-05T11:23:39.790+0100] {logging_mixin.py:188} INFO - [2025-04-05T11:23:39.790+0100] {dagbag.py:540} INFO - Filling up the DagBag from /Users/judeezeh/Desktop/Zoomcamp-project/venv/lib/python3.11/site-packages/airflow/example_dags/example_branch_operator_decorator.py
[2025-04-05T11:23:39.797+0100] {processor.py:842} WARNING - No viable dags retrieved from /Users/judeezeh/Desktop/Zoomcamp-project/venv/lib/python3.11/site-packages/airflow/example_dags/example_branch_operator_decorator.py
[2025-04-05T11:23:39.820+0100] {processor.py:183} INFO - Processing /Users/judeezeh/Desktop/Zoomcamp-project/venv/lib/python3.11/site-packages/airflow/example_dags/example_branch_operator_decorator.py took 0.032 seconds
[2025-04-05T11:25:21.012+0100] {processor.py:161} INFO - Started process (PID=17633) to work on /Users/judeezeh/Desktop/Zoomcamp-project/venv/lib/python3.11/site-packages/airflow/example_dags/example_branch_operator_decorator.py
[2025-04-05T11:25:21.013+0100] {processor.py:830} INFO - Processing file /Users/judeezeh/Desktop/Zoomcamp-project/venv/lib/python3.11/site-packages/airflow/example_dags/example_branch_operator_decorator.py for tasks to queue
[2025-04-05T11:25:21.014+0100] {logging_mixin.py:188} INFO - [2025-04-05T11:25:21.014+0100] {dagbag.py:540} INFO - Filling up the DagBag from /Users/judeezeh/Desktop/Zoomcamp-project/venv/lib/python3.11/site-packages/airflow/example_dags/example_branch_operator_decorator.py
[2025-04-05T11:25:21.020+0100] {processor.py:842} WARNING - No viable dags retrieved from /Users/judeezeh/Desktop/Zoomcamp-project/venv/lib/python3.11/site-packages/airflow/example_dags/example_branch_operator_decorator.py
[2025-04-05T11:25:21.044+0100] {processor.py:183} INFO - Processing /Users/judeezeh/Desktop/Zoomcamp-project/venv/lib/python3.11/site-packages/airflow/example_dags/example_branch_operator_decorator.py took 0.033 seconds
[2025-04-05T11:26:57.507+0100] {processor.py:161} INFO - Started process (PID=17782) to work on /Users/judeezeh/Desktop/Zoomcamp-project/venv/lib/python3.11/site-packages/airflow/example_dags/example_branch_operator_decorator.py
[2025-04-05T11:26:57.507+0100] {processor.py:830} INFO - Processing file /Users/judeezeh/Desktop/Zoomcamp-project/venv/lib/python3.11/site-packages/airflow/example_dags/example_branch_operator_decorator.py for tasks to queue
[2025-04-05T11:26:57.507+0100] {logging_mixin.py:188} INFO - [2025-04-05T11:26:57.507+0100] {dagbag.py:540} INFO - Filling up the DagBag from /Users/judeezeh/Desktop/Zoomcamp-project/venv/lib/python3.11/site-packages/airflow/example_dags/example_branch_operator_decorator.py
[2025-04-05T11:26:57.514+0100] {processor.py:842} WARNING - No viable dags retrieved from /Users/judeezeh/Desktop/Zoomcamp-project/venv/lib/python3.11/site-packages/airflow/example_dags/example_branch_operator_decorator.py
[2025-04-05T11:26:57.538+0100] {processor.py:183} INFO - Processing /Users/judeezeh/Desktop/Zoomcamp-project/venv/lib/python3.11/site-packages/airflow/example_dags/example_branch_operator_decorator.py took 0.032 seconds
[2025-04-05T11:28:49.728+0100] {processor.py:161} INFO - Started process (PID=17939) to work on /Users/judeezeh/Desktop/Zoomcamp-project/venv/lib/python3.11/site-packages/airflow/example_dags/example_branch_operator_decorator.py
[2025-04-05T11:28:49.728+0100] {processor.py:830} INFO - Processing file /Users/judeezeh/Desktop/Zoomcamp-project/venv/lib/python3.11/site-packages/airflow/example_dags/example_branch_operator_decorator.py for tasks to queue
[2025-04-05T11:28:49.729+0100] {logging_mixin.py:188} INFO - [2025-04-05T11:28:49.729+0100] {dagbag.py:540} INFO - Filling up the DagBag from /Users/judeezeh/Desktop/Zoomcamp-project/venv/lib/python3.11/site-packages/airflow/example_dags/example_branch_operator_decorator.py
[2025-04-05T11:28:49.735+0100] {processor.py:842} WARNING - No viable dags retrieved from /Users/judeezeh/Desktop/Zoomcamp-project/venv/lib/python3.11/site-packages/airflow/example_dags/example_branch_operator_decorator.py
[2025-04-05T11:28:49.758+0100] {processor.py:183} INFO - Processing /Users/judeezeh/Desktop/Zoomcamp-project/venv/lib/python3.11/site-packages/airflow/example_dags/example_branch_operator_decorator.py took 0.031 seconds
[2025-04-05T11:30:38.940+0100] {processor.py:161} INFO - Started process (PID=18091) to work on /Users/judeezeh/Desktop/Zoomcamp-project/venv/lib/python3.11/site-packages/airflow/example_dags/example_branch_operator_decorator.py
[2025-04-05T11:30:38.941+0100] {processor.py:830} INFO - Processing file /Users/judeezeh/Desktop/Zoomcamp-project/venv/lib/python3.11/site-packages/airflow/example_dags/example_branch_operator_decorator.py for tasks to queue
[2025-04-05T11:30:38.941+0100] {logging_mixin.py:188} INFO - [2025-04-05T11:30:38.941+0100] {dagbag.py:540} INFO - Filling up the DagBag from /Users/judeezeh/Desktop/Zoomcamp-project/venv/lib/python3.11/site-packages/airflow/example_dags/example_branch_operator_decorator.py
[2025-04-05T11:30:38.947+0100] {processor.py:842} WARNING - No viable dags retrieved from /Users/judeezeh/Desktop/Zoomcamp-project/venv/lib/python3.11/site-packages/airflow/example_dags/example_branch_operator_decorator.py
[2025-04-05T11:30:38.970+0100] {processor.py:183} INFO - Processing /Users/judeezeh/Desktop/Zoomcamp-project/venv/lib/python3.11/site-packages/airflow/example_dags/example_branch_operator_decorator.py took 0.031 seconds
[2025-04-05T11:32:16.180+0100] {processor.py:161} INFO - Started process (PID=18239) to work on /Users/judeezeh/Desktop/Zoomcamp-project/venv/lib/python3.11/site-packages/airflow/example_dags/example_branch_operator_decorator.py
[2025-04-05T11:32:16.180+0100] {processor.py:830} INFO - Processing file /Users/judeezeh/Desktop/Zoomcamp-project/venv/lib/python3.11/site-packages/airflow/example_dags/example_branch_operator_decorator.py for tasks to queue
[2025-04-05T11:32:16.181+0100] {logging_mixin.py:188} INFO - [2025-04-05T11:32:16.181+0100] {dagbag.py:540} INFO - Filling up the DagBag from /Users/judeezeh/Desktop/Zoomcamp-project/venv/lib/python3.11/site-packages/airflow/example_dags/example_branch_operator_decorator.py
[2025-04-05T11:32:16.187+0100] {processor.py:842} WARNING - No viable dags retrieved from /Users/judeezeh/Desktop/Zoomcamp-project/venv/lib/python3.11/site-packages/airflow/example_dags/example_branch_operator_decorator.py
[2025-04-05T11:32:16.210+0100] {processor.py:183} INFO - Processing /Users/judeezeh/Desktop/Zoomcamp-project/venv/lib/python3.11/site-packages/airflow/example_dags/example_branch_operator_decorator.py took 0.031 seconds
[2025-04-05T11:34:03.489+0100] {processor.py:161} INFO - Started process (PID=18391) to work on /Users/judeezeh/Desktop/Zoomcamp-project/venv/lib/python3.11/site-packages/airflow/example_dags/example_branch_operator_decorator.py
[2025-04-05T11:34:03.490+0100] {processor.py:830} INFO - Processing file /Users/judeezeh/Desktop/Zoomcamp-project/venv/lib/python3.11/site-packages/airflow/example_dags/example_branch_operator_decorator.py for tasks to queue
[2025-04-05T11:34:03.490+0100] {logging_mixin.py:188} INFO - [2025-04-05T11:34:03.490+0100] {dagbag.py:540} INFO - Filling up the DagBag from /Users/judeezeh/Desktop/Zoomcamp-project/venv/lib/python3.11/site-packages/airflow/example_dags/example_branch_operator_decorator.py
[2025-04-05T11:34:03.497+0100] {processor.py:842} WARNING - No viable dags retrieved from /Users/judeezeh/Desktop/Zoomcamp-project/venv/lib/python3.11/site-packages/airflow/example_dags/example_branch_operator_decorator.py
[2025-04-05T11:34:03.521+0100] {processor.py:183} INFO - Processing /Users/judeezeh/Desktop/Zoomcamp-project/venv/lib/python3.11/site-packages/airflow/example_dags/example_branch_operator_decorator.py took 0.033 seconds
[2025-04-05T11:35:36.870+0100] {processor.py:161} INFO - Started process (PID=18523) to work on /Users/judeezeh/Desktop/Zoomcamp-project/venv/lib/python3.11/site-packages/airflow/example_dags/example_branch_operator_decorator.py
[2025-04-05T11:35:36.871+0100] {processor.py:830} INFO - Processing file /Users/judeezeh/Desktop/Zoomcamp-project/venv/lib/python3.11/site-packages/airflow/example_dags/example_branch_operator_decorator.py for tasks to queue
[2025-04-05T11:35:36.872+0100] {logging_mixin.py:188} INFO - [2025-04-05T11:35:36.871+0100] {dagbag.py:540} INFO - Filling up the DagBag from /Users/judeezeh/Desktop/Zoomcamp-project/venv/lib/python3.11/site-packages/airflow/example_dags/example_branch_operator_decorator.py
[2025-04-05T11:35:36.878+0100] {processor.py:842} WARNING - No viable dags retrieved from /Users/judeezeh/Desktop/Zoomcamp-project/venv/lib/python3.11/site-packages/airflow/example_dags/example_branch_operator_decorator.py
[2025-04-05T11:35:36.901+0100] {processor.py:183} INFO - Processing /Users/judeezeh/Desktop/Zoomcamp-project/venv/lib/python3.11/site-packages/airflow/example_dags/example_branch_operator_decorator.py took 0.032 seconds
[2025-04-05T11:37:25.056+0100] {processor.py:161} INFO - Started process (PID=18689) to work on /Users/judeezeh/Desktop/Zoomcamp-project/venv/lib/python3.11/site-packages/airflow/example_dags/example_branch_operator_decorator.py
[2025-04-05T11:37:25.057+0100] {processor.py:830} INFO - Processing file /Users/judeezeh/Desktop/Zoomcamp-project/venv/lib/python3.11/site-packages/airflow/example_dags/example_branch_operator_decorator.py for tasks to queue
[2025-04-05T11:37:25.057+0100] {logging_mixin.py:188} INFO - [2025-04-05T11:37:25.057+0100] {dagbag.py:540} INFO - Filling up the DagBag from /Users/judeezeh/Desktop/Zoomcamp-project/venv/lib/python3.11/site-packages/airflow/example_dags/example_branch_operator_decorator.py
[2025-04-05T11:37:25.064+0100] {processor.py:842} WARNING - No viable dags retrieved from /Users/judeezeh/Desktop/Zoomcamp-project/venv/lib/python3.11/site-packages/airflow/example_dags/example_branch_operator_decorator.py
[2025-04-05T11:37:25.086+0100] {processor.py:183} INFO - Processing /Users/judeezeh/Desktop/Zoomcamp-project/venv/lib/python3.11/site-packages/airflow/example_dags/example_branch_operator_decorator.py took 0.032 seconds
[2025-04-05T11:39:24.302+0100] {processor.py:161} INFO - Started process (PID=18871) to work on /Users/judeezeh/Desktop/Zoomcamp-project/venv/lib/python3.11/site-packages/airflow/example_dags/example_branch_operator_decorator.py
[2025-04-05T11:39:24.303+0100] {processor.py:830} INFO - Processing file /Users/judeezeh/Desktop/Zoomcamp-project/venv/lib/python3.11/site-packages/airflow/example_dags/example_branch_operator_decorator.py for tasks to queue
[2025-04-05T11:39:24.303+0100] {logging_mixin.py:188} INFO - [2025-04-05T11:39:24.303+0100] {dagbag.py:540} INFO - Filling up the DagBag from /Users/judeezeh/Desktop/Zoomcamp-project/venv/lib/python3.11/site-packages/airflow/example_dags/example_branch_operator_decorator.py
[2025-04-05T11:39:24.310+0100] {processor.py:842} WARNING - No viable dags retrieved from /Users/judeezeh/Desktop/Zoomcamp-project/venv/lib/python3.11/site-packages/airflow/example_dags/example_branch_operator_decorator.py
[2025-04-05T11:39:24.333+0100] {processor.py:183} INFO - Processing /Users/judeezeh/Desktop/Zoomcamp-project/venv/lib/python3.11/site-packages/airflow/example_dags/example_branch_operator_decorator.py took 0.031 seconds
[2025-04-05T11:41:03.612+0100] {processor.py:161} INFO - Started process (PID=19063) to work on /Users/judeezeh/Desktop/Zoomcamp-project/venv/lib/python3.11/site-packages/airflow/example_dags/example_branch_operator_decorator.py
[2025-04-05T11:41:03.612+0100] {processor.py:830} INFO - Processing file /Users/judeezeh/Desktop/Zoomcamp-project/venv/lib/python3.11/site-packages/airflow/example_dags/example_branch_operator_decorator.py for tasks to queue
[2025-04-05T11:41:03.613+0100] {logging_mixin.py:188} INFO - [2025-04-05T11:41:03.613+0100] {dagbag.py:540} INFO - Filling up the DagBag from /Users/judeezeh/Desktop/Zoomcamp-project/venv/lib/python3.11/site-packages/airflow/example_dags/example_branch_operator_decorator.py
[2025-04-05T11:41:03.620+0100] {processor.py:842} WARNING - No viable dags retrieved from /Users/judeezeh/Desktop/Zoomcamp-project/venv/lib/python3.11/site-packages/airflow/example_dags/example_branch_operator_decorator.py
[2025-04-05T11:41:03.645+0100] {processor.py:183} INFO - Processing /Users/judeezeh/Desktop/Zoomcamp-project/venv/lib/python3.11/site-packages/airflow/example_dags/example_branch_operator_decorator.py took 0.034 seconds
[2025-04-05T11:42:34.754+0100] {processor.py:161} INFO - Started process (PID=19198) to work on /Users/judeezeh/Desktop/Zoomcamp-project/venv/lib/python3.11/site-packages/airflow/example_dags/example_branch_operator_decorator.py
[2025-04-05T11:42:34.755+0100] {processor.py:830} INFO - Processing file /Users/judeezeh/Desktop/Zoomcamp-project/venv/lib/python3.11/site-packages/airflow/example_dags/example_branch_operator_decorator.py for tasks to queue
[2025-04-05T11:42:34.755+0100] {logging_mixin.py:188} INFO - [2025-04-05T11:42:34.755+0100] {dagbag.py:540} INFO - Filling up the DagBag from /Users/judeezeh/Desktop/Zoomcamp-project/venv/lib/python3.11/site-packages/airflow/example_dags/example_branch_operator_decorator.py
[2025-04-05T11:42:34.761+0100] {processor.py:842} WARNING - No viable dags retrieved from /Users/judeezeh/Desktop/Zoomcamp-project/venv/lib/python3.11/site-packages/airflow/example_dags/example_branch_operator_decorator.py
[2025-04-05T11:42:34.784+0100] {processor.py:183} INFO - Processing /Users/judeezeh/Desktop/Zoomcamp-project/venv/lib/python3.11/site-packages/airflow/example_dags/example_branch_operator_decorator.py took 0.031 seconds
