[2025-04-05T11:15:30.260+0100] {processor.py:161} INFO - Started process (PID=16732) to work on /Users/judeezeh/Desktop/Zoomcamp-project/venv/lib/python3.11/site-packages/airflow/example_dags/example_sensor_decorator.py
[2025-04-05T11:15:30.261+0100] {processor.py:830} INFO - Processing file /Users/judeezeh/Desktop/Zoomcamp-project/venv/lib/python3.11/site-packages/airflow/example_dags/example_sensor_decorator.py for tasks to queue
[2025-04-05T11:15:30.261+0100] {logging_mixin.py:188} INFO - [2025-04-05T11:15:30.261+0100] {dagbag.py:540} INFO - Filling up the DagBag from /Users/judeezeh/Desktop/Zoomcamp-project/venv/lib/python3.11/site-packages/airflow/example_dags/example_sensor_decorator.py
[2025-04-05T11:15:30.272+0100] {processor.py:840} INFO - DAG(s) 'example_sensor_decorator' retrieved from /Users/judeezeh/Desktop/Zoomcamp-project/venv/lib/python3.11/site-packages/airflow/example_dags/example_sensor_decorator.py
[2025-04-05T11:15:30.350+0100] {logging_mixin.py:188} INFO - [2025-04-05T11:15:30.350+0100] {override.py:1930} INFO - Created Permission View: can delete on DAG:example_sensor_decorator
[2025-04-05T11:15:30.352+0100] {logging_mixin.py:188} INFO - [2025-04-05T11:15:30.352+0100] {override.py:1930} INFO - Created Permission View: can edit on DAG:example_sensor_decorator
[2025-04-05T11:15:30.354+0100] {logging_mixin.py:188} INFO - [2025-04-05T11:15:30.354+0100] {override.py:1930} INFO - Created Permission View: can read on DAG:example_sensor_decorator
[2025-04-05T11:15:30.354+0100] {logging_mixin.py:188} INFO - [2025-04-05T11:15:30.354+0100] {dag.py:3096} INFO - Sync 1 DAGs
[2025-04-05T11:15:30.357+0100] {logging_mixin.py:188} INFO - [2025-04-05T11:15:30.357+0100] {dag.py:3118} INFO - Creating ORM DAG for example_sensor_decorator
[2025-04-05T11:15:30.357+0100] {logging_mixin.py:188} INFO - [2025-04-05T11:15:30.357+0100] {dag.py:3954} INFO - Setting next_dagrun for example_sensor_decorator to None, run_after=None
[2025-04-05T11:15:30.362+0100] {processor.py:183} INFO - Processing /Users/judeezeh/Desktop/Zoomcamp-project/venv/lib/python3.11/site-packages/airflow/example_dags/example_sensor_decorator.py took 0.103 seconds
[2025-04-05T11:16:51.545+0100] {processor.py:161} INFO - Started process (PID=16863) to work on /Users/judeezeh/Desktop/Zoomcamp-project/venv/lib/python3.11/site-packages/airflow/example_dags/example_sensor_decorator.py
[2025-04-05T11:16:51.546+0100] {processor.py:830} INFO - Processing file /Users/judeezeh/Desktop/Zoomcamp-project/venv/lib/python3.11/site-packages/airflow/example_dags/example_sensor_decorator.py for tasks to queue
[2025-04-05T11:16:51.546+0100] {logging_mixin.py:188} INFO - [2025-04-05T11:16:51.546+0100] {dagbag.py:540} INFO - Filling up the DagBag from /Users/judeezeh/Desktop/Zoomcamp-project/venv/lib/python3.11/site-packages/airflow/example_dags/example_sensor_decorator.py
[2025-04-05T11:16:51.557+0100] {processor.py:840} INFO - DAG(s) 'example_sensor_decorator' retrieved from /Users/judeezeh/Desktop/Zoomcamp-project/venv/lib/python3.11/site-packages/airflow/example_dags/example_sensor_decorator.py
[2025-04-05T11:16:51.587+0100] {logging_mixin.py:188} INFO - [2025-04-05T11:16:51.587+0100] {dag.py:3096} INFO - Sync 1 DAGs
[2025-04-05T11:16:51.590+0100] {logging_mixin.py:188} INFO - [2025-04-05T11:16:51.590+0100] {dag.py:3954} INFO - Setting next_dagrun for example_sensor_decorator to None, run_after=None
[2025-04-05T11:16:51.596+0100] {processor.py:183} INFO - Processing /Users/judeezeh/Desktop/Zoomcamp-project/venv/lib/python3.11/site-packages/airflow/example_dags/example_sensor_decorator.py took 0.052 seconds
[2025-04-05T11:18:20.502+0100] {processor.py:161} INFO - Started process (PID=16993) to work on /Users/judeezeh/Desktop/Zoomcamp-project/venv/lib/python3.11/site-packages/airflow/example_dags/example_sensor_decorator.py
[2025-04-05T11:18:20.503+0100] {processor.py:830} INFO - Processing file /Users/judeezeh/Desktop/Zoomcamp-project/venv/lib/python3.11/site-packages/airflow/example_dags/example_sensor_decorator.py for tasks to queue
[2025-04-05T11:18:20.503+0100] {logging_mixin.py:188} INFO - [2025-04-05T11:18:20.503+0100] {dagbag.py:540} INFO - Filling up the DagBag from /Users/judeezeh/Desktop/Zoomcamp-project/venv/lib/python3.11/site-packages/airflow/example_dags/example_sensor_decorator.py
[2025-04-05T11:18:20.515+0100] {processor.py:840} INFO - DAG(s) 'example_sensor_decorator' retrieved from /Users/judeezeh/Desktop/Zoomcamp-project/venv/lib/python3.11/site-packages/airflow/example_dags/example_sensor_decorator.py
[2025-04-05T11:18:20.545+0100] {logging_mixin.py:188} INFO - [2025-04-05T11:18:20.544+0100] {dag.py:3096} INFO - Sync 1 DAGs
[2025-04-05T11:18:20.547+0100] {logging_mixin.py:188} INFO - [2025-04-05T11:18:20.547+0100] {dag.py:3954} INFO - Setting next_dagrun for example_sensor_decorator to None, run_after=None
[2025-04-05T11:18:20.553+0100] {processor.py:183} INFO - Processing /Users/judeezeh/Desktop/Zoomcamp-project/venv/lib/python3.11/site-packages/airflow/example_dags/example_sensor_decorator.py took 0.052 seconds
[2025-04-05T11:19:34.191+0100] {processor.py:161} INFO - Started process (PID=17140) to work on /Users/judeezeh/Desktop/Zoomcamp-project/venv/lib/python3.11/site-packages/airflow/example_dags/example_sensor_decorator.py
[2025-04-05T11:19:34.192+0100] {processor.py:830} INFO - Processing file /Users/judeezeh/Desktop/Zoomcamp-project/venv/lib/python3.11/site-packages/airflow/example_dags/example_sensor_decorator.py for tasks to queue
[2025-04-05T11:19:34.192+0100] {logging_mixin.py:188} INFO - [2025-04-05T11:19:34.192+0100] {dagbag.py:540} INFO - Filling up the DagBag from /Users/judeezeh/Desktop/Zoomcamp-project/venv/lib/python3.11/site-packages/airflow/example_dags/example_sensor_decorator.py
[2025-04-05T11:19:34.204+0100] {processor.py:840} INFO - DAG(s) 'example_sensor_decorator' retrieved from /Users/judeezeh/Desktop/Zoomcamp-project/venv/lib/python3.11/site-packages/airflow/example_dags/example_sensor_decorator.py
[2025-04-05T11:19:34.235+0100] {logging_mixin.py:188} INFO - [2025-04-05T11:19:34.235+0100] {dag.py:3096} INFO - Sync 1 DAGs
[2025-04-05T11:19:34.238+0100] {logging_mixin.py:188} INFO - [2025-04-05T11:19:34.238+0100] {dag.py:3954} INFO - Setting next_dagrun for example_sensor_decorator to None, run_after=None
[2025-04-05T11:19:34.244+0100] {processor.py:183} INFO - Processing /Users/judeezeh/Desktop/Zoomcamp-project/venv/lib/python3.11/site-packages/airflow/example_dags/example_sensor_decorator.py took 0.054 seconds
[2025-04-05T11:20:59.623+0100] {processor.py:161} INFO - Started process (PID=17265) to work on /Users/judeezeh/Desktop/Zoomcamp-project/venv/lib/python3.11/site-packages/airflow/example_dags/example_sensor_decorator.py
[2025-04-05T11:20:59.624+0100] {processor.py:830} INFO - Processing file /Users/judeezeh/Desktop/Zoomcamp-project/venv/lib/python3.11/site-packages/airflow/example_dags/example_sensor_decorator.py for tasks to queue
[2025-04-05T11:20:59.624+0100] {logging_mixin.py:188} INFO - [2025-04-05T11:20:59.624+0100] {dagbag.py:540} INFO - Filling up the DagBag from /Users/judeezeh/Desktop/Zoomcamp-project/venv/lib/python3.11/site-packages/airflow/example_dags/example_sensor_decorator.py
[2025-04-05T11:20:59.636+0100] {processor.py:840} INFO - DAG(s) 'example_sensor_decorator' retrieved from /Users/judeezeh/Desktop/Zoomcamp-project/venv/lib/python3.11/site-packages/airflow/example_dags/example_sensor_decorator.py
[2025-04-05T11:20:59.667+0100] {logging_mixin.py:188} INFO - [2025-04-05T11:20:59.667+0100] {dag.py:3096} INFO - Sync 1 DAGs
[2025-04-05T11:20:59.670+0100] {logging_mixin.py:188} INFO - [2025-04-05T11:20:59.670+0100] {dag.py:3954} INFO - Setting next_dagrun for example_sensor_decorator to None, run_after=None
[2025-04-05T11:20:59.676+0100] {processor.py:183} INFO - Processing /Users/judeezeh/Desktop/Zoomcamp-project/venv/lib/python3.11/site-packages/airflow/example_dags/example_sensor_decorator.py took 0.054 seconds
[2025-04-05T11:22:50.109+0100] {processor.py:161} INFO - Started process (PID=17422) to work on /Users/judeezeh/Desktop/Zoomcamp-project/venv/lib/python3.11/site-packages/airflow/example_dags/example_sensor_decorator.py
[2025-04-05T11:22:50.110+0100] {processor.py:830} INFO - Processing file /Users/judeezeh/Desktop/Zoomcamp-project/venv/lib/python3.11/site-packages/airflow/example_dags/example_sensor_decorator.py for tasks to queue
[2025-04-05T11:22:50.111+0100] {logging_mixin.py:188} INFO - [2025-04-05T11:22:50.111+0100] {dagbag.py:540} INFO - Filling up the DagBag from /Users/judeezeh/Desktop/Zoomcamp-project/venv/lib/python3.11/site-packages/airflow/example_dags/example_sensor_decorator.py
[2025-04-05T11:22:50.122+0100] {processor.py:840} INFO - DAG(s) 'example_sensor_decorator' retrieved from /Users/judeezeh/Desktop/Zoomcamp-project/venv/lib/python3.11/site-packages/airflow/example_dags/example_sensor_decorator.py
[2025-04-05T11:22:50.152+0100] {logging_mixin.py:188} INFO - [2025-04-05T11:22:50.152+0100] {dag.py:3096} INFO - Sync 1 DAGs
[2025-04-05T11:22:50.155+0100] {logging_mixin.py:188} INFO - [2025-04-05T11:22:50.155+0100] {dag.py:3954} INFO - Setting next_dagrun for example_sensor_decorator to None, run_after=None
[2025-04-05T11:22:50.161+0100] {processor.py:183} INFO - Processing /Users/judeezeh/Desktop/Zoomcamp-project/venv/lib/python3.11/site-packages/airflow/example_dags/example_sensor_decorator.py took 0.053 seconds
[2025-04-05T11:24:26.330+0100] {processor.py:161} INFO - Started process (PID=17558) to work on /Users/judeezeh/Desktop/Zoomcamp-project/venv/lib/python3.11/site-packages/airflow/example_dags/example_sensor_decorator.py
[2025-04-05T11:24:26.332+0100] {processor.py:830} INFO - Processing file /Users/judeezeh/Desktop/Zoomcamp-project/venv/lib/python3.11/site-packages/airflow/example_dags/example_sensor_decorator.py for tasks to queue
[2025-04-05T11:24:26.332+0100] {logging_mixin.py:188} INFO - [2025-04-05T11:24:26.332+0100] {dagbag.py:540} INFO - Filling up the DagBag from /Users/judeezeh/Desktop/Zoomcamp-project/venv/lib/python3.11/site-packages/airflow/example_dags/example_sensor_decorator.py
[2025-04-05T11:24:26.343+0100] {processor.py:840} INFO - DAG(s) 'example_sensor_decorator' retrieved from /Users/judeezeh/Desktop/Zoomcamp-project/venv/lib/python3.11/site-packages/airflow/example_dags/example_sensor_decorator.py
[2025-04-05T11:24:26.374+0100] {logging_mixin.py:188} INFO - [2025-04-05T11:24:26.374+0100] {dag.py:3096} INFO - Sync 1 DAGs
[2025-04-05T11:24:26.377+0100] {logging_mixin.py:188} INFO - [2025-04-05T11:24:26.376+0100] {dag.py:3954} INFO - Setting next_dagrun for example_sensor_decorator to None, run_after=None
[2025-04-05T11:24:26.383+0100] {processor.py:183} INFO - Processing /Users/judeezeh/Desktop/Zoomcamp-project/venv/lib/python3.11/site-packages/airflow/example_dags/example_sensor_decorator.py took 0.054 seconds
[2025-04-05T11:26:04.593+0100] {processor.py:161} INFO - Started process (PID=17695) to work on /Users/judeezeh/Desktop/Zoomcamp-project/venv/lib/python3.11/site-packages/airflow/example_dags/example_sensor_decorator.py
[2025-04-05T11:26:04.594+0100] {processor.py:830} INFO - Processing file /Users/judeezeh/Desktop/Zoomcamp-project/venv/lib/python3.11/site-packages/airflow/example_dags/example_sensor_decorator.py for tasks to queue
[2025-04-05T11:26:04.595+0100] {logging_mixin.py:188} INFO - [2025-04-05T11:26:04.595+0100] {dagbag.py:540} INFO - Filling up the DagBag from /Users/judeezeh/Desktop/Zoomcamp-project/venv/lib/python3.11/site-packages/airflow/example_dags/example_sensor_decorator.py
[2025-04-05T11:26:04.606+0100] {processor.py:840} INFO - DAG(s) 'example_sensor_decorator' retrieved from /Users/judeezeh/Desktop/Zoomcamp-project/venv/lib/python3.11/site-packages/airflow/example_dags/example_sensor_decorator.py
[2025-04-05T11:26:04.637+0100] {logging_mixin.py:188} INFO - [2025-04-05T11:26:04.637+0100] {dag.py:3096} INFO - Sync 1 DAGs
[2025-04-05T11:26:04.640+0100] {logging_mixin.py:188} INFO - [2025-04-05T11:26:04.640+0100] {dag.py:3954} INFO - Setting next_dagrun for example_sensor_decorator to None, run_after=None
[2025-04-05T11:26:04.646+0100] {processor.py:183} INFO - Processing /Users/judeezeh/Desktop/Zoomcamp-project/venv/lib/python3.11/site-packages/airflow/example_dags/example_sensor_decorator.py took 0.054 seconds
[2025-04-05T11:27:49.706+0100] {processor.py:161} INFO - Started process (PID=17850) to work on /Users/judeezeh/Desktop/Zoomcamp-project/venv/lib/python3.11/site-packages/airflow/example_dags/example_sensor_decorator.py
[2025-04-05T11:27:49.706+0100] {processor.py:830} INFO - Processing file /Users/judeezeh/Desktop/Zoomcamp-project/venv/lib/python3.11/site-packages/airflow/example_dags/example_sensor_decorator.py for tasks to queue
[2025-04-05T11:27:49.707+0100] {logging_mixin.py:188} INFO - [2025-04-05T11:27:49.707+0100] {dagbag.py:540} INFO - Filling up the DagBag from /Users/judeezeh/Desktop/Zoomcamp-project/venv/lib/python3.11/site-packages/airflow/example_dags/example_sensor_decorator.py
[2025-04-05T11:27:49.718+0100] {processor.py:840} INFO - DAG(s) 'example_sensor_decorator' retrieved from /Users/judeezeh/Desktop/Zoomcamp-project/venv/lib/python3.11/site-packages/airflow/example_dags/example_sensor_decorator.py
[2025-04-05T11:27:49.748+0100] {logging_mixin.py:188} INFO - [2025-04-05T11:27:49.748+0100] {dag.py:3096} INFO - Sync 1 DAGs
[2025-04-05T11:27:49.751+0100] {logging_mixin.py:188} INFO - [2025-04-05T11:27:49.751+0100] {dag.py:3954} INFO - Setting next_dagrun for example_sensor_decorator to None, run_after=None
[2025-04-05T11:27:49.757+0100] {processor.py:183} INFO - Processing /Users/judeezeh/Desktop/Zoomcamp-project/venv/lib/python3.11/site-packages/airflow/example_dags/example_sensor_decorator.py took 0.052 seconds
[2025-04-05T11:29:41.132+0100] {processor.py:161} INFO - Started process (PID=18005) to work on /Users/judeezeh/Desktop/Zoomcamp-project/venv/lib/python3.11/site-packages/airflow/example_dags/example_sensor_decorator.py
[2025-04-05T11:29:41.133+0100] {processor.py:830} INFO - Processing file /Users/judeezeh/Desktop/Zoomcamp-project/venv/lib/python3.11/site-packages/airflow/example_dags/example_sensor_decorator.py for tasks to queue
[2025-04-05T11:29:41.133+0100] {logging_mixin.py:188} INFO - [2025-04-05T11:29:41.133+0100] {dagbag.py:540} INFO - Filling up the DagBag from /Users/judeezeh/Desktop/Zoomcamp-project/venv/lib/python3.11/site-packages/airflow/example_dags/example_sensor_decorator.py
[2025-04-05T11:29:41.146+0100] {processor.py:840} INFO - DAG(s) 'example_sensor_decorator' retrieved from /Users/judeezeh/Desktop/Zoomcamp-project/venv/lib/python3.11/site-packages/airflow/example_dags/example_sensor_decorator.py
[2025-04-05T11:29:41.178+0100] {logging_mixin.py:188} INFO - [2025-04-05T11:29:41.178+0100] {dag.py:3096} INFO - Sync 1 DAGs
[2025-04-05T11:29:41.181+0100] {logging_mixin.py:188} INFO - [2025-04-05T11:29:41.181+0100] {dag.py:3954} INFO - Setting next_dagrun for example_sensor_decorator to None, run_after=None
[2025-04-05T11:29:41.187+0100] {processor.py:183} INFO - Processing /Users/judeezeh/Desktop/Zoomcamp-project/venv/lib/python3.11/site-packages/airflow/example_dags/example_sensor_decorator.py took 0.056 seconds
[2025-04-05T11:31:23.415+0100] {processor.py:161} INFO - Started process (PID=18157) to work on /Users/judeezeh/Desktop/Zoomcamp-project/venv/lib/python3.11/site-packages/airflow/example_dags/example_sensor_decorator.py
[2025-04-05T11:31:23.415+0100] {processor.py:830} INFO - Processing file /Users/judeezeh/Desktop/Zoomcamp-project/venv/lib/python3.11/site-packages/airflow/example_dags/example_sensor_decorator.py for tasks to queue
[2025-04-05T11:31:23.415+0100] {logging_mixin.py:188} INFO - [2025-04-05T11:31:23.415+0100] {dagbag.py:540} INFO - Filling up the DagBag from /Users/judeezeh/Desktop/Zoomcamp-project/venv/lib/python3.11/site-packages/airflow/example_dags/example_sensor_decorator.py
[2025-04-05T11:31:23.427+0100] {processor.py:840} INFO - DAG(s) 'example_sensor_decorator' retrieved from /Users/judeezeh/Desktop/Zoomcamp-project/venv/lib/python3.11/site-packages/airflow/example_dags/example_sensor_decorator.py
[2025-04-05T11:31:23.458+0100] {logging_mixin.py:188} INFO - [2025-04-05T11:31:23.458+0100] {dag.py:3096} INFO - Sync 1 DAGs
[2025-04-05T11:31:23.461+0100] {logging_mixin.py:188} INFO - [2025-04-05T11:31:23.461+0100] {dag.py:3954} INFO - Setting next_dagrun for example_sensor_decorator to None, run_after=None
[2025-04-05T11:31:23.467+0100] {processor.py:183} INFO - Processing /Users/judeezeh/Desktop/Zoomcamp-project/venv/lib/python3.11/site-packages/airflow/example_dags/example_sensor_decorator.py took 0.053 seconds
[2025-04-05T11:33:04.388+0100] {processor.py:161} INFO - Started process (PID=18308) to work on /Users/judeezeh/Desktop/Zoomcamp-project/venv/lib/python3.11/site-packages/airflow/example_dags/example_sensor_decorator.py
[2025-04-05T11:33:04.389+0100] {processor.py:830} INFO - Processing file /Users/judeezeh/Desktop/Zoomcamp-project/venv/lib/python3.11/site-packages/airflow/example_dags/example_sensor_decorator.py for tasks to queue
[2025-04-05T11:33:04.389+0100] {logging_mixin.py:188} INFO - [2025-04-05T11:33:04.389+0100] {dagbag.py:540} INFO - Filling up the DagBag from /Users/judeezeh/Desktop/Zoomcamp-project/venv/lib/python3.11/site-packages/airflow/example_dags/example_sensor_decorator.py
[2025-04-05T11:33:04.400+0100] {processor.py:840} INFO - DAG(s) 'example_sensor_decorator' retrieved from /Users/judeezeh/Desktop/Zoomcamp-project/venv/lib/python3.11/site-packages/airflow/example_dags/example_sensor_decorator.py
[2025-04-05T11:33:04.431+0100] {logging_mixin.py:188} INFO - [2025-04-05T11:33:04.431+0100] {dag.py:3096} INFO - Sync 1 DAGs
[2025-04-05T11:33:04.434+0100] {logging_mixin.py:188} INFO - [2025-04-05T11:33:04.434+0100] {dag.py:3954} INFO - Setting next_dagrun for example_sensor_decorator to None, run_after=None
[2025-04-05T11:33:04.440+0100] {processor.py:183} INFO - Processing /Users/judeezeh/Desktop/Zoomcamp-project/venv/lib/python3.11/site-packages/airflow/example_dags/example_sensor_decorator.py took 0.053 seconds
[2025-04-05T11:34:50.417+0100] {processor.py:161} INFO - Started process (PID=18457) to work on /Users/judeezeh/Desktop/Zoomcamp-project/venv/lib/python3.11/site-packages/airflow/example_dags/example_sensor_decorator.py
[2025-04-05T11:34:50.418+0100] {processor.py:830} INFO - Processing file /Users/judeezeh/Desktop/Zoomcamp-project/venv/lib/python3.11/site-packages/airflow/example_dags/example_sensor_decorator.py for tasks to queue
[2025-04-05T11:34:50.418+0100] {logging_mixin.py:188} INFO - [2025-04-05T11:34:50.418+0100] {dagbag.py:540} INFO - Filling up the DagBag from /Users/judeezeh/Desktop/Zoomcamp-project/venv/lib/python3.11/site-packages/airflow/example_dags/example_sensor_decorator.py
[2025-04-05T11:34:50.429+0100] {processor.py:840} INFO - DAG(s) 'example_sensor_decorator' retrieved from /Users/judeezeh/Desktop/Zoomcamp-project/venv/lib/python3.11/site-packages/airflow/example_dags/example_sensor_decorator.py
[2025-04-05T11:34:50.459+0100] {logging_mixin.py:188} INFO - [2025-04-05T11:34:50.459+0100] {dag.py:3096} INFO - Sync 1 DAGs
[2025-04-05T11:34:50.461+0100] {logging_mixin.py:188} INFO - [2025-04-05T11:34:50.461+0100] {dag.py:3954} INFO - Setting next_dagrun for example_sensor_decorator to None, run_after=None
[2025-04-05T11:34:50.468+0100] {processor.py:183} INFO - Processing /Users/judeezeh/Desktop/Zoomcamp-project/venv/lib/python3.11/site-packages/airflow/example_dags/example_sensor_decorator.py took 0.052 seconds
[2025-04-05T11:36:29.322+0100] {processor.py:161} INFO - Started process (PID=18594) to work on /Users/judeezeh/Desktop/Zoomcamp-project/venv/lib/python3.11/site-packages/airflow/example_dags/example_sensor_decorator.py
[2025-04-05T11:36:29.323+0100] {processor.py:830} INFO - Processing file /Users/judeezeh/Desktop/Zoomcamp-project/venv/lib/python3.11/site-packages/airflow/example_dags/example_sensor_decorator.py for tasks to queue
[2025-04-05T11:36:29.323+0100] {logging_mixin.py:188} INFO - [2025-04-05T11:36:29.323+0100] {dagbag.py:540} INFO - Filling up the DagBag from /Users/judeezeh/Desktop/Zoomcamp-project/venv/lib/python3.11/site-packages/airflow/example_dags/example_sensor_decorator.py
[2025-04-05T11:36:29.334+0100] {processor.py:840} INFO - DAG(s) 'example_sensor_decorator' retrieved from /Users/judeezeh/Desktop/Zoomcamp-project/venv/lib/python3.11/site-packages/airflow/example_dags/example_sensor_decorator.py
[2025-04-05T11:36:29.364+0100] {logging_mixin.py:188} INFO - [2025-04-05T11:36:29.364+0100] {dag.py:3096} INFO - Sync 1 DAGs
[2025-04-05T11:36:29.367+0100] {logging_mixin.py:188} INFO - [2025-04-05T11:36:29.367+0100] {dag.py:3954} INFO - Setting next_dagrun for example_sensor_decorator to None, run_after=None
[2025-04-05T11:36:29.373+0100] {processor.py:183} INFO - Processing /Users/judeezeh/Desktop/Zoomcamp-project/venv/lib/python3.11/site-packages/airflow/example_dags/example_sensor_decorator.py took 0.052 seconds
[2025-04-05T11:38:54.384+0100] {processor.py:161} INFO - Started process (PID=18827) to work on /Users/judeezeh/Desktop/Zoomcamp-project/venv/lib/python3.11/site-packages/airflow/example_dags/example_sensor_decorator.py
[2025-04-05T11:38:54.386+0100] {processor.py:830} INFO - Processing file /Users/judeezeh/Desktop/Zoomcamp-project/venv/lib/python3.11/site-packages/airflow/example_dags/example_sensor_decorator.py for tasks to queue
[2025-04-05T11:38:54.386+0100] {logging_mixin.py:188} INFO - [2025-04-05T11:38:54.386+0100] {dagbag.py:540} INFO - Filling up the DagBag from /Users/judeezeh/Desktop/Zoomcamp-project/venv/lib/python3.11/site-packages/airflow/example_dags/example_sensor_decorator.py
[2025-04-05T11:38:54.397+0100] {processor.py:840} INFO - DAG(s) 'example_sensor_decorator' retrieved from /Users/judeezeh/Desktop/Zoomcamp-project/venv/lib/python3.11/site-packages/airflow/example_dags/example_sensor_decorator.py
[2025-04-05T11:38:54.427+0100] {logging_mixin.py:188} INFO - [2025-04-05T11:38:54.427+0100] {dag.py:3096} INFO - Sync 1 DAGs
[2025-04-05T11:38:54.429+0100] {logging_mixin.py:188} INFO - [2025-04-05T11:38:54.429+0100] {dag.py:3954} INFO - Setting next_dagrun for example_sensor_decorator to None, run_after=None
[2025-04-05T11:38:54.436+0100] {processor.py:183} INFO - Processing /Users/judeezeh/Desktop/Zoomcamp-project/venv/lib/python3.11/site-packages/airflow/example_dags/example_sensor_decorator.py took 0.052 seconds
[2025-04-05T11:40:14.474+0100] {processor.py:161} INFO - Started process (PID=18959) to work on /Users/judeezeh/Desktop/Zoomcamp-project/venv/lib/python3.11/site-packages/airflow/example_dags/example_sensor_decorator.py
[2025-04-05T11:40:14.474+0100] {processor.py:830} INFO - Processing file /Users/judeezeh/Desktop/Zoomcamp-project/venv/lib/python3.11/site-packages/airflow/example_dags/example_sensor_decorator.py for tasks to queue
[2025-04-05T11:40:14.475+0100] {logging_mixin.py:188} INFO - [2025-04-05T11:40:14.475+0100] {dagbag.py:540} INFO - Filling up the DagBag from /Users/judeezeh/Desktop/Zoomcamp-project/venv/lib/python3.11/site-packages/airflow/example_dags/example_sensor_decorator.py
[2025-04-05T11:40:14.487+0100] {processor.py:840} INFO - DAG(s) 'example_sensor_decorator' retrieved from /Users/judeezeh/Desktop/Zoomcamp-project/venv/lib/python3.11/site-packages/airflow/example_dags/example_sensor_decorator.py
[2025-04-05T11:40:14.518+0100] {logging_mixin.py:188} INFO - [2025-04-05T11:40:14.518+0100] {dag.py:3096} INFO - Sync 1 DAGs
[2025-04-05T11:40:14.521+0100] {logging_mixin.py:188} INFO - [2025-04-05T11:40:14.521+0100] {dag.py:3954} INFO - Setting next_dagrun for example_sensor_decorator to None, run_after=None
[2025-04-05T11:40:14.527+0100] {processor.py:183} INFO - Processing /Users/judeezeh/Desktop/Zoomcamp-project/venv/lib/python3.11/site-packages/airflow/example_dags/example_sensor_decorator.py took 0.054 seconds
[2025-04-05T11:41:47.497+0100] {processor.py:161} INFO - Started process (PID=19130) to work on /Users/judeezeh/Desktop/Zoomcamp-project/venv/lib/python3.11/site-packages/airflow/example_dags/example_sensor_decorator.py
[2025-04-05T11:41:47.499+0100] {processor.py:830} INFO - Processing file /Users/judeezeh/Desktop/Zoomcamp-project/venv/lib/python3.11/site-packages/airflow/example_dags/example_sensor_decorator.py for tasks to queue
[2025-04-05T11:41:47.499+0100] {logging_mixin.py:188} INFO - [2025-04-05T11:41:47.499+0100] {dagbag.py:540} INFO - Filling up the DagBag from /Users/judeezeh/Desktop/Zoomcamp-project/venv/lib/python3.11/site-packages/airflow/example_dags/example_sensor_decorator.py
[2025-04-05T11:41:47.513+0100] {processor.py:840} INFO - DAG(s) 'example_sensor_decorator' retrieved from /Users/judeezeh/Desktop/Zoomcamp-project/venv/lib/python3.11/site-packages/airflow/example_dags/example_sensor_decorator.py
[2025-04-05T11:41:47.545+0100] {logging_mixin.py:188} INFO - [2025-04-05T11:41:47.545+0100] {dag.py:3096} INFO - Sync 1 DAGs
[2025-04-05T11:41:47.548+0100] {logging_mixin.py:188} INFO - [2025-04-05T11:41:47.548+0100] {dag.py:3954} INFO - Setting next_dagrun for example_sensor_decorator to None, run_after=None
[2025-04-05T11:41:47.554+0100] {processor.py:183} INFO - Processing /Users/judeezeh/Desktop/Zoomcamp-project/venv/lib/python3.11/site-packages/airflow/example_dags/example_sensor_decorator.py took 0.058 seconds
