[2025-04-05T11:15:25.079+0100] {processor.py:161} INFO - Started process (PID=16725) to work on /Users/judeezeh/Desktop/Zoomcamp-project/venv/lib/python3.11/site-packages/airflow/example_dags/example_setup_teardown_taskflow.py
[2025-04-05T11:15:25.079+0100] {processor.py:830} INFO - Processing file /Users/judeezeh/Desktop/Zoomcamp-project/venv/lib/python3.11/site-packages/airflow/example_dags/example_setup_teardown_taskflow.py for tasks to queue
[2025-04-05T11:15:25.079+0100] {logging_mixin.py:188} INFO - [2025-04-05T11:15:25.079+0100] {dagbag.py:540} INFO - Filling up the DagBag from /Users/judeezeh/Desktop/Zoomcamp-project/venv/lib/python3.11/site-packages/airflow/example_dags/example_setup_teardown_taskflow.py
[2025-04-05T11:15:25.091+0100] {processor.py:840} INFO - DAG(s) 'example_setup_teardown_taskflow' retrieved from /Users/judeezeh/Desktop/Zoomcamp-project/venv/lib/python3.11/site-packages/airflow/example_dags/example_setup_teardown_taskflow.py
[2025-04-05T11:15:25.167+0100] {logging_mixin.py:188} INFO - [2025-04-05T11:15:25.167+0100] {override.py:1930} INFO - Created Permission View: can edit on DAG:example_setup_teardown_taskflow
[2025-04-05T11:15:25.170+0100] {logging_mixin.py:188} INFO - [2025-04-05T11:15:25.170+0100] {override.py:1930} INFO - Created Permission View: can read on DAG:example_setup_teardown_taskflow
[2025-04-05T11:15:25.172+0100] {logging_mixin.py:188} INFO - [2025-04-05T11:15:25.171+0100] {override.py:1930} INFO - Created Permission View: can delete on DAG:example_setup_teardown_taskflow
[2025-04-05T11:15:25.172+0100] {logging_mixin.py:188} INFO - [2025-04-05T11:15:25.172+0100] {dag.py:3096} INFO - Sync 1 DAGs
[2025-04-05T11:15:25.174+0100] {logging_mixin.py:188} INFO - [2025-04-05T11:15:25.174+0100] {dag.py:3118} INFO - Creating ORM DAG for example_setup_teardown_taskflow
[2025-04-05T11:15:25.177+0100] {logging_mixin.py:188} INFO - [2025-04-05T11:15:25.177+0100] {dag.py:3954} INFO - Setting next_dagrun for example_setup_teardown_taskflow to 2025-04-04T00:00:00+00:00, run_after=2025-04-05T00:00:00+00:00
[2025-04-05T11:15:25.182+0100] {processor.py:183} INFO - Processing /Users/judeezeh/Desktop/Zoomcamp-project/venv/lib/python3.11/site-packages/airflow/example_dags/example_setup_teardown_taskflow.py took 0.104 seconds
[2025-04-05T11:16:47.065+0100] {processor.py:161} INFO - Started process (PID=16857) to work on /Users/judeezeh/Desktop/Zoomcamp-project/venv/lib/python3.11/site-packages/airflow/example_dags/example_setup_teardown_taskflow.py
[2025-04-05T11:16:47.065+0100] {processor.py:830} INFO - Processing file /Users/judeezeh/Desktop/Zoomcamp-project/venv/lib/python3.11/site-packages/airflow/example_dags/example_setup_teardown_taskflow.py for tasks to queue
[2025-04-05T11:16:47.066+0100] {logging_mixin.py:188} INFO - [2025-04-05T11:16:47.066+0100] {dagbag.py:540} INFO - Filling up the DagBag from /Users/judeezeh/Desktop/Zoomcamp-project/venv/lib/python3.11/site-packages/airflow/example_dags/example_setup_teardown_taskflow.py
[2025-04-05T11:16:47.078+0100] {processor.py:840} INFO - DAG(s) 'example_setup_teardown_taskflow' retrieved from /Users/judeezeh/Desktop/Zoomcamp-project/venv/lib/python3.11/site-packages/airflow/example_dags/example_setup_teardown_taskflow.py
[2025-04-05T11:16:47.107+0100] {logging_mixin.py:188} INFO - [2025-04-05T11:16:47.107+0100] {dag.py:3096} INFO - Sync 1 DAGs
[2025-04-05T11:16:47.111+0100] {logging_mixin.py:188} INFO - [2025-04-05T11:16:47.111+0100] {dag.py:3954} INFO - Setting next_dagrun for example_setup_teardown_taskflow to 2025-04-04T00:00:00+00:00, run_after=2025-04-05T00:00:00+00:00
[2025-04-05T11:16:47.118+0100] {processor.py:183} INFO - Processing /Users/judeezeh/Desktop/Zoomcamp-project/venv/lib/python3.11/site-packages/airflow/example_dags/example_setup_teardown_taskflow.py took 0.054 seconds
[2025-04-05T11:18:15.422+0100] {processor.py:161} INFO - Started process (PID=16987) to work on /Users/judeezeh/Desktop/Zoomcamp-project/venv/lib/python3.11/site-packages/airflow/example_dags/example_setup_teardown_taskflow.py
[2025-04-05T11:18:15.423+0100] {processor.py:830} INFO - Processing file /Users/judeezeh/Desktop/Zoomcamp-project/venv/lib/python3.11/site-packages/airflow/example_dags/example_setup_teardown_taskflow.py for tasks to queue
[2025-04-05T11:18:15.423+0100] {logging_mixin.py:188} INFO - [2025-04-05T11:18:15.423+0100] {dagbag.py:540} INFO - Filling up the DagBag from /Users/judeezeh/Desktop/Zoomcamp-project/venv/lib/python3.11/site-packages/airflow/example_dags/example_setup_teardown_taskflow.py
[2025-04-05T11:18:15.435+0100] {processor.py:840} INFO - DAG(s) 'example_setup_teardown_taskflow' retrieved from /Users/judeezeh/Desktop/Zoomcamp-project/venv/lib/python3.11/site-packages/airflow/example_dags/example_setup_teardown_taskflow.py
[2025-04-05T11:18:15.464+0100] {logging_mixin.py:188} INFO - [2025-04-05T11:18:15.464+0100] {dag.py:3096} INFO - Sync 1 DAGs
[2025-04-05T11:18:15.469+0100] {logging_mixin.py:188} INFO - [2025-04-05T11:18:15.469+0100] {dag.py:3954} INFO - Setting next_dagrun for example_setup_teardown_taskflow to 2025-04-04T00:00:00+00:00, run_after=2025-04-05T00:00:00+00:00
[2025-04-05T11:18:15.475+0100] {processor.py:183} INFO - Processing /Users/judeezeh/Desktop/Zoomcamp-project/venv/lib/python3.11/site-packages/airflow/example_dags/example_setup_teardown_taskflow.py took 0.054 seconds
[2025-04-05T11:19:29.052+0100] {processor.py:161} INFO - Started process (PID=17132) to work on /Users/judeezeh/Desktop/Zoomcamp-project/venv/lib/python3.11/site-packages/airflow/example_dags/example_setup_teardown_taskflow.py
[2025-04-05T11:19:29.053+0100] {processor.py:830} INFO - Processing file /Users/judeezeh/Desktop/Zoomcamp-project/venv/lib/python3.11/site-packages/airflow/example_dags/example_setup_teardown_taskflow.py for tasks to queue
[2025-04-05T11:19:29.053+0100] {logging_mixin.py:188} INFO - [2025-04-05T11:19:29.053+0100] {dagbag.py:540} INFO - Filling up the DagBag from /Users/judeezeh/Desktop/Zoomcamp-project/venv/lib/python3.11/site-packages/airflow/example_dags/example_setup_teardown_taskflow.py
[2025-04-05T11:19:29.066+0100] {processor.py:840} INFO - DAG(s) 'example_setup_teardown_taskflow' retrieved from /Users/judeezeh/Desktop/Zoomcamp-project/venv/lib/python3.11/site-packages/airflow/example_dags/example_setup_teardown_taskflow.py
[2025-04-05T11:19:29.096+0100] {logging_mixin.py:188} INFO - [2025-04-05T11:19:29.096+0100] {dag.py:3096} INFO - Sync 1 DAGs
[2025-04-05T11:19:29.102+0100] {logging_mixin.py:188} INFO - [2025-04-05T11:19:29.102+0100] {dag.py:3954} INFO - Setting next_dagrun for example_setup_teardown_taskflow to 2025-04-04T00:00:00+00:00, run_after=2025-04-05T00:00:00+00:00
[2025-04-05T11:19:29.108+0100] {processor.py:183} INFO - Processing /Users/judeezeh/Desktop/Zoomcamp-project/venv/lib/python3.11/site-packages/airflow/example_dags/example_setup_teardown_taskflow.py took 0.057 seconds
[2025-04-05T11:20:54.408+0100] {processor.py:161} INFO - Started process (PID=17258) to work on /Users/judeezeh/Desktop/Zoomcamp-project/venv/lib/python3.11/site-packages/airflow/example_dags/example_setup_teardown_taskflow.py
[2025-04-05T11:20:54.408+0100] {processor.py:830} INFO - Processing file /Users/judeezeh/Desktop/Zoomcamp-project/venv/lib/python3.11/site-packages/airflow/example_dags/example_setup_teardown_taskflow.py for tasks to queue
[2025-04-05T11:20:54.409+0100] {logging_mixin.py:188} INFO - [2025-04-05T11:20:54.408+0100] {dagbag.py:540} INFO - Filling up the DagBag from /Users/judeezeh/Desktop/Zoomcamp-project/venv/lib/python3.11/site-packages/airflow/example_dags/example_setup_teardown_taskflow.py
[2025-04-05T11:20:54.421+0100] {processor.py:840} INFO - DAG(s) 'example_setup_teardown_taskflow' retrieved from /Users/judeezeh/Desktop/Zoomcamp-project/venv/lib/python3.11/site-packages/airflow/example_dags/example_setup_teardown_taskflow.py
[2025-04-05T11:20:54.451+0100] {logging_mixin.py:188} INFO - [2025-04-05T11:20:54.451+0100] {dag.py:3096} INFO - Sync 1 DAGs
[2025-04-05T11:20:54.456+0100] {logging_mixin.py:188} INFO - [2025-04-05T11:20:54.456+0100] {dag.py:3954} INFO - Setting next_dagrun for example_setup_teardown_taskflow to 2025-04-04T00:00:00+00:00, run_after=2025-04-05T00:00:00+00:00
[2025-04-05T11:20:54.463+0100] {processor.py:183} INFO - Processing /Users/judeezeh/Desktop/Zoomcamp-project/venv/lib/python3.11/site-packages/airflow/example_dags/example_setup_teardown_taskflow.py took 0.056 seconds
[2025-04-05T11:22:45.388+0100] {processor.py:161} INFO - Started process (PID=17416) to work on /Users/judeezeh/Desktop/Zoomcamp-project/venv/lib/python3.11/site-packages/airflow/example_dags/example_setup_teardown_taskflow.py
[2025-04-05T11:22:45.389+0100] {processor.py:830} INFO - Processing file /Users/judeezeh/Desktop/Zoomcamp-project/venv/lib/python3.11/site-packages/airflow/example_dags/example_setup_teardown_taskflow.py for tasks to queue
[2025-04-05T11:22:45.389+0100] {logging_mixin.py:188} INFO - [2025-04-05T11:22:45.389+0100] {dagbag.py:540} INFO - Filling up the DagBag from /Users/judeezeh/Desktop/Zoomcamp-project/venv/lib/python3.11/site-packages/airflow/example_dags/example_setup_teardown_taskflow.py
[2025-04-05T11:22:45.402+0100] {processor.py:840} INFO - DAG(s) 'example_setup_teardown_taskflow' retrieved from /Users/judeezeh/Desktop/Zoomcamp-project/venv/lib/python3.11/site-packages/airflow/example_dags/example_setup_teardown_taskflow.py
[2025-04-05T11:22:45.432+0100] {logging_mixin.py:188} INFO - [2025-04-05T11:22:45.432+0100] {dag.py:3096} INFO - Sync 1 DAGs
[2025-04-05T11:22:45.437+0100] {logging_mixin.py:188} INFO - [2025-04-05T11:22:45.437+0100] {dag.py:3954} INFO - Setting next_dagrun for example_setup_teardown_taskflow to 2025-04-04T00:00:00+00:00, run_after=2025-04-05T00:00:00+00:00
[2025-04-05T11:22:45.443+0100] {processor.py:183} INFO - Processing /Users/judeezeh/Desktop/Zoomcamp-project/venv/lib/python3.11/site-packages/airflow/example_dags/example_setup_teardown_taskflow.py took 0.056 seconds
[2025-04-05T11:24:21.293+0100] {processor.py:161} INFO - Started process (PID=17552) to work on /Users/judeezeh/Desktop/Zoomcamp-project/venv/lib/python3.11/site-packages/airflow/example_dags/example_setup_teardown_taskflow.py
[2025-04-05T11:24:21.294+0100] {processor.py:830} INFO - Processing file /Users/judeezeh/Desktop/Zoomcamp-project/venv/lib/python3.11/site-packages/airflow/example_dags/example_setup_teardown_taskflow.py for tasks to queue
[2025-04-05T11:24:21.294+0100] {logging_mixin.py:188} INFO - [2025-04-05T11:24:21.294+0100] {dagbag.py:540} INFO - Filling up the DagBag from /Users/judeezeh/Desktop/Zoomcamp-project/venv/lib/python3.11/site-packages/airflow/example_dags/example_setup_teardown_taskflow.py
[2025-04-05T11:24:21.306+0100] {processor.py:840} INFO - DAG(s) 'example_setup_teardown_taskflow' retrieved from /Users/judeezeh/Desktop/Zoomcamp-project/venv/lib/python3.11/site-packages/airflow/example_dags/example_setup_teardown_taskflow.py
[2025-04-05T11:24:21.336+0100] {logging_mixin.py:188} INFO - [2025-04-05T11:24:21.336+0100] {dag.py:3096} INFO - Sync 1 DAGs
[2025-04-05T11:24:21.341+0100] {logging_mixin.py:188} INFO - [2025-04-05T11:24:21.340+0100] {dag.py:3954} INFO - Setting next_dagrun for example_setup_teardown_taskflow to 2025-04-04T00:00:00+00:00, run_after=2025-04-05T00:00:00+00:00
[2025-04-05T11:24:21.347+0100] {processor.py:183} INFO - Processing /Users/judeezeh/Desktop/Zoomcamp-project/venv/lib/python3.11/site-packages/airflow/example_dags/example_setup_teardown_taskflow.py took 0.055 seconds
[2025-04-05T11:26:00.601+0100] {processor.py:161} INFO - Started process (PID=17689) to work on /Users/judeezeh/Desktop/Zoomcamp-project/venv/lib/python3.11/site-packages/airflow/example_dags/example_setup_teardown_taskflow.py
[2025-04-05T11:26:00.602+0100] {processor.py:830} INFO - Processing file /Users/judeezeh/Desktop/Zoomcamp-project/venv/lib/python3.11/site-packages/airflow/example_dags/example_setup_teardown_taskflow.py for tasks to queue
[2025-04-05T11:26:00.602+0100] {logging_mixin.py:188} INFO - [2025-04-05T11:26:00.602+0100] {dagbag.py:540} INFO - Filling up the DagBag from /Users/judeezeh/Desktop/Zoomcamp-project/venv/lib/python3.11/site-packages/airflow/example_dags/example_setup_teardown_taskflow.py
[2025-04-05T11:26:00.614+0100] {processor.py:840} INFO - DAG(s) 'example_setup_teardown_taskflow' retrieved from /Users/judeezeh/Desktop/Zoomcamp-project/venv/lib/python3.11/site-packages/airflow/example_dags/example_setup_teardown_taskflow.py
[2025-04-05T11:26:00.643+0100] {logging_mixin.py:188} INFO - [2025-04-05T11:26:00.643+0100] {dag.py:3096} INFO - Sync 1 DAGs
[2025-04-05T11:26:00.648+0100] {logging_mixin.py:188} INFO - [2025-04-05T11:26:00.647+0100] {dag.py:3954} INFO - Setting next_dagrun for example_setup_teardown_taskflow to 2025-04-04T00:00:00+00:00, run_after=2025-04-05T00:00:00+00:00
[2025-04-05T11:26:00.653+0100] {processor.py:183} INFO - Processing /Users/judeezeh/Desktop/Zoomcamp-project/venv/lib/python3.11/site-packages/airflow/example_dags/example_setup_teardown_taskflow.py took 0.053 seconds
[2025-04-05T11:27:44.666+0100] {processor.py:161} INFO - Started process (PID=17844) to work on /Users/judeezeh/Desktop/Zoomcamp-project/venv/lib/python3.11/site-packages/airflow/example_dags/example_setup_teardown_taskflow.py
[2025-04-05T11:27:44.667+0100] {processor.py:830} INFO - Processing file /Users/judeezeh/Desktop/Zoomcamp-project/venv/lib/python3.11/site-packages/airflow/example_dags/example_setup_teardown_taskflow.py for tasks to queue
[2025-04-05T11:27:44.667+0100] {logging_mixin.py:188} INFO - [2025-04-05T11:27:44.667+0100] {dagbag.py:540} INFO - Filling up the DagBag from /Users/judeezeh/Desktop/Zoomcamp-project/venv/lib/python3.11/site-packages/airflow/example_dags/example_setup_teardown_taskflow.py
[2025-04-05T11:27:44.679+0100] {processor.py:840} INFO - DAG(s) 'example_setup_teardown_taskflow' retrieved from /Users/judeezeh/Desktop/Zoomcamp-project/venv/lib/python3.11/site-packages/airflow/example_dags/example_setup_teardown_taskflow.py
[2025-04-05T11:27:44.707+0100] {logging_mixin.py:188} INFO - [2025-04-05T11:27:44.707+0100] {dag.py:3096} INFO - Sync 1 DAGs
[2025-04-05T11:27:44.712+0100] {logging_mixin.py:188} INFO - [2025-04-05T11:27:44.712+0100] {dag.py:3954} INFO - Setting next_dagrun for example_setup_teardown_taskflow to 2025-04-04T00:00:00+00:00, run_after=2025-04-05T00:00:00+00:00
[2025-04-05T11:27:44.718+0100] {processor.py:183} INFO - Processing /Users/judeezeh/Desktop/Zoomcamp-project/venv/lib/python3.11/site-packages/airflow/example_dags/example_setup_teardown_taskflow.py took 0.053 seconds
[2025-04-05T11:29:35.952+0100] {processor.py:161} INFO - Started process (PID=17999) to work on /Users/judeezeh/Desktop/Zoomcamp-project/venv/lib/python3.11/site-packages/airflow/example_dags/example_setup_teardown_taskflow.py
[2025-04-05T11:29:35.952+0100] {processor.py:830} INFO - Processing file /Users/judeezeh/Desktop/Zoomcamp-project/venv/lib/python3.11/site-packages/airflow/example_dags/example_setup_teardown_taskflow.py for tasks to queue
[2025-04-05T11:29:35.953+0100] {logging_mixin.py:188} INFO - [2025-04-05T11:29:35.953+0100] {dagbag.py:540} INFO - Filling up the DagBag from /Users/judeezeh/Desktop/Zoomcamp-project/venv/lib/python3.11/site-packages/airflow/example_dags/example_setup_teardown_taskflow.py
[2025-04-05T11:29:35.967+0100] {processor.py:840} INFO - DAG(s) 'example_setup_teardown_taskflow' retrieved from /Users/judeezeh/Desktop/Zoomcamp-project/venv/lib/python3.11/site-packages/airflow/example_dags/example_setup_teardown_taskflow.py
[2025-04-05T11:29:35.999+0100] {logging_mixin.py:188} INFO - [2025-04-05T11:29:35.998+0100] {dag.py:3096} INFO - Sync 1 DAGs
[2025-04-05T11:29:36.004+0100] {logging_mixin.py:188} INFO - [2025-04-05T11:29:36.004+0100] {dag.py:3954} INFO - Setting next_dagrun for example_setup_teardown_taskflow to 2025-04-04T00:00:00+00:00, run_after=2025-04-05T00:00:00+00:00
[2025-04-05T11:29:36.011+0100] {processor.py:183} INFO - Processing /Users/judeezeh/Desktop/Zoomcamp-project/venv/lib/python3.11/site-packages/airflow/example_dags/example_setup_teardown_taskflow.py took 0.060 seconds
[2025-04-05T11:31:18.991+0100] {processor.py:161} INFO - Started process (PID=18149) to work on /Users/judeezeh/Desktop/Zoomcamp-project/venv/lib/python3.11/site-packages/airflow/example_dags/example_setup_teardown_taskflow.py
[2025-04-05T11:31:18.992+0100] {processor.py:830} INFO - Processing file /Users/judeezeh/Desktop/Zoomcamp-project/venv/lib/python3.11/site-packages/airflow/example_dags/example_setup_teardown_taskflow.py for tasks to queue
[2025-04-05T11:31:18.992+0100] {logging_mixin.py:188} INFO - [2025-04-05T11:31:18.992+0100] {dagbag.py:540} INFO - Filling up the DagBag from /Users/judeezeh/Desktop/Zoomcamp-project/venv/lib/python3.11/site-packages/airflow/example_dags/example_setup_teardown_taskflow.py
[2025-04-05T11:31:19.005+0100] {processor.py:840} INFO - DAG(s) 'example_setup_teardown_taskflow' retrieved from /Users/judeezeh/Desktop/Zoomcamp-project/venv/lib/python3.11/site-packages/airflow/example_dags/example_setup_teardown_taskflow.py
[2025-04-05T11:31:19.036+0100] {logging_mixin.py:188} INFO - [2025-04-05T11:31:19.036+0100] {dag.py:3096} INFO - Sync 1 DAGs
[2025-04-05T11:31:19.041+0100] {logging_mixin.py:188} INFO - [2025-04-05T11:31:19.040+0100] {dag.py:3954} INFO - Setting next_dagrun for example_setup_teardown_taskflow to 2025-04-04T00:00:00+00:00, run_after=2025-04-05T00:00:00+00:00
[2025-04-05T11:31:19.047+0100] {processor.py:183} INFO - Processing /Users/judeezeh/Desktop/Zoomcamp-project/venv/lib/python3.11/site-packages/airflow/example_dags/example_setup_teardown_taskflow.py took 0.057 seconds
[2025-04-05T11:32:59.286+0100] {processor.py:161} INFO - Started process (PID=18302) to work on /Users/judeezeh/Desktop/Zoomcamp-project/venv/lib/python3.11/site-packages/airflow/example_dags/example_setup_teardown_taskflow.py
[2025-04-05T11:32:59.287+0100] {processor.py:830} INFO - Processing file /Users/judeezeh/Desktop/Zoomcamp-project/venv/lib/python3.11/site-packages/airflow/example_dags/example_setup_teardown_taskflow.py for tasks to queue
[2025-04-05T11:32:59.287+0100] {logging_mixin.py:188} INFO - [2025-04-05T11:32:59.287+0100] {dagbag.py:540} INFO - Filling up the DagBag from /Users/judeezeh/Desktop/Zoomcamp-project/venv/lib/python3.11/site-packages/airflow/example_dags/example_setup_teardown_taskflow.py
[2025-04-05T11:32:59.300+0100] {processor.py:840} INFO - DAG(s) 'example_setup_teardown_taskflow' retrieved from /Users/judeezeh/Desktop/Zoomcamp-project/venv/lib/python3.11/site-packages/airflow/example_dags/example_setup_teardown_taskflow.py
[2025-04-05T11:32:59.329+0100] {logging_mixin.py:188} INFO - [2025-04-05T11:32:59.329+0100] {dag.py:3096} INFO - Sync 1 DAGs
[2025-04-05T11:32:59.334+0100] {logging_mixin.py:188} INFO - [2025-04-05T11:32:59.334+0100] {dag.py:3954} INFO - Setting next_dagrun for example_setup_teardown_taskflow to 2025-04-04T00:00:00+00:00, run_after=2025-04-05T00:00:00+00:00
[2025-04-05T11:32:59.340+0100] {processor.py:183} INFO - Processing /Users/judeezeh/Desktop/Zoomcamp-project/venv/lib/python3.11/site-packages/airflow/example_dags/example_setup_teardown_taskflow.py took 0.055 seconds
[2025-04-05T11:34:45.406+0100] {processor.py:161} INFO - Started process (PID=18451) to work on /Users/judeezeh/Desktop/Zoomcamp-project/venv/lib/python3.11/site-packages/airflow/example_dags/example_setup_teardown_taskflow.py
[2025-04-05T11:34:45.407+0100] {processor.py:830} INFO - Processing file /Users/judeezeh/Desktop/Zoomcamp-project/venv/lib/python3.11/site-packages/airflow/example_dags/example_setup_teardown_taskflow.py for tasks to queue
[2025-04-05T11:34:45.408+0100] {logging_mixin.py:188} INFO - [2025-04-05T11:34:45.407+0100] {dagbag.py:540} INFO - Filling up the DagBag from /Users/judeezeh/Desktop/Zoomcamp-project/venv/lib/python3.11/site-packages/airflow/example_dags/example_setup_teardown_taskflow.py
[2025-04-05T11:34:45.420+0100] {processor.py:840} INFO - DAG(s) 'example_setup_teardown_taskflow' retrieved from /Users/judeezeh/Desktop/Zoomcamp-project/venv/lib/python3.11/site-packages/airflow/example_dags/example_setup_teardown_taskflow.py
[2025-04-05T11:34:45.448+0100] {logging_mixin.py:188} INFO - [2025-04-05T11:34:45.448+0100] {dag.py:3096} INFO - Sync 1 DAGs
[2025-04-05T11:34:45.453+0100] {logging_mixin.py:188} INFO - [2025-04-05T11:34:45.453+0100] {dag.py:3954} INFO - Setting next_dagrun for example_setup_teardown_taskflow to 2025-04-04T00:00:00+00:00, run_after=2025-04-05T00:00:00+00:00
[2025-04-05T11:34:45.459+0100] {processor.py:183} INFO - Processing /Users/judeezeh/Desktop/Zoomcamp-project/venv/lib/python3.11/site-packages/airflow/example_dags/example_setup_teardown_taskflow.py took 0.054 seconds
[2025-04-05T11:36:24.281+0100] {processor.py:161} INFO - Started process (PID=18587) to work on /Users/judeezeh/Desktop/Zoomcamp-project/venv/lib/python3.11/site-packages/airflow/example_dags/example_setup_teardown_taskflow.py
[2025-04-05T11:36:24.282+0100] {processor.py:830} INFO - Processing file /Users/judeezeh/Desktop/Zoomcamp-project/venv/lib/python3.11/site-packages/airflow/example_dags/example_setup_teardown_taskflow.py for tasks to queue
[2025-04-05T11:36:24.282+0100] {logging_mixin.py:188} INFO - [2025-04-05T11:36:24.282+0100] {dagbag.py:540} INFO - Filling up the DagBag from /Users/judeezeh/Desktop/Zoomcamp-project/venv/lib/python3.11/site-packages/airflow/example_dags/example_setup_teardown_taskflow.py
[2025-04-05T11:36:24.294+0100] {processor.py:840} INFO - DAG(s) 'example_setup_teardown_taskflow' retrieved from /Users/judeezeh/Desktop/Zoomcamp-project/venv/lib/python3.11/site-packages/airflow/example_dags/example_setup_teardown_taskflow.py
[2025-04-05T11:36:24.323+0100] {logging_mixin.py:188} INFO - [2025-04-05T11:36:24.323+0100] {dag.py:3096} INFO - Sync 1 DAGs
[2025-04-05T11:36:24.327+0100] {logging_mixin.py:188} INFO - [2025-04-05T11:36:24.327+0100] {dag.py:3954} INFO - Setting next_dagrun for example_setup_teardown_taskflow to 2025-04-04T00:00:00+00:00, run_after=2025-04-05T00:00:00+00:00
[2025-04-05T11:36:24.333+0100] {processor.py:183} INFO - Processing /Users/judeezeh/Desktop/Zoomcamp-project/venv/lib/python3.11/site-packages/airflow/example_dags/example_setup_teardown_taskflow.py took 0.054 seconds
[2025-04-05T11:38:50.412+0100] {processor.py:161} INFO - Started process (PID=18821) to work on /Users/judeezeh/Desktop/Zoomcamp-project/venv/lib/python3.11/site-packages/airflow/example_dags/example_setup_teardown_taskflow.py
[2025-04-05T11:38:50.413+0100] {processor.py:830} INFO - Processing file /Users/judeezeh/Desktop/Zoomcamp-project/venv/lib/python3.11/site-packages/airflow/example_dags/example_setup_teardown_taskflow.py for tasks to queue
[2025-04-05T11:38:50.414+0100] {logging_mixin.py:188} INFO - [2025-04-05T11:38:50.414+0100] {dagbag.py:540} INFO - Filling up the DagBag from /Users/judeezeh/Desktop/Zoomcamp-project/venv/lib/python3.11/site-packages/airflow/example_dags/example_setup_teardown_taskflow.py
[2025-04-05T11:38:50.425+0100] {processor.py:840} INFO - DAG(s) 'example_setup_teardown_taskflow' retrieved from /Users/judeezeh/Desktop/Zoomcamp-project/venv/lib/python3.11/site-packages/airflow/example_dags/example_setup_teardown_taskflow.py
[2025-04-05T11:38:50.454+0100] {logging_mixin.py:188} INFO - [2025-04-05T11:38:50.454+0100] {dag.py:3096} INFO - Sync 1 DAGs
[2025-04-05T11:38:50.458+0100] {logging_mixin.py:188} INFO - [2025-04-05T11:38:50.458+0100] {dag.py:3954} INFO - Setting next_dagrun for example_setup_teardown_taskflow to 2025-04-04T00:00:00+00:00, run_after=2025-04-05T00:00:00+00:00
[2025-04-05T11:38:50.465+0100] {processor.py:183} INFO - Processing /Users/judeezeh/Desktop/Zoomcamp-project/venv/lib/python3.11/site-packages/airflow/example_dags/example_setup_teardown_taskflow.py took 0.053 seconds
[2025-04-05T11:40:10.465+0100] {processor.py:161} INFO - Started process (PID=18949) to work on /Users/judeezeh/Desktop/Zoomcamp-project/venv/lib/python3.11/site-packages/airflow/example_dags/example_setup_teardown_taskflow.py
[2025-04-05T11:40:10.465+0100] {processor.py:830} INFO - Processing file /Users/judeezeh/Desktop/Zoomcamp-project/venv/lib/python3.11/site-packages/airflow/example_dags/example_setup_teardown_taskflow.py for tasks to queue
[2025-04-05T11:40:10.465+0100] {logging_mixin.py:188} INFO - [2025-04-05T11:40:10.465+0100] {dagbag.py:540} INFO - Filling up the DagBag from /Users/judeezeh/Desktop/Zoomcamp-project/venv/lib/python3.11/site-packages/airflow/example_dags/example_setup_teardown_taskflow.py
[2025-04-05T11:40:10.478+0100] {processor.py:840} INFO - DAG(s) 'example_setup_teardown_taskflow' retrieved from /Users/judeezeh/Desktop/Zoomcamp-project/venv/lib/python3.11/site-packages/airflow/example_dags/example_setup_teardown_taskflow.py
[2025-04-05T11:40:10.507+0100] {logging_mixin.py:188} INFO - [2025-04-05T11:40:10.507+0100] {dag.py:3096} INFO - Sync 1 DAGs
[2025-04-05T11:40:10.511+0100] {logging_mixin.py:188} INFO - [2025-04-05T11:40:10.511+0100] {dag.py:3954} INFO - Setting next_dagrun for example_setup_teardown_taskflow to 2025-04-04T00:00:00+00:00, run_after=2025-04-05T00:00:00+00:00
[2025-04-05T11:40:10.518+0100] {processor.py:183} INFO - Processing /Users/judeezeh/Desktop/Zoomcamp-project/venv/lib/python3.11/site-packages/airflow/example_dags/example_setup_teardown_taskflow.py took 0.054 seconds
[2025-04-05T11:41:43.116+0100] {processor.py:161} INFO - Started process (PID=19122) to work on /Users/judeezeh/Desktop/Zoomcamp-project/venv/lib/python3.11/site-packages/airflow/example_dags/example_setup_teardown_taskflow.py
[2025-04-05T11:41:43.117+0100] {processor.py:830} INFO - Processing file /Users/judeezeh/Desktop/Zoomcamp-project/venv/lib/python3.11/site-packages/airflow/example_dags/example_setup_teardown_taskflow.py for tasks to queue
[2025-04-05T11:41:43.117+0100] {logging_mixin.py:188} INFO - [2025-04-05T11:41:43.117+0100] {dagbag.py:540} INFO - Filling up the DagBag from /Users/judeezeh/Desktop/Zoomcamp-project/venv/lib/python3.11/site-packages/airflow/example_dags/example_setup_teardown_taskflow.py
[2025-04-05T11:41:43.129+0100] {processor.py:840} INFO - DAG(s) 'example_setup_teardown_taskflow' retrieved from /Users/judeezeh/Desktop/Zoomcamp-project/venv/lib/python3.11/site-packages/airflow/example_dags/example_setup_teardown_taskflow.py
[2025-04-05T11:41:43.158+0100] {logging_mixin.py:188} INFO - [2025-04-05T11:41:43.158+0100] {dag.py:3096} INFO - Sync 1 DAGs
[2025-04-05T11:41:43.163+0100] {logging_mixin.py:188} INFO - [2025-04-05T11:41:43.163+0100] {dag.py:3954} INFO - Setting next_dagrun for example_setup_teardown_taskflow to 2025-04-04T00:00:00+00:00, run_after=2025-04-05T00:00:00+00:00
[2025-04-05T11:41:43.169+0100] {processor.py:183} INFO - Processing /Users/judeezeh/Desktop/Zoomcamp-project/venv/lib/python3.11/site-packages/airflow/example_dags/example_setup_teardown_taskflow.py took 0.054 seconds
