[2025-04-05T11:15:57.923+0100] {processor.py:161} INFO - Started process (PID=16767) to work on /Users/judeezeh/Desktop/Zoomcamp-project/venv/lib/python3.11/site-packages/airflow/example_dags/example_dag_decorator.py
[2025-04-05T11:15:57.923+0100] {processor.py:830} INFO - Processing file /Users/judeezeh/Desktop/Zoomcamp-project/venv/lib/python3.11/site-packages/airflow/example_dags/example_dag_decorator.py for tasks to queue
[2025-04-05T11:15:57.923+0100] {logging_mixin.py:188} INFO - [2025-04-05T11:15:57.923+0100] {dagbag.py:540} INFO - Filling up the DagBag from /Users/judeezeh/Desktop/Zoomcamp-project/venv/lib/python3.11/site-packages/airflow/example_dags/example_dag_decorator.py
[2025-04-05T11:15:57.973+0100] {processor.py:840} INFO - DAG(s) 'example_dag_decorator' retrieved from /Users/judeezeh/Desktop/Zoomcamp-project/venv/lib/python3.11/site-packages/airflow/example_dags/example_dag_decorator.py
[2025-04-05T11:15:58.056+0100] {logging_mixin.py:188} INFO - [2025-04-05T11:15:58.055+0100] {override.py:1930} INFO - Created Permission View: can edit on DAG:example_dag_decorator
[2025-04-05T11:15:58.059+0100] {logging_mixin.py:188} INFO - [2025-04-05T11:15:58.059+0100] {override.py:1930} INFO - Created Permission View: can read on DAG:example_dag_decorator
[2025-04-05T11:15:58.061+0100] {logging_mixin.py:188} INFO - [2025-04-05T11:15:58.061+0100] {override.py:1930} INFO - Created Permission View: can delete on DAG:example_dag_decorator
[2025-04-05T11:15:58.062+0100] {logging_mixin.py:188} INFO - [2025-04-05T11:15:58.061+0100] {dag.py:3096} INFO - Sync 1 DAGs
[2025-04-05T11:15:58.065+0100] {logging_mixin.py:188} INFO - [2025-04-05T11:15:58.065+0100] {dag.py:3118} INFO - Creating ORM DAG for example_dag_decorator
[2025-04-05T11:15:58.065+0100] {logging_mixin.py:188} INFO - [2025-04-05T11:15:58.065+0100] {dag.py:3954} INFO - Setting next_dagrun for example_dag_decorator to None, run_after=None
[2025-04-05T11:15:58.070+0100] {processor.py:183} INFO - Processing /Users/judeezeh/Desktop/Zoomcamp-project/venv/lib/python3.11/site-packages/airflow/example_dags/example_dag_decorator.py took 0.148 seconds
[2025-04-05T11:17:31.411+0100] {processor.py:161} INFO - Started process (PID=16923) to work on /Users/judeezeh/Desktop/Zoomcamp-project/venv/lib/python3.11/site-packages/airflow/example_dags/example_dag_decorator.py
[2025-04-05T11:17:31.411+0100] {processor.py:830} INFO - Processing file /Users/judeezeh/Desktop/Zoomcamp-project/venv/lib/python3.11/site-packages/airflow/example_dags/example_dag_decorator.py for tasks to queue
[2025-04-05T11:17:31.411+0100] {logging_mixin.py:188} INFO - [2025-04-05T11:17:31.411+0100] {dagbag.py:540} INFO - Filling up the DagBag from /Users/judeezeh/Desktop/Zoomcamp-project/venv/lib/python3.11/site-packages/airflow/example_dags/example_dag_decorator.py
[2025-04-05T11:17:31.451+0100] {processor.py:840} INFO - DAG(s) 'example_dag_decorator' retrieved from /Users/judeezeh/Desktop/Zoomcamp-project/venv/lib/python3.11/site-packages/airflow/example_dags/example_dag_decorator.py
[2025-04-05T11:17:31.537+0100] {logging_mixin.py:188} INFO - [2025-04-05T11:17:31.537+0100] {dag.py:3096} INFO - Sync 1 DAGs
[2025-04-05T11:17:31.539+0100] {logging_mixin.py:188} INFO - [2025-04-05T11:17:31.539+0100] {dag.py:3954} INFO - Setting next_dagrun for example_dag_decorator to None, run_after=None
[2025-04-05T11:17:31.546+0100] {processor.py:183} INFO - Processing /Users/judeezeh/Desktop/Zoomcamp-project/venv/lib/python3.11/site-packages/airflow/example_dags/example_dag_decorator.py took 0.136 seconds
[2025-04-05T11:19:59.064+0100] {processor.py:161} INFO - Started process (PID=17180) to work on /Users/judeezeh/Desktop/Zoomcamp-project/venv/lib/python3.11/site-packages/airflow/example_dags/example_dag_decorator.py
[2025-04-05T11:19:59.064+0100] {processor.py:830} INFO - Processing file /Users/judeezeh/Desktop/Zoomcamp-project/venv/lib/python3.11/site-packages/airflow/example_dags/example_dag_decorator.py for tasks to queue
[2025-04-05T11:19:59.064+0100] {logging_mixin.py:188} INFO - [2025-04-05T11:19:59.064+0100] {dagbag.py:540} INFO - Filling up the DagBag from /Users/judeezeh/Desktop/Zoomcamp-project/venv/lib/python3.11/site-packages/airflow/example_dags/example_dag_decorator.py
[2025-04-05T11:19:59.130+0100] {processor.py:840} INFO - DAG(s) 'example_dag_decorator' retrieved from /Users/judeezeh/Desktop/Zoomcamp-project/venv/lib/python3.11/site-packages/airflow/example_dags/example_dag_decorator.py
[2025-04-05T11:19:59.246+0100] {logging_mixin.py:188} INFO - [2025-04-05T11:19:59.246+0100] {dag.py:3096} INFO - Sync 1 DAGs
[2025-04-05T11:19:59.249+0100] {logging_mixin.py:188} INFO - [2025-04-05T11:19:59.249+0100] {dag.py:3954} INFO - Setting next_dagrun for example_dag_decorator to None, run_after=None
[2025-04-05T11:19:59.256+0100] {processor.py:183} INFO - Processing /Users/judeezeh/Desktop/Zoomcamp-project/venv/lib/python3.11/site-packages/airflow/example_dags/example_dag_decorator.py took 0.194 seconds
[2025-04-05T11:21:55.020+0100] {processor.py:161} INFO - Started process (PID=17345) to work on /Users/judeezeh/Desktop/Zoomcamp-project/venv/lib/python3.11/site-packages/airflow/example_dags/example_dag_decorator.py
[2025-04-05T11:21:55.020+0100] {processor.py:830} INFO - Processing file /Users/judeezeh/Desktop/Zoomcamp-project/venv/lib/python3.11/site-packages/airflow/example_dags/example_dag_decorator.py for tasks to queue
[2025-04-05T11:21:55.021+0100] {logging_mixin.py:188} INFO - [2025-04-05T11:21:55.020+0100] {dagbag.py:540} INFO - Filling up the DagBag from /Users/judeezeh/Desktop/Zoomcamp-project/venv/lib/python3.11/site-packages/airflow/example_dags/example_dag_decorator.py
[2025-04-05T11:21:55.071+0100] {processor.py:840} INFO - DAG(s) 'example_dag_decorator' retrieved from /Users/judeezeh/Desktop/Zoomcamp-project/venv/lib/python3.11/site-packages/airflow/example_dags/example_dag_decorator.py
[2025-04-05T11:21:55.164+0100] {logging_mixin.py:188} INFO - [2025-04-05T11:21:55.164+0100] {dag.py:3096} INFO - Sync 1 DAGs
[2025-04-05T11:21:55.167+0100] {logging_mixin.py:188} INFO - [2025-04-05T11:21:55.167+0100] {dag.py:3954} INFO - Setting next_dagrun for example_dag_decorator to None, run_after=None
[2025-04-05T11:21:55.174+0100] {processor.py:183} INFO - Processing /Users/judeezeh/Desktop/Zoomcamp-project/venv/lib/python3.11/site-packages/airflow/example_dags/example_dag_decorator.py took 0.156 seconds
[2025-04-05T11:23:34.827+0100] {processor.py:161} INFO - Started process (PID=17489) to work on /Users/judeezeh/Desktop/Zoomcamp-project/venv/lib/python3.11/site-packages/airflow/example_dags/example_dag_decorator.py
[2025-04-05T11:23:34.828+0100] {processor.py:830} INFO - Processing file /Users/judeezeh/Desktop/Zoomcamp-project/venv/lib/python3.11/site-packages/airflow/example_dags/example_dag_decorator.py for tasks to queue
[2025-04-05T11:23:34.828+0100] {logging_mixin.py:188} INFO - [2025-04-05T11:23:34.828+0100] {dagbag.py:540} INFO - Filling up the DagBag from /Users/judeezeh/Desktop/Zoomcamp-project/venv/lib/python3.11/site-packages/airflow/example_dags/example_dag_decorator.py
[2025-04-05T11:23:34.875+0100] {processor.py:840} INFO - DAG(s) 'example_dag_decorator' retrieved from /Users/judeezeh/Desktop/Zoomcamp-project/venv/lib/python3.11/site-packages/airflow/example_dags/example_dag_decorator.py
[2025-04-05T11:23:34.963+0100] {logging_mixin.py:188} INFO - [2025-04-05T11:23:34.963+0100] {dag.py:3096} INFO - Sync 1 DAGs
[2025-04-05T11:23:34.966+0100] {logging_mixin.py:188} INFO - [2025-04-05T11:23:34.966+0100] {dag.py:3954} INFO - Setting next_dagrun for example_dag_decorator to None, run_after=None
[2025-04-05T11:23:34.972+0100] {processor.py:183} INFO - Processing /Users/judeezeh/Desktop/Zoomcamp-project/venv/lib/python3.11/site-packages/airflow/example_dags/example_dag_decorator.py took 0.146 seconds
[2025-04-05T11:25:17.009+0100] {processor.py:161} INFO - Started process (PID=17627) to work on /Users/judeezeh/Desktop/Zoomcamp-project/venv/lib/python3.11/site-packages/airflow/example_dags/example_dag_decorator.py
[2025-04-05T11:25:17.009+0100] {processor.py:830} INFO - Processing file /Users/judeezeh/Desktop/Zoomcamp-project/venv/lib/python3.11/site-packages/airflow/example_dags/example_dag_decorator.py for tasks to queue
[2025-04-05T11:25:17.009+0100] {logging_mixin.py:188} INFO - [2025-04-05T11:25:17.009+0100] {dagbag.py:540} INFO - Filling up the DagBag from /Users/judeezeh/Desktop/Zoomcamp-project/venv/lib/python3.11/site-packages/airflow/example_dags/example_dag_decorator.py
[2025-04-05T11:25:17.056+0100] {processor.py:840} INFO - DAG(s) 'example_dag_decorator' retrieved from /Users/judeezeh/Desktop/Zoomcamp-project/venv/lib/python3.11/site-packages/airflow/example_dags/example_dag_decorator.py
[2025-04-05T11:25:17.144+0100] {logging_mixin.py:188} INFO - [2025-04-05T11:25:17.144+0100] {dag.py:3096} INFO - Sync 1 DAGs
[2025-04-05T11:25:17.146+0100] {logging_mixin.py:188} INFO - [2025-04-05T11:25:17.146+0100] {dag.py:3954} INFO - Setting next_dagrun for example_dag_decorator to None, run_after=None
[2025-04-05T11:25:17.153+0100] {processor.py:183} INFO - Processing /Users/judeezeh/Desktop/Zoomcamp-project/venv/lib/python3.11/site-packages/airflow/example_dags/example_dag_decorator.py took 0.145 seconds
[2025-04-05T11:26:53.517+0100] {processor.py:161} INFO - Started process (PID=17776) to work on /Users/judeezeh/Desktop/Zoomcamp-project/venv/lib/python3.11/site-packages/airflow/example_dags/example_dag_decorator.py
[2025-04-05T11:26:53.517+0100] {processor.py:830} INFO - Processing file /Users/judeezeh/Desktop/Zoomcamp-project/venv/lib/python3.11/site-packages/airflow/example_dags/example_dag_decorator.py for tasks to queue
[2025-04-05T11:26:53.517+0100] {logging_mixin.py:188} INFO - [2025-04-05T11:26:53.517+0100] {dagbag.py:540} INFO - Filling up the DagBag from /Users/judeezeh/Desktop/Zoomcamp-project/venv/lib/python3.11/site-packages/airflow/example_dags/example_dag_decorator.py
[2025-04-05T11:26:53.567+0100] {processor.py:840} INFO - DAG(s) 'example_dag_decorator' retrieved from /Users/judeezeh/Desktop/Zoomcamp-project/venv/lib/python3.11/site-packages/airflow/example_dags/example_dag_decorator.py
[2025-04-05T11:26:53.657+0100] {logging_mixin.py:188} INFO - [2025-04-05T11:26:53.656+0100] {dag.py:3096} INFO - Sync 1 DAGs
[2025-04-05T11:26:53.659+0100] {logging_mixin.py:188} INFO - [2025-04-05T11:26:53.659+0100] {dag.py:3954} INFO - Setting next_dagrun for example_dag_decorator to None, run_after=None
[2025-04-05T11:26:53.666+0100] {processor.py:183} INFO - Processing /Users/judeezeh/Desktop/Zoomcamp-project/venv/lib/python3.11/site-packages/airflow/example_dags/example_dag_decorator.py took 0.150 seconds
[2025-04-05T11:28:44.526+0100] {processor.py:161} INFO - Started process (PID=17933) to work on /Users/judeezeh/Desktop/Zoomcamp-project/venv/lib/python3.11/site-packages/airflow/example_dags/example_dag_decorator.py
[2025-04-05T11:28:44.527+0100] {processor.py:830} INFO - Processing file /Users/judeezeh/Desktop/Zoomcamp-project/venv/lib/python3.11/site-packages/airflow/example_dags/example_dag_decorator.py for tasks to queue
[2025-04-05T11:28:44.527+0100] {logging_mixin.py:188} INFO - [2025-04-05T11:28:44.527+0100] {dagbag.py:540} INFO - Filling up the DagBag from /Users/judeezeh/Desktop/Zoomcamp-project/venv/lib/python3.11/site-packages/airflow/example_dags/example_dag_decorator.py
[2025-04-05T11:28:44.576+0100] {processor.py:840} INFO - DAG(s) 'example_dag_decorator' retrieved from /Users/judeezeh/Desktop/Zoomcamp-project/venv/lib/python3.11/site-packages/airflow/example_dags/example_dag_decorator.py
[2025-04-05T11:28:44.664+0100] {logging_mixin.py:188} INFO - [2025-04-05T11:28:44.664+0100] {dag.py:3096} INFO - Sync 1 DAGs
[2025-04-05T11:28:44.667+0100] {logging_mixin.py:188} INFO - [2025-04-05T11:28:44.667+0100] {dag.py:3954} INFO - Setting next_dagrun for example_dag_decorator to None, run_after=None
[2025-04-05T11:28:44.674+0100] {processor.py:183} INFO - Processing /Users/judeezeh/Desktop/Zoomcamp-project/venv/lib/python3.11/site-packages/airflow/example_dags/example_dag_decorator.py took 0.149 seconds
[2025-04-05T11:30:33.673+0100] {processor.py:161} INFO - Started process (PID=18083) to work on /Users/judeezeh/Desktop/Zoomcamp-project/venv/lib/python3.11/site-packages/airflow/example_dags/example_dag_decorator.py
[2025-04-05T11:30:33.674+0100] {processor.py:830} INFO - Processing file /Users/judeezeh/Desktop/Zoomcamp-project/venv/lib/python3.11/site-packages/airflow/example_dags/example_dag_decorator.py for tasks to queue
[2025-04-05T11:30:33.674+0100] {logging_mixin.py:188} INFO - [2025-04-05T11:30:33.674+0100] {dagbag.py:540} INFO - Filling up the DagBag from /Users/judeezeh/Desktop/Zoomcamp-project/venv/lib/python3.11/site-packages/airflow/example_dags/example_dag_decorator.py
[2025-04-05T11:30:33.733+0100] {processor.py:840} INFO - DAG(s) 'example_dag_decorator' retrieved from /Users/judeezeh/Desktop/Zoomcamp-project/venv/lib/python3.11/site-packages/airflow/example_dags/example_dag_decorator.py
[2025-04-05T11:30:33.827+0100] {logging_mixin.py:188} INFO - [2025-04-05T11:30:33.827+0100] {dag.py:3096} INFO - Sync 1 DAGs
[2025-04-05T11:30:33.829+0100] {logging_mixin.py:188} INFO - [2025-04-05T11:30:33.829+0100] {dag.py:3954} INFO - Setting next_dagrun for example_dag_decorator to None, run_after=None
[2025-04-05T11:30:33.836+0100] {processor.py:183} INFO - Processing /Users/judeezeh/Desktop/Zoomcamp-project/venv/lib/python3.11/site-packages/airflow/example_dags/example_dag_decorator.py took 0.164 seconds
[2025-04-05T11:32:10.955+0100] {processor.py:161} INFO - Started process (PID=18229) to work on /Users/judeezeh/Desktop/Zoomcamp-project/venv/lib/python3.11/site-packages/airflow/example_dags/example_dag_decorator.py
[2025-04-05T11:32:10.956+0100] {processor.py:830} INFO - Processing file /Users/judeezeh/Desktop/Zoomcamp-project/venv/lib/python3.11/site-packages/airflow/example_dags/example_dag_decorator.py for tasks to queue
[2025-04-05T11:32:10.956+0100] {logging_mixin.py:188} INFO - [2025-04-05T11:32:10.956+0100] {dagbag.py:540} INFO - Filling up the DagBag from /Users/judeezeh/Desktop/Zoomcamp-project/venv/lib/python3.11/site-packages/airflow/example_dags/example_dag_decorator.py
[2025-04-05T11:32:11.002+0100] {processor.py:840} INFO - DAG(s) 'example_dag_decorator' retrieved from /Users/judeezeh/Desktop/Zoomcamp-project/venv/lib/python3.11/site-packages/airflow/example_dags/example_dag_decorator.py
[2025-04-05T11:32:11.089+0100] {logging_mixin.py:188} INFO - [2025-04-05T11:32:11.089+0100] {dag.py:3096} INFO - Sync 1 DAGs
[2025-04-05T11:32:11.092+0100] {logging_mixin.py:188} INFO - [2025-04-05T11:32:11.092+0100] {dag.py:3954} INFO - Setting next_dagrun for example_dag_decorator to None, run_after=None
[2025-04-05T11:32:11.099+0100] {processor.py:183} INFO - Processing /Users/judeezeh/Desktop/Zoomcamp-project/venv/lib/python3.11/site-packages/airflow/example_dags/example_dag_decorator.py took 0.145 seconds
[2025-04-05T11:33:58.402+0100] {processor.py:161} INFO - Started process (PID=18379) to work on /Users/judeezeh/Desktop/Zoomcamp-project/venv/lib/python3.11/site-packages/airflow/example_dags/example_dag_decorator.py
[2025-04-05T11:33:58.403+0100] {processor.py:830} INFO - Processing file /Users/judeezeh/Desktop/Zoomcamp-project/venv/lib/python3.11/site-packages/airflow/example_dags/example_dag_decorator.py for tasks to queue
[2025-04-05T11:33:58.403+0100] {logging_mixin.py:188} INFO - [2025-04-05T11:33:58.403+0100] {dagbag.py:540} INFO - Filling up the DagBag from /Users/judeezeh/Desktop/Zoomcamp-project/venv/lib/python3.11/site-packages/airflow/example_dags/example_dag_decorator.py
[2025-04-05T11:33:58.448+0100] {processor.py:840} INFO - DAG(s) 'example_dag_decorator' retrieved from /Users/judeezeh/Desktop/Zoomcamp-project/venv/lib/python3.11/site-packages/airflow/example_dags/example_dag_decorator.py
[2025-04-05T11:33:58.534+0100] {logging_mixin.py:188} INFO - [2025-04-05T11:33:58.534+0100] {dag.py:3096} INFO - Sync 1 DAGs
[2025-04-05T11:33:58.537+0100] {logging_mixin.py:188} INFO - [2025-04-05T11:33:58.536+0100] {dag.py:3954} INFO - Setting next_dagrun for example_dag_decorator to None, run_after=None
[2025-04-05T11:33:58.543+0100] {processor.py:183} INFO - Processing /Users/judeezeh/Desktop/Zoomcamp-project/venv/lib/python3.11/site-packages/airflow/example_dags/example_dag_decorator.py took 0.142 seconds
[2025-04-05T11:35:31.696+0100] {processor.py:161} INFO - Started process (PID=18517) to work on /Users/judeezeh/Desktop/Zoomcamp-project/venv/lib/python3.11/site-packages/airflow/example_dags/example_dag_decorator.py
[2025-04-05T11:35:31.697+0100] {processor.py:830} INFO - Processing file /Users/judeezeh/Desktop/Zoomcamp-project/venv/lib/python3.11/site-packages/airflow/example_dags/example_dag_decorator.py for tasks to queue
[2025-04-05T11:35:31.697+0100] {logging_mixin.py:188} INFO - [2025-04-05T11:35:31.697+0100] {dagbag.py:540} INFO - Filling up the DagBag from /Users/judeezeh/Desktop/Zoomcamp-project/venv/lib/python3.11/site-packages/airflow/example_dags/example_dag_decorator.py
[2025-04-05T11:35:31.742+0100] {processor.py:840} INFO - DAG(s) 'example_dag_decorator' retrieved from /Users/judeezeh/Desktop/Zoomcamp-project/venv/lib/python3.11/site-packages/airflow/example_dags/example_dag_decorator.py
[2025-04-05T11:35:31.828+0100] {logging_mixin.py:188} INFO - [2025-04-05T11:35:31.828+0100] {dag.py:3096} INFO - Sync 1 DAGs
[2025-04-05T11:35:31.830+0100] {logging_mixin.py:188} INFO - [2025-04-05T11:35:31.830+0100] {dag.py:3954} INFO - Setting next_dagrun for example_dag_decorator to None, run_after=None
[2025-04-05T11:35:31.837+0100] {processor.py:183} INFO - Processing /Users/judeezeh/Desktop/Zoomcamp-project/venv/lib/python3.11/site-packages/airflow/example_dags/example_dag_decorator.py took 0.142 seconds
[2025-04-05T11:37:19.916+0100] {processor.py:161} INFO - Started process (PID=18683) to work on /Users/judeezeh/Desktop/Zoomcamp-project/venv/lib/python3.11/site-packages/airflow/example_dags/example_dag_decorator.py
[2025-04-05T11:37:19.917+0100] {processor.py:830} INFO - Processing file /Users/judeezeh/Desktop/Zoomcamp-project/venv/lib/python3.11/site-packages/airflow/example_dags/example_dag_decorator.py for tasks to queue
[2025-04-05T11:37:19.917+0100] {logging_mixin.py:188} INFO - [2025-04-05T11:37:19.917+0100] {dagbag.py:540} INFO - Filling up the DagBag from /Users/judeezeh/Desktop/Zoomcamp-project/venv/lib/python3.11/site-packages/airflow/example_dags/example_dag_decorator.py
[2025-04-05T11:37:19.968+0100] {processor.py:840} INFO - DAG(s) 'example_dag_decorator' retrieved from /Users/judeezeh/Desktop/Zoomcamp-project/venv/lib/python3.11/site-packages/airflow/example_dags/example_dag_decorator.py
[2025-04-05T11:37:20.059+0100] {logging_mixin.py:188} INFO - [2025-04-05T11:37:20.059+0100] {dag.py:3096} INFO - Sync 1 DAGs
[2025-04-05T11:37:20.062+0100] {logging_mixin.py:188} INFO - [2025-04-05T11:37:20.062+0100] {dag.py:3954} INFO - Setting next_dagrun for example_dag_decorator to None, run_after=None
[2025-04-05T11:37:20.068+0100] {processor.py:183} INFO - Processing /Users/judeezeh/Desktop/Zoomcamp-project/venv/lib/python3.11/site-packages/airflow/example_dags/example_dag_decorator.py took 0.153 seconds
[2025-04-05T11:39:19.088+0100] {processor.py:161} INFO - Started process (PID=18865) to work on /Users/judeezeh/Desktop/Zoomcamp-project/venv/lib/python3.11/site-packages/airflow/example_dags/example_dag_decorator.py
[2025-04-05T11:39:19.089+0100] {processor.py:830} INFO - Processing file /Users/judeezeh/Desktop/Zoomcamp-project/venv/lib/python3.11/site-packages/airflow/example_dags/example_dag_decorator.py for tasks to queue
[2025-04-05T11:39:19.089+0100] {logging_mixin.py:188} INFO - [2025-04-05T11:39:19.089+0100] {dagbag.py:540} INFO - Filling up the DagBag from /Users/judeezeh/Desktop/Zoomcamp-project/venv/lib/python3.11/site-packages/airflow/example_dags/example_dag_decorator.py
[2025-04-05T11:39:19.127+0100] {processor.py:840} INFO - DAG(s) 'example_dag_decorator' retrieved from /Users/judeezeh/Desktop/Zoomcamp-project/venv/lib/python3.11/site-packages/airflow/example_dags/example_dag_decorator.py
[2025-04-05T11:39:19.203+0100] {logging_mixin.py:188} INFO - [2025-04-05T11:39:19.203+0100] {dag.py:3096} INFO - Sync 1 DAGs
[2025-04-05T11:39:19.206+0100] {logging_mixin.py:188} INFO - [2025-04-05T11:39:19.206+0100] {dag.py:3954} INFO - Setting next_dagrun for example_dag_decorator to None, run_after=None
[2025-04-05T11:39:19.212+0100] {processor.py:183} INFO - Processing /Users/judeezeh/Desktop/Zoomcamp-project/venv/lib/python3.11/site-packages/airflow/example_dags/example_dag_decorator.py took 0.125 seconds
[2025-04-05T11:40:58.548+0100] {processor.py:161} INFO - Started process (PID=19055) to work on /Users/judeezeh/Desktop/Zoomcamp-project/venv/lib/python3.11/site-packages/airflow/example_dags/example_dag_decorator.py
[2025-04-05T11:40:58.549+0100] {processor.py:830} INFO - Processing file /Users/judeezeh/Desktop/Zoomcamp-project/venv/lib/python3.11/site-packages/airflow/example_dags/example_dag_decorator.py for tasks to queue
[2025-04-05T11:40:58.549+0100] {logging_mixin.py:188} INFO - [2025-04-05T11:40:58.549+0100] {dagbag.py:540} INFO - Filling up the DagBag from /Users/judeezeh/Desktop/Zoomcamp-project/venv/lib/python3.11/site-packages/airflow/example_dags/example_dag_decorator.py
[2025-04-05T11:40:58.587+0100] {processor.py:840} INFO - DAG(s) 'example_dag_decorator' retrieved from /Users/judeezeh/Desktop/Zoomcamp-project/venv/lib/python3.11/site-packages/airflow/example_dags/example_dag_decorator.py
[2025-04-05T11:40:58.661+0100] {logging_mixin.py:188} INFO - [2025-04-05T11:40:58.661+0100] {dag.py:3096} INFO - Sync 1 DAGs
[2025-04-05T11:40:58.663+0100] {logging_mixin.py:188} INFO - [2025-04-05T11:40:58.663+0100] {dag.py:3954} INFO - Setting next_dagrun for example_dag_decorator to None, run_after=None
[2025-04-05T11:40:58.670+0100] {processor.py:183} INFO - Processing /Users/judeezeh/Desktop/Zoomcamp-project/venv/lib/python3.11/site-packages/airflow/example_dags/example_dag_decorator.py took 0.123 seconds
[2025-04-05T11:42:29.667+0100] {processor.py:161} INFO - Started process (PID=19192) to work on /Users/judeezeh/Desktop/Zoomcamp-project/venv/lib/python3.11/site-packages/airflow/example_dags/example_dag_decorator.py
[2025-04-05T11:42:29.669+0100] {processor.py:830} INFO - Processing file /Users/judeezeh/Desktop/Zoomcamp-project/venv/lib/python3.11/site-packages/airflow/example_dags/example_dag_decorator.py for tasks to queue
[2025-04-05T11:42:29.669+0100] {logging_mixin.py:188} INFO - [2025-04-05T11:42:29.669+0100] {dagbag.py:540} INFO - Filling up the DagBag from /Users/judeezeh/Desktop/Zoomcamp-project/venv/lib/python3.11/site-packages/airflow/example_dags/example_dag_decorator.py
[2025-04-05T11:42:29.722+0100] {processor.py:840} INFO - DAG(s) 'example_dag_decorator' retrieved from /Users/judeezeh/Desktop/Zoomcamp-project/venv/lib/python3.11/site-packages/airflow/example_dags/example_dag_decorator.py
[2025-04-05T11:42:29.811+0100] {logging_mixin.py:188} INFO - [2025-04-05T11:42:29.811+0100] {dag.py:3096} INFO - Sync 1 DAGs
[2025-04-05T11:42:29.814+0100] {logging_mixin.py:188} INFO - [2025-04-05T11:42:29.814+0100] {dag.py:3954} INFO - Setting next_dagrun for example_dag_decorator to None, run_after=None
[2025-04-05T11:42:29.820+0100] {processor.py:183} INFO - Processing /Users/judeezeh/Desktop/Zoomcamp-project/venv/lib/python3.11/site-packages/airflow/example_dags/example_dag_decorator.py took 0.154 seconds
