[2025-04-05T11:15:44.022+0100] {processor.py:161} INFO - Started process (PID=16749) to work on /Users/judeezeh/Desktop/Zoomcamp-project/venv/lib/python3.11/site-packages/airflow/example_dags/example_latest_only_with_trigger.py
[2025-04-05T11:15:44.022+0100] {processor.py:830} INFO - Processing file /Users/judeezeh/Desktop/Zoomcamp-project/venv/lib/python3.11/site-packages/airflow/example_dags/example_latest_only_with_trigger.py for tasks to queue
[2025-04-05T11:15:44.023+0100] {logging_mixin.py:188} INFO - [2025-04-05T11:15:44.023+0100] {dagbag.py:540} INFO - Filling up the DagBag from /Users/judeezeh/Desktop/Zoomcamp-project/venv/lib/python3.11/site-packages/airflow/example_dags/example_latest_only_with_trigger.py
[2025-04-05T11:15:44.025+0100] {processor.py:840} INFO - DAG(s) 'latest_only_with_trigger' retrieved from /Users/judeezeh/Desktop/Zoomcamp-project/venv/lib/python3.11/site-packages/airflow/example_dags/example_latest_only_with_trigger.py
[2025-04-05T11:15:44.080+0100] {logging_mixin.py:188} INFO - [2025-04-05T11:15:44.080+0100] {override.py:1930} INFO - Created Permission View: can read on DAG:latest_only_with_trigger
[2025-04-05T11:15:44.104+0100] {logging_mixin.py:188} INFO - [2025-04-05T11:15:44.104+0100] {override.py:1930} INFO - Created Permission View: can edit on DAG:latest_only_with_trigger
[2025-04-05T11:15:44.106+0100] {logging_mixin.py:188} INFO - [2025-04-05T11:15:44.106+0100] {override.py:1930} INFO - Created Permission View: can delete on DAG:latest_only_with_trigger
[2025-04-05T11:15:44.106+0100] {logging_mixin.py:188} INFO - [2025-04-05T11:15:44.106+0100] {dag.py:3096} INFO - Sync 1 DAGs
[2025-04-05T11:15:44.109+0100] {logging_mixin.py:188} INFO - [2025-04-05T11:15:44.109+0100] {dag.py:3118} INFO - Creating ORM DAG for latest_only_with_trigger
[2025-04-05T11:15:44.111+0100] {logging_mixin.py:188} INFO - [2025-04-05T11:15:44.111+0100] {dag.py:3954} INFO - Setting next_dagrun for latest_only_with_trigger to 2025-04-05T04:00:00+00:00, run_after=2025-04-05T08:00:00+00:00
[2025-04-05T11:15:44.116+0100] {processor.py:183} INFO - Processing /Users/judeezeh/Desktop/Zoomcamp-project/venv/lib/python3.11/site-packages/airflow/example_dags/example_latest_only_with_trigger.py took 0.095 seconds
[2025-04-05T11:17:01.699+0100] {processor.py:161} INFO - Started process (PID=16880) to work on /Users/judeezeh/Desktop/Zoomcamp-project/venv/lib/python3.11/site-packages/airflow/example_dags/example_latest_only_with_trigger.py
[2025-04-05T11:17:01.700+0100] {processor.py:830} INFO - Processing file /Users/judeezeh/Desktop/Zoomcamp-project/venv/lib/python3.11/site-packages/airflow/example_dags/example_latest_only_with_trigger.py for tasks to queue
[2025-04-05T11:17:01.700+0100] {logging_mixin.py:188} INFO - [2025-04-05T11:17:01.700+0100] {dagbag.py:540} INFO - Filling up the DagBag from /Users/judeezeh/Desktop/Zoomcamp-project/venv/lib/python3.11/site-packages/airflow/example_dags/example_latest_only_with_trigger.py
[2025-04-05T11:17:01.703+0100] {processor.py:840} INFO - DAG(s) 'latest_only_with_trigger' retrieved from /Users/judeezeh/Desktop/Zoomcamp-project/venv/lib/python3.11/site-packages/airflow/example_dags/example_latest_only_with_trigger.py
[2025-04-05T11:17:01.732+0100] {logging_mixin.py:188} INFO - [2025-04-05T11:17:01.732+0100] {dag.py:3096} INFO - Sync 1 DAGs
[2025-04-05T11:17:01.737+0100] {logging_mixin.py:188} INFO - [2025-04-05T11:17:01.737+0100] {dag.py:3954} INFO - Setting next_dagrun for latest_only_with_trigger to 2025-04-05T04:00:00+00:00, run_after=2025-04-05T08:00:00+00:00
[2025-04-05T11:17:01.743+0100] {processor.py:183} INFO - Processing /Users/judeezeh/Desktop/Zoomcamp-project/venv/lib/python3.11/site-packages/airflow/example_dags/example_latest_only_with_trigger.py took 0.045 seconds
[2025-04-05T11:18:32.096+0100] {processor.py:161} INFO - Started process (PID=17010) to work on /Users/judeezeh/Desktop/Zoomcamp-project/venv/lib/python3.11/site-packages/airflow/example_dags/example_latest_only_with_trigger.py
[2025-04-05T11:18:32.096+0100] {processor.py:830} INFO - Processing file /Users/judeezeh/Desktop/Zoomcamp-project/venv/lib/python3.11/site-packages/airflow/example_dags/example_latest_only_with_trigger.py for tasks to queue
[2025-04-05T11:18:32.096+0100] {logging_mixin.py:188} INFO - [2025-04-05T11:18:32.096+0100] {dagbag.py:540} INFO - Filling up the DagBag from /Users/judeezeh/Desktop/Zoomcamp-project/venv/lib/python3.11/site-packages/airflow/example_dags/example_latest_only_with_trigger.py
[2025-04-05T11:18:32.099+0100] {processor.py:840} INFO - DAG(s) 'latest_only_with_trigger' retrieved from /Users/judeezeh/Desktop/Zoomcamp-project/venv/lib/python3.11/site-packages/airflow/example_dags/example_latest_only_with_trigger.py
[2025-04-05T11:18:32.128+0100] {logging_mixin.py:188} INFO - [2025-04-05T11:18:32.128+0100] {dag.py:3096} INFO - Sync 1 DAGs
[2025-04-05T11:18:32.133+0100] {logging_mixin.py:188} INFO - [2025-04-05T11:18:32.133+0100] {dag.py:3954} INFO - Setting next_dagrun for latest_only_with_trigger to 2025-04-05T04:00:00+00:00, run_after=2025-04-05T08:00:00+00:00
[2025-04-05T11:18:32.139+0100] {processor.py:183} INFO - Processing /Users/judeezeh/Desktop/Zoomcamp-project/venv/lib/python3.11/site-packages/airflow/example_dags/example_latest_only_with_trigger.py took 0.045 seconds
[2025-04-05T11:19:46.649+0100] {processor.py:161} INFO - Started process (PID=17161) to work on /Users/judeezeh/Desktop/Zoomcamp-project/venv/lib/python3.11/site-packages/airflow/example_dags/example_latest_only_with_trigger.py
[2025-04-05T11:19:46.649+0100] {processor.py:830} INFO - Processing file /Users/judeezeh/Desktop/Zoomcamp-project/venv/lib/python3.11/site-packages/airflow/example_dags/example_latest_only_with_trigger.py for tasks to queue
[2025-04-05T11:19:46.649+0100] {logging_mixin.py:188} INFO - [2025-04-05T11:19:46.649+0100] {dagbag.py:540} INFO - Filling up the DagBag from /Users/judeezeh/Desktop/Zoomcamp-project/venv/lib/python3.11/site-packages/airflow/example_dags/example_latest_only_with_trigger.py
[2025-04-05T11:19:46.652+0100] {processor.py:840} INFO - DAG(s) 'latest_only_with_trigger' retrieved from /Users/judeezeh/Desktop/Zoomcamp-project/venv/lib/python3.11/site-packages/airflow/example_dags/example_latest_only_with_trigger.py
[2025-04-05T11:19:46.681+0100] {logging_mixin.py:188} INFO - [2025-04-05T11:19:46.681+0100] {dag.py:3096} INFO - Sync 1 DAGs
[2025-04-05T11:19:46.686+0100] {logging_mixin.py:188} INFO - [2025-04-05T11:19:46.686+0100] {dag.py:3954} INFO - Setting next_dagrun for latest_only_with_trigger to 2025-04-05T04:00:00+00:00, run_after=2025-04-05T08:00:00+00:00
[2025-04-05T11:19:46.692+0100] {processor.py:183} INFO - Processing /Users/judeezeh/Desktop/Zoomcamp-project/venv/lib/python3.11/site-packages/airflow/example_dags/example_latest_only_with_trigger.py took 0.045 seconds
[2025-04-05T11:21:41.227+0100] {processor.py:161} INFO - Started process (PID=17320) to work on /Users/judeezeh/Desktop/Zoomcamp-project/venv/lib/python3.11/site-packages/airflow/example_dags/example_latest_only_with_trigger.py
[2025-04-05T11:21:41.228+0100] {processor.py:830} INFO - Processing file /Users/judeezeh/Desktop/Zoomcamp-project/venv/lib/python3.11/site-packages/airflow/example_dags/example_latest_only_with_trigger.py for tasks to queue
[2025-04-05T11:21:41.228+0100] {logging_mixin.py:188} INFO - [2025-04-05T11:21:41.228+0100] {dagbag.py:540} INFO - Filling up the DagBag from /Users/judeezeh/Desktop/Zoomcamp-project/venv/lib/python3.11/site-packages/airflow/example_dags/example_latest_only_with_trigger.py
[2025-04-05T11:21:41.231+0100] {processor.py:840} INFO - DAG(s) 'latest_only_with_trigger' retrieved from /Users/judeezeh/Desktop/Zoomcamp-project/venv/lib/python3.11/site-packages/airflow/example_dags/example_latest_only_with_trigger.py
[2025-04-05T11:21:41.262+0100] {logging_mixin.py:188} INFO - [2025-04-05T11:21:41.262+0100] {dag.py:3096} INFO - Sync 1 DAGs
[2025-04-05T11:21:41.267+0100] {logging_mixin.py:188} INFO - [2025-04-05T11:21:41.267+0100] {dag.py:3954} INFO - Setting next_dagrun for latest_only_with_trigger to 2025-04-05T04:00:00+00:00, run_after=2025-04-05T08:00:00+00:00
[2025-04-05T11:21:41.275+0100] {processor.py:183} INFO - Processing /Users/judeezeh/Desktop/Zoomcamp-project/venv/lib/python3.11/site-packages/airflow/example_dags/example_latest_only_with_trigger.py took 0.049 seconds
[2025-04-05T11:23:00.800+0100] {processor.py:161} INFO - Started process (PID=17440) to work on /Users/judeezeh/Desktop/Zoomcamp-project/venv/lib/python3.11/site-packages/airflow/example_dags/example_latest_only_with_trigger.py
[2025-04-05T11:23:00.801+0100] {processor.py:830} INFO - Processing file /Users/judeezeh/Desktop/Zoomcamp-project/venv/lib/python3.11/site-packages/airflow/example_dags/example_latest_only_with_trigger.py for tasks to queue
[2025-04-05T11:23:00.801+0100] {logging_mixin.py:188} INFO - [2025-04-05T11:23:00.801+0100] {dagbag.py:540} INFO - Filling up the DagBag from /Users/judeezeh/Desktop/Zoomcamp-project/venv/lib/python3.11/site-packages/airflow/example_dags/example_latest_only_with_trigger.py
[2025-04-05T11:23:00.804+0100] {processor.py:840} INFO - DAG(s) 'latest_only_with_trigger' retrieved from /Users/judeezeh/Desktop/Zoomcamp-project/venv/lib/python3.11/site-packages/airflow/example_dags/example_latest_only_with_trigger.py
[2025-04-05T11:23:00.833+0100] {logging_mixin.py:188} INFO - [2025-04-05T11:23:00.833+0100] {dag.py:3096} INFO - Sync 1 DAGs
[2025-04-05T11:23:00.838+0100] {logging_mixin.py:188} INFO - [2025-04-05T11:23:00.838+0100] {dag.py:3954} INFO - Setting next_dagrun for latest_only_with_trigger to 2025-04-05T04:00:00+00:00, run_after=2025-04-05T08:00:00+00:00
[2025-04-05T11:23:00.845+0100] {processor.py:183} INFO - Processing /Users/judeezeh/Desktop/Zoomcamp-project/venv/lib/python3.11/site-packages/airflow/example_dags/example_latest_only_with_trigger.py took 0.046 seconds
[2025-04-05T11:24:39.825+0100] {processor.py:161} INFO - Started process (PID=17575) to work on /Users/judeezeh/Desktop/Zoomcamp-project/venv/lib/python3.11/site-packages/airflow/example_dags/example_latest_only_with_trigger.py
[2025-04-05T11:24:39.826+0100] {processor.py:830} INFO - Processing file /Users/judeezeh/Desktop/Zoomcamp-project/venv/lib/python3.11/site-packages/airflow/example_dags/example_latest_only_with_trigger.py for tasks to queue
[2025-04-05T11:24:39.827+0100] {logging_mixin.py:188} INFO - [2025-04-05T11:24:39.827+0100] {dagbag.py:540} INFO - Filling up the DagBag from /Users/judeezeh/Desktop/Zoomcamp-project/venv/lib/python3.11/site-packages/airflow/example_dags/example_latest_only_with_trigger.py
[2025-04-05T11:24:39.829+0100] {processor.py:840} INFO - DAG(s) 'latest_only_with_trigger' retrieved from /Users/judeezeh/Desktop/Zoomcamp-project/venv/lib/python3.11/site-packages/airflow/example_dags/example_latest_only_with_trigger.py
[2025-04-05T11:24:39.858+0100] {logging_mixin.py:188} INFO - [2025-04-05T11:24:39.858+0100] {dag.py:3096} INFO - Sync 1 DAGs
[2025-04-05T11:24:39.863+0100] {logging_mixin.py:188} INFO - [2025-04-05T11:24:39.863+0100] {dag.py:3954} INFO - Setting next_dagrun for latest_only_with_trigger to 2025-04-05T04:00:00+00:00, run_after=2025-04-05T08:00:00+00:00
[2025-04-05T11:24:39.869+0100] {processor.py:183} INFO - Processing /Users/judeezeh/Desktop/Zoomcamp-project/venv/lib/python3.11/site-packages/airflow/example_dags/example_latest_only_with_trigger.py took 0.045 seconds
[2025-04-05T11:26:17.088+0100] {processor.py:161} INFO - Started process (PID=17714) to work on /Users/judeezeh/Desktop/Zoomcamp-project/venv/lib/python3.11/site-packages/airflow/example_dags/example_latest_only_with_trigger.py
[2025-04-05T11:26:17.088+0100] {processor.py:830} INFO - Processing file /Users/judeezeh/Desktop/Zoomcamp-project/venv/lib/python3.11/site-packages/airflow/example_dags/example_latest_only_with_trigger.py for tasks to queue
[2025-04-05T11:26:17.088+0100] {logging_mixin.py:188} INFO - [2025-04-05T11:26:17.088+0100] {dagbag.py:540} INFO - Filling up the DagBag from /Users/judeezeh/Desktop/Zoomcamp-project/venv/lib/python3.11/site-packages/airflow/example_dags/example_latest_only_with_trigger.py
[2025-04-05T11:26:17.091+0100] {processor.py:840} INFO - DAG(s) 'latest_only_with_trigger' retrieved from /Users/judeezeh/Desktop/Zoomcamp-project/venv/lib/python3.11/site-packages/airflow/example_dags/example_latest_only_with_trigger.py
[2025-04-05T11:26:17.121+0100] {logging_mixin.py:188} INFO - [2025-04-05T11:26:17.121+0100] {dag.py:3096} INFO - Sync 1 DAGs
[2025-04-05T11:26:17.126+0100] {logging_mixin.py:188} INFO - [2025-04-05T11:26:17.126+0100] {dag.py:3954} INFO - Setting next_dagrun for latest_only_with_trigger to 2025-04-05T04:00:00+00:00, run_after=2025-04-05T08:00:00+00:00
[2025-04-05T11:26:17.134+0100] {processor.py:183} INFO - Processing /Users/judeezeh/Desktop/Zoomcamp-project/venv/lib/python3.11/site-packages/airflow/example_dags/example_latest_only_with_trigger.py took 0.047 seconds
[2025-04-05T11:28:03.278+0100] {processor.py:161} INFO - Started process (PID=17867) to work on /Users/judeezeh/Desktop/Zoomcamp-project/venv/lib/python3.11/site-packages/airflow/example_dags/example_latest_only_with_trigger.py
[2025-04-05T11:28:03.278+0100] {processor.py:830} INFO - Processing file /Users/judeezeh/Desktop/Zoomcamp-project/venv/lib/python3.11/site-packages/airflow/example_dags/example_latest_only_with_trigger.py for tasks to queue
[2025-04-05T11:28:03.279+0100] {logging_mixin.py:188} INFO - [2025-04-05T11:28:03.279+0100] {dagbag.py:540} INFO - Filling up the DagBag from /Users/judeezeh/Desktop/Zoomcamp-project/venv/lib/python3.11/site-packages/airflow/example_dags/example_latest_only_with_trigger.py
[2025-04-05T11:28:03.282+0100] {processor.py:840} INFO - DAG(s) 'latest_only_with_trigger' retrieved from /Users/judeezeh/Desktop/Zoomcamp-project/venv/lib/python3.11/site-packages/airflow/example_dags/example_latest_only_with_trigger.py
[2025-04-05T11:28:03.312+0100] {logging_mixin.py:188} INFO - [2025-04-05T11:28:03.312+0100] {dag.py:3096} INFO - Sync 1 DAGs
[2025-04-05T11:28:03.317+0100] {logging_mixin.py:188} INFO - [2025-04-05T11:28:03.317+0100] {dag.py:3954} INFO - Setting next_dagrun for latest_only_with_trigger to 2025-04-05T04:00:00+00:00, run_after=2025-04-05T08:00:00+00:00
[2025-04-05T11:28:03.324+0100] {processor.py:183} INFO - Processing /Users/judeezeh/Desktop/Zoomcamp-project/venv/lib/python3.11/site-packages/airflow/example_dags/example_latest_only_with_trigger.py took 0.047 seconds
[2025-04-05T11:29:54.748+0100] {processor.py:161} INFO - Started process (PID=18022) to work on /Users/judeezeh/Desktop/Zoomcamp-project/venv/lib/python3.11/site-packages/airflow/example_dags/example_latest_only_with_trigger.py
[2025-04-05T11:29:54.749+0100] {processor.py:830} INFO - Processing file /Users/judeezeh/Desktop/Zoomcamp-project/venv/lib/python3.11/site-packages/airflow/example_dags/example_latest_only_with_trigger.py for tasks to queue
[2025-04-05T11:29:54.749+0100] {logging_mixin.py:188} INFO - [2025-04-05T11:29:54.749+0100] {dagbag.py:540} INFO - Filling up the DagBag from /Users/judeezeh/Desktop/Zoomcamp-project/venv/lib/python3.11/site-packages/airflow/example_dags/example_latest_only_with_trigger.py
[2025-04-05T11:29:54.752+0100] {processor.py:840} INFO - DAG(s) 'latest_only_with_trigger' retrieved from /Users/judeezeh/Desktop/Zoomcamp-project/venv/lib/python3.11/site-packages/airflow/example_dags/example_latest_only_with_trigger.py
[2025-04-05T11:29:54.781+0100] {logging_mixin.py:188} INFO - [2025-04-05T11:29:54.781+0100] {dag.py:3096} INFO - Sync 1 DAGs
[2025-04-05T11:29:54.785+0100] {logging_mixin.py:188} INFO - [2025-04-05T11:29:54.785+0100] {dag.py:3954} INFO - Setting next_dagrun for latest_only_with_trigger to 2025-04-05T04:00:00+00:00, run_after=2025-04-05T08:00:00+00:00
[2025-04-05T11:29:54.792+0100] {processor.py:183} INFO - Processing /Users/judeezeh/Desktop/Zoomcamp-project/venv/lib/python3.11/site-packages/airflow/example_dags/example_latest_only_with_trigger.py took 0.045 seconds
[2025-04-05T11:31:35.791+0100] {processor.py:161} INFO - Started process (PID=18176) to work on /Users/judeezeh/Desktop/Zoomcamp-project/venv/lib/python3.11/site-packages/airflow/example_dags/example_latest_only_with_trigger.py
[2025-04-05T11:31:35.792+0100] {processor.py:830} INFO - Processing file /Users/judeezeh/Desktop/Zoomcamp-project/venv/lib/python3.11/site-packages/airflow/example_dags/example_latest_only_with_trigger.py for tasks to queue
[2025-04-05T11:31:35.792+0100] {logging_mixin.py:188} INFO - [2025-04-05T11:31:35.792+0100] {dagbag.py:540} INFO - Filling up the DagBag from /Users/judeezeh/Desktop/Zoomcamp-project/venv/lib/python3.11/site-packages/airflow/example_dags/example_latest_only_with_trigger.py
[2025-04-05T11:31:35.796+0100] {processor.py:840} INFO - DAG(s) 'latest_only_with_trigger' retrieved from /Users/judeezeh/Desktop/Zoomcamp-project/venv/lib/python3.11/site-packages/airflow/example_dags/example_latest_only_with_trigger.py
[2025-04-05T11:31:35.825+0100] {logging_mixin.py:188} INFO - [2025-04-05T11:31:35.824+0100] {dag.py:3096} INFO - Sync 1 DAGs
[2025-04-05T11:31:35.829+0100] {logging_mixin.py:188} INFO - [2025-04-05T11:31:35.829+0100] {dag.py:3954} INFO - Setting next_dagrun for latest_only_with_trigger to 2025-04-05T04:00:00+00:00, run_after=2025-04-05T08:00:00+00:00
[2025-04-05T11:31:35.836+0100] {processor.py:183} INFO - Processing /Users/judeezeh/Desktop/Zoomcamp-project/venv/lib/python3.11/site-packages/airflow/example_dags/example_latest_only_with_trigger.py took 0.046 seconds
[2025-04-05T11:33:17.898+0100] {processor.py:161} INFO - Started process (PID=18325) to work on /Users/judeezeh/Desktop/Zoomcamp-project/venv/lib/python3.11/site-packages/airflow/example_dags/example_latest_only_with_trigger.py
[2025-04-05T11:33:17.898+0100] {processor.py:830} INFO - Processing file /Users/judeezeh/Desktop/Zoomcamp-project/venv/lib/python3.11/site-packages/airflow/example_dags/example_latest_only_with_trigger.py for tasks to queue
[2025-04-05T11:33:17.898+0100] {logging_mixin.py:188} INFO - [2025-04-05T11:33:17.898+0100] {dagbag.py:540} INFO - Filling up the DagBag from /Users/judeezeh/Desktop/Zoomcamp-project/venv/lib/python3.11/site-packages/airflow/example_dags/example_latest_only_with_trigger.py
[2025-04-05T11:33:17.901+0100] {processor.py:840} INFO - DAG(s) 'latest_only_with_trigger' retrieved from /Users/judeezeh/Desktop/Zoomcamp-project/venv/lib/python3.11/site-packages/airflow/example_dags/example_latest_only_with_trigger.py
[2025-04-05T11:33:17.930+0100] {logging_mixin.py:188} INFO - [2025-04-05T11:33:17.930+0100] {dag.py:3096} INFO - Sync 1 DAGs
[2025-04-05T11:33:17.935+0100] {logging_mixin.py:188} INFO - [2025-04-05T11:33:17.935+0100] {dag.py:3954} INFO - Setting next_dagrun for latest_only_with_trigger to 2025-04-05T04:00:00+00:00, run_after=2025-04-05T08:00:00+00:00
[2025-04-05T11:33:17.942+0100] {processor.py:183} INFO - Processing /Users/judeezeh/Desktop/Zoomcamp-project/venv/lib/python3.11/site-packages/airflow/example_dags/example_latest_only_with_trigger.py took 0.046 seconds
[2025-04-05T11:35:01.257+0100] {processor.py:161} INFO - Started process (PID=18474) to work on /Users/judeezeh/Desktop/Zoomcamp-project/venv/lib/python3.11/site-packages/airflow/example_dags/example_latest_only_with_trigger.py
[2025-04-05T11:35:01.258+0100] {processor.py:830} INFO - Processing file /Users/judeezeh/Desktop/Zoomcamp-project/venv/lib/python3.11/site-packages/airflow/example_dags/example_latest_only_with_trigger.py for tasks to queue
[2025-04-05T11:35:01.258+0100] {logging_mixin.py:188} INFO - [2025-04-05T11:35:01.258+0100] {dagbag.py:540} INFO - Filling up the DagBag from /Users/judeezeh/Desktop/Zoomcamp-project/venv/lib/python3.11/site-packages/airflow/example_dags/example_latest_only_with_trigger.py
[2025-04-05T11:35:01.261+0100] {processor.py:840} INFO - DAG(s) 'latest_only_with_trigger' retrieved from /Users/judeezeh/Desktop/Zoomcamp-project/venv/lib/python3.11/site-packages/airflow/example_dags/example_latest_only_with_trigger.py
[2025-04-05T11:35:01.290+0100] {logging_mixin.py:188} INFO - [2025-04-05T11:35:01.290+0100] {dag.py:3096} INFO - Sync 1 DAGs
[2025-04-05T11:35:01.294+0100] {logging_mixin.py:188} INFO - [2025-04-05T11:35:01.294+0100] {dag.py:3954} INFO - Setting next_dagrun for latest_only_with_trigger to 2025-04-05T04:00:00+00:00, run_after=2025-04-05T08:00:00+00:00
[2025-04-05T11:35:01.301+0100] {processor.py:183} INFO - Processing /Users/judeezeh/Desktop/Zoomcamp-project/venv/lib/python3.11/site-packages/airflow/example_dags/example_latest_only_with_trigger.py took 0.045 seconds
[2025-04-05T11:36:42.691+0100] {processor.py:161} INFO - Started process (PID=18616) to work on /Users/judeezeh/Desktop/Zoomcamp-project/venv/lib/python3.11/site-packages/airflow/example_dags/example_latest_only_with_trigger.py
[2025-04-05T11:36:42.692+0100] {processor.py:830} INFO - Processing file /Users/judeezeh/Desktop/Zoomcamp-project/venv/lib/python3.11/site-packages/airflow/example_dags/example_latest_only_with_trigger.py for tasks to queue
[2025-04-05T11:36:42.692+0100] {logging_mixin.py:188} INFO - [2025-04-05T11:36:42.692+0100] {dagbag.py:540} INFO - Filling up the DagBag from /Users/judeezeh/Desktop/Zoomcamp-project/venv/lib/python3.11/site-packages/airflow/example_dags/example_latest_only_with_trigger.py
[2025-04-05T11:36:42.695+0100] {processor.py:840} INFO - DAG(s) 'latest_only_with_trigger' retrieved from /Users/judeezeh/Desktop/Zoomcamp-project/venv/lib/python3.11/site-packages/airflow/example_dags/example_latest_only_with_trigger.py
[2025-04-05T11:36:42.725+0100] {logging_mixin.py:188} INFO - [2025-04-05T11:36:42.725+0100] {dag.py:3096} INFO - Sync 1 DAGs
[2025-04-05T11:36:42.729+0100] {logging_mixin.py:188} INFO - [2025-04-05T11:36:42.729+0100] {dag.py:3954} INFO - Setting next_dagrun for latest_only_with_trigger to 2025-04-05T04:00:00+00:00, run_after=2025-04-05T08:00:00+00:00
[2025-04-05T11:36:42.736+0100] {processor.py:183} INFO - Processing /Users/judeezeh/Desktop/Zoomcamp-project/venv/lib/python3.11/site-packages/airflow/example_dags/example_latest_only_with_trigger.py took 0.046 seconds
[2025-04-05T11:39:06.778+0100] {processor.py:161} INFO - Started process (PID=18846) to work on /Users/judeezeh/Desktop/Zoomcamp-project/venv/lib/python3.11/site-packages/airflow/example_dags/example_latest_only_with_trigger.py
[2025-04-05T11:39:06.779+0100] {processor.py:830} INFO - Processing file /Users/judeezeh/Desktop/Zoomcamp-project/venv/lib/python3.11/site-packages/airflow/example_dags/example_latest_only_with_trigger.py for tasks to queue
[2025-04-05T11:39:06.779+0100] {logging_mixin.py:188} INFO - [2025-04-05T11:39:06.779+0100] {dagbag.py:540} INFO - Filling up the DagBag from /Users/judeezeh/Desktop/Zoomcamp-project/venv/lib/python3.11/site-packages/airflow/example_dags/example_latest_only_with_trigger.py
[2025-04-05T11:39:06.781+0100] {processor.py:840} INFO - DAG(s) 'latest_only_with_trigger' retrieved from /Users/judeezeh/Desktop/Zoomcamp-project/venv/lib/python3.11/site-packages/airflow/example_dags/example_latest_only_with_trigger.py
[2025-04-05T11:39:06.811+0100] {logging_mixin.py:188} INFO - [2025-04-05T11:39:06.810+0100] {dag.py:3096} INFO - Sync 1 DAGs
[2025-04-05T11:39:06.815+0100] {logging_mixin.py:188} INFO - [2025-04-05T11:39:06.815+0100] {dag.py:3954} INFO - Setting next_dagrun for latest_only_with_trigger to 2025-04-05T04:00:00+00:00, run_after=2025-04-05T08:00:00+00:00
[2025-04-05T11:39:06.822+0100] {processor.py:183} INFO - Processing /Users/judeezeh/Desktop/Zoomcamp-project/venv/lib/python3.11/site-packages/airflow/example_dags/example_latest_only_with_trigger.py took 0.045 seconds
[2025-04-05T11:40:47.243+0100] {processor.py:161} INFO - Started process (PID=19037) to work on /Users/judeezeh/Desktop/Zoomcamp-project/venv/lib/python3.11/site-packages/airflow/example_dags/example_latest_only_with_trigger.py
[2025-04-05T11:40:47.244+0100] {processor.py:830} INFO - Processing file /Users/judeezeh/Desktop/Zoomcamp-project/venv/lib/python3.11/site-packages/airflow/example_dags/example_latest_only_with_trigger.py for tasks to queue
[2025-04-05T11:40:47.244+0100] {logging_mixin.py:188} INFO - [2025-04-05T11:40:47.244+0100] {dagbag.py:540} INFO - Filling up the DagBag from /Users/judeezeh/Desktop/Zoomcamp-project/venv/lib/python3.11/site-packages/airflow/example_dags/example_latest_only_with_trigger.py
[2025-04-05T11:40:47.247+0100] {processor.py:840} INFO - DAG(s) 'latest_only_with_trigger' retrieved from /Users/judeezeh/Desktop/Zoomcamp-project/venv/lib/python3.11/site-packages/airflow/example_dags/example_latest_only_with_trigger.py
[2025-04-05T11:40:47.276+0100] {logging_mixin.py:188} INFO - [2025-04-05T11:40:47.276+0100] {dag.py:3096} INFO - Sync 1 DAGs
[2025-04-05T11:40:47.281+0100] {logging_mixin.py:188} INFO - [2025-04-05T11:40:47.281+0100] {dag.py:3954} INFO - Setting next_dagrun for latest_only_with_trigger to 2025-04-05T04:00:00+00:00, run_after=2025-04-05T08:00:00+00:00
[2025-04-05T11:40:47.287+0100] {processor.py:183} INFO - Processing /Users/judeezeh/Desktop/Zoomcamp-project/venv/lib/python3.11/site-packages/airflow/example_dags/example_latest_only_with_trigger.py took 0.045 seconds
[2025-04-05T11:42:17.313+0100] {processor.py:161} INFO - Started process (PID=19175) to work on /Users/judeezeh/Desktop/Zoomcamp-project/venv/lib/python3.11/site-packages/airflow/example_dags/example_latest_only_with_trigger.py
[2025-04-05T11:42:17.314+0100] {processor.py:830} INFO - Processing file /Users/judeezeh/Desktop/Zoomcamp-project/venv/lib/python3.11/site-packages/airflow/example_dags/example_latest_only_with_trigger.py for tasks to queue
[2025-04-05T11:42:17.314+0100] {logging_mixin.py:188} INFO - [2025-04-05T11:42:17.314+0100] {dagbag.py:540} INFO - Filling up the DagBag from /Users/judeezeh/Desktop/Zoomcamp-project/venv/lib/python3.11/site-packages/airflow/example_dags/example_latest_only_with_trigger.py
[2025-04-05T11:42:17.317+0100] {processor.py:840} INFO - DAG(s) 'latest_only_with_trigger' retrieved from /Users/judeezeh/Desktop/Zoomcamp-project/venv/lib/python3.11/site-packages/airflow/example_dags/example_latest_only_with_trigger.py
[2025-04-05T11:42:17.346+0100] {logging_mixin.py:188} INFO - [2025-04-05T11:42:17.346+0100] {dag.py:3096} INFO - Sync 1 DAGs
[2025-04-05T11:42:17.351+0100] {logging_mixin.py:188} INFO - [2025-04-05T11:42:17.351+0100] {dag.py:3954} INFO - Setting next_dagrun for latest_only_with_trigger to 2025-04-05T04:00:00+00:00, run_after=2025-04-05T08:00:00+00:00
[2025-04-05T11:42:17.358+0100] {processor.py:183} INFO - Processing /Users/judeezeh/Desktop/Zoomcamp-project/venv/lib/python3.11/site-packages/airflow/example_dags/example_latest_only_with_trigger.py took 0.046 seconds
