[2025-04-05T11:15:20.058+0100] {processor.py:161} INFO - Started process (PID=16719) to work on /Users/judeezeh/Desktop/Zoomcamp-project/venv/lib/python3.11/site-packages/airflow/example_dags/example_skip_dag.py
[2025-04-05T11:15:20.058+0100] {processor.py:830} INFO - Processing file /Users/judeezeh/Desktop/Zoomcamp-project/venv/lib/python3.11/site-packages/airflow/example_dags/example_skip_dag.py for tasks to queue
[2025-04-05T11:15:20.058+0100] {logging_mixin.py:188} INFO - [2025-04-05T11:15:20.058+0100] {dagbag.py:540} INFO - Filling up the DagBag from /Users/judeezeh/Desktop/Zoomcamp-project/venv/lib/python3.11/site-packages/airflow/example_dags/example_skip_dag.py
[2025-04-05T11:15:20.060+0100] {processor.py:840} INFO - DAG(s) 'example_skip_dag' retrieved from /Users/judeezeh/Desktop/Zoomcamp-project/venv/lib/python3.11/site-packages/airflow/example_dags/example_skip_dag.py
[2025-04-05T11:15:20.116+0100] {logging_mixin.py:188} INFO - [2025-04-05T11:15:20.115+0100] {override.py:1930} INFO - Created Permission View: can delete on DAG:example_skip_dag
[2025-04-05T11:15:20.140+0100] {logging_mixin.py:188} INFO - [2025-04-05T11:15:20.140+0100] {override.py:1930} INFO - Created Permission View: can edit on DAG:example_skip_dag
[2025-04-05T11:15:20.141+0100] {logging_mixin.py:188} INFO - [2025-04-05T11:15:20.141+0100] {override.py:1930} INFO - Created Permission View: can read on DAG:example_skip_dag
[2025-04-05T11:15:20.142+0100] {logging_mixin.py:188} INFO - [2025-04-05T11:15:20.142+0100] {dag.py:3096} INFO - Sync 1 DAGs
[2025-04-05T11:15:20.145+0100] {logging_mixin.py:188} INFO - [2025-04-05T11:15:20.144+0100] {dag.py:3118} INFO - Creating ORM DAG for example_skip_dag
[2025-04-05T11:15:20.147+0100] {logging_mixin.py:188} INFO - [2025-04-05T11:15:20.147+0100] {dag.py:3954} INFO - Setting next_dagrun for example_skip_dag to 2025-04-04T00:00:00+00:00, run_after=2025-04-05T00:00:00+00:00
[2025-04-05T11:15:20.152+0100] {processor.py:183} INFO - Processing /Users/judeezeh/Desktop/Zoomcamp-project/venv/lib/python3.11/site-packages/airflow/example_dags/example_skip_dag.py took 0.095 seconds
[2025-04-05T11:16:43.044+0100] {processor.py:161} INFO - Started process (PID=16850) to work on /Users/judeezeh/Desktop/Zoomcamp-project/venv/lib/python3.11/site-packages/airflow/example_dags/example_skip_dag.py
[2025-04-05T11:16:43.044+0100] {processor.py:830} INFO - Processing file /Users/judeezeh/Desktop/Zoomcamp-project/venv/lib/python3.11/site-packages/airflow/example_dags/example_skip_dag.py for tasks to queue
[2025-04-05T11:16:43.045+0100] {logging_mixin.py:188} INFO - [2025-04-05T11:16:43.045+0100] {dagbag.py:540} INFO - Filling up the DagBag from /Users/judeezeh/Desktop/Zoomcamp-project/venv/lib/python3.11/site-packages/airflow/example_dags/example_skip_dag.py
[2025-04-05T11:16:43.047+0100] {processor.py:840} INFO - DAG(s) 'example_skip_dag' retrieved from /Users/judeezeh/Desktop/Zoomcamp-project/venv/lib/python3.11/site-packages/airflow/example_dags/example_skip_dag.py
[2025-04-05T11:16:43.077+0100] {logging_mixin.py:188} INFO - [2025-04-05T11:16:43.077+0100] {dag.py:3096} INFO - Sync 1 DAGs
[2025-04-05T11:16:43.081+0100] {logging_mixin.py:188} INFO - [2025-04-05T11:16:43.081+0100] {dag.py:3954} INFO - Setting next_dagrun for example_skip_dag to 2025-04-04T00:00:00+00:00, run_after=2025-04-05T00:00:00+00:00
[2025-04-05T11:16:43.088+0100] {processor.py:183} INFO - Processing /Users/judeezeh/Desktop/Zoomcamp-project/venv/lib/python3.11/site-packages/airflow/example_dags/example_skip_dag.py took 0.045 seconds
[2025-04-05T11:18:10.739+0100] {processor.py:161} INFO - Started process (PID=16980) to work on /Users/judeezeh/Desktop/Zoomcamp-project/venv/lib/python3.11/site-packages/airflow/example_dags/example_skip_dag.py
[2025-04-05T11:18:10.740+0100] {processor.py:830} INFO - Processing file /Users/judeezeh/Desktop/Zoomcamp-project/venv/lib/python3.11/site-packages/airflow/example_dags/example_skip_dag.py for tasks to queue
[2025-04-05T11:18:10.740+0100] {logging_mixin.py:188} INFO - [2025-04-05T11:18:10.740+0100] {dagbag.py:540} INFO - Filling up the DagBag from /Users/judeezeh/Desktop/Zoomcamp-project/venv/lib/python3.11/site-packages/airflow/example_dags/example_skip_dag.py
[2025-04-05T11:18:10.742+0100] {processor.py:840} INFO - DAG(s) 'example_skip_dag' retrieved from /Users/judeezeh/Desktop/Zoomcamp-project/venv/lib/python3.11/site-packages/airflow/example_dags/example_skip_dag.py
[2025-04-05T11:18:10.771+0100] {logging_mixin.py:188} INFO - [2025-04-05T11:18:10.771+0100] {dag.py:3096} INFO - Sync 1 DAGs
[2025-04-05T11:18:10.776+0100] {logging_mixin.py:188} INFO - [2025-04-05T11:18:10.776+0100] {dag.py:3954} INFO - Setting next_dagrun for example_skip_dag to 2025-04-04T00:00:00+00:00, run_after=2025-04-05T00:00:00+00:00
[2025-04-05T11:18:10.782+0100] {processor.py:183} INFO - Processing /Users/judeezeh/Desktop/Zoomcamp-project/venv/lib/python3.11/site-packages/airflow/example_dags/example_skip_dag.py took 0.045 seconds
[2025-04-05T11:19:24.660+0100] {processor.py:161} INFO - Started process (PID=17120) to work on /Users/judeezeh/Desktop/Zoomcamp-project/venv/lib/python3.11/site-packages/airflow/example_dags/example_skip_dag.py
[2025-04-05T11:19:24.661+0100] {processor.py:830} INFO - Processing file /Users/judeezeh/Desktop/Zoomcamp-project/venv/lib/python3.11/site-packages/airflow/example_dags/example_skip_dag.py for tasks to queue
[2025-04-05T11:19:24.661+0100] {logging_mixin.py:188} INFO - [2025-04-05T11:19:24.661+0100] {dagbag.py:540} INFO - Filling up the DagBag from /Users/judeezeh/Desktop/Zoomcamp-project/venv/lib/python3.11/site-packages/airflow/example_dags/example_skip_dag.py
[2025-04-05T11:19:24.664+0100] {processor.py:840} INFO - DAG(s) 'example_skip_dag' retrieved from /Users/judeezeh/Desktop/Zoomcamp-project/venv/lib/python3.11/site-packages/airflow/example_dags/example_skip_dag.py
[2025-04-05T11:19:24.695+0100] {logging_mixin.py:188} INFO - [2025-04-05T11:19:24.694+0100] {dag.py:3096} INFO - Sync 1 DAGs
[2025-04-05T11:19:24.699+0100] {logging_mixin.py:188} INFO - [2025-04-05T11:19:24.699+0100] {dag.py:3954} INFO - Setting next_dagrun for example_skip_dag to 2025-04-04T00:00:00+00:00, run_after=2025-04-05T00:00:00+00:00
[2025-04-05T11:19:24.706+0100] {processor.py:183} INFO - Processing /Users/judeezeh/Desktop/Zoomcamp-project/venv/lib/python3.11/site-packages/airflow/example_dags/example_skip_dag.py took 0.047 seconds
[2025-04-05T11:20:49.099+0100] {processor.py:161} INFO - Started process (PID=17252) to work on /Users/judeezeh/Desktop/Zoomcamp-project/venv/lib/python3.11/site-packages/airflow/example_dags/example_skip_dag.py
[2025-04-05T11:20:49.099+0100] {processor.py:830} INFO - Processing file /Users/judeezeh/Desktop/Zoomcamp-project/venv/lib/python3.11/site-packages/airflow/example_dags/example_skip_dag.py for tasks to queue
[2025-04-05T11:20:49.100+0100] {logging_mixin.py:188} INFO - [2025-04-05T11:20:49.100+0100] {dagbag.py:540} INFO - Filling up the DagBag from /Users/judeezeh/Desktop/Zoomcamp-project/venv/lib/python3.11/site-packages/airflow/example_dags/example_skip_dag.py
[2025-04-05T11:20:49.103+0100] {processor.py:840} INFO - DAG(s) 'example_skip_dag' retrieved from /Users/judeezeh/Desktop/Zoomcamp-project/venv/lib/python3.11/site-packages/airflow/example_dags/example_skip_dag.py
[2025-04-05T11:20:49.140+0100] {logging_mixin.py:188} INFO - [2025-04-05T11:20:49.139+0100] {dag.py:3096} INFO - Sync 1 DAGs
[2025-04-05T11:20:49.147+0100] {logging_mixin.py:188} INFO - [2025-04-05T11:20:49.147+0100] {dag.py:3954} INFO - Setting next_dagrun for example_skip_dag to 2025-04-04T00:00:00+00:00, run_after=2025-04-05T00:00:00+00:00
[2025-04-05T11:20:49.157+0100] {processor.py:183} INFO - Processing /Users/judeezeh/Desktop/Zoomcamp-project/venv/lib/python3.11/site-packages/airflow/example_dags/example_skip_dag.py took 0.059 seconds
[2025-04-05T11:22:41.074+0100] {processor.py:161} INFO - Started process (PID=17409) to work on /Users/judeezeh/Desktop/Zoomcamp-project/venv/lib/python3.11/site-packages/airflow/example_dags/example_skip_dag.py
[2025-04-05T11:22:41.075+0100] {processor.py:830} INFO - Processing file /Users/judeezeh/Desktop/Zoomcamp-project/venv/lib/python3.11/site-packages/airflow/example_dags/example_skip_dag.py for tasks to queue
[2025-04-05T11:22:41.075+0100] {logging_mixin.py:188} INFO - [2025-04-05T11:22:41.075+0100] {dagbag.py:540} INFO - Filling up the DagBag from /Users/judeezeh/Desktop/Zoomcamp-project/venv/lib/python3.11/site-packages/airflow/example_dags/example_skip_dag.py
[2025-04-05T11:22:41.078+0100] {processor.py:840} INFO - DAG(s) 'example_skip_dag' retrieved from /Users/judeezeh/Desktop/Zoomcamp-project/venv/lib/python3.11/site-packages/airflow/example_dags/example_skip_dag.py
[2025-04-05T11:22:41.108+0100] {logging_mixin.py:188} INFO - [2025-04-05T11:22:41.107+0100] {dag.py:3096} INFO - Sync 1 DAGs
[2025-04-05T11:22:41.112+0100] {logging_mixin.py:188} INFO - [2025-04-05T11:22:41.112+0100] {dag.py:3954} INFO - Setting next_dagrun for example_skip_dag to 2025-04-04T00:00:00+00:00, run_after=2025-04-05T00:00:00+00:00
[2025-04-05T11:22:41.119+0100] {processor.py:183} INFO - Processing /Users/judeezeh/Desktop/Zoomcamp-project/venv/lib/python3.11/site-packages/airflow/example_dags/example_skip_dag.py took 0.046 seconds
[2025-04-05T11:24:16.231+0100] {processor.py:161} INFO - Started process (PID=17546) to work on /Users/judeezeh/Desktop/Zoomcamp-project/venv/lib/python3.11/site-packages/airflow/example_dags/example_skip_dag.py
[2025-04-05T11:24:16.232+0100] {processor.py:830} INFO - Processing file /Users/judeezeh/Desktop/Zoomcamp-project/venv/lib/python3.11/site-packages/airflow/example_dags/example_skip_dag.py for tasks to queue
[2025-04-05T11:24:16.232+0100] {logging_mixin.py:188} INFO - [2025-04-05T11:24:16.232+0100] {dagbag.py:540} INFO - Filling up the DagBag from /Users/judeezeh/Desktop/Zoomcamp-project/venv/lib/python3.11/site-packages/airflow/example_dags/example_skip_dag.py
[2025-04-05T11:24:16.235+0100] {processor.py:840} INFO - DAG(s) 'example_skip_dag' retrieved from /Users/judeezeh/Desktop/Zoomcamp-project/venv/lib/python3.11/site-packages/airflow/example_dags/example_skip_dag.py
[2025-04-05T11:24:16.264+0100] {logging_mixin.py:188} INFO - [2025-04-05T11:24:16.264+0100] {dag.py:3096} INFO - Sync 1 DAGs
[2025-04-05T11:24:16.269+0100] {logging_mixin.py:188} INFO - [2025-04-05T11:24:16.269+0100] {dag.py:3954} INFO - Setting next_dagrun for example_skip_dag to 2025-04-04T00:00:00+00:00, run_after=2025-04-05T00:00:00+00:00
[2025-04-05T11:24:16.275+0100] {processor.py:183} INFO - Processing /Users/judeezeh/Desktop/Zoomcamp-project/venv/lib/python3.11/site-packages/airflow/example_dags/example_skip_dag.py took 0.045 seconds
[2025-04-05T11:25:56.594+0100] {processor.py:161} INFO - Started process (PID=17681) to work on /Users/judeezeh/Desktop/Zoomcamp-project/venv/lib/python3.11/site-packages/airflow/example_dags/example_skip_dag.py
[2025-04-05T11:25:56.595+0100] {processor.py:830} INFO - Processing file /Users/judeezeh/Desktop/Zoomcamp-project/venv/lib/python3.11/site-packages/airflow/example_dags/example_skip_dag.py for tasks to queue
[2025-04-05T11:25:56.595+0100] {logging_mixin.py:188} INFO - [2025-04-05T11:25:56.595+0100] {dagbag.py:540} INFO - Filling up the DagBag from /Users/judeezeh/Desktop/Zoomcamp-project/venv/lib/python3.11/site-packages/airflow/example_dags/example_skip_dag.py
[2025-04-05T11:25:56.598+0100] {processor.py:840} INFO - DAG(s) 'example_skip_dag' retrieved from /Users/judeezeh/Desktop/Zoomcamp-project/venv/lib/python3.11/site-packages/airflow/example_dags/example_skip_dag.py
[2025-04-05T11:25:56.627+0100] {logging_mixin.py:188} INFO - [2025-04-05T11:25:56.627+0100] {dag.py:3096} INFO - Sync 1 DAGs
[2025-04-05T11:25:56.632+0100] {logging_mixin.py:188} INFO - [2025-04-05T11:25:56.632+0100] {dag.py:3954} INFO - Setting next_dagrun for example_skip_dag to 2025-04-04T00:00:00+00:00, run_after=2025-04-05T00:00:00+00:00
[2025-04-05T11:25:56.639+0100] {processor.py:183} INFO - Processing /Users/judeezeh/Desktop/Zoomcamp-project/venv/lib/python3.11/site-packages/airflow/example_dags/example_skip_dag.py took 0.046 seconds
[2025-04-05T11:27:39.631+0100] {processor.py:161} INFO - Started process (PID=17837) to work on /Users/judeezeh/Desktop/Zoomcamp-project/venv/lib/python3.11/site-packages/airflow/example_dags/example_skip_dag.py
[2025-04-05T11:27:39.632+0100] {processor.py:830} INFO - Processing file /Users/judeezeh/Desktop/Zoomcamp-project/venv/lib/python3.11/site-packages/airflow/example_dags/example_skip_dag.py for tasks to queue
[2025-04-05T11:27:39.632+0100] {logging_mixin.py:188} INFO - [2025-04-05T11:27:39.632+0100] {dagbag.py:540} INFO - Filling up the DagBag from /Users/judeezeh/Desktop/Zoomcamp-project/venv/lib/python3.11/site-packages/airflow/example_dags/example_skip_dag.py
[2025-04-05T11:27:39.635+0100] {processor.py:840} INFO - DAG(s) 'example_skip_dag' retrieved from /Users/judeezeh/Desktop/Zoomcamp-project/venv/lib/python3.11/site-packages/airflow/example_dags/example_skip_dag.py
[2025-04-05T11:27:39.664+0100] {logging_mixin.py:188} INFO - [2025-04-05T11:27:39.664+0100] {dag.py:3096} INFO - Sync 1 DAGs
[2025-04-05T11:27:39.669+0100] {logging_mixin.py:188} INFO - [2025-04-05T11:27:39.669+0100] {dag.py:3954} INFO - Setting next_dagrun for example_skip_dag to 2025-04-04T00:00:00+00:00, run_after=2025-04-05T00:00:00+00:00
[2025-04-05T11:27:39.675+0100] {processor.py:183} INFO - Processing /Users/judeezeh/Desktop/Zoomcamp-project/venv/lib/python3.11/site-packages/airflow/example_dags/example_skip_dag.py took 0.045 seconds
[2025-04-05T11:29:30.832+0100] {processor.py:161} INFO - Started process (PID=17993) to work on /Users/judeezeh/Desktop/Zoomcamp-project/venv/lib/python3.11/site-packages/airflow/example_dags/example_skip_dag.py
[2025-04-05T11:29:30.834+0100] {processor.py:830} INFO - Processing file /Users/judeezeh/Desktop/Zoomcamp-project/venv/lib/python3.11/site-packages/airflow/example_dags/example_skip_dag.py for tasks to queue
[2025-04-05T11:29:30.834+0100] {logging_mixin.py:188} INFO - [2025-04-05T11:29:30.834+0100] {dagbag.py:540} INFO - Filling up the DagBag from /Users/judeezeh/Desktop/Zoomcamp-project/venv/lib/python3.11/site-packages/airflow/example_dags/example_skip_dag.py
[2025-04-05T11:29:30.836+0100] {processor.py:840} INFO - DAG(s) 'example_skip_dag' retrieved from /Users/judeezeh/Desktop/Zoomcamp-project/venv/lib/python3.11/site-packages/airflow/example_dags/example_skip_dag.py
[2025-04-05T11:29:30.866+0100] {logging_mixin.py:188} INFO - [2025-04-05T11:29:30.865+0100] {dag.py:3096} INFO - Sync 1 DAGs
[2025-04-05T11:29:30.870+0100] {logging_mixin.py:188} INFO - [2025-04-05T11:29:30.870+0100] {dag.py:3954} INFO - Setting next_dagrun for example_skip_dag to 2025-04-04T00:00:00+00:00, run_after=2025-04-05T00:00:00+00:00
[2025-04-05T11:29:30.877+0100] {processor.py:183} INFO - Processing /Users/judeezeh/Desktop/Zoomcamp-project/venv/lib/python3.11/site-packages/airflow/example_dags/example_skip_dag.py took 0.046 seconds
[2025-04-05T11:31:14.420+0100] {processor.py:161} INFO - Started process (PID=18143) to work on /Users/judeezeh/Desktop/Zoomcamp-project/venv/lib/python3.11/site-packages/airflow/example_dags/example_skip_dag.py
[2025-04-05T11:31:14.422+0100] {processor.py:830} INFO - Processing file /Users/judeezeh/Desktop/Zoomcamp-project/venv/lib/python3.11/site-packages/airflow/example_dags/example_skip_dag.py for tasks to queue
[2025-04-05T11:31:14.422+0100] {logging_mixin.py:188} INFO - [2025-04-05T11:31:14.422+0100] {dagbag.py:540} INFO - Filling up the DagBag from /Users/judeezeh/Desktop/Zoomcamp-project/venv/lib/python3.11/site-packages/airflow/example_dags/example_skip_dag.py
[2025-04-05T11:31:14.425+0100] {processor.py:840} INFO - DAG(s) 'example_skip_dag' retrieved from /Users/judeezeh/Desktop/Zoomcamp-project/venv/lib/python3.11/site-packages/airflow/example_dags/example_skip_dag.py
[2025-04-05T11:31:14.454+0100] {logging_mixin.py:188} INFO - [2025-04-05T11:31:14.453+0100] {dag.py:3096} INFO - Sync 1 DAGs
[2025-04-05T11:31:14.458+0100] {logging_mixin.py:188} INFO - [2025-04-05T11:31:14.458+0100] {dag.py:3954} INFO - Setting next_dagrun for example_skip_dag to 2025-04-04T00:00:00+00:00, run_after=2025-04-05T00:00:00+00:00
[2025-04-05T11:31:14.465+0100] {processor.py:183} INFO - Processing /Users/judeezeh/Desktop/Zoomcamp-project/venv/lib/python3.11/site-packages/airflow/example_dags/example_skip_dag.py took 0.046 seconds
[2025-04-05T11:32:55.301+0100] {processor.py:161} INFO - Started process (PID=18295) to work on /Users/judeezeh/Desktop/Zoomcamp-project/venv/lib/python3.11/site-packages/airflow/example_dags/example_skip_dag.py
[2025-04-05T11:32:55.302+0100] {processor.py:830} INFO - Processing file /Users/judeezeh/Desktop/Zoomcamp-project/venv/lib/python3.11/site-packages/airflow/example_dags/example_skip_dag.py for tasks to queue
[2025-04-05T11:32:55.302+0100] {logging_mixin.py:188} INFO - [2025-04-05T11:32:55.302+0100] {dagbag.py:540} INFO - Filling up the DagBag from /Users/judeezeh/Desktop/Zoomcamp-project/venv/lib/python3.11/site-packages/airflow/example_dags/example_skip_dag.py
[2025-04-05T11:32:55.305+0100] {processor.py:840} INFO - DAG(s) 'example_skip_dag' retrieved from /Users/judeezeh/Desktop/Zoomcamp-project/venv/lib/python3.11/site-packages/airflow/example_dags/example_skip_dag.py
[2025-04-05T11:32:55.335+0100] {logging_mixin.py:188} INFO - [2025-04-05T11:32:55.334+0100] {dag.py:3096} INFO - Sync 1 DAGs
[2025-04-05T11:32:55.339+0100] {logging_mixin.py:188} INFO - [2025-04-05T11:32:55.339+0100] {dag.py:3954} INFO - Setting next_dagrun for example_skip_dag to 2025-04-04T00:00:00+00:00, run_after=2025-04-05T00:00:00+00:00
[2025-04-05T11:32:55.345+0100] {processor.py:183} INFO - Processing /Users/judeezeh/Desktop/Zoomcamp-project/venv/lib/python3.11/site-packages/airflow/example_dags/example_skip_dag.py took 0.046 seconds
[2025-04-05T11:34:40.621+0100] {processor.py:161} INFO - Started process (PID=18444) to work on /Users/judeezeh/Desktop/Zoomcamp-project/venv/lib/python3.11/site-packages/airflow/example_dags/example_skip_dag.py
[2025-04-05T11:34:40.622+0100] {processor.py:830} INFO - Processing file /Users/judeezeh/Desktop/Zoomcamp-project/venv/lib/python3.11/site-packages/airflow/example_dags/example_skip_dag.py for tasks to queue
[2025-04-05T11:34:40.622+0100] {logging_mixin.py:188} INFO - [2025-04-05T11:34:40.622+0100] {dagbag.py:540} INFO - Filling up the DagBag from /Users/judeezeh/Desktop/Zoomcamp-project/venv/lib/python3.11/site-packages/airflow/example_dags/example_skip_dag.py
[2025-04-05T11:34:40.624+0100] {processor.py:840} INFO - DAG(s) 'example_skip_dag' retrieved from /Users/judeezeh/Desktop/Zoomcamp-project/venv/lib/python3.11/site-packages/airflow/example_dags/example_skip_dag.py
[2025-04-05T11:34:40.653+0100] {logging_mixin.py:188} INFO - [2025-04-05T11:34:40.653+0100] {dag.py:3096} INFO - Sync 1 DAGs
[2025-04-05T11:34:40.658+0100] {logging_mixin.py:188} INFO - [2025-04-05T11:34:40.658+0100] {dag.py:3954} INFO - Setting next_dagrun for example_skip_dag to 2025-04-04T00:00:00+00:00, run_after=2025-04-05T00:00:00+00:00
[2025-04-05T11:34:40.664+0100] {processor.py:183} INFO - Processing /Users/judeezeh/Desktop/Zoomcamp-project/venv/lib/python3.11/site-packages/airflow/example_dags/example_skip_dag.py took 0.045 seconds
[2025-04-05T11:36:19.208+0100] {processor.py:161} INFO - Started process (PID=18581) to work on /Users/judeezeh/Desktop/Zoomcamp-project/venv/lib/python3.11/site-packages/airflow/example_dags/example_skip_dag.py
[2025-04-05T11:36:19.209+0100] {processor.py:830} INFO - Processing file /Users/judeezeh/Desktop/Zoomcamp-project/venv/lib/python3.11/site-packages/airflow/example_dags/example_skip_dag.py for tasks to queue
[2025-04-05T11:36:19.210+0100] {logging_mixin.py:188} INFO - [2025-04-05T11:36:19.210+0100] {dagbag.py:540} INFO - Filling up the DagBag from /Users/judeezeh/Desktop/Zoomcamp-project/venv/lib/python3.11/site-packages/airflow/example_dags/example_skip_dag.py
[2025-04-05T11:36:19.212+0100] {processor.py:840} INFO - DAG(s) 'example_skip_dag' retrieved from /Users/judeezeh/Desktop/Zoomcamp-project/venv/lib/python3.11/site-packages/airflow/example_dags/example_skip_dag.py
[2025-04-05T11:36:19.242+0100] {logging_mixin.py:188} INFO - [2025-04-05T11:36:19.242+0100] {dag.py:3096} INFO - Sync 1 DAGs
[2025-04-05T11:36:19.247+0100] {logging_mixin.py:188} INFO - [2025-04-05T11:36:19.247+0100] {dag.py:3954} INFO - Setting next_dagrun for example_skip_dag to 2025-04-04T00:00:00+00:00, run_after=2025-04-05T00:00:00+00:00
[2025-04-05T11:36:19.253+0100] {processor.py:183} INFO - Processing /Users/judeezeh/Desktop/Zoomcamp-project/venv/lib/python3.11/site-packages/airflow/example_dags/example_skip_dag.py took 0.046 seconds
[2025-04-05T11:38:46.467+0100] {processor.py:161} INFO - Started process (PID=18813) to work on /Users/judeezeh/Desktop/Zoomcamp-project/venv/lib/python3.11/site-packages/airflow/example_dags/example_skip_dag.py
[2025-04-05T11:38:46.468+0100] {processor.py:830} INFO - Processing file /Users/judeezeh/Desktop/Zoomcamp-project/venv/lib/python3.11/site-packages/airflow/example_dags/example_skip_dag.py for tasks to queue
[2025-04-05T11:38:46.468+0100] {logging_mixin.py:188} INFO - [2025-04-05T11:38:46.468+0100] {dagbag.py:540} INFO - Filling up the DagBag from /Users/judeezeh/Desktop/Zoomcamp-project/venv/lib/python3.11/site-packages/airflow/example_dags/example_skip_dag.py
[2025-04-05T11:38:46.471+0100] {processor.py:840} INFO - DAG(s) 'example_skip_dag' retrieved from /Users/judeezeh/Desktop/Zoomcamp-project/venv/lib/python3.11/site-packages/airflow/example_dags/example_skip_dag.py
[2025-04-05T11:38:46.500+0100] {logging_mixin.py:188} INFO - [2025-04-05T11:38:46.500+0100] {dag.py:3096} INFO - Sync 1 DAGs
[2025-04-05T11:38:46.505+0100] {logging_mixin.py:188} INFO - [2025-04-05T11:38:46.505+0100] {dag.py:3954} INFO - Setting next_dagrun for example_skip_dag to 2025-04-04T00:00:00+00:00, run_after=2025-04-05T00:00:00+00:00
[2025-04-05T11:38:46.511+0100] {processor.py:183} INFO - Processing /Users/judeezeh/Desktop/Zoomcamp-project/venv/lib/python3.11/site-packages/airflow/example_dags/example_skip_dag.py took 0.046 seconds
[2025-04-05T11:40:05.404+0100] {processor.py:161} INFO - Started process (PID=18940) to work on /Users/judeezeh/Desktop/Zoomcamp-project/venv/lib/python3.11/site-packages/airflow/example_dags/example_skip_dag.py
[2025-04-05T11:40:05.405+0100] {processor.py:830} INFO - Processing file /Users/judeezeh/Desktop/Zoomcamp-project/venv/lib/python3.11/site-packages/airflow/example_dags/example_skip_dag.py for tasks to queue
[2025-04-05T11:40:05.405+0100] {logging_mixin.py:188} INFO - [2025-04-05T11:40:05.405+0100] {dagbag.py:540} INFO - Filling up the DagBag from /Users/judeezeh/Desktop/Zoomcamp-project/venv/lib/python3.11/site-packages/airflow/example_dags/example_skip_dag.py
[2025-04-05T11:40:05.407+0100] {processor.py:840} INFO - DAG(s) 'example_skip_dag' retrieved from /Users/judeezeh/Desktop/Zoomcamp-project/venv/lib/python3.11/site-packages/airflow/example_dags/example_skip_dag.py
[2025-04-05T11:40:05.436+0100] {logging_mixin.py:188} INFO - [2025-04-05T11:40:05.436+0100] {dag.py:3096} INFO - Sync 1 DAGs
[2025-04-05T11:40:05.441+0100] {logging_mixin.py:188} INFO - [2025-04-05T11:40:05.440+0100] {dag.py:3954} INFO - Setting next_dagrun for example_skip_dag to 2025-04-04T00:00:00+00:00, run_after=2025-04-05T00:00:00+00:00
[2025-04-05T11:40:05.447+0100] {processor.py:183} INFO - Processing /Users/judeezeh/Desktop/Zoomcamp-project/venv/lib/python3.11/site-packages/airflow/example_dags/example_skip_dag.py took 0.043 seconds
[2025-04-05T11:41:39.139+0100] {processor.py:161} INFO - Started process (PID=19116) to work on /Users/judeezeh/Desktop/Zoomcamp-project/venv/lib/python3.11/site-packages/airflow/example_dags/example_skip_dag.py
[2025-04-05T11:41:39.139+0100] {processor.py:830} INFO - Processing file /Users/judeezeh/Desktop/Zoomcamp-project/venv/lib/python3.11/site-packages/airflow/example_dags/example_skip_dag.py for tasks to queue
[2025-04-05T11:41:39.139+0100] {logging_mixin.py:188} INFO - [2025-04-05T11:41:39.139+0100] {dagbag.py:540} INFO - Filling up the DagBag from /Users/judeezeh/Desktop/Zoomcamp-project/venv/lib/python3.11/site-packages/airflow/example_dags/example_skip_dag.py
[2025-04-05T11:41:39.143+0100] {processor.py:840} INFO - DAG(s) 'example_skip_dag' retrieved from /Users/judeezeh/Desktop/Zoomcamp-project/venv/lib/python3.11/site-packages/airflow/example_dags/example_skip_dag.py
[2025-04-05T11:41:39.172+0100] {logging_mixin.py:188} INFO - [2025-04-05T11:41:39.171+0100] {dag.py:3096} INFO - Sync 1 DAGs
[2025-04-05T11:41:39.176+0100] {logging_mixin.py:188} INFO - [2025-04-05T11:41:39.176+0100] {dag.py:3954} INFO - Setting next_dagrun for example_skip_dag to 2025-04-04T00:00:00+00:00, run_after=2025-04-05T00:00:00+00:00
[2025-04-05T11:41:39.183+0100] {processor.py:183} INFO - Processing /Users/judeezeh/Desktop/Zoomcamp-project/venv/lib/python3.11/site-packages/airflow/example_dags/example_skip_dag.py took 0.045 seconds
