[2025-04-05T11:15:37.173+0100] {processor.py:161} INFO - Started process (PID=16740) to work on /Users/judeezeh/Desktop/Zoomcamp-project/venv/lib/python3.11/site-packages/airflow/example_dags/example_params_ui_tutorial.py
[2025-04-05T11:15:37.174+0100] {processor.py:830} INFO - Processing file /Users/judeezeh/Desktop/Zoomcamp-project/venv/lib/python3.11/site-packages/airflow/example_dags/example_params_ui_tutorial.py for tasks to queue
[2025-04-05T11:15:37.174+0100] {logging_mixin.py:188} INFO - [2025-04-05T11:15:37.174+0100] {dagbag.py:540} INFO - Filling up the DagBag from /Users/judeezeh/Desktop/Zoomcamp-project/venv/lib/python3.11/site-packages/airflow/example_dags/example_params_ui_tutorial.py
[2025-04-05T11:15:37.187+0100] {processor.py:840} INFO - DAG(s) 'example_params_ui_tutorial' retrieved from /Users/judeezeh/Desktop/Zoomcamp-project/venv/lib/python3.11/site-packages/airflow/example_dags/example_params_ui_tutorial.py
[2025-04-05T11:15:37.270+0100] {logging_mixin.py:188} INFO - [2025-04-05T11:15:37.270+0100] {override.py:1930} INFO - Created Permission View: can read on DAG:example_params_ui_tutorial
[2025-04-05T11:15:37.273+0100] {logging_mixin.py:188} INFO - [2025-04-05T11:15:37.272+0100] {override.py:1930} INFO - Created Permission View: can edit on DAG:example_params_ui_tutorial
[2025-04-05T11:15:37.274+0100] {logging_mixin.py:188} INFO - [2025-04-05T11:15:37.274+0100] {override.py:1930} INFO - Created Permission View: can delete on DAG:example_params_ui_tutorial
[2025-04-05T11:15:37.274+0100] {logging_mixin.py:188} INFO - [2025-04-05T11:15:37.274+0100] {dag.py:3096} INFO - Sync 1 DAGs
[2025-04-05T11:15:37.277+0100] {logging_mixin.py:188} INFO - [2025-04-05T11:15:37.277+0100] {dag.py:3118} INFO - Creating ORM DAG for example_params_ui_tutorial
[2025-04-05T11:15:37.278+0100] {logging_mixin.py:188} INFO - [2025-04-05T11:15:37.278+0100] {dag.py:3954} INFO - Setting next_dagrun for example_params_ui_tutorial to None, run_after=None
[2025-04-05T11:15:37.283+0100] {processor.py:183} INFO - Processing /Users/judeezeh/Desktop/Zoomcamp-project/venv/lib/python3.11/site-packages/airflow/example_dags/example_params_ui_tutorial.py took 0.110 seconds
[2025-04-05T11:16:56.016+0100] {processor.py:161} INFO - Started process (PID=16871) to work on /Users/judeezeh/Desktop/Zoomcamp-project/venv/lib/python3.11/site-packages/airflow/example_dags/example_params_ui_tutorial.py
[2025-04-05T11:16:56.017+0100] {processor.py:830} INFO - Processing file /Users/judeezeh/Desktop/Zoomcamp-project/venv/lib/python3.11/site-packages/airflow/example_dags/example_params_ui_tutorial.py for tasks to queue
[2025-04-05T11:16:56.017+0100] {logging_mixin.py:188} INFO - [2025-04-05T11:16:56.017+0100] {dagbag.py:540} INFO - Filling up the DagBag from /Users/judeezeh/Desktop/Zoomcamp-project/venv/lib/python3.11/site-packages/airflow/example_dags/example_params_ui_tutorial.py
[2025-04-05T11:16:56.029+0100] {processor.py:840} INFO - DAG(s) 'example_params_ui_tutorial' retrieved from /Users/judeezeh/Desktop/Zoomcamp-project/venv/lib/python3.11/site-packages/airflow/example_dags/example_params_ui_tutorial.py
[2025-04-05T11:16:56.065+0100] {logging_mixin.py:188} INFO - [2025-04-05T11:16:56.065+0100] {dag.py:3096} INFO - Sync 1 DAGs
[2025-04-05T11:16:56.068+0100] {logging_mixin.py:188} INFO - [2025-04-05T11:16:56.068+0100] {dag.py:3954} INFO - Setting next_dagrun for example_params_ui_tutorial to None, run_after=None
[2025-04-05T11:16:56.074+0100] {processor.py:183} INFO - Processing /Users/judeezeh/Desktop/Zoomcamp-project/venv/lib/python3.11/site-packages/airflow/example_dags/example_params_ui_tutorial.py took 0.059 seconds
[2025-04-05T11:18:26.183+0100] {processor.py:161} INFO - Started process (PID=17001) to work on /Users/judeezeh/Desktop/Zoomcamp-project/venv/lib/python3.11/site-packages/airflow/example_dags/example_params_ui_tutorial.py
[2025-04-05T11:18:26.184+0100] {processor.py:830} INFO - Processing file /Users/judeezeh/Desktop/Zoomcamp-project/venv/lib/python3.11/site-packages/airflow/example_dags/example_params_ui_tutorial.py for tasks to queue
[2025-04-05T11:18:26.184+0100] {logging_mixin.py:188} INFO - [2025-04-05T11:18:26.184+0100] {dagbag.py:540} INFO - Filling up the DagBag from /Users/judeezeh/Desktop/Zoomcamp-project/venv/lib/python3.11/site-packages/airflow/example_dags/example_params_ui_tutorial.py
[2025-04-05T11:18:26.197+0100] {processor.py:840} INFO - DAG(s) 'example_params_ui_tutorial' retrieved from /Users/judeezeh/Desktop/Zoomcamp-project/venv/lib/python3.11/site-packages/airflow/example_dags/example_params_ui_tutorial.py
[2025-04-05T11:18:26.232+0100] {logging_mixin.py:188} INFO - [2025-04-05T11:18:26.232+0100] {dag.py:3096} INFO - Sync 1 DAGs
[2025-04-05T11:18:26.236+0100] {logging_mixin.py:188} INFO - [2025-04-05T11:18:26.236+0100] {dag.py:3954} INFO - Setting next_dagrun for example_params_ui_tutorial to None, run_after=None
[2025-04-05T11:18:26.242+0100] {processor.py:183} INFO - Processing /Users/judeezeh/Desktop/Zoomcamp-project/venv/lib/python3.11/site-packages/airflow/example_dags/example_params_ui_tutorial.py took 0.059 seconds
[2025-04-05T11:19:40.372+0100] {processor.py:161} INFO - Started process (PID=17151) to work on /Users/judeezeh/Desktop/Zoomcamp-project/venv/lib/python3.11/site-packages/airflow/example_dags/example_params_ui_tutorial.py
[2025-04-05T11:19:40.372+0100] {processor.py:830} INFO - Processing file /Users/judeezeh/Desktop/Zoomcamp-project/venv/lib/python3.11/site-packages/airflow/example_dags/example_params_ui_tutorial.py for tasks to queue
[2025-04-05T11:19:40.373+0100] {logging_mixin.py:188} INFO - [2025-04-05T11:19:40.373+0100] {dagbag.py:540} INFO - Filling up the DagBag from /Users/judeezeh/Desktop/Zoomcamp-project/venv/lib/python3.11/site-packages/airflow/example_dags/example_params_ui_tutorial.py
[2025-04-05T11:19:40.386+0100] {processor.py:840} INFO - DAG(s) 'example_params_ui_tutorial' retrieved from /Users/judeezeh/Desktop/Zoomcamp-project/venv/lib/python3.11/site-packages/airflow/example_dags/example_params_ui_tutorial.py
[2025-04-05T11:19:40.421+0100] {logging_mixin.py:188} INFO - [2025-04-05T11:19:40.421+0100] {dag.py:3096} INFO - Sync 1 DAGs
[2025-04-05T11:19:40.424+0100] {logging_mixin.py:188} INFO - [2025-04-05T11:19:40.424+0100] {dag.py:3954} INFO - Setting next_dagrun for example_params_ui_tutorial to None, run_after=None
[2025-04-05T11:19:40.431+0100] {processor.py:183} INFO - Processing /Users/judeezeh/Desktop/Zoomcamp-project/venv/lib/python3.11/site-packages/airflow/example_dags/example_params_ui_tutorial.py took 0.060 seconds
[2025-04-05T11:21:06.625+0100] {processor.py:161} INFO - Started process (PID=17276) to work on /Users/judeezeh/Desktop/Zoomcamp-project/venv/lib/python3.11/site-packages/airflow/example_dags/example_params_ui_tutorial.py
[2025-04-05T11:21:06.626+0100] {processor.py:830} INFO - Processing file /Users/judeezeh/Desktop/Zoomcamp-project/venv/lib/python3.11/site-packages/airflow/example_dags/example_params_ui_tutorial.py for tasks to queue
[2025-04-05T11:21:06.626+0100] {logging_mixin.py:188} INFO - [2025-04-05T11:21:06.626+0100] {dagbag.py:540} INFO - Filling up the DagBag from /Users/judeezeh/Desktop/Zoomcamp-project/venv/lib/python3.11/site-packages/airflow/example_dags/example_params_ui_tutorial.py
[2025-04-05T11:21:06.639+0100] {processor.py:840} INFO - DAG(s) 'example_params_ui_tutorial' retrieved from /Users/judeezeh/Desktop/Zoomcamp-project/venv/lib/python3.11/site-packages/airflow/example_dags/example_params_ui_tutorial.py
[2025-04-05T11:21:06.675+0100] {logging_mixin.py:188} INFO - [2025-04-05T11:21:06.675+0100] {dag.py:3096} INFO - Sync 1 DAGs
[2025-04-05T11:21:06.678+0100] {logging_mixin.py:188} INFO - [2025-04-05T11:21:06.678+0100] {dag.py:3954} INFO - Setting next_dagrun for example_params_ui_tutorial to None, run_after=None
[2025-04-05T11:21:06.685+0100] {processor.py:183} INFO - Processing /Users/judeezeh/Desktop/Zoomcamp-project/venv/lib/python3.11/site-packages/airflow/example_dags/example_params_ui_tutorial.py took 0.061 seconds
[2025-04-05T11:22:55.091+0100] {processor.py:161} INFO - Started process (PID=17430) to work on /Users/judeezeh/Desktop/Zoomcamp-project/venv/lib/python3.11/site-packages/airflow/example_dags/example_params_ui_tutorial.py
[2025-04-05T11:22:55.092+0100] {processor.py:830} INFO - Processing file /Users/judeezeh/Desktop/Zoomcamp-project/venv/lib/python3.11/site-packages/airflow/example_dags/example_params_ui_tutorial.py for tasks to queue
[2025-04-05T11:22:55.092+0100] {logging_mixin.py:188} INFO - [2025-04-05T11:22:55.092+0100] {dagbag.py:540} INFO - Filling up the DagBag from /Users/judeezeh/Desktop/Zoomcamp-project/venv/lib/python3.11/site-packages/airflow/example_dags/example_params_ui_tutorial.py
[2025-04-05T11:22:55.106+0100] {processor.py:840} INFO - DAG(s) 'example_params_ui_tutorial' retrieved from /Users/judeezeh/Desktop/Zoomcamp-project/venv/lib/python3.11/site-packages/airflow/example_dags/example_params_ui_tutorial.py
[2025-04-05T11:22:55.142+0100] {logging_mixin.py:188} INFO - [2025-04-05T11:22:55.142+0100] {dag.py:3096} INFO - Sync 1 DAGs
[2025-04-05T11:22:55.145+0100] {logging_mixin.py:188} INFO - [2025-04-05T11:22:55.145+0100] {dag.py:3954} INFO - Setting next_dagrun for example_params_ui_tutorial to None, run_after=None
[2025-04-05T11:22:55.152+0100] {processor.py:183} INFO - Processing /Users/judeezeh/Desktop/Zoomcamp-project/venv/lib/python3.11/site-packages/airflow/example_dags/example_params_ui_tutorial.py took 0.062 seconds
[2025-04-05T11:24:33.080+0100] {processor.py:161} INFO - Started process (PID=17567) to work on /Users/judeezeh/Desktop/Zoomcamp-project/venv/lib/python3.11/site-packages/airflow/example_dags/example_params_ui_tutorial.py
[2025-04-05T11:24:33.081+0100] {processor.py:830} INFO - Processing file /Users/judeezeh/Desktop/Zoomcamp-project/venv/lib/python3.11/site-packages/airflow/example_dags/example_params_ui_tutorial.py for tasks to queue
[2025-04-05T11:24:33.081+0100] {logging_mixin.py:188} INFO - [2025-04-05T11:24:33.081+0100] {dagbag.py:540} INFO - Filling up the DagBag from /Users/judeezeh/Desktop/Zoomcamp-project/venv/lib/python3.11/site-packages/airflow/example_dags/example_params_ui_tutorial.py
[2025-04-05T11:24:33.094+0100] {processor.py:840} INFO - DAG(s) 'example_params_ui_tutorial' retrieved from /Users/judeezeh/Desktop/Zoomcamp-project/venv/lib/python3.11/site-packages/airflow/example_dags/example_params_ui_tutorial.py
[2025-04-05T11:24:33.129+0100] {logging_mixin.py:188} INFO - [2025-04-05T11:24:33.129+0100] {dag.py:3096} INFO - Sync 1 DAGs
[2025-04-05T11:24:33.132+0100] {logging_mixin.py:188} INFO - [2025-04-05T11:24:33.132+0100] {dag.py:3954} INFO - Setting next_dagrun for example_params_ui_tutorial to None, run_after=None
[2025-04-05T11:24:33.138+0100] {processor.py:183} INFO - Processing /Users/judeezeh/Desktop/Zoomcamp-project/venv/lib/python3.11/site-packages/airflow/example_dags/example_params_ui_tutorial.py took 0.059 seconds
[2025-04-05T11:26:11.396+0100] {processor.py:161} INFO - Started process (PID=17703) to work on /Users/judeezeh/Desktop/Zoomcamp-project/venv/lib/python3.11/site-packages/airflow/example_dags/example_params_ui_tutorial.py
[2025-04-05T11:26:11.397+0100] {processor.py:830} INFO - Processing file /Users/judeezeh/Desktop/Zoomcamp-project/venv/lib/python3.11/site-packages/airflow/example_dags/example_params_ui_tutorial.py for tasks to queue
[2025-04-05T11:26:11.397+0100] {logging_mixin.py:188} INFO - [2025-04-05T11:26:11.397+0100] {dagbag.py:540} INFO - Filling up the DagBag from /Users/judeezeh/Desktop/Zoomcamp-project/venv/lib/python3.11/site-packages/airflow/example_dags/example_params_ui_tutorial.py
[2025-04-05T11:26:11.412+0100] {processor.py:840} INFO - DAG(s) 'example_params_ui_tutorial' retrieved from /Users/judeezeh/Desktop/Zoomcamp-project/venv/lib/python3.11/site-packages/airflow/example_dags/example_params_ui_tutorial.py
[2025-04-05T11:26:11.449+0100] {logging_mixin.py:188} INFO - [2025-04-05T11:26:11.449+0100] {dag.py:3096} INFO - Sync 1 DAGs
[2025-04-05T11:26:11.452+0100] {logging_mixin.py:188} INFO - [2025-04-05T11:26:11.452+0100] {dag.py:3954} INFO - Setting next_dagrun for example_params_ui_tutorial to None, run_after=None
[2025-04-05T11:26:11.461+0100] {processor.py:183} INFO - Processing /Users/judeezeh/Desktop/Zoomcamp-project/venv/lib/python3.11/site-packages/airflow/example_dags/example_params_ui_tutorial.py took 0.066 seconds
[2025-04-05T11:27:56.520+0100] {processor.py:161} INFO - Started process (PID=17858) to work on /Users/judeezeh/Desktop/Zoomcamp-project/venv/lib/python3.11/site-packages/airflow/example_dags/example_params_ui_tutorial.py
[2025-04-05T11:27:56.520+0100] {processor.py:830} INFO - Processing file /Users/judeezeh/Desktop/Zoomcamp-project/venv/lib/python3.11/site-packages/airflow/example_dags/example_params_ui_tutorial.py for tasks to queue
[2025-04-05T11:27:56.520+0100] {logging_mixin.py:188} INFO - [2025-04-05T11:27:56.520+0100] {dagbag.py:540} INFO - Filling up the DagBag from /Users/judeezeh/Desktop/Zoomcamp-project/venv/lib/python3.11/site-packages/airflow/example_dags/example_params_ui_tutorial.py
[2025-04-05T11:27:56.533+0100] {processor.py:840} INFO - DAG(s) 'example_params_ui_tutorial' retrieved from /Users/judeezeh/Desktop/Zoomcamp-project/venv/lib/python3.11/site-packages/airflow/example_dags/example_params_ui_tutorial.py
[2025-04-05T11:27:56.568+0100] {logging_mixin.py:188} INFO - [2025-04-05T11:27:56.568+0100] {dag.py:3096} INFO - Sync 1 DAGs
[2025-04-05T11:27:56.571+0100] {logging_mixin.py:188} INFO - [2025-04-05T11:27:56.571+0100] {dag.py:3954} INFO - Setting next_dagrun for example_params_ui_tutorial to None, run_after=None
[2025-04-05T11:27:56.577+0100] {processor.py:183} INFO - Processing /Users/judeezeh/Desktop/Zoomcamp-project/venv/lib/python3.11/site-packages/airflow/example_dags/example_params_ui_tutorial.py took 0.058 seconds
[2025-04-05T11:29:47.982+0100] {processor.py:161} INFO - Started process (PID=18014) to work on /Users/judeezeh/Desktop/Zoomcamp-project/venv/lib/python3.11/site-packages/airflow/example_dags/example_params_ui_tutorial.py
[2025-04-05T11:29:47.982+0100] {processor.py:830} INFO - Processing file /Users/judeezeh/Desktop/Zoomcamp-project/venv/lib/python3.11/site-packages/airflow/example_dags/example_params_ui_tutorial.py for tasks to queue
[2025-04-05T11:29:47.983+0100] {logging_mixin.py:188} INFO - [2025-04-05T11:29:47.983+0100] {dagbag.py:540} INFO - Filling up the DagBag from /Users/judeezeh/Desktop/Zoomcamp-project/venv/lib/python3.11/site-packages/airflow/example_dags/example_params_ui_tutorial.py
[2025-04-05T11:29:47.996+0100] {processor.py:840} INFO - DAG(s) 'example_params_ui_tutorial' retrieved from /Users/judeezeh/Desktop/Zoomcamp-project/venv/lib/python3.11/site-packages/airflow/example_dags/example_params_ui_tutorial.py
[2025-04-05T11:29:48.031+0100] {logging_mixin.py:188} INFO - [2025-04-05T11:29:48.031+0100] {dag.py:3096} INFO - Sync 1 DAGs
[2025-04-05T11:29:48.034+0100] {logging_mixin.py:188} INFO - [2025-04-05T11:29:48.034+0100] {dag.py:3954} INFO - Setting next_dagrun for example_params_ui_tutorial to None, run_after=None
[2025-04-05T11:29:48.040+0100] {processor.py:183} INFO - Processing /Users/judeezeh/Desktop/Zoomcamp-project/venv/lib/python3.11/site-packages/airflow/example_dags/example_params_ui_tutorial.py took 0.059 seconds
[2025-04-05T11:31:29.730+0100] {processor.py:161} INFO - Started process (PID=18166) to work on /Users/judeezeh/Desktop/Zoomcamp-project/venv/lib/python3.11/site-packages/airflow/example_dags/example_params_ui_tutorial.py
[2025-04-05T11:31:29.731+0100] {processor.py:830} INFO - Processing file /Users/judeezeh/Desktop/Zoomcamp-project/venv/lib/python3.11/site-packages/airflow/example_dags/example_params_ui_tutorial.py for tasks to queue
[2025-04-05T11:31:29.731+0100] {logging_mixin.py:188} INFO - [2025-04-05T11:31:29.731+0100] {dagbag.py:540} INFO - Filling up the DagBag from /Users/judeezeh/Desktop/Zoomcamp-project/venv/lib/python3.11/site-packages/airflow/example_dags/example_params_ui_tutorial.py
[2025-04-05T11:31:29.744+0100] {processor.py:840} INFO - DAG(s) 'example_params_ui_tutorial' retrieved from /Users/judeezeh/Desktop/Zoomcamp-project/venv/lib/python3.11/site-packages/airflow/example_dags/example_params_ui_tutorial.py
[2025-04-05T11:31:29.779+0100] {logging_mixin.py:188} INFO - [2025-04-05T11:31:29.779+0100] {dag.py:3096} INFO - Sync 1 DAGs
[2025-04-05T11:31:29.782+0100] {logging_mixin.py:188} INFO - [2025-04-05T11:31:29.782+0100] {dag.py:3954} INFO - Setting next_dagrun for example_params_ui_tutorial to None, run_after=None
[2025-04-05T11:31:29.788+0100] {processor.py:183} INFO - Processing /Users/judeezeh/Desktop/Zoomcamp-project/venv/lib/python3.11/site-packages/airflow/example_dags/example_params_ui_tutorial.py took 0.059 seconds
[2025-04-05T11:33:11.117+0100] {processor.py:161} INFO - Started process (PID=18316) to work on /Users/judeezeh/Desktop/Zoomcamp-project/venv/lib/python3.11/site-packages/airflow/example_dags/example_params_ui_tutorial.py
[2025-04-05T11:33:11.118+0100] {processor.py:830} INFO - Processing file /Users/judeezeh/Desktop/Zoomcamp-project/venv/lib/python3.11/site-packages/airflow/example_dags/example_params_ui_tutorial.py for tasks to queue
[2025-04-05T11:33:11.118+0100] {logging_mixin.py:188} INFO - [2025-04-05T11:33:11.118+0100] {dagbag.py:540} INFO - Filling up the DagBag from /Users/judeezeh/Desktop/Zoomcamp-project/venv/lib/python3.11/site-packages/airflow/example_dags/example_params_ui_tutorial.py
[2025-04-05T11:33:11.131+0100] {processor.py:840} INFO - DAG(s) 'example_params_ui_tutorial' retrieved from /Users/judeezeh/Desktop/Zoomcamp-project/venv/lib/python3.11/site-packages/airflow/example_dags/example_params_ui_tutorial.py
[2025-04-05T11:33:11.166+0100] {logging_mixin.py:188} INFO - [2025-04-05T11:33:11.166+0100] {dag.py:3096} INFO - Sync 1 DAGs
[2025-04-05T11:33:11.169+0100] {logging_mixin.py:188} INFO - [2025-04-05T11:33:11.169+0100] {dag.py:3954} INFO - Setting next_dagrun for example_params_ui_tutorial to None, run_after=None
[2025-04-05T11:33:11.175+0100] {processor.py:183} INFO - Processing /Users/judeezeh/Desktop/Zoomcamp-project/venv/lib/python3.11/site-packages/airflow/example_dags/example_params_ui_tutorial.py took 0.059 seconds
[2025-04-05T11:34:55.610+0100] {processor.py:161} INFO - Started process (PID=18465) to work on /Users/judeezeh/Desktop/Zoomcamp-project/venv/lib/python3.11/site-packages/airflow/example_dags/example_params_ui_tutorial.py
[2025-04-05T11:34:55.611+0100] {processor.py:830} INFO - Processing file /Users/judeezeh/Desktop/Zoomcamp-project/venv/lib/python3.11/site-packages/airflow/example_dags/example_params_ui_tutorial.py for tasks to queue
[2025-04-05T11:34:55.611+0100] {logging_mixin.py:188} INFO - [2025-04-05T11:34:55.611+0100] {dagbag.py:540} INFO - Filling up the DagBag from /Users/judeezeh/Desktop/Zoomcamp-project/venv/lib/python3.11/site-packages/airflow/example_dags/example_params_ui_tutorial.py
[2025-04-05T11:34:55.625+0100] {processor.py:840} INFO - DAG(s) 'example_params_ui_tutorial' retrieved from /Users/judeezeh/Desktop/Zoomcamp-project/venv/lib/python3.11/site-packages/airflow/example_dags/example_params_ui_tutorial.py
[2025-04-05T11:34:55.661+0100] {logging_mixin.py:188} INFO - [2025-04-05T11:34:55.661+0100] {dag.py:3096} INFO - Sync 1 DAGs
[2025-04-05T11:34:55.664+0100] {logging_mixin.py:188} INFO - [2025-04-05T11:34:55.664+0100] {dag.py:3954} INFO - Setting next_dagrun for example_params_ui_tutorial to None, run_after=None
[2025-04-05T11:34:55.670+0100] {processor.py:183} INFO - Processing /Users/judeezeh/Desktop/Zoomcamp-project/venv/lib/python3.11/site-packages/airflow/example_dags/example_params_ui_tutorial.py took 0.061 seconds
[2025-04-05T11:36:36.022+0100] {processor.py:161} INFO - Started process (PID=18606) to work on /Users/judeezeh/Desktop/Zoomcamp-project/venv/lib/python3.11/site-packages/airflow/example_dags/example_params_ui_tutorial.py
[2025-04-05T11:36:36.023+0100] {processor.py:830} INFO - Processing file /Users/judeezeh/Desktop/Zoomcamp-project/venv/lib/python3.11/site-packages/airflow/example_dags/example_params_ui_tutorial.py for tasks to queue
[2025-04-05T11:36:36.023+0100] {logging_mixin.py:188} INFO - [2025-04-05T11:36:36.023+0100] {dagbag.py:540} INFO - Filling up the DagBag from /Users/judeezeh/Desktop/Zoomcamp-project/venv/lib/python3.11/site-packages/airflow/example_dags/example_params_ui_tutorial.py
[2025-04-05T11:36:36.036+0100] {processor.py:840} INFO - DAG(s) 'example_params_ui_tutorial' retrieved from /Users/judeezeh/Desktop/Zoomcamp-project/venv/lib/python3.11/site-packages/airflow/example_dags/example_params_ui_tutorial.py
[2025-04-05T11:36:36.072+0100] {logging_mixin.py:188} INFO - [2025-04-05T11:36:36.071+0100] {dag.py:3096} INFO - Sync 1 DAGs
[2025-04-05T11:36:36.074+0100] {logging_mixin.py:188} INFO - [2025-04-05T11:36:36.074+0100] {dag.py:3954} INFO - Setting next_dagrun for example_params_ui_tutorial to None, run_after=None
[2025-04-05T11:36:36.080+0100] {processor.py:183} INFO - Processing /Users/judeezeh/Desktop/Zoomcamp-project/venv/lib/python3.11/site-packages/airflow/example_dags/example_params_ui_tutorial.py took 0.059 seconds
[2025-04-05T11:39:01.095+0100] {processor.py:161} INFO - Started process (PID=18837) to work on /Users/judeezeh/Desktop/Zoomcamp-project/venv/lib/python3.11/site-packages/airflow/example_dags/example_params_ui_tutorial.py
[2025-04-05T11:39:01.096+0100] {processor.py:830} INFO - Processing file /Users/judeezeh/Desktop/Zoomcamp-project/venv/lib/python3.11/site-packages/airflow/example_dags/example_params_ui_tutorial.py for tasks to queue
[2025-04-05T11:39:01.096+0100] {logging_mixin.py:188} INFO - [2025-04-05T11:39:01.096+0100] {dagbag.py:540} INFO - Filling up the DagBag from /Users/judeezeh/Desktop/Zoomcamp-project/venv/lib/python3.11/site-packages/airflow/example_dags/example_params_ui_tutorial.py
[2025-04-05T11:39:01.109+0100] {processor.py:840} INFO - DAG(s) 'example_params_ui_tutorial' retrieved from /Users/judeezeh/Desktop/Zoomcamp-project/venv/lib/python3.11/site-packages/airflow/example_dags/example_params_ui_tutorial.py
[2025-04-05T11:39:01.144+0100] {logging_mixin.py:188} INFO - [2025-04-05T11:39:01.144+0100] {dag.py:3096} INFO - Sync 1 DAGs
[2025-04-05T11:39:01.147+0100] {logging_mixin.py:188} INFO - [2025-04-05T11:39:01.147+0100] {dag.py:3954} INFO - Setting next_dagrun for example_params_ui_tutorial to None, run_after=None
[2025-04-05T11:39:01.153+0100] {processor.py:183} INFO - Processing /Users/judeezeh/Desktop/Zoomcamp-project/venv/lib/python3.11/site-packages/airflow/example_dags/example_params_ui_tutorial.py took 0.059 seconds
[2025-04-05T11:40:20.126+0100] {processor.py:161} INFO - Started process (PID=18973) to work on /Users/judeezeh/Desktop/Zoomcamp-project/venv/lib/python3.11/site-packages/airflow/example_dags/example_params_ui_tutorial.py
[2025-04-05T11:40:20.127+0100] {processor.py:830} INFO - Processing file /Users/judeezeh/Desktop/Zoomcamp-project/venv/lib/python3.11/site-packages/airflow/example_dags/example_params_ui_tutorial.py for tasks to queue
[2025-04-05T11:40:20.127+0100] {logging_mixin.py:188} INFO - [2025-04-05T11:40:20.127+0100] {dagbag.py:540} INFO - Filling up the DagBag from /Users/judeezeh/Desktop/Zoomcamp-project/venv/lib/python3.11/site-packages/airflow/example_dags/example_params_ui_tutorial.py
[2025-04-05T11:40:20.140+0100] {processor.py:840} INFO - DAG(s) 'example_params_ui_tutorial' retrieved from /Users/judeezeh/Desktop/Zoomcamp-project/venv/lib/python3.11/site-packages/airflow/example_dags/example_params_ui_tutorial.py
[2025-04-05T11:40:20.177+0100] {logging_mixin.py:188} INFO - [2025-04-05T11:40:20.177+0100] {dag.py:3096} INFO - Sync 1 DAGs
[2025-04-05T11:40:20.180+0100] {logging_mixin.py:188} INFO - [2025-04-05T11:40:20.180+0100] {dag.py:3954} INFO - Setting next_dagrun for example_params_ui_tutorial to None, run_after=None
[2025-04-05T11:40:20.186+0100] {processor.py:183} INFO - Processing /Users/judeezeh/Desktop/Zoomcamp-project/venv/lib/python3.11/site-packages/airflow/example_dags/example_params_ui_tutorial.py took 0.061 seconds
[2025-04-05T11:41:53.980+0100] {processor.py:161} INFO - Started process (PID=19138) to work on /Users/judeezeh/Desktop/Zoomcamp-project/venv/lib/python3.11/site-packages/airflow/example_dags/example_params_ui_tutorial.py
[2025-04-05T11:41:53.980+0100] {processor.py:830} INFO - Processing file /Users/judeezeh/Desktop/Zoomcamp-project/venv/lib/python3.11/site-packages/airflow/example_dags/example_params_ui_tutorial.py for tasks to queue
[2025-04-05T11:41:53.980+0100] {logging_mixin.py:188} INFO - [2025-04-05T11:41:53.980+0100] {dagbag.py:540} INFO - Filling up the DagBag from /Users/judeezeh/Desktop/Zoomcamp-project/venv/lib/python3.11/site-packages/airflow/example_dags/example_params_ui_tutorial.py
[2025-04-05T11:41:53.996+0100] {processor.py:840} INFO - DAG(s) 'example_params_ui_tutorial' retrieved from /Users/judeezeh/Desktop/Zoomcamp-project/venv/lib/python3.11/site-packages/airflow/example_dags/example_params_ui_tutorial.py
[2025-04-05T11:41:54.032+0100] {logging_mixin.py:188} INFO - [2025-04-05T11:41:54.032+0100] {dag.py:3096} INFO - Sync 1 DAGs
[2025-04-05T11:41:54.035+0100] {logging_mixin.py:188} INFO - [2025-04-05T11:41:54.035+0100] {dag.py:3954} INFO - Setting next_dagrun for example_params_ui_tutorial to None, run_after=None
[2025-04-05T11:41:54.041+0100] {processor.py:183} INFO - Processing /Users/judeezeh/Desktop/Zoomcamp-project/venv/lib/python3.11/site-packages/airflow/example_dags/example_params_ui_tutorial.py took 0.063 seconds
