[2025-04-05T11:15:26.808+0100] {processor.py:161} INFO - Started process (PID=16727) to work on /Users/judeezeh/Desktop/Zoomcamp-project/venv/lib/python3.11/site-packages/airflow/example_dags/example_setup_teardown.py
[2025-04-05T11:15:26.808+0100] {processor.py:830} INFO - Processing file /Users/judeezeh/Desktop/Zoomcamp-project/venv/lib/python3.11/site-packages/airflow/example_dags/example_setup_teardown.py for tasks to queue
[2025-04-05T11:15:26.809+0100] {logging_mixin.py:188} INFO - [2025-04-05T11:15:26.809+0100] {dagbag.py:540} INFO - Filling up the DagBag from /Users/judeezeh/Desktop/Zoomcamp-project/venv/lib/python3.11/site-packages/airflow/example_dags/example_setup_teardown.py
[2025-04-05T11:15:26.811+0100] {processor.py:840} INFO - DAG(s) 'example_setup_teardown' retrieved from /Users/judeezeh/Desktop/Zoomcamp-project/venv/lib/python3.11/site-packages/airflow/example_dags/example_setup_teardown.py
[2025-04-05T11:15:26.866+0100] {logging_mixin.py:188} INFO - [2025-04-05T11:15:26.866+0100] {override.py:1930} INFO - Created Permission View: can edit on DAG:example_setup_teardown
[2025-04-05T11:15:26.891+0100] {logging_mixin.py:188} INFO - [2025-04-05T11:15:26.890+0100] {override.py:1930} INFO - Created Permission View: can read on DAG:example_setup_teardown
[2025-04-05T11:15:26.892+0100] {logging_mixin.py:188} INFO - [2025-04-05T11:15:26.892+0100] {override.py:1930} INFO - Created Permission View: can delete on DAG:example_setup_teardown
[2025-04-05T11:15:26.892+0100] {logging_mixin.py:188} INFO - [2025-04-05T11:15:26.892+0100] {dag.py:3096} INFO - Sync 1 DAGs
[2025-04-05T11:15:26.895+0100] {logging_mixin.py:188} INFO - [2025-04-05T11:15:26.895+0100] {dag.py:3118} INFO - Creating ORM DAG for example_setup_teardown
[2025-04-05T11:15:26.897+0100] {logging_mixin.py:188} INFO - [2025-04-05T11:15:26.897+0100] {dag.py:3954} INFO - Setting next_dagrun for example_setup_teardown to 2025-04-04T00:00:00+00:00, run_after=2025-04-05T00:00:00+00:00
[2025-04-05T11:15:26.902+0100] {processor.py:183} INFO - Processing /Users/judeezeh/Desktop/Zoomcamp-project/venv/lib/python3.11/site-packages/airflow/example_dags/example_setup_teardown.py took 0.095 seconds
[2025-04-05T11:16:48.723+0100] {processor.py:161} INFO - Started process (PID=16859) to work on /Users/judeezeh/Desktop/Zoomcamp-project/venv/lib/python3.11/site-packages/airflow/example_dags/example_setup_teardown.py
[2025-04-05T11:16:48.724+0100] {processor.py:830} INFO - Processing file /Users/judeezeh/Desktop/Zoomcamp-project/venv/lib/python3.11/site-packages/airflow/example_dags/example_setup_teardown.py for tasks to queue
[2025-04-05T11:16:48.724+0100] {logging_mixin.py:188} INFO - [2025-04-05T11:16:48.724+0100] {dagbag.py:540} INFO - Filling up the DagBag from /Users/judeezeh/Desktop/Zoomcamp-project/venv/lib/python3.11/site-packages/airflow/example_dags/example_setup_teardown.py
[2025-04-05T11:16:48.726+0100] {processor.py:840} INFO - DAG(s) 'example_setup_teardown' retrieved from /Users/judeezeh/Desktop/Zoomcamp-project/venv/lib/python3.11/site-packages/airflow/example_dags/example_setup_teardown.py
[2025-04-05T11:16:48.755+0100] {logging_mixin.py:188} INFO - [2025-04-05T11:16:48.755+0100] {dag.py:3096} INFO - Sync 1 DAGs
[2025-04-05T11:16:48.760+0100] {logging_mixin.py:188} INFO - [2025-04-05T11:16:48.760+0100] {dag.py:3954} INFO - Setting next_dagrun for example_setup_teardown to 2025-04-04T00:00:00+00:00, run_after=2025-04-05T00:00:00+00:00
[2025-04-05T11:16:48.767+0100] {processor.py:183} INFO - Processing /Users/judeezeh/Desktop/Zoomcamp-project/venv/lib/python3.11/site-packages/airflow/example_dags/example_setup_teardown.py took 0.045 seconds
[2025-04-05T11:18:17.116+0100] {processor.py:161} INFO - Started process (PID=16989) to work on /Users/judeezeh/Desktop/Zoomcamp-project/venv/lib/python3.11/site-packages/airflow/example_dags/example_setup_teardown.py
[2025-04-05T11:18:17.117+0100] {processor.py:830} INFO - Processing file /Users/judeezeh/Desktop/Zoomcamp-project/venv/lib/python3.11/site-packages/airflow/example_dags/example_setup_teardown.py for tasks to queue
[2025-04-05T11:18:17.117+0100] {logging_mixin.py:188} INFO - [2025-04-05T11:18:17.117+0100] {dagbag.py:540} INFO - Filling up the DagBag from /Users/judeezeh/Desktop/Zoomcamp-project/venv/lib/python3.11/site-packages/airflow/example_dags/example_setup_teardown.py
[2025-04-05T11:18:17.120+0100] {processor.py:840} INFO - DAG(s) 'example_setup_teardown' retrieved from /Users/judeezeh/Desktop/Zoomcamp-project/venv/lib/python3.11/site-packages/airflow/example_dags/example_setup_teardown.py
[2025-04-05T11:18:17.149+0100] {logging_mixin.py:188} INFO - [2025-04-05T11:18:17.149+0100] {dag.py:3096} INFO - Sync 1 DAGs
[2025-04-05T11:18:17.154+0100] {logging_mixin.py:188} INFO - [2025-04-05T11:18:17.154+0100] {dag.py:3954} INFO - Setting next_dagrun for example_setup_teardown to 2025-04-04T00:00:00+00:00, run_after=2025-04-05T00:00:00+00:00
[2025-04-05T11:18:17.161+0100] {processor.py:183} INFO - Processing /Users/judeezeh/Desktop/Zoomcamp-project/venv/lib/python3.11/site-packages/airflow/example_dags/example_setup_teardown.py took 0.046 seconds
[2025-04-05T11:19:30.773+0100] {processor.py:161} INFO - Started process (PID=17134) to work on /Users/judeezeh/Desktop/Zoomcamp-project/venv/lib/python3.11/site-packages/airflow/example_dags/example_setup_teardown.py
[2025-04-05T11:19:30.774+0100] {processor.py:830} INFO - Processing file /Users/judeezeh/Desktop/Zoomcamp-project/venv/lib/python3.11/site-packages/airflow/example_dags/example_setup_teardown.py for tasks to queue
[2025-04-05T11:19:30.774+0100] {logging_mixin.py:188} INFO - [2025-04-05T11:19:30.774+0100] {dagbag.py:540} INFO - Filling up the DagBag from /Users/judeezeh/Desktop/Zoomcamp-project/venv/lib/python3.11/site-packages/airflow/example_dags/example_setup_teardown.py
[2025-04-05T11:19:30.777+0100] {processor.py:840} INFO - DAG(s) 'example_setup_teardown' retrieved from /Users/judeezeh/Desktop/Zoomcamp-project/venv/lib/python3.11/site-packages/airflow/example_dags/example_setup_teardown.py
[2025-04-05T11:19:30.810+0100] {logging_mixin.py:188} INFO - [2025-04-05T11:19:30.810+0100] {dag.py:3096} INFO - Sync 1 DAGs
[2025-04-05T11:19:30.815+0100] {logging_mixin.py:188} INFO - [2025-04-05T11:19:30.815+0100] {dag.py:3954} INFO - Setting next_dagrun for example_setup_teardown to 2025-04-04T00:00:00+00:00, run_after=2025-04-05T00:00:00+00:00
[2025-04-05T11:19:30.823+0100] {processor.py:183} INFO - Processing /Users/judeezeh/Desktop/Zoomcamp-project/venv/lib/python3.11/site-packages/airflow/example_dags/example_setup_teardown.py took 0.050 seconds
[2025-04-05T11:20:56.180+0100] {processor.py:161} INFO - Started process (PID=17260) to work on /Users/judeezeh/Desktop/Zoomcamp-project/venv/lib/python3.11/site-packages/airflow/example_dags/example_setup_teardown.py
[2025-04-05T11:20:56.181+0100] {processor.py:830} INFO - Processing file /Users/judeezeh/Desktop/Zoomcamp-project/venv/lib/python3.11/site-packages/airflow/example_dags/example_setup_teardown.py for tasks to queue
[2025-04-05T11:20:56.181+0100] {logging_mixin.py:188} INFO - [2025-04-05T11:20:56.181+0100] {dagbag.py:540} INFO - Filling up the DagBag from /Users/judeezeh/Desktop/Zoomcamp-project/venv/lib/python3.11/site-packages/airflow/example_dags/example_setup_teardown.py
[2025-04-05T11:20:56.183+0100] {processor.py:840} INFO - DAG(s) 'example_setup_teardown' retrieved from /Users/judeezeh/Desktop/Zoomcamp-project/venv/lib/python3.11/site-packages/airflow/example_dags/example_setup_teardown.py
[2025-04-05T11:20:56.213+0100] {logging_mixin.py:188} INFO - [2025-04-05T11:20:56.213+0100] {dag.py:3096} INFO - Sync 1 DAGs
[2025-04-05T11:20:56.218+0100] {logging_mixin.py:188} INFO - [2025-04-05T11:20:56.218+0100] {dag.py:3954} INFO - Setting next_dagrun for example_setup_teardown to 2025-04-04T00:00:00+00:00, run_after=2025-04-05T00:00:00+00:00
[2025-04-05T11:20:56.226+0100] {processor.py:183} INFO - Processing /Users/judeezeh/Desktop/Zoomcamp-project/venv/lib/python3.11/site-packages/airflow/example_dags/example_setup_teardown.py took 0.047 seconds
[2025-04-05T11:22:46.756+0100] {processor.py:161} INFO - Started process (PID=17418) to work on /Users/judeezeh/Desktop/Zoomcamp-project/venv/lib/python3.11/site-packages/airflow/example_dags/example_setup_teardown.py
[2025-04-05T11:22:46.757+0100] {processor.py:830} INFO - Processing file /Users/judeezeh/Desktop/Zoomcamp-project/venv/lib/python3.11/site-packages/airflow/example_dags/example_setup_teardown.py for tasks to queue
[2025-04-05T11:22:46.757+0100] {logging_mixin.py:188} INFO - [2025-04-05T11:22:46.757+0100] {dagbag.py:540} INFO - Filling up the DagBag from /Users/judeezeh/Desktop/Zoomcamp-project/venv/lib/python3.11/site-packages/airflow/example_dags/example_setup_teardown.py
[2025-04-05T11:22:46.760+0100] {processor.py:840} INFO - DAG(s) 'example_setup_teardown' retrieved from /Users/judeezeh/Desktop/Zoomcamp-project/venv/lib/python3.11/site-packages/airflow/example_dags/example_setup_teardown.py
[2025-04-05T11:22:46.789+0100] {logging_mixin.py:188} INFO - [2025-04-05T11:22:46.789+0100] {dag.py:3096} INFO - Sync 1 DAGs
[2025-04-05T11:22:46.794+0100] {logging_mixin.py:188} INFO - [2025-04-05T11:22:46.794+0100] {dag.py:3954} INFO - Setting next_dagrun for example_setup_teardown to 2025-04-04T00:00:00+00:00, run_after=2025-04-05T00:00:00+00:00
[2025-04-05T11:22:46.801+0100] {processor.py:183} INFO - Processing /Users/judeezeh/Desktop/Zoomcamp-project/venv/lib/python3.11/site-packages/airflow/example_dags/example_setup_teardown.py took 0.046 seconds
[2025-04-05T11:24:22.973+0100] {processor.py:161} INFO - Started process (PID=17554) to work on /Users/judeezeh/Desktop/Zoomcamp-project/venv/lib/python3.11/site-packages/airflow/example_dags/example_setup_teardown.py
[2025-04-05T11:24:22.975+0100] {processor.py:830} INFO - Processing file /Users/judeezeh/Desktop/Zoomcamp-project/venv/lib/python3.11/site-packages/airflow/example_dags/example_setup_teardown.py for tasks to queue
[2025-04-05T11:24:22.975+0100] {logging_mixin.py:188} INFO - [2025-04-05T11:24:22.975+0100] {dagbag.py:540} INFO - Filling up the DagBag from /Users/judeezeh/Desktop/Zoomcamp-project/venv/lib/python3.11/site-packages/airflow/example_dags/example_setup_teardown.py
[2025-04-05T11:24:22.978+0100] {processor.py:840} INFO - DAG(s) 'example_setup_teardown' retrieved from /Users/judeezeh/Desktop/Zoomcamp-project/venv/lib/python3.11/site-packages/airflow/example_dags/example_setup_teardown.py
[2025-04-05T11:24:23.007+0100] {logging_mixin.py:188} INFO - [2025-04-05T11:24:23.007+0100] {dag.py:3096} INFO - Sync 1 DAGs
[2025-04-05T11:24:23.012+0100] {logging_mixin.py:188} INFO - [2025-04-05T11:24:23.012+0100] {dag.py:3954} INFO - Setting next_dagrun for example_setup_teardown to 2025-04-04T00:00:00+00:00, run_after=2025-04-05T00:00:00+00:00
[2025-04-05T11:24:23.020+0100] {processor.py:183} INFO - Processing /Users/judeezeh/Desktop/Zoomcamp-project/venv/lib/python3.11/site-packages/airflow/example_dags/example_setup_teardown.py took 0.047 seconds
[2025-04-05T11:26:01.557+0100] {processor.py:161} INFO - Started process (PID=17691) to work on /Users/judeezeh/Desktop/Zoomcamp-project/venv/lib/python3.11/site-packages/airflow/example_dags/example_setup_teardown.py
[2025-04-05T11:26:01.559+0100] {processor.py:830} INFO - Processing file /Users/judeezeh/Desktop/Zoomcamp-project/venv/lib/python3.11/site-packages/airflow/example_dags/example_setup_teardown.py for tasks to queue
[2025-04-05T11:26:01.559+0100] {logging_mixin.py:188} INFO - [2025-04-05T11:26:01.559+0100] {dagbag.py:540} INFO - Filling up the DagBag from /Users/judeezeh/Desktop/Zoomcamp-project/venv/lib/python3.11/site-packages/airflow/example_dags/example_setup_teardown.py
[2025-04-05T11:26:01.561+0100] {processor.py:840} INFO - DAG(s) 'example_setup_teardown' retrieved from /Users/judeezeh/Desktop/Zoomcamp-project/venv/lib/python3.11/site-packages/airflow/example_dags/example_setup_teardown.py
[2025-04-05T11:26:01.590+0100] {logging_mixin.py:188} INFO - [2025-04-05T11:26:01.590+0100] {dag.py:3096} INFO - Sync 1 DAGs
[2025-04-05T11:26:01.595+0100] {logging_mixin.py:188} INFO - [2025-04-05T11:26:01.595+0100] {dag.py:3954} INFO - Setting next_dagrun for example_setup_teardown to 2025-04-04T00:00:00+00:00, run_after=2025-04-05T00:00:00+00:00
[2025-04-05T11:26:01.601+0100] {processor.py:183} INFO - Processing /Users/judeezeh/Desktop/Zoomcamp-project/venv/lib/python3.11/site-packages/airflow/example_dags/example_setup_teardown.py took 0.045 seconds
[2025-04-05T11:27:46.356+0100] {processor.py:161} INFO - Started process (PID=17846) to work on /Users/judeezeh/Desktop/Zoomcamp-project/venv/lib/python3.11/site-packages/airflow/example_dags/example_setup_teardown.py
[2025-04-05T11:27:46.357+0100] {processor.py:830} INFO - Processing file /Users/judeezeh/Desktop/Zoomcamp-project/venv/lib/python3.11/site-packages/airflow/example_dags/example_setup_teardown.py for tasks to queue
[2025-04-05T11:27:46.357+0100] {logging_mixin.py:188} INFO - [2025-04-05T11:27:46.357+0100] {dagbag.py:540} INFO - Filling up the DagBag from /Users/judeezeh/Desktop/Zoomcamp-project/venv/lib/python3.11/site-packages/airflow/example_dags/example_setup_teardown.py
[2025-04-05T11:27:46.360+0100] {processor.py:840} INFO - DAG(s) 'example_setup_teardown' retrieved from /Users/judeezeh/Desktop/Zoomcamp-project/venv/lib/python3.11/site-packages/airflow/example_dags/example_setup_teardown.py
[2025-04-05T11:27:46.388+0100] {logging_mixin.py:188} INFO - [2025-04-05T11:27:46.388+0100] {dag.py:3096} INFO - Sync 1 DAGs
[2025-04-05T11:27:46.393+0100] {logging_mixin.py:188} INFO - [2025-04-05T11:27:46.393+0100] {dag.py:3954} INFO - Setting next_dagrun for example_setup_teardown to 2025-04-04T00:00:00+00:00, run_after=2025-04-05T00:00:00+00:00
[2025-04-05T11:27:46.400+0100] {processor.py:183} INFO - Processing /Users/judeezeh/Desktop/Zoomcamp-project/venv/lib/python3.11/site-packages/airflow/example_dags/example_setup_teardown.py took 0.046 seconds
[2025-04-05T11:29:37.693+0100] {processor.py:161} INFO - Started process (PID=18001) to work on /Users/judeezeh/Desktop/Zoomcamp-project/venv/lib/python3.11/site-packages/airflow/example_dags/example_setup_teardown.py
[2025-04-05T11:29:37.694+0100] {processor.py:830} INFO - Processing file /Users/judeezeh/Desktop/Zoomcamp-project/venv/lib/python3.11/site-packages/airflow/example_dags/example_setup_teardown.py for tasks to queue
[2025-04-05T11:29:37.694+0100] {logging_mixin.py:188} INFO - [2025-04-05T11:29:37.694+0100] {dagbag.py:540} INFO - Filling up the DagBag from /Users/judeezeh/Desktop/Zoomcamp-project/venv/lib/python3.11/site-packages/airflow/example_dags/example_setup_teardown.py
[2025-04-05T11:29:37.697+0100] {processor.py:840} INFO - DAG(s) 'example_setup_teardown' retrieved from /Users/judeezeh/Desktop/Zoomcamp-project/venv/lib/python3.11/site-packages/airflow/example_dags/example_setup_teardown.py
[2025-04-05T11:29:37.726+0100] {logging_mixin.py:188} INFO - [2025-04-05T11:29:37.726+0100] {dag.py:3096} INFO - Sync 1 DAGs
[2025-04-05T11:29:37.731+0100] {logging_mixin.py:188} INFO - [2025-04-05T11:29:37.731+0100] {dag.py:3954} INFO - Setting next_dagrun for example_setup_teardown to 2025-04-04T00:00:00+00:00, run_after=2025-04-05T00:00:00+00:00
[2025-04-05T11:29:37.737+0100] {processor.py:183} INFO - Processing /Users/judeezeh/Desktop/Zoomcamp-project/venv/lib/python3.11/site-packages/airflow/example_dags/example_setup_teardown.py took 0.046 seconds
[2025-04-05T11:31:20.684+0100] {processor.py:161} INFO - Started process (PID=18151) to work on /Users/judeezeh/Desktop/Zoomcamp-project/venv/lib/python3.11/site-packages/airflow/example_dags/example_setup_teardown.py
[2025-04-05T11:31:20.685+0100] {processor.py:830} INFO - Processing file /Users/judeezeh/Desktop/Zoomcamp-project/venv/lib/python3.11/site-packages/airflow/example_dags/example_setup_teardown.py for tasks to queue
[2025-04-05T11:31:20.686+0100] {logging_mixin.py:188} INFO - [2025-04-05T11:31:20.686+0100] {dagbag.py:540} INFO - Filling up the DagBag from /Users/judeezeh/Desktop/Zoomcamp-project/venv/lib/python3.11/site-packages/airflow/example_dags/example_setup_teardown.py
[2025-04-05T11:31:20.688+0100] {processor.py:840} INFO - DAG(s) 'example_setup_teardown' retrieved from /Users/judeezeh/Desktop/Zoomcamp-project/venv/lib/python3.11/site-packages/airflow/example_dags/example_setup_teardown.py
[2025-04-05T11:31:20.717+0100] {logging_mixin.py:188} INFO - [2025-04-05T11:31:20.717+0100] {dag.py:3096} INFO - Sync 1 DAGs
[2025-04-05T11:31:20.722+0100] {logging_mixin.py:188} INFO - [2025-04-05T11:31:20.722+0100] {dag.py:3954} INFO - Setting next_dagrun for example_setup_teardown to 2025-04-04T00:00:00+00:00, run_after=2025-04-05T00:00:00+00:00
[2025-04-05T11:31:20.729+0100] {processor.py:183} INFO - Processing /Users/judeezeh/Desktop/Zoomcamp-project/venv/lib/python3.11/site-packages/airflow/example_dags/example_setup_teardown.py took 0.046 seconds
[2025-04-05T11:33:00.982+0100] {processor.py:161} INFO - Started process (PID=18304) to work on /Users/judeezeh/Desktop/Zoomcamp-project/venv/lib/python3.11/site-packages/airflow/example_dags/example_setup_teardown.py
[2025-04-05T11:33:00.983+0100] {processor.py:830} INFO - Processing file /Users/judeezeh/Desktop/Zoomcamp-project/venv/lib/python3.11/site-packages/airflow/example_dags/example_setup_teardown.py for tasks to queue
[2025-04-05T11:33:00.983+0100] {logging_mixin.py:188} INFO - [2025-04-05T11:33:00.983+0100] {dagbag.py:540} INFO - Filling up the DagBag from /Users/judeezeh/Desktop/Zoomcamp-project/venv/lib/python3.11/site-packages/airflow/example_dags/example_setup_teardown.py
[2025-04-05T11:33:00.986+0100] {processor.py:840} INFO - DAG(s) 'example_setup_teardown' retrieved from /Users/judeezeh/Desktop/Zoomcamp-project/venv/lib/python3.11/site-packages/airflow/example_dags/example_setup_teardown.py
[2025-04-05T11:33:01.015+0100] {logging_mixin.py:188} INFO - [2025-04-05T11:33:01.015+0100] {dag.py:3096} INFO - Sync 1 DAGs
[2025-04-05T11:33:01.020+0100] {logging_mixin.py:188} INFO - [2025-04-05T11:33:01.020+0100] {dag.py:3954} INFO - Setting next_dagrun for example_setup_teardown to 2025-04-04T00:00:00+00:00, run_after=2025-04-05T00:00:00+00:00
[2025-04-05T11:33:01.027+0100] {processor.py:183} INFO - Processing /Users/judeezeh/Desktop/Zoomcamp-project/venv/lib/python3.11/site-packages/airflow/example_dags/example_setup_teardown.py took 0.046 seconds
[2025-04-05T11:34:47.084+0100] {processor.py:161} INFO - Started process (PID=18453) to work on /Users/judeezeh/Desktop/Zoomcamp-project/venv/lib/python3.11/site-packages/airflow/example_dags/example_setup_teardown.py
[2025-04-05T11:34:47.085+0100] {processor.py:830} INFO - Processing file /Users/judeezeh/Desktop/Zoomcamp-project/venv/lib/python3.11/site-packages/airflow/example_dags/example_setup_teardown.py for tasks to queue
[2025-04-05T11:34:47.085+0100] {logging_mixin.py:188} INFO - [2025-04-05T11:34:47.085+0100] {dagbag.py:540} INFO - Filling up the DagBag from /Users/judeezeh/Desktop/Zoomcamp-project/venv/lib/python3.11/site-packages/airflow/example_dags/example_setup_teardown.py
[2025-04-05T11:34:47.087+0100] {processor.py:840} INFO - DAG(s) 'example_setup_teardown' retrieved from /Users/judeezeh/Desktop/Zoomcamp-project/venv/lib/python3.11/site-packages/airflow/example_dags/example_setup_teardown.py
[2025-04-05T11:34:47.116+0100] {logging_mixin.py:188} INFO - [2025-04-05T11:34:47.116+0100] {dag.py:3096} INFO - Sync 1 DAGs
[2025-04-05T11:34:47.121+0100] {logging_mixin.py:188} INFO - [2025-04-05T11:34:47.121+0100] {dag.py:3954} INFO - Setting next_dagrun for example_setup_teardown to 2025-04-04T00:00:00+00:00, run_after=2025-04-05T00:00:00+00:00
[2025-04-05T11:34:47.127+0100] {processor.py:183} INFO - Processing /Users/judeezeh/Desktop/Zoomcamp-project/venv/lib/python3.11/site-packages/airflow/example_dags/example_setup_teardown.py took 0.045 seconds
[2025-04-05T11:36:25.962+0100] {processor.py:161} INFO - Started process (PID=18589) to work on /Users/judeezeh/Desktop/Zoomcamp-project/venv/lib/python3.11/site-packages/airflow/example_dags/example_setup_teardown.py
[2025-04-05T11:36:25.963+0100] {processor.py:830} INFO - Processing file /Users/judeezeh/Desktop/Zoomcamp-project/venv/lib/python3.11/site-packages/airflow/example_dags/example_setup_teardown.py for tasks to queue
[2025-04-05T11:36:25.963+0100] {logging_mixin.py:188} INFO - [2025-04-05T11:36:25.963+0100] {dagbag.py:540} INFO - Filling up the DagBag from /Users/judeezeh/Desktop/Zoomcamp-project/venv/lib/python3.11/site-packages/airflow/example_dags/example_setup_teardown.py
[2025-04-05T11:36:25.966+0100] {processor.py:840} INFO - DAG(s) 'example_setup_teardown' retrieved from /Users/judeezeh/Desktop/Zoomcamp-project/venv/lib/python3.11/site-packages/airflow/example_dags/example_setup_teardown.py
[2025-04-05T11:36:25.995+0100] {logging_mixin.py:188} INFO - [2025-04-05T11:36:25.995+0100] {dag.py:3096} INFO - Sync 1 DAGs
[2025-04-05T11:36:26.000+0100] {logging_mixin.py:188} INFO - [2025-04-05T11:36:26.000+0100] {dag.py:3954} INFO - Setting next_dagrun for example_setup_teardown to 2025-04-04T00:00:00+00:00, run_after=2025-04-05T00:00:00+00:00
[2025-04-05T11:36:26.006+0100] {processor.py:183} INFO - Processing /Users/judeezeh/Desktop/Zoomcamp-project/venv/lib/python3.11/site-packages/airflow/example_dags/example_setup_teardown.py took 0.045 seconds
[2025-04-05T11:38:52.088+0100] {processor.py:161} INFO - Started process (PID=18823) to work on /Users/judeezeh/Desktop/Zoomcamp-project/venv/lib/python3.11/site-packages/airflow/example_dags/example_setup_teardown.py
[2025-04-05T11:38:52.089+0100] {processor.py:830} INFO - Processing file /Users/judeezeh/Desktop/Zoomcamp-project/venv/lib/python3.11/site-packages/airflow/example_dags/example_setup_teardown.py for tasks to queue
[2025-04-05T11:38:52.089+0100] {logging_mixin.py:188} INFO - [2025-04-05T11:38:52.089+0100] {dagbag.py:540} INFO - Filling up the DagBag from /Users/judeezeh/Desktop/Zoomcamp-project/venv/lib/python3.11/site-packages/airflow/example_dags/example_setup_teardown.py
[2025-04-05T11:38:52.092+0100] {processor.py:840} INFO - DAG(s) 'example_setup_teardown' retrieved from /Users/judeezeh/Desktop/Zoomcamp-project/venv/lib/python3.11/site-packages/airflow/example_dags/example_setup_teardown.py
[2025-04-05T11:38:52.122+0100] {logging_mixin.py:188} INFO - [2025-04-05T11:38:52.122+0100] {dag.py:3096} INFO - Sync 1 DAGs
[2025-04-05T11:38:52.127+0100] {logging_mixin.py:188} INFO - [2025-04-05T11:38:52.127+0100] {dag.py:3954} INFO - Setting next_dagrun for example_setup_teardown to 2025-04-04T00:00:00+00:00, run_after=2025-04-05T00:00:00+00:00
[2025-04-05T11:38:52.133+0100] {processor.py:183} INFO - Processing /Users/judeezeh/Desktop/Zoomcamp-project/venv/lib/python3.11/site-packages/airflow/example_dags/example_setup_teardown.py took 0.046 seconds
[2025-04-05T11:40:11.302+0100] {processor.py:161} INFO - Started process (PID=18951) to work on /Users/judeezeh/Desktop/Zoomcamp-project/venv/lib/python3.11/site-packages/airflow/example_dags/example_setup_teardown.py
[2025-04-05T11:40:11.302+0100] {processor.py:830} INFO - Processing file /Users/judeezeh/Desktop/Zoomcamp-project/venv/lib/python3.11/site-packages/airflow/example_dags/example_setup_teardown.py for tasks to queue
[2025-04-05T11:40:11.302+0100] {logging_mixin.py:188} INFO - [2025-04-05T11:40:11.302+0100] {dagbag.py:540} INFO - Filling up the DagBag from /Users/judeezeh/Desktop/Zoomcamp-project/venv/lib/python3.11/site-packages/airflow/example_dags/example_setup_teardown.py
[2025-04-05T11:40:11.305+0100] {processor.py:840} INFO - DAG(s) 'example_setup_teardown' retrieved from /Users/judeezeh/Desktop/Zoomcamp-project/venv/lib/python3.11/site-packages/airflow/example_dags/example_setup_teardown.py
[2025-04-05T11:40:11.334+0100] {logging_mixin.py:188} INFO - [2025-04-05T11:40:11.334+0100] {dag.py:3096} INFO - Sync 1 DAGs
[2025-04-05T11:40:11.339+0100] {logging_mixin.py:188} INFO - [2025-04-05T11:40:11.339+0100] {dag.py:3954} INFO - Setting next_dagrun for example_setup_teardown to 2025-04-04T00:00:00+00:00, run_after=2025-04-05T00:00:00+00:00
[2025-04-05T11:40:11.347+0100] {processor.py:183} INFO - Processing /Users/judeezeh/Desktop/Zoomcamp-project/venv/lib/python3.11/site-packages/airflow/example_dags/example_setup_teardown.py took 0.046 seconds
[2025-04-05T11:41:44.797+0100] {processor.py:161} INFO - Started process (PID=19126) to work on /Users/judeezeh/Desktop/Zoomcamp-project/venv/lib/python3.11/site-packages/airflow/example_dags/example_setup_teardown.py
[2025-04-05T11:41:44.799+0100] {processor.py:830} INFO - Processing file /Users/judeezeh/Desktop/Zoomcamp-project/venv/lib/python3.11/site-packages/airflow/example_dags/example_setup_teardown.py for tasks to queue
[2025-04-05T11:41:44.799+0100] {logging_mixin.py:188} INFO - [2025-04-05T11:41:44.799+0100] {dagbag.py:540} INFO - Filling up the DagBag from /Users/judeezeh/Desktop/Zoomcamp-project/venv/lib/python3.11/site-packages/airflow/example_dags/example_setup_teardown.py
[2025-04-05T11:41:44.802+0100] {processor.py:840} INFO - DAG(s) 'example_setup_teardown' retrieved from /Users/judeezeh/Desktop/Zoomcamp-project/venv/lib/python3.11/site-packages/airflow/example_dags/example_setup_teardown.py
[2025-04-05T11:41:44.833+0100] {logging_mixin.py:188} INFO - [2025-04-05T11:41:44.833+0100] {dag.py:3096} INFO - Sync 1 DAGs
[2025-04-05T11:41:44.838+0100] {logging_mixin.py:188} INFO - [2025-04-05T11:41:44.838+0100] {dag.py:3954} INFO - Setting next_dagrun for example_setup_teardown to 2025-04-04T00:00:00+00:00, run_after=2025-04-05T00:00:00+00:00
[2025-04-05T11:41:44.846+0100] {processor.py:183} INFO - Processing /Users/judeezeh/Desktop/Zoomcamp-project/venv/lib/python3.11/site-packages/airflow/example_dags/example_setup_teardown.py took 0.049 seconds
