[2025-04-05T11:16:01.489+0100] {processor.py:161} INFO - Started process (PID=16774) to work on /Users/judeezeh/Desktop/Zoomcamp-project/venv/lib/python3.11/site-packages/airflow/example_dags/example_branch_python_dop_operator_3.py
[2025-04-05T11:16:01.489+0100] {processor.py:830} INFO - Processing file /Users/judeezeh/Desktop/Zoomcamp-project/venv/lib/python3.11/site-packages/airflow/example_dags/example_branch_python_dop_operator_3.py for tasks to queue
[2025-04-05T11:16:01.489+0100] {logging_mixin.py:188} INFO - [2025-04-05T11:16:01.489+0100] {dagbag.py:540} INFO - Filling up the DagBag from /Users/judeezeh/Desktop/Zoomcamp-project/venv/lib/python3.11/site-packages/airflow/example_dags/example_branch_python_dop_operator_3.py
[2025-04-05T11:16:01.502+0100] {processor.py:840} INFO - DAG(s) 'example_branch_dop_operator_v3' retrieved from /Users/judeezeh/Desktop/Zoomcamp-project/venv/lib/python3.11/site-packages/airflow/example_dags/example_branch_python_dop_operator_3.py
[2025-04-05T11:16:01.579+0100] {logging_mixin.py:188} INFO - [2025-04-05T11:16:01.579+0100] {override.py:1930} INFO - Created Permission View: can delete on DAG:example_branch_dop_operator_v3
[2025-04-05T11:16:01.582+0100] {logging_mixin.py:188} INFO - [2025-04-05T11:16:01.582+0100] {override.py:1930} INFO - Created Permission View: can read on DAG:example_branch_dop_operator_v3
[2025-04-05T11:16:01.583+0100] {logging_mixin.py:188} INFO - [2025-04-05T11:16:01.583+0100] {override.py:1930} INFO - Created Permission View: can edit on DAG:example_branch_dop_operator_v3
[2025-04-05T11:16:01.583+0100] {logging_mixin.py:188} INFO - [2025-04-05T11:16:01.583+0100] {dag.py:3096} INFO - Sync 1 DAGs
[2025-04-05T11:16:01.586+0100] {logging_mixin.py:188} INFO - [2025-04-05T11:16:01.586+0100] {dag.py:3118} INFO - Creating ORM DAG for example_branch_dop_operator_v3
[2025-04-05T11:16:01.590+0100] {logging_mixin.py:188} INFO - [2025-04-05T11:16:01.590+0100] {dag.py:3954} INFO - Setting next_dagrun for example_branch_dop_operator_v3 to 2025-04-05T10:15:00+00:00, run_after=2025-04-05T10:16:00+00:00
[2025-04-05T11:16:01.595+0100] {processor.py:183} INFO - Processing /Users/judeezeh/Desktop/Zoomcamp-project/venv/lib/python3.11/site-packages/airflow/example_dags/example_branch_python_dop_operator_3.py took 0.107 seconds
[2025-04-05T11:17:34.442+0100] {processor.py:161} INFO - Started process (PID=16927) to work on /Users/judeezeh/Desktop/Zoomcamp-project/venv/lib/python3.11/site-packages/airflow/example_dags/example_branch_python_dop_operator_3.py
[2025-04-05T11:17:34.443+0100] {processor.py:830} INFO - Processing file /Users/judeezeh/Desktop/Zoomcamp-project/venv/lib/python3.11/site-packages/airflow/example_dags/example_branch_python_dop_operator_3.py for tasks to queue
[2025-04-05T11:17:34.444+0100] {logging_mixin.py:188} INFO - [2025-04-05T11:17:34.443+0100] {dagbag.py:540} INFO - Filling up the DagBag from /Users/judeezeh/Desktop/Zoomcamp-project/venv/lib/python3.11/site-packages/airflow/example_dags/example_branch_python_dop_operator_3.py
[2025-04-05T11:17:34.456+0100] {processor.py:840} INFO - DAG(s) 'example_branch_dop_operator_v3' retrieved from /Users/judeezeh/Desktop/Zoomcamp-project/venv/lib/python3.11/site-packages/airflow/example_dags/example_branch_python_dop_operator_3.py
[2025-04-05T11:17:34.484+0100] {logging_mixin.py:188} INFO - [2025-04-05T11:17:34.484+0100] {dag.py:3096} INFO - Sync 1 DAGs
[2025-04-05T11:17:34.490+0100] {logging_mixin.py:188} INFO - [2025-04-05T11:17:34.489+0100] {dag.py:3954} INFO - Setting next_dagrun for example_branch_dop_operator_v3 to 2025-04-05T10:16:00+00:00, run_after=2025-04-05T10:17:00+00:00
[2025-04-05T11:17:34.496+0100] {processor.py:183} INFO - Processing /Users/judeezeh/Desktop/Zoomcamp-project/venv/lib/python3.11/site-packages/airflow/example_dags/example_branch_python_dop_operator_3.py took 0.054 seconds
[2025-04-05T11:20:02.607+0100] {processor.py:161} INFO - Started process (PID=17184) to work on /Users/judeezeh/Desktop/Zoomcamp-project/venv/lib/python3.11/site-packages/airflow/example_dags/example_branch_python_dop_operator_3.py
[2025-04-05T11:20:02.608+0100] {processor.py:830} INFO - Processing file /Users/judeezeh/Desktop/Zoomcamp-project/venv/lib/python3.11/site-packages/airflow/example_dags/example_branch_python_dop_operator_3.py for tasks to queue
[2025-04-05T11:20:02.608+0100] {logging_mixin.py:188} INFO - [2025-04-05T11:20:02.608+0100] {dagbag.py:540} INFO - Filling up the DagBag from /Users/judeezeh/Desktop/Zoomcamp-project/venv/lib/python3.11/site-packages/airflow/example_dags/example_branch_python_dop_operator_3.py
[2025-04-05T11:20:02.620+0100] {processor.py:840} INFO - DAG(s) 'example_branch_dop_operator_v3' retrieved from /Users/judeezeh/Desktop/Zoomcamp-project/venv/lib/python3.11/site-packages/airflow/example_dags/example_branch_python_dop_operator_3.py
[2025-04-05T11:20:02.648+0100] {logging_mixin.py:188} INFO - [2025-04-05T11:20:02.648+0100] {dag.py:3096} INFO - Sync 1 DAGs
[2025-04-05T11:20:02.654+0100] {logging_mixin.py:188} INFO - [2025-04-05T11:20:02.654+0100] {dag.py:3954} INFO - Setting next_dagrun for example_branch_dop_operator_v3 to 2025-04-05T10:19:00+00:00, run_after=2025-04-05T10:20:00+00:00
[2025-04-05T11:20:02.660+0100] {processor.py:183} INFO - Processing /Users/judeezeh/Desktop/Zoomcamp-project/venv/lib/python3.11/site-packages/airflow/example_dags/example_branch_python_dop_operator_3.py took 0.054 seconds
[2025-04-05T11:21:58.615+0100] {processor.py:161} INFO - Started process (PID=17350) to work on /Users/judeezeh/Desktop/Zoomcamp-project/venv/lib/python3.11/site-packages/airflow/example_dags/example_branch_python_dop_operator_3.py
[2025-04-05T11:21:58.616+0100] {processor.py:830} INFO - Processing file /Users/judeezeh/Desktop/Zoomcamp-project/venv/lib/python3.11/site-packages/airflow/example_dags/example_branch_python_dop_operator_3.py for tasks to queue
[2025-04-05T11:21:58.616+0100] {logging_mixin.py:188} INFO - [2025-04-05T11:21:58.616+0100] {dagbag.py:540} INFO - Filling up the DagBag from /Users/judeezeh/Desktop/Zoomcamp-project/venv/lib/python3.11/site-packages/airflow/example_dags/example_branch_python_dop_operator_3.py
[2025-04-05T11:21:58.629+0100] {processor.py:840} INFO - DAG(s) 'example_branch_dop_operator_v3' retrieved from /Users/judeezeh/Desktop/Zoomcamp-project/venv/lib/python3.11/site-packages/airflow/example_dags/example_branch_python_dop_operator_3.py
[2025-04-05T11:21:58.657+0100] {logging_mixin.py:188} INFO - [2025-04-05T11:21:58.657+0100] {dag.py:3096} INFO - Sync 1 DAGs
[2025-04-05T11:21:58.663+0100] {logging_mixin.py:188} INFO - [2025-04-05T11:21:58.663+0100] {dag.py:3954} INFO - Setting next_dagrun for example_branch_dop_operator_v3 to 2025-04-05T10:20:00+00:00, run_after=2025-04-05T10:21:00+00:00
[2025-04-05T11:21:58.670+0100] {processor.py:183} INFO - Processing /Users/judeezeh/Desktop/Zoomcamp-project/venv/lib/python3.11/site-packages/airflow/example_dags/example_branch_python_dop_operator_3.py took 0.056 seconds
[2025-04-05T11:23:38.100+0100] {processor.py:161} INFO - Started process (PID=17493) to work on /Users/judeezeh/Desktop/Zoomcamp-project/venv/lib/python3.11/site-packages/airflow/example_dags/example_branch_python_dop_operator_3.py
[2025-04-05T11:23:38.101+0100] {processor.py:830} INFO - Processing file /Users/judeezeh/Desktop/Zoomcamp-project/venv/lib/python3.11/site-packages/airflow/example_dags/example_branch_python_dop_operator_3.py for tasks to queue
[2025-04-05T11:23:38.101+0100] {logging_mixin.py:188} INFO - [2025-04-05T11:23:38.101+0100] {dagbag.py:540} INFO - Filling up the DagBag from /Users/judeezeh/Desktop/Zoomcamp-project/venv/lib/python3.11/site-packages/airflow/example_dags/example_branch_python_dop_operator_3.py
[2025-04-05T11:23:38.115+0100] {processor.py:840} INFO - DAG(s) 'example_branch_dop_operator_v3' retrieved from /Users/judeezeh/Desktop/Zoomcamp-project/venv/lib/python3.11/site-packages/airflow/example_dags/example_branch_python_dop_operator_3.py
[2025-04-05T11:23:38.143+0100] {logging_mixin.py:188} INFO - [2025-04-05T11:23:38.143+0100] {dag.py:3096} INFO - Sync 1 DAGs
[2025-04-05T11:23:38.149+0100] {logging_mixin.py:188} INFO - [2025-04-05T11:23:38.149+0100] {dag.py:3954} INFO - Setting next_dagrun for example_branch_dop_operator_v3 to 2025-04-05T10:22:00+00:00, run_after=2025-04-05T10:23:00+00:00
[2025-04-05T11:23:38.155+0100] {processor.py:183} INFO - Processing /Users/judeezeh/Desktop/Zoomcamp-project/venv/lib/python3.11/site-packages/airflow/example_dags/example_branch_python_dop_operator_3.py took 0.056 seconds
[2025-04-05T11:25:19.866+0100] {processor.py:161} INFO - Started process (PID=17631) to work on /Users/judeezeh/Desktop/Zoomcamp-project/venv/lib/python3.11/site-packages/airflow/example_dags/example_branch_python_dop_operator_3.py
[2025-04-05T11:25:19.867+0100] {processor.py:830} INFO - Processing file /Users/judeezeh/Desktop/Zoomcamp-project/venv/lib/python3.11/site-packages/airflow/example_dags/example_branch_python_dop_operator_3.py for tasks to queue
[2025-04-05T11:25:19.867+0100] {logging_mixin.py:188} INFO - [2025-04-05T11:25:19.867+0100] {dagbag.py:540} INFO - Filling up the DagBag from /Users/judeezeh/Desktop/Zoomcamp-project/venv/lib/python3.11/site-packages/airflow/example_dags/example_branch_python_dop_operator_3.py
[2025-04-05T11:25:19.880+0100] {processor.py:840} INFO - DAG(s) 'example_branch_dop_operator_v3' retrieved from /Users/judeezeh/Desktop/Zoomcamp-project/venv/lib/python3.11/site-packages/airflow/example_dags/example_branch_python_dop_operator_3.py
[2025-04-05T11:25:19.908+0100] {logging_mixin.py:188} INFO - [2025-04-05T11:25:19.908+0100] {dag.py:3096} INFO - Sync 1 DAGs
[2025-04-05T11:25:19.913+0100] {logging_mixin.py:188} INFO - [2025-04-05T11:25:19.913+0100] {dag.py:3954} INFO - Setting next_dagrun for example_branch_dop_operator_v3 to 2025-04-05T10:24:00+00:00, run_after=2025-04-05T10:25:00+00:00
[2025-04-05T11:25:19.920+0100] {processor.py:183} INFO - Processing /Users/judeezeh/Desktop/Zoomcamp-project/venv/lib/python3.11/site-packages/airflow/example_dags/example_branch_python_dop_operator_3.py took 0.054 seconds
[2025-04-05T11:26:56.241+0100] {processor.py:161} INFO - Started process (PID=17780) to work on /Users/judeezeh/Desktop/Zoomcamp-project/venv/lib/python3.11/site-packages/airflow/example_dags/example_branch_python_dop_operator_3.py
[2025-04-05T11:26:56.241+0100] {processor.py:830} INFO - Processing file /Users/judeezeh/Desktop/Zoomcamp-project/venv/lib/python3.11/site-packages/airflow/example_dags/example_branch_python_dop_operator_3.py for tasks to queue
[2025-04-05T11:26:56.242+0100] {logging_mixin.py:188} INFO - [2025-04-05T11:26:56.242+0100] {dagbag.py:540} INFO - Filling up the DagBag from /Users/judeezeh/Desktop/Zoomcamp-project/venv/lib/python3.11/site-packages/airflow/example_dags/example_branch_python_dop_operator_3.py
[2025-04-05T11:26:56.254+0100] {processor.py:840} INFO - DAG(s) 'example_branch_dop_operator_v3' retrieved from /Users/judeezeh/Desktop/Zoomcamp-project/venv/lib/python3.11/site-packages/airflow/example_dags/example_branch_python_dop_operator_3.py
[2025-04-05T11:26:56.284+0100] {logging_mixin.py:188} INFO - [2025-04-05T11:26:56.283+0100] {dag.py:3096} INFO - Sync 1 DAGs
[2025-04-05T11:26:56.290+0100] {logging_mixin.py:188} INFO - [2025-04-05T11:26:56.289+0100] {dag.py:3954} INFO - Setting next_dagrun for example_branch_dop_operator_v3 to 2025-04-05T10:25:00+00:00, run_after=2025-04-05T10:26:00+00:00
[2025-04-05T11:26:56.296+0100] {processor.py:183} INFO - Processing /Users/judeezeh/Desktop/Zoomcamp-project/venv/lib/python3.11/site-packages/airflow/example_dags/example_branch_python_dop_operator_3.py took 0.057 seconds
[2025-04-05T11:28:48.029+0100] {processor.py:161} INFO - Started process (PID=17937) to work on /Users/judeezeh/Desktop/Zoomcamp-project/venv/lib/python3.11/site-packages/airflow/example_dags/example_branch_python_dop_operator_3.py
[2025-04-05T11:28:48.029+0100] {processor.py:830} INFO - Processing file /Users/judeezeh/Desktop/Zoomcamp-project/venv/lib/python3.11/site-packages/airflow/example_dags/example_branch_python_dop_operator_3.py for tasks to queue
[2025-04-05T11:28:48.029+0100] {logging_mixin.py:188} INFO - [2025-04-05T11:28:48.029+0100] {dagbag.py:540} INFO - Filling up the DagBag from /Users/judeezeh/Desktop/Zoomcamp-project/venv/lib/python3.11/site-packages/airflow/example_dags/example_branch_python_dop_operator_3.py
[2025-04-05T11:28:48.042+0100] {processor.py:840} INFO - DAG(s) 'example_branch_dop_operator_v3' retrieved from /Users/judeezeh/Desktop/Zoomcamp-project/venv/lib/python3.11/site-packages/airflow/example_dags/example_branch_python_dop_operator_3.py
[2025-04-05T11:28:48.070+0100] {logging_mixin.py:188} INFO - [2025-04-05T11:28:48.070+0100] {dag.py:3096} INFO - Sync 1 DAGs
[2025-04-05T11:28:48.076+0100] {logging_mixin.py:188} INFO - [2025-04-05T11:28:48.076+0100] {dag.py:3954} INFO - Setting next_dagrun for example_branch_dop_operator_v3 to 2025-04-05T10:27:00+00:00, run_after=2025-04-05T10:28:00+00:00
[2025-04-05T11:28:48.082+0100] {processor.py:183} INFO - Processing /Users/judeezeh/Desktop/Zoomcamp-project/venv/lib/python3.11/site-packages/airflow/example_dags/example_branch_python_dop_operator_3.py took 0.055 seconds
[2025-04-05T11:30:37.221+0100] {processor.py:161} INFO - Started process (PID=18087) to work on /Users/judeezeh/Desktop/Zoomcamp-project/venv/lib/python3.11/site-packages/airflow/example_dags/example_branch_python_dop_operator_3.py
[2025-04-05T11:30:37.222+0100] {processor.py:830} INFO - Processing file /Users/judeezeh/Desktop/Zoomcamp-project/venv/lib/python3.11/site-packages/airflow/example_dags/example_branch_python_dop_operator_3.py for tasks to queue
[2025-04-05T11:30:37.222+0100] {logging_mixin.py:188} INFO - [2025-04-05T11:30:37.222+0100] {dagbag.py:540} INFO - Filling up the DagBag from /Users/judeezeh/Desktop/Zoomcamp-project/venv/lib/python3.11/site-packages/airflow/example_dags/example_branch_python_dop_operator_3.py
[2025-04-05T11:30:37.235+0100] {processor.py:840} INFO - DAG(s) 'example_branch_dop_operator_v3' retrieved from /Users/judeezeh/Desktop/Zoomcamp-project/venv/lib/python3.11/site-packages/airflow/example_dags/example_branch_python_dop_operator_3.py
[2025-04-05T11:30:37.263+0100] {logging_mixin.py:188} INFO - [2025-04-05T11:30:37.263+0100] {dag.py:3096} INFO - Sync 1 DAGs
[2025-04-05T11:30:37.269+0100] {logging_mixin.py:188} INFO - [2025-04-05T11:30:37.269+0100] {dag.py:3954} INFO - Setting next_dagrun for example_branch_dop_operator_v3 to 2025-04-05T10:29:00+00:00, run_after=2025-04-05T10:30:00+00:00
[2025-04-05T11:30:37.276+0100] {processor.py:183} INFO - Processing /Users/judeezeh/Desktop/Zoomcamp-project/venv/lib/python3.11/site-packages/airflow/example_dags/example_branch_python_dop_operator_3.py took 0.055 seconds
[2025-04-05T11:32:14.483+0100] {processor.py:161} INFO - Started process (PID=18237) to work on /Users/judeezeh/Desktop/Zoomcamp-project/venv/lib/python3.11/site-packages/airflow/example_dags/example_branch_python_dop_operator_3.py
[2025-04-05T11:32:14.483+0100] {processor.py:830} INFO - Processing file /Users/judeezeh/Desktop/Zoomcamp-project/venv/lib/python3.11/site-packages/airflow/example_dags/example_branch_python_dop_operator_3.py for tasks to queue
[2025-04-05T11:32:14.483+0100] {logging_mixin.py:188} INFO - [2025-04-05T11:32:14.483+0100] {dagbag.py:540} INFO - Filling up the DagBag from /Users/judeezeh/Desktop/Zoomcamp-project/venv/lib/python3.11/site-packages/airflow/example_dags/example_branch_python_dop_operator_3.py
[2025-04-05T11:32:14.496+0100] {processor.py:840} INFO - DAG(s) 'example_branch_dop_operator_v3' retrieved from /Users/judeezeh/Desktop/Zoomcamp-project/venv/lib/python3.11/site-packages/airflow/example_dags/example_branch_python_dop_operator_3.py
[2025-04-05T11:32:14.525+0100] {logging_mixin.py:188} INFO - [2025-04-05T11:32:14.525+0100] {dag.py:3096} INFO - Sync 1 DAGs
[2025-04-05T11:32:14.531+0100] {logging_mixin.py:188} INFO - [2025-04-05T11:32:14.531+0100] {dag.py:3954} INFO - Setting next_dagrun for example_branch_dop_operator_v3 to 2025-04-05T10:31:00+00:00, run_after=2025-04-05T10:32:00+00:00
[2025-04-05T11:32:14.537+0100] {processor.py:183} INFO - Processing /Users/judeezeh/Desktop/Zoomcamp-project/venv/lib/python3.11/site-packages/airflow/example_dags/example_branch_python_dop_operator_3.py took 0.055 seconds
[2025-04-05T11:34:01.777+0100] {processor.py:161} INFO - Started process (PID=18385) to work on /Users/judeezeh/Desktop/Zoomcamp-project/venv/lib/python3.11/site-packages/airflow/example_dags/example_branch_python_dop_operator_3.py
[2025-04-05T11:34:01.778+0100] {processor.py:830} INFO - Processing file /Users/judeezeh/Desktop/Zoomcamp-project/venv/lib/python3.11/site-packages/airflow/example_dags/example_branch_python_dop_operator_3.py for tasks to queue
[2025-04-05T11:34:01.778+0100] {logging_mixin.py:188} INFO - [2025-04-05T11:34:01.778+0100] {dagbag.py:540} INFO - Filling up the DagBag from /Users/judeezeh/Desktop/Zoomcamp-project/venv/lib/python3.11/site-packages/airflow/example_dags/example_branch_python_dop_operator_3.py
[2025-04-05T11:34:01.791+0100] {processor.py:840} INFO - DAG(s) 'example_branch_dop_operator_v3' retrieved from /Users/judeezeh/Desktop/Zoomcamp-project/venv/lib/python3.11/site-packages/airflow/example_dags/example_branch_python_dop_operator_3.py
[2025-04-05T11:34:01.821+0100] {logging_mixin.py:188} INFO - [2025-04-05T11:34:01.821+0100] {dag.py:3096} INFO - Sync 1 DAGs
[2025-04-05T11:34:01.828+0100] {logging_mixin.py:188} INFO - [2025-04-05T11:34:01.828+0100] {dag.py:3954} INFO - Setting next_dagrun for example_branch_dop_operator_v3 to 2025-04-05T10:33:00+00:00, run_after=2025-04-05T10:34:00+00:00
[2025-04-05T11:34:01.835+0100] {processor.py:183} INFO - Processing /Users/judeezeh/Desktop/Zoomcamp-project/venv/lib/python3.11/site-packages/airflow/example_dags/example_branch_python_dop_operator_3.py took 0.059 seconds
[2025-04-05T11:35:35.176+0100] {processor.py:161} INFO - Started process (PID=18521) to work on /Users/judeezeh/Desktop/Zoomcamp-project/venv/lib/python3.11/site-packages/airflow/example_dags/example_branch_python_dop_operator_3.py
[2025-04-05T11:35:35.177+0100] {processor.py:830} INFO - Processing file /Users/judeezeh/Desktop/Zoomcamp-project/venv/lib/python3.11/site-packages/airflow/example_dags/example_branch_python_dop_operator_3.py for tasks to queue
[2025-04-05T11:35:35.177+0100] {logging_mixin.py:188} INFO - [2025-04-05T11:35:35.177+0100] {dagbag.py:540} INFO - Filling up the DagBag from /Users/judeezeh/Desktop/Zoomcamp-project/venv/lib/python3.11/site-packages/airflow/example_dags/example_branch_python_dop_operator_3.py
[2025-04-05T11:35:35.189+0100] {processor.py:840} INFO - DAG(s) 'example_branch_dop_operator_v3' retrieved from /Users/judeezeh/Desktop/Zoomcamp-project/venv/lib/python3.11/site-packages/airflow/example_dags/example_branch_python_dop_operator_3.py
[2025-04-05T11:35:35.217+0100] {logging_mixin.py:188} INFO - [2025-04-05T11:35:35.217+0100] {dag.py:3096} INFO - Sync 1 DAGs
[2025-04-05T11:35:35.223+0100] {logging_mixin.py:188} INFO - [2025-04-05T11:35:35.223+0100] {dag.py:3954} INFO - Setting next_dagrun for example_branch_dop_operator_v3 to 2025-04-05T10:34:00+00:00, run_after=2025-04-05T10:35:00+00:00
[2025-04-05T11:35:35.229+0100] {processor.py:183} INFO - Processing /Users/judeezeh/Desktop/Zoomcamp-project/venv/lib/python3.11/site-packages/airflow/example_dags/example_branch_python_dop_operator_3.py took 0.055 seconds
[2025-04-05T11:37:23.384+0100] {processor.py:161} INFO - Started process (PID=18687) to work on /Users/judeezeh/Desktop/Zoomcamp-project/venv/lib/python3.11/site-packages/airflow/example_dags/example_branch_python_dop_operator_3.py
[2025-04-05T11:37:23.384+0100] {processor.py:830} INFO - Processing file /Users/judeezeh/Desktop/Zoomcamp-project/venv/lib/python3.11/site-packages/airflow/example_dags/example_branch_python_dop_operator_3.py for tasks to queue
[2025-04-05T11:37:23.385+0100] {logging_mixin.py:188} INFO - [2025-04-05T11:37:23.385+0100] {dagbag.py:540} INFO - Filling up the DagBag from /Users/judeezeh/Desktop/Zoomcamp-project/venv/lib/python3.11/site-packages/airflow/example_dags/example_branch_python_dop_operator_3.py
[2025-04-05T11:37:23.397+0100] {processor.py:840} INFO - DAG(s) 'example_branch_dop_operator_v3' retrieved from /Users/judeezeh/Desktop/Zoomcamp-project/venv/lib/python3.11/site-packages/airflow/example_dags/example_branch_python_dop_operator_3.py
[2025-04-05T11:37:23.425+0100] {logging_mixin.py:188} INFO - [2025-04-05T11:37:23.425+0100] {dag.py:3096} INFO - Sync 1 DAGs
[2025-04-05T11:37:23.431+0100] {logging_mixin.py:188} INFO - [2025-04-05T11:37:23.431+0100] {dag.py:3954} INFO - Setting next_dagrun for example_branch_dop_operator_v3 to 2025-04-05T10:36:00+00:00, run_after=2025-04-05T10:37:00+00:00
[2025-04-05T11:37:23.437+0100] {processor.py:183} INFO - Processing /Users/judeezeh/Desktop/Zoomcamp-project/venv/lib/python3.11/site-packages/airflow/example_dags/example_branch_python_dop_operator_3.py took 0.054 seconds
[2025-04-05T11:39:22.594+0100] {processor.py:161} INFO - Started process (PID=18869) to work on /Users/judeezeh/Desktop/Zoomcamp-project/venv/lib/python3.11/site-packages/airflow/example_dags/example_branch_python_dop_operator_3.py
[2025-04-05T11:39:22.595+0100] {processor.py:830} INFO - Processing file /Users/judeezeh/Desktop/Zoomcamp-project/venv/lib/python3.11/site-packages/airflow/example_dags/example_branch_python_dop_operator_3.py for tasks to queue
[2025-04-05T11:39:22.595+0100] {logging_mixin.py:188} INFO - [2025-04-05T11:39:22.595+0100] {dagbag.py:540} INFO - Filling up the DagBag from /Users/judeezeh/Desktop/Zoomcamp-project/venv/lib/python3.11/site-packages/airflow/example_dags/example_branch_python_dop_operator_3.py
[2025-04-05T11:39:22.608+0100] {processor.py:840} INFO - DAG(s) 'example_branch_dop_operator_v3' retrieved from /Users/judeezeh/Desktop/Zoomcamp-project/venv/lib/python3.11/site-packages/airflow/example_dags/example_branch_python_dop_operator_3.py
[2025-04-05T11:39:22.638+0100] {logging_mixin.py:188} INFO - [2025-04-05T11:39:22.638+0100] {dag.py:3096} INFO - Sync 1 DAGs
[2025-04-05T11:39:22.644+0100] {logging_mixin.py:188} INFO - [2025-04-05T11:39:22.644+0100] {dag.py:3954} INFO - Setting next_dagrun for example_branch_dop_operator_v3 to 2025-04-05T10:38:00+00:00, run_after=2025-04-05T10:39:00+00:00
[2025-04-05T11:39:22.650+0100] {processor.py:183} INFO - Processing /Users/judeezeh/Desktop/Zoomcamp-project/venv/lib/python3.11/site-packages/airflow/example_dags/example_branch_python_dop_operator_3.py took 0.057 seconds
[2025-04-05T11:41:01.996+0100] {processor.py:161} INFO - Started process (PID=19060) to work on /Users/judeezeh/Desktop/Zoomcamp-project/venv/lib/python3.11/site-packages/airflow/example_dags/example_branch_python_dop_operator_3.py
[2025-04-05T11:41:01.997+0100] {processor.py:830} INFO - Processing file /Users/judeezeh/Desktop/Zoomcamp-project/venv/lib/python3.11/site-packages/airflow/example_dags/example_branch_python_dop_operator_3.py for tasks to queue
[2025-04-05T11:41:01.997+0100] {logging_mixin.py:188} INFO - [2025-04-05T11:41:01.997+0100] {dagbag.py:540} INFO - Filling up the DagBag from /Users/judeezeh/Desktop/Zoomcamp-project/venv/lib/python3.11/site-packages/airflow/example_dags/example_branch_python_dop_operator_3.py
[2025-04-05T11:41:02.009+0100] {processor.py:840} INFO - DAG(s) 'example_branch_dop_operator_v3' retrieved from /Users/judeezeh/Desktop/Zoomcamp-project/venv/lib/python3.11/site-packages/airflow/example_dags/example_branch_python_dop_operator_3.py
[2025-04-05T11:41:02.037+0100] {logging_mixin.py:188} INFO - [2025-04-05T11:41:02.037+0100] {dag.py:3096} INFO - Sync 1 DAGs
[2025-04-05T11:41:02.043+0100] {logging_mixin.py:188} INFO - [2025-04-05T11:41:02.043+0100] {dag.py:3954} INFO - Setting next_dagrun for example_branch_dop_operator_v3 to 2025-04-05T10:40:00+00:00, run_after=2025-04-05T10:41:00+00:00
[2025-04-05T11:41:02.049+0100] {processor.py:183} INFO - Processing /Users/judeezeh/Desktop/Zoomcamp-project/venv/lib/python3.11/site-packages/airflow/example_dags/example_branch_python_dop_operator_3.py took 0.054 seconds
[2025-04-05T11:42:33.087+0100] {processor.py:161} INFO - Started process (PID=19196) to work on /Users/judeezeh/Desktop/Zoomcamp-project/venv/lib/python3.11/site-packages/airflow/example_dags/example_branch_python_dop_operator_3.py
[2025-04-05T11:42:33.088+0100] {processor.py:830} INFO - Processing file /Users/judeezeh/Desktop/Zoomcamp-project/venv/lib/python3.11/site-packages/airflow/example_dags/example_branch_python_dop_operator_3.py for tasks to queue
[2025-04-05T11:42:33.088+0100] {logging_mixin.py:188} INFO - [2025-04-05T11:42:33.088+0100] {dagbag.py:540} INFO - Filling up the DagBag from /Users/judeezeh/Desktop/Zoomcamp-project/venv/lib/python3.11/site-packages/airflow/example_dags/example_branch_python_dop_operator_3.py
[2025-04-05T11:42:33.100+0100] {processor.py:840} INFO - DAG(s) 'example_branch_dop_operator_v3' retrieved from /Users/judeezeh/Desktop/Zoomcamp-project/venv/lib/python3.11/site-packages/airflow/example_dags/example_branch_python_dop_operator_3.py
[2025-04-05T11:42:33.129+0100] {logging_mixin.py:188} INFO - [2025-04-05T11:42:33.129+0100] {dag.py:3096} INFO - Sync 1 DAGs
[2025-04-05T11:42:33.135+0100] {logging_mixin.py:188} INFO - [2025-04-05T11:42:33.135+0100] {dag.py:3954} INFO - Setting next_dagrun for example_branch_dop_operator_v3 to 2025-04-05T10:41:00+00:00, run_after=2025-04-05T10:42:00+00:00
[2025-04-05T11:42:33.141+0100] {processor.py:183} INFO - Processing /Users/judeezeh/Desktop/Zoomcamp-project/venv/lib/python3.11/site-packages/airflow/example_dags/example_branch_python_dop_operator_3.py took 0.055 seconds
