[2025-04-05T11:15:13.107+0100] {processor.py:161} INFO - Started process (PID=16710) to work on /Users/judeezeh/Desktop/Zoomcamp-project/venv/lib/python3.11/site-packages/airflow/example_dags/example_task_group_decorator.py
[2025-04-05T11:15:13.108+0100] {processor.py:830} INFO - Processing file /Users/judeezeh/Desktop/Zoomcamp-project/venv/lib/python3.11/site-packages/airflow/example_dags/example_task_group_decorator.py for tasks to queue
[2025-04-05T11:15:13.108+0100] {logging_mixin.py:188} INFO - [2025-04-05T11:15:13.108+0100] {dagbag.py:540} INFO - Filling up the DagBag from /Users/judeezeh/Desktop/Zoomcamp-project/venv/lib/python3.11/site-packages/airflow/example_dags/example_task_group_decorator.py
[2025-04-05T11:15:13.120+0100] {processor.py:840} INFO - DAG(s) 'example_task_group_decorator' retrieved from /Users/judeezeh/Desktop/Zoomcamp-project/venv/lib/python3.11/site-packages/airflow/example_dags/example_task_group_decorator.py
[2025-04-05T11:15:13.196+0100] {logging_mixin.py:188} INFO - [2025-04-05T11:15:13.196+0100] {override.py:1930} INFO - Created Permission View: can edit on DAG:example_task_group_decorator
[2025-04-05T11:15:13.199+0100] {logging_mixin.py:188} INFO - [2025-04-05T11:15:13.198+0100] {override.py:1930} INFO - Created Permission View: can delete on DAG:example_task_group_decorator
[2025-04-05T11:15:13.200+0100] {logging_mixin.py:188} INFO - [2025-04-05T11:15:13.200+0100] {override.py:1930} INFO - Created Permission View: can read on DAG:example_task_group_decorator
[2025-04-05T11:15:13.200+0100] {logging_mixin.py:188} INFO - [2025-04-05T11:15:13.200+0100] {dag.py:3096} INFO - Sync 1 DAGs
[2025-04-05T11:15:13.204+0100] {logging_mixin.py:188} INFO - [2025-04-05T11:15:13.203+0100] {dag.py:3118} INFO - Creating ORM DAG for example_task_group_decorator
[2025-04-05T11:15:13.206+0100] {logging_mixin.py:188} INFO - [2025-04-05T11:15:13.206+0100] {dag.py:3954} INFO - Setting next_dagrun for example_task_group_decorator to 2025-04-04T00:00:00+00:00, run_after=2025-04-05T00:00:00+00:00
[2025-04-05T11:15:13.210+0100] {processor.py:183} INFO - Processing /Users/judeezeh/Desktop/Zoomcamp-project/venv/lib/python3.11/site-packages/airflow/example_dags/example_task_group_decorator.py took 0.104 seconds
[2025-04-05T11:16:37.364+0100] {processor.py:161} INFO - Started process (PID=16842) to work on /Users/judeezeh/Desktop/Zoomcamp-project/venv/lib/python3.11/site-packages/airflow/example_dags/example_task_group_decorator.py
[2025-04-05T11:16:37.365+0100] {processor.py:830} INFO - Processing file /Users/judeezeh/Desktop/Zoomcamp-project/venv/lib/python3.11/site-packages/airflow/example_dags/example_task_group_decorator.py for tasks to queue
[2025-04-05T11:16:37.365+0100] {logging_mixin.py:188} INFO - [2025-04-05T11:16:37.365+0100] {dagbag.py:540} INFO - Filling up the DagBag from /Users/judeezeh/Desktop/Zoomcamp-project/venv/lib/python3.11/site-packages/airflow/example_dags/example_task_group_decorator.py
[2025-04-05T11:16:37.378+0100] {processor.py:840} INFO - DAG(s) 'example_task_group_decorator' retrieved from /Users/judeezeh/Desktop/Zoomcamp-project/venv/lib/python3.11/site-packages/airflow/example_dags/example_task_group_decorator.py
[2025-04-05T11:16:37.409+0100] {logging_mixin.py:188} INFO - [2025-04-05T11:16:37.408+0100] {dag.py:3096} INFO - Sync 1 DAGs
[2025-04-05T11:16:37.413+0100] {logging_mixin.py:188} INFO - [2025-04-05T11:16:37.413+0100] {dag.py:3954} INFO - Setting next_dagrun for example_task_group_decorator to 2025-04-04T00:00:00+00:00, run_after=2025-04-05T00:00:00+00:00
[2025-04-05T11:16:37.420+0100] {processor.py:183} INFO - Processing /Users/judeezeh/Desktop/Zoomcamp-project/venv/lib/python3.11/site-packages/airflow/example_dags/example_task_group_decorator.py took 0.057 seconds
[2025-04-05T11:18:04.658+0100] {processor.py:161} INFO - Started process (PID=16970) to work on /Users/judeezeh/Desktop/Zoomcamp-project/venv/lib/python3.11/site-packages/airflow/example_dags/example_task_group_decorator.py
[2025-04-05T11:18:04.659+0100] {processor.py:830} INFO - Processing file /Users/judeezeh/Desktop/Zoomcamp-project/venv/lib/python3.11/site-packages/airflow/example_dags/example_task_group_decorator.py for tasks to queue
[2025-04-05T11:18:04.659+0100] {logging_mixin.py:188} INFO - [2025-04-05T11:18:04.659+0100] {dagbag.py:540} INFO - Filling up the DagBag from /Users/judeezeh/Desktop/Zoomcamp-project/venv/lib/python3.11/site-packages/airflow/example_dags/example_task_group_decorator.py
[2025-04-05T11:18:04.673+0100] {processor.py:840} INFO - DAG(s) 'example_task_group_decorator' retrieved from /Users/judeezeh/Desktop/Zoomcamp-project/venv/lib/python3.11/site-packages/airflow/example_dags/example_task_group_decorator.py
[2025-04-05T11:18:04.702+0100] {logging_mixin.py:188} INFO - [2025-04-05T11:18:04.702+0100] {dag.py:3096} INFO - Sync 1 DAGs
[2025-04-05T11:18:04.707+0100] {logging_mixin.py:188} INFO - [2025-04-05T11:18:04.707+0100] {dag.py:3954} INFO - Setting next_dagrun for example_task_group_decorator to 2025-04-04T00:00:00+00:00, run_after=2025-04-05T00:00:00+00:00
[2025-04-05T11:18:04.713+0100] {processor.py:183} INFO - Processing /Users/judeezeh/Desktop/Zoomcamp-project/venv/lib/python3.11/site-packages/airflow/example_dags/example_task_group_decorator.py took 0.056 seconds
[2025-04-05T11:19:18.079+0100] {processor.py:161} INFO - Started process (PID=17107) to work on /Users/judeezeh/Desktop/Zoomcamp-project/venv/lib/python3.11/site-packages/airflow/example_dags/example_task_group_decorator.py
[2025-04-05T11:19:18.080+0100] {processor.py:830} INFO - Processing file /Users/judeezeh/Desktop/Zoomcamp-project/venv/lib/python3.11/site-packages/airflow/example_dags/example_task_group_decorator.py for tasks to queue
[2025-04-05T11:19:18.080+0100] {logging_mixin.py:188} INFO - [2025-04-05T11:19:18.080+0100] {dagbag.py:540} INFO - Filling up the DagBag from /Users/judeezeh/Desktop/Zoomcamp-project/venv/lib/python3.11/site-packages/airflow/example_dags/example_task_group_decorator.py
[2025-04-05T11:19:18.094+0100] {processor.py:840} INFO - DAG(s) 'example_task_group_decorator' retrieved from /Users/judeezeh/Desktop/Zoomcamp-project/venv/lib/python3.11/site-packages/airflow/example_dags/example_task_group_decorator.py
[2025-04-05T11:19:18.124+0100] {logging_mixin.py:188} INFO - [2025-04-05T11:19:18.124+0100] {dag.py:3096} INFO - Sync 1 DAGs
[2025-04-05T11:19:18.129+0100] {logging_mixin.py:188} INFO - [2025-04-05T11:19:18.129+0100] {dag.py:3954} INFO - Setting next_dagrun for example_task_group_decorator to 2025-04-04T00:00:00+00:00, run_after=2025-04-05T00:00:00+00:00
[2025-04-05T11:19:18.135+0100] {processor.py:183} INFO - Processing /Users/judeezeh/Desktop/Zoomcamp-project/venv/lib/python3.11/site-packages/airflow/example_dags/example_task_group_decorator.py took 0.057 seconds
[2025-04-05T11:20:42.160+0100] {processor.py:161} INFO - Started process (PID=17238) to work on /Users/judeezeh/Desktop/Zoomcamp-project/venv/lib/python3.11/site-packages/airflow/example_dags/example_task_group_decorator.py
[2025-04-05T11:20:42.160+0100] {processor.py:830} INFO - Processing file /Users/judeezeh/Desktop/Zoomcamp-project/venv/lib/python3.11/site-packages/airflow/example_dags/example_task_group_decorator.py for tasks to queue
[2025-04-05T11:20:42.160+0100] {logging_mixin.py:188} INFO - [2025-04-05T11:20:42.160+0100] {dagbag.py:540} INFO - Filling up the DagBag from /Users/judeezeh/Desktop/Zoomcamp-project/venv/lib/python3.11/site-packages/airflow/example_dags/example_task_group_decorator.py
[2025-04-05T11:20:42.175+0100] {processor.py:840} INFO - DAG(s) 'example_task_group_decorator' retrieved from /Users/judeezeh/Desktop/Zoomcamp-project/venv/lib/python3.11/site-packages/airflow/example_dags/example_task_group_decorator.py
[2025-04-05T11:20:42.206+0100] {logging_mixin.py:188} INFO - [2025-04-05T11:20:42.206+0100] {dag.py:3096} INFO - Sync 1 DAGs
[2025-04-05T11:20:42.210+0100] {logging_mixin.py:188} INFO - [2025-04-05T11:20:42.210+0100] {dag.py:3954} INFO - Setting next_dagrun for example_task_group_decorator to 2025-04-04T00:00:00+00:00, run_after=2025-04-05T00:00:00+00:00
[2025-04-05T11:20:42.217+0100] {processor.py:183} INFO - Processing /Users/judeezeh/Desktop/Zoomcamp-project/venv/lib/python3.11/site-packages/airflow/example_dags/example_task_group_decorator.py took 0.058 seconds
[2025-04-05T11:21:39.527+0100] {processor.py:161} INFO - Started process (PID=17318) to work on /Users/judeezeh/Desktop/Zoomcamp-project/venv/lib/python3.11/site-packages/airflow/example_dags/example_task_group_decorator.py
[2025-04-05T11:21:39.528+0100] {processor.py:830} INFO - Processing file /Users/judeezeh/Desktop/Zoomcamp-project/venv/lib/python3.11/site-packages/airflow/example_dags/example_task_group_decorator.py for tasks to queue
[2025-04-05T11:21:39.529+0100] {logging_mixin.py:188} INFO - [2025-04-05T11:21:39.528+0100] {dagbag.py:540} INFO - Filling up the DagBag from /Users/judeezeh/Desktop/Zoomcamp-project/venv/lib/python3.11/site-packages/airflow/example_dags/example_task_group_decorator.py
[2025-04-05T11:21:39.543+0100] {processor.py:840} INFO - DAG(s) 'example_task_group_decorator' retrieved from /Users/judeezeh/Desktop/Zoomcamp-project/venv/lib/python3.11/site-packages/airflow/example_dags/example_task_group_decorator.py
[2025-04-05T11:21:39.573+0100] {logging_mixin.py:188} INFO - [2025-04-05T11:21:39.572+0100] {dag.py:3096} INFO - Sync 1 DAGs
[2025-04-05T11:21:39.577+0100] {logging_mixin.py:188} INFO - [2025-04-05T11:21:39.577+0100] {dag.py:3954} INFO - Setting next_dagrun for example_task_group_decorator to 2025-04-04T00:00:00+00:00, run_after=2025-04-05T00:00:00+00:00
[2025-04-05T11:21:39.584+0100] {processor.py:183} INFO - Processing /Users/judeezeh/Desktop/Zoomcamp-project/venv/lib/python3.11/site-packages/airflow/example_dags/example_task_group_decorator.py took 0.057 seconds
[2025-04-05T11:22:34.703+0100] {processor.py:161} INFO - Started process (PID=17401) to work on /Users/judeezeh/Desktop/Zoomcamp-project/venv/lib/python3.11/site-packages/airflow/example_dags/example_task_group_decorator.py
[2025-04-05T11:22:34.704+0100] {processor.py:830} INFO - Processing file /Users/judeezeh/Desktop/Zoomcamp-project/venv/lib/python3.11/site-packages/airflow/example_dags/example_task_group_decorator.py for tasks to queue
[2025-04-05T11:22:34.704+0100] {logging_mixin.py:188} INFO - [2025-04-05T11:22:34.704+0100] {dagbag.py:540} INFO - Filling up the DagBag from /Users/judeezeh/Desktop/Zoomcamp-project/venv/lib/python3.11/site-packages/airflow/example_dags/example_task_group_decorator.py
[2025-04-05T11:22:34.718+0100] {processor.py:840} INFO - DAG(s) 'example_task_group_decorator' retrieved from /Users/judeezeh/Desktop/Zoomcamp-project/venv/lib/python3.11/site-packages/airflow/example_dags/example_task_group_decorator.py
[2025-04-05T11:22:34.747+0100] {logging_mixin.py:188} INFO - [2025-04-05T11:22:34.747+0100] {dag.py:3096} INFO - Sync 1 DAGs
[2025-04-05T11:22:34.752+0100] {logging_mixin.py:188} INFO - [2025-04-05T11:22:34.752+0100] {dag.py:3954} INFO - Setting next_dagrun for example_task_group_decorator to 2025-04-04T00:00:00+00:00, run_after=2025-04-05T00:00:00+00:00
[2025-04-05T11:22:34.758+0100] {processor.py:183} INFO - Processing /Users/judeezeh/Desktop/Zoomcamp-project/venv/lib/python3.11/site-packages/airflow/example_dags/example_task_group_decorator.py took 0.056 seconds
[2025-04-05T11:24:09.505+0100] {processor.py:161} INFO - Started process (PID=17537) to work on /Users/judeezeh/Desktop/Zoomcamp-project/venv/lib/python3.11/site-packages/airflow/example_dags/example_task_group_decorator.py
[2025-04-05T11:24:09.506+0100] {processor.py:830} INFO - Processing file /Users/judeezeh/Desktop/Zoomcamp-project/venv/lib/python3.11/site-packages/airflow/example_dags/example_task_group_decorator.py for tasks to queue
[2025-04-05T11:24:09.506+0100] {logging_mixin.py:188} INFO - [2025-04-05T11:24:09.506+0100] {dagbag.py:540} INFO - Filling up the DagBag from /Users/judeezeh/Desktop/Zoomcamp-project/venv/lib/python3.11/site-packages/airflow/example_dags/example_task_group_decorator.py
[2025-04-05T11:24:09.520+0100] {processor.py:840} INFO - DAG(s) 'example_task_group_decorator' retrieved from /Users/judeezeh/Desktop/Zoomcamp-project/venv/lib/python3.11/site-packages/airflow/example_dags/example_task_group_decorator.py
[2025-04-05T11:24:09.550+0100] {logging_mixin.py:188} INFO - [2025-04-05T11:24:09.550+0100] {dag.py:3096} INFO - Sync 1 DAGs
[2025-04-05T11:24:09.554+0100] {logging_mixin.py:188} INFO - [2025-04-05T11:24:09.554+0100] {dag.py:3954} INFO - Setting next_dagrun for example_task_group_decorator to 2025-04-04T00:00:00+00:00, run_after=2025-04-05T00:00:00+00:00
[2025-04-05T11:24:09.561+0100] {processor.py:183} INFO - Processing /Users/judeezeh/Desktop/Zoomcamp-project/venv/lib/python3.11/site-packages/airflow/example_dags/example_task_group_decorator.py took 0.057 seconds
[2025-04-05T11:25:04.580+0100] {processor.py:161} INFO - Started process (PID=17610) to work on /Users/judeezeh/Desktop/Zoomcamp-project/venv/lib/python3.11/site-packages/airflow/example_dags/example_task_group_decorator.py
[2025-04-05T11:25:04.582+0100] {processor.py:830} INFO - Processing file /Users/judeezeh/Desktop/Zoomcamp-project/venv/lib/python3.11/site-packages/airflow/example_dags/example_task_group_decorator.py for tasks to queue
[2025-04-05T11:25:04.582+0100] {logging_mixin.py:188} INFO - [2025-04-05T11:25:04.582+0100] {dagbag.py:540} INFO - Filling up the DagBag from /Users/judeezeh/Desktop/Zoomcamp-project/venv/lib/python3.11/site-packages/airflow/example_dags/example_task_group_decorator.py
[2025-04-05T11:25:04.595+0100] {processor.py:840} INFO - DAG(s) 'example_task_group_decorator' retrieved from /Users/judeezeh/Desktop/Zoomcamp-project/venv/lib/python3.11/site-packages/airflow/example_dags/example_task_group_decorator.py
[2025-04-05T11:25:04.625+0100] {logging_mixin.py:188} INFO - [2025-04-05T11:25:04.625+0100] {dag.py:3096} INFO - Sync 1 DAGs
[2025-04-05T11:25:04.630+0100] {logging_mixin.py:188} INFO - [2025-04-05T11:25:04.630+0100] {dag.py:3954} INFO - Setting next_dagrun for example_task_group_decorator to 2025-04-04T00:00:00+00:00, run_after=2025-04-05T00:00:00+00:00
[2025-04-05T11:25:04.637+0100] {processor.py:183} INFO - Processing /Users/judeezeh/Desktop/Zoomcamp-project/venv/lib/python3.11/site-packages/airflow/example_dags/example_task_group_decorator.py took 0.058 seconds
[2025-04-05T11:26:40.002+0100] {processor.py:161} INFO - Started process (PID=17755) to work on /Users/judeezeh/Desktop/Zoomcamp-project/venv/lib/python3.11/site-packages/airflow/example_dags/example_task_group_decorator.py
[2025-04-05T11:26:40.004+0100] {processor.py:830} INFO - Processing file /Users/judeezeh/Desktop/Zoomcamp-project/venv/lib/python3.11/site-packages/airflow/example_dags/example_task_group_decorator.py for tasks to queue
[2025-04-05T11:26:40.004+0100] {logging_mixin.py:188} INFO - [2025-04-05T11:26:40.004+0100] {dagbag.py:540} INFO - Filling up the DagBag from /Users/judeezeh/Desktop/Zoomcamp-project/venv/lib/python3.11/site-packages/airflow/example_dags/example_task_group_decorator.py
[2025-04-05T11:26:40.019+0100] {processor.py:840} INFO - DAG(s) 'example_task_group_decorator' retrieved from /Users/judeezeh/Desktop/Zoomcamp-project/venv/lib/python3.11/site-packages/airflow/example_dags/example_task_group_decorator.py
[2025-04-05T11:26:40.050+0100] {logging_mixin.py:188} INFO - [2025-04-05T11:26:40.049+0100] {dag.py:3096} INFO - Sync 1 DAGs
[2025-04-05T11:26:40.054+0100] {logging_mixin.py:188} INFO - [2025-04-05T11:26:40.054+0100] {dag.py:3954} INFO - Setting next_dagrun for example_task_group_decorator to 2025-04-04T00:00:00+00:00, run_after=2025-04-05T00:00:00+00:00
[2025-04-05T11:26:40.061+0100] {processor.py:183} INFO - Processing /Users/judeezeh/Desktop/Zoomcamp-project/venv/lib/python3.11/site-packages/airflow/example_dags/example_task_group_decorator.py took 0.059 seconds
[2025-04-05T11:28:30.852+0100] {processor.py:161} INFO - Started process (PID=17916) to work on /Users/judeezeh/Desktop/Zoomcamp-project/venv/lib/python3.11/site-packages/airflow/example_dags/example_task_group_decorator.py
[2025-04-05T11:28:30.854+0100] {processor.py:830} INFO - Processing file /Users/judeezeh/Desktop/Zoomcamp-project/venv/lib/python3.11/site-packages/airflow/example_dags/example_task_group_decorator.py for tasks to queue
[2025-04-05T11:28:30.854+0100] {logging_mixin.py:188} INFO - [2025-04-05T11:28:30.854+0100] {dagbag.py:540} INFO - Filling up the DagBag from /Users/judeezeh/Desktop/Zoomcamp-project/venv/lib/python3.11/site-packages/airflow/example_dags/example_task_group_decorator.py
[2025-04-05T11:28:30.868+0100] {processor.py:840} INFO - DAG(s) 'example_task_group_decorator' retrieved from /Users/judeezeh/Desktop/Zoomcamp-project/venv/lib/python3.11/site-packages/airflow/example_dags/example_task_group_decorator.py
[2025-04-05T11:28:30.900+0100] {logging_mixin.py:188} INFO - [2025-04-05T11:28:30.900+0100] {dag.py:3096} INFO - Sync 1 DAGs
[2025-04-05T11:28:30.905+0100] {logging_mixin.py:188} INFO - [2025-04-05T11:28:30.905+0100] {dag.py:3954} INFO - Setting next_dagrun for example_task_group_decorator to 2025-04-04T00:00:00+00:00, run_after=2025-04-05T00:00:00+00:00
[2025-04-05T11:28:30.914+0100] {processor.py:183} INFO - Processing /Users/judeezeh/Desktop/Zoomcamp-project/venv/lib/python3.11/site-packages/airflow/example_dags/example_task_group_decorator.py took 0.062 seconds
[2025-04-05T11:30:19.545+0100] {processor.py:161} INFO - Started process (PID=18058) to work on /Users/judeezeh/Desktop/Zoomcamp-project/venv/lib/python3.11/site-packages/airflow/example_dags/example_task_group_decorator.py
[2025-04-05T11:30:19.546+0100] {processor.py:830} INFO - Processing file /Users/judeezeh/Desktop/Zoomcamp-project/venv/lib/python3.11/site-packages/airflow/example_dags/example_task_group_decorator.py for tasks to queue
[2025-04-05T11:30:19.546+0100] {logging_mixin.py:188} INFO - [2025-04-05T11:30:19.546+0100] {dagbag.py:540} INFO - Filling up the DagBag from /Users/judeezeh/Desktop/Zoomcamp-project/venv/lib/python3.11/site-packages/airflow/example_dags/example_task_group_decorator.py
[2025-04-05T11:30:19.560+0100] {processor.py:840} INFO - DAG(s) 'example_task_group_decorator' retrieved from /Users/judeezeh/Desktop/Zoomcamp-project/venv/lib/python3.11/site-packages/airflow/example_dags/example_task_group_decorator.py
[2025-04-05T11:30:19.593+0100] {logging_mixin.py:188} INFO - [2025-04-05T11:30:19.593+0100] {dag.py:3096} INFO - Sync 1 DAGs
[2025-04-05T11:30:19.599+0100] {logging_mixin.py:188} INFO - [2025-04-05T11:30:19.599+0100] {dag.py:3954} INFO - Setting next_dagrun for example_task_group_decorator to 2025-04-04T00:00:00+00:00, run_after=2025-04-05T00:00:00+00:00
[2025-04-05T11:30:19.606+0100] {processor.py:183} INFO - Processing /Users/judeezeh/Desktop/Zoomcamp-project/venv/lib/python3.11/site-packages/airflow/example_dags/example_task_group_decorator.py took 0.061 seconds
[2025-04-05T11:31:56.852+0100] {processor.py:161} INFO - Started process (PID=18209) to work on /Users/judeezeh/Desktop/Zoomcamp-project/venv/lib/python3.11/site-packages/airflow/example_dags/example_task_group_decorator.py
[2025-04-05T11:31:56.854+0100] {processor.py:830} INFO - Processing file /Users/judeezeh/Desktop/Zoomcamp-project/venv/lib/python3.11/site-packages/airflow/example_dags/example_task_group_decorator.py for tasks to queue
[2025-04-05T11:31:56.854+0100] {logging_mixin.py:188} INFO - [2025-04-05T11:31:56.854+0100] {dagbag.py:540} INFO - Filling up the DagBag from /Users/judeezeh/Desktop/Zoomcamp-project/venv/lib/python3.11/site-packages/airflow/example_dags/example_task_group_decorator.py
[2025-04-05T11:31:56.867+0100] {processor.py:840} INFO - DAG(s) 'example_task_group_decorator' retrieved from /Users/judeezeh/Desktop/Zoomcamp-project/venv/lib/python3.11/site-packages/airflow/example_dags/example_task_group_decorator.py
[2025-04-05T11:31:56.897+0100] {logging_mixin.py:188} INFO - [2025-04-05T11:31:56.897+0100] {dag.py:3096} INFO - Sync 1 DAGs
[2025-04-05T11:31:56.902+0100] {logging_mixin.py:188} INFO - [2025-04-05T11:31:56.902+0100] {dag.py:3954} INFO - Setting next_dagrun for example_task_group_decorator to 2025-04-04T00:00:00+00:00, run_after=2025-04-05T00:00:00+00:00
[2025-04-05T11:31:56.908+0100] {processor.py:183} INFO - Processing /Users/judeezeh/Desktop/Zoomcamp-project/venv/lib/python3.11/site-packages/airflow/example_dags/example_task_group_decorator.py took 0.057 seconds
[2025-04-05T11:32:50.448+0100] {processor.py:161} INFO - Started process (PID=18289) to work on /Users/judeezeh/Desktop/Zoomcamp-project/venv/lib/python3.11/site-packages/airflow/example_dags/example_task_group_decorator.py
[2025-04-05T11:32:50.449+0100] {processor.py:830} INFO - Processing file /Users/judeezeh/Desktop/Zoomcamp-project/venv/lib/python3.11/site-packages/airflow/example_dags/example_task_group_decorator.py for tasks to queue
[2025-04-05T11:32:50.449+0100] {logging_mixin.py:188} INFO - [2025-04-05T11:32:50.449+0100] {dagbag.py:540} INFO - Filling up the DagBag from /Users/judeezeh/Desktop/Zoomcamp-project/venv/lib/python3.11/site-packages/airflow/example_dags/example_task_group_decorator.py
[2025-04-05T11:32:50.462+0100] {processor.py:840} INFO - DAG(s) 'example_task_group_decorator' retrieved from /Users/judeezeh/Desktop/Zoomcamp-project/venv/lib/python3.11/site-packages/airflow/example_dags/example_task_group_decorator.py
[2025-04-05T11:32:50.492+0100] {logging_mixin.py:188} INFO - [2025-04-05T11:32:50.492+0100] {dag.py:3096} INFO - Sync 1 DAGs
[2025-04-05T11:32:50.497+0100] {logging_mixin.py:188} INFO - [2025-04-05T11:32:50.497+0100] {dag.py:3954} INFO - Setting next_dagrun for example_task_group_decorator to 2025-04-04T00:00:00+00:00, run_after=2025-04-05T00:00:00+00:00
[2025-04-05T11:32:50.503+0100] {processor.py:183} INFO - Processing /Users/judeezeh/Desktop/Zoomcamp-project/venv/lib/python3.11/site-packages/airflow/example_dags/example_task_group_decorator.py took 0.056 seconds
[2025-04-05T11:34:36.434+0100] {processor.py:161} INFO - Started process (PID=18438) to work on /Users/judeezeh/Desktop/Zoomcamp-project/venv/lib/python3.11/site-packages/airflow/example_dags/example_task_group_decorator.py
[2025-04-05T11:34:36.435+0100] {processor.py:830} INFO - Processing file /Users/judeezeh/Desktop/Zoomcamp-project/venv/lib/python3.11/site-packages/airflow/example_dags/example_task_group_decorator.py for tasks to queue
[2025-04-05T11:34:36.435+0100] {logging_mixin.py:188} INFO - [2025-04-05T11:34:36.435+0100] {dagbag.py:540} INFO - Filling up the DagBag from /Users/judeezeh/Desktop/Zoomcamp-project/venv/lib/python3.11/site-packages/airflow/example_dags/example_task_group_decorator.py
[2025-04-05T11:34:36.449+0100] {processor.py:840} INFO - DAG(s) 'example_task_group_decorator' retrieved from /Users/judeezeh/Desktop/Zoomcamp-project/venv/lib/python3.11/site-packages/airflow/example_dags/example_task_group_decorator.py
[2025-04-05T11:34:36.479+0100] {logging_mixin.py:188} INFO - [2025-04-05T11:34:36.479+0100] {dag.py:3096} INFO - Sync 1 DAGs
[2025-04-05T11:34:36.484+0100] {logging_mixin.py:188} INFO - [2025-04-05T11:34:36.483+0100] {dag.py:3954} INFO - Setting next_dagrun for example_task_group_decorator to 2025-04-04T00:00:00+00:00, run_after=2025-04-05T00:00:00+00:00
[2025-04-05T11:34:36.489+0100] {processor.py:183} INFO - Processing /Users/judeezeh/Desktop/Zoomcamp-project/venv/lib/python3.11/site-packages/airflow/example_dags/example_task_group_decorator.py took 0.056 seconds
[2025-04-05T11:36:14.141+0100] {processor.py:161} INFO - Started process (PID=18575) to work on /Users/judeezeh/Desktop/Zoomcamp-project/venv/lib/python3.11/site-packages/airflow/example_dags/example_task_group_decorator.py
[2025-04-05T11:36:14.142+0100] {processor.py:830} INFO - Processing file /Users/judeezeh/Desktop/Zoomcamp-project/venv/lib/python3.11/site-packages/airflow/example_dags/example_task_group_decorator.py for tasks to queue
[2025-04-05T11:36:14.142+0100] {logging_mixin.py:188} INFO - [2025-04-05T11:36:14.142+0100] {dagbag.py:540} INFO - Filling up the DagBag from /Users/judeezeh/Desktop/Zoomcamp-project/venv/lib/python3.11/site-packages/airflow/example_dags/example_task_group_decorator.py
[2025-04-05T11:36:14.156+0100] {processor.py:840} INFO - DAG(s) 'example_task_group_decorator' retrieved from /Users/judeezeh/Desktop/Zoomcamp-project/venv/lib/python3.11/site-packages/airflow/example_dags/example_task_group_decorator.py
[2025-04-05T11:36:14.187+0100] {logging_mixin.py:188} INFO - [2025-04-05T11:36:14.187+0100] {dag.py:3096} INFO - Sync 1 DAGs
[2025-04-05T11:36:14.192+0100] {logging_mixin.py:188} INFO - [2025-04-05T11:36:14.191+0100] {dag.py:3954} INFO - Setting next_dagrun for example_task_group_decorator to 2025-04-04T00:00:00+00:00, run_after=2025-04-05T00:00:00+00:00
[2025-04-05T11:36:14.198+0100] {processor.py:183} INFO - Processing /Users/judeezeh/Desktop/Zoomcamp-project/venv/lib/python3.11/site-packages/airflow/example_dags/example_task_group_decorator.py took 0.058 seconds
[2025-04-05T11:38:39.740+0100] {processor.py:161} INFO - Started process (PID=18804) to work on /Users/judeezeh/Desktop/Zoomcamp-project/venv/lib/python3.11/site-packages/airflow/example_dags/example_task_group_decorator.py
[2025-04-05T11:38:39.741+0100] {processor.py:830} INFO - Processing file /Users/judeezeh/Desktop/Zoomcamp-project/venv/lib/python3.11/site-packages/airflow/example_dags/example_task_group_decorator.py for tasks to queue
[2025-04-05T11:38:39.742+0100] {logging_mixin.py:188} INFO - [2025-04-05T11:38:39.742+0100] {dagbag.py:540} INFO - Filling up the DagBag from /Users/judeezeh/Desktop/Zoomcamp-project/venv/lib/python3.11/site-packages/airflow/example_dags/example_task_group_decorator.py
[2025-04-05T11:38:39.755+0100] {processor.py:840} INFO - DAG(s) 'example_task_group_decorator' retrieved from /Users/judeezeh/Desktop/Zoomcamp-project/venv/lib/python3.11/site-packages/airflow/example_dags/example_task_group_decorator.py
[2025-04-05T11:38:39.785+0100] {logging_mixin.py:188} INFO - [2025-04-05T11:38:39.785+0100] {dag.py:3096} INFO - Sync 1 DAGs
[2025-04-05T11:38:39.790+0100] {logging_mixin.py:188} INFO - [2025-04-05T11:38:39.790+0100] {dag.py:3954} INFO - Setting next_dagrun for example_task_group_decorator to 2025-04-04T00:00:00+00:00, run_after=2025-04-05T00:00:00+00:00
[2025-04-05T11:38:39.796+0100] {processor.py:183} INFO - Processing /Users/judeezeh/Desktop/Zoomcamp-project/venv/lib/python3.11/site-packages/airflow/example_dags/example_task_group_decorator.py took 0.057 seconds
[2025-04-05T11:39:59.660+0100] {processor.py:161} INFO - Started process (PID=18930) to work on /Users/judeezeh/Desktop/Zoomcamp-project/venv/lib/python3.11/site-packages/airflow/example_dags/example_task_group_decorator.py
[2025-04-05T11:39:59.660+0100] {processor.py:830} INFO - Processing file /Users/judeezeh/Desktop/Zoomcamp-project/venv/lib/python3.11/site-packages/airflow/example_dags/example_task_group_decorator.py for tasks to queue
[2025-04-05T11:39:59.660+0100] {logging_mixin.py:188} INFO - [2025-04-05T11:39:59.660+0100] {dagbag.py:540} INFO - Filling up the DagBag from /Users/judeezeh/Desktop/Zoomcamp-project/venv/lib/python3.11/site-packages/airflow/example_dags/example_task_group_decorator.py
[2025-04-05T11:39:59.673+0100] {processor.py:840} INFO - DAG(s) 'example_task_group_decorator' retrieved from /Users/judeezeh/Desktop/Zoomcamp-project/venv/lib/python3.11/site-packages/airflow/example_dags/example_task_group_decorator.py
[2025-04-05T11:39:59.703+0100] {logging_mixin.py:188} INFO - [2025-04-05T11:39:59.703+0100] {dag.py:3096} INFO - Sync 1 DAGs
[2025-04-05T11:39:59.707+0100] {logging_mixin.py:188} INFO - [2025-04-05T11:39:59.707+0100] {dag.py:3954} INFO - Setting next_dagrun for example_task_group_decorator to 2025-04-04T00:00:00+00:00, run_after=2025-04-05T00:00:00+00:00
[2025-04-05T11:39:59.714+0100] {processor.py:183} INFO - Processing /Users/judeezeh/Desktop/Zoomcamp-project/venv/lib/python3.11/site-packages/airflow/example_dags/example_task_group_decorator.py took 0.055 seconds
[2025-04-05T11:41:33.509+0100] {processor.py:161} INFO - Started process (PID=19108) to work on /Users/judeezeh/Desktop/Zoomcamp-project/venv/lib/python3.11/site-packages/airflow/example_dags/example_task_group_decorator.py
[2025-04-05T11:41:33.510+0100] {processor.py:830} INFO - Processing file /Users/judeezeh/Desktop/Zoomcamp-project/venv/lib/python3.11/site-packages/airflow/example_dags/example_task_group_decorator.py for tasks to queue
[2025-04-05T11:41:33.510+0100] {logging_mixin.py:188} INFO - [2025-04-05T11:41:33.510+0100] {dagbag.py:540} INFO - Filling up the DagBag from /Users/judeezeh/Desktop/Zoomcamp-project/venv/lib/python3.11/site-packages/airflow/example_dags/example_task_group_decorator.py
[2025-04-05T11:41:33.524+0100] {processor.py:840} INFO - DAG(s) 'example_task_group_decorator' retrieved from /Users/judeezeh/Desktop/Zoomcamp-project/venv/lib/python3.11/site-packages/airflow/example_dags/example_task_group_decorator.py
[2025-04-05T11:41:33.553+0100] {logging_mixin.py:188} INFO - [2025-04-05T11:41:33.553+0100] {dag.py:3096} INFO - Sync 1 DAGs
[2025-04-05T11:41:33.557+0100] {logging_mixin.py:188} INFO - [2025-04-05T11:41:33.557+0100] {dag.py:3954} INFO - Setting next_dagrun for example_task_group_decorator to 2025-04-04T00:00:00+00:00, run_after=2025-04-05T00:00:00+00:00
[2025-04-05T11:41:33.564+0100] {processor.py:183} INFO - Processing /Users/judeezeh/Desktop/Zoomcamp-project/venv/lib/python3.11/site-packages/airflow/example_dags/example_task_group_decorator.py took 0.055 seconds
