[2025-04-05T11:15:40.641+0100] {processor.py:161} INFO - Started process (PID=16744) to work on /Users/judeezeh/Desktop/Zoomcamp-project/venv/lib/python3.11/site-packages/airflow/example_dags/example_nested_branch_dag.py
[2025-04-05T11:15:40.641+0100] {processor.py:830} INFO - Processing file /Users/judeezeh/Desktop/Zoomcamp-project/venv/lib/python3.11/site-packages/airflow/example_dags/example_nested_branch_dag.py for tasks to queue
[2025-04-05T11:15:40.641+0100] {logging_mixin.py:188} INFO - [2025-04-05T11:15:40.641+0100] {dagbag.py:540} INFO - Filling up the DagBag from /Users/judeezeh/Desktop/Zoomcamp-project/venv/lib/python3.11/site-packages/airflow/example_dags/example_nested_branch_dag.py
[2025-04-05T11:15:40.653+0100] {processor.py:840} INFO - DAG(s) 'example_nested_branch_dag' retrieved from /Users/judeezeh/Desktop/Zoomcamp-project/venv/lib/python3.11/site-packages/airflow/example_dags/example_nested_branch_dag.py
[2025-04-05T11:15:40.731+0100] {logging_mixin.py:188} INFO - [2025-04-05T11:15:40.730+0100] {override.py:1930} INFO - Created Permission View: can read on DAG:example_nested_branch_dag
[2025-04-05T11:15:40.733+0100] {logging_mixin.py:188} INFO - [2025-04-05T11:15:40.733+0100] {override.py:1930} INFO - Created Permission View: can edit on DAG:example_nested_branch_dag
[2025-04-05T11:15:40.735+0100] {logging_mixin.py:188} INFO - [2025-04-05T11:15:40.735+0100] {override.py:1930} INFO - Created Permission View: can delete on DAG:example_nested_branch_dag
[2025-04-05T11:15:40.735+0100] {logging_mixin.py:188} INFO - [2025-04-05T11:15:40.735+0100] {dag.py:3096} INFO - Sync 1 DAGs
[2025-04-05T11:15:40.738+0100] {logging_mixin.py:188} INFO - [2025-04-05T11:15:40.738+0100] {dag.py:3118} INFO - Creating ORM DAG for example_nested_branch_dag
[2025-04-05T11:15:40.741+0100] {logging_mixin.py:188} INFO - [2025-04-05T11:15:40.741+0100] {dag.py:3954} INFO - Setting next_dagrun for example_nested_branch_dag to 2025-04-04T00:00:00+00:00, run_after=2025-04-05T00:00:00+00:00
[2025-04-05T11:15:40.746+0100] {processor.py:183} INFO - Processing /Users/judeezeh/Desktop/Zoomcamp-project/venv/lib/python3.11/site-packages/airflow/example_dags/example_nested_branch_dag.py took 0.106 seconds
[2025-04-05T11:16:59.386+0100] {processor.py:161} INFO - Started process (PID=16876) to work on /Users/judeezeh/Desktop/Zoomcamp-project/venv/lib/python3.11/site-packages/airflow/example_dags/example_nested_branch_dag.py
[2025-04-05T11:16:59.387+0100] {processor.py:830} INFO - Processing file /Users/judeezeh/Desktop/Zoomcamp-project/venv/lib/python3.11/site-packages/airflow/example_dags/example_nested_branch_dag.py for tasks to queue
[2025-04-05T11:16:59.387+0100] {logging_mixin.py:188} INFO - [2025-04-05T11:16:59.387+0100] {dagbag.py:540} INFO - Filling up the DagBag from /Users/judeezeh/Desktop/Zoomcamp-project/venv/lib/python3.11/site-packages/airflow/example_dags/example_nested_branch_dag.py
[2025-04-05T11:16:59.400+0100] {processor.py:840} INFO - DAG(s) 'example_nested_branch_dag' retrieved from /Users/judeezeh/Desktop/Zoomcamp-project/venv/lib/python3.11/site-packages/airflow/example_dags/example_nested_branch_dag.py
[2025-04-05T11:16:59.429+0100] {logging_mixin.py:188} INFO - [2025-04-05T11:16:59.429+0100] {dag.py:3096} INFO - Sync 1 DAGs
[2025-04-05T11:16:59.434+0100] {logging_mixin.py:188} INFO - [2025-04-05T11:16:59.434+0100] {dag.py:3954} INFO - Setting next_dagrun for example_nested_branch_dag to 2025-04-04T00:00:00+00:00, run_after=2025-04-05T00:00:00+00:00
[2025-04-05T11:16:59.440+0100] {processor.py:183} INFO - Processing /Users/judeezeh/Desktop/Zoomcamp-project/venv/lib/python3.11/site-packages/airflow/example_dags/example_nested_branch_dag.py took 0.055 seconds
[2025-04-05T11:18:29.581+0100] {processor.py:161} INFO - Started process (PID=17006) to work on /Users/judeezeh/Desktop/Zoomcamp-project/venv/lib/python3.11/site-packages/airflow/example_dags/example_nested_branch_dag.py
[2025-04-05T11:18:29.582+0100] {processor.py:830} INFO - Processing file /Users/judeezeh/Desktop/Zoomcamp-project/venv/lib/python3.11/site-packages/airflow/example_dags/example_nested_branch_dag.py for tasks to queue
[2025-04-05T11:18:29.582+0100] {logging_mixin.py:188} INFO - [2025-04-05T11:18:29.582+0100] {dagbag.py:540} INFO - Filling up the DagBag from /Users/judeezeh/Desktop/Zoomcamp-project/venv/lib/python3.11/site-packages/airflow/example_dags/example_nested_branch_dag.py
[2025-04-05T11:18:29.595+0100] {processor.py:840} INFO - DAG(s) 'example_nested_branch_dag' retrieved from /Users/judeezeh/Desktop/Zoomcamp-project/venv/lib/python3.11/site-packages/airflow/example_dags/example_nested_branch_dag.py
[2025-04-05T11:18:29.624+0100] {logging_mixin.py:188} INFO - [2025-04-05T11:18:29.624+0100] {dag.py:3096} INFO - Sync 1 DAGs
[2025-04-05T11:18:29.629+0100] {logging_mixin.py:188} INFO - [2025-04-05T11:18:29.629+0100] {dag.py:3954} INFO - Setting next_dagrun for example_nested_branch_dag to 2025-04-04T00:00:00+00:00, run_after=2025-04-05T00:00:00+00:00
[2025-04-05T11:18:29.636+0100] {processor.py:183} INFO - Processing /Users/judeezeh/Desktop/Zoomcamp-project/venv/lib/python3.11/site-packages/airflow/example_dags/example_nested_branch_dag.py took 0.055 seconds
[2025-04-05T11:19:43.382+0100] {processor.py:161} INFO - Started process (PID=17155) to work on /Users/judeezeh/Desktop/Zoomcamp-project/venv/lib/python3.11/site-packages/airflow/example_dags/example_nested_branch_dag.py
[2025-04-05T11:19:43.383+0100] {processor.py:830} INFO - Processing file /Users/judeezeh/Desktop/Zoomcamp-project/venv/lib/python3.11/site-packages/airflow/example_dags/example_nested_branch_dag.py for tasks to queue
[2025-04-05T11:19:43.383+0100] {logging_mixin.py:188} INFO - [2025-04-05T11:19:43.383+0100] {dagbag.py:540} INFO - Filling up the DagBag from /Users/judeezeh/Desktop/Zoomcamp-project/venv/lib/python3.11/site-packages/airflow/example_dags/example_nested_branch_dag.py
[2025-04-05T11:19:43.396+0100] {processor.py:840} INFO - DAG(s) 'example_nested_branch_dag' retrieved from /Users/judeezeh/Desktop/Zoomcamp-project/venv/lib/python3.11/site-packages/airflow/example_dags/example_nested_branch_dag.py
[2025-04-05T11:19:43.426+0100] {logging_mixin.py:188} INFO - [2025-04-05T11:19:43.426+0100] {dag.py:3096} INFO - Sync 1 DAGs
[2025-04-05T11:19:43.431+0100] {logging_mixin.py:188} INFO - [2025-04-05T11:19:43.431+0100] {dag.py:3954} INFO - Setting next_dagrun for example_nested_branch_dag to 2025-04-04T00:00:00+00:00, run_after=2025-04-05T00:00:00+00:00
[2025-04-05T11:19:43.438+0100] {processor.py:183} INFO - Processing /Users/judeezeh/Desktop/Zoomcamp-project/venv/lib/python3.11/site-packages/airflow/example_dags/example_nested_branch_dag.py took 0.057 seconds
[2025-04-05T11:21:10.099+0100] {processor.py:161} INFO - Started process (PID=17280) to work on /Users/judeezeh/Desktop/Zoomcamp-project/venv/lib/python3.11/site-packages/airflow/example_dags/example_nested_branch_dag.py
[2025-04-05T11:21:10.099+0100] {processor.py:830} INFO - Processing file /Users/judeezeh/Desktop/Zoomcamp-project/venv/lib/python3.11/site-packages/airflow/example_dags/example_nested_branch_dag.py for tasks to queue
[2025-04-05T11:21:10.100+0100] {logging_mixin.py:188} INFO - [2025-04-05T11:21:10.100+0100] {dagbag.py:540} INFO - Filling up the DagBag from /Users/judeezeh/Desktop/Zoomcamp-project/venv/lib/python3.11/site-packages/airflow/example_dags/example_nested_branch_dag.py
[2025-04-05T11:21:10.113+0100] {processor.py:840} INFO - DAG(s) 'example_nested_branch_dag' retrieved from /Users/judeezeh/Desktop/Zoomcamp-project/venv/lib/python3.11/site-packages/airflow/example_dags/example_nested_branch_dag.py
[2025-04-05T11:21:10.142+0100] {logging_mixin.py:188} INFO - [2025-04-05T11:21:10.142+0100] {dag.py:3096} INFO - Sync 1 DAGs
[2025-04-05T11:21:10.147+0100] {logging_mixin.py:188} INFO - [2025-04-05T11:21:10.147+0100] {dag.py:3954} INFO - Setting next_dagrun for example_nested_branch_dag to 2025-04-04T00:00:00+00:00, run_after=2025-04-05T00:00:00+00:00
[2025-04-05T11:21:10.154+0100] {processor.py:183} INFO - Processing /Users/judeezeh/Desktop/Zoomcamp-project/venv/lib/python3.11/site-packages/airflow/example_dags/example_nested_branch_dag.py took 0.056 seconds
[2025-04-05T11:22:57.452+0100] {processor.py:161} INFO - Started process (PID=17435) to work on /Users/judeezeh/Desktop/Zoomcamp-project/venv/lib/python3.11/site-packages/airflow/example_dags/example_nested_branch_dag.py
[2025-04-05T11:22:57.453+0100] {processor.py:830} INFO - Processing file /Users/judeezeh/Desktop/Zoomcamp-project/venv/lib/python3.11/site-packages/airflow/example_dags/example_nested_branch_dag.py for tasks to queue
[2025-04-05T11:22:57.453+0100] {logging_mixin.py:188} INFO - [2025-04-05T11:22:57.453+0100] {dagbag.py:540} INFO - Filling up the DagBag from /Users/judeezeh/Desktop/Zoomcamp-project/venv/lib/python3.11/site-packages/airflow/example_dags/example_nested_branch_dag.py
[2025-04-05T11:22:57.465+0100] {processor.py:840} INFO - DAG(s) 'example_nested_branch_dag' retrieved from /Users/judeezeh/Desktop/Zoomcamp-project/venv/lib/python3.11/site-packages/airflow/example_dags/example_nested_branch_dag.py
[2025-04-05T11:22:57.494+0100] {logging_mixin.py:188} INFO - [2025-04-05T11:22:57.494+0100] {dag.py:3096} INFO - Sync 1 DAGs
[2025-04-05T11:22:57.499+0100] {logging_mixin.py:188} INFO - [2025-04-05T11:22:57.499+0100] {dag.py:3954} INFO - Setting next_dagrun for example_nested_branch_dag to 2025-04-04T00:00:00+00:00, run_after=2025-04-05T00:00:00+00:00
[2025-04-05T11:22:57.505+0100] {processor.py:183} INFO - Processing /Users/judeezeh/Desktop/Zoomcamp-project/venv/lib/python3.11/site-packages/airflow/example_dags/example_nested_branch_dag.py took 0.055 seconds
[2025-04-05T11:24:36.462+0100] {processor.py:161} INFO - Started process (PID=17571) to work on /Users/judeezeh/Desktop/Zoomcamp-project/venv/lib/python3.11/site-packages/airflow/example_dags/example_nested_branch_dag.py
[2025-04-05T11:24:36.462+0100] {processor.py:830} INFO - Processing file /Users/judeezeh/Desktop/Zoomcamp-project/venv/lib/python3.11/site-packages/airflow/example_dags/example_nested_branch_dag.py for tasks to queue
[2025-04-05T11:24:36.462+0100] {logging_mixin.py:188} INFO - [2025-04-05T11:24:36.462+0100] {dagbag.py:540} INFO - Filling up the DagBag from /Users/judeezeh/Desktop/Zoomcamp-project/venv/lib/python3.11/site-packages/airflow/example_dags/example_nested_branch_dag.py
[2025-04-05T11:24:36.475+0100] {processor.py:840} INFO - DAG(s) 'example_nested_branch_dag' retrieved from /Users/judeezeh/Desktop/Zoomcamp-project/venv/lib/python3.11/site-packages/airflow/example_dags/example_nested_branch_dag.py
[2025-04-05T11:24:36.504+0100] {logging_mixin.py:188} INFO - [2025-04-05T11:24:36.504+0100] {dag.py:3096} INFO - Sync 1 DAGs
[2025-04-05T11:24:36.509+0100] {logging_mixin.py:188} INFO - [2025-04-05T11:24:36.509+0100] {dag.py:3954} INFO - Setting next_dagrun for example_nested_branch_dag to 2025-04-04T00:00:00+00:00, run_after=2025-04-05T00:00:00+00:00
[2025-04-05T11:24:36.515+0100] {processor.py:183} INFO - Processing /Users/judeezeh/Desktop/Zoomcamp-project/venv/lib/python3.11/site-packages/airflow/example_dags/example_nested_branch_dag.py took 0.054 seconds
[2025-04-05T11:26:13.983+0100] {processor.py:161} INFO - Started process (PID=17710) to work on /Users/judeezeh/Desktop/Zoomcamp-project/venv/lib/python3.11/site-packages/airflow/example_dags/example_nested_branch_dag.py
[2025-04-05T11:26:13.983+0100] {processor.py:830} INFO - Processing file /Users/judeezeh/Desktop/Zoomcamp-project/venv/lib/python3.11/site-packages/airflow/example_dags/example_nested_branch_dag.py for tasks to queue
[2025-04-05T11:26:13.983+0100] {logging_mixin.py:188} INFO - [2025-04-05T11:26:13.983+0100] {dagbag.py:540} INFO - Filling up the DagBag from /Users/judeezeh/Desktop/Zoomcamp-project/venv/lib/python3.11/site-packages/airflow/example_dags/example_nested_branch_dag.py
[2025-04-05T11:26:13.996+0100] {processor.py:840} INFO - DAG(s) 'example_nested_branch_dag' retrieved from /Users/judeezeh/Desktop/Zoomcamp-project/venv/lib/python3.11/site-packages/airflow/example_dags/example_nested_branch_dag.py
[2025-04-05T11:26:14.025+0100] {logging_mixin.py:188} INFO - [2025-04-05T11:26:14.025+0100] {dag.py:3096} INFO - Sync 1 DAGs
[2025-04-05T11:26:14.030+0100] {logging_mixin.py:188} INFO - [2025-04-05T11:26:14.030+0100] {dag.py:3954} INFO - Setting next_dagrun for example_nested_branch_dag to 2025-04-04T00:00:00+00:00, run_after=2025-04-05T00:00:00+00:00
[2025-04-05T11:26:14.038+0100] {processor.py:183} INFO - Processing /Users/judeezeh/Desktop/Zoomcamp-project/venv/lib/python3.11/site-packages/airflow/example_dags/example_nested_branch_dag.py took 0.056 seconds
[2025-04-05T11:27:59.902+0100] {processor.py:161} INFO - Started process (PID=17863) to work on /Users/judeezeh/Desktop/Zoomcamp-project/venv/lib/python3.11/site-packages/airflow/example_dags/example_nested_branch_dag.py
[2025-04-05T11:27:59.903+0100] {processor.py:830} INFO - Processing file /Users/judeezeh/Desktop/Zoomcamp-project/venv/lib/python3.11/site-packages/airflow/example_dags/example_nested_branch_dag.py for tasks to queue
[2025-04-05T11:27:59.903+0100] {logging_mixin.py:188} INFO - [2025-04-05T11:27:59.903+0100] {dagbag.py:540} INFO - Filling up the DagBag from /Users/judeezeh/Desktop/Zoomcamp-project/venv/lib/python3.11/site-packages/airflow/example_dags/example_nested_branch_dag.py
[2025-04-05T11:27:59.915+0100] {processor.py:840} INFO - DAG(s) 'example_nested_branch_dag' retrieved from /Users/judeezeh/Desktop/Zoomcamp-project/venv/lib/python3.11/site-packages/airflow/example_dags/example_nested_branch_dag.py
[2025-04-05T11:27:59.944+0100] {logging_mixin.py:188} INFO - [2025-04-05T11:27:59.944+0100] {dag.py:3096} INFO - Sync 1 DAGs
[2025-04-05T11:27:59.949+0100] {logging_mixin.py:188} INFO - [2025-04-05T11:27:59.949+0100] {dag.py:3954} INFO - Setting next_dagrun for example_nested_branch_dag to 2025-04-04T00:00:00+00:00, run_after=2025-04-05T00:00:00+00:00
[2025-04-05T11:27:59.956+0100] {processor.py:183} INFO - Processing /Users/judeezeh/Desktop/Zoomcamp-project/venv/lib/python3.11/site-packages/airflow/example_dags/example_nested_branch_dag.py took 0.055 seconds
[2025-04-05T11:29:51.359+0100] {processor.py:161} INFO - Started process (PID=18018) to work on /Users/judeezeh/Desktop/Zoomcamp-project/venv/lib/python3.11/site-packages/airflow/example_dags/example_nested_branch_dag.py
[2025-04-05T11:29:51.359+0100] {processor.py:830} INFO - Processing file /Users/judeezeh/Desktop/Zoomcamp-project/venv/lib/python3.11/site-packages/airflow/example_dags/example_nested_branch_dag.py for tasks to queue
[2025-04-05T11:29:51.360+0100] {logging_mixin.py:188} INFO - [2025-04-05T11:29:51.360+0100] {dagbag.py:540} INFO - Filling up the DagBag from /Users/judeezeh/Desktop/Zoomcamp-project/venv/lib/python3.11/site-packages/airflow/example_dags/example_nested_branch_dag.py
[2025-04-05T11:29:51.372+0100] {processor.py:840} INFO - DAG(s) 'example_nested_branch_dag' retrieved from /Users/judeezeh/Desktop/Zoomcamp-project/venv/lib/python3.11/site-packages/airflow/example_dags/example_nested_branch_dag.py
[2025-04-05T11:29:51.402+0100] {logging_mixin.py:188} INFO - [2025-04-05T11:29:51.402+0100] {dag.py:3096} INFO - Sync 1 DAGs
[2025-04-05T11:29:51.407+0100] {logging_mixin.py:188} INFO - [2025-04-05T11:29:51.407+0100] {dag.py:3954} INFO - Setting next_dagrun for example_nested_branch_dag to 2025-04-04T00:00:00+00:00, run_after=2025-04-05T00:00:00+00:00
[2025-04-05T11:29:51.414+0100] {processor.py:183} INFO - Processing /Users/judeezeh/Desktop/Zoomcamp-project/venv/lib/python3.11/site-packages/airflow/example_dags/example_nested_branch_dag.py took 0.056 seconds
[2025-04-05T11:31:33.106+0100] {processor.py:161} INFO - Started process (PID=18170) to work on /Users/judeezeh/Desktop/Zoomcamp-project/venv/lib/python3.11/site-packages/airflow/example_dags/example_nested_branch_dag.py
[2025-04-05T11:31:33.107+0100] {processor.py:830} INFO - Processing file /Users/judeezeh/Desktop/Zoomcamp-project/venv/lib/python3.11/site-packages/airflow/example_dags/example_nested_branch_dag.py for tasks to queue
[2025-04-05T11:31:33.107+0100] {logging_mixin.py:188} INFO - [2025-04-05T11:31:33.107+0100] {dagbag.py:540} INFO - Filling up the DagBag from /Users/judeezeh/Desktop/Zoomcamp-project/venv/lib/python3.11/site-packages/airflow/example_dags/example_nested_branch_dag.py
[2025-04-05T11:31:33.119+0100] {processor.py:840} INFO - DAG(s) 'example_nested_branch_dag' retrieved from /Users/judeezeh/Desktop/Zoomcamp-project/venv/lib/python3.11/site-packages/airflow/example_dags/example_nested_branch_dag.py
[2025-04-05T11:31:33.148+0100] {logging_mixin.py:188} INFO - [2025-04-05T11:31:33.148+0100] {dag.py:3096} INFO - Sync 1 DAGs
[2025-04-05T11:31:33.153+0100] {logging_mixin.py:188} INFO - [2025-04-05T11:31:33.153+0100] {dag.py:3954} INFO - Setting next_dagrun for example_nested_branch_dag to 2025-04-04T00:00:00+00:00, run_after=2025-04-05T00:00:00+00:00
[2025-04-05T11:31:33.159+0100] {processor.py:183} INFO - Processing /Users/judeezeh/Desktop/Zoomcamp-project/venv/lib/python3.11/site-packages/airflow/example_dags/example_nested_branch_dag.py took 0.054 seconds
[2025-04-05T11:33:14.477+0100] {processor.py:161} INFO - Started process (PID=18321) to work on /Users/judeezeh/Desktop/Zoomcamp-project/venv/lib/python3.11/site-packages/airflow/example_dags/example_nested_branch_dag.py
[2025-04-05T11:33:14.478+0100] {processor.py:830} INFO - Processing file /Users/judeezeh/Desktop/Zoomcamp-project/venv/lib/python3.11/site-packages/airflow/example_dags/example_nested_branch_dag.py for tasks to queue
[2025-04-05T11:33:14.478+0100] {logging_mixin.py:188} INFO - [2025-04-05T11:33:14.478+0100] {dagbag.py:540} INFO - Filling up the DagBag from /Users/judeezeh/Desktop/Zoomcamp-project/venv/lib/python3.11/site-packages/airflow/example_dags/example_nested_branch_dag.py
[2025-04-05T11:33:14.490+0100] {processor.py:840} INFO - DAG(s) 'example_nested_branch_dag' retrieved from /Users/judeezeh/Desktop/Zoomcamp-project/venv/lib/python3.11/site-packages/airflow/example_dags/example_nested_branch_dag.py
[2025-04-05T11:33:14.518+0100] {logging_mixin.py:188} INFO - [2025-04-05T11:33:14.518+0100] {dag.py:3096} INFO - Sync 1 DAGs
[2025-04-05T11:33:14.523+0100] {logging_mixin.py:188} INFO - [2025-04-05T11:33:14.523+0100] {dag.py:3954} INFO - Setting next_dagrun for example_nested_branch_dag to 2025-04-04T00:00:00+00:00, run_after=2025-04-05T00:00:00+00:00
[2025-04-05T11:33:14.529+0100] {processor.py:183} INFO - Processing /Users/judeezeh/Desktop/Zoomcamp-project/venv/lib/python3.11/site-packages/airflow/example_dags/example_nested_branch_dag.py took 0.053 seconds
[2025-04-05T11:34:58.417+0100] {processor.py:161} INFO - Started process (PID=18469) to work on /Users/judeezeh/Desktop/Zoomcamp-project/venv/lib/python3.11/site-packages/airflow/example_dags/example_nested_branch_dag.py
[2025-04-05T11:34:58.418+0100] {processor.py:830} INFO - Processing file /Users/judeezeh/Desktop/Zoomcamp-project/venv/lib/python3.11/site-packages/airflow/example_dags/example_nested_branch_dag.py for tasks to queue
[2025-04-05T11:34:58.418+0100] {logging_mixin.py:188} INFO - [2025-04-05T11:34:58.418+0100] {dagbag.py:540} INFO - Filling up the DagBag from /Users/judeezeh/Desktop/Zoomcamp-project/venv/lib/python3.11/site-packages/airflow/example_dags/example_nested_branch_dag.py
[2025-04-05T11:34:58.430+0100] {processor.py:840} INFO - DAG(s) 'example_nested_branch_dag' retrieved from /Users/judeezeh/Desktop/Zoomcamp-project/venv/lib/python3.11/site-packages/airflow/example_dags/example_nested_branch_dag.py
[2025-04-05T11:34:58.459+0100] {logging_mixin.py:188} INFO - [2025-04-05T11:34:58.459+0100] {dag.py:3096} INFO - Sync 1 DAGs
[2025-04-05T11:34:58.464+0100] {logging_mixin.py:188} INFO - [2025-04-05T11:34:58.464+0100] {dag.py:3954} INFO - Setting next_dagrun for example_nested_branch_dag to 2025-04-04T00:00:00+00:00, run_after=2025-04-05T00:00:00+00:00
[2025-04-05T11:34:58.470+0100] {processor.py:183} INFO - Processing /Users/judeezeh/Desktop/Zoomcamp-project/venv/lib/python3.11/site-packages/airflow/example_dags/example_nested_branch_dag.py took 0.054 seconds
[2025-04-05T11:36:39.383+0100] {processor.py:161} INFO - Started process (PID=18612) to work on /Users/judeezeh/Desktop/Zoomcamp-project/venv/lib/python3.11/site-packages/airflow/example_dags/example_nested_branch_dag.py
[2025-04-05T11:36:39.384+0100] {processor.py:830} INFO - Processing file /Users/judeezeh/Desktop/Zoomcamp-project/venv/lib/python3.11/site-packages/airflow/example_dags/example_nested_branch_dag.py for tasks to queue
[2025-04-05T11:36:39.384+0100] {logging_mixin.py:188} INFO - [2025-04-05T11:36:39.384+0100] {dagbag.py:540} INFO - Filling up the DagBag from /Users/judeezeh/Desktop/Zoomcamp-project/venv/lib/python3.11/site-packages/airflow/example_dags/example_nested_branch_dag.py
[2025-04-05T11:36:39.396+0100] {processor.py:840} INFO - DAG(s) 'example_nested_branch_dag' retrieved from /Users/judeezeh/Desktop/Zoomcamp-project/venv/lib/python3.11/site-packages/airflow/example_dags/example_nested_branch_dag.py
[2025-04-05T11:36:39.425+0100] {logging_mixin.py:188} INFO - [2025-04-05T11:36:39.425+0100] {dag.py:3096} INFO - Sync 1 DAGs
[2025-04-05T11:36:39.430+0100] {logging_mixin.py:188} INFO - [2025-04-05T11:36:39.430+0100] {dag.py:3954} INFO - Setting next_dagrun for example_nested_branch_dag to 2025-04-04T00:00:00+00:00, run_after=2025-04-05T00:00:00+00:00
[2025-04-05T11:36:39.436+0100] {processor.py:183} INFO - Processing /Users/judeezeh/Desktop/Zoomcamp-project/venv/lib/python3.11/site-packages/airflow/example_dags/example_nested_branch_dag.py took 0.055 seconds
[2025-04-05T11:39:03.836+0100] {processor.py:161} INFO - Started process (PID=18841) to work on /Users/judeezeh/Desktop/Zoomcamp-project/venv/lib/python3.11/site-packages/airflow/example_dags/example_nested_branch_dag.py
[2025-04-05T11:39:03.837+0100] {processor.py:830} INFO - Processing file /Users/judeezeh/Desktop/Zoomcamp-project/venv/lib/python3.11/site-packages/airflow/example_dags/example_nested_branch_dag.py for tasks to queue
[2025-04-05T11:39:03.837+0100] {logging_mixin.py:188} INFO - [2025-04-05T11:39:03.837+0100] {dagbag.py:540} INFO - Filling up the DagBag from /Users/judeezeh/Desktop/Zoomcamp-project/venv/lib/python3.11/site-packages/airflow/example_dags/example_nested_branch_dag.py
[2025-04-05T11:39:03.850+0100] {processor.py:840} INFO - DAG(s) 'example_nested_branch_dag' retrieved from /Users/judeezeh/Desktop/Zoomcamp-project/venv/lib/python3.11/site-packages/airflow/example_dags/example_nested_branch_dag.py
[2025-04-05T11:39:03.879+0100] {logging_mixin.py:188} INFO - [2025-04-05T11:39:03.879+0100] {dag.py:3096} INFO - Sync 1 DAGs
[2025-04-05T11:39:03.884+0100] {logging_mixin.py:188} INFO - [2025-04-05T11:39:03.884+0100] {dag.py:3954} INFO - Setting next_dagrun for example_nested_branch_dag to 2025-04-04T00:00:00+00:00, run_after=2025-04-05T00:00:00+00:00
[2025-04-05T11:39:03.891+0100] {processor.py:183} INFO - Processing /Users/judeezeh/Desktop/Zoomcamp-project/venv/lib/python3.11/site-packages/airflow/example_dags/example_nested_branch_dag.py took 0.055 seconds
[2025-04-05T11:40:23.537+0100] {processor.py:161} INFO - Started process (PID=18977) to work on /Users/judeezeh/Desktop/Zoomcamp-project/venv/lib/python3.11/site-packages/airflow/example_dags/example_nested_branch_dag.py
[2025-04-05T11:40:23.539+0100] {processor.py:830} INFO - Processing file /Users/judeezeh/Desktop/Zoomcamp-project/venv/lib/python3.11/site-packages/airflow/example_dags/example_nested_branch_dag.py for tasks to queue
[2025-04-05T11:40:23.539+0100] {logging_mixin.py:188} INFO - [2025-04-05T11:40:23.539+0100] {dagbag.py:540} INFO - Filling up the DagBag from /Users/judeezeh/Desktop/Zoomcamp-project/venv/lib/python3.11/site-packages/airflow/example_dags/example_nested_branch_dag.py
[2025-04-05T11:40:23.552+0100] {processor.py:840} INFO - DAG(s) 'example_nested_branch_dag' retrieved from /Users/judeezeh/Desktop/Zoomcamp-project/venv/lib/python3.11/site-packages/airflow/example_dags/example_nested_branch_dag.py
[2025-04-05T11:40:23.580+0100] {logging_mixin.py:188} INFO - [2025-04-05T11:40:23.580+0100] {dag.py:3096} INFO - Sync 1 DAGs
[2025-04-05T11:40:23.585+0100] {logging_mixin.py:188} INFO - [2025-04-05T11:40:23.585+0100] {dag.py:3954} INFO - Setting next_dagrun for example_nested_branch_dag to 2025-04-04T00:00:00+00:00, run_after=2025-04-05T00:00:00+00:00
[2025-04-05T11:40:23.592+0100] {processor.py:183} INFO - Processing /Users/judeezeh/Desktop/Zoomcamp-project/venv/lib/python3.11/site-packages/airflow/example_dags/example_nested_branch_dag.py took 0.055 seconds
[2025-04-05T11:41:56.506+0100] {processor.py:161} INFO - Started process (PID=19142) to work on /Users/judeezeh/Desktop/Zoomcamp-project/venv/lib/python3.11/site-packages/airflow/example_dags/example_nested_branch_dag.py
[2025-04-05T11:41:56.507+0100] {processor.py:830} INFO - Processing file /Users/judeezeh/Desktop/Zoomcamp-project/venv/lib/python3.11/site-packages/airflow/example_dags/example_nested_branch_dag.py for tasks to queue
[2025-04-05T11:41:56.507+0100] {logging_mixin.py:188} INFO - [2025-04-05T11:41:56.507+0100] {dagbag.py:540} INFO - Filling up the DagBag from /Users/judeezeh/Desktop/Zoomcamp-project/venv/lib/python3.11/site-packages/airflow/example_dags/example_nested_branch_dag.py
[2025-04-05T11:41:56.520+0100] {processor.py:840} INFO - DAG(s) 'example_nested_branch_dag' retrieved from /Users/judeezeh/Desktop/Zoomcamp-project/venv/lib/python3.11/site-packages/airflow/example_dags/example_nested_branch_dag.py
[2025-04-05T11:41:56.548+0100] {logging_mixin.py:188} INFO - [2025-04-05T11:41:56.548+0100] {dag.py:3096} INFO - Sync 1 DAGs
[2025-04-05T11:41:56.554+0100] {logging_mixin.py:188} INFO - [2025-04-05T11:41:56.553+0100] {dag.py:3954} INFO - Setting next_dagrun for example_nested_branch_dag to 2025-04-04T00:00:00+00:00, run_after=2025-04-05T00:00:00+00:00
[2025-04-05T11:41:56.560+0100] {processor.py:183} INFO - Processing /Users/judeezeh/Desktop/Zoomcamp-project/venv/lib/python3.11/site-packages/airflow/example_dags/example_nested_branch_dag.py took 0.055 seconds
