[2025-04-05T11:15:07.375+0100] {processor.py:161} INFO - Started process (PID=16702) to work on /Users/judeezeh/Desktop/Zoomcamp-project/venv/lib/python3.11/site-packages/airflow/example_dags/example_xcom.py
[2025-04-05T11:15:07.375+0100] {processor.py:830} INFO - Processing file /Users/judeezeh/Desktop/Zoomcamp-project/venv/lib/python3.11/site-packages/airflow/example_dags/example_xcom.py for tasks to queue
[2025-04-05T11:15:07.376+0100] {logging_mixin.py:188} INFO - [2025-04-05T11:15:07.376+0100] {dagbag.py:540} INFO - Filling up the DagBag from /Users/judeezeh/Desktop/Zoomcamp-project/venv/lib/python3.11/site-packages/airflow/example_dags/example_xcom.py
[2025-04-05T11:15:07.387+0100] {processor.py:840} INFO - DAG(s) 'example_xcom' retrieved from /Users/judeezeh/Desktop/Zoomcamp-project/venv/lib/python3.11/site-packages/airflow/example_dags/example_xcom.py
[2025-04-05T11:15:07.462+0100] {logging_mixin.py:188} INFO - [2025-04-05T11:15:07.462+0100] {override.py:1930} INFO - Created Permission View: can read on DAG:example_xcom
[2025-04-05T11:15:07.464+0100] {logging_mixin.py:188} INFO - [2025-04-05T11:15:07.464+0100] {override.py:1930} INFO - Created Permission View: can edit on DAG:example_xcom
[2025-04-05T11:15:07.466+0100] {logging_mixin.py:188} INFO - [2025-04-05T11:15:07.466+0100] {override.py:1930} INFO - Created Permission View: can delete on DAG:example_xcom
[2025-04-05T11:15:07.466+0100] {logging_mixin.py:188} INFO - [2025-04-05T11:15:07.466+0100] {dag.py:3096} INFO - Sync 1 DAGs
[2025-04-05T11:15:07.469+0100] {logging_mixin.py:188} INFO - [2025-04-05T11:15:07.469+0100] {dag.py:3118} INFO - Creating ORM DAG for example_xcom
[2025-04-05T11:15:07.471+0100] {logging_mixin.py:188} INFO - [2025-04-05T11:15:07.471+0100] {dag.py:3954} INFO - Setting next_dagrun for example_xcom to 2021-01-01T00:00:00+00:00, run_after=2021-01-01T00:00:00+00:00
[2025-04-05T11:15:07.476+0100] {processor.py:183} INFO - Processing /Users/judeezeh/Desktop/Zoomcamp-project/venv/lib/python3.11/site-packages/airflow/example_dags/example_xcom.py took 0.102 seconds
[2025-04-05T11:16:31.647+0100] {processor.py:161} INFO - Started process (PID=16834) to work on /Users/judeezeh/Desktop/Zoomcamp-project/venv/lib/python3.11/site-packages/airflow/example_dags/example_xcom.py
[2025-04-05T11:16:31.648+0100] {processor.py:830} INFO - Processing file /Users/judeezeh/Desktop/Zoomcamp-project/venv/lib/python3.11/site-packages/airflow/example_dags/example_xcom.py for tasks to queue
[2025-04-05T11:16:31.648+0100] {logging_mixin.py:188} INFO - [2025-04-05T11:16:31.648+0100] {dagbag.py:540} INFO - Filling up the DagBag from /Users/judeezeh/Desktop/Zoomcamp-project/venv/lib/python3.11/site-packages/airflow/example_dags/example_xcom.py
[2025-04-05T11:16:31.661+0100] {processor.py:840} INFO - DAG(s) 'example_xcom' retrieved from /Users/judeezeh/Desktop/Zoomcamp-project/venv/lib/python3.11/site-packages/airflow/example_dags/example_xcom.py
[2025-04-05T11:16:31.689+0100] {logging_mixin.py:188} INFO - [2025-04-05T11:16:31.689+0100] {dag.py:3096} INFO - Sync 1 DAGs
[2025-04-05T11:16:31.694+0100] {logging_mixin.py:188} INFO - [2025-04-05T11:16:31.694+0100] {dag.py:3954} INFO - Setting next_dagrun for example_xcom to 2021-01-01T00:00:00+00:00, run_after=2021-01-01T00:00:00+00:00
[2025-04-05T11:16:31.700+0100] {processor.py:183} INFO - Processing /Users/judeezeh/Desktop/Zoomcamp-project/venv/lib/python3.11/site-packages/airflow/example_dags/example_xcom.py took 0.054 seconds
[2025-04-05T11:17:20.693+0100] {processor.py:161} INFO - Started process (PID=16905) to work on /Users/judeezeh/Desktop/Zoomcamp-project/venv/lib/python3.11/site-packages/airflow/example_dags/example_xcom.py
[2025-04-05T11:17:20.693+0100] {processor.py:830} INFO - Processing file /Users/judeezeh/Desktop/Zoomcamp-project/venv/lib/python3.11/site-packages/airflow/example_dags/example_xcom.py for tasks to queue
[2025-04-05T11:17:20.693+0100] {logging_mixin.py:188} INFO - [2025-04-05T11:17:20.693+0100] {dagbag.py:540} INFO - Filling up the DagBag from /Users/judeezeh/Desktop/Zoomcamp-project/venv/lib/python3.11/site-packages/airflow/example_dags/example_xcom.py
[2025-04-05T11:17:20.704+0100] {processor.py:840} INFO - DAG(s) 'example_xcom' retrieved from /Users/judeezeh/Desktop/Zoomcamp-project/venv/lib/python3.11/site-packages/airflow/example_dags/example_xcom.py
[2025-04-05T11:17:20.732+0100] {logging_mixin.py:188} INFO - [2025-04-05T11:17:20.732+0100] {dag.py:3096} INFO - Sync 1 DAGs
[2025-04-05T11:17:20.737+0100] {logging_mixin.py:188} INFO - [2025-04-05T11:17:20.737+0100] {dag.py:3954} INFO - Setting next_dagrun for example_xcom to 2021-01-01T00:00:00+00:00, run_after=2021-01-01T00:00:00+00:00
[2025-04-05T11:17:20.743+0100] {processor.py:183} INFO - Processing /Users/judeezeh/Desktop/Zoomcamp-project/venv/lib/python3.11/site-packages/airflow/example_dags/example_xcom.py took 0.052 seconds
[2025-04-05T11:19:12.343+0100] {processor.py:161} INFO - Started process (PID=17097) to work on /Users/judeezeh/Desktop/Zoomcamp-project/venv/lib/python3.11/site-packages/airflow/example_dags/example_xcom.py
[2025-04-05T11:19:12.344+0100] {processor.py:830} INFO - Processing file /Users/judeezeh/Desktop/Zoomcamp-project/venv/lib/python3.11/site-packages/airflow/example_dags/example_xcom.py for tasks to queue
[2025-04-05T11:19:12.344+0100] {logging_mixin.py:188} INFO - [2025-04-05T11:19:12.344+0100] {dagbag.py:540} INFO - Filling up the DagBag from /Users/judeezeh/Desktop/Zoomcamp-project/venv/lib/python3.11/site-packages/airflow/example_dags/example_xcom.py
[2025-04-05T11:19:12.356+0100] {processor.py:840} INFO - DAG(s) 'example_xcom' retrieved from /Users/judeezeh/Desktop/Zoomcamp-project/venv/lib/python3.11/site-packages/airflow/example_dags/example_xcom.py
[2025-04-05T11:19:12.385+0100] {logging_mixin.py:188} INFO - [2025-04-05T11:19:12.385+0100] {dag.py:3096} INFO - Sync 1 DAGs
[2025-04-05T11:19:12.390+0100] {logging_mixin.py:188} INFO - [2025-04-05T11:19:12.389+0100] {dag.py:3954} INFO - Setting next_dagrun for example_xcom to 2021-01-01T00:00:00+00:00, run_after=2021-01-01T00:00:00+00:00
[2025-04-05T11:19:12.395+0100] {processor.py:183} INFO - Processing /Users/judeezeh/Desktop/Zoomcamp-project/venv/lib/python3.11/site-packages/airflow/example_dags/example_xcom.py took 0.054 seconds
[2025-04-05T11:20:35.333+0100] {processor.py:161} INFO - Started process (PID=17225) to work on /Users/judeezeh/Desktop/Zoomcamp-project/venv/lib/python3.11/site-packages/airflow/example_dags/example_xcom.py
[2025-04-05T11:20:35.334+0100] {processor.py:830} INFO - Processing file /Users/judeezeh/Desktop/Zoomcamp-project/venv/lib/python3.11/site-packages/airflow/example_dags/example_xcom.py for tasks to queue
[2025-04-05T11:20:35.334+0100] {logging_mixin.py:188} INFO - [2025-04-05T11:20:35.334+0100] {dagbag.py:540} INFO - Filling up the DagBag from /Users/judeezeh/Desktop/Zoomcamp-project/venv/lib/python3.11/site-packages/airflow/example_dags/example_xcom.py
[2025-04-05T11:20:35.346+0100] {processor.py:840} INFO - DAG(s) 'example_xcom' retrieved from /Users/judeezeh/Desktop/Zoomcamp-project/venv/lib/python3.11/site-packages/airflow/example_dags/example_xcom.py
[2025-04-05T11:20:35.379+0100] {logging_mixin.py:188} INFO - [2025-04-05T11:20:35.378+0100] {dag.py:3096} INFO - Sync 1 DAGs
[2025-04-05T11:20:35.384+0100] {logging_mixin.py:188} INFO - [2025-04-05T11:20:35.384+0100] {dag.py:3954} INFO - Setting next_dagrun for example_xcom to 2021-01-01T00:00:00+00:00, run_after=2021-01-01T00:00:00+00:00
[2025-04-05T11:20:35.392+0100] {processor.py:183} INFO - Processing /Users/judeezeh/Desktop/Zoomcamp-project/venv/lib/python3.11/site-packages/airflow/example_dags/example_xcom.py took 0.059 seconds
[2025-04-05T11:21:32.684+0100] {processor.py:161} INFO - Started process (PID=17309) to work on /Users/judeezeh/Desktop/Zoomcamp-project/venv/lib/python3.11/site-packages/airflow/example_dags/example_xcom.py
[2025-04-05T11:21:32.684+0100] {processor.py:830} INFO - Processing file /Users/judeezeh/Desktop/Zoomcamp-project/venv/lib/python3.11/site-packages/airflow/example_dags/example_xcom.py for tasks to queue
[2025-04-05T11:21:32.685+0100] {logging_mixin.py:188} INFO - [2025-04-05T11:21:32.685+0100] {dagbag.py:540} INFO - Filling up the DagBag from /Users/judeezeh/Desktop/Zoomcamp-project/venv/lib/python3.11/site-packages/airflow/example_dags/example_xcom.py
[2025-04-05T11:21:32.697+0100] {processor.py:840} INFO - DAG(s) 'example_xcom' retrieved from /Users/judeezeh/Desktop/Zoomcamp-project/venv/lib/python3.11/site-packages/airflow/example_dags/example_xcom.py
[2025-04-05T11:21:32.726+0100] {logging_mixin.py:188} INFO - [2025-04-05T11:21:32.726+0100] {dag.py:3096} INFO - Sync 1 DAGs
[2025-04-05T11:21:32.730+0100] {logging_mixin.py:188} INFO - [2025-04-05T11:21:32.730+0100] {dag.py:3954} INFO - Setting next_dagrun for example_xcom to 2021-01-01T00:00:00+00:00, run_after=2021-01-01T00:00:00+00:00
[2025-04-05T11:21:32.737+0100] {processor.py:183} INFO - Processing /Users/judeezeh/Desktop/Zoomcamp-project/venv/lib/python3.11/site-packages/airflow/example_dags/example_xcom.py took 0.054 seconds
[2025-04-05T11:22:28.668+0100] {processor.py:161} INFO - Started process (PID=17393) to work on /Users/judeezeh/Desktop/Zoomcamp-project/venv/lib/python3.11/site-packages/airflow/example_dags/example_xcom.py
[2025-04-05T11:22:28.669+0100] {processor.py:830} INFO - Processing file /Users/judeezeh/Desktop/Zoomcamp-project/venv/lib/python3.11/site-packages/airflow/example_dags/example_xcom.py for tasks to queue
[2025-04-05T11:22:28.669+0100] {logging_mixin.py:188} INFO - [2025-04-05T11:22:28.669+0100] {dagbag.py:540} INFO - Filling up the DagBag from /Users/judeezeh/Desktop/Zoomcamp-project/venv/lib/python3.11/site-packages/airflow/example_dags/example_xcom.py
[2025-04-05T11:22:28.681+0100] {processor.py:840} INFO - DAG(s) 'example_xcom' retrieved from /Users/judeezeh/Desktop/Zoomcamp-project/venv/lib/python3.11/site-packages/airflow/example_dags/example_xcom.py
[2025-04-05T11:22:28.709+0100] {logging_mixin.py:188} INFO - [2025-04-05T11:22:28.709+0100] {dag.py:3096} INFO - Sync 1 DAGs
[2025-04-05T11:22:28.714+0100] {logging_mixin.py:188} INFO - [2025-04-05T11:22:28.714+0100] {dag.py:3954} INFO - Setting next_dagrun for example_xcom to 2021-01-01T00:00:00+00:00, run_after=2021-01-01T00:00:00+00:00
[2025-04-05T11:22:28.720+0100] {processor.py:183} INFO - Processing /Users/judeezeh/Desktop/Zoomcamp-project/venv/lib/python3.11/site-packages/airflow/example_dags/example_xcom.py took 0.053 seconds
[2025-04-05T11:23:19.073+0100] {processor.py:161} INFO - Started process (PID=17468) to work on /Users/judeezeh/Desktop/Zoomcamp-project/venv/lib/python3.11/site-packages/airflow/example_dags/example_xcom.py
[2025-04-05T11:23:19.074+0100] {processor.py:830} INFO - Processing file /Users/judeezeh/Desktop/Zoomcamp-project/venv/lib/python3.11/site-packages/airflow/example_dags/example_xcom.py for tasks to queue
[2025-04-05T11:23:19.074+0100] {logging_mixin.py:188} INFO - [2025-04-05T11:23:19.074+0100] {dagbag.py:540} INFO - Filling up the DagBag from /Users/judeezeh/Desktop/Zoomcamp-project/venv/lib/python3.11/site-packages/airflow/example_dags/example_xcom.py
[2025-04-05T11:23:19.086+0100] {processor.py:840} INFO - DAG(s) 'example_xcom' retrieved from /Users/judeezeh/Desktop/Zoomcamp-project/venv/lib/python3.11/site-packages/airflow/example_dags/example_xcom.py
[2025-04-05T11:23:19.114+0100] {logging_mixin.py:188} INFO - [2025-04-05T11:23:19.114+0100] {dag.py:3096} INFO - Sync 1 DAGs
[2025-04-05T11:23:19.119+0100] {logging_mixin.py:188} INFO - [2025-04-05T11:23:19.119+0100] {dag.py:3954} INFO - Setting next_dagrun for example_xcom to 2021-01-01T00:00:00+00:00, run_after=2021-01-01T00:00:00+00:00
[2025-04-05T11:23:19.125+0100] {processor.py:183} INFO - Processing /Users/judeezeh/Desktop/Zoomcamp-project/venv/lib/python3.11/site-packages/airflow/example_dags/example_xcom.py took 0.053 seconds
[2025-04-05T11:24:06.143+0100] {processor.py:161} INFO - Started process (PID=17533) to work on /Users/judeezeh/Desktop/Zoomcamp-project/venv/lib/python3.11/site-packages/airflow/example_dags/example_xcom.py
[2025-04-05T11:24:06.144+0100] {processor.py:830} INFO - Processing file /Users/judeezeh/Desktop/Zoomcamp-project/venv/lib/python3.11/site-packages/airflow/example_dags/example_xcom.py for tasks to queue
[2025-04-05T11:24:06.145+0100] {logging_mixin.py:188} INFO - [2025-04-05T11:24:06.145+0100] {dagbag.py:540} INFO - Filling up the DagBag from /Users/judeezeh/Desktop/Zoomcamp-project/venv/lib/python3.11/site-packages/airflow/example_dags/example_xcom.py
[2025-04-05T11:24:06.157+0100] {processor.py:840} INFO - DAG(s) 'example_xcom' retrieved from /Users/judeezeh/Desktop/Zoomcamp-project/venv/lib/python3.11/site-packages/airflow/example_dags/example_xcom.py
[2025-04-05T11:24:06.186+0100] {logging_mixin.py:188} INFO - [2025-04-05T11:24:06.186+0100] {dag.py:3096} INFO - Sync 1 DAGs
[2025-04-05T11:24:06.190+0100] {logging_mixin.py:188} INFO - [2025-04-05T11:24:06.190+0100] {dag.py:3954} INFO - Setting next_dagrun for example_xcom to 2021-01-01T00:00:00+00:00, run_after=2021-01-01T00:00:00+00:00
[2025-04-05T11:24:06.196+0100] {processor.py:183} INFO - Processing /Users/judeezeh/Desktop/Zoomcamp-project/venv/lib/python3.11/site-packages/airflow/example_dags/example_xcom.py took 0.055 seconds
[2025-04-05T11:24:58.493+0100] {processor.py:161} INFO - Started process (PID=17601) to work on /Users/judeezeh/Desktop/Zoomcamp-project/venv/lib/python3.11/site-packages/airflow/example_dags/example_xcom.py
[2025-04-05T11:24:58.495+0100] {processor.py:830} INFO - Processing file /Users/judeezeh/Desktop/Zoomcamp-project/venv/lib/python3.11/site-packages/airflow/example_dags/example_xcom.py for tasks to queue
[2025-04-05T11:24:58.496+0100] {logging_mixin.py:188} INFO - [2025-04-05T11:24:58.495+0100] {dagbag.py:540} INFO - Filling up the DagBag from /Users/judeezeh/Desktop/Zoomcamp-project/venv/lib/python3.11/site-packages/airflow/example_dags/example_xcom.py
[2025-04-05T11:24:58.507+0100] {processor.py:840} INFO - DAG(s) 'example_xcom' retrieved from /Users/judeezeh/Desktop/Zoomcamp-project/venv/lib/python3.11/site-packages/airflow/example_dags/example_xcom.py
[2025-04-05T11:24:58.536+0100] {logging_mixin.py:188} INFO - [2025-04-05T11:24:58.536+0100] {dag.py:3096} INFO - Sync 1 DAGs
[2025-04-05T11:24:58.540+0100] {logging_mixin.py:188} INFO - [2025-04-05T11:24:58.540+0100] {dag.py:3954} INFO - Setting next_dagrun for example_xcom to 2021-01-01T00:00:00+00:00, run_after=2021-01-01T00:00:00+00:00
[2025-04-05T11:24:58.547+0100] {processor.py:183} INFO - Processing /Users/judeezeh/Desktop/Zoomcamp-project/venv/lib/python3.11/site-packages/airflow/example_dags/example_xcom.py took 0.054 seconds
[2025-04-05T11:25:49.274+0100] {processor.py:161} INFO - Started process (PID=17671) to work on /Users/judeezeh/Desktop/Zoomcamp-project/venv/lib/python3.11/site-packages/airflow/example_dags/example_xcom.py
[2025-04-05T11:25:49.275+0100] {processor.py:830} INFO - Processing file /Users/judeezeh/Desktop/Zoomcamp-project/venv/lib/python3.11/site-packages/airflow/example_dags/example_xcom.py for tasks to queue
[2025-04-05T11:25:49.275+0100] {logging_mixin.py:188} INFO - [2025-04-05T11:25:49.275+0100] {dagbag.py:540} INFO - Filling up the DagBag from /Users/judeezeh/Desktop/Zoomcamp-project/venv/lib/python3.11/site-packages/airflow/example_dags/example_xcom.py
[2025-04-05T11:25:49.288+0100] {processor.py:840} INFO - DAG(s) 'example_xcom' retrieved from /Users/judeezeh/Desktop/Zoomcamp-project/venv/lib/python3.11/site-packages/airflow/example_dags/example_xcom.py
[2025-04-05T11:25:49.317+0100] {logging_mixin.py:188} INFO - [2025-04-05T11:25:49.317+0100] {dag.py:3096} INFO - Sync 1 DAGs
[2025-04-05T11:25:49.322+0100] {logging_mixin.py:188} INFO - [2025-04-05T11:25:49.322+0100] {dag.py:3954} INFO - Setting next_dagrun for example_xcom to 2021-01-01T00:00:00+00:00, run_after=2021-01-01T00:00:00+00:00
[2025-04-05T11:25:49.328+0100] {processor.py:183} INFO - Processing /Users/judeezeh/Desktop/Zoomcamp-project/venv/lib/python3.11/site-packages/airflow/example_dags/example_xcom.py took 0.055 seconds
[2025-04-05T11:27:27.826+0100] {processor.py:161} INFO - Started process (PID=17822) to work on /Users/judeezeh/Desktop/Zoomcamp-project/venv/lib/python3.11/site-packages/airflow/example_dags/example_xcom.py
[2025-04-05T11:27:27.828+0100] {processor.py:830} INFO - Processing file /Users/judeezeh/Desktop/Zoomcamp-project/venv/lib/python3.11/site-packages/airflow/example_dags/example_xcom.py for tasks to queue
[2025-04-05T11:27:27.828+0100] {logging_mixin.py:188} INFO - [2025-04-05T11:27:27.828+0100] {dagbag.py:540} INFO - Filling up the DagBag from /Users/judeezeh/Desktop/Zoomcamp-project/venv/lib/python3.11/site-packages/airflow/example_dags/example_xcom.py
[2025-04-05T11:27:27.839+0100] {processor.py:840} INFO - DAG(s) 'example_xcom' retrieved from /Users/judeezeh/Desktop/Zoomcamp-project/venv/lib/python3.11/site-packages/airflow/example_dags/example_xcom.py
[2025-04-05T11:27:27.868+0100] {logging_mixin.py:188} INFO - [2025-04-05T11:27:27.867+0100] {dag.py:3096} INFO - Sync 1 DAGs
[2025-04-05T11:27:27.872+0100] {logging_mixin.py:188} INFO - [2025-04-05T11:27:27.872+0100] {dag.py:3954} INFO - Setting next_dagrun for example_xcom to 2021-01-01T00:00:00+00:00, run_after=2021-01-01T00:00:00+00:00
[2025-04-05T11:27:27.878+0100] {processor.py:183} INFO - Processing /Users/judeezeh/Desktop/Zoomcamp-project/venv/lib/python3.11/site-packages/airflow/example_dags/example_xcom.py took 0.053 seconds
[2025-04-05T11:28:23.984+0100] {processor.py:161} INFO - Started process (PID=17904) to work on /Users/judeezeh/Desktop/Zoomcamp-project/venv/lib/python3.11/site-packages/airflow/example_dags/example_xcom.py
[2025-04-05T11:28:23.985+0100] {processor.py:830} INFO - Processing file /Users/judeezeh/Desktop/Zoomcamp-project/venv/lib/python3.11/site-packages/airflow/example_dags/example_xcom.py for tasks to queue
[2025-04-05T11:28:23.985+0100] {logging_mixin.py:188} INFO - [2025-04-05T11:28:23.985+0100] {dagbag.py:540} INFO - Filling up the DagBag from /Users/judeezeh/Desktop/Zoomcamp-project/venv/lib/python3.11/site-packages/airflow/example_dags/example_xcom.py
[2025-04-05T11:28:23.998+0100] {processor.py:840} INFO - DAG(s) 'example_xcom' retrieved from /Users/judeezeh/Desktop/Zoomcamp-project/venv/lib/python3.11/site-packages/airflow/example_dags/example_xcom.py
[2025-04-05T11:28:24.027+0100] {logging_mixin.py:188} INFO - [2025-04-05T11:28:24.027+0100] {dag.py:3096} INFO - Sync 1 DAGs
[2025-04-05T11:28:24.032+0100] {logging_mixin.py:188} INFO - [2025-04-05T11:28:24.032+0100] {dag.py:3954} INFO - Setting next_dagrun for example_xcom to 2021-01-01T00:00:00+00:00, run_after=2021-01-01T00:00:00+00:00
[2025-04-05T11:28:24.039+0100] {processor.py:183} INFO - Processing /Users/judeezeh/Desktop/Zoomcamp-project/venv/lib/python3.11/site-packages/airflow/example_dags/example_xcom.py took 0.056 seconds
[2025-04-05T11:29:19.014+0100] {processor.py:161} INFO - Started process (PID=17978) to work on /Users/judeezeh/Desktop/Zoomcamp-project/venv/lib/python3.11/site-packages/airflow/example_dags/example_xcom.py
[2025-04-05T11:29:19.014+0100] {processor.py:830} INFO - Processing file /Users/judeezeh/Desktop/Zoomcamp-project/venv/lib/python3.11/site-packages/airflow/example_dags/example_xcom.py for tasks to queue
[2025-04-05T11:29:19.014+0100] {logging_mixin.py:188} INFO - [2025-04-05T11:29:19.014+0100] {dagbag.py:540} INFO - Filling up the DagBag from /Users/judeezeh/Desktop/Zoomcamp-project/venv/lib/python3.11/site-packages/airflow/example_dags/example_xcom.py
[2025-04-05T11:29:19.026+0100] {processor.py:840} INFO - DAG(s) 'example_xcom' retrieved from /Users/judeezeh/Desktop/Zoomcamp-project/venv/lib/python3.11/site-packages/airflow/example_dags/example_xcom.py
[2025-04-05T11:29:19.055+0100] {logging_mixin.py:188} INFO - [2025-04-05T11:29:19.055+0100] {dag.py:3096} INFO - Sync 1 DAGs
[2025-04-05T11:29:19.060+0100] {logging_mixin.py:188} INFO - [2025-04-05T11:29:19.060+0100] {dag.py:3954} INFO - Setting next_dagrun for example_xcom to 2021-01-01T00:00:00+00:00, run_after=2021-01-01T00:00:00+00:00
[2025-04-05T11:29:19.067+0100] {processor.py:183} INFO - Processing /Users/judeezeh/Desktop/Zoomcamp-project/venv/lib/python3.11/site-packages/airflow/example_dags/example_xcom.py took 0.054 seconds
[2025-04-05T11:30:13.847+0100] {processor.py:161} INFO - Started process (PID=18050) to work on /Users/judeezeh/Desktop/Zoomcamp-project/venv/lib/python3.11/site-packages/airflow/example_dags/example_xcom.py
[2025-04-05T11:30:13.847+0100] {processor.py:830} INFO - Processing file /Users/judeezeh/Desktop/Zoomcamp-project/venv/lib/python3.11/site-packages/airflow/example_dags/example_xcom.py for tasks to queue
[2025-04-05T11:30:13.847+0100] {logging_mixin.py:188} INFO - [2025-04-05T11:30:13.847+0100] {dagbag.py:540} INFO - Filling up the DagBag from /Users/judeezeh/Desktop/Zoomcamp-project/venv/lib/python3.11/site-packages/airflow/example_dags/example_xcom.py
[2025-04-05T11:30:13.859+0100] {processor.py:840} INFO - DAG(s) 'example_xcom' retrieved from /Users/judeezeh/Desktop/Zoomcamp-project/venv/lib/python3.11/site-packages/airflow/example_dags/example_xcom.py
[2025-04-05T11:30:13.887+0100] {logging_mixin.py:188} INFO - [2025-04-05T11:30:13.887+0100] {dag.py:3096} INFO - Sync 1 DAGs
[2025-04-05T11:30:13.892+0100] {logging_mixin.py:188} INFO - [2025-04-05T11:30:13.892+0100] {dag.py:3954} INFO - Setting next_dagrun for example_xcom to 2021-01-01T00:00:00+00:00, run_after=2021-01-01T00:00:00+00:00
[2025-04-05T11:30:13.900+0100] {processor.py:183} INFO - Processing /Users/judeezeh/Desktop/Zoomcamp-project/venv/lib/python3.11/site-packages/airflow/example_dags/example_xcom.py took 0.054 seconds
[2025-04-05T11:31:05.447+0100] {processor.py:161} INFO - Started process (PID=18130) to work on /Users/judeezeh/Desktop/Zoomcamp-project/venv/lib/python3.11/site-packages/airflow/example_dags/example_xcom.py
[2025-04-05T11:31:05.449+0100] {processor.py:830} INFO - Processing file /Users/judeezeh/Desktop/Zoomcamp-project/venv/lib/python3.11/site-packages/airflow/example_dags/example_xcom.py for tasks to queue
[2025-04-05T11:31:05.449+0100] {logging_mixin.py:188} INFO - [2025-04-05T11:31:05.449+0100] {dagbag.py:540} INFO - Filling up the DagBag from /Users/judeezeh/Desktop/Zoomcamp-project/venv/lib/python3.11/site-packages/airflow/example_dags/example_xcom.py
[2025-04-05T11:31:05.461+0100] {processor.py:840} INFO - DAG(s) 'example_xcom' retrieved from /Users/judeezeh/Desktop/Zoomcamp-project/venv/lib/python3.11/site-packages/airflow/example_dags/example_xcom.py
[2025-04-05T11:31:05.489+0100] {logging_mixin.py:188} INFO - [2025-04-05T11:31:05.489+0100] {dag.py:3096} INFO - Sync 1 DAGs
[2025-04-05T11:31:05.494+0100] {logging_mixin.py:188} INFO - [2025-04-05T11:31:05.494+0100] {dag.py:3954} INFO - Setting next_dagrun for example_xcom to 2021-01-01T00:00:00+00:00, run_after=2021-01-01T00:00:00+00:00
[2025-04-05T11:31:05.500+0100] {processor.py:183} INFO - Processing /Users/judeezeh/Desktop/Zoomcamp-project/venv/lib/python3.11/site-packages/airflow/example_dags/example_xcom.py took 0.054 seconds
[2025-04-05T11:31:53.469+0100] {processor.py:161} INFO - Started process (PID=18201) to work on /Users/judeezeh/Desktop/Zoomcamp-project/venv/lib/python3.11/site-packages/airflow/example_dags/example_xcom.py
[2025-04-05T11:31:53.470+0100] {processor.py:830} INFO - Processing file /Users/judeezeh/Desktop/Zoomcamp-project/venv/lib/python3.11/site-packages/airflow/example_dags/example_xcom.py for tasks to queue
[2025-04-05T11:31:53.470+0100] {logging_mixin.py:188} INFO - [2025-04-05T11:31:53.470+0100] {dagbag.py:540} INFO - Filling up the DagBag from /Users/judeezeh/Desktop/Zoomcamp-project/venv/lib/python3.11/site-packages/airflow/example_dags/example_xcom.py
[2025-04-05T11:31:53.482+0100] {processor.py:840} INFO - DAG(s) 'example_xcom' retrieved from /Users/judeezeh/Desktop/Zoomcamp-project/venv/lib/python3.11/site-packages/airflow/example_dags/example_xcom.py
[2025-04-05T11:31:53.510+0100] {logging_mixin.py:188} INFO - [2025-04-05T11:31:53.510+0100] {dag.py:3096} INFO - Sync 1 DAGs
[2025-04-05T11:31:53.515+0100] {logging_mixin.py:188} INFO - [2025-04-05T11:31:53.515+0100] {dag.py:3954} INFO - Setting next_dagrun for example_xcom to 2021-01-01T00:00:00+00:00, run_after=2021-01-01T00:00:00+00:00
[2025-04-05T11:31:53.521+0100] {processor.py:183} INFO - Processing /Users/judeezeh/Desktop/Zoomcamp-project/venv/lib/python3.11/site-packages/airflow/example_dags/example_xcom.py took 0.053 seconds
[2025-04-05T11:32:45.538+0100] {processor.py:161} INFO - Started process (PID=18281) to work on /Users/judeezeh/Desktop/Zoomcamp-project/venv/lib/python3.11/site-packages/airflow/example_dags/example_xcom.py
[2025-04-05T11:32:45.539+0100] {processor.py:830} INFO - Processing file /Users/judeezeh/Desktop/Zoomcamp-project/venv/lib/python3.11/site-packages/airflow/example_dags/example_xcom.py for tasks to queue
[2025-04-05T11:32:45.539+0100] {logging_mixin.py:188} INFO - [2025-04-05T11:32:45.539+0100] {dagbag.py:540} INFO - Filling up the DagBag from /Users/judeezeh/Desktop/Zoomcamp-project/venv/lib/python3.11/site-packages/airflow/example_dags/example_xcom.py
[2025-04-05T11:32:45.551+0100] {processor.py:840} INFO - DAG(s) 'example_xcom' retrieved from /Users/judeezeh/Desktop/Zoomcamp-project/venv/lib/python3.11/site-packages/airflow/example_dags/example_xcom.py
[2025-04-05T11:32:45.579+0100] {logging_mixin.py:188} INFO - [2025-04-05T11:32:45.579+0100] {dag.py:3096} INFO - Sync 1 DAGs
[2025-04-05T11:32:45.584+0100] {logging_mixin.py:188} INFO - [2025-04-05T11:32:45.584+0100] {dag.py:3954} INFO - Setting next_dagrun for example_xcom to 2021-01-01T00:00:00+00:00, run_after=2021-01-01T00:00:00+00:00
[2025-04-05T11:32:45.590+0100] {processor.py:183} INFO - Processing /Users/judeezeh/Desktop/Zoomcamp-project/venv/lib/python3.11/site-packages/airflow/example_dags/example_xcom.py took 0.054 seconds
[2025-04-05T11:33:38.176+0100] {processor.py:161} INFO - Started process (PID=18353) to work on /Users/judeezeh/Desktop/Zoomcamp-project/venv/lib/python3.11/site-packages/airflow/example_dags/example_xcom.py
[2025-04-05T11:33:38.177+0100] {processor.py:830} INFO - Processing file /Users/judeezeh/Desktop/Zoomcamp-project/venv/lib/python3.11/site-packages/airflow/example_dags/example_xcom.py for tasks to queue
[2025-04-05T11:33:38.178+0100] {logging_mixin.py:188} INFO - [2025-04-05T11:33:38.178+0100] {dagbag.py:540} INFO - Filling up the DagBag from /Users/judeezeh/Desktop/Zoomcamp-project/venv/lib/python3.11/site-packages/airflow/example_dags/example_xcom.py
[2025-04-05T11:33:38.189+0100] {processor.py:840} INFO - DAG(s) 'example_xcom' retrieved from /Users/judeezeh/Desktop/Zoomcamp-project/venv/lib/python3.11/site-packages/airflow/example_dags/example_xcom.py
[2025-04-05T11:33:38.218+0100] {logging_mixin.py:188} INFO - [2025-04-05T11:33:38.218+0100] {dag.py:3096} INFO - Sync 1 DAGs
[2025-04-05T11:33:38.222+0100] {logging_mixin.py:188} INFO - [2025-04-05T11:33:38.222+0100] {dag.py:3954} INFO - Setting next_dagrun for example_xcom to 2021-01-01T00:00:00+00:00, run_after=2021-01-01T00:00:00+00:00
[2025-04-05T11:33:38.230+0100] {processor.py:183} INFO - Processing /Users/judeezeh/Desktop/Zoomcamp-project/venv/lib/python3.11/site-packages/airflow/example_dags/example_xcom.py took 0.055 seconds
[2025-04-05T11:34:31.617+0100] {processor.py:161} INFO - Started process (PID=18430) to work on /Users/judeezeh/Desktop/Zoomcamp-project/venv/lib/python3.11/site-packages/airflow/example_dags/example_xcom.py
[2025-04-05T11:34:31.619+0100] {processor.py:830} INFO - Processing file /Users/judeezeh/Desktop/Zoomcamp-project/venv/lib/python3.11/site-packages/airflow/example_dags/example_xcom.py for tasks to queue
[2025-04-05T11:34:31.619+0100] {logging_mixin.py:188} INFO - [2025-04-05T11:34:31.619+0100] {dagbag.py:540} INFO - Filling up the DagBag from /Users/judeezeh/Desktop/Zoomcamp-project/venv/lib/python3.11/site-packages/airflow/example_dags/example_xcom.py
[2025-04-05T11:34:31.631+0100] {processor.py:840} INFO - DAG(s) 'example_xcom' retrieved from /Users/judeezeh/Desktop/Zoomcamp-project/venv/lib/python3.11/site-packages/airflow/example_dags/example_xcom.py
[2025-04-05T11:34:31.659+0100] {logging_mixin.py:188} INFO - [2025-04-05T11:34:31.659+0100] {dag.py:3096} INFO - Sync 1 DAGs
[2025-04-05T11:34:31.663+0100] {logging_mixin.py:188} INFO - [2025-04-05T11:34:31.663+0100] {dag.py:3954} INFO - Setting next_dagrun for example_xcom to 2021-01-01T00:00:00+00:00, run_after=2021-01-01T00:00:00+00:00
[2025-04-05T11:34:31.669+0100] {processor.py:183} INFO - Processing /Users/judeezeh/Desktop/Zoomcamp-project/venv/lib/python3.11/site-packages/airflow/example_dags/example_xcom.py took 0.053 seconds
[2025-04-05T11:36:07.388+0100] {processor.py:161} INFO - Started process (PID=18564) to work on /Users/judeezeh/Desktop/Zoomcamp-project/venv/lib/python3.11/site-packages/airflow/example_dags/example_xcom.py
[2025-04-05T11:36:07.389+0100] {processor.py:830} INFO - Processing file /Users/judeezeh/Desktop/Zoomcamp-project/venv/lib/python3.11/site-packages/airflow/example_dags/example_xcom.py for tasks to queue
[2025-04-05T11:36:07.389+0100] {logging_mixin.py:188} INFO - [2025-04-05T11:36:07.389+0100] {dagbag.py:540} INFO - Filling up the DagBag from /Users/judeezeh/Desktop/Zoomcamp-project/venv/lib/python3.11/site-packages/airflow/example_dags/example_xcom.py
[2025-04-05T11:36:07.400+0100] {processor.py:840} INFO - DAG(s) 'example_xcom' retrieved from /Users/judeezeh/Desktop/Zoomcamp-project/venv/lib/python3.11/site-packages/airflow/example_dags/example_xcom.py
[2025-04-05T11:36:07.429+0100] {logging_mixin.py:188} INFO - [2025-04-05T11:36:07.429+0100] {dag.py:3096} INFO - Sync 1 DAGs
[2025-04-05T11:36:07.434+0100] {logging_mixin.py:188} INFO - [2025-04-05T11:36:07.434+0100] {dag.py:3954} INFO - Setting next_dagrun for example_xcom to 2021-01-01T00:00:00+00:00, run_after=2021-01-01T00:00:00+00:00
[2025-04-05T11:36:07.441+0100] {processor.py:183} INFO - Processing /Users/judeezeh/Desktop/Zoomcamp-project/venv/lib/python3.11/site-packages/airflow/example_dags/example_xcom.py took 0.054 seconds
[2025-04-05T11:37:01.937+0100] {processor.py:161} INFO - Started process (PID=18649) to work on /Users/judeezeh/Desktop/Zoomcamp-project/venv/lib/python3.11/site-packages/airflow/example_dags/example_xcom.py
[2025-04-05T11:37:01.938+0100] {processor.py:830} INFO - Processing file /Users/judeezeh/Desktop/Zoomcamp-project/venv/lib/python3.11/site-packages/airflow/example_dags/example_xcom.py for tasks to queue
[2025-04-05T11:37:01.938+0100] {logging_mixin.py:188} INFO - [2025-04-05T11:37:01.938+0100] {dagbag.py:540} INFO - Filling up the DagBag from /Users/judeezeh/Desktop/Zoomcamp-project/venv/lib/python3.11/site-packages/airflow/example_dags/example_xcom.py
[2025-04-05T11:37:01.950+0100] {processor.py:840} INFO - DAG(s) 'example_xcom' retrieved from /Users/judeezeh/Desktop/Zoomcamp-project/venv/lib/python3.11/site-packages/airflow/example_dags/example_xcom.py
[2025-04-05T11:37:01.979+0100] {logging_mixin.py:188} INFO - [2025-04-05T11:37:01.979+0100] {dag.py:3096} INFO - Sync 1 DAGs
[2025-04-05T11:37:01.984+0100] {logging_mixin.py:188} INFO - [2025-04-05T11:37:01.984+0100] {dag.py:3954} INFO - Setting next_dagrun for example_xcom to 2021-01-01T00:00:00+00:00, run_after=2021-01-01T00:00:00+00:00
[2025-04-05T11:37:01.992+0100] {processor.py:183} INFO - Processing /Users/judeezeh/Desktop/Zoomcamp-project/venv/lib/python3.11/site-packages/airflow/example_dags/example_xcom.py took 0.055 seconds
[2025-04-05T11:37:53.101+0100] {processor.py:161} INFO - Started process (PID=18728) to work on /Users/judeezeh/Desktop/Zoomcamp-project/venv/lib/python3.11/site-packages/airflow/example_dags/example_xcom.py
[2025-04-05T11:37:53.102+0100] {processor.py:830} INFO - Processing file /Users/judeezeh/Desktop/Zoomcamp-project/venv/lib/python3.11/site-packages/airflow/example_dags/example_xcom.py for tasks to queue
[2025-04-05T11:37:53.102+0100] {logging_mixin.py:188} INFO - [2025-04-05T11:37:53.102+0100] {dagbag.py:540} INFO - Filling up the DagBag from /Users/judeezeh/Desktop/Zoomcamp-project/venv/lib/python3.11/site-packages/airflow/example_dags/example_xcom.py
[2025-04-05T11:37:53.114+0100] {processor.py:840} INFO - DAG(s) 'example_xcom' retrieved from /Users/judeezeh/Desktop/Zoomcamp-project/venv/lib/python3.11/site-packages/airflow/example_dags/example_xcom.py
[2025-04-05T11:37:53.142+0100] {logging_mixin.py:188} INFO - [2025-04-05T11:37:53.142+0100] {dag.py:3096} INFO - Sync 1 DAGs
[2025-04-05T11:37:53.147+0100] {logging_mixin.py:188} INFO - [2025-04-05T11:37:53.147+0100] {dag.py:3954} INFO - Setting next_dagrun for example_xcom to 2021-01-01T00:00:00+00:00, run_after=2021-01-01T00:00:00+00:00
[2025-04-05T11:37:53.153+0100] {processor.py:183} INFO - Processing /Users/judeezeh/Desktop/Zoomcamp-project/venv/lib/python3.11/site-packages/airflow/example_dags/example_xcom.py took 0.053 seconds
[2025-04-05T11:38:34.072+0100] {processor.py:161} INFO - Started process (PID=18796) to work on /Users/judeezeh/Desktop/Zoomcamp-project/venv/lib/python3.11/site-packages/airflow/example_dags/example_xcom.py
[2025-04-05T11:38:34.073+0100] {processor.py:830} INFO - Processing file /Users/judeezeh/Desktop/Zoomcamp-project/venv/lib/python3.11/site-packages/airflow/example_dags/example_xcom.py for tasks to queue
[2025-04-05T11:38:34.073+0100] {logging_mixin.py:188} INFO - [2025-04-05T11:38:34.073+0100] {dagbag.py:540} INFO - Filling up the DagBag from /Users/judeezeh/Desktop/Zoomcamp-project/venv/lib/python3.11/site-packages/airflow/example_dags/example_xcom.py
[2025-04-05T11:38:34.085+0100] {processor.py:840} INFO - DAG(s) 'example_xcom' retrieved from /Users/judeezeh/Desktop/Zoomcamp-project/venv/lib/python3.11/site-packages/airflow/example_dags/example_xcom.py
[2025-04-05T11:38:34.113+0100] {logging_mixin.py:188} INFO - [2025-04-05T11:38:34.113+0100] {dag.py:3096} INFO - Sync 1 DAGs
[2025-04-05T11:38:34.118+0100] {logging_mixin.py:188} INFO - [2025-04-05T11:38:34.118+0100] {dag.py:3954} INFO - Setting next_dagrun for example_xcom to 2021-01-01T00:00:00+00:00, run_after=2021-01-01T00:00:00+00:00
[2025-04-05T11:38:34.124+0100] {processor.py:183} INFO - Processing /Users/judeezeh/Desktop/Zoomcamp-project/venv/lib/python3.11/site-packages/airflow/example_dags/example_xcom.py took 0.053 seconds
[2025-04-05T11:39:52.946+0100] {processor.py:161} INFO - Started process (PID=18913) to work on /Users/judeezeh/Desktop/Zoomcamp-project/venv/lib/python3.11/site-packages/airflow/example_dags/example_xcom.py
[2025-04-05T11:39:52.946+0100] {processor.py:830} INFO - Processing file /Users/judeezeh/Desktop/Zoomcamp-project/venv/lib/python3.11/site-packages/airflow/example_dags/example_xcom.py for tasks to queue
[2025-04-05T11:39:52.946+0100] {logging_mixin.py:188} INFO - [2025-04-05T11:39:52.946+0100] {dagbag.py:540} INFO - Filling up the DagBag from /Users/judeezeh/Desktop/Zoomcamp-project/venv/lib/python3.11/site-packages/airflow/example_dags/example_xcom.py
[2025-04-05T11:39:52.958+0100] {processor.py:840} INFO - DAG(s) 'example_xcom' retrieved from /Users/judeezeh/Desktop/Zoomcamp-project/venv/lib/python3.11/site-packages/airflow/example_dags/example_xcom.py
[2025-04-05T11:39:52.988+0100] {logging_mixin.py:188} INFO - [2025-04-05T11:39:52.988+0100] {dag.py:3096} INFO - Sync 1 DAGs
[2025-04-05T11:39:52.993+0100] {logging_mixin.py:188} INFO - [2025-04-05T11:39:52.993+0100] {dag.py:3954} INFO - Setting next_dagrun for example_xcom to 2021-01-01T00:00:00+00:00, run_after=2021-01-01T00:00:00+00:00
[2025-04-05T11:39:52.999+0100] {processor.py:183} INFO - Processing /Users/judeezeh/Desktop/Zoomcamp-project/venv/lib/python3.11/site-packages/airflow/example_dags/example_xcom.py took 0.055 seconds
[2025-04-05T11:40:44.302+0100] {processor.py:161} INFO - Started process (PID=19033) to work on /Users/judeezeh/Desktop/Zoomcamp-project/venv/lib/python3.11/site-packages/airflow/example_dags/example_xcom.py
[2025-04-05T11:40:44.303+0100] {processor.py:830} INFO - Processing file /Users/judeezeh/Desktop/Zoomcamp-project/venv/lib/python3.11/site-packages/airflow/example_dags/example_xcom.py for tasks to queue
[2025-04-05T11:40:44.303+0100] {logging_mixin.py:188} INFO - [2025-04-05T11:40:44.303+0100] {dagbag.py:540} INFO - Filling up the DagBag from /Users/judeezeh/Desktop/Zoomcamp-project/venv/lib/python3.11/site-packages/airflow/example_dags/example_xcom.py
[2025-04-05T11:40:44.315+0100] {processor.py:840} INFO - DAG(s) 'example_xcom' retrieved from /Users/judeezeh/Desktop/Zoomcamp-project/venv/lib/python3.11/site-packages/airflow/example_dags/example_xcom.py
[2025-04-05T11:40:44.343+0100] {logging_mixin.py:188} INFO - [2025-04-05T11:40:44.343+0100] {dag.py:3096} INFO - Sync 1 DAGs
[2025-04-05T11:40:44.348+0100] {logging_mixin.py:188} INFO - [2025-04-05T11:40:44.348+0100] {dag.py:3954} INFO - Setting next_dagrun for example_xcom to 2021-01-01T00:00:00+00:00, run_after=2021-01-01T00:00:00+00:00
[2025-04-05T11:40:44.354+0100] {processor.py:183} INFO - Processing /Users/judeezeh/Desktop/Zoomcamp-project/venv/lib/python3.11/site-packages/airflow/example_dags/example_xcom.py took 0.053 seconds
[2025-04-05T11:42:15.554+0100] {processor.py:161} INFO - Started process (PID=19171) to work on /Users/judeezeh/Desktop/Zoomcamp-project/venv/lib/python3.11/site-packages/airflow/example_dags/example_xcom.py
[2025-04-05T11:42:15.555+0100] {processor.py:830} INFO - Processing file /Users/judeezeh/Desktop/Zoomcamp-project/venv/lib/python3.11/site-packages/airflow/example_dags/example_xcom.py for tasks to queue
[2025-04-05T11:42:15.555+0100] {logging_mixin.py:188} INFO - [2025-04-05T11:42:15.555+0100] {dagbag.py:540} INFO - Filling up the DagBag from /Users/judeezeh/Desktop/Zoomcamp-project/venv/lib/python3.11/site-packages/airflow/example_dags/example_xcom.py
[2025-04-05T11:42:15.568+0100] {processor.py:840} INFO - DAG(s) 'example_xcom' retrieved from /Users/judeezeh/Desktop/Zoomcamp-project/venv/lib/python3.11/site-packages/airflow/example_dags/example_xcom.py
[2025-04-05T11:42:15.598+0100] {logging_mixin.py:188} INFO - [2025-04-05T11:42:15.598+0100] {dag.py:3096} INFO - Sync 1 DAGs
[2025-04-05T11:42:15.602+0100] {logging_mixin.py:188} INFO - [2025-04-05T11:42:15.602+0100] {dag.py:3954} INFO - Setting next_dagrun for example_xcom to 2021-01-01T00:00:00+00:00, run_after=2021-01-01T00:00:00+00:00
[2025-04-05T11:42:15.608+0100] {processor.py:183} INFO - Processing /Users/judeezeh/Desktop/Zoomcamp-project/venv/lib/python3.11/site-packages/airflow/example_dags/example_xcom.py took 0.055 seconds
