[2025-04-05T11:16:13.526+0100] {processor.py:161} INFO - Started process (PID=16800) to work on /Users/judeezeh/Desktop/Zoomcamp-project/venv/lib/python3.11/site-packages/airflow/example_dags/example_bash_decorator.py
[2025-04-05T11:16:13.526+0100] {processor.py:830} INFO - Processing file /Users/judeezeh/Desktop/Zoomcamp-project/venv/lib/python3.11/site-packages/airflow/example_dags/example_bash_decorator.py for tasks to queue
[2025-04-05T11:16:13.526+0100] {logging_mixin.py:188} INFO - [2025-04-05T11:16:13.526+0100] {dagbag.py:540} INFO - Filling up the DagBag from /Users/judeezeh/Desktop/Zoomcamp-project/venv/lib/python3.11/site-packages/airflow/example_dags/example_bash_decorator.py
[2025-04-05T11:16:13.543+0100] {processor.py:840} INFO - DAG(s) 'example_bash_decorator' retrieved from /Users/judeezeh/Desktop/Zoomcamp-project/venv/lib/python3.11/site-packages/airflow/example_dags/example_bash_decorator.py
[2025-04-05T11:16:13.639+0100] {logging_mixin.py:188} INFO - [2025-04-05T11:16:13.639+0100] {override.py:1930} INFO - Created Permission View: can read on DAG:example_bash_decorator
[2025-04-05T11:16:13.642+0100] {logging_mixin.py:188} INFO - [2025-04-05T11:16:13.642+0100] {override.py:1930} INFO - Created Permission View: can edit on DAG:example_bash_decorator
[2025-04-05T11:16:13.644+0100] {logging_mixin.py:188} INFO - [2025-04-05T11:16:13.644+0100] {override.py:1930} INFO - Created Permission View: can delete on DAG:example_bash_decorator
[2025-04-05T11:16:13.644+0100] {logging_mixin.py:188} INFO - [2025-04-05T11:16:13.644+0100] {dag.py:3096} INFO - Sync 1 DAGs
[2025-04-05T11:16:13.648+0100] {logging_mixin.py:188} INFO - [2025-04-05T11:16:13.648+0100] {dag.py:3118} INFO - Creating ORM DAG for example_bash_decorator
[2025-04-05T11:16:13.648+0100] {logging_mixin.py:188} INFO - [2025-04-05T11:16:13.648+0100] {dag.py:3954} INFO - Setting next_dagrun for example_bash_decorator to None, run_after=None
[2025-04-05T11:16:13.654+0100] {processor.py:183} INFO - Processing /Users/judeezeh/Desktop/Zoomcamp-project/venv/lib/python3.11/site-packages/airflow/example_dags/example_bash_decorator.py took 0.129 seconds
[2025-04-05T11:17:45.129+0100] {processor.py:161} INFO - Started process (PID=16943) to work on /Users/judeezeh/Desktop/Zoomcamp-project/venv/lib/python3.11/site-packages/airflow/example_dags/example_bash_decorator.py
[2025-04-05T11:17:45.130+0100] {processor.py:830} INFO - Processing file /Users/judeezeh/Desktop/Zoomcamp-project/venv/lib/python3.11/site-packages/airflow/example_dags/example_bash_decorator.py for tasks to queue
[2025-04-05T11:17:45.130+0100] {logging_mixin.py:188} INFO - [2025-04-05T11:17:45.130+0100] {dagbag.py:540} INFO - Filling up the DagBag from /Users/judeezeh/Desktop/Zoomcamp-project/venv/lib/python3.11/site-packages/airflow/example_dags/example_bash_decorator.py
[2025-04-05T11:17:45.143+0100] {processor.py:840} INFO - DAG(s) 'example_bash_decorator' retrieved from /Users/judeezeh/Desktop/Zoomcamp-project/venv/lib/python3.11/site-packages/airflow/example_dags/example_bash_decorator.py
[2025-04-05T11:17:45.233+0100] {logging_mixin.py:188} INFO - [2025-04-05T11:17:45.232+0100] {dag.py:3096} INFO - Sync 1 DAGs
[2025-04-05T11:17:45.236+0100] {logging_mixin.py:188} INFO - [2025-04-05T11:17:45.236+0100] {dag.py:3954} INFO - Setting next_dagrun for example_bash_decorator to None, run_after=None
[2025-04-05T11:17:45.242+0100] {processor.py:183} INFO - Processing /Users/judeezeh/Desktop/Zoomcamp-project/venv/lib/python3.11/site-packages/airflow/example_dags/example_bash_decorator.py took 0.114 seconds
[2025-04-05T11:20:14.442+0100] {processor.py:161} INFO - Started process (PID=17200) to work on /Users/judeezeh/Desktop/Zoomcamp-project/venv/lib/python3.11/site-packages/airflow/example_dags/example_bash_decorator.py
[2025-04-05T11:20:14.445+0100] {processor.py:830} INFO - Processing file /Users/judeezeh/Desktop/Zoomcamp-project/venv/lib/python3.11/site-packages/airflow/example_dags/example_bash_decorator.py for tasks to queue
[2025-04-05T11:20:14.445+0100] {logging_mixin.py:188} INFO - [2025-04-05T11:20:14.445+0100] {dagbag.py:540} INFO - Filling up the DagBag from /Users/judeezeh/Desktop/Zoomcamp-project/venv/lib/python3.11/site-packages/airflow/example_dags/example_bash_decorator.py
[2025-04-05T11:20:14.463+0100] {processor.py:840} INFO - DAG(s) 'example_bash_decorator' retrieved from /Users/judeezeh/Desktop/Zoomcamp-project/venv/lib/python3.11/site-packages/airflow/example_dags/example_bash_decorator.py
[2025-04-05T11:20:14.555+0100] {logging_mixin.py:188} INFO - [2025-04-05T11:20:14.554+0100] {dag.py:3096} INFO - Sync 1 DAGs
[2025-04-05T11:20:14.558+0100] {logging_mixin.py:188} INFO - [2025-04-05T11:20:14.558+0100] {dag.py:3954} INFO - Setting next_dagrun for example_bash_decorator to None, run_after=None
[2025-04-05T11:20:14.564+0100] {processor.py:183} INFO - Processing /Users/judeezeh/Desktop/Zoomcamp-project/venv/lib/python3.11/site-packages/airflow/example_dags/example_bash_decorator.py took 0.123 seconds
[2025-04-05T11:22:10.529+0100] {processor.py:161} INFO - Started process (PID=17365) to work on /Users/judeezeh/Desktop/Zoomcamp-project/venv/lib/python3.11/site-packages/airflow/example_dags/example_bash_decorator.py
[2025-04-05T11:22:10.530+0100] {processor.py:830} INFO - Processing file /Users/judeezeh/Desktop/Zoomcamp-project/venv/lib/python3.11/site-packages/airflow/example_dags/example_bash_decorator.py for tasks to queue
[2025-04-05T11:22:10.530+0100] {logging_mixin.py:188} INFO - [2025-04-05T11:22:10.530+0100] {dagbag.py:540} INFO - Filling up the DagBag from /Users/judeezeh/Desktop/Zoomcamp-project/venv/lib/python3.11/site-packages/airflow/example_dags/example_bash_decorator.py
[2025-04-05T11:22:10.544+0100] {processor.py:840} INFO - DAG(s) 'example_bash_decorator' retrieved from /Users/judeezeh/Desktop/Zoomcamp-project/venv/lib/python3.11/site-packages/airflow/example_dags/example_bash_decorator.py
[2025-04-05T11:22:10.632+0100] {logging_mixin.py:188} INFO - [2025-04-05T11:22:10.632+0100] {dag.py:3096} INFO - Sync 1 DAGs
[2025-04-05T11:22:10.635+0100] {logging_mixin.py:188} INFO - [2025-04-05T11:22:10.635+0100] {dag.py:3954} INFO - Setting next_dagrun for example_bash_decorator to None, run_after=None
[2025-04-05T11:22:10.641+0100] {processor.py:183} INFO - Processing /Users/judeezeh/Desktop/Zoomcamp-project/venv/lib/python3.11/site-packages/airflow/example_dags/example_bash_decorator.py took 0.114 seconds
[2025-04-05T11:23:48.763+0100] {processor.py:161} INFO - Started process (PID=17508) to work on /Users/judeezeh/Desktop/Zoomcamp-project/venv/lib/python3.11/site-packages/airflow/example_dags/example_bash_decorator.py
[2025-04-05T11:23:48.764+0100] {processor.py:830} INFO - Processing file /Users/judeezeh/Desktop/Zoomcamp-project/venv/lib/python3.11/site-packages/airflow/example_dags/example_bash_decorator.py for tasks to queue
[2025-04-05T11:23:48.764+0100] {logging_mixin.py:188} INFO - [2025-04-05T11:23:48.764+0100] {dagbag.py:540} INFO - Filling up the DagBag from /Users/judeezeh/Desktop/Zoomcamp-project/venv/lib/python3.11/site-packages/airflow/example_dags/example_bash_decorator.py
[2025-04-05T11:23:48.778+0100] {processor.py:840} INFO - DAG(s) 'example_bash_decorator' retrieved from /Users/judeezeh/Desktop/Zoomcamp-project/venv/lib/python3.11/site-packages/airflow/example_dags/example_bash_decorator.py
[2025-04-05T11:23:48.866+0100] {logging_mixin.py:188} INFO - [2025-04-05T11:23:48.866+0100] {dag.py:3096} INFO - Sync 1 DAGs
[2025-04-05T11:23:48.869+0100] {logging_mixin.py:188} INFO - [2025-04-05T11:23:48.869+0100] {dag.py:3954} INFO - Setting next_dagrun for example_bash_decorator to None, run_after=None
[2025-04-05T11:23:48.876+0100] {processor.py:183} INFO - Processing /Users/judeezeh/Desktop/Zoomcamp-project/venv/lib/python3.11/site-packages/airflow/example_dags/example_bash_decorator.py took 0.115 seconds
[2025-04-05T11:25:30.038+0100] {processor.py:161} INFO - Started process (PID=17646) to work on /Users/judeezeh/Desktop/Zoomcamp-project/venv/lib/python3.11/site-packages/airflow/example_dags/example_bash_decorator.py
[2025-04-05T11:25:30.039+0100] {processor.py:830} INFO - Processing file /Users/judeezeh/Desktop/Zoomcamp-project/venv/lib/python3.11/site-packages/airflow/example_dags/example_bash_decorator.py for tasks to queue
[2025-04-05T11:25:30.039+0100] {logging_mixin.py:188} INFO - [2025-04-05T11:25:30.039+0100] {dagbag.py:540} INFO - Filling up the DagBag from /Users/judeezeh/Desktop/Zoomcamp-project/venv/lib/python3.11/site-packages/airflow/example_dags/example_bash_decorator.py
[2025-04-05T11:25:30.056+0100] {processor.py:840} INFO - DAG(s) 'example_bash_decorator' retrieved from /Users/judeezeh/Desktop/Zoomcamp-project/venv/lib/python3.11/site-packages/airflow/example_dags/example_bash_decorator.py
[2025-04-05T11:25:30.148+0100] {logging_mixin.py:188} INFO - [2025-04-05T11:25:30.148+0100] {dag.py:3096} INFO - Sync 1 DAGs
[2025-04-05T11:25:30.151+0100] {logging_mixin.py:188} INFO - [2025-04-05T11:25:30.151+0100] {dag.py:3954} INFO - Setting next_dagrun for example_bash_decorator to None, run_after=None
[2025-04-05T11:25:30.157+0100] {processor.py:183} INFO - Processing /Users/judeezeh/Desktop/Zoomcamp-project/venv/lib/python3.11/site-packages/airflow/example_dags/example_bash_decorator.py took 0.121 seconds
[2025-04-05T11:27:07.559+0100] {processor.py:161} INFO - Started process (PID=17797) to work on /Users/judeezeh/Desktop/Zoomcamp-project/venv/lib/python3.11/site-packages/airflow/example_dags/example_bash_decorator.py
[2025-04-05T11:27:07.560+0100] {processor.py:830} INFO - Processing file /Users/judeezeh/Desktop/Zoomcamp-project/venv/lib/python3.11/site-packages/airflow/example_dags/example_bash_decorator.py for tasks to queue
[2025-04-05T11:27:07.560+0100] {logging_mixin.py:188} INFO - [2025-04-05T11:27:07.560+0100] {dagbag.py:540} INFO - Filling up the DagBag from /Users/judeezeh/Desktop/Zoomcamp-project/venv/lib/python3.11/site-packages/airflow/example_dags/example_bash_decorator.py
[2025-04-05T11:27:07.574+0100] {processor.py:840} INFO - DAG(s) 'example_bash_decorator' retrieved from /Users/judeezeh/Desktop/Zoomcamp-project/venv/lib/python3.11/site-packages/airflow/example_dags/example_bash_decorator.py
[2025-04-05T11:27:07.654+0100] {logging_mixin.py:188} INFO - [2025-04-05T11:27:07.654+0100] {dag.py:3096} INFO - Sync 1 DAGs
[2025-04-05T11:27:07.658+0100] {logging_mixin.py:188} INFO - [2025-04-05T11:27:07.657+0100] {dag.py:3954} INFO - Setting next_dagrun for example_bash_decorator to None, run_after=None
[2025-04-05T11:27:07.664+0100] {processor.py:183} INFO - Processing /Users/judeezeh/Desktop/Zoomcamp-project/venv/lib/python3.11/site-packages/airflow/example_dags/example_bash_decorator.py took 0.106 seconds
[2025-04-05T11:28:58.819+0100] {processor.py:161} INFO - Started process (PID=17951) to work on /Users/judeezeh/Desktop/Zoomcamp-project/venv/lib/python3.11/site-packages/airflow/example_dags/example_bash_decorator.py
[2025-04-05T11:28:58.820+0100] {processor.py:830} INFO - Processing file /Users/judeezeh/Desktop/Zoomcamp-project/venv/lib/python3.11/site-packages/airflow/example_dags/example_bash_decorator.py for tasks to queue
[2025-04-05T11:28:58.820+0100] {logging_mixin.py:188} INFO - [2025-04-05T11:28:58.820+0100] {dagbag.py:540} INFO - Filling up the DagBag from /Users/judeezeh/Desktop/Zoomcamp-project/venv/lib/python3.11/site-packages/airflow/example_dags/example_bash_decorator.py
[2025-04-05T11:28:58.834+0100] {processor.py:840} INFO - DAG(s) 'example_bash_decorator' retrieved from /Users/judeezeh/Desktop/Zoomcamp-project/venv/lib/python3.11/site-packages/airflow/example_dags/example_bash_decorator.py
[2025-04-05T11:28:58.924+0100] {logging_mixin.py:188} INFO - [2025-04-05T11:28:58.923+0100] {dag.py:3096} INFO - Sync 1 DAGs
[2025-04-05T11:28:58.927+0100] {logging_mixin.py:188} INFO - [2025-04-05T11:28:58.926+0100] {dag.py:3954} INFO - Setting next_dagrun for example_bash_decorator to None, run_after=None
[2025-04-05T11:28:58.933+0100] {processor.py:183} INFO - Processing /Users/judeezeh/Desktop/Zoomcamp-project/venv/lib/python3.11/site-packages/airflow/example_dags/example_bash_decorator.py took 0.115 seconds
[2025-04-05T11:30:48.677+0100] {processor.py:161} INFO - Started process (PID=18105) to work on /Users/judeezeh/Desktop/Zoomcamp-project/venv/lib/python3.11/site-packages/airflow/example_dags/example_bash_decorator.py
[2025-04-05T11:30:48.678+0100] {processor.py:830} INFO - Processing file /Users/judeezeh/Desktop/Zoomcamp-project/venv/lib/python3.11/site-packages/airflow/example_dags/example_bash_decorator.py for tasks to queue
[2025-04-05T11:30:48.678+0100] {logging_mixin.py:188} INFO - [2025-04-05T11:30:48.678+0100] {dagbag.py:540} INFO - Filling up the DagBag from /Users/judeezeh/Desktop/Zoomcamp-project/venv/lib/python3.11/site-packages/airflow/example_dags/example_bash_decorator.py
[2025-04-05T11:30:48.693+0100] {processor.py:840} INFO - DAG(s) 'example_bash_decorator' retrieved from /Users/judeezeh/Desktop/Zoomcamp-project/venv/lib/python3.11/site-packages/airflow/example_dags/example_bash_decorator.py
[2025-04-05T11:30:48.771+0100] {logging_mixin.py:188} INFO - [2025-04-05T11:30:48.771+0100] {dag.py:3096} INFO - Sync 1 DAGs
[2025-04-05T11:30:48.774+0100] {logging_mixin.py:188} INFO - [2025-04-05T11:30:48.774+0100] {dag.py:3954} INFO - Setting next_dagrun for example_bash_decorator to None, run_after=None
[2025-04-05T11:30:48.781+0100] {processor.py:183} INFO - Processing /Users/judeezeh/Desktop/Zoomcamp-project/venv/lib/python3.11/site-packages/airflow/example_dags/example_bash_decorator.py took 0.106 seconds
[2025-04-05T11:32:26.310+0100] {processor.py:161} INFO - Started process (PID=18253) to work on /Users/judeezeh/Desktop/Zoomcamp-project/venv/lib/python3.11/site-packages/airflow/example_dags/example_bash_decorator.py
[2025-04-05T11:32:26.311+0100] {processor.py:830} INFO - Processing file /Users/judeezeh/Desktop/Zoomcamp-project/venv/lib/python3.11/site-packages/airflow/example_dags/example_bash_decorator.py for tasks to queue
[2025-04-05T11:32:26.311+0100] {logging_mixin.py:188} INFO - [2025-04-05T11:32:26.311+0100] {dagbag.py:540} INFO - Filling up the DagBag from /Users/judeezeh/Desktop/Zoomcamp-project/venv/lib/python3.11/site-packages/airflow/example_dags/example_bash_decorator.py
[2025-04-05T11:32:26.325+0100] {processor.py:840} INFO - DAG(s) 'example_bash_decorator' retrieved from /Users/judeezeh/Desktop/Zoomcamp-project/venv/lib/python3.11/site-packages/airflow/example_dags/example_bash_decorator.py
[2025-04-05T11:32:26.415+0100] {logging_mixin.py:188} INFO - [2025-04-05T11:32:26.415+0100] {dag.py:3096} INFO - Sync 1 DAGs
[2025-04-05T11:32:26.418+0100] {logging_mixin.py:188} INFO - [2025-04-05T11:32:26.418+0100] {dag.py:3954} INFO - Setting next_dagrun for example_bash_decorator to None, run_after=None
[2025-04-05T11:32:26.425+0100] {processor.py:183} INFO - Processing /Users/judeezeh/Desktop/Zoomcamp-project/venv/lib/python3.11/site-packages/airflow/example_dags/example_bash_decorator.py took 0.116 seconds
[2025-04-05T11:34:12.496+0100] {processor.py:161} INFO - Started process (PID=18403) to work on /Users/judeezeh/Desktop/Zoomcamp-project/venv/lib/python3.11/site-packages/airflow/example_dags/example_bash_decorator.py
[2025-04-05T11:34:12.497+0100] {processor.py:830} INFO - Processing file /Users/judeezeh/Desktop/Zoomcamp-project/venv/lib/python3.11/site-packages/airflow/example_dags/example_bash_decorator.py for tasks to queue
[2025-04-05T11:34:12.497+0100] {logging_mixin.py:188} INFO - [2025-04-05T11:34:12.497+0100] {dagbag.py:540} INFO - Filling up the DagBag from /Users/judeezeh/Desktop/Zoomcamp-project/venv/lib/python3.11/site-packages/airflow/example_dags/example_bash_decorator.py
[2025-04-05T11:34:12.510+0100] {processor.py:840} INFO - DAG(s) 'example_bash_decorator' retrieved from /Users/judeezeh/Desktop/Zoomcamp-project/venv/lib/python3.11/site-packages/airflow/example_dags/example_bash_decorator.py
[2025-04-05T11:34:12.601+0100] {logging_mixin.py:188} INFO - [2025-04-05T11:34:12.601+0100] {dag.py:3096} INFO - Sync 1 DAGs
[2025-04-05T11:34:12.604+0100] {logging_mixin.py:188} INFO - [2025-04-05T11:34:12.604+0100] {dag.py:3954} INFO - Setting next_dagrun for example_bash_decorator to None, run_after=None
[2025-04-05T11:34:12.610+0100] {processor.py:183} INFO - Processing /Users/judeezeh/Desktop/Zoomcamp-project/venv/lib/python3.11/site-packages/airflow/example_dags/example_bash_decorator.py took 0.116 seconds
[2025-04-05T11:35:46.907+0100] {processor.py:161} INFO - Started process (PID=18536) to work on /Users/judeezeh/Desktop/Zoomcamp-project/venv/lib/python3.11/site-packages/airflow/example_dags/example_bash_decorator.py
[2025-04-05T11:35:46.907+0100] {processor.py:830} INFO - Processing file /Users/judeezeh/Desktop/Zoomcamp-project/venv/lib/python3.11/site-packages/airflow/example_dags/example_bash_decorator.py for tasks to queue
[2025-04-05T11:35:46.907+0100] {logging_mixin.py:188} INFO - [2025-04-05T11:35:46.907+0100] {dagbag.py:540} INFO - Filling up the DagBag from /Users/judeezeh/Desktop/Zoomcamp-project/venv/lib/python3.11/site-packages/airflow/example_dags/example_bash_decorator.py
[2025-04-05T11:35:46.921+0100] {processor.py:840} INFO - DAG(s) 'example_bash_decorator' retrieved from /Users/judeezeh/Desktop/Zoomcamp-project/venv/lib/python3.11/site-packages/airflow/example_dags/example_bash_decorator.py
[2025-04-05T11:35:46.999+0100] {logging_mixin.py:188} INFO - [2025-04-05T11:35:46.999+0100] {dag.py:3096} INFO - Sync 1 DAGs
[2025-04-05T11:35:47.002+0100] {logging_mixin.py:188} INFO - [2025-04-05T11:35:47.002+0100] {dag.py:3954} INFO - Setting next_dagrun for example_bash_decorator to None, run_after=None
[2025-04-05T11:35:47.009+0100] {processor.py:183} INFO - Processing /Users/judeezeh/Desktop/Zoomcamp-project/venv/lib/python3.11/site-packages/airflow/example_dags/example_bash_decorator.py took 0.103 seconds
[2025-04-05T11:37:33.891+0100] {processor.py:161} INFO - Started process (PID=18703) to work on /Users/judeezeh/Desktop/Zoomcamp-project/venv/lib/python3.11/site-packages/airflow/example_dags/example_bash_decorator.py
[2025-04-05T11:37:33.892+0100] {processor.py:830} INFO - Processing file /Users/judeezeh/Desktop/Zoomcamp-project/venv/lib/python3.11/site-packages/airflow/example_dags/example_bash_decorator.py for tasks to queue
[2025-04-05T11:37:33.892+0100] {logging_mixin.py:188} INFO - [2025-04-05T11:37:33.892+0100] {dagbag.py:540} INFO - Filling up the DagBag from /Users/judeezeh/Desktop/Zoomcamp-project/venv/lib/python3.11/site-packages/airflow/example_dags/example_bash_decorator.py
[2025-04-05T11:37:33.905+0100] {processor.py:840} INFO - DAG(s) 'example_bash_decorator' retrieved from /Users/judeezeh/Desktop/Zoomcamp-project/venv/lib/python3.11/site-packages/airflow/example_dags/example_bash_decorator.py
[2025-04-05T11:37:33.981+0100] {logging_mixin.py:188} INFO - [2025-04-05T11:37:33.981+0100] {dag.py:3096} INFO - Sync 1 DAGs
[2025-04-05T11:37:33.984+0100] {logging_mixin.py:188} INFO - [2025-04-05T11:37:33.984+0100] {dag.py:3954} INFO - Setting next_dagrun for example_bash_decorator to None, run_after=None
[2025-04-05T11:37:33.991+0100] {processor.py:183} INFO - Processing /Users/judeezeh/Desktop/Zoomcamp-project/venv/lib/python3.11/site-packages/airflow/example_dags/example_bash_decorator.py took 0.101 seconds
[2025-04-05T11:39:34.279+0100] {processor.py:161} INFO - Started process (PID=18886) to work on /Users/judeezeh/Desktop/Zoomcamp-project/venv/lib/python3.11/site-packages/airflow/example_dags/example_bash_decorator.py
[2025-04-05T11:39:34.280+0100] {processor.py:830} INFO - Processing file /Users/judeezeh/Desktop/Zoomcamp-project/venv/lib/python3.11/site-packages/airflow/example_dags/example_bash_decorator.py for tasks to queue
[2025-04-05T11:39:34.280+0100] {logging_mixin.py:188} INFO - [2025-04-05T11:39:34.280+0100] {dagbag.py:540} INFO - Filling up the DagBag from /Users/judeezeh/Desktop/Zoomcamp-project/venv/lib/python3.11/site-packages/airflow/example_dags/example_bash_decorator.py
[2025-04-05T11:39:34.293+0100] {processor.py:840} INFO - DAG(s) 'example_bash_decorator' retrieved from /Users/judeezeh/Desktop/Zoomcamp-project/venv/lib/python3.11/site-packages/airflow/example_dags/example_bash_decorator.py
[2025-04-05T11:39:34.368+0100] {logging_mixin.py:188} INFO - [2025-04-05T11:39:34.368+0100] {dag.py:3096} INFO - Sync 1 DAGs
[2025-04-05T11:39:34.371+0100] {logging_mixin.py:188} INFO - [2025-04-05T11:39:34.371+0100] {dag.py:3954} INFO - Setting next_dagrun for example_bash_decorator to None, run_after=None
[2025-04-05T11:39:34.378+0100] {processor.py:183} INFO - Processing /Users/judeezeh/Desktop/Zoomcamp-project/venv/lib/python3.11/site-packages/airflow/example_dags/example_bash_decorator.py took 0.100 seconds
[2025-04-05T11:41:12.699+0100] {processor.py:161} INFO - Started process (PID=19075) to work on /Users/judeezeh/Desktop/Zoomcamp-project/venv/lib/python3.11/site-packages/airflow/example_dags/example_bash_decorator.py
[2025-04-05T11:41:12.700+0100] {processor.py:830} INFO - Processing file /Users/judeezeh/Desktop/Zoomcamp-project/venv/lib/python3.11/site-packages/airflow/example_dags/example_bash_decorator.py for tasks to queue
[2025-04-05T11:41:12.700+0100] {logging_mixin.py:188} INFO - [2025-04-05T11:41:12.700+0100] {dagbag.py:540} INFO - Filling up the DagBag from /Users/judeezeh/Desktop/Zoomcamp-project/venv/lib/python3.11/site-packages/airflow/example_dags/example_bash_decorator.py
[2025-04-05T11:41:12.714+0100] {processor.py:840} INFO - DAG(s) 'example_bash_decorator' retrieved from /Users/judeezeh/Desktop/Zoomcamp-project/venv/lib/python3.11/site-packages/airflow/example_dags/example_bash_decorator.py
[2025-04-05T11:41:12.792+0100] {logging_mixin.py:188} INFO - [2025-04-05T11:41:12.792+0100] {dag.py:3096} INFO - Sync 1 DAGs
[2025-04-05T11:41:12.795+0100] {logging_mixin.py:188} INFO - [2025-04-05T11:41:12.795+0100] {dag.py:3954} INFO - Setting next_dagrun for example_bash_decorator to None, run_after=None
[2025-04-05T11:41:12.802+0100] {processor.py:183} INFO - Processing /Users/judeezeh/Desktop/Zoomcamp-project/venv/lib/python3.11/site-packages/airflow/example_dags/example_bash_decorator.py took 0.104 seconds
