[2025-04-05T11:15:52.541+0100] {processor.py:161} INFO - Started process (PID=16759) to work on /Users/judeezeh/Desktop/Zoomcamp-project/venv/lib/python3.11/site-packages/airflow/example_dags/example_dynamic_task_mapping.py
[2025-04-05T11:15:52.541+0100] {processor.py:830} INFO - Processing file /Users/judeezeh/Desktop/Zoomcamp-project/venv/lib/python3.11/site-packages/airflow/example_dags/example_dynamic_task_mapping.py for tasks to queue
[2025-04-05T11:15:52.542+0100] {logging_mixin.py:188} INFO - [2025-04-05T11:15:52.542+0100] {dagbag.py:540} INFO - Filling up the DagBag from /Users/judeezeh/Desktop/Zoomcamp-project/venv/lib/python3.11/site-packages/airflow/example_dags/example_dynamic_task_mapping.py
[2025-04-05T11:15:52.553+0100] {processor.py:840} INFO - DAG(s) 'example_dynamic_task_mapping' retrieved from /Users/judeezeh/Desktop/Zoomcamp-project/venv/lib/python3.11/site-packages/airflow/example_dags/example_dynamic_task_mapping.py
[2025-04-05T11:15:52.629+0100] {logging_mixin.py:188} INFO - [2025-04-05T11:15:52.629+0100] {override.py:1930} INFO - Created Permission View: can delete on DAG:example_dynamic_task_mapping
[2025-04-05T11:15:52.632+0100] {logging_mixin.py:188} INFO - [2025-04-05T11:15:52.632+0100] {override.py:1930} INFO - Created Permission View: can read on DAG:example_dynamic_task_mapping
[2025-04-05T11:15:52.634+0100] {logging_mixin.py:188} INFO - [2025-04-05T11:15:52.634+0100] {override.py:1930} INFO - Created Permission View: can edit on DAG:example_dynamic_task_mapping
[2025-04-05T11:15:52.634+0100] {logging_mixin.py:188} INFO - [2025-04-05T11:15:52.634+0100] {dag.py:3096} INFO - Sync 1 DAGs
[2025-04-05T11:15:52.637+0100] {logging_mixin.py:188} INFO - [2025-04-05T11:15:52.637+0100] {dag.py:3118} INFO - Creating ORM DAG for example_dynamic_task_mapping
[2025-04-05T11:15:52.640+0100] {logging_mixin.py:188} INFO - [2025-04-05T11:15:52.640+0100] {dag.py:3954} INFO - Setting next_dagrun for example_dynamic_task_mapping to 2022-03-04T00:00:00+00:00, run_after=2022-03-05T00:00:00+00:00
[2025-04-05T11:15:52.645+0100] {processor.py:183} INFO - Processing /Users/judeezeh/Desktop/Zoomcamp-project/venv/lib/python3.11/site-packages/airflow/example_dags/example_dynamic_task_mapping.py took 0.105 seconds
[2025-04-05T11:17:27.050+0100] {processor.py:161} INFO - Started process (PID=16916) to work on /Users/judeezeh/Desktop/Zoomcamp-project/venv/lib/python3.11/site-packages/airflow/example_dags/example_dynamic_task_mapping.py
[2025-04-05T11:17:27.051+0100] {processor.py:830} INFO - Processing file /Users/judeezeh/Desktop/Zoomcamp-project/venv/lib/python3.11/site-packages/airflow/example_dags/example_dynamic_task_mapping.py for tasks to queue
[2025-04-05T11:17:27.051+0100] {logging_mixin.py:188} INFO - [2025-04-05T11:17:27.051+0100] {dagbag.py:540} INFO - Filling up the DagBag from /Users/judeezeh/Desktop/Zoomcamp-project/venv/lib/python3.11/site-packages/airflow/example_dags/example_dynamic_task_mapping.py
[2025-04-05T11:17:27.064+0100] {processor.py:840} INFO - DAG(s) 'example_dynamic_task_mapping' retrieved from /Users/judeezeh/Desktop/Zoomcamp-project/venv/lib/python3.11/site-packages/airflow/example_dags/example_dynamic_task_mapping.py
[2025-04-05T11:17:27.094+0100] {logging_mixin.py:188} INFO - [2025-04-05T11:17:27.094+0100] {dag.py:3096} INFO - Sync 1 DAGs
[2025-04-05T11:17:27.100+0100] {logging_mixin.py:188} INFO - [2025-04-05T11:17:27.100+0100] {dag.py:3954} INFO - Setting next_dagrun for example_dynamic_task_mapping to 2022-03-04T00:00:00+00:00, run_after=2022-03-05T00:00:00+00:00
[2025-04-05T11:17:27.107+0100] {processor.py:183} INFO - Processing /Users/judeezeh/Desktop/Zoomcamp-project/venv/lib/python3.11/site-packages/airflow/example_dags/example_dynamic_task_mapping.py took 0.058 seconds
[2025-04-05T11:19:54.121+0100] {processor.py:161} INFO - Started process (PID=17172) to work on /Users/judeezeh/Desktop/Zoomcamp-project/venv/lib/python3.11/site-packages/airflow/example_dags/example_dynamic_task_mapping.py
[2025-04-05T11:19:54.121+0100] {processor.py:830} INFO - Processing file /Users/judeezeh/Desktop/Zoomcamp-project/venv/lib/python3.11/site-packages/airflow/example_dags/example_dynamic_task_mapping.py for tasks to queue
[2025-04-05T11:19:54.121+0100] {logging_mixin.py:188} INFO - [2025-04-05T11:19:54.121+0100] {dagbag.py:540} INFO - Filling up the DagBag from /Users/judeezeh/Desktop/Zoomcamp-project/venv/lib/python3.11/site-packages/airflow/example_dags/example_dynamic_task_mapping.py
[2025-04-05T11:19:54.133+0100] {processor.py:840} INFO - DAG(s) 'example_dynamic_task_mapping' retrieved from /Users/judeezeh/Desktop/Zoomcamp-project/venv/lib/python3.11/site-packages/airflow/example_dags/example_dynamic_task_mapping.py
[2025-04-05T11:19:54.162+0100] {logging_mixin.py:188} INFO - [2025-04-05T11:19:54.162+0100] {dag.py:3096} INFO - Sync 1 DAGs
[2025-04-05T11:19:54.167+0100] {logging_mixin.py:188} INFO - [2025-04-05T11:19:54.167+0100] {dag.py:3954} INFO - Setting next_dagrun for example_dynamic_task_mapping to 2022-03-04T00:00:00+00:00, run_after=2022-03-05T00:00:00+00:00
[2025-04-05T11:19:54.173+0100] {processor.py:183} INFO - Processing /Users/judeezeh/Desktop/Zoomcamp-project/venv/lib/python3.11/site-packages/airflow/example_dags/example_dynamic_task_mapping.py took 0.054 seconds
[2025-04-05T11:21:49.793+0100] {processor.py:161} INFO - Started process (PID=17337) to work on /Users/judeezeh/Desktop/Zoomcamp-project/venv/lib/python3.11/site-packages/airflow/example_dags/example_dynamic_task_mapping.py
[2025-04-05T11:21:49.794+0100] {processor.py:830} INFO - Processing file /Users/judeezeh/Desktop/Zoomcamp-project/venv/lib/python3.11/site-packages/airflow/example_dags/example_dynamic_task_mapping.py for tasks to queue
[2025-04-05T11:21:49.794+0100] {logging_mixin.py:188} INFO - [2025-04-05T11:21:49.794+0100] {dagbag.py:540} INFO - Filling up the DagBag from /Users/judeezeh/Desktop/Zoomcamp-project/venv/lib/python3.11/site-packages/airflow/example_dags/example_dynamic_task_mapping.py
[2025-04-05T11:21:49.806+0100] {processor.py:840} INFO - DAG(s) 'example_dynamic_task_mapping' retrieved from /Users/judeezeh/Desktop/Zoomcamp-project/venv/lib/python3.11/site-packages/airflow/example_dags/example_dynamic_task_mapping.py
[2025-04-05T11:21:49.835+0100] {logging_mixin.py:188} INFO - [2025-04-05T11:21:49.835+0100] {dag.py:3096} INFO - Sync 1 DAGs
[2025-04-05T11:21:49.839+0100] {logging_mixin.py:188} INFO - [2025-04-05T11:21:49.839+0100] {dag.py:3954} INFO - Setting next_dagrun for example_dynamic_task_mapping to 2022-03-04T00:00:00+00:00, run_after=2022-03-05T00:00:00+00:00
[2025-04-05T11:21:49.846+0100] {processor.py:183} INFO - Processing /Users/judeezeh/Desktop/Zoomcamp-project/venv/lib/python3.11/site-packages/airflow/example_dags/example_dynamic_task_mapping.py took 0.054 seconds
[2025-04-05T11:23:29.741+0100] {processor.py:161} INFO - Started process (PID=17483) to work on /Users/judeezeh/Desktop/Zoomcamp-project/venv/lib/python3.11/site-packages/airflow/example_dags/example_dynamic_task_mapping.py
[2025-04-05T11:23:29.742+0100] {processor.py:830} INFO - Processing file /Users/judeezeh/Desktop/Zoomcamp-project/venv/lib/python3.11/site-packages/airflow/example_dags/example_dynamic_task_mapping.py for tasks to queue
[2025-04-05T11:23:29.742+0100] {logging_mixin.py:188} INFO - [2025-04-05T11:23:29.742+0100] {dagbag.py:540} INFO - Filling up the DagBag from /Users/judeezeh/Desktop/Zoomcamp-project/venv/lib/python3.11/site-packages/airflow/example_dags/example_dynamic_task_mapping.py
[2025-04-05T11:23:29.753+0100] {processor.py:840} INFO - DAG(s) 'example_dynamic_task_mapping' retrieved from /Users/judeezeh/Desktop/Zoomcamp-project/venv/lib/python3.11/site-packages/airflow/example_dags/example_dynamic_task_mapping.py
[2025-04-05T11:23:29.782+0100] {logging_mixin.py:188} INFO - [2025-04-05T11:23:29.782+0100] {dag.py:3096} INFO - Sync 1 DAGs
[2025-04-05T11:23:29.787+0100] {logging_mixin.py:188} INFO - [2025-04-05T11:23:29.787+0100] {dag.py:3954} INFO - Setting next_dagrun for example_dynamic_task_mapping to 2022-03-04T00:00:00+00:00, run_after=2022-03-05T00:00:00+00:00
[2025-04-05T11:23:29.793+0100] {processor.py:183} INFO - Processing /Users/judeezeh/Desktop/Zoomcamp-project/venv/lib/python3.11/site-packages/airflow/example_dags/example_dynamic_task_mapping.py took 0.053 seconds
[2025-04-05T11:25:11.942+0100] {processor.py:161} INFO - Started process (PID=17620) to work on /Users/judeezeh/Desktop/Zoomcamp-project/venv/lib/python3.11/site-packages/airflow/example_dags/example_dynamic_task_mapping.py
[2025-04-05T11:25:11.943+0100] {processor.py:830} INFO - Processing file /Users/judeezeh/Desktop/Zoomcamp-project/venv/lib/python3.11/site-packages/airflow/example_dags/example_dynamic_task_mapping.py for tasks to queue
[2025-04-05T11:25:11.943+0100] {logging_mixin.py:188} INFO - [2025-04-05T11:25:11.943+0100] {dagbag.py:540} INFO - Filling up the DagBag from /Users/judeezeh/Desktop/Zoomcamp-project/venv/lib/python3.11/site-packages/airflow/example_dags/example_dynamic_task_mapping.py
[2025-04-05T11:25:11.954+0100] {processor.py:840} INFO - DAG(s) 'example_dynamic_task_mapping' retrieved from /Users/judeezeh/Desktop/Zoomcamp-project/venv/lib/python3.11/site-packages/airflow/example_dags/example_dynamic_task_mapping.py
[2025-04-05T11:25:11.982+0100] {logging_mixin.py:188} INFO - [2025-04-05T11:25:11.982+0100] {dag.py:3096} INFO - Sync 1 DAGs
[2025-04-05T11:25:11.987+0100] {logging_mixin.py:188} INFO - [2025-04-05T11:25:11.987+0100] {dag.py:3954} INFO - Setting next_dagrun for example_dynamic_task_mapping to 2022-03-04T00:00:00+00:00, run_after=2022-03-05T00:00:00+00:00
[2025-04-05T11:25:11.993+0100] {processor.py:183} INFO - Processing /Users/judeezeh/Desktop/Zoomcamp-project/venv/lib/python3.11/site-packages/airflow/example_dags/example_dynamic_task_mapping.py took 0.051 seconds
[2025-04-05T11:26:48.410+0100] {processor.py:161} INFO - Started process (PID=17770) to work on /Users/judeezeh/Desktop/Zoomcamp-project/venv/lib/python3.11/site-packages/airflow/example_dags/example_dynamic_task_mapping.py
[2025-04-05T11:26:48.411+0100] {processor.py:830} INFO - Processing file /Users/judeezeh/Desktop/Zoomcamp-project/venv/lib/python3.11/site-packages/airflow/example_dags/example_dynamic_task_mapping.py for tasks to queue
[2025-04-05T11:26:48.411+0100] {logging_mixin.py:188} INFO - [2025-04-05T11:26:48.411+0100] {dagbag.py:540} INFO - Filling up the DagBag from /Users/judeezeh/Desktop/Zoomcamp-project/venv/lib/python3.11/site-packages/airflow/example_dags/example_dynamic_task_mapping.py
[2025-04-05T11:26:48.422+0100] {processor.py:840} INFO - DAG(s) 'example_dynamic_task_mapping' retrieved from /Users/judeezeh/Desktop/Zoomcamp-project/venv/lib/python3.11/site-packages/airflow/example_dags/example_dynamic_task_mapping.py
[2025-04-05T11:26:48.450+0100] {logging_mixin.py:188} INFO - [2025-04-05T11:26:48.450+0100] {dag.py:3096} INFO - Sync 1 DAGs
[2025-04-05T11:26:48.456+0100] {logging_mixin.py:188} INFO - [2025-04-05T11:26:48.456+0100] {dag.py:3954} INFO - Setting next_dagrun for example_dynamic_task_mapping to 2022-03-04T00:00:00+00:00, run_after=2022-03-05T00:00:00+00:00
[2025-04-05T11:26:48.463+0100] {processor.py:183} INFO - Processing /Users/judeezeh/Desktop/Zoomcamp-project/venv/lib/python3.11/site-packages/airflow/example_dags/example_dynamic_task_mapping.py took 0.053 seconds
[2025-04-05T11:28:39.366+0100] {processor.py:161} INFO - Started process (PID=17926) to work on /Users/judeezeh/Desktop/Zoomcamp-project/venv/lib/python3.11/site-packages/airflow/example_dags/example_dynamic_task_mapping.py
[2025-04-05T11:28:39.366+0100] {processor.py:830} INFO - Processing file /Users/judeezeh/Desktop/Zoomcamp-project/venv/lib/python3.11/site-packages/airflow/example_dags/example_dynamic_task_mapping.py for tasks to queue
[2025-04-05T11:28:39.366+0100] {logging_mixin.py:188} INFO - [2025-04-05T11:28:39.366+0100] {dagbag.py:540} INFO - Filling up the DagBag from /Users/judeezeh/Desktop/Zoomcamp-project/venv/lib/python3.11/site-packages/airflow/example_dags/example_dynamic_task_mapping.py
[2025-04-05T11:28:39.378+0100] {processor.py:840} INFO - DAG(s) 'example_dynamic_task_mapping' retrieved from /Users/judeezeh/Desktop/Zoomcamp-project/venv/lib/python3.11/site-packages/airflow/example_dags/example_dynamic_task_mapping.py
[2025-04-05T11:28:39.407+0100] {logging_mixin.py:188} INFO - [2025-04-05T11:28:39.407+0100] {dag.py:3096} INFO - Sync 1 DAGs
[2025-04-05T11:28:39.411+0100] {logging_mixin.py:188} INFO - [2025-04-05T11:28:39.411+0100] {dag.py:3954} INFO - Setting next_dagrun for example_dynamic_task_mapping to 2022-03-04T00:00:00+00:00, run_after=2022-03-05T00:00:00+00:00
[2025-04-05T11:28:39.418+0100] {processor.py:183} INFO - Processing /Users/judeezeh/Desktop/Zoomcamp-project/venv/lib/python3.11/site-packages/airflow/example_dags/example_dynamic_task_mapping.py took 0.053 seconds
[2025-04-05T11:30:29.560+0100] {processor.py:161} INFO - Started process (PID=18073) to work on /Users/judeezeh/Desktop/Zoomcamp-project/venv/lib/python3.11/site-packages/airflow/example_dags/example_dynamic_task_mapping.py
[2025-04-05T11:30:29.560+0100] {processor.py:830} INFO - Processing file /Users/judeezeh/Desktop/Zoomcamp-project/venv/lib/python3.11/site-packages/airflow/example_dags/example_dynamic_task_mapping.py for tasks to queue
[2025-04-05T11:30:29.560+0100] {logging_mixin.py:188} INFO - [2025-04-05T11:30:29.560+0100] {dagbag.py:540} INFO - Filling up the DagBag from /Users/judeezeh/Desktop/Zoomcamp-project/venv/lib/python3.11/site-packages/airflow/example_dags/example_dynamic_task_mapping.py
[2025-04-05T11:30:29.572+0100] {processor.py:840} INFO - DAG(s) 'example_dynamic_task_mapping' retrieved from /Users/judeezeh/Desktop/Zoomcamp-project/venv/lib/python3.11/site-packages/airflow/example_dags/example_dynamic_task_mapping.py
[2025-04-05T11:30:29.601+0100] {logging_mixin.py:188} INFO - [2025-04-05T11:30:29.601+0100] {dag.py:3096} INFO - Sync 1 DAGs
[2025-04-05T11:30:29.606+0100] {logging_mixin.py:188} INFO - [2025-04-05T11:30:29.606+0100] {dag.py:3954} INFO - Setting next_dagrun for example_dynamic_task_mapping to 2022-03-04T00:00:00+00:00, run_after=2022-03-05T00:00:00+00:00
[2025-04-05T11:30:29.612+0100] {processor.py:183} INFO - Processing /Users/judeezeh/Desktop/Zoomcamp-project/venv/lib/python3.11/site-packages/airflow/example_dags/example_dynamic_task_mapping.py took 0.054 seconds
[2025-04-05T11:32:05.835+0100] {processor.py:161} INFO - Started process (PID=18223) to work on /Users/judeezeh/Desktop/Zoomcamp-project/venv/lib/python3.11/site-packages/airflow/example_dags/example_dynamic_task_mapping.py
[2025-04-05T11:32:05.836+0100] {processor.py:830} INFO - Processing file /Users/judeezeh/Desktop/Zoomcamp-project/venv/lib/python3.11/site-packages/airflow/example_dags/example_dynamic_task_mapping.py for tasks to queue
[2025-04-05T11:32:05.836+0100] {logging_mixin.py:188} INFO - [2025-04-05T11:32:05.836+0100] {dagbag.py:540} INFO - Filling up the DagBag from /Users/judeezeh/Desktop/Zoomcamp-project/venv/lib/python3.11/site-packages/airflow/example_dags/example_dynamic_task_mapping.py
[2025-04-05T11:32:05.847+0100] {processor.py:840} INFO - DAG(s) 'example_dynamic_task_mapping' retrieved from /Users/judeezeh/Desktop/Zoomcamp-project/venv/lib/python3.11/site-packages/airflow/example_dags/example_dynamic_task_mapping.py
[2025-04-05T11:32:05.875+0100] {logging_mixin.py:188} INFO - [2025-04-05T11:32:05.875+0100] {dag.py:3096} INFO - Sync 1 DAGs
[2025-04-05T11:32:05.880+0100] {logging_mixin.py:188} INFO - [2025-04-05T11:32:05.880+0100] {dag.py:3954} INFO - Setting next_dagrun for example_dynamic_task_mapping to 2022-03-04T00:00:00+00:00, run_after=2022-03-05T00:00:00+00:00
[2025-04-05T11:32:05.886+0100] {processor.py:183} INFO - Processing /Users/judeezeh/Desktop/Zoomcamp-project/venv/lib/python3.11/site-packages/airflow/example_dags/example_dynamic_task_mapping.py took 0.052 seconds
[2025-04-05T11:33:53.305+0100] {processor.py:161} INFO - Started process (PID=18373) to work on /Users/judeezeh/Desktop/Zoomcamp-project/venv/lib/python3.11/site-packages/airflow/example_dags/example_dynamic_task_mapping.py
[2025-04-05T11:33:53.305+0100] {processor.py:830} INFO - Processing file /Users/judeezeh/Desktop/Zoomcamp-project/venv/lib/python3.11/site-packages/airflow/example_dags/example_dynamic_task_mapping.py for tasks to queue
[2025-04-05T11:33:53.305+0100] {logging_mixin.py:188} INFO - [2025-04-05T11:33:53.305+0100] {dagbag.py:540} INFO - Filling up the DagBag from /Users/judeezeh/Desktop/Zoomcamp-project/venv/lib/python3.11/site-packages/airflow/example_dags/example_dynamic_task_mapping.py
[2025-04-05T11:33:53.317+0100] {processor.py:840} INFO - DAG(s) 'example_dynamic_task_mapping' retrieved from /Users/judeezeh/Desktop/Zoomcamp-project/venv/lib/python3.11/site-packages/airflow/example_dags/example_dynamic_task_mapping.py
[2025-04-05T11:33:53.345+0100] {logging_mixin.py:188} INFO - [2025-04-05T11:33:53.345+0100] {dag.py:3096} INFO - Sync 1 DAGs
[2025-04-05T11:33:53.350+0100] {logging_mixin.py:188} INFO - [2025-04-05T11:33:53.350+0100] {dag.py:3954} INFO - Setting next_dagrun for example_dynamic_task_mapping to 2022-03-04T00:00:00+00:00, run_after=2022-03-05T00:00:00+00:00
[2025-04-05T11:33:53.356+0100] {processor.py:183} INFO - Processing /Users/judeezeh/Desktop/Zoomcamp-project/venv/lib/python3.11/site-packages/airflow/example_dags/example_dynamic_task_mapping.py took 0.052 seconds
[2025-04-05T11:35:26.635+0100] {processor.py:161} INFO - Started process (PID=18510) to work on /Users/judeezeh/Desktop/Zoomcamp-project/venv/lib/python3.11/site-packages/airflow/example_dags/example_dynamic_task_mapping.py
[2025-04-05T11:35:26.635+0100] {processor.py:830} INFO - Processing file /Users/judeezeh/Desktop/Zoomcamp-project/venv/lib/python3.11/site-packages/airflow/example_dags/example_dynamic_task_mapping.py for tasks to queue
[2025-04-05T11:35:26.636+0100] {logging_mixin.py:188} INFO - [2025-04-05T11:35:26.636+0100] {dagbag.py:540} INFO - Filling up the DagBag from /Users/judeezeh/Desktop/Zoomcamp-project/venv/lib/python3.11/site-packages/airflow/example_dags/example_dynamic_task_mapping.py
[2025-04-05T11:35:26.647+0100] {processor.py:840} INFO - DAG(s) 'example_dynamic_task_mapping' retrieved from /Users/judeezeh/Desktop/Zoomcamp-project/venv/lib/python3.11/site-packages/airflow/example_dags/example_dynamic_task_mapping.py
[2025-04-05T11:35:26.675+0100] {logging_mixin.py:188} INFO - [2025-04-05T11:35:26.675+0100] {dag.py:3096} INFO - Sync 1 DAGs
[2025-04-05T11:35:26.679+0100] {logging_mixin.py:188} INFO - [2025-04-05T11:35:26.679+0100] {dag.py:3954} INFO - Setting next_dagrun for example_dynamic_task_mapping to 2022-03-04T00:00:00+00:00, run_after=2022-03-05T00:00:00+00:00
[2025-04-05T11:35:26.685+0100] {processor.py:183} INFO - Processing /Users/judeezeh/Desktop/Zoomcamp-project/venv/lib/python3.11/site-packages/airflow/example_dags/example_dynamic_task_mapping.py took 0.052 seconds
[2025-04-05T11:37:14.928+0100] {processor.py:161} INFO - Started process (PID=18676) to work on /Users/judeezeh/Desktop/Zoomcamp-project/venv/lib/python3.11/site-packages/airflow/example_dags/example_dynamic_task_mapping.py
[2025-04-05T11:37:14.928+0100] {processor.py:830} INFO - Processing file /Users/judeezeh/Desktop/Zoomcamp-project/venv/lib/python3.11/site-packages/airflow/example_dags/example_dynamic_task_mapping.py for tasks to queue
[2025-04-05T11:37:14.928+0100] {logging_mixin.py:188} INFO - [2025-04-05T11:37:14.928+0100] {dagbag.py:540} INFO - Filling up the DagBag from /Users/judeezeh/Desktop/Zoomcamp-project/venv/lib/python3.11/site-packages/airflow/example_dags/example_dynamic_task_mapping.py
[2025-04-05T11:37:14.940+0100] {processor.py:840} INFO - DAG(s) 'example_dynamic_task_mapping' retrieved from /Users/judeezeh/Desktop/Zoomcamp-project/venv/lib/python3.11/site-packages/airflow/example_dags/example_dynamic_task_mapping.py
[2025-04-05T11:37:14.968+0100] {logging_mixin.py:188} INFO - [2025-04-05T11:37:14.967+0100] {dag.py:3096} INFO - Sync 1 DAGs
[2025-04-05T11:37:14.972+0100] {logging_mixin.py:188} INFO - [2025-04-05T11:37:14.972+0100] {dag.py:3954} INFO - Setting next_dagrun for example_dynamic_task_mapping to 2022-03-04T00:00:00+00:00, run_after=2022-03-05T00:00:00+00:00
[2025-04-05T11:37:14.978+0100] {processor.py:183} INFO - Processing /Users/judeezeh/Desktop/Zoomcamp-project/venv/lib/python3.11/site-packages/airflow/example_dags/example_dynamic_task_mapping.py took 0.051 seconds
[2025-04-05T11:39:14.104+0100] {processor.py:161} INFO - Started process (PID=18859) to work on /Users/judeezeh/Desktop/Zoomcamp-project/venv/lib/python3.11/site-packages/airflow/example_dags/example_dynamic_task_mapping.py
[2025-04-05T11:39:14.105+0100] {processor.py:830} INFO - Processing file /Users/judeezeh/Desktop/Zoomcamp-project/venv/lib/python3.11/site-packages/airflow/example_dags/example_dynamic_task_mapping.py for tasks to queue
[2025-04-05T11:39:14.105+0100] {logging_mixin.py:188} INFO - [2025-04-05T11:39:14.105+0100] {dagbag.py:540} INFO - Filling up the DagBag from /Users/judeezeh/Desktop/Zoomcamp-project/venv/lib/python3.11/site-packages/airflow/example_dags/example_dynamic_task_mapping.py
[2025-04-05T11:39:14.117+0100] {processor.py:840} INFO - DAG(s) 'example_dynamic_task_mapping' retrieved from /Users/judeezeh/Desktop/Zoomcamp-project/venv/lib/python3.11/site-packages/airflow/example_dags/example_dynamic_task_mapping.py
[2025-04-05T11:39:14.145+0100] {logging_mixin.py:188} INFO - [2025-04-05T11:39:14.145+0100] {dag.py:3096} INFO - Sync 1 DAGs
[2025-04-05T11:39:14.150+0100] {logging_mixin.py:188} INFO - [2025-04-05T11:39:14.150+0100] {dag.py:3954} INFO - Setting next_dagrun for example_dynamic_task_mapping to 2022-03-04T00:00:00+00:00, run_after=2022-03-05T00:00:00+00:00
[2025-04-05T11:39:14.156+0100] {processor.py:183} INFO - Processing /Users/judeezeh/Desktop/Zoomcamp-project/venv/lib/python3.11/site-packages/airflow/example_dags/example_dynamic_task_mapping.py took 0.053 seconds
[2025-04-05T11:40:54.573+0100] {processor.py:161} INFO - Started process (PID=19049) to work on /Users/judeezeh/Desktop/Zoomcamp-project/venv/lib/python3.11/site-packages/airflow/example_dags/example_dynamic_task_mapping.py
[2025-04-05T11:40:54.574+0100] {processor.py:830} INFO - Processing file /Users/judeezeh/Desktop/Zoomcamp-project/venv/lib/python3.11/site-packages/airflow/example_dags/example_dynamic_task_mapping.py for tasks to queue
[2025-04-05T11:40:54.574+0100] {logging_mixin.py:188} INFO - [2025-04-05T11:40:54.574+0100] {dagbag.py:540} INFO - Filling up the DagBag from /Users/judeezeh/Desktop/Zoomcamp-project/venv/lib/python3.11/site-packages/airflow/example_dags/example_dynamic_task_mapping.py
[2025-04-05T11:40:54.585+0100] {processor.py:840} INFO - DAG(s) 'example_dynamic_task_mapping' retrieved from /Users/judeezeh/Desktop/Zoomcamp-project/venv/lib/python3.11/site-packages/airflow/example_dags/example_dynamic_task_mapping.py
[2025-04-05T11:40:54.613+0100] {logging_mixin.py:188} INFO - [2025-04-05T11:40:54.613+0100] {dag.py:3096} INFO - Sync 1 DAGs
[2025-04-05T11:40:54.618+0100] {logging_mixin.py:188} INFO - [2025-04-05T11:40:54.618+0100] {dag.py:3954} INFO - Setting next_dagrun for example_dynamic_task_mapping to 2022-03-04T00:00:00+00:00, run_after=2022-03-05T00:00:00+00:00
[2025-04-05T11:40:54.624+0100] {processor.py:183} INFO - Processing /Users/judeezeh/Desktop/Zoomcamp-project/venv/lib/python3.11/site-packages/airflow/example_dags/example_dynamic_task_mapping.py took 0.052 seconds
[2025-04-05T11:42:25.236+0100] {processor.py:161} INFO - Started process (PID=19185) to work on /Users/judeezeh/Desktop/Zoomcamp-project/venv/lib/python3.11/site-packages/airflow/example_dags/example_dynamic_task_mapping.py
[2025-04-05T11:42:25.237+0100] {processor.py:830} INFO - Processing file /Users/judeezeh/Desktop/Zoomcamp-project/venv/lib/python3.11/site-packages/airflow/example_dags/example_dynamic_task_mapping.py for tasks to queue
[2025-04-05T11:42:25.237+0100] {logging_mixin.py:188} INFO - [2025-04-05T11:42:25.237+0100] {dagbag.py:540} INFO - Filling up the DagBag from /Users/judeezeh/Desktop/Zoomcamp-project/venv/lib/python3.11/site-packages/airflow/example_dags/example_dynamic_task_mapping.py
[2025-04-05T11:42:25.248+0100] {processor.py:840} INFO - DAG(s) 'example_dynamic_task_mapping' retrieved from /Users/judeezeh/Desktop/Zoomcamp-project/venv/lib/python3.11/site-packages/airflow/example_dags/example_dynamic_task_mapping.py
[2025-04-05T11:42:25.276+0100] {logging_mixin.py:188} INFO - [2025-04-05T11:42:25.276+0100] {dag.py:3096} INFO - Sync 1 DAGs
[2025-04-05T11:42:25.281+0100] {logging_mixin.py:188} INFO - [2025-04-05T11:42:25.281+0100] {dag.py:3954} INFO - Setting next_dagrun for example_dynamic_task_mapping to 2022-03-04T00:00:00+00:00, run_after=2022-03-05T00:00:00+00:00
[2025-04-05T11:42:25.287+0100] {processor.py:183} INFO - Processing /Users/judeezeh/Desktop/Zoomcamp-project/venv/lib/python3.11/site-packages/airflow/example_dags/example_dynamic_task_mapping.py took 0.052 seconds
