[2025-04-05T11:15:21.617+0100] {processor.py:161} INFO - Started process (PID=16721) to work on /Users/judeezeh/Desktop/Zoomcamp-project/venv/lib/python3.11/site-packages/airflow/example_dags/example_short_circuit_operator.py
[2025-04-05T11:15:21.617+0100] {processor.py:830} INFO - Processing file /Users/judeezeh/Desktop/Zoomcamp-project/venv/lib/python3.11/site-packages/airflow/example_dags/example_short_circuit_operator.py for tasks to queue
[2025-04-05T11:15:21.617+0100] {logging_mixin.py:188} INFO - [2025-04-05T11:15:21.617+0100] {dagbag.py:540} INFO - Filling up the DagBag from /Users/judeezeh/Desktop/Zoomcamp-project/venv/lib/python3.11/site-packages/airflow/example_dags/example_short_circuit_operator.py
[2025-04-05T11:15:21.626+0100] {processor.py:840} INFO - DAG(s) 'example_short_circuit_operator' retrieved from /Users/judeezeh/Desktop/Zoomcamp-project/venv/lib/python3.11/site-packages/airflow/example_dags/example_short_circuit_operator.py
[2025-04-05T11:15:21.702+0100] {logging_mixin.py:188} INFO - [2025-04-05T11:15:21.702+0100] {override.py:1930} INFO - Created Permission View: can delete on DAG:example_short_circuit_operator
[2025-04-05T11:15:21.705+0100] {logging_mixin.py:188} INFO - [2025-04-05T11:15:21.705+0100] {override.py:1930} INFO - Created Permission View: can read on DAG:example_short_circuit_operator
[2025-04-05T11:15:21.706+0100] {logging_mixin.py:188} INFO - [2025-04-05T11:15:21.706+0100] {override.py:1930} INFO - Created Permission View: can edit on DAG:example_short_circuit_operator
[2025-04-05T11:15:21.706+0100] {logging_mixin.py:188} INFO - [2025-04-05T11:15:21.706+0100] {dag.py:3096} INFO - Sync 1 DAGs
[2025-04-05T11:15:21.709+0100] {logging_mixin.py:188} INFO - [2025-04-05T11:15:21.709+0100] {dag.py:3118} INFO - Creating ORM DAG for example_short_circuit_operator
[2025-04-05T11:15:21.711+0100] {logging_mixin.py:188} INFO - [2025-04-05T11:15:21.711+0100] {dag.py:3954} INFO - Setting next_dagrun for example_short_circuit_operator to 2025-04-04T00:00:00+00:00, run_after=2025-04-05T00:00:00+00:00
[2025-04-05T11:15:21.717+0100] {processor.py:183} INFO - Processing /Users/judeezeh/Desktop/Zoomcamp-project/venv/lib/python3.11/site-packages/airflow/example_dags/example_short_circuit_operator.py took 0.101 seconds
[2025-04-05T11:16:44.724+0100] {processor.py:161} INFO - Started process (PID=16853) to work on /Users/judeezeh/Desktop/Zoomcamp-project/venv/lib/python3.11/site-packages/airflow/example_dags/example_short_circuit_operator.py
[2025-04-05T11:16:44.725+0100] {processor.py:830} INFO - Processing file /Users/judeezeh/Desktop/Zoomcamp-project/venv/lib/python3.11/site-packages/airflow/example_dags/example_short_circuit_operator.py for tasks to queue
[2025-04-05T11:16:44.725+0100] {logging_mixin.py:188} INFO - [2025-04-05T11:16:44.725+0100] {dagbag.py:540} INFO - Filling up the DagBag from /Users/judeezeh/Desktop/Zoomcamp-project/venv/lib/python3.11/site-packages/airflow/example_dags/example_short_circuit_operator.py
[2025-04-05T11:16:44.734+0100] {processor.py:840} INFO - DAG(s) 'example_short_circuit_operator' retrieved from /Users/judeezeh/Desktop/Zoomcamp-project/venv/lib/python3.11/site-packages/airflow/example_dags/example_short_circuit_operator.py
[2025-04-05T11:16:44.762+0100] {logging_mixin.py:188} INFO - [2025-04-05T11:16:44.762+0100] {dag.py:3096} INFO - Sync 1 DAGs
[2025-04-05T11:16:44.767+0100] {logging_mixin.py:188} INFO - [2025-04-05T11:16:44.767+0100] {dag.py:3954} INFO - Setting next_dagrun for example_short_circuit_operator to 2025-04-04T00:00:00+00:00, run_after=2025-04-05T00:00:00+00:00
[2025-04-05T11:16:44.774+0100] {processor.py:183} INFO - Processing /Users/judeezeh/Desktop/Zoomcamp-project/venv/lib/python3.11/site-packages/airflow/example_dags/example_short_circuit_operator.py took 0.050 seconds
[2025-04-05T11:18:12.468+0100] {processor.py:161} INFO - Started process (PID=16982) to work on /Users/judeezeh/Desktop/Zoomcamp-project/venv/lib/python3.11/site-packages/airflow/example_dags/example_short_circuit_operator.py
[2025-04-05T11:18:12.468+0100] {processor.py:830} INFO - Processing file /Users/judeezeh/Desktop/Zoomcamp-project/venv/lib/python3.11/site-packages/airflow/example_dags/example_short_circuit_operator.py for tasks to queue
[2025-04-05T11:18:12.469+0100] {logging_mixin.py:188} INFO - [2025-04-05T11:18:12.468+0100] {dagbag.py:540} INFO - Filling up the DagBag from /Users/judeezeh/Desktop/Zoomcamp-project/venv/lib/python3.11/site-packages/airflow/example_dags/example_short_circuit_operator.py
[2025-04-05T11:18:12.478+0100] {processor.py:840} INFO - DAG(s) 'example_short_circuit_operator' retrieved from /Users/judeezeh/Desktop/Zoomcamp-project/venv/lib/python3.11/site-packages/airflow/example_dags/example_short_circuit_operator.py
[2025-04-05T11:18:12.507+0100] {logging_mixin.py:188} INFO - [2025-04-05T11:18:12.506+0100] {dag.py:3096} INFO - Sync 1 DAGs
[2025-04-05T11:18:12.515+0100] {logging_mixin.py:188} INFO - [2025-04-05T11:18:12.515+0100] {dag.py:3954} INFO - Setting next_dagrun for example_short_circuit_operator to 2025-04-04T00:00:00+00:00, run_after=2025-04-05T00:00:00+00:00
[2025-04-05T11:18:12.521+0100] {processor.py:183} INFO - Processing /Users/judeezeh/Desktop/Zoomcamp-project/venv/lib/python3.11/site-packages/airflow/example_dags/example_short_circuit_operator.py took 0.054 seconds
[2025-04-05T11:19:25.916+0100] {processor.py:161} INFO - Started process (PID=17123) to work on /Users/judeezeh/Desktop/Zoomcamp-project/venv/lib/python3.11/site-packages/airflow/example_dags/example_short_circuit_operator.py
[2025-04-05T11:19:25.916+0100] {processor.py:830} INFO - Processing file /Users/judeezeh/Desktop/Zoomcamp-project/venv/lib/python3.11/site-packages/airflow/example_dags/example_short_circuit_operator.py for tasks to queue
[2025-04-05T11:19:25.916+0100] {logging_mixin.py:188} INFO - [2025-04-05T11:19:25.916+0100] {dagbag.py:540} INFO - Filling up the DagBag from /Users/judeezeh/Desktop/Zoomcamp-project/venv/lib/python3.11/site-packages/airflow/example_dags/example_short_circuit_operator.py
[2025-04-05T11:19:25.925+0100] {processor.py:840} INFO - DAG(s) 'example_short_circuit_operator' retrieved from /Users/judeezeh/Desktop/Zoomcamp-project/venv/lib/python3.11/site-packages/airflow/example_dags/example_short_circuit_operator.py
[2025-04-05T11:19:25.954+0100] {logging_mixin.py:188} INFO - [2025-04-05T11:19:25.954+0100] {dag.py:3096} INFO - Sync 1 DAGs
[2025-04-05T11:19:25.959+0100] {logging_mixin.py:188} INFO - [2025-04-05T11:19:25.959+0100] {dag.py:3954} INFO - Setting next_dagrun for example_short_circuit_operator to 2025-04-04T00:00:00+00:00, run_after=2025-04-05T00:00:00+00:00
[2025-04-05T11:19:25.965+0100] {processor.py:183} INFO - Processing /Users/judeezeh/Desktop/Zoomcamp-project/venv/lib/python3.11/site-packages/airflow/example_dags/example_short_circuit_operator.py took 0.051 seconds
[2025-04-05T11:20:50.839+0100] {processor.py:161} INFO - Started process (PID=17254) to work on /Users/judeezeh/Desktop/Zoomcamp-project/venv/lib/python3.11/site-packages/airflow/example_dags/example_short_circuit_operator.py
[2025-04-05T11:20:50.840+0100] {processor.py:830} INFO - Processing file /Users/judeezeh/Desktop/Zoomcamp-project/venv/lib/python3.11/site-packages/airflow/example_dags/example_short_circuit_operator.py for tasks to queue
[2025-04-05T11:20:50.841+0100] {logging_mixin.py:188} INFO - [2025-04-05T11:20:50.841+0100] {dagbag.py:540} INFO - Filling up the DagBag from /Users/judeezeh/Desktop/Zoomcamp-project/venv/lib/python3.11/site-packages/airflow/example_dags/example_short_circuit_operator.py
[2025-04-05T11:20:50.850+0100] {processor.py:840} INFO - DAG(s) 'example_short_circuit_operator' retrieved from /Users/judeezeh/Desktop/Zoomcamp-project/venv/lib/python3.11/site-packages/airflow/example_dags/example_short_circuit_operator.py
[2025-04-05T11:20:50.880+0100] {logging_mixin.py:188} INFO - [2025-04-05T11:20:50.880+0100] {dag.py:3096} INFO - Sync 1 DAGs
[2025-04-05T11:20:50.885+0100] {logging_mixin.py:188} INFO - [2025-04-05T11:20:50.885+0100] {dag.py:3954} INFO - Setting next_dagrun for example_short_circuit_operator to 2025-04-04T00:00:00+00:00, run_after=2025-04-05T00:00:00+00:00
[2025-04-05T11:20:50.892+0100] {processor.py:183} INFO - Processing /Users/judeezeh/Desktop/Zoomcamp-project/venv/lib/python3.11/site-packages/airflow/example_dags/example_short_circuit_operator.py took 0.054 seconds
[2025-04-05T11:22:42.749+0100] {processor.py:161} INFO - Started process (PID=17411) to work on /Users/judeezeh/Desktop/Zoomcamp-project/venv/lib/python3.11/site-packages/airflow/example_dags/example_short_circuit_operator.py
[2025-04-05T11:22:42.751+0100] {processor.py:830} INFO - Processing file /Users/judeezeh/Desktop/Zoomcamp-project/venv/lib/python3.11/site-packages/airflow/example_dags/example_short_circuit_operator.py for tasks to queue
[2025-04-05T11:22:42.751+0100] {logging_mixin.py:188} INFO - [2025-04-05T11:22:42.751+0100] {dagbag.py:540} INFO - Filling up the DagBag from /Users/judeezeh/Desktop/Zoomcamp-project/venv/lib/python3.11/site-packages/airflow/example_dags/example_short_circuit_operator.py
[2025-04-05T11:22:42.760+0100] {processor.py:840} INFO - DAG(s) 'example_short_circuit_operator' retrieved from /Users/judeezeh/Desktop/Zoomcamp-project/venv/lib/python3.11/site-packages/airflow/example_dags/example_short_circuit_operator.py
[2025-04-05T11:22:42.789+0100] {logging_mixin.py:188} INFO - [2025-04-05T11:22:42.789+0100] {dag.py:3096} INFO - Sync 1 DAGs
[2025-04-05T11:22:42.794+0100] {logging_mixin.py:188} INFO - [2025-04-05T11:22:42.794+0100] {dag.py:3954} INFO - Setting next_dagrun for example_short_circuit_operator to 2025-04-04T00:00:00+00:00, run_after=2025-04-05T00:00:00+00:00
[2025-04-05T11:22:42.800+0100] {processor.py:183} INFO - Processing /Users/judeezeh/Desktop/Zoomcamp-project/venv/lib/python3.11/site-packages/airflow/example_dags/example_short_circuit_operator.py took 0.052 seconds
[2025-04-05T11:24:17.926+0100] {processor.py:161} INFO - Started process (PID=17548) to work on /Users/judeezeh/Desktop/Zoomcamp-project/venv/lib/python3.11/site-packages/airflow/example_dags/example_short_circuit_operator.py
[2025-04-05T11:24:17.927+0100] {processor.py:830} INFO - Processing file /Users/judeezeh/Desktop/Zoomcamp-project/venv/lib/python3.11/site-packages/airflow/example_dags/example_short_circuit_operator.py for tasks to queue
[2025-04-05T11:24:17.927+0100] {logging_mixin.py:188} INFO - [2025-04-05T11:24:17.927+0100] {dagbag.py:540} INFO - Filling up the DagBag from /Users/judeezeh/Desktop/Zoomcamp-project/venv/lib/python3.11/site-packages/airflow/example_dags/example_short_circuit_operator.py
[2025-04-05T11:24:17.936+0100] {processor.py:840} INFO - DAG(s) 'example_short_circuit_operator' retrieved from /Users/judeezeh/Desktop/Zoomcamp-project/venv/lib/python3.11/site-packages/airflow/example_dags/example_short_circuit_operator.py
[2025-04-05T11:24:17.965+0100] {logging_mixin.py:188} INFO - [2025-04-05T11:24:17.965+0100] {dag.py:3096} INFO - Sync 1 DAGs
[2025-04-05T11:24:17.970+0100] {logging_mixin.py:188} INFO - [2025-04-05T11:24:17.970+0100] {dag.py:3954} INFO - Setting next_dagrun for example_short_circuit_operator to 2025-04-04T00:00:00+00:00, run_after=2025-04-05T00:00:00+00:00
[2025-04-05T11:24:17.976+0100] {processor.py:183} INFO - Processing /Users/judeezeh/Desktop/Zoomcamp-project/venv/lib/python3.11/site-packages/airflow/example_dags/example_short_circuit_operator.py took 0.051 seconds
[2025-04-05T11:25:57.490+0100] {processor.py:161} INFO - Started process (PID=17683) to work on /Users/judeezeh/Desktop/Zoomcamp-project/venv/lib/python3.11/site-packages/airflow/example_dags/example_short_circuit_operator.py
[2025-04-05T11:25:57.492+0100] {processor.py:830} INFO - Processing file /Users/judeezeh/Desktop/Zoomcamp-project/venv/lib/python3.11/site-packages/airflow/example_dags/example_short_circuit_operator.py for tasks to queue
[2025-04-05T11:25:57.492+0100] {logging_mixin.py:188} INFO - [2025-04-05T11:25:57.492+0100] {dagbag.py:540} INFO - Filling up the DagBag from /Users/judeezeh/Desktop/Zoomcamp-project/venv/lib/python3.11/site-packages/airflow/example_dags/example_short_circuit_operator.py
[2025-04-05T11:25:57.500+0100] {processor.py:840} INFO - DAG(s) 'example_short_circuit_operator' retrieved from /Users/judeezeh/Desktop/Zoomcamp-project/venv/lib/python3.11/site-packages/airflow/example_dags/example_short_circuit_operator.py
[2025-04-05T11:25:57.529+0100] {logging_mixin.py:188} INFO - [2025-04-05T11:25:57.528+0100] {dag.py:3096} INFO - Sync 1 DAGs
[2025-04-05T11:25:57.534+0100] {logging_mixin.py:188} INFO - [2025-04-05T11:25:57.533+0100] {dag.py:3954} INFO - Setting next_dagrun for example_short_circuit_operator to 2025-04-04T00:00:00+00:00, run_after=2025-04-05T00:00:00+00:00
[2025-04-05T11:25:57.540+0100] {processor.py:183} INFO - Processing /Users/judeezeh/Desktop/Zoomcamp-project/venv/lib/python3.11/site-packages/airflow/example_dags/example_short_circuit_operator.py took 0.050 seconds
[2025-04-05T11:27:41.298+0100] {processor.py:161} INFO - Started process (PID=17839) to work on /Users/judeezeh/Desktop/Zoomcamp-project/venv/lib/python3.11/site-packages/airflow/example_dags/example_short_circuit_operator.py
[2025-04-05T11:27:41.299+0100] {processor.py:830} INFO - Processing file /Users/judeezeh/Desktop/Zoomcamp-project/venv/lib/python3.11/site-packages/airflow/example_dags/example_short_circuit_operator.py for tasks to queue
[2025-04-05T11:27:41.299+0100] {logging_mixin.py:188} INFO - [2025-04-05T11:27:41.299+0100] {dagbag.py:540} INFO - Filling up the DagBag from /Users/judeezeh/Desktop/Zoomcamp-project/venv/lib/python3.11/site-packages/airflow/example_dags/example_short_circuit_operator.py
[2025-04-05T11:27:41.308+0100] {processor.py:840} INFO - DAG(s) 'example_short_circuit_operator' retrieved from /Users/judeezeh/Desktop/Zoomcamp-project/venv/lib/python3.11/site-packages/airflow/example_dags/example_short_circuit_operator.py
[2025-04-05T11:27:41.336+0100] {logging_mixin.py:188} INFO - [2025-04-05T11:27:41.336+0100] {dag.py:3096} INFO - Sync 1 DAGs
[2025-04-05T11:27:41.341+0100] {logging_mixin.py:188} INFO - [2025-04-05T11:27:41.341+0100] {dag.py:3954} INFO - Setting next_dagrun for example_short_circuit_operator to 2025-04-04T00:00:00+00:00, run_after=2025-04-05T00:00:00+00:00
[2025-04-05T11:27:41.348+0100] {processor.py:183} INFO - Processing /Users/judeezeh/Desktop/Zoomcamp-project/venv/lib/python3.11/site-packages/airflow/example_dags/example_short_circuit_operator.py took 0.050 seconds
[2025-04-05T11:29:32.547+0100] {processor.py:161} INFO - Started process (PID=17995) to work on /Users/judeezeh/Desktop/Zoomcamp-project/venv/lib/python3.11/site-packages/airflow/example_dags/example_short_circuit_operator.py
[2025-04-05T11:29:32.548+0100] {processor.py:830} INFO - Processing file /Users/judeezeh/Desktop/Zoomcamp-project/venv/lib/python3.11/site-packages/airflow/example_dags/example_short_circuit_operator.py for tasks to queue
[2025-04-05T11:29:32.548+0100] {logging_mixin.py:188} INFO - [2025-04-05T11:29:32.548+0100] {dagbag.py:540} INFO - Filling up the DagBag from /Users/judeezeh/Desktop/Zoomcamp-project/venv/lib/python3.11/site-packages/airflow/example_dags/example_short_circuit_operator.py
[2025-04-05T11:29:32.557+0100] {processor.py:840} INFO - DAG(s) 'example_short_circuit_operator' retrieved from /Users/judeezeh/Desktop/Zoomcamp-project/venv/lib/python3.11/site-packages/airflow/example_dags/example_short_circuit_operator.py
[2025-04-05T11:29:32.586+0100] {logging_mixin.py:188} INFO - [2025-04-05T11:29:32.586+0100] {dag.py:3096} INFO - Sync 1 DAGs
[2025-04-05T11:29:32.591+0100] {logging_mixin.py:188} INFO - [2025-04-05T11:29:32.591+0100] {dag.py:3954} INFO - Setting next_dagrun for example_short_circuit_operator to 2025-04-04T00:00:00+00:00, run_after=2025-04-05T00:00:00+00:00
[2025-04-05T11:29:32.597+0100] {processor.py:183} INFO - Processing /Users/judeezeh/Desktop/Zoomcamp-project/venv/lib/python3.11/site-packages/airflow/example_dags/example_short_circuit_operator.py took 0.051 seconds
[2025-04-05T11:31:16.091+0100] {processor.py:161} INFO - Started process (PID=18145) to work on /Users/judeezeh/Desktop/Zoomcamp-project/venv/lib/python3.11/site-packages/airflow/example_dags/example_short_circuit_operator.py
[2025-04-05T11:31:16.092+0100] {processor.py:830} INFO - Processing file /Users/judeezeh/Desktop/Zoomcamp-project/venv/lib/python3.11/site-packages/airflow/example_dags/example_short_circuit_operator.py for tasks to queue
[2025-04-05T11:31:16.092+0100] {logging_mixin.py:188} INFO - [2025-04-05T11:31:16.092+0100] {dagbag.py:540} INFO - Filling up the DagBag from /Users/judeezeh/Desktop/Zoomcamp-project/venv/lib/python3.11/site-packages/airflow/example_dags/example_short_circuit_operator.py
[2025-04-05T11:31:16.102+0100] {processor.py:840} INFO - DAG(s) 'example_short_circuit_operator' retrieved from /Users/judeezeh/Desktop/Zoomcamp-project/venv/lib/python3.11/site-packages/airflow/example_dags/example_short_circuit_operator.py
[2025-04-05T11:31:16.131+0100] {logging_mixin.py:188} INFO - [2025-04-05T11:31:16.130+0100] {dag.py:3096} INFO - Sync 1 DAGs
[2025-04-05T11:31:16.136+0100] {logging_mixin.py:188} INFO - [2025-04-05T11:31:16.136+0100] {dag.py:3954} INFO - Setting next_dagrun for example_short_circuit_operator to 2025-04-04T00:00:00+00:00, run_after=2025-04-05T00:00:00+00:00
[2025-04-05T11:31:16.142+0100] {processor.py:183} INFO - Processing /Users/judeezeh/Desktop/Zoomcamp-project/venv/lib/python3.11/site-packages/airflow/example_dags/example_short_circuit_operator.py took 0.052 seconds
[2025-04-05T11:32:56.972+0100] {processor.py:161} INFO - Started process (PID=18297) to work on /Users/judeezeh/Desktop/Zoomcamp-project/venv/lib/python3.11/site-packages/airflow/example_dags/example_short_circuit_operator.py
[2025-04-05T11:32:56.973+0100] {processor.py:830} INFO - Processing file /Users/judeezeh/Desktop/Zoomcamp-project/venv/lib/python3.11/site-packages/airflow/example_dags/example_short_circuit_operator.py for tasks to queue
[2025-04-05T11:32:56.973+0100] {logging_mixin.py:188} INFO - [2025-04-05T11:32:56.973+0100] {dagbag.py:540} INFO - Filling up the DagBag from /Users/judeezeh/Desktop/Zoomcamp-project/venv/lib/python3.11/site-packages/airflow/example_dags/example_short_circuit_operator.py
[2025-04-05T11:32:56.982+0100] {processor.py:840} INFO - DAG(s) 'example_short_circuit_operator' retrieved from /Users/judeezeh/Desktop/Zoomcamp-project/venv/lib/python3.11/site-packages/airflow/example_dags/example_short_circuit_operator.py
[2025-04-05T11:32:57.011+0100] {logging_mixin.py:188} INFO - [2025-04-05T11:32:57.011+0100] {dag.py:3096} INFO - Sync 1 DAGs
[2025-04-05T11:32:57.016+0100] {logging_mixin.py:188} INFO - [2025-04-05T11:32:57.016+0100] {dag.py:3954} INFO - Setting next_dagrun for example_short_circuit_operator to 2025-04-04T00:00:00+00:00, run_after=2025-04-05T00:00:00+00:00
[2025-04-05T11:32:57.022+0100] {processor.py:183} INFO - Processing /Users/judeezeh/Desktop/Zoomcamp-project/venv/lib/python3.11/site-packages/airflow/example_dags/example_short_circuit_operator.py took 0.051 seconds
[2025-04-05T11:34:42.292+0100] {processor.py:161} INFO - Started process (PID=18446) to work on /Users/judeezeh/Desktop/Zoomcamp-project/venv/lib/python3.11/site-packages/airflow/example_dags/example_short_circuit_operator.py
[2025-04-05T11:34:42.293+0100] {processor.py:830} INFO - Processing file /Users/judeezeh/Desktop/Zoomcamp-project/venv/lib/python3.11/site-packages/airflow/example_dags/example_short_circuit_operator.py for tasks to queue
[2025-04-05T11:34:42.293+0100] {logging_mixin.py:188} INFO - [2025-04-05T11:34:42.293+0100] {dagbag.py:540} INFO - Filling up the DagBag from /Users/judeezeh/Desktop/Zoomcamp-project/venv/lib/python3.11/site-packages/airflow/example_dags/example_short_circuit_operator.py
[2025-04-05T11:34:42.302+0100] {processor.py:840} INFO - DAG(s) 'example_short_circuit_operator' retrieved from /Users/judeezeh/Desktop/Zoomcamp-project/venv/lib/python3.11/site-packages/airflow/example_dags/example_short_circuit_operator.py
[2025-04-05T11:34:42.330+0100] {logging_mixin.py:188} INFO - [2025-04-05T11:34:42.330+0100] {dag.py:3096} INFO - Sync 1 DAGs
[2025-04-05T11:34:42.335+0100] {logging_mixin.py:188} INFO - [2025-04-05T11:34:42.335+0100] {dag.py:3954} INFO - Setting next_dagrun for example_short_circuit_operator to 2025-04-04T00:00:00+00:00, run_after=2025-04-05T00:00:00+00:00
[2025-04-05T11:34:42.341+0100] {processor.py:183} INFO - Processing /Users/judeezeh/Desktop/Zoomcamp-project/venv/lib/python3.11/site-packages/airflow/example_dags/example_short_circuit_operator.py took 0.050 seconds
[2025-04-05T11:36:20.887+0100] {processor.py:161} INFO - Started process (PID=18583) to work on /Users/judeezeh/Desktop/Zoomcamp-project/venv/lib/python3.11/site-packages/airflow/example_dags/example_short_circuit_operator.py
[2025-04-05T11:36:20.888+0100] {processor.py:830} INFO - Processing file /Users/judeezeh/Desktop/Zoomcamp-project/venv/lib/python3.11/site-packages/airflow/example_dags/example_short_circuit_operator.py for tasks to queue
[2025-04-05T11:36:20.889+0100] {logging_mixin.py:188} INFO - [2025-04-05T11:36:20.889+0100] {dagbag.py:540} INFO - Filling up the DagBag from /Users/judeezeh/Desktop/Zoomcamp-project/venv/lib/python3.11/site-packages/airflow/example_dags/example_short_circuit_operator.py
[2025-04-05T11:36:20.898+0100] {processor.py:840} INFO - DAG(s) 'example_short_circuit_operator' retrieved from /Users/judeezeh/Desktop/Zoomcamp-project/venv/lib/python3.11/site-packages/airflow/example_dags/example_short_circuit_operator.py
[2025-04-05T11:36:20.926+0100] {logging_mixin.py:188} INFO - [2025-04-05T11:36:20.926+0100] {dag.py:3096} INFO - Sync 1 DAGs
[2025-04-05T11:36:20.932+0100] {logging_mixin.py:188} INFO - [2025-04-05T11:36:20.931+0100] {dag.py:3954} INFO - Setting next_dagrun for example_short_circuit_operator to 2025-04-04T00:00:00+00:00, run_after=2025-04-05T00:00:00+00:00
[2025-04-05T11:36:20.938+0100] {processor.py:183} INFO - Processing /Users/judeezeh/Desktop/Zoomcamp-project/venv/lib/python3.11/site-packages/airflow/example_dags/example_short_circuit_operator.py took 0.052 seconds
[2025-04-05T11:38:47.376+0100] {processor.py:161} INFO - Started process (PID=18815) to work on /Users/judeezeh/Desktop/Zoomcamp-project/venv/lib/python3.11/site-packages/airflow/example_dags/example_short_circuit_operator.py
[2025-04-05T11:38:47.376+0100] {processor.py:830} INFO - Processing file /Users/judeezeh/Desktop/Zoomcamp-project/venv/lib/python3.11/site-packages/airflow/example_dags/example_short_circuit_operator.py for tasks to queue
[2025-04-05T11:38:47.377+0100] {logging_mixin.py:188} INFO - [2025-04-05T11:38:47.376+0100] {dagbag.py:540} INFO - Filling up the DagBag from /Users/judeezeh/Desktop/Zoomcamp-project/venv/lib/python3.11/site-packages/airflow/example_dags/example_short_circuit_operator.py
[2025-04-05T11:38:47.385+0100] {processor.py:840} INFO - DAG(s) 'example_short_circuit_operator' retrieved from /Users/judeezeh/Desktop/Zoomcamp-project/venv/lib/python3.11/site-packages/airflow/example_dags/example_short_circuit_operator.py
[2025-04-05T11:38:47.413+0100] {logging_mixin.py:188} INFO - [2025-04-05T11:38:47.413+0100] {dag.py:3096} INFO - Sync 1 DAGs
[2025-04-05T11:38:47.418+0100] {logging_mixin.py:188} INFO - [2025-04-05T11:38:47.418+0100] {dag.py:3954} INFO - Setting next_dagrun for example_short_circuit_operator to 2025-04-04T00:00:00+00:00, run_after=2025-04-05T00:00:00+00:00
[2025-04-05T11:38:47.425+0100] {processor.py:183} INFO - Processing /Users/judeezeh/Desktop/Zoomcamp-project/venv/lib/python3.11/site-packages/airflow/example_dags/example_short_circuit_operator.py took 0.050 seconds
[2025-04-05T11:40:07.065+0100] {processor.py:161} INFO - Started process (PID=18943) to work on /Users/judeezeh/Desktop/Zoomcamp-project/venv/lib/python3.11/site-packages/airflow/example_dags/example_short_circuit_operator.py
[2025-04-05T11:40:07.065+0100] {processor.py:830} INFO - Processing file /Users/judeezeh/Desktop/Zoomcamp-project/venv/lib/python3.11/site-packages/airflow/example_dags/example_short_circuit_operator.py for tasks to queue
[2025-04-05T11:40:07.065+0100] {logging_mixin.py:188} INFO - [2025-04-05T11:40:07.065+0100] {dagbag.py:540} INFO - Filling up the DagBag from /Users/judeezeh/Desktop/Zoomcamp-project/venv/lib/python3.11/site-packages/airflow/example_dags/example_short_circuit_operator.py
[2025-04-05T11:40:07.074+0100] {processor.py:840} INFO - DAG(s) 'example_short_circuit_operator' retrieved from /Users/judeezeh/Desktop/Zoomcamp-project/venv/lib/python3.11/site-packages/airflow/example_dags/example_short_circuit_operator.py
[2025-04-05T11:40:07.102+0100] {logging_mixin.py:188} INFO - [2025-04-05T11:40:07.102+0100] {dag.py:3096} INFO - Sync 1 DAGs
[2025-04-05T11:40:07.107+0100] {logging_mixin.py:188} INFO - [2025-04-05T11:40:07.107+0100] {dag.py:3954} INFO - Setting next_dagrun for example_short_circuit_operator to 2025-04-04T00:00:00+00:00, run_after=2025-04-05T00:00:00+00:00
[2025-04-05T11:40:07.113+0100] {processor.py:183} INFO - Processing /Users/judeezeh/Desktop/Zoomcamp-project/venv/lib/python3.11/site-packages/airflow/example_dags/example_short_circuit_operator.py took 0.049 seconds
[2025-04-05T11:41:40.791+0100] {processor.py:161} INFO - Started process (PID=19118) to work on /Users/judeezeh/Desktop/Zoomcamp-project/venv/lib/python3.11/site-packages/airflow/example_dags/example_short_circuit_operator.py
[2025-04-05T11:41:40.793+0100] {processor.py:830} INFO - Processing file /Users/judeezeh/Desktop/Zoomcamp-project/venv/lib/python3.11/site-packages/airflow/example_dags/example_short_circuit_operator.py for tasks to queue
[2025-04-05T11:41:40.793+0100] {logging_mixin.py:188} INFO - [2025-04-05T11:41:40.793+0100] {dagbag.py:540} INFO - Filling up the DagBag from /Users/judeezeh/Desktop/Zoomcamp-project/venv/lib/python3.11/site-packages/airflow/example_dags/example_short_circuit_operator.py
[2025-04-05T11:41:40.802+0100] {processor.py:840} INFO - DAG(s) 'example_short_circuit_operator' retrieved from /Users/judeezeh/Desktop/Zoomcamp-project/venv/lib/python3.11/site-packages/airflow/example_dags/example_short_circuit_operator.py
[2025-04-05T11:41:40.830+0100] {logging_mixin.py:188} INFO - [2025-04-05T11:41:40.830+0100] {dag.py:3096} INFO - Sync 1 DAGs
[2025-04-05T11:41:40.835+0100] {logging_mixin.py:188} INFO - [2025-04-05T11:41:40.835+0100] {dag.py:3954} INFO - Setting next_dagrun for example_short_circuit_operator to 2025-04-04T00:00:00+00:00, run_after=2025-04-05T00:00:00+00:00
[2025-04-05T11:41:40.842+0100] {processor.py:183} INFO - Processing /Users/judeezeh/Desktop/Zoomcamp-project/venv/lib/python3.11/site-packages/airflow/example_dags/example_short_circuit_operator.py took 0.051 seconds
