[2025-04-05T11:15:09.105+0100] {processor.py:161} INFO - Started process (PID=16704) to work on /Users/judeezeh/Desktop/Zoomcamp-project/venv/lib/python3.11/site-packages/airflow/example_dags/example_trigger_target_dag.py
[2025-04-05T11:15:09.105+0100] {processor.py:830} INFO - Processing file /Users/judeezeh/Desktop/Zoomcamp-project/venv/lib/python3.11/site-packages/airflow/example_dags/example_trigger_target_dag.py for tasks to queue
[2025-04-05T11:15:09.105+0100] {logging_mixin.py:188} INFO - [2025-04-05T11:15:09.105+0100] {dagbag.py:540} INFO - Filling up the DagBag from /Users/judeezeh/Desktop/Zoomcamp-project/venv/lib/python3.11/site-packages/airflow/example_dags/example_trigger_target_dag.py
[2025-04-05T11:15:09.116+0100] {processor.py:840} INFO - DAG(s) 'example_trigger_target_dag' retrieved from /Users/judeezeh/Desktop/Zoomcamp-project/venv/lib/python3.11/site-packages/airflow/example_dags/example_trigger_target_dag.py
[2025-04-05T11:15:09.190+0100] {logging_mixin.py:188} INFO - [2025-04-05T11:15:09.190+0100] {override.py:1930} INFO - Created Permission View: can delete on DAG:example_trigger_target_dag
[2025-04-05T11:15:09.193+0100] {logging_mixin.py:188} INFO - [2025-04-05T11:15:09.193+0100] {override.py:1930} INFO - Created Permission View: can read on DAG:example_trigger_target_dag
[2025-04-05T11:15:09.194+0100] {logging_mixin.py:188} INFO - [2025-04-05T11:15:09.194+0100] {override.py:1930} INFO - Created Permission View: can edit on DAG:example_trigger_target_dag
[2025-04-05T11:15:09.195+0100] {logging_mixin.py:188} INFO - [2025-04-05T11:15:09.195+0100] {dag.py:3096} INFO - Sync 1 DAGs
[2025-04-05T11:15:09.197+0100] {logging_mixin.py:188} INFO - [2025-04-05T11:15:09.197+0100] {dag.py:3118} INFO - Creating ORM DAG for example_trigger_target_dag
[2025-04-05T11:15:09.198+0100] {logging_mixin.py:188} INFO - [2025-04-05T11:15:09.197+0100] {dag.py:3954} INFO - Setting next_dagrun for example_trigger_target_dag to None, run_after=None
[2025-04-05T11:15:09.203+0100] {processor.py:183} INFO - Processing /Users/judeezeh/Desktop/Zoomcamp-project/venv/lib/python3.11/site-packages/airflow/example_dags/example_trigger_target_dag.py took 0.099 seconds
[2025-04-05T11:16:33.335+0100] {processor.py:161} INFO - Started process (PID=16836) to work on /Users/judeezeh/Desktop/Zoomcamp-project/venv/lib/python3.11/site-packages/airflow/example_dags/example_trigger_target_dag.py
[2025-04-05T11:16:33.336+0100] {processor.py:830} INFO - Processing file /Users/judeezeh/Desktop/Zoomcamp-project/venv/lib/python3.11/site-packages/airflow/example_dags/example_trigger_target_dag.py for tasks to queue
[2025-04-05T11:16:33.337+0100] {logging_mixin.py:188} INFO - [2025-04-05T11:16:33.337+0100] {dagbag.py:540} INFO - Filling up the DagBag from /Users/judeezeh/Desktop/Zoomcamp-project/venv/lib/python3.11/site-packages/airflow/example_dags/example_trigger_target_dag.py
[2025-04-05T11:16:33.348+0100] {processor.py:840} INFO - DAG(s) 'example_trigger_target_dag' retrieved from /Users/judeezeh/Desktop/Zoomcamp-project/venv/lib/python3.11/site-packages/airflow/example_dags/example_trigger_target_dag.py
[2025-04-05T11:16:33.375+0100] {logging_mixin.py:188} INFO - [2025-04-05T11:16:33.375+0100] {dag.py:3096} INFO - Sync 1 DAGs
[2025-04-05T11:16:33.378+0100] {logging_mixin.py:188} INFO - [2025-04-05T11:16:33.378+0100] {dag.py:3954} INFO - Setting next_dagrun for example_trigger_target_dag to None, run_after=None
[2025-04-05T11:16:33.384+0100] {processor.py:183} INFO - Processing /Users/judeezeh/Desktop/Zoomcamp-project/venv/lib/python3.11/site-packages/airflow/example_dags/example_trigger_target_dag.py took 0.050 seconds
[2025-04-05T11:18:00.034+0100] {processor.py:161} INFO - Started process (PID=16964) to work on /Users/judeezeh/Desktop/Zoomcamp-project/venv/lib/python3.11/site-packages/airflow/example_dags/example_trigger_target_dag.py
[2025-04-05T11:18:00.034+0100] {processor.py:830} INFO - Processing file /Users/judeezeh/Desktop/Zoomcamp-project/venv/lib/python3.11/site-packages/airflow/example_dags/example_trigger_target_dag.py for tasks to queue
[2025-04-05T11:18:00.034+0100] {logging_mixin.py:188} INFO - [2025-04-05T11:18:00.034+0100] {dagbag.py:540} INFO - Filling up the DagBag from /Users/judeezeh/Desktop/Zoomcamp-project/venv/lib/python3.11/site-packages/airflow/example_dags/example_trigger_target_dag.py
[2025-04-05T11:18:00.046+0100] {processor.py:840} INFO - DAG(s) 'example_trigger_target_dag' retrieved from /Users/judeezeh/Desktop/Zoomcamp-project/venv/lib/python3.11/site-packages/airflow/example_dags/example_trigger_target_dag.py
[2025-04-05T11:18:00.074+0100] {logging_mixin.py:188} INFO - [2025-04-05T11:18:00.074+0100] {dag.py:3096} INFO - Sync 1 DAGs
[2025-04-05T11:18:00.077+0100] {logging_mixin.py:188} INFO - [2025-04-05T11:18:00.077+0100] {dag.py:3954} INFO - Setting next_dagrun for example_trigger_target_dag to None, run_after=None
[2025-04-05T11:18:00.084+0100] {processor.py:183} INFO - Processing /Users/judeezeh/Desktop/Zoomcamp-project/venv/lib/python3.11/site-packages/airflow/example_dags/example_trigger_target_dag.py took 0.052 seconds
[2025-04-05T11:19:14.016+0100] {processor.py:161} INFO - Started process (PID=17101) to work on /Users/judeezeh/Desktop/Zoomcamp-project/venv/lib/python3.11/site-packages/airflow/example_dags/example_trigger_target_dag.py
[2025-04-05T11:19:14.017+0100] {processor.py:830} INFO - Processing file /Users/judeezeh/Desktop/Zoomcamp-project/venv/lib/python3.11/site-packages/airflow/example_dags/example_trigger_target_dag.py for tasks to queue
[2025-04-05T11:19:14.017+0100] {logging_mixin.py:188} INFO - [2025-04-05T11:19:14.017+0100] {dagbag.py:540} INFO - Filling up the DagBag from /Users/judeezeh/Desktop/Zoomcamp-project/venv/lib/python3.11/site-packages/airflow/example_dags/example_trigger_target_dag.py
[2025-04-05T11:19:14.030+0100] {processor.py:840} INFO - DAG(s) 'example_trigger_target_dag' retrieved from /Users/judeezeh/Desktop/Zoomcamp-project/venv/lib/python3.11/site-packages/airflow/example_dags/example_trigger_target_dag.py
[2025-04-05T11:19:14.060+0100] {logging_mixin.py:188} INFO - [2025-04-05T11:19:14.060+0100] {dag.py:3096} INFO - Sync 1 DAGs
[2025-04-05T11:19:14.063+0100] {logging_mixin.py:188} INFO - [2025-04-05T11:19:14.063+0100] {dag.py:3954} INFO - Setting next_dagrun for example_trigger_target_dag to None, run_after=None
[2025-04-05T11:19:14.069+0100] {processor.py:183} INFO - Processing /Users/judeezeh/Desktop/Zoomcamp-project/venv/lib/python3.11/site-packages/airflow/example_dags/example_trigger_target_dag.py took 0.054 seconds
[2025-04-05T11:20:37.076+0100] {processor.py:161} INFO - Started process (PID=17228) to work on /Users/judeezeh/Desktop/Zoomcamp-project/venv/lib/python3.11/site-packages/airflow/example_dags/example_trigger_target_dag.py
[2025-04-05T11:20:37.077+0100] {processor.py:830} INFO - Processing file /Users/judeezeh/Desktop/Zoomcamp-project/venv/lib/python3.11/site-packages/airflow/example_dags/example_trigger_target_dag.py for tasks to queue
[2025-04-05T11:20:37.077+0100] {logging_mixin.py:188} INFO - [2025-04-05T11:20:37.077+0100] {dagbag.py:540} INFO - Filling up the DagBag from /Users/judeezeh/Desktop/Zoomcamp-project/venv/lib/python3.11/site-packages/airflow/example_dags/example_trigger_target_dag.py
[2025-04-05T11:20:37.089+0100] {processor.py:840} INFO - DAG(s) 'example_trigger_target_dag' retrieved from /Users/judeezeh/Desktop/Zoomcamp-project/venv/lib/python3.11/site-packages/airflow/example_dags/example_trigger_target_dag.py
[2025-04-05T11:20:37.117+0100] {logging_mixin.py:188} INFO - [2025-04-05T11:20:37.117+0100] {dag.py:3096} INFO - Sync 1 DAGs
[2025-04-05T11:20:37.120+0100] {logging_mixin.py:188} INFO - [2025-04-05T11:20:37.120+0100] {dag.py:3954} INFO - Setting next_dagrun for example_trigger_target_dag to None, run_after=None
[2025-04-05T11:20:37.127+0100] {processor.py:183} INFO - Processing /Users/judeezeh/Desktop/Zoomcamp-project/venv/lib/python3.11/site-packages/airflow/example_dags/example_trigger_target_dag.py took 0.052 seconds
[2025-04-05T11:21:34.403+0100] {processor.py:161} INFO - Started process (PID=17312) to work on /Users/judeezeh/Desktop/Zoomcamp-project/venv/lib/python3.11/site-packages/airflow/example_dags/example_trigger_target_dag.py
[2025-04-05T11:21:34.403+0100] {processor.py:830} INFO - Processing file /Users/judeezeh/Desktop/Zoomcamp-project/venv/lib/python3.11/site-packages/airflow/example_dags/example_trigger_target_dag.py for tasks to queue
[2025-04-05T11:21:34.403+0100] {logging_mixin.py:188} INFO - [2025-04-05T11:21:34.403+0100] {dagbag.py:540} INFO - Filling up the DagBag from /Users/judeezeh/Desktop/Zoomcamp-project/venv/lib/python3.11/site-packages/airflow/example_dags/example_trigger_target_dag.py
[2025-04-05T11:21:34.415+0100] {processor.py:840} INFO - DAG(s) 'example_trigger_target_dag' retrieved from /Users/judeezeh/Desktop/Zoomcamp-project/venv/lib/python3.11/site-packages/airflow/example_dags/example_trigger_target_dag.py
[2025-04-05T11:21:34.443+0100] {logging_mixin.py:188} INFO - [2025-04-05T11:21:34.443+0100] {dag.py:3096} INFO - Sync 1 DAGs
[2025-04-05T11:21:34.445+0100] {logging_mixin.py:188} INFO - [2025-04-05T11:21:34.445+0100] {dag.py:3954} INFO - Setting next_dagrun for example_trigger_target_dag to None, run_after=None
[2025-04-05T11:21:34.452+0100] {processor.py:183} INFO - Processing /Users/judeezeh/Desktop/Zoomcamp-project/venv/lib/python3.11/site-packages/airflow/example_dags/example_trigger_target_dag.py took 0.050 seconds
[2025-04-05T11:22:30.345+0100] {processor.py:161} INFO - Started process (PID=17395) to work on /Users/judeezeh/Desktop/Zoomcamp-project/venv/lib/python3.11/site-packages/airflow/example_dags/example_trigger_target_dag.py
[2025-04-05T11:22:30.346+0100] {processor.py:830} INFO - Processing file /Users/judeezeh/Desktop/Zoomcamp-project/venv/lib/python3.11/site-packages/airflow/example_dags/example_trigger_target_dag.py for tasks to queue
[2025-04-05T11:22:30.346+0100] {logging_mixin.py:188} INFO - [2025-04-05T11:22:30.346+0100] {dagbag.py:540} INFO - Filling up the DagBag from /Users/judeezeh/Desktop/Zoomcamp-project/venv/lib/python3.11/site-packages/airflow/example_dags/example_trigger_target_dag.py
[2025-04-05T11:22:30.358+0100] {processor.py:840} INFO - DAG(s) 'example_trigger_target_dag' retrieved from /Users/judeezeh/Desktop/Zoomcamp-project/venv/lib/python3.11/site-packages/airflow/example_dags/example_trigger_target_dag.py
[2025-04-05T11:22:30.386+0100] {logging_mixin.py:188} INFO - [2025-04-05T11:22:30.385+0100] {dag.py:3096} INFO - Sync 1 DAGs
[2025-04-05T11:22:30.388+0100] {logging_mixin.py:188} INFO - [2025-04-05T11:22:30.388+0100] {dag.py:3954} INFO - Setting next_dagrun for example_trigger_target_dag to None, run_after=None
[2025-04-05T11:22:30.394+0100] {processor.py:183} INFO - Processing /Users/judeezeh/Desktop/Zoomcamp-project/venv/lib/python3.11/site-packages/airflow/example_dags/example_trigger_target_dag.py took 0.050 seconds
[2025-04-05T11:23:20.758+0100] {processor.py:161} INFO - Started process (PID=17470) to work on /Users/judeezeh/Desktop/Zoomcamp-project/venv/lib/python3.11/site-packages/airflow/example_dags/example_trigger_target_dag.py
[2025-04-05T11:23:20.759+0100] {processor.py:830} INFO - Processing file /Users/judeezeh/Desktop/Zoomcamp-project/venv/lib/python3.11/site-packages/airflow/example_dags/example_trigger_target_dag.py for tasks to queue
[2025-04-05T11:23:20.759+0100] {logging_mixin.py:188} INFO - [2025-04-05T11:23:20.759+0100] {dagbag.py:540} INFO - Filling up the DagBag from /Users/judeezeh/Desktop/Zoomcamp-project/venv/lib/python3.11/site-packages/airflow/example_dags/example_trigger_target_dag.py
[2025-04-05T11:23:20.771+0100] {processor.py:840} INFO - DAG(s) 'example_trigger_target_dag' retrieved from /Users/judeezeh/Desktop/Zoomcamp-project/venv/lib/python3.11/site-packages/airflow/example_dags/example_trigger_target_dag.py
[2025-04-05T11:23:20.799+0100] {logging_mixin.py:188} INFO - [2025-04-05T11:23:20.799+0100] {dag.py:3096} INFO - Sync 1 DAGs
[2025-04-05T11:23:20.802+0100] {logging_mixin.py:188} INFO - [2025-04-05T11:23:20.802+0100] {dag.py:3954} INFO - Setting next_dagrun for example_trigger_target_dag to None, run_after=None
[2025-04-05T11:23:20.808+0100] {processor.py:183} INFO - Processing /Users/judeezeh/Desktop/Zoomcamp-project/venv/lib/python3.11/site-packages/airflow/example_dags/example_trigger_target_dag.py took 0.051 seconds
[2025-04-05T11:24:59.530+0100] {processor.py:161} INFO - Started process (PID=17604) to work on /Users/judeezeh/Desktop/Zoomcamp-project/venv/lib/python3.11/site-packages/airflow/example_dags/example_trigger_target_dag.py
[2025-04-05T11:24:59.531+0100] {processor.py:830} INFO - Processing file /Users/judeezeh/Desktop/Zoomcamp-project/venv/lib/python3.11/site-packages/airflow/example_dags/example_trigger_target_dag.py for tasks to queue
[2025-04-05T11:24:59.531+0100] {logging_mixin.py:188} INFO - [2025-04-05T11:24:59.531+0100] {dagbag.py:540} INFO - Filling up the DagBag from /Users/judeezeh/Desktop/Zoomcamp-project/venv/lib/python3.11/site-packages/airflow/example_dags/example_trigger_target_dag.py
[2025-04-05T11:24:59.543+0100] {processor.py:840} INFO - DAG(s) 'example_trigger_target_dag' retrieved from /Users/judeezeh/Desktop/Zoomcamp-project/venv/lib/python3.11/site-packages/airflow/example_dags/example_trigger_target_dag.py
[2025-04-05T11:24:59.572+0100] {logging_mixin.py:188} INFO - [2025-04-05T11:24:59.572+0100] {dag.py:3096} INFO - Sync 1 DAGs
[2025-04-05T11:24:59.575+0100] {logging_mixin.py:188} INFO - [2025-04-05T11:24:59.575+0100] {dag.py:3954} INFO - Setting next_dagrun for example_trigger_target_dag to None, run_after=None
[2025-04-05T11:24:59.581+0100] {processor.py:183} INFO - Processing /Users/judeezeh/Desktop/Zoomcamp-project/venv/lib/python3.11/site-packages/airflow/example_dags/example_trigger_target_dag.py took 0.052 seconds
[2025-04-05T11:25:50.878+0100] {processor.py:161} INFO - Started process (PID=17673) to work on /Users/judeezeh/Desktop/Zoomcamp-project/venv/lib/python3.11/site-packages/airflow/example_dags/example_trigger_target_dag.py
[2025-04-05T11:25:50.879+0100] {processor.py:830} INFO - Processing file /Users/judeezeh/Desktop/Zoomcamp-project/venv/lib/python3.11/site-packages/airflow/example_dags/example_trigger_target_dag.py for tasks to queue
[2025-04-05T11:25:50.879+0100] {logging_mixin.py:188} INFO - [2025-04-05T11:25:50.879+0100] {dagbag.py:540} INFO - Filling up the DagBag from /Users/judeezeh/Desktop/Zoomcamp-project/venv/lib/python3.11/site-packages/airflow/example_dags/example_trigger_target_dag.py
[2025-04-05T11:25:50.890+0100] {processor.py:840} INFO - DAG(s) 'example_trigger_target_dag' retrieved from /Users/judeezeh/Desktop/Zoomcamp-project/venv/lib/python3.11/site-packages/airflow/example_dags/example_trigger_target_dag.py
[2025-04-05T11:25:50.918+0100] {logging_mixin.py:188} INFO - [2025-04-05T11:25:50.918+0100] {dag.py:3096} INFO - Sync 1 DAGs
[2025-04-05T11:25:50.921+0100] {logging_mixin.py:188} INFO - [2025-04-05T11:25:50.921+0100] {dag.py:3954} INFO - Setting next_dagrun for example_trigger_target_dag to None, run_after=None
[2025-04-05T11:25:50.927+0100] {processor.py:183} INFO - Processing /Users/judeezeh/Desktop/Zoomcamp-project/venv/lib/python3.11/site-packages/airflow/example_dags/example_trigger_target_dag.py took 0.050 seconds
[2025-04-05T11:27:29.518+0100] {processor.py:161} INFO - Started process (PID=17825) to work on /Users/judeezeh/Desktop/Zoomcamp-project/venv/lib/python3.11/site-packages/airflow/example_dags/example_trigger_target_dag.py
[2025-04-05T11:27:29.518+0100] {processor.py:830} INFO - Processing file /Users/judeezeh/Desktop/Zoomcamp-project/venv/lib/python3.11/site-packages/airflow/example_dags/example_trigger_target_dag.py for tasks to queue
[2025-04-05T11:27:29.519+0100] {logging_mixin.py:188} INFO - [2025-04-05T11:27:29.519+0100] {dagbag.py:540} INFO - Filling up the DagBag from /Users/judeezeh/Desktop/Zoomcamp-project/venv/lib/python3.11/site-packages/airflow/example_dags/example_trigger_target_dag.py
[2025-04-05T11:27:29.530+0100] {processor.py:840} INFO - DAG(s) 'example_trigger_target_dag' retrieved from /Users/judeezeh/Desktop/Zoomcamp-project/venv/lib/python3.11/site-packages/airflow/example_dags/example_trigger_target_dag.py
[2025-04-05T11:27:29.558+0100] {logging_mixin.py:188} INFO - [2025-04-05T11:27:29.558+0100] {dag.py:3096} INFO - Sync 1 DAGs
[2025-04-05T11:27:29.561+0100] {logging_mixin.py:188} INFO - [2025-04-05T11:27:29.561+0100] {dag.py:3954} INFO - Setting next_dagrun for example_trigger_target_dag to None, run_after=None
[2025-04-05T11:27:29.567+0100] {processor.py:183} INFO - Processing /Users/judeezeh/Desktop/Zoomcamp-project/venv/lib/python3.11/site-packages/airflow/example_dags/example_trigger_target_dag.py took 0.050 seconds
[2025-04-05T11:28:25.701+0100] {processor.py:161} INFO - Started process (PID=17908) to work on /Users/judeezeh/Desktop/Zoomcamp-project/venv/lib/python3.11/site-packages/airflow/example_dags/example_trigger_target_dag.py
[2025-04-05T11:28:25.701+0100] {processor.py:830} INFO - Processing file /Users/judeezeh/Desktop/Zoomcamp-project/venv/lib/python3.11/site-packages/airflow/example_dags/example_trigger_target_dag.py for tasks to queue
[2025-04-05T11:28:25.701+0100] {logging_mixin.py:188} INFO - [2025-04-05T11:28:25.701+0100] {dagbag.py:540} INFO - Filling up the DagBag from /Users/judeezeh/Desktop/Zoomcamp-project/venv/lib/python3.11/site-packages/airflow/example_dags/example_trigger_target_dag.py
[2025-04-05T11:28:25.713+0100] {processor.py:840} INFO - DAG(s) 'example_trigger_target_dag' retrieved from /Users/judeezeh/Desktop/Zoomcamp-project/venv/lib/python3.11/site-packages/airflow/example_dags/example_trigger_target_dag.py
[2025-04-05T11:28:25.741+0100] {logging_mixin.py:188} INFO - [2025-04-05T11:28:25.741+0100] {dag.py:3096} INFO - Sync 1 DAGs
[2025-04-05T11:28:25.743+0100] {logging_mixin.py:188} INFO - [2025-04-05T11:28:25.743+0100] {dag.py:3954} INFO - Setting next_dagrun for example_trigger_target_dag to None, run_after=None
[2025-04-05T11:28:25.750+0100] {processor.py:183} INFO - Processing /Users/judeezeh/Desktop/Zoomcamp-project/venv/lib/python3.11/site-packages/airflow/example_dags/example_trigger_target_dag.py took 0.050 seconds
[2025-04-05T11:29:20.735+0100] {processor.py:161} INFO - Started process (PID=17980) to work on /Users/judeezeh/Desktop/Zoomcamp-project/venv/lib/python3.11/site-packages/airflow/example_dags/example_trigger_target_dag.py
[2025-04-05T11:29:20.735+0100] {processor.py:830} INFO - Processing file /Users/judeezeh/Desktop/Zoomcamp-project/venv/lib/python3.11/site-packages/airflow/example_dags/example_trigger_target_dag.py for tasks to queue
[2025-04-05T11:29:20.735+0100] {logging_mixin.py:188} INFO - [2025-04-05T11:29:20.735+0100] {dagbag.py:540} INFO - Filling up the DagBag from /Users/judeezeh/Desktop/Zoomcamp-project/venv/lib/python3.11/site-packages/airflow/example_dags/example_trigger_target_dag.py
[2025-04-05T11:29:20.746+0100] {processor.py:840} INFO - DAG(s) 'example_trigger_target_dag' retrieved from /Users/judeezeh/Desktop/Zoomcamp-project/venv/lib/python3.11/site-packages/airflow/example_dags/example_trigger_target_dag.py
[2025-04-05T11:29:20.774+0100] {logging_mixin.py:188} INFO - [2025-04-05T11:29:20.774+0100] {dag.py:3096} INFO - Sync 1 DAGs
[2025-04-05T11:29:20.777+0100] {logging_mixin.py:188} INFO - [2025-04-05T11:29:20.777+0100] {dag.py:3954} INFO - Setting next_dagrun for example_trigger_target_dag to None, run_after=None
[2025-04-05T11:29:20.784+0100] {processor.py:183} INFO - Processing /Users/judeezeh/Desktop/Zoomcamp-project/venv/lib/python3.11/site-packages/airflow/example_dags/example_trigger_target_dag.py took 0.050 seconds
[2025-04-05T11:30:15.529+0100] {processor.py:161} INFO - Started process (PID=18052) to work on /Users/judeezeh/Desktop/Zoomcamp-project/venv/lib/python3.11/site-packages/airflow/example_dags/example_trigger_target_dag.py
[2025-04-05T11:30:15.529+0100] {processor.py:830} INFO - Processing file /Users/judeezeh/Desktop/Zoomcamp-project/venv/lib/python3.11/site-packages/airflow/example_dags/example_trigger_target_dag.py for tasks to queue
[2025-04-05T11:30:15.529+0100] {logging_mixin.py:188} INFO - [2025-04-05T11:30:15.529+0100] {dagbag.py:540} INFO - Filling up the DagBag from /Users/judeezeh/Desktop/Zoomcamp-project/venv/lib/python3.11/site-packages/airflow/example_dags/example_trigger_target_dag.py
[2025-04-05T11:30:15.540+0100] {processor.py:840} INFO - DAG(s) 'example_trigger_target_dag' retrieved from /Users/judeezeh/Desktop/Zoomcamp-project/venv/lib/python3.11/site-packages/airflow/example_dags/example_trigger_target_dag.py
[2025-04-05T11:30:15.568+0100] {logging_mixin.py:188} INFO - [2025-04-05T11:30:15.568+0100] {dag.py:3096} INFO - Sync 1 DAGs
[2025-04-05T11:30:15.571+0100] {logging_mixin.py:188} INFO - [2025-04-05T11:30:15.571+0100] {dag.py:3954} INFO - Setting next_dagrun for example_trigger_target_dag to None, run_after=None
[2025-04-05T11:30:15.578+0100] {processor.py:183} INFO - Processing /Users/judeezeh/Desktop/Zoomcamp-project/venv/lib/python3.11/site-packages/airflow/example_dags/example_trigger_target_dag.py took 0.050 seconds
[2025-04-05T11:31:06.583+0100] {processor.py:161} INFO - Started process (PID=18132) to work on /Users/judeezeh/Desktop/Zoomcamp-project/venv/lib/python3.11/site-packages/airflow/example_dags/example_trigger_target_dag.py
[2025-04-05T11:31:06.584+0100] {processor.py:830} INFO - Processing file /Users/judeezeh/Desktop/Zoomcamp-project/venv/lib/python3.11/site-packages/airflow/example_dags/example_trigger_target_dag.py for tasks to queue
[2025-04-05T11:31:06.584+0100] {logging_mixin.py:188} INFO - [2025-04-05T11:31:06.584+0100] {dagbag.py:540} INFO - Filling up the DagBag from /Users/judeezeh/Desktop/Zoomcamp-project/venv/lib/python3.11/site-packages/airflow/example_dags/example_trigger_target_dag.py
[2025-04-05T11:31:06.596+0100] {processor.py:840} INFO - DAG(s) 'example_trigger_target_dag' retrieved from /Users/judeezeh/Desktop/Zoomcamp-project/venv/lib/python3.11/site-packages/airflow/example_dags/example_trigger_target_dag.py
[2025-04-05T11:31:06.624+0100] {logging_mixin.py:188} INFO - [2025-04-05T11:31:06.624+0100] {dag.py:3096} INFO - Sync 1 DAGs
[2025-04-05T11:31:06.626+0100] {logging_mixin.py:188} INFO - [2025-04-05T11:31:06.626+0100] {dag.py:3954} INFO - Setting next_dagrun for example_trigger_target_dag to None, run_after=None
[2025-04-05T11:31:06.633+0100] {processor.py:183} INFO - Processing /Users/judeezeh/Desktop/Zoomcamp-project/venv/lib/python3.11/site-packages/airflow/example_dags/example_trigger_target_dag.py took 0.050 seconds
[2025-04-05T11:31:55.130+0100] {processor.py:161} INFO - Started process (PID=18205) to work on /Users/judeezeh/Desktop/Zoomcamp-project/venv/lib/python3.11/site-packages/airflow/example_dags/example_trigger_target_dag.py
[2025-04-05T11:31:55.130+0100] {processor.py:830} INFO - Processing file /Users/judeezeh/Desktop/Zoomcamp-project/venv/lib/python3.11/site-packages/airflow/example_dags/example_trigger_target_dag.py for tasks to queue
[2025-04-05T11:31:55.130+0100] {logging_mixin.py:188} INFO - [2025-04-05T11:31:55.130+0100] {dagbag.py:540} INFO - Filling up the DagBag from /Users/judeezeh/Desktop/Zoomcamp-project/venv/lib/python3.11/site-packages/airflow/example_dags/example_trigger_target_dag.py
[2025-04-05T11:31:55.142+0100] {processor.py:840} INFO - DAG(s) 'example_trigger_target_dag' retrieved from /Users/judeezeh/Desktop/Zoomcamp-project/venv/lib/python3.11/site-packages/airflow/example_dags/example_trigger_target_dag.py
[2025-04-05T11:31:55.171+0100] {logging_mixin.py:188} INFO - [2025-04-05T11:31:55.170+0100] {dag.py:3096} INFO - Sync 1 DAGs
[2025-04-05T11:31:55.173+0100] {logging_mixin.py:188} INFO - [2025-04-05T11:31:55.173+0100] {dag.py:3954} INFO - Setting next_dagrun for example_trigger_target_dag to None, run_after=None
[2025-04-05T11:31:55.180+0100] {processor.py:183} INFO - Processing /Users/judeezeh/Desktop/Zoomcamp-project/venv/lib/python3.11/site-packages/airflow/example_dags/example_trigger_target_dag.py took 0.051 seconds
[2025-04-05T11:32:47.104+0100] {processor.py:161} INFO - Started process (PID=18283) to work on /Users/judeezeh/Desktop/Zoomcamp-project/venv/lib/python3.11/site-packages/airflow/example_dags/example_trigger_target_dag.py
[2025-04-05T11:32:47.105+0100] {processor.py:830} INFO - Processing file /Users/judeezeh/Desktop/Zoomcamp-project/venv/lib/python3.11/site-packages/airflow/example_dags/example_trigger_target_dag.py for tasks to queue
[2025-04-05T11:32:47.105+0100] {logging_mixin.py:188} INFO - [2025-04-05T11:32:47.105+0100] {dagbag.py:540} INFO - Filling up the DagBag from /Users/judeezeh/Desktop/Zoomcamp-project/venv/lib/python3.11/site-packages/airflow/example_dags/example_trigger_target_dag.py
[2025-04-05T11:32:47.117+0100] {processor.py:840} INFO - DAG(s) 'example_trigger_target_dag' retrieved from /Users/judeezeh/Desktop/Zoomcamp-project/venv/lib/python3.11/site-packages/airflow/example_dags/example_trigger_target_dag.py
[2025-04-05T11:32:47.146+0100] {logging_mixin.py:188} INFO - [2025-04-05T11:32:47.145+0100] {dag.py:3096} INFO - Sync 1 DAGs
[2025-04-05T11:32:47.148+0100] {logging_mixin.py:188} INFO - [2025-04-05T11:32:47.148+0100] {dag.py:3954} INFO - Setting next_dagrun for example_trigger_target_dag to None, run_after=None
[2025-04-05T11:32:47.155+0100] {processor.py:183} INFO - Processing /Users/judeezeh/Desktop/Zoomcamp-project/venv/lib/python3.11/site-packages/airflow/example_dags/example_trigger_target_dag.py took 0.052 seconds
[2025-04-05T11:33:39.870+0100] {processor.py:161} INFO - Started process (PID=18356) to work on /Users/judeezeh/Desktop/Zoomcamp-project/venv/lib/python3.11/site-packages/airflow/example_dags/example_trigger_target_dag.py
[2025-04-05T11:33:39.871+0100] {processor.py:830} INFO - Processing file /Users/judeezeh/Desktop/Zoomcamp-project/venv/lib/python3.11/site-packages/airflow/example_dags/example_trigger_target_dag.py for tasks to queue
[2025-04-05T11:33:39.872+0100] {logging_mixin.py:188} INFO - [2025-04-05T11:33:39.872+0100] {dagbag.py:540} INFO - Filling up the DagBag from /Users/judeezeh/Desktop/Zoomcamp-project/venv/lib/python3.11/site-packages/airflow/example_dags/example_trigger_target_dag.py
[2025-04-05T11:33:39.883+0100] {processor.py:840} INFO - DAG(s) 'example_trigger_target_dag' retrieved from /Users/judeezeh/Desktop/Zoomcamp-project/venv/lib/python3.11/site-packages/airflow/example_dags/example_trigger_target_dag.py
[2025-04-05T11:33:39.911+0100] {logging_mixin.py:188} INFO - [2025-04-05T11:33:39.911+0100] {dag.py:3096} INFO - Sync 1 DAGs
[2025-04-05T11:33:39.914+0100] {logging_mixin.py:188} INFO - [2025-04-05T11:33:39.914+0100] {dag.py:3954} INFO - Setting next_dagrun for example_trigger_target_dag to None, run_after=None
[2025-04-05T11:33:39.920+0100] {processor.py:183} INFO - Processing /Users/judeezeh/Desktop/Zoomcamp-project/venv/lib/python3.11/site-packages/airflow/example_dags/example_trigger_target_dag.py took 0.050 seconds
[2025-04-05T11:34:32.369+0100] {processor.py:161} INFO - Started process (PID=18432) to work on /Users/judeezeh/Desktop/Zoomcamp-project/venv/lib/python3.11/site-packages/airflow/example_dags/example_trigger_target_dag.py
[2025-04-05T11:34:32.370+0100] {processor.py:830} INFO - Processing file /Users/judeezeh/Desktop/Zoomcamp-project/venv/lib/python3.11/site-packages/airflow/example_dags/example_trigger_target_dag.py for tasks to queue
[2025-04-05T11:34:32.370+0100] {logging_mixin.py:188} INFO - [2025-04-05T11:34:32.370+0100] {dagbag.py:540} INFO - Filling up the DagBag from /Users/judeezeh/Desktop/Zoomcamp-project/venv/lib/python3.11/site-packages/airflow/example_dags/example_trigger_target_dag.py
[2025-04-05T11:34:32.381+0100] {processor.py:840} INFO - DAG(s) 'example_trigger_target_dag' retrieved from /Users/judeezeh/Desktop/Zoomcamp-project/venv/lib/python3.11/site-packages/airflow/example_dags/example_trigger_target_dag.py
[2025-04-05T11:34:32.409+0100] {logging_mixin.py:188} INFO - [2025-04-05T11:34:32.409+0100] {dag.py:3096} INFO - Sync 1 DAGs
[2025-04-05T11:34:32.412+0100] {logging_mixin.py:188} INFO - [2025-04-05T11:34:32.412+0100] {dag.py:3954} INFO - Setting next_dagrun for example_trigger_target_dag to None, run_after=None
[2025-04-05T11:34:32.418+0100] {processor.py:183} INFO - Processing /Users/judeezeh/Desktop/Zoomcamp-project/venv/lib/python3.11/site-packages/airflow/example_dags/example_trigger_target_dag.py took 0.051 seconds
[2025-04-05T11:36:09.080+0100] {processor.py:161} INFO - Started process (PID=18568) to work on /Users/judeezeh/Desktop/Zoomcamp-project/venv/lib/python3.11/site-packages/airflow/example_dags/example_trigger_target_dag.py
[2025-04-05T11:36:09.081+0100] {processor.py:830} INFO - Processing file /Users/judeezeh/Desktop/Zoomcamp-project/venv/lib/python3.11/site-packages/airflow/example_dags/example_trigger_target_dag.py for tasks to queue
[2025-04-05T11:36:09.081+0100] {logging_mixin.py:188} INFO - [2025-04-05T11:36:09.081+0100] {dagbag.py:540} INFO - Filling up the DagBag from /Users/judeezeh/Desktop/Zoomcamp-project/venv/lib/python3.11/site-packages/airflow/example_dags/example_trigger_target_dag.py
[2025-04-05T11:36:09.093+0100] {processor.py:840} INFO - DAG(s) 'example_trigger_target_dag' retrieved from /Users/judeezeh/Desktop/Zoomcamp-project/venv/lib/python3.11/site-packages/airflow/example_dags/example_trigger_target_dag.py
[2025-04-05T11:36:09.121+0100] {logging_mixin.py:188} INFO - [2025-04-05T11:36:09.121+0100] {dag.py:3096} INFO - Sync 1 DAGs
[2025-04-05T11:36:09.123+0100] {logging_mixin.py:188} INFO - [2025-04-05T11:36:09.123+0100] {dag.py:3954} INFO - Setting next_dagrun for example_trigger_target_dag to None, run_after=None
[2025-04-05T11:36:09.129+0100] {processor.py:183} INFO - Processing /Users/judeezeh/Desktop/Zoomcamp-project/venv/lib/python3.11/site-packages/airflow/example_dags/example_trigger_target_dag.py took 0.050 seconds
[2025-04-05T11:37:03.060+0100] {processor.py:161} INFO - Started process (PID=18651) to work on /Users/judeezeh/Desktop/Zoomcamp-project/venv/lib/python3.11/site-packages/airflow/example_dags/example_trigger_target_dag.py
[2025-04-05T11:37:03.060+0100] {processor.py:830} INFO - Processing file /Users/judeezeh/Desktop/Zoomcamp-project/venv/lib/python3.11/site-packages/airflow/example_dags/example_trigger_target_dag.py for tasks to queue
[2025-04-05T11:37:03.061+0100] {logging_mixin.py:188} INFO - [2025-04-05T11:37:03.061+0100] {dagbag.py:540} INFO - Filling up the DagBag from /Users/judeezeh/Desktop/Zoomcamp-project/venv/lib/python3.11/site-packages/airflow/example_dags/example_trigger_target_dag.py
[2025-04-05T11:37:03.073+0100] {processor.py:840} INFO - DAG(s) 'example_trigger_target_dag' retrieved from /Users/judeezeh/Desktop/Zoomcamp-project/venv/lib/python3.11/site-packages/airflow/example_dags/example_trigger_target_dag.py
[2025-04-05T11:37:03.105+0100] {logging_mixin.py:188} INFO - [2025-04-05T11:37:03.104+0100] {dag.py:3096} INFO - Sync 1 DAGs
[2025-04-05T11:37:03.107+0100] {logging_mixin.py:188} INFO - [2025-04-05T11:37:03.107+0100] {dag.py:3954} INFO - Setting next_dagrun for example_trigger_target_dag to None, run_after=None
[2025-04-05T11:37:03.114+0100] {processor.py:183} INFO - Processing /Users/judeezeh/Desktop/Zoomcamp-project/venv/lib/python3.11/site-packages/airflow/example_dags/example_trigger_target_dag.py took 0.056 seconds
[2025-04-05T11:37:54.781+0100] {processor.py:161} INFO - Started process (PID=18730) to work on /Users/judeezeh/Desktop/Zoomcamp-project/venv/lib/python3.11/site-packages/airflow/example_dags/example_trigger_target_dag.py
[2025-04-05T11:37:54.782+0100] {processor.py:830} INFO - Processing file /Users/judeezeh/Desktop/Zoomcamp-project/venv/lib/python3.11/site-packages/airflow/example_dags/example_trigger_target_dag.py for tasks to queue
[2025-04-05T11:37:54.782+0100] {logging_mixin.py:188} INFO - [2025-04-05T11:37:54.782+0100] {dagbag.py:540} INFO - Filling up the DagBag from /Users/judeezeh/Desktop/Zoomcamp-project/venv/lib/python3.11/site-packages/airflow/example_dags/example_trigger_target_dag.py
[2025-04-05T11:37:54.793+0100] {processor.py:840} INFO - DAG(s) 'example_trigger_target_dag' retrieved from /Users/judeezeh/Desktop/Zoomcamp-project/venv/lib/python3.11/site-packages/airflow/example_dags/example_trigger_target_dag.py
[2025-04-05T11:37:54.821+0100] {logging_mixin.py:188} INFO - [2025-04-05T11:37:54.821+0100] {dag.py:3096} INFO - Sync 1 DAGs
[2025-04-05T11:37:54.823+0100] {logging_mixin.py:188} INFO - [2025-04-05T11:37:54.823+0100] {dag.py:3954} INFO - Setting next_dagrun for example_trigger_target_dag to None, run_after=None
[2025-04-05T11:37:54.830+0100] {processor.py:183} INFO - Processing /Users/judeezeh/Desktop/Zoomcamp-project/venv/lib/python3.11/site-packages/airflow/example_dags/example_trigger_target_dag.py took 0.050 seconds
[2025-04-05T11:38:35.757+0100] {processor.py:161} INFO - Started process (PID=18798) to work on /Users/judeezeh/Desktop/Zoomcamp-project/venv/lib/python3.11/site-packages/airflow/example_dags/example_trigger_target_dag.py
[2025-04-05T11:38:35.757+0100] {processor.py:830} INFO - Processing file /Users/judeezeh/Desktop/Zoomcamp-project/venv/lib/python3.11/site-packages/airflow/example_dags/example_trigger_target_dag.py for tasks to queue
[2025-04-05T11:38:35.758+0100] {logging_mixin.py:188} INFO - [2025-04-05T11:38:35.758+0100] {dagbag.py:540} INFO - Filling up the DagBag from /Users/judeezeh/Desktop/Zoomcamp-project/venv/lib/python3.11/site-packages/airflow/example_dags/example_trigger_target_dag.py
[2025-04-05T11:38:35.769+0100] {processor.py:840} INFO - DAG(s) 'example_trigger_target_dag' retrieved from /Users/judeezeh/Desktop/Zoomcamp-project/venv/lib/python3.11/site-packages/airflow/example_dags/example_trigger_target_dag.py
[2025-04-05T11:38:35.798+0100] {logging_mixin.py:188} INFO - [2025-04-05T11:38:35.798+0100] {dag.py:3096} INFO - Sync 1 DAGs
[2025-04-05T11:38:35.801+0100] {logging_mixin.py:188} INFO - [2025-04-05T11:38:35.801+0100] {dag.py:3954} INFO - Setting next_dagrun for example_trigger_target_dag to None, run_after=None
[2025-04-05T11:38:35.807+0100] {processor.py:183} INFO - Processing /Users/judeezeh/Desktop/Zoomcamp-project/venv/lib/python3.11/site-packages/airflow/example_dags/example_trigger_target_dag.py took 0.052 seconds
[2025-04-05T11:39:54.629+0100] {processor.py:161} INFO - Started process (PID=18919) to work on /Users/judeezeh/Desktop/Zoomcamp-project/venv/lib/python3.11/site-packages/airflow/example_dags/example_trigger_target_dag.py
[2025-04-05T11:39:54.630+0100] {processor.py:830} INFO - Processing file /Users/judeezeh/Desktop/Zoomcamp-project/venv/lib/python3.11/site-packages/airflow/example_dags/example_trigger_target_dag.py for tasks to queue
[2025-04-05T11:39:54.630+0100] {logging_mixin.py:188} INFO - [2025-04-05T11:39:54.630+0100] {dagbag.py:540} INFO - Filling up the DagBag from /Users/judeezeh/Desktop/Zoomcamp-project/venv/lib/python3.11/site-packages/airflow/example_dags/example_trigger_target_dag.py
[2025-04-05T11:39:54.642+0100] {processor.py:840} INFO - DAG(s) 'example_trigger_target_dag' retrieved from /Users/judeezeh/Desktop/Zoomcamp-project/venv/lib/python3.11/site-packages/airflow/example_dags/example_trigger_target_dag.py
[2025-04-05T11:39:54.669+0100] {logging_mixin.py:188} INFO - [2025-04-05T11:39:54.669+0100] {dag.py:3096} INFO - Sync 1 DAGs
[2025-04-05T11:39:54.672+0100] {logging_mixin.py:188} INFO - [2025-04-05T11:39:54.672+0100] {dag.py:3954} INFO - Setting next_dagrun for example_trigger_target_dag to None, run_after=None
[2025-04-05T11:39:54.678+0100] {processor.py:183} INFO - Processing /Users/judeezeh/Desktop/Zoomcamp-project/venv/lib/python3.11/site-packages/airflow/example_dags/example_trigger_target_dag.py took 0.050 seconds
[2025-04-05T11:40:45.970+0100] {processor.py:161} INFO - Started process (PID=19035) to work on /Users/judeezeh/Desktop/Zoomcamp-project/venv/lib/python3.11/site-packages/airflow/example_dags/example_trigger_target_dag.py
[2025-04-05T11:40:45.971+0100] {processor.py:830} INFO - Processing file /Users/judeezeh/Desktop/Zoomcamp-project/venv/lib/python3.11/site-packages/airflow/example_dags/example_trigger_target_dag.py for tasks to queue
[2025-04-05T11:40:45.971+0100] {logging_mixin.py:188} INFO - [2025-04-05T11:40:45.971+0100] {dagbag.py:540} INFO - Filling up the DagBag from /Users/judeezeh/Desktop/Zoomcamp-project/venv/lib/python3.11/site-packages/airflow/example_dags/example_trigger_target_dag.py
[2025-04-05T11:40:45.982+0100] {processor.py:840} INFO - DAG(s) 'example_trigger_target_dag' retrieved from /Users/judeezeh/Desktop/Zoomcamp-project/venv/lib/python3.11/site-packages/airflow/example_dags/example_trigger_target_dag.py
[2025-04-05T11:40:46.010+0100] {logging_mixin.py:188} INFO - [2025-04-05T11:40:46.010+0100] {dag.py:3096} INFO - Sync 1 DAGs
[2025-04-05T11:40:46.013+0100] {logging_mixin.py:188} INFO - [2025-04-05T11:40:46.013+0100] {dag.py:3954} INFO - Setting next_dagrun for example_trigger_target_dag to None, run_after=None
[2025-04-05T11:40:46.019+0100] {processor.py:183} INFO - Processing /Users/judeezeh/Desktop/Zoomcamp-project/venv/lib/python3.11/site-packages/airflow/example_dags/example_trigger_target_dag.py took 0.050 seconds
[2025-04-05T11:42:16.638+0100] {processor.py:161} INFO - Started process (PID=19173) to work on /Users/judeezeh/Desktop/Zoomcamp-project/venv/lib/python3.11/site-packages/airflow/example_dags/example_trigger_target_dag.py
[2025-04-05T11:42:16.639+0100] {processor.py:830} INFO - Processing file /Users/judeezeh/Desktop/Zoomcamp-project/venv/lib/python3.11/site-packages/airflow/example_dags/example_trigger_target_dag.py for tasks to queue
[2025-04-05T11:42:16.639+0100] {logging_mixin.py:188} INFO - [2025-04-05T11:42:16.639+0100] {dagbag.py:540} INFO - Filling up the DagBag from /Users/judeezeh/Desktop/Zoomcamp-project/venv/lib/python3.11/site-packages/airflow/example_dags/example_trigger_target_dag.py
[2025-04-05T11:42:16.650+0100] {processor.py:840} INFO - DAG(s) 'example_trigger_target_dag' retrieved from /Users/judeezeh/Desktop/Zoomcamp-project/venv/lib/python3.11/site-packages/airflow/example_dags/example_trigger_target_dag.py
[2025-04-05T11:42:16.679+0100] {logging_mixin.py:188} INFO - [2025-04-05T11:42:16.678+0100] {dag.py:3096} INFO - Sync 1 DAGs
[2025-04-05T11:42:16.681+0100] {logging_mixin.py:188} INFO - [2025-04-05T11:42:16.681+0100] {dag.py:3954} INFO - Setting next_dagrun for example_trigger_target_dag to None, run_after=None
[2025-04-05T11:42:16.687+0100] {processor.py:183} INFO - Processing /Users/judeezeh/Desktop/Zoomcamp-project/venv/lib/python3.11/site-packages/airflow/example_dags/example_trigger_target_dag.py took 0.050 seconds
