[2025-04-05T11:15:49.103+0100] {processor.py:161} INFO - Started process (PID=16755) to work on /Users/judeezeh/Desktop/Zoomcamp-project/venv/lib/python3.11/site-packages/airflow/example_dags/example_external_task_marker_dag.py
[2025-04-05T11:15:49.103+0100] {processor.py:830} INFO - Processing file /Users/judeezeh/Desktop/Zoomcamp-project/venv/lib/python3.11/site-packages/airflow/example_dags/example_external_task_marker_dag.py for tasks to queue
[2025-04-05T11:15:49.103+0100] {logging_mixin.py:188} INFO - [2025-04-05T11:15:49.103+0100] {dagbag.py:540} INFO - Filling up the DagBag from /Users/judeezeh/Desktop/Zoomcamp-project/venv/lib/python3.11/site-packages/airflow/example_dags/example_external_task_marker_dag.py
[2025-04-05T11:15:49.107+0100] {processor.py:840} INFO - DAG(s) 'example_external_task_marker_child', 'example_external_task_marker_parent' retrieved from /Users/judeezeh/Desktop/Zoomcamp-project/venv/lib/python3.11/site-packages/airflow/example_dags/example_external_task_marker_dag.py
[2025-04-05T11:15:49.184+0100] {logging_mixin.py:188} INFO - [2025-04-05T11:15:49.184+0100] {override.py:1930} INFO - Created Permission View: can edit on DAG:example_external_task_marker_child
[2025-04-05T11:15:49.186+0100] {logging_mixin.py:188} INFO - [2025-04-05T11:15:49.186+0100] {override.py:1930} INFO - Created Permission View: can read on DAG:example_external_task_marker_child
[2025-04-05T11:15:49.188+0100] {logging_mixin.py:188} INFO - [2025-04-05T11:15:49.188+0100] {override.py:1930} INFO - Created Permission View: can delete on DAG:example_external_task_marker_child
[2025-04-05T11:15:49.191+0100] {logging_mixin.py:188} INFO - [2025-04-05T11:15:49.191+0100] {override.py:1930} INFO - Created Permission View: can edit on DAG:example_external_task_marker_parent
[2025-04-05T11:15:49.193+0100] {logging_mixin.py:188} INFO - [2025-04-05T11:15:49.193+0100] {override.py:1930} INFO - Created Permission View: can read on DAG:example_external_task_marker_parent
[2025-04-05T11:15:49.194+0100] {logging_mixin.py:188} INFO - [2025-04-05T11:15:49.194+0100] {override.py:1930} INFO - Created Permission View: can delete on DAG:example_external_task_marker_parent
[2025-04-05T11:15:49.194+0100] {logging_mixin.py:188} INFO - [2025-04-05T11:15:49.194+0100] {dag.py:3096} INFO - Sync 2 DAGs
[2025-04-05T11:15:49.197+0100] {logging_mixin.py:188} INFO - [2025-04-05T11:15:49.197+0100] {dag.py:3118} INFO - Creating ORM DAG for example_external_task_marker_child
[2025-04-05T11:15:49.197+0100] {logging_mixin.py:188} INFO - [2025-04-05T11:15:49.197+0100] {dag.py:3118} INFO - Creating ORM DAG for example_external_task_marker_parent
[2025-04-05T11:15:49.197+0100] {logging_mixin.py:188} INFO - [2025-04-05T11:15:49.197+0100] {dag.py:3954} INFO - Setting next_dagrun for example_external_task_marker_child to None, run_after=None
[2025-04-05T11:15:49.197+0100] {logging_mixin.py:188} INFO - [2025-04-05T11:15:49.197+0100] {dag.py:3954} INFO - Setting next_dagrun for example_external_task_marker_parent to None, run_after=None
[2025-04-05T11:15:49.202+0100] {processor.py:183} INFO - Processing /Users/judeezeh/Desktop/Zoomcamp-project/venv/lib/python3.11/site-packages/airflow/example_dags/example_external_task_marker_dag.py took 0.101 seconds
[2025-04-05T11:17:24.764+0100] {processor.py:161} INFO - Started process (PID=16912) to work on /Users/judeezeh/Desktop/Zoomcamp-project/venv/lib/python3.11/site-packages/airflow/example_dags/example_external_task_marker_dag.py
[2025-04-05T11:17:24.765+0100] {processor.py:830} INFO - Processing file /Users/judeezeh/Desktop/Zoomcamp-project/venv/lib/python3.11/site-packages/airflow/example_dags/example_external_task_marker_dag.py for tasks to queue
[2025-04-05T11:17:24.765+0100] {logging_mixin.py:188} INFO - [2025-04-05T11:17:24.765+0100] {dagbag.py:540} INFO - Filling up the DagBag from /Users/judeezeh/Desktop/Zoomcamp-project/venv/lib/python3.11/site-packages/airflow/example_dags/example_external_task_marker_dag.py
[2025-04-05T11:17:24.769+0100] {processor.py:840} INFO - DAG(s) 'example_external_task_marker_child', 'example_external_task_marker_parent' retrieved from /Users/judeezeh/Desktop/Zoomcamp-project/venv/lib/python3.11/site-packages/airflow/example_dags/example_external_task_marker_dag.py
[2025-04-05T11:17:24.799+0100] {logging_mixin.py:188} INFO - [2025-04-05T11:17:24.799+0100] {dag.py:3096} INFO - Sync 2 DAGs
[2025-04-05T11:17:24.802+0100] {logging_mixin.py:188} INFO - [2025-04-05T11:17:24.802+0100] {dag.py:3954} INFO - Setting next_dagrun for example_external_task_marker_child to None, run_after=None
[2025-04-05T11:17:24.803+0100] {logging_mixin.py:188} INFO - [2025-04-05T11:17:24.803+0100] {dag.py:3954} INFO - Setting next_dagrun for example_external_task_marker_parent to None, run_after=None
[2025-04-05T11:17:24.809+0100] {processor.py:183} INFO - Processing /Users/judeezeh/Desktop/Zoomcamp-project/venv/lib/python3.11/site-packages/airflow/example_dags/example_external_task_marker_dag.py took 0.046 seconds
[2025-04-05T11:19:50.720+0100] {processor.py:161} INFO - Started process (PID=17167) to work on /Users/judeezeh/Desktop/Zoomcamp-project/venv/lib/python3.11/site-packages/airflow/example_dags/example_external_task_marker_dag.py
[2025-04-05T11:19:50.720+0100] {processor.py:830} INFO - Processing file /Users/judeezeh/Desktop/Zoomcamp-project/venv/lib/python3.11/site-packages/airflow/example_dags/example_external_task_marker_dag.py for tasks to queue
[2025-04-05T11:19:50.720+0100] {logging_mixin.py:188} INFO - [2025-04-05T11:19:50.720+0100] {dagbag.py:540} INFO - Filling up the DagBag from /Users/judeezeh/Desktop/Zoomcamp-project/venv/lib/python3.11/site-packages/airflow/example_dags/example_external_task_marker_dag.py
[2025-04-05T11:19:50.725+0100] {processor.py:840} INFO - DAG(s) 'example_external_task_marker_parent', 'example_external_task_marker_child' retrieved from /Users/judeezeh/Desktop/Zoomcamp-project/venv/lib/python3.11/site-packages/airflow/example_dags/example_external_task_marker_dag.py
[2025-04-05T11:19:50.757+0100] {logging_mixin.py:188} INFO - [2025-04-05T11:19:50.756+0100] {dag.py:3096} INFO - Sync 2 DAGs
[2025-04-05T11:19:50.759+0100] {logging_mixin.py:188} INFO - [2025-04-05T11:19:50.759+0100] {dag.py:3954} INFO - Setting next_dagrun for example_external_task_marker_child to None, run_after=None
[2025-04-05T11:19:50.760+0100] {logging_mixin.py:188} INFO - [2025-04-05T11:19:50.760+0100] {dag.py:3954} INFO - Setting next_dagrun for example_external_task_marker_parent to None, run_after=None
[2025-04-05T11:19:50.767+0100] {processor.py:183} INFO - Processing /Users/judeezeh/Desktop/Zoomcamp-project/venv/lib/python3.11/site-packages/airflow/example_dags/example_external_task_marker_dag.py took 0.048 seconds
[2025-04-05T11:21:46.375+0100] {processor.py:161} INFO - Started process (PID=17332) to work on /Users/judeezeh/Desktop/Zoomcamp-project/venv/lib/python3.11/site-packages/airflow/example_dags/example_external_task_marker_dag.py
[2025-04-05T11:21:46.376+0100] {processor.py:830} INFO - Processing file /Users/judeezeh/Desktop/Zoomcamp-project/venv/lib/python3.11/site-packages/airflow/example_dags/example_external_task_marker_dag.py for tasks to queue
[2025-04-05T11:21:46.376+0100] {logging_mixin.py:188} INFO - [2025-04-05T11:21:46.376+0100] {dagbag.py:540} INFO - Filling up the DagBag from /Users/judeezeh/Desktop/Zoomcamp-project/venv/lib/python3.11/site-packages/airflow/example_dags/example_external_task_marker_dag.py
[2025-04-05T11:21:46.381+0100] {processor.py:840} INFO - DAG(s) 'example_external_task_marker_child', 'example_external_task_marker_parent' retrieved from /Users/judeezeh/Desktop/Zoomcamp-project/venv/lib/python3.11/site-packages/airflow/example_dags/example_external_task_marker_dag.py
[2025-04-05T11:21:46.412+0100] {logging_mixin.py:188} INFO - [2025-04-05T11:21:46.412+0100] {dag.py:3096} INFO - Sync 2 DAGs
[2025-04-05T11:21:46.415+0100] {logging_mixin.py:188} INFO - [2025-04-05T11:21:46.415+0100] {dag.py:3954} INFO - Setting next_dagrun for example_external_task_marker_child to None, run_after=None
[2025-04-05T11:21:46.416+0100] {logging_mixin.py:188} INFO - [2025-04-05T11:21:46.416+0100] {dag.py:3954} INFO - Setting next_dagrun for example_external_task_marker_parent to None, run_after=None
[2025-04-05T11:21:46.423+0100] {processor.py:183} INFO - Processing /Users/judeezeh/Desktop/Zoomcamp-project/venv/lib/python3.11/site-packages/airflow/example_dags/example_external_task_marker_dag.py took 0.049 seconds
[2025-04-05T11:23:27.397+0100] {processor.py:161} INFO - Started process (PID=17478) to work on /Users/judeezeh/Desktop/Zoomcamp-project/venv/lib/python3.11/site-packages/airflow/example_dags/example_external_task_marker_dag.py
[2025-04-05T11:23:27.398+0100] {processor.py:830} INFO - Processing file /Users/judeezeh/Desktop/Zoomcamp-project/venv/lib/python3.11/site-packages/airflow/example_dags/example_external_task_marker_dag.py for tasks to queue
[2025-04-05T11:23:27.398+0100] {logging_mixin.py:188} INFO - [2025-04-05T11:23:27.398+0100] {dagbag.py:540} INFO - Filling up the DagBag from /Users/judeezeh/Desktop/Zoomcamp-project/venv/lib/python3.11/site-packages/airflow/example_dags/example_external_task_marker_dag.py
[2025-04-05T11:23:27.403+0100] {processor.py:840} INFO - DAG(s) 'example_external_task_marker_child', 'example_external_task_marker_parent' retrieved from /Users/judeezeh/Desktop/Zoomcamp-project/venv/lib/python3.11/site-packages/airflow/example_dags/example_external_task_marker_dag.py
[2025-04-05T11:23:27.433+0100] {logging_mixin.py:188} INFO - [2025-04-05T11:23:27.433+0100] {dag.py:3096} INFO - Sync 2 DAGs
[2025-04-05T11:23:27.436+0100] {logging_mixin.py:188} INFO - [2025-04-05T11:23:27.436+0100] {dag.py:3954} INFO - Setting next_dagrun for example_external_task_marker_child to None, run_after=None
[2025-04-05T11:23:27.437+0100] {logging_mixin.py:188} INFO - [2025-04-05T11:23:27.437+0100] {dag.py:3954} INFO - Setting next_dagrun for example_external_task_marker_parent to None, run_after=None
[2025-04-05T11:23:27.443+0100] {processor.py:183} INFO - Processing /Users/judeezeh/Desktop/Zoomcamp-project/venv/lib/python3.11/site-packages/airflow/example_dags/example_external_task_marker_dag.py took 0.047 seconds
[2025-04-05T11:25:09.189+0100] {processor.py:161} INFO - Started process (PID=17616) to work on /Users/judeezeh/Desktop/Zoomcamp-project/venv/lib/python3.11/site-packages/airflow/example_dags/example_external_task_marker_dag.py
[2025-04-05T11:25:09.190+0100] {processor.py:830} INFO - Processing file /Users/judeezeh/Desktop/Zoomcamp-project/venv/lib/python3.11/site-packages/airflow/example_dags/example_external_task_marker_dag.py for tasks to queue
[2025-04-05T11:25:09.190+0100] {logging_mixin.py:188} INFO - [2025-04-05T11:25:09.190+0100] {dagbag.py:540} INFO - Filling up the DagBag from /Users/judeezeh/Desktop/Zoomcamp-project/venv/lib/python3.11/site-packages/airflow/example_dags/example_external_task_marker_dag.py
[2025-04-05T11:25:09.194+0100] {processor.py:840} INFO - DAG(s) 'example_external_task_marker_child', 'example_external_task_marker_parent' retrieved from /Users/judeezeh/Desktop/Zoomcamp-project/venv/lib/python3.11/site-packages/airflow/example_dags/example_external_task_marker_dag.py
[2025-04-05T11:25:09.224+0100] {logging_mixin.py:188} INFO - [2025-04-05T11:25:09.224+0100] {dag.py:3096} INFO - Sync 2 DAGs
[2025-04-05T11:25:09.227+0100] {logging_mixin.py:188} INFO - [2025-04-05T11:25:09.227+0100] {dag.py:3954} INFO - Setting next_dagrun for example_external_task_marker_child to None, run_after=None
[2025-04-05T11:25:09.228+0100] {logging_mixin.py:188} INFO - [2025-04-05T11:25:09.228+0100] {dag.py:3954} INFO - Setting next_dagrun for example_external_task_marker_parent to None, run_after=None
[2025-04-05T11:25:09.235+0100] {processor.py:183} INFO - Processing /Users/judeezeh/Desktop/Zoomcamp-project/venv/lib/python3.11/site-packages/airflow/example_dags/example_external_task_marker_dag.py took 0.047 seconds
[2025-04-05T11:26:45.050+0100] {processor.py:161} INFO - Started process (PID=17766) to work on /Users/judeezeh/Desktop/Zoomcamp-project/venv/lib/python3.11/site-packages/airflow/example_dags/example_external_task_marker_dag.py
[2025-04-05T11:26:45.054+0100] {processor.py:830} INFO - Processing file /Users/judeezeh/Desktop/Zoomcamp-project/venv/lib/python3.11/site-packages/airflow/example_dags/example_external_task_marker_dag.py for tasks to queue
[2025-04-05T11:26:45.054+0100] {logging_mixin.py:188} INFO - [2025-04-05T11:26:45.054+0100] {dagbag.py:540} INFO - Filling up the DagBag from /Users/judeezeh/Desktop/Zoomcamp-project/venv/lib/python3.11/site-packages/airflow/example_dags/example_external_task_marker_dag.py
[2025-04-05T11:26:45.058+0100] {processor.py:840} INFO - DAG(s) 'example_external_task_marker_child', 'example_external_task_marker_parent' retrieved from /Users/judeezeh/Desktop/Zoomcamp-project/venv/lib/python3.11/site-packages/airflow/example_dags/example_external_task_marker_dag.py
[2025-04-05T11:26:45.089+0100] {logging_mixin.py:188} INFO - [2025-04-05T11:26:45.089+0100] {dag.py:3096} INFO - Sync 2 DAGs
[2025-04-05T11:26:45.092+0100] {logging_mixin.py:188} INFO - [2025-04-05T11:26:45.092+0100] {dag.py:3954} INFO - Setting next_dagrun for example_external_task_marker_child to None, run_after=None
[2025-04-05T11:26:45.093+0100] {logging_mixin.py:188} INFO - [2025-04-05T11:26:45.093+0100] {dag.py:3954} INFO - Setting next_dagrun for example_external_task_marker_parent to None, run_after=None
[2025-04-05T11:26:45.099+0100] {processor.py:183} INFO - Processing /Users/judeezeh/Desktop/Zoomcamp-project/venv/lib/python3.11/site-packages/airflow/example_dags/example_external_task_marker_dag.py took 0.050 seconds
[2025-04-05T11:28:36.003+0100] {processor.py:161} INFO - Started process (PID=17922) to work on /Users/judeezeh/Desktop/Zoomcamp-project/venv/lib/python3.11/site-packages/airflow/example_dags/example_external_task_marker_dag.py
[2025-04-05T11:28:36.004+0100] {processor.py:830} INFO - Processing file /Users/judeezeh/Desktop/Zoomcamp-project/venv/lib/python3.11/site-packages/airflow/example_dags/example_external_task_marker_dag.py for tasks to queue
[2025-04-05T11:28:36.004+0100] {logging_mixin.py:188} INFO - [2025-04-05T11:28:36.004+0100] {dagbag.py:540} INFO - Filling up the DagBag from /Users/judeezeh/Desktop/Zoomcamp-project/venv/lib/python3.11/site-packages/airflow/example_dags/example_external_task_marker_dag.py
[2025-04-05T11:28:36.009+0100] {processor.py:840} INFO - DAG(s) 'example_external_task_marker_child', 'example_external_task_marker_parent' retrieved from /Users/judeezeh/Desktop/Zoomcamp-project/venv/lib/python3.11/site-packages/airflow/example_dags/example_external_task_marker_dag.py
[2025-04-05T11:28:36.039+0100] {logging_mixin.py:188} INFO - [2025-04-05T11:28:36.039+0100] {dag.py:3096} INFO - Sync 2 DAGs
[2025-04-05T11:28:36.042+0100] {logging_mixin.py:188} INFO - [2025-04-05T11:28:36.042+0100] {dag.py:3954} INFO - Setting next_dagrun for example_external_task_marker_child to None, run_after=None
[2025-04-05T11:28:36.043+0100] {logging_mixin.py:188} INFO - [2025-04-05T11:28:36.043+0100] {dag.py:3954} INFO - Setting next_dagrun for example_external_task_marker_parent to None, run_after=None
[2025-04-05T11:28:36.050+0100] {processor.py:183} INFO - Processing /Users/judeezeh/Desktop/Zoomcamp-project/venv/lib/python3.11/site-packages/airflow/example_dags/example_external_task_marker_dag.py took 0.048 seconds
[2025-04-05T11:30:26.463+0100] {processor.py:161} INFO - Started process (PID=18066) to work on /Users/judeezeh/Desktop/Zoomcamp-project/venv/lib/python3.11/site-packages/airflow/example_dags/example_external_task_marker_dag.py
[2025-04-05T11:30:26.464+0100] {processor.py:830} INFO - Processing file /Users/judeezeh/Desktop/Zoomcamp-project/venv/lib/python3.11/site-packages/airflow/example_dags/example_external_task_marker_dag.py for tasks to queue
[2025-04-05T11:30:26.464+0100] {logging_mixin.py:188} INFO - [2025-04-05T11:30:26.464+0100] {dagbag.py:540} INFO - Filling up the DagBag from /Users/judeezeh/Desktop/Zoomcamp-project/venv/lib/python3.11/site-packages/airflow/example_dags/example_external_task_marker_dag.py
[2025-04-05T11:30:26.469+0100] {processor.py:840} INFO - DAG(s) 'example_external_task_marker_parent', 'example_external_task_marker_child' retrieved from /Users/judeezeh/Desktop/Zoomcamp-project/venv/lib/python3.11/site-packages/airflow/example_dags/example_external_task_marker_dag.py
[2025-04-05T11:30:26.505+0100] {logging_mixin.py:188} INFO - [2025-04-05T11:30:26.504+0100] {dag.py:3096} INFO - Sync 2 DAGs
[2025-04-05T11:30:26.508+0100] {logging_mixin.py:188} INFO - [2025-04-05T11:30:26.508+0100] {dag.py:3954} INFO - Setting next_dagrun for example_external_task_marker_child to None, run_after=None
[2025-04-05T11:30:26.509+0100] {logging_mixin.py:188} INFO - [2025-04-05T11:30:26.509+0100] {dag.py:3954} INFO - Setting next_dagrun for example_external_task_marker_parent to None, run_after=None
[2025-04-05T11:30:26.518+0100] {processor.py:183} INFO - Processing /Users/judeezeh/Desktop/Zoomcamp-project/venv/lib/python3.11/site-packages/airflow/example_dags/example_external_task_marker_dag.py took 0.057 seconds
[2025-04-05T11:32:02.591+0100] {processor.py:161} INFO - Started process (PID=18219) to work on /Users/judeezeh/Desktop/Zoomcamp-project/venv/lib/python3.11/site-packages/airflow/example_dags/example_external_task_marker_dag.py
[2025-04-05T11:32:02.592+0100] {processor.py:830} INFO - Processing file /Users/judeezeh/Desktop/Zoomcamp-project/venv/lib/python3.11/site-packages/airflow/example_dags/example_external_task_marker_dag.py for tasks to queue
[2025-04-05T11:32:02.592+0100] {logging_mixin.py:188} INFO - [2025-04-05T11:32:02.592+0100] {dagbag.py:540} INFO - Filling up the DagBag from /Users/judeezeh/Desktop/Zoomcamp-project/venv/lib/python3.11/site-packages/airflow/example_dags/example_external_task_marker_dag.py
[2025-04-05T11:32:02.597+0100] {processor.py:840} INFO - DAG(s) 'example_external_task_marker_parent', 'example_external_task_marker_child' retrieved from /Users/judeezeh/Desktop/Zoomcamp-project/venv/lib/python3.11/site-packages/airflow/example_dags/example_external_task_marker_dag.py
[2025-04-05T11:32:02.627+0100] {logging_mixin.py:188} INFO - [2025-04-05T11:32:02.627+0100] {dag.py:3096} INFO - Sync 2 DAGs
[2025-04-05T11:32:02.630+0100] {logging_mixin.py:188} INFO - [2025-04-05T11:32:02.630+0100] {dag.py:3954} INFO - Setting next_dagrun for example_external_task_marker_child to None, run_after=None
[2025-04-05T11:32:02.631+0100] {logging_mixin.py:188} INFO - [2025-04-05T11:32:02.631+0100] {dag.py:3954} INFO - Setting next_dagrun for example_external_task_marker_parent to None, run_after=None
[2025-04-05T11:32:02.637+0100] {processor.py:183} INFO - Processing /Users/judeezeh/Desktop/Zoomcamp-project/venv/lib/python3.11/site-packages/airflow/example_dags/example_external_task_marker_dag.py took 0.047 seconds
[2025-04-05T11:33:49.945+0100] {processor.py:161} INFO - Started process (PID=18369) to work on /Users/judeezeh/Desktop/Zoomcamp-project/venv/lib/python3.11/site-packages/airflow/example_dags/example_external_task_marker_dag.py
[2025-04-05T11:33:49.946+0100] {processor.py:830} INFO - Processing file /Users/judeezeh/Desktop/Zoomcamp-project/venv/lib/python3.11/site-packages/airflow/example_dags/example_external_task_marker_dag.py for tasks to queue
[2025-04-05T11:33:49.947+0100] {logging_mixin.py:188} INFO - [2025-04-05T11:33:49.947+0100] {dagbag.py:540} INFO - Filling up the DagBag from /Users/judeezeh/Desktop/Zoomcamp-project/venv/lib/python3.11/site-packages/airflow/example_dags/example_external_task_marker_dag.py
[2025-04-05T11:33:49.951+0100] {processor.py:840} INFO - DAG(s) 'example_external_task_marker_child', 'example_external_task_marker_parent' retrieved from /Users/judeezeh/Desktop/Zoomcamp-project/venv/lib/python3.11/site-packages/airflow/example_dags/example_external_task_marker_dag.py
[2025-04-05T11:33:49.980+0100] {logging_mixin.py:188} INFO - [2025-04-05T11:33:49.980+0100] {dag.py:3096} INFO - Sync 2 DAGs
[2025-04-05T11:33:49.983+0100] {logging_mixin.py:188} INFO - [2025-04-05T11:33:49.983+0100] {dag.py:3954} INFO - Setting next_dagrun for example_external_task_marker_child to None, run_after=None
[2025-04-05T11:33:49.984+0100] {logging_mixin.py:188} INFO - [2025-04-05T11:33:49.984+0100] {dag.py:3954} INFO - Setting next_dagrun for example_external_task_marker_parent to None, run_after=None
[2025-04-05T11:33:49.990+0100] {processor.py:183} INFO - Processing /Users/judeezeh/Desktop/Zoomcamp-project/venv/lib/python3.11/site-packages/airflow/example_dags/example_external_task_marker_dag.py took 0.046 seconds
[2025-04-05T11:35:23.292+0100] {processor.py:161} INFO - Started process (PID=18506) to work on /Users/judeezeh/Desktop/Zoomcamp-project/venv/lib/python3.11/site-packages/airflow/example_dags/example_external_task_marker_dag.py
[2025-04-05T11:35:23.293+0100] {processor.py:830} INFO - Processing file /Users/judeezeh/Desktop/Zoomcamp-project/venv/lib/python3.11/site-packages/airflow/example_dags/example_external_task_marker_dag.py for tasks to queue
[2025-04-05T11:35:23.293+0100] {logging_mixin.py:188} INFO - [2025-04-05T11:35:23.293+0100] {dagbag.py:540} INFO - Filling up the DagBag from /Users/judeezeh/Desktop/Zoomcamp-project/venv/lib/python3.11/site-packages/airflow/example_dags/example_external_task_marker_dag.py
[2025-04-05T11:35:23.297+0100] {processor.py:840} INFO - DAG(s) 'example_external_task_marker_child', 'example_external_task_marker_parent' retrieved from /Users/judeezeh/Desktop/Zoomcamp-project/venv/lib/python3.11/site-packages/airflow/example_dags/example_external_task_marker_dag.py
[2025-04-05T11:35:23.327+0100] {logging_mixin.py:188} INFO - [2025-04-05T11:35:23.327+0100] {dag.py:3096} INFO - Sync 2 DAGs
[2025-04-05T11:35:23.330+0100] {logging_mixin.py:188} INFO - [2025-04-05T11:35:23.330+0100] {dag.py:3954} INFO - Setting next_dagrun for example_external_task_marker_child to None, run_after=None
[2025-04-05T11:35:23.331+0100] {logging_mixin.py:188} INFO - [2025-04-05T11:35:23.331+0100] {dag.py:3954} INFO - Setting next_dagrun for example_external_task_marker_parent to None, run_after=None
[2025-04-05T11:35:23.337+0100] {processor.py:183} INFO - Processing /Users/judeezeh/Desktop/Zoomcamp-project/venv/lib/python3.11/site-packages/airflow/example_dags/example_external_task_marker_dag.py took 0.046 seconds
[2025-04-05T11:37:12.482+0100] {processor.py:161} INFO - Started process (PID=18669) to work on /Users/judeezeh/Desktop/Zoomcamp-project/venv/lib/python3.11/site-packages/airflow/example_dags/example_external_task_marker_dag.py
[2025-04-05T11:37:12.483+0100] {processor.py:830} INFO - Processing file /Users/judeezeh/Desktop/Zoomcamp-project/venv/lib/python3.11/site-packages/airflow/example_dags/example_external_task_marker_dag.py for tasks to queue
[2025-04-05T11:37:12.483+0100] {logging_mixin.py:188} INFO - [2025-04-05T11:37:12.483+0100] {dagbag.py:540} INFO - Filling up the DagBag from /Users/judeezeh/Desktop/Zoomcamp-project/venv/lib/python3.11/site-packages/airflow/example_dags/example_external_task_marker_dag.py
[2025-04-05T11:37:12.487+0100] {processor.py:840} INFO - DAG(s) 'example_external_task_marker_child', 'example_external_task_marker_parent' retrieved from /Users/judeezeh/Desktop/Zoomcamp-project/venv/lib/python3.11/site-packages/airflow/example_dags/example_external_task_marker_dag.py
[2025-04-05T11:37:12.517+0100] {logging_mixin.py:188} INFO - [2025-04-05T11:37:12.517+0100] {dag.py:3096} INFO - Sync 2 DAGs
[2025-04-05T11:37:12.520+0100] {logging_mixin.py:188} INFO - [2025-04-05T11:37:12.520+0100] {dag.py:3954} INFO - Setting next_dagrun for example_external_task_marker_child to None, run_after=None
[2025-04-05T11:37:12.521+0100] {logging_mixin.py:188} INFO - [2025-04-05T11:37:12.521+0100] {dag.py:3954} INFO - Setting next_dagrun for example_external_task_marker_parent to None, run_after=None
[2025-04-05T11:37:12.527+0100] {processor.py:183} INFO - Processing /Users/judeezeh/Desktop/Zoomcamp-project/venv/lib/python3.11/site-packages/airflow/example_dags/example_external_task_marker_dag.py took 0.046 seconds
[2025-04-05T11:39:10.724+0100] {processor.py:161} INFO - Started process (PID=18854) to work on /Users/judeezeh/Desktop/Zoomcamp-project/venv/lib/python3.11/site-packages/airflow/example_dags/example_external_task_marker_dag.py
[2025-04-05T11:39:10.725+0100] {processor.py:830} INFO - Processing file /Users/judeezeh/Desktop/Zoomcamp-project/venv/lib/python3.11/site-packages/airflow/example_dags/example_external_task_marker_dag.py for tasks to queue
[2025-04-05T11:39:10.725+0100] {logging_mixin.py:188} INFO - [2025-04-05T11:39:10.725+0100] {dagbag.py:540} INFO - Filling up the DagBag from /Users/judeezeh/Desktop/Zoomcamp-project/venv/lib/python3.11/site-packages/airflow/example_dags/example_external_task_marker_dag.py
[2025-04-05T11:39:10.729+0100] {processor.py:840} INFO - DAG(s) 'example_external_task_marker_child', 'example_external_task_marker_parent' retrieved from /Users/judeezeh/Desktop/Zoomcamp-project/venv/lib/python3.11/site-packages/airflow/example_dags/example_external_task_marker_dag.py
[2025-04-05T11:39:10.759+0100] {logging_mixin.py:188} INFO - [2025-04-05T11:39:10.759+0100] {dag.py:3096} INFO - Sync 2 DAGs
[2025-04-05T11:39:10.762+0100] {logging_mixin.py:188} INFO - [2025-04-05T11:39:10.762+0100] {dag.py:3954} INFO - Setting next_dagrun for example_external_task_marker_child to None, run_after=None
[2025-04-05T11:39:10.762+0100] {logging_mixin.py:188} INFO - [2025-04-05T11:39:10.762+0100] {dag.py:3954} INFO - Setting next_dagrun for example_external_task_marker_parent to None, run_after=None
[2025-04-05T11:39:10.769+0100] {processor.py:183} INFO - Processing /Users/judeezeh/Desktop/Zoomcamp-project/venv/lib/python3.11/site-packages/airflow/example_dags/example_external_task_marker_dag.py took 0.046 seconds
[2025-04-05T11:40:52.213+0100] {processor.py:161} INFO - Started process (PID=19043) to work on /Users/judeezeh/Desktop/Zoomcamp-project/venv/lib/python3.11/site-packages/airflow/example_dags/example_external_task_marker_dag.py
[2025-04-05T11:40:52.213+0100] {processor.py:830} INFO - Processing file /Users/judeezeh/Desktop/Zoomcamp-project/venv/lib/python3.11/site-packages/airflow/example_dags/example_external_task_marker_dag.py for tasks to queue
[2025-04-05T11:40:52.214+0100] {logging_mixin.py:188} INFO - [2025-04-05T11:40:52.214+0100] {dagbag.py:540} INFO - Filling up the DagBag from /Users/judeezeh/Desktop/Zoomcamp-project/venv/lib/python3.11/site-packages/airflow/example_dags/example_external_task_marker_dag.py
[2025-04-05T11:40:52.218+0100] {processor.py:840} INFO - DAG(s) 'example_external_task_marker_parent', 'example_external_task_marker_child' retrieved from /Users/judeezeh/Desktop/Zoomcamp-project/venv/lib/python3.11/site-packages/airflow/example_dags/example_external_task_marker_dag.py
[2025-04-05T11:40:52.248+0100] {logging_mixin.py:188} INFO - [2025-04-05T11:40:52.248+0100] {dag.py:3096} INFO - Sync 2 DAGs
[2025-04-05T11:40:52.251+0100] {logging_mixin.py:188} INFO - [2025-04-05T11:40:52.251+0100] {dag.py:3954} INFO - Setting next_dagrun for example_external_task_marker_child to None, run_after=None
[2025-04-05T11:40:52.252+0100] {logging_mixin.py:188} INFO - [2025-04-05T11:40:52.252+0100] {dag.py:3954} INFO - Setting next_dagrun for example_external_task_marker_parent to None, run_after=None
[2025-04-05T11:40:52.258+0100] {processor.py:183} INFO - Processing /Users/judeezeh/Desktop/Zoomcamp-project/venv/lib/python3.11/site-packages/airflow/example_dags/example_external_task_marker_dag.py took 0.046 seconds
[2025-04-05T11:42:22.330+0100] {processor.py:161} INFO - Started process (PID=19181) to work on /Users/judeezeh/Desktop/Zoomcamp-project/venv/lib/python3.11/site-packages/airflow/example_dags/example_external_task_marker_dag.py
[2025-04-05T11:42:22.331+0100] {processor.py:830} INFO - Processing file /Users/judeezeh/Desktop/Zoomcamp-project/venv/lib/python3.11/site-packages/airflow/example_dags/example_external_task_marker_dag.py for tasks to queue
[2025-04-05T11:42:22.331+0100] {logging_mixin.py:188} INFO - [2025-04-05T11:42:22.331+0100] {dagbag.py:540} INFO - Filling up the DagBag from /Users/judeezeh/Desktop/Zoomcamp-project/venv/lib/python3.11/site-packages/airflow/example_dags/example_external_task_marker_dag.py
[2025-04-05T11:42:22.336+0100] {processor.py:840} INFO - DAG(s) 'example_external_task_marker_child', 'example_external_task_marker_parent' retrieved from /Users/judeezeh/Desktop/Zoomcamp-project/venv/lib/python3.11/site-packages/airflow/example_dags/example_external_task_marker_dag.py
[2025-04-05T11:42:22.366+0100] {logging_mixin.py:188} INFO - [2025-04-05T11:42:22.366+0100] {dag.py:3096} INFO - Sync 2 DAGs
[2025-04-05T11:42:22.368+0100] {logging_mixin.py:188} INFO - [2025-04-05T11:42:22.368+0100] {dag.py:3954} INFO - Setting next_dagrun for example_external_task_marker_child to None, run_after=None
[2025-04-05T11:42:22.369+0100] {logging_mixin.py:188} INFO - [2025-04-05T11:42:22.369+0100] {dag.py:3954} INFO - Setting next_dagrun for example_external_task_marker_parent to None, run_after=None
[2025-04-05T11:42:22.375+0100] {processor.py:183} INFO - Processing /Users/judeezeh/Desktop/Zoomcamp-project/venv/lib/python3.11/site-packages/airflow/example_dags/example_external_task_marker_dag.py took 0.046 seconds
