[2025-04-05T11:15:54.290+0100] {processor.py:161} INFO - Started process (PID=16763) to work on /Users/judeezeh/Desktop/Zoomcamp-project/venv/lib/python3.11/site-packages/airflow/example_dags/example_display_name.py
[2025-04-05T11:15:54.290+0100] {processor.py:830} INFO - Processing file /Users/judeezeh/Desktop/Zoomcamp-project/venv/lib/python3.11/site-packages/airflow/example_dags/example_display_name.py for tasks to queue
[2025-04-05T11:15:54.290+0100] {logging_mixin.py:188} INFO - [2025-04-05T11:15:54.290+0100] {dagbag.py:540} INFO - Filling up the DagBag from /Users/judeezeh/Desktop/Zoomcamp-project/venv/lib/python3.11/site-packages/airflow/example_dags/example_display_name.py
[2025-04-05T11:15:54.302+0100] {processor.py:840} INFO - DAG(s) 'example_display_name' retrieved from /Users/judeezeh/Desktop/Zoomcamp-project/venv/lib/python3.11/site-packages/airflow/example_dags/example_display_name.py
[2025-04-05T11:15:54.379+0100] {logging_mixin.py:188} INFO - [2025-04-05T11:15:54.378+0100] {override.py:1930} INFO - Created Permission View: can read on DAG:example_display_name
[2025-04-05T11:15:54.381+0100] {logging_mixin.py:188} INFO - [2025-04-05T11:15:54.381+0100] {override.py:1930} INFO - Created Permission View: can delete on DAG:example_display_name
[2025-04-05T11:15:54.383+0100] {logging_mixin.py:188} INFO - [2025-04-05T11:15:54.383+0100] {override.py:1930} INFO - Created Permission View: can edit on DAG:example_display_name
[2025-04-05T11:15:54.383+0100] {logging_mixin.py:188} INFO - [2025-04-05T11:15:54.383+0100] {dag.py:3096} INFO - Sync 1 DAGs
[2025-04-05T11:15:54.386+0100] {logging_mixin.py:188} INFO - [2025-04-05T11:15:54.385+0100] {dag.py:3118} INFO - Creating ORM DAG for example_display_name
[2025-04-05T11:15:54.386+0100] {logging_mixin.py:188} INFO - [2025-04-05T11:15:54.386+0100] {dag.py:3954} INFO - Setting next_dagrun for example_display_name to None, run_after=None
[2025-04-05T11:15:54.391+0100] {processor.py:183} INFO - Processing /Users/judeezeh/Desktop/Zoomcamp-project/venv/lib/python3.11/site-packages/airflow/example_dags/example_display_name.py took 0.102 seconds
[2025-04-05T11:17:28.022+0100] {processor.py:161} INFO - Started process (PID=16918) to work on /Users/judeezeh/Desktop/Zoomcamp-project/venv/lib/python3.11/site-packages/airflow/example_dags/example_display_name.py
[2025-04-05T11:17:28.023+0100] {processor.py:830} INFO - Processing file /Users/judeezeh/Desktop/Zoomcamp-project/venv/lib/python3.11/site-packages/airflow/example_dags/example_display_name.py for tasks to queue
[2025-04-05T11:17:28.023+0100] {logging_mixin.py:188} INFO - [2025-04-05T11:17:28.023+0100] {dagbag.py:540} INFO - Filling up the DagBag from /Users/judeezeh/Desktop/Zoomcamp-project/venv/lib/python3.11/site-packages/airflow/example_dags/example_display_name.py
[2025-04-05T11:17:28.034+0100] {processor.py:840} INFO - DAG(s) 'example_display_name' retrieved from /Users/judeezeh/Desktop/Zoomcamp-project/venv/lib/python3.11/site-packages/airflow/example_dags/example_display_name.py
[2025-04-05T11:17:28.062+0100] {logging_mixin.py:188} INFO - [2025-04-05T11:17:28.062+0100] {dag.py:3096} INFO - Sync 1 DAGs
[2025-04-05T11:17:28.065+0100] {logging_mixin.py:188} INFO - [2025-04-05T11:17:28.065+0100] {dag.py:3954} INFO - Setting next_dagrun for example_display_name to None, run_after=None
[2025-04-05T11:17:28.071+0100] {processor.py:183} INFO - Processing /Users/judeezeh/Desktop/Zoomcamp-project/venv/lib/python3.11/site-packages/airflow/example_dags/example_display_name.py took 0.050 seconds
[2025-04-05T11:19:55.829+0100] {processor.py:161} INFO - Started process (PID=17175) to work on /Users/judeezeh/Desktop/Zoomcamp-project/venv/lib/python3.11/site-packages/airflow/example_dags/example_display_name.py
[2025-04-05T11:19:55.830+0100] {processor.py:830} INFO - Processing file /Users/judeezeh/Desktop/Zoomcamp-project/venv/lib/python3.11/site-packages/airflow/example_dags/example_display_name.py for tasks to queue
[2025-04-05T11:19:55.830+0100] {logging_mixin.py:188} INFO - [2025-04-05T11:19:55.830+0100] {dagbag.py:540} INFO - Filling up the DagBag from /Users/judeezeh/Desktop/Zoomcamp-project/venv/lib/python3.11/site-packages/airflow/example_dags/example_display_name.py
[2025-04-05T11:19:55.842+0100] {processor.py:840} INFO - DAG(s) 'example_display_name' retrieved from /Users/judeezeh/Desktop/Zoomcamp-project/venv/lib/python3.11/site-packages/airflow/example_dags/example_display_name.py
[2025-04-05T11:19:55.869+0100] {logging_mixin.py:188} INFO - [2025-04-05T11:19:55.869+0100] {dag.py:3096} INFO - Sync 1 DAGs
[2025-04-05T11:19:55.872+0100] {logging_mixin.py:188} INFO - [2025-04-05T11:19:55.872+0100] {dag.py:3954} INFO - Setting next_dagrun for example_display_name to None, run_after=None
[2025-04-05T11:19:55.879+0100] {processor.py:183} INFO - Processing /Users/judeezeh/Desktop/Zoomcamp-project/venv/lib/python3.11/site-packages/airflow/example_dags/example_display_name.py took 0.051 seconds
[2025-04-05T11:21:51.518+0100] {processor.py:161} INFO - Started process (PID=17341) to work on /Users/judeezeh/Desktop/Zoomcamp-project/venv/lib/python3.11/site-packages/airflow/example_dags/example_display_name.py
[2025-04-05T11:21:51.518+0100] {processor.py:830} INFO - Processing file /Users/judeezeh/Desktop/Zoomcamp-project/venv/lib/python3.11/site-packages/airflow/example_dags/example_display_name.py for tasks to queue
[2025-04-05T11:21:51.519+0100] {logging_mixin.py:188} INFO - [2025-04-05T11:21:51.519+0100] {dagbag.py:540} INFO - Filling up the DagBag from /Users/judeezeh/Desktop/Zoomcamp-project/venv/lib/python3.11/site-packages/airflow/example_dags/example_display_name.py
[2025-04-05T11:21:51.531+0100] {processor.py:840} INFO - DAG(s) 'example_display_name' retrieved from /Users/judeezeh/Desktop/Zoomcamp-project/venv/lib/python3.11/site-packages/airflow/example_dags/example_display_name.py
[2025-04-05T11:21:51.559+0100] {logging_mixin.py:188} INFO - [2025-04-05T11:21:51.559+0100] {dag.py:3096} INFO - Sync 1 DAGs
[2025-04-05T11:21:51.562+0100] {logging_mixin.py:188} INFO - [2025-04-05T11:21:51.562+0100] {dag.py:3954} INFO - Setting next_dagrun for example_display_name to None, run_after=None
[2025-04-05T11:21:51.569+0100] {processor.py:183} INFO - Processing /Users/judeezeh/Desktop/Zoomcamp-project/venv/lib/python3.11/site-packages/airflow/example_dags/example_display_name.py took 0.052 seconds
[2025-04-05T11:23:31.420+0100] {processor.py:161} INFO - Started process (PID=17485) to work on /Users/judeezeh/Desktop/Zoomcamp-project/venv/lib/python3.11/site-packages/airflow/example_dags/example_display_name.py
[2025-04-05T11:23:31.421+0100] {processor.py:830} INFO - Processing file /Users/judeezeh/Desktop/Zoomcamp-project/venv/lib/python3.11/site-packages/airflow/example_dags/example_display_name.py for tasks to queue
[2025-04-05T11:23:31.421+0100] {logging_mixin.py:188} INFO - [2025-04-05T11:23:31.421+0100] {dagbag.py:540} INFO - Filling up the DagBag from /Users/judeezeh/Desktop/Zoomcamp-project/venv/lib/python3.11/site-packages/airflow/example_dags/example_display_name.py
[2025-04-05T11:23:31.432+0100] {processor.py:840} INFO - DAG(s) 'example_display_name' retrieved from /Users/judeezeh/Desktop/Zoomcamp-project/venv/lib/python3.11/site-packages/airflow/example_dags/example_display_name.py
[2025-04-05T11:23:31.460+0100] {logging_mixin.py:188} INFO - [2025-04-05T11:23:31.460+0100] {dag.py:3096} INFO - Sync 1 DAGs
[2025-04-05T11:23:31.463+0100] {logging_mixin.py:188} INFO - [2025-04-05T11:23:31.463+0100] {dag.py:3954} INFO - Setting next_dagrun for example_display_name to None, run_after=None
[2025-04-05T11:23:31.469+0100] {processor.py:183} INFO - Processing /Users/judeezeh/Desktop/Zoomcamp-project/venv/lib/python3.11/site-packages/airflow/example_dags/example_display_name.py took 0.050 seconds
[2025-04-05T11:25:13.620+0100] {processor.py:161} INFO - Started process (PID=17623) to work on /Users/judeezeh/Desktop/Zoomcamp-project/venv/lib/python3.11/site-packages/airflow/example_dags/example_display_name.py
[2025-04-05T11:25:13.621+0100] {processor.py:830} INFO - Processing file /Users/judeezeh/Desktop/Zoomcamp-project/venv/lib/python3.11/site-packages/airflow/example_dags/example_display_name.py for tasks to queue
[2025-04-05T11:25:13.621+0100] {logging_mixin.py:188} INFO - [2025-04-05T11:25:13.621+0100] {dagbag.py:540} INFO - Filling up the DagBag from /Users/judeezeh/Desktop/Zoomcamp-project/venv/lib/python3.11/site-packages/airflow/example_dags/example_display_name.py
[2025-04-05T11:25:13.632+0100] {processor.py:840} INFO - DAG(s) 'example_display_name' retrieved from /Users/judeezeh/Desktop/Zoomcamp-project/venv/lib/python3.11/site-packages/airflow/example_dags/example_display_name.py
[2025-04-05T11:25:13.660+0100] {logging_mixin.py:188} INFO - [2025-04-05T11:25:13.660+0100] {dag.py:3096} INFO - Sync 1 DAGs
[2025-04-05T11:25:13.663+0100] {logging_mixin.py:188} INFO - [2025-04-05T11:25:13.663+0100] {dag.py:3954} INFO - Setting next_dagrun for example_display_name to None, run_after=None
[2025-04-05T11:25:13.669+0100] {processor.py:183} INFO - Processing /Users/judeezeh/Desktop/Zoomcamp-project/venv/lib/python3.11/site-packages/airflow/example_dags/example_display_name.py took 0.050 seconds
[2025-04-05T11:26:50.104+0100] {processor.py:161} INFO - Started process (PID=17772) to work on /Users/judeezeh/Desktop/Zoomcamp-project/venv/lib/python3.11/site-packages/airflow/example_dags/example_display_name.py
[2025-04-05T11:26:50.105+0100] {processor.py:830} INFO - Processing file /Users/judeezeh/Desktop/Zoomcamp-project/venv/lib/python3.11/site-packages/airflow/example_dags/example_display_name.py for tasks to queue
[2025-04-05T11:26:50.105+0100] {logging_mixin.py:188} INFO - [2025-04-05T11:26:50.105+0100] {dagbag.py:540} INFO - Filling up the DagBag from /Users/judeezeh/Desktop/Zoomcamp-project/venv/lib/python3.11/site-packages/airflow/example_dags/example_display_name.py
[2025-04-05T11:26:50.116+0100] {processor.py:840} INFO - DAG(s) 'example_display_name' retrieved from /Users/judeezeh/Desktop/Zoomcamp-project/venv/lib/python3.11/site-packages/airflow/example_dags/example_display_name.py
[2025-04-05T11:26:50.144+0100] {logging_mixin.py:188} INFO - [2025-04-05T11:26:50.144+0100] {dag.py:3096} INFO - Sync 1 DAGs
[2025-04-05T11:26:50.147+0100] {logging_mixin.py:188} INFO - [2025-04-05T11:26:50.147+0100] {dag.py:3954} INFO - Setting next_dagrun for example_display_name to None, run_after=None
[2025-04-05T11:26:50.154+0100] {processor.py:183} INFO - Processing /Users/judeezeh/Desktop/Zoomcamp-project/venv/lib/python3.11/site-packages/airflow/example_dags/example_display_name.py took 0.050 seconds
[2025-04-05T11:28:41.072+0100] {processor.py:161} INFO - Started process (PID=17928) to work on /Users/judeezeh/Desktop/Zoomcamp-project/venv/lib/python3.11/site-packages/airflow/example_dags/example_display_name.py
[2025-04-05T11:28:41.073+0100] {processor.py:830} INFO - Processing file /Users/judeezeh/Desktop/Zoomcamp-project/venv/lib/python3.11/site-packages/airflow/example_dags/example_display_name.py for tasks to queue
[2025-04-05T11:28:41.073+0100] {logging_mixin.py:188} INFO - [2025-04-05T11:28:41.073+0100] {dagbag.py:540} INFO - Filling up the DagBag from /Users/judeezeh/Desktop/Zoomcamp-project/venv/lib/python3.11/site-packages/airflow/example_dags/example_display_name.py
[2025-04-05T11:28:41.085+0100] {processor.py:840} INFO - DAG(s) 'example_display_name' retrieved from /Users/judeezeh/Desktop/Zoomcamp-project/venv/lib/python3.11/site-packages/airflow/example_dags/example_display_name.py
[2025-04-05T11:28:41.114+0100] {logging_mixin.py:188} INFO - [2025-04-05T11:28:41.114+0100] {dag.py:3096} INFO - Sync 1 DAGs
[2025-04-05T11:28:41.117+0100] {logging_mixin.py:188} INFO - [2025-04-05T11:28:41.117+0100] {dag.py:3954} INFO - Setting next_dagrun for example_display_name to None, run_after=None
[2025-04-05T11:28:41.124+0100] {processor.py:183} INFO - Processing /Users/judeezeh/Desktop/Zoomcamp-project/venv/lib/python3.11/site-packages/airflow/example_dags/example_display_name.py took 0.053 seconds
[2025-04-05T11:30:30.211+0100] {processor.py:161} INFO - Started process (PID=18076) to work on /Users/judeezeh/Desktop/Zoomcamp-project/venv/lib/python3.11/site-packages/airflow/example_dags/example_display_name.py
[2025-04-05T11:30:30.212+0100] {processor.py:830} INFO - Processing file /Users/judeezeh/Desktop/Zoomcamp-project/venv/lib/python3.11/site-packages/airflow/example_dags/example_display_name.py for tasks to queue
[2025-04-05T11:30:30.212+0100] {logging_mixin.py:188} INFO - [2025-04-05T11:30:30.212+0100] {dagbag.py:540} INFO - Filling up the DagBag from /Users/judeezeh/Desktop/Zoomcamp-project/venv/lib/python3.11/site-packages/airflow/example_dags/example_display_name.py
[2025-04-05T11:30:30.224+0100] {processor.py:840} INFO - DAG(s) 'example_display_name' retrieved from /Users/judeezeh/Desktop/Zoomcamp-project/venv/lib/python3.11/site-packages/airflow/example_dags/example_display_name.py
[2025-04-05T11:30:30.252+0100] {logging_mixin.py:188} INFO - [2025-04-05T11:30:30.252+0100] {dag.py:3096} INFO - Sync 1 DAGs
[2025-04-05T11:30:30.255+0100] {logging_mixin.py:188} INFO - [2025-04-05T11:30:30.255+0100] {dag.py:3954} INFO - Setting next_dagrun for example_display_name to None, run_after=None
[2025-04-05T11:30:30.261+0100] {processor.py:183} INFO - Processing /Users/judeezeh/Desktop/Zoomcamp-project/venv/lib/python3.11/site-packages/airflow/example_dags/example_display_name.py took 0.051 seconds
[2025-04-05T11:32:07.516+0100] {processor.py:161} INFO - Started process (PID=18225) to work on /Users/judeezeh/Desktop/Zoomcamp-project/venv/lib/python3.11/site-packages/airflow/example_dags/example_display_name.py
[2025-04-05T11:32:07.518+0100] {processor.py:830} INFO - Processing file /Users/judeezeh/Desktop/Zoomcamp-project/venv/lib/python3.11/site-packages/airflow/example_dags/example_display_name.py for tasks to queue
[2025-04-05T11:32:07.518+0100] {logging_mixin.py:188} INFO - [2025-04-05T11:32:07.518+0100] {dagbag.py:540} INFO - Filling up the DagBag from /Users/judeezeh/Desktop/Zoomcamp-project/venv/lib/python3.11/site-packages/airflow/example_dags/example_display_name.py
[2025-04-05T11:32:07.529+0100] {processor.py:840} INFO - DAG(s) 'example_display_name' retrieved from /Users/judeezeh/Desktop/Zoomcamp-project/venv/lib/python3.11/site-packages/airflow/example_dags/example_display_name.py
[2025-04-05T11:32:07.557+0100] {logging_mixin.py:188} INFO - [2025-04-05T11:32:07.557+0100] {dag.py:3096} INFO - Sync 1 DAGs
[2025-04-05T11:32:07.560+0100] {logging_mixin.py:188} INFO - [2025-04-05T11:32:07.560+0100] {dag.py:3954} INFO - Setting next_dagrun for example_display_name to None, run_after=None
[2025-04-05T11:32:07.566+0100] {processor.py:183} INFO - Processing /Users/judeezeh/Desktop/Zoomcamp-project/venv/lib/python3.11/site-packages/airflow/example_dags/example_display_name.py took 0.051 seconds
[2025-04-05T11:33:54.985+0100] {processor.py:161} INFO - Started process (PID=18375) to work on /Users/judeezeh/Desktop/Zoomcamp-project/venv/lib/python3.11/site-packages/airflow/example_dags/example_display_name.py
[2025-04-05T11:33:54.987+0100] {processor.py:830} INFO - Processing file /Users/judeezeh/Desktop/Zoomcamp-project/venv/lib/python3.11/site-packages/airflow/example_dags/example_display_name.py for tasks to queue
[2025-04-05T11:33:54.987+0100] {logging_mixin.py:188} INFO - [2025-04-05T11:33:54.987+0100] {dagbag.py:540} INFO - Filling up the DagBag from /Users/judeezeh/Desktop/Zoomcamp-project/venv/lib/python3.11/site-packages/airflow/example_dags/example_display_name.py
[2025-04-05T11:33:54.999+0100] {processor.py:840} INFO - DAG(s) 'example_display_name' retrieved from /Users/judeezeh/Desktop/Zoomcamp-project/venv/lib/python3.11/site-packages/airflow/example_dags/example_display_name.py
[2025-04-05T11:33:55.026+0100] {logging_mixin.py:188} INFO - [2025-04-05T11:33:55.026+0100] {dag.py:3096} INFO - Sync 1 DAGs
[2025-04-05T11:33:55.029+0100] {logging_mixin.py:188} INFO - [2025-04-05T11:33:55.029+0100] {dag.py:3954} INFO - Setting next_dagrun for example_display_name to None, run_after=None
[2025-04-05T11:33:55.035+0100] {processor.py:183} INFO - Processing /Users/judeezeh/Desktop/Zoomcamp-project/venv/lib/python3.11/site-packages/airflow/example_dags/example_display_name.py took 0.051 seconds
[2025-04-05T11:35:28.313+0100] {processor.py:161} INFO - Started process (PID=18512) to work on /Users/judeezeh/Desktop/Zoomcamp-project/venv/lib/python3.11/site-packages/airflow/example_dags/example_display_name.py
[2025-04-05T11:35:28.315+0100] {processor.py:830} INFO - Processing file /Users/judeezeh/Desktop/Zoomcamp-project/venv/lib/python3.11/site-packages/airflow/example_dags/example_display_name.py for tasks to queue
[2025-04-05T11:35:28.315+0100] {logging_mixin.py:188} INFO - [2025-04-05T11:35:28.315+0100] {dagbag.py:540} INFO - Filling up the DagBag from /Users/judeezeh/Desktop/Zoomcamp-project/venv/lib/python3.11/site-packages/airflow/example_dags/example_display_name.py
[2025-04-05T11:35:28.327+0100] {processor.py:840} INFO - DAG(s) 'example_display_name' retrieved from /Users/judeezeh/Desktop/Zoomcamp-project/venv/lib/python3.11/site-packages/airflow/example_dags/example_display_name.py
[2025-04-05T11:35:28.356+0100] {logging_mixin.py:188} INFO - [2025-04-05T11:35:28.356+0100] {dag.py:3096} INFO - Sync 1 DAGs
[2025-04-05T11:35:28.359+0100] {logging_mixin.py:188} INFO - [2025-04-05T11:35:28.358+0100] {dag.py:3954} INFO - Setting next_dagrun for example_display_name to None, run_after=None
[2025-04-05T11:35:28.365+0100] {processor.py:183} INFO - Processing /Users/judeezeh/Desktop/Zoomcamp-project/venv/lib/python3.11/site-packages/airflow/example_dags/example_display_name.py took 0.052 seconds
[2025-04-05T11:37:16.533+0100] {processor.py:161} INFO - Started process (PID=18679) to work on /Users/judeezeh/Desktop/Zoomcamp-project/venv/lib/python3.11/site-packages/airflow/example_dags/example_display_name.py
[2025-04-05T11:37:16.534+0100] {processor.py:830} INFO - Processing file /Users/judeezeh/Desktop/Zoomcamp-project/venv/lib/python3.11/site-packages/airflow/example_dags/example_display_name.py for tasks to queue
[2025-04-05T11:37:16.534+0100] {logging_mixin.py:188} INFO - [2025-04-05T11:37:16.534+0100] {dagbag.py:540} INFO - Filling up the DagBag from /Users/judeezeh/Desktop/Zoomcamp-project/venv/lib/python3.11/site-packages/airflow/example_dags/example_display_name.py
[2025-04-05T11:37:16.545+0100] {processor.py:840} INFO - DAG(s) 'example_display_name' retrieved from /Users/judeezeh/Desktop/Zoomcamp-project/venv/lib/python3.11/site-packages/airflow/example_dags/example_display_name.py
[2025-04-05T11:37:16.573+0100] {logging_mixin.py:188} INFO - [2025-04-05T11:37:16.573+0100] {dag.py:3096} INFO - Sync 1 DAGs
[2025-04-05T11:37:16.575+0100] {logging_mixin.py:188} INFO - [2025-04-05T11:37:16.575+0100] {dag.py:3954} INFO - Setting next_dagrun for example_display_name to None, run_after=None
[2025-04-05T11:37:16.582+0100] {processor.py:183} INFO - Processing /Users/judeezeh/Desktop/Zoomcamp-project/venv/lib/python3.11/site-packages/airflow/example_dags/example_display_name.py took 0.050 seconds
[2025-04-05T11:39:15.782+0100] {processor.py:161} INFO - Started process (PID=18861) to work on /Users/judeezeh/Desktop/Zoomcamp-project/venv/lib/python3.11/site-packages/airflow/example_dags/example_display_name.py
[2025-04-05T11:39:15.783+0100] {processor.py:830} INFO - Processing file /Users/judeezeh/Desktop/Zoomcamp-project/venv/lib/python3.11/site-packages/airflow/example_dags/example_display_name.py for tasks to queue
[2025-04-05T11:39:15.783+0100] {logging_mixin.py:188} INFO - [2025-04-05T11:39:15.783+0100] {dagbag.py:540} INFO - Filling up the DagBag from /Users/judeezeh/Desktop/Zoomcamp-project/venv/lib/python3.11/site-packages/airflow/example_dags/example_display_name.py
[2025-04-05T11:39:15.794+0100] {processor.py:840} INFO - DAG(s) 'example_display_name' retrieved from /Users/judeezeh/Desktop/Zoomcamp-project/venv/lib/python3.11/site-packages/airflow/example_dags/example_display_name.py
[2025-04-05T11:39:15.824+0100] {logging_mixin.py:188} INFO - [2025-04-05T11:39:15.824+0100] {dag.py:3096} INFO - Sync 1 DAGs
[2025-04-05T11:39:15.827+0100] {logging_mixin.py:188} INFO - [2025-04-05T11:39:15.827+0100] {dag.py:3954} INFO - Setting next_dagrun for example_display_name to None, run_after=None
[2025-04-05T11:39:15.834+0100] {processor.py:183} INFO - Processing /Users/judeezeh/Desktop/Zoomcamp-project/venv/lib/python3.11/site-packages/airflow/example_dags/example_display_name.py took 0.053 seconds
[2025-04-05T11:40:56.224+0100] {processor.py:161} INFO - Started process (PID=19051) to work on /Users/judeezeh/Desktop/Zoomcamp-project/venv/lib/python3.11/site-packages/airflow/example_dags/example_display_name.py
[2025-04-05T11:40:56.225+0100] {processor.py:830} INFO - Processing file /Users/judeezeh/Desktop/Zoomcamp-project/venv/lib/python3.11/site-packages/airflow/example_dags/example_display_name.py for tasks to queue
[2025-04-05T11:40:56.225+0100] {logging_mixin.py:188} INFO - [2025-04-05T11:40:56.225+0100] {dagbag.py:540} INFO - Filling up the DagBag from /Users/judeezeh/Desktop/Zoomcamp-project/venv/lib/python3.11/site-packages/airflow/example_dags/example_display_name.py
[2025-04-05T11:40:56.237+0100] {processor.py:840} INFO - DAG(s) 'example_display_name' retrieved from /Users/judeezeh/Desktop/Zoomcamp-project/venv/lib/python3.11/site-packages/airflow/example_dags/example_display_name.py
[2025-04-05T11:40:56.266+0100] {logging_mixin.py:188} INFO - [2025-04-05T11:40:56.266+0100] {dag.py:3096} INFO - Sync 1 DAGs
[2025-04-05T11:40:56.269+0100] {logging_mixin.py:188} INFO - [2025-04-05T11:40:56.269+0100] {dag.py:3954} INFO - Setting next_dagrun for example_display_name to None, run_after=None
[2025-04-05T11:40:56.275+0100] {processor.py:183} INFO - Processing /Users/judeezeh/Desktop/Zoomcamp-project/venv/lib/python3.11/site-packages/airflow/example_dags/example_display_name.py took 0.051 seconds
[2025-04-05T11:42:26.339+0100] {processor.py:161} INFO - Started process (PID=19187) to work on /Users/judeezeh/Desktop/Zoomcamp-project/venv/lib/python3.11/site-packages/airflow/example_dags/example_display_name.py
[2025-04-05T11:42:26.340+0100] {processor.py:830} INFO - Processing file /Users/judeezeh/Desktop/Zoomcamp-project/venv/lib/python3.11/site-packages/airflow/example_dags/example_display_name.py for tasks to queue
[2025-04-05T11:42:26.340+0100] {logging_mixin.py:188} INFO - [2025-04-05T11:42:26.340+0100] {dagbag.py:540} INFO - Filling up the DagBag from /Users/judeezeh/Desktop/Zoomcamp-project/venv/lib/python3.11/site-packages/airflow/example_dags/example_display_name.py
[2025-04-05T11:42:26.352+0100] {processor.py:840} INFO - DAG(s) 'example_display_name' retrieved from /Users/judeezeh/Desktop/Zoomcamp-project/venv/lib/python3.11/site-packages/airflow/example_dags/example_display_name.py
[2025-04-05T11:42:26.380+0100] {logging_mixin.py:188} INFO - [2025-04-05T11:42:26.380+0100] {dag.py:3096} INFO - Sync 1 DAGs
[2025-04-05T11:42:26.383+0100] {logging_mixin.py:188} INFO - [2025-04-05T11:42:26.383+0100] {dag.py:3954} INFO - Setting next_dagrun for example_display_name to None, run_after=None
[2025-04-05T11:42:26.389+0100] {processor.py:183} INFO - Processing /Users/judeezeh/Desktop/Zoomcamp-project/venv/lib/python3.11/site-packages/airflow/example_dags/example_display_name.py took 0.051 seconds
