[2025-04-05T11:15:50.826+0100] {processor.py:161} INFO - Started process (PID=16757) to work on /Users/judeezeh/Desktop/Zoomcamp-project/venv/lib/python3.11/site-packages/airflow/example_dags/example_dynamic_task_mapping_with_no_taskflow_operators.py
[2025-04-05T11:15:50.826+0100] {processor.py:830} INFO - Processing file /Users/judeezeh/Desktop/Zoomcamp-project/venv/lib/python3.11/site-packages/airflow/example_dags/example_dynamic_task_mapping_with_no_taskflow_operators.py for tasks to queue
[2025-04-05T11:15:50.826+0100] {logging_mixin.py:188} INFO - [2025-04-05T11:15:50.826+0100] {dagbag.py:540} INFO - Filling up the DagBag from /Users/judeezeh/Desktop/Zoomcamp-project/venv/lib/python3.11/site-packages/airflow/example_dags/example_dynamic_task_mapping_with_no_taskflow_operators.py
[2025-04-05T11:15:50.828+0100] {processor.py:840} INFO - DAG(s) 'example_dynamic_task_mapping_with_no_taskflow_operators' retrieved from /Users/judeezeh/Desktop/Zoomcamp-project/venv/lib/python3.11/site-packages/airflow/example_dags/example_dynamic_task_mapping_with_no_taskflow_operators.py
[2025-04-05T11:15:50.883+0100] {logging_mixin.py:188} INFO - [2025-04-05T11:15:50.883+0100] {override.py:1930} INFO - Created Permission View: can delete on DAG:example_dynamic_task_mapping_with_no_taskflow_operators
[2025-04-05T11:15:50.907+0100] {logging_mixin.py:188} INFO - [2025-04-05T11:15:50.907+0100] {override.py:1930} INFO - Created Permission View: can read on DAG:example_dynamic_task_mapping_with_no_taskflow_operators
[2025-04-05T11:15:50.909+0100] {logging_mixin.py:188} INFO - [2025-04-05T11:15:50.909+0100] {override.py:1930} INFO - Created Permission View: can edit on DAG:example_dynamic_task_mapping_with_no_taskflow_operators
[2025-04-05T11:15:50.909+0100] {logging_mixin.py:188} INFO - [2025-04-05T11:15:50.909+0100] {dag.py:3096} INFO - Sync 1 DAGs
[2025-04-05T11:15:50.912+0100] {logging_mixin.py:188} INFO - [2025-04-05T11:15:50.912+0100] {dag.py:3118} INFO - Creating ORM DAG for example_dynamic_task_mapping_with_no_taskflow_operators
[2025-04-05T11:15:50.914+0100] {logging_mixin.py:188} INFO - [2025-04-05T11:15:50.914+0100] {dag.py:3954} INFO - Setting next_dagrun for example_dynamic_task_mapping_with_no_taskflow_operators to 2025-04-04T00:00:00+00:00, run_after=2025-04-05T00:00:00+00:00
[2025-04-05T11:15:50.919+0100] {processor.py:183} INFO - Processing /Users/judeezeh/Desktop/Zoomcamp-project/venv/lib/python3.11/site-packages/airflow/example_dags/example_dynamic_task_mapping_with_no_taskflow_operators.py took 0.094 seconds
[2025-04-05T11:17:26.352+0100] {processor.py:161} INFO - Started process (PID=16914) to work on /Users/judeezeh/Desktop/Zoomcamp-project/venv/lib/python3.11/site-packages/airflow/example_dags/example_dynamic_task_mapping_with_no_taskflow_operators.py
[2025-04-05T11:17:26.353+0100] {processor.py:830} INFO - Processing file /Users/judeezeh/Desktop/Zoomcamp-project/venv/lib/python3.11/site-packages/airflow/example_dags/example_dynamic_task_mapping_with_no_taskflow_operators.py for tasks to queue
[2025-04-05T11:17:26.353+0100] {logging_mixin.py:188} INFO - [2025-04-05T11:17:26.353+0100] {dagbag.py:540} INFO - Filling up the DagBag from /Users/judeezeh/Desktop/Zoomcamp-project/venv/lib/python3.11/site-packages/airflow/example_dags/example_dynamic_task_mapping_with_no_taskflow_operators.py
[2025-04-05T11:17:26.356+0100] {processor.py:840} INFO - DAG(s) 'example_dynamic_task_mapping_with_no_taskflow_operators' retrieved from /Users/judeezeh/Desktop/Zoomcamp-project/venv/lib/python3.11/site-packages/airflow/example_dags/example_dynamic_task_mapping_with_no_taskflow_operators.py
[2025-04-05T11:17:26.384+0100] {logging_mixin.py:188} INFO - [2025-04-05T11:17:26.384+0100] {dag.py:3096} INFO - Sync 1 DAGs
[2025-04-05T11:17:26.389+0100] {logging_mixin.py:188} INFO - [2025-04-05T11:17:26.389+0100] {dag.py:3954} INFO - Setting next_dagrun for example_dynamic_task_mapping_with_no_taskflow_operators to 2025-04-04T00:00:00+00:00, run_after=2025-04-05T00:00:00+00:00
[2025-04-05T11:17:26.395+0100] {processor.py:183} INFO - Processing /Users/judeezeh/Desktop/Zoomcamp-project/venv/lib/python3.11/site-packages/airflow/example_dags/example_dynamic_task_mapping_with_no_taskflow_operators.py took 0.044 seconds
[2025-04-05T11:19:52.411+0100] {processor.py:161} INFO - Started process (PID=17169) to work on /Users/judeezeh/Desktop/Zoomcamp-project/venv/lib/python3.11/site-packages/airflow/example_dags/example_dynamic_task_mapping_with_no_taskflow_operators.py
[2025-04-05T11:19:52.412+0100] {processor.py:830} INFO - Processing file /Users/judeezeh/Desktop/Zoomcamp-project/venv/lib/python3.11/site-packages/airflow/example_dags/example_dynamic_task_mapping_with_no_taskflow_operators.py for tasks to queue
[2025-04-05T11:19:52.412+0100] {logging_mixin.py:188} INFO - [2025-04-05T11:19:52.412+0100] {dagbag.py:540} INFO - Filling up the DagBag from /Users/judeezeh/Desktop/Zoomcamp-project/venv/lib/python3.11/site-packages/airflow/example_dags/example_dynamic_task_mapping_with_no_taskflow_operators.py
[2025-04-05T11:19:52.414+0100] {processor.py:840} INFO - DAG(s) 'example_dynamic_task_mapping_with_no_taskflow_operators' retrieved from /Users/judeezeh/Desktop/Zoomcamp-project/venv/lib/python3.11/site-packages/airflow/example_dags/example_dynamic_task_mapping_with_no_taskflow_operators.py
[2025-04-05T11:19:52.444+0100] {logging_mixin.py:188} INFO - [2025-04-05T11:19:52.444+0100] {dag.py:3096} INFO - Sync 1 DAGs
[2025-04-05T11:19:52.448+0100] {logging_mixin.py:188} INFO - [2025-04-05T11:19:52.448+0100] {dag.py:3954} INFO - Setting next_dagrun for example_dynamic_task_mapping_with_no_taskflow_operators to 2025-04-04T00:00:00+00:00, run_after=2025-04-05T00:00:00+00:00
[2025-04-05T11:19:52.455+0100] {processor.py:183} INFO - Processing /Users/judeezeh/Desktop/Zoomcamp-project/venv/lib/python3.11/site-packages/airflow/example_dags/example_dynamic_task_mapping_with_no_taskflow_operators.py took 0.045 seconds
[2025-04-05T11:21:48.086+0100] {processor.py:161} INFO - Started process (PID=17335) to work on /Users/judeezeh/Desktop/Zoomcamp-project/venv/lib/python3.11/site-packages/airflow/example_dags/example_dynamic_task_mapping_with_no_taskflow_operators.py
[2025-04-05T11:21:48.087+0100] {processor.py:830} INFO - Processing file /Users/judeezeh/Desktop/Zoomcamp-project/venv/lib/python3.11/site-packages/airflow/example_dags/example_dynamic_task_mapping_with_no_taskflow_operators.py for tasks to queue
[2025-04-05T11:21:48.087+0100] {logging_mixin.py:188} INFO - [2025-04-05T11:21:48.087+0100] {dagbag.py:540} INFO - Filling up the DagBag from /Users/judeezeh/Desktop/Zoomcamp-project/venv/lib/python3.11/site-packages/airflow/example_dags/example_dynamic_task_mapping_with_no_taskflow_operators.py
[2025-04-05T11:21:48.089+0100] {processor.py:840} INFO - DAG(s) 'example_dynamic_task_mapping_with_no_taskflow_operators' retrieved from /Users/judeezeh/Desktop/Zoomcamp-project/venv/lib/python3.11/site-packages/airflow/example_dags/example_dynamic_task_mapping_with_no_taskflow_operators.py
[2025-04-05T11:21:48.119+0100] {logging_mixin.py:188} INFO - [2025-04-05T11:21:48.118+0100] {dag.py:3096} INFO - Sync 1 DAGs
[2025-04-05T11:21:48.123+0100] {logging_mixin.py:188} INFO - [2025-04-05T11:21:48.123+0100] {dag.py:3954} INFO - Setting next_dagrun for example_dynamic_task_mapping_with_no_taskflow_operators to 2025-04-04T00:00:00+00:00, run_after=2025-04-05T00:00:00+00:00
[2025-04-05T11:21:48.130+0100] {processor.py:183} INFO - Processing /Users/judeezeh/Desktop/Zoomcamp-project/venv/lib/python3.11/site-packages/airflow/example_dags/example_dynamic_task_mapping_with_no_taskflow_operators.py took 0.045 seconds
[2025-04-05T11:23:29.083+0100] {processor.py:161} INFO - Started process (PID=17481) to work on /Users/judeezeh/Desktop/Zoomcamp-project/venv/lib/python3.11/site-packages/airflow/example_dags/example_dynamic_task_mapping_with_no_taskflow_operators.py
[2025-04-05T11:23:29.084+0100] {processor.py:830} INFO - Processing file /Users/judeezeh/Desktop/Zoomcamp-project/venv/lib/python3.11/site-packages/airflow/example_dags/example_dynamic_task_mapping_with_no_taskflow_operators.py for tasks to queue
[2025-04-05T11:23:29.084+0100] {logging_mixin.py:188} INFO - [2025-04-05T11:23:29.084+0100] {dagbag.py:540} INFO - Filling up the DagBag from /Users/judeezeh/Desktop/Zoomcamp-project/venv/lib/python3.11/site-packages/airflow/example_dags/example_dynamic_task_mapping_with_no_taskflow_operators.py
[2025-04-05T11:23:29.086+0100] {processor.py:840} INFO - DAG(s) 'example_dynamic_task_mapping_with_no_taskflow_operators' retrieved from /Users/judeezeh/Desktop/Zoomcamp-project/venv/lib/python3.11/site-packages/airflow/example_dags/example_dynamic_task_mapping_with_no_taskflow_operators.py
[2025-04-05T11:23:29.115+0100] {logging_mixin.py:188} INFO - [2025-04-05T11:23:29.115+0100] {dag.py:3096} INFO - Sync 1 DAGs
[2025-04-05T11:23:29.120+0100] {logging_mixin.py:188} INFO - [2025-04-05T11:23:29.120+0100] {dag.py:3954} INFO - Setting next_dagrun for example_dynamic_task_mapping_with_no_taskflow_operators to 2025-04-04T00:00:00+00:00, run_after=2025-04-05T00:00:00+00:00
[2025-04-05T11:23:29.127+0100] {processor.py:183} INFO - Processing /Users/judeezeh/Desktop/Zoomcamp-project/venv/lib/python3.11/site-packages/airflow/example_dags/example_dynamic_task_mapping_with_no_taskflow_operators.py took 0.045 seconds
[2025-04-05T11:25:10.274+0100] {processor.py:161} INFO - Started process (PID=17618) to work on /Users/judeezeh/Desktop/Zoomcamp-project/venv/lib/python3.11/site-packages/airflow/example_dags/example_dynamic_task_mapping_with_no_taskflow_operators.py
[2025-04-05T11:25:10.275+0100] {processor.py:830} INFO - Processing file /Users/judeezeh/Desktop/Zoomcamp-project/venv/lib/python3.11/site-packages/airflow/example_dags/example_dynamic_task_mapping_with_no_taskflow_operators.py for tasks to queue
[2025-04-05T11:25:10.276+0100] {logging_mixin.py:188} INFO - [2025-04-05T11:25:10.275+0100] {dagbag.py:540} INFO - Filling up the DagBag from /Users/judeezeh/Desktop/Zoomcamp-project/venv/lib/python3.11/site-packages/airflow/example_dags/example_dynamic_task_mapping_with_no_taskflow_operators.py
[2025-04-05T11:25:10.278+0100] {processor.py:840} INFO - DAG(s) 'example_dynamic_task_mapping_with_no_taskflow_operators' retrieved from /Users/judeezeh/Desktop/Zoomcamp-project/venv/lib/python3.11/site-packages/airflow/example_dags/example_dynamic_task_mapping_with_no_taskflow_operators.py
[2025-04-05T11:25:10.307+0100] {logging_mixin.py:188} INFO - [2025-04-05T11:25:10.307+0100] {dag.py:3096} INFO - Sync 1 DAGs
[2025-04-05T11:25:10.312+0100] {logging_mixin.py:188} INFO - [2025-04-05T11:25:10.311+0100] {dag.py:3954} INFO - Setting next_dagrun for example_dynamic_task_mapping_with_no_taskflow_operators to 2025-04-04T00:00:00+00:00, run_after=2025-04-05T00:00:00+00:00
[2025-04-05T11:25:10.319+0100] {processor.py:183} INFO - Processing /Users/judeezeh/Desktop/Zoomcamp-project/venv/lib/python3.11/site-packages/airflow/example_dags/example_dynamic_task_mapping_with_no_taskflow_operators.py took 0.045 seconds
[2025-04-05T11:26:46.730+0100] {processor.py:161} INFO - Started process (PID=17768) to work on /Users/judeezeh/Desktop/Zoomcamp-project/venv/lib/python3.11/site-packages/airflow/example_dags/example_dynamic_task_mapping_with_no_taskflow_operators.py
[2025-04-05T11:26:46.730+0100] {processor.py:830} INFO - Processing file /Users/judeezeh/Desktop/Zoomcamp-project/venv/lib/python3.11/site-packages/airflow/example_dags/example_dynamic_task_mapping_with_no_taskflow_operators.py for tasks to queue
[2025-04-05T11:26:46.731+0100] {logging_mixin.py:188} INFO - [2025-04-05T11:26:46.731+0100] {dagbag.py:540} INFO - Filling up the DagBag from /Users/judeezeh/Desktop/Zoomcamp-project/venv/lib/python3.11/site-packages/airflow/example_dags/example_dynamic_task_mapping_with_no_taskflow_operators.py
[2025-04-05T11:26:46.735+0100] {processor.py:840} INFO - DAG(s) 'example_dynamic_task_mapping_with_no_taskflow_operators' retrieved from /Users/judeezeh/Desktop/Zoomcamp-project/venv/lib/python3.11/site-packages/airflow/example_dags/example_dynamic_task_mapping_with_no_taskflow_operators.py
[2025-04-05T11:26:46.763+0100] {logging_mixin.py:188} INFO - [2025-04-05T11:26:46.763+0100] {dag.py:3096} INFO - Sync 1 DAGs
[2025-04-05T11:26:46.768+0100] {logging_mixin.py:188} INFO - [2025-04-05T11:26:46.768+0100] {dag.py:3954} INFO - Setting next_dagrun for example_dynamic_task_mapping_with_no_taskflow_operators to 2025-04-04T00:00:00+00:00, run_after=2025-04-05T00:00:00+00:00
[2025-04-05T11:26:46.775+0100] {processor.py:183} INFO - Processing /Users/judeezeh/Desktop/Zoomcamp-project/venv/lib/python3.11/site-packages/airflow/example_dags/example_dynamic_task_mapping_with_no_taskflow_operators.py took 0.046 seconds
[2025-04-05T11:28:37.686+0100] {processor.py:161} INFO - Started process (PID=17924) to work on /Users/judeezeh/Desktop/Zoomcamp-project/venv/lib/python3.11/site-packages/airflow/example_dags/example_dynamic_task_mapping_with_no_taskflow_operators.py
[2025-04-05T11:28:37.687+0100] {processor.py:830} INFO - Processing file /Users/judeezeh/Desktop/Zoomcamp-project/venv/lib/python3.11/site-packages/airflow/example_dags/example_dynamic_task_mapping_with_no_taskflow_operators.py for tasks to queue
[2025-04-05T11:28:37.687+0100] {logging_mixin.py:188} INFO - [2025-04-05T11:28:37.687+0100] {dagbag.py:540} INFO - Filling up the DagBag from /Users/judeezeh/Desktop/Zoomcamp-project/venv/lib/python3.11/site-packages/airflow/example_dags/example_dynamic_task_mapping_with_no_taskflow_operators.py
[2025-04-05T11:28:37.690+0100] {processor.py:840} INFO - DAG(s) 'example_dynamic_task_mapping_with_no_taskflow_operators' retrieved from /Users/judeezeh/Desktop/Zoomcamp-project/venv/lib/python3.11/site-packages/airflow/example_dags/example_dynamic_task_mapping_with_no_taskflow_operators.py
[2025-04-05T11:28:37.718+0100] {logging_mixin.py:188} INFO - [2025-04-05T11:28:37.718+0100] {dag.py:3096} INFO - Sync 1 DAGs
[2025-04-05T11:28:37.723+0100] {logging_mixin.py:188} INFO - [2025-04-05T11:28:37.723+0100] {dag.py:3954} INFO - Setting next_dagrun for example_dynamic_task_mapping_with_no_taskflow_operators to 2025-04-04T00:00:00+00:00, run_after=2025-04-05T00:00:00+00:00
[2025-04-05T11:28:37.729+0100] {processor.py:183} INFO - Processing /Users/judeezeh/Desktop/Zoomcamp-project/venv/lib/python3.11/site-packages/airflow/example_dags/example_dynamic_task_mapping_with_no_taskflow_operators.py took 0.044 seconds
[2025-04-05T11:30:28.172+0100] {processor.py:161} INFO - Started process (PID=18070) to work on /Users/judeezeh/Desktop/Zoomcamp-project/venv/lib/python3.11/site-packages/airflow/example_dags/example_dynamic_task_mapping_with_no_taskflow_operators.py
[2025-04-05T11:30:28.173+0100] {processor.py:830} INFO - Processing file /Users/judeezeh/Desktop/Zoomcamp-project/venv/lib/python3.11/site-packages/airflow/example_dags/example_dynamic_task_mapping_with_no_taskflow_operators.py for tasks to queue
[2025-04-05T11:30:28.173+0100] {logging_mixin.py:188} INFO - [2025-04-05T11:30:28.173+0100] {dagbag.py:540} INFO - Filling up the DagBag from /Users/judeezeh/Desktop/Zoomcamp-project/venv/lib/python3.11/site-packages/airflow/example_dags/example_dynamic_task_mapping_with_no_taskflow_operators.py
[2025-04-05T11:30:28.176+0100] {processor.py:840} INFO - DAG(s) 'example_dynamic_task_mapping_with_no_taskflow_operators' retrieved from /Users/judeezeh/Desktop/Zoomcamp-project/venv/lib/python3.11/site-packages/airflow/example_dags/example_dynamic_task_mapping_with_no_taskflow_operators.py
[2025-04-05T11:30:28.204+0100] {logging_mixin.py:188} INFO - [2025-04-05T11:30:28.204+0100] {dag.py:3096} INFO - Sync 1 DAGs
[2025-04-05T11:30:28.209+0100] {logging_mixin.py:188} INFO - [2025-04-05T11:30:28.209+0100] {dag.py:3954} INFO - Setting next_dagrun for example_dynamic_task_mapping_with_no_taskflow_operators to 2025-04-04T00:00:00+00:00, run_after=2025-04-05T00:00:00+00:00
[2025-04-05T11:30:28.215+0100] {processor.py:183} INFO - Processing /Users/judeezeh/Desktop/Zoomcamp-project/venv/lib/python3.11/site-packages/airflow/example_dags/example_dynamic_task_mapping_with_no_taskflow_operators.py took 0.044 seconds
[2025-04-05T11:32:04.295+0100] {processor.py:161} INFO - Started process (PID=18221) to work on /Users/judeezeh/Desktop/Zoomcamp-project/venv/lib/python3.11/site-packages/airflow/example_dags/example_dynamic_task_mapping_with_no_taskflow_operators.py
[2025-04-05T11:32:04.297+0100] {processor.py:830} INFO - Processing file /Users/judeezeh/Desktop/Zoomcamp-project/venv/lib/python3.11/site-packages/airflow/example_dags/example_dynamic_task_mapping_with_no_taskflow_operators.py for tasks to queue
[2025-04-05T11:32:04.297+0100] {logging_mixin.py:188} INFO - [2025-04-05T11:32:04.297+0100] {dagbag.py:540} INFO - Filling up the DagBag from /Users/judeezeh/Desktop/Zoomcamp-project/venv/lib/python3.11/site-packages/airflow/example_dags/example_dynamic_task_mapping_with_no_taskflow_operators.py
[2025-04-05T11:32:04.299+0100] {processor.py:840} INFO - DAG(s) 'example_dynamic_task_mapping_with_no_taskflow_operators' retrieved from /Users/judeezeh/Desktop/Zoomcamp-project/venv/lib/python3.11/site-packages/airflow/example_dags/example_dynamic_task_mapping_with_no_taskflow_operators.py
[2025-04-05T11:32:04.330+0100] {logging_mixin.py:188} INFO - [2025-04-05T11:32:04.329+0100] {dag.py:3096} INFO - Sync 1 DAGs
[2025-04-05T11:32:04.334+0100] {logging_mixin.py:188} INFO - [2025-04-05T11:32:04.334+0100] {dag.py:3954} INFO - Setting next_dagrun for example_dynamic_task_mapping_with_no_taskflow_operators to 2025-04-04T00:00:00+00:00, run_after=2025-04-05T00:00:00+00:00
[2025-04-05T11:32:04.341+0100] {processor.py:183} INFO - Processing /Users/judeezeh/Desktop/Zoomcamp-project/venv/lib/python3.11/site-packages/airflow/example_dags/example_dynamic_task_mapping_with_no_taskflow_operators.py took 0.047 seconds
[2025-04-05T11:33:51.623+0100] {processor.py:161} INFO - Started process (PID=18371) to work on /Users/judeezeh/Desktop/Zoomcamp-project/venv/lib/python3.11/site-packages/airflow/example_dags/example_dynamic_task_mapping_with_no_taskflow_operators.py
[2025-04-05T11:33:51.623+0100] {processor.py:830} INFO - Processing file /Users/judeezeh/Desktop/Zoomcamp-project/venv/lib/python3.11/site-packages/airflow/example_dags/example_dynamic_task_mapping_with_no_taskflow_operators.py for tasks to queue
[2025-04-05T11:33:51.623+0100] {logging_mixin.py:188} INFO - [2025-04-05T11:33:51.623+0100] {dagbag.py:540} INFO - Filling up the DagBag from /Users/judeezeh/Desktop/Zoomcamp-project/venv/lib/python3.11/site-packages/airflow/example_dags/example_dynamic_task_mapping_with_no_taskflow_operators.py
[2025-04-05T11:33:51.625+0100] {processor.py:840} INFO - DAG(s) 'example_dynamic_task_mapping_with_no_taskflow_operators' retrieved from /Users/judeezeh/Desktop/Zoomcamp-project/venv/lib/python3.11/site-packages/airflow/example_dags/example_dynamic_task_mapping_with_no_taskflow_operators.py
[2025-04-05T11:33:51.654+0100] {logging_mixin.py:188} INFO - [2025-04-05T11:33:51.654+0100] {dag.py:3096} INFO - Sync 1 DAGs
[2025-04-05T11:33:51.660+0100] {logging_mixin.py:188} INFO - [2025-04-05T11:33:51.660+0100] {dag.py:3954} INFO - Setting next_dagrun for example_dynamic_task_mapping_with_no_taskflow_operators to 2025-04-04T00:00:00+00:00, run_after=2025-04-05T00:00:00+00:00
[2025-04-05T11:33:51.668+0100] {processor.py:183} INFO - Processing /Users/judeezeh/Desktop/Zoomcamp-project/venv/lib/python3.11/site-packages/airflow/example_dags/example_dynamic_task_mapping_with_no_taskflow_operators.py took 0.047 seconds
[2025-04-05T11:35:24.968+0100] {processor.py:161} INFO - Started process (PID=18508) to work on /Users/judeezeh/Desktop/Zoomcamp-project/venv/lib/python3.11/site-packages/airflow/example_dags/example_dynamic_task_mapping_with_no_taskflow_operators.py
[2025-04-05T11:35:24.969+0100] {processor.py:830} INFO - Processing file /Users/judeezeh/Desktop/Zoomcamp-project/venv/lib/python3.11/site-packages/airflow/example_dags/example_dynamic_task_mapping_with_no_taskflow_operators.py for tasks to queue
[2025-04-05T11:35:24.969+0100] {logging_mixin.py:188} INFO - [2025-04-05T11:35:24.969+0100] {dagbag.py:540} INFO - Filling up the DagBag from /Users/judeezeh/Desktop/Zoomcamp-project/venv/lib/python3.11/site-packages/airflow/example_dags/example_dynamic_task_mapping_with_no_taskflow_operators.py
[2025-04-05T11:35:24.971+0100] {processor.py:840} INFO - DAG(s) 'example_dynamic_task_mapping_with_no_taskflow_operators' retrieved from /Users/judeezeh/Desktop/Zoomcamp-project/venv/lib/python3.11/site-packages/airflow/example_dags/example_dynamic_task_mapping_with_no_taskflow_operators.py
[2025-04-05T11:35:25.000+0100] {logging_mixin.py:188} INFO - [2025-04-05T11:35:25.000+0100] {dag.py:3096} INFO - Sync 1 DAGs
[2025-04-05T11:35:25.005+0100] {logging_mixin.py:188} INFO - [2025-04-05T11:35:25.005+0100] {dag.py:3954} INFO - Setting next_dagrun for example_dynamic_task_mapping_with_no_taskflow_operators to 2025-04-04T00:00:00+00:00, run_after=2025-04-05T00:00:00+00:00
[2025-04-05T11:35:25.011+0100] {processor.py:183} INFO - Processing /Users/judeezeh/Desktop/Zoomcamp-project/venv/lib/python3.11/site-packages/airflow/example_dags/example_dynamic_task_mapping_with_no_taskflow_operators.py took 0.044 seconds
[2025-04-05T11:37:14.156+0100] {processor.py:161} INFO - Started process (PID=18672) to work on /Users/judeezeh/Desktop/Zoomcamp-project/venv/lib/python3.11/site-packages/airflow/example_dags/example_dynamic_task_mapping_with_no_taskflow_operators.py
[2025-04-05T11:37:14.157+0100] {processor.py:830} INFO - Processing file /Users/judeezeh/Desktop/Zoomcamp-project/venv/lib/python3.11/site-packages/airflow/example_dags/example_dynamic_task_mapping_with_no_taskflow_operators.py for tasks to queue
[2025-04-05T11:37:14.157+0100] {logging_mixin.py:188} INFO - [2025-04-05T11:37:14.157+0100] {dagbag.py:540} INFO - Filling up the DagBag from /Users/judeezeh/Desktop/Zoomcamp-project/venv/lib/python3.11/site-packages/airflow/example_dags/example_dynamic_task_mapping_with_no_taskflow_operators.py
[2025-04-05T11:37:14.159+0100] {processor.py:840} INFO - DAG(s) 'example_dynamic_task_mapping_with_no_taskflow_operators' retrieved from /Users/judeezeh/Desktop/Zoomcamp-project/venv/lib/python3.11/site-packages/airflow/example_dags/example_dynamic_task_mapping_with_no_taskflow_operators.py
[2025-04-05T11:37:14.188+0100] {logging_mixin.py:188} INFO - [2025-04-05T11:37:14.188+0100] {dag.py:3096} INFO - Sync 1 DAGs
[2025-04-05T11:37:14.193+0100] {logging_mixin.py:188} INFO - [2025-04-05T11:37:14.193+0100] {dag.py:3954} INFO - Setting next_dagrun for example_dynamic_task_mapping_with_no_taskflow_operators to 2025-04-04T00:00:00+00:00, run_after=2025-04-05T00:00:00+00:00
[2025-04-05T11:37:14.199+0100] {processor.py:183} INFO - Processing /Users/judeezeh/Desktop/Zoomcamp-project/venv/lib/python3.11/site-packages/airflow/example_dags/example_dynamic_task_mapping_with_no_taskflow_operators.py took 0.045 seconds
[2025-04-05T11:39:12.429+0100] {processor.py:161} INFO - Started process (PID=18856) to work on /Users/judeezeh/Desktop/Zoomcamp-project/venv/lib/python3.11/site-packages/airflow/example_dags/example_dynamic_task_mapping_with_no_taskflow_operators.py
[2025-04-05T11:39:12.430+0100] {processor.py:830} INFO - Processing file /Users/judeezeh/Desktop/Zoomcamp-project/venv/lib/python3.11/site-packages/airflow/example_dags/example_dynamic_task_mapping_with_no_taskflow_operators.py for tasks to queue
[2025-04-05T11:39:12.431+0100] {logging_mixin.py:188} INFO - [2025-04-05T11:39:12.431+0100] {dagbag.py:540} INFO - Filling up the DagBag from /Users/judeezeh/Desktop/Zoomcamp-project/venv/lib/python3.11/site-packages/airflow/example_dags/example_dynamic_task_mapping_with_no_taskflow_operators.py
[2025-04-05T11:39:12.433+0100] {processor.py:840} INFO - DAG(s) 'example_dynamic_task_mapping_with_no_taskflow_operators' retrieved from /Users/judeezeh/Desktop/Zoomcamp-project/venv/lib/python3.11/site-packages/airflow/example_dags/example_dynamic_task_mapping_with_no_taskflow_operators.py
[2025-04-05T11:39:12.461+0100] {logging_mixin.py:188} INFO - [2025-04-05T11:39:12.461+0100] {dag.py:3096} INFO - Sync 1 DAGs
[2025-04-05T11:39:12.466+0100] {logging_mixin.py:188} INFO - [2025-04-05T11:39:12.466+0100] {dag.py:3954} INFO - Setting next_dagrun for example_dynamic_task_mapping_with_no_taskflow_operators to 2025-04-04T00:00:00+00:00, run_after=2025-04-05T00:00:00+00:00
[2025-04-05T11:39:12.472+0100] {processor.py:183} INFO - Processing /Users/judeezeh/Desktop/Zoomcamp-project/venv/lib/python3.11/site-packages/airflow/example_dags/example_dynamic_task_mapping_with_no_taskflow_operators.py took 0.044 seconds
[2025-04-05T11:40:52.907+0100] {processor.py:161} INFO - Started process (PID=19046) to work on /Users/judeezeh/Desktop/Zoomcamp-project/venv/lib/python3.11/site-packages/airflow/example_dags/example_dynamic_task_mapping_with_no_taskflow_operators.py
[2025-04-05T11:40:52.908+0100] {processor.py:830} INFO - Processing file /Users/judeezeh/Desktop/Zoomcamp-project/venv/lib/python3.11/site-packages/airflow/example_dags/example_dynamic_task_mapping_with_no_taskflow_operators.py for tasks to queue
[2025-04-05T11:40:52.908+0100] {logging_mixin.py:188} INFO - [2025-04-05T11:40:52.908+0100] {dagbag.py:540} INFO - Filling up the DagBag from /Users/judeezeh/Desktop/Zoomcamp-project/venv/lib/python3.11/site-packages/airflow/example_dags/example_dynamic_task_mapping_with_no_taskflow_operators.py
[2025-04-05T11:40:52.911+0100] {processor.py:840} INFO - DAG(s) 'example_dynamic_task_mapping_with_no_taskflow_operators' retrieved from /Users/judeezeh/Desktop/Zoomcamp-project/venv/lib/python3.11/site-packages/airflow/example_dags/example_dynamic_task_mapping_with_no_taskflow_operators.py
[2025-04-05T11:40:52.942+0100] {logging_mixin.py:188} INFO - [2025-04-05T11:40:52.942+0100] {dag.py:3096} INFO - Sync 1 DAGs
[2025-04-05T11:40:52.947+0100] {logging_mixin.py:188} INFO - [2025-04-05T11:40:52.947+0100] {dag.py:3954} INFO - Setting next_dagrun for example_dynamic_task_mapping_with_no_taskflow_operators to 2025-04-04T00:00:00+00:00, run_after=2025-04-05T00:00:00+00:00
[2025-04-05T11:40:52.954+0100] {processor.py:183} INFO - Processing /Users/judeezeh/Desktop/Zoomcamp-project/venv/lib/python3.11/site-packages/airflow/example_dags/example_dynamic_task_mapping_with_no_taskflow_operators.py took 0.047 seconds
[2025-04-05T11:42:23.554+0100] {processor.py:161} INFO - Started process (PID=19183) to work on /Users/judeezeh/Desktop/Zoomcamp-project/venv/lib/python3.11/site-packages/airflow/example_dags/example_dynamic_task_mapping_with_no_taskflow_operators.py
[2025-04-05T11:42:23.555+0100] {processor.py:830} INFO - Processing file /Users/judeezeh/Desktop/Zoomcamp-project/venv/lib/python3.11/site-packages/airflow/example_dags/example_dynamic_task_mapping_with_no_taskflow_operators.py for tasks to queue
[2025-04-05T11:42:23.556+0100] {logging_mixin.py:188} INFO - [2025-04-05T11:42:23.555+0100] {dagbag.py:540} INFO - Filling up the DagBag from /Users/judeezeh/Desktop/Zoomcamp-project/venv/lib/python3.11/site-packages/airflow/example_dags/example_dynamic_task_mapping_with_no_taskflow_operators.py
[2025-04-05T11:42:23.558+0100] {processor.py:840} INFO - DAG(s) 'example_dynamic_task_mapping_with_no_taskflow_operators' retrieved from /Users/judeezeh/Desktop/Zoomcamp-project/venv/lib/python3.11/site-packages/airflow/example_dags/example_dynamic_task_mapping_with_no_taskflow_operators.py
[2025-04-05T11:42:23.587+0100] {logging_mixin.py:188} INFO - [2025-04-05T11:42:23.587+0100] {dag.py:3096} INFO - Sync 1 DAGs
[2025-04-05T11:42:23.592+0100] {logging_mixin.py:188} INFO - [2025-04-05T11:42:23.592+0100] {dag.py:3954} INFO - Setting next_dagrun for example_dynamic_task_mapping_with_no_taskflow_operators to 2025-04-04T00:00:00+00:00, run_after=2025-04-05T00:00:00+00:00
[2025-04-05T11:42:23.598+0100] {processor.py:183} INFO - Processing /Users/judeezeh/Desktop/Zoomcamp-project/venv/lib/python3.11/site-packages/airflow/example_dags/example_dynamic_task_mapping_with_no_taskflow_operators.py took 0.045 seconds
