[2025-04-05T11:16:05.004+0100] {processor.py:161} INFO - Started process (PID=16787) to work on /Users/judeezeh/Desktop/Zoomcamp-project/venv/lib/python3.11/site-packages/airflow/example_dags/example_branch_operator.py
[2025-04-05T11:16:05.005+0100] {processor.py:830} INFO - Processing file /Users/judeezeh/Desktop/Zoomcamp-project/venv/lib/python3.11/site-packages/airflow/example_dags/example_branch_operator.py for tasks to queue
[2025-04-05T11:16:05.005+0100] {logging_mixin.py:188} INFO - [2025-04-05T11:16:05.005+0100] {dagbag.py:540} INFO - Filling up the DagBag from /Users/judeezeh/Desktop/Zoomcamp-project/venv/lib/python3.11/site-packages/airflow/example_dags/example_branch_operator.py
[2025-04-05T11:16:05.011+0100] {processor.py:842} WARNING - No viable dags retrieved from /Users/judeezeh/Desktop/Zoomcamp-project/venv/lib/python3.11/site-packages/airflow/example_dags/example_branch_operator.py
[2025-04-05T11:16:05.037+0100] {processor.py:183} INFO - Processing /Users/judeezeh/Desktop/Zoomcamp-project/venv/lib/python3.11/site-packages/airflow/example_dags/example_branch_operator.py took 0.033 seconds
[2025-04-05T11:17:37.793+0100] {processor.py:161} INFO - Started process (PID=16931) to work on /Users/judeezeh/Desktop/Zoomcamp-project/venv/lib/python3.11/site-packages/airflow/example_dags/example_branch_operator.py
[2025-04-05T11:17:37.793+0100] {processor.py:830} INFO - Processing file /Users/judeezeh/Desktop/Zoomcamp-project/venv/lib/python3.11/site-packages/airflow/example_dags/example_branch_operator.py for tasks to queue
[2025-04-05T11:17:37.794+0100] {logging_mixin.py:188} INFO - [2025-04-05T11:17:37.794+0100] {dagbag.py:540} INFO - Filling up the DagBag from /Users/judeezeh/Desktop/Zoomcamp-project/venv/lib/python3.11/site-packages/airflow/example_dags/example_branch_operator.py
[2025-04-05T11:17:37.800+0100] {processor.py:842} WARNING - No viable dags retrieved from /Users/judeezeh/Desktop/Zoomcamp-project/venv/lib/python3.11/site-packages/airflow/example_dags/example_branch_operator.py
[2025-04-05T11:17:37.824+0100] {processor.py:183} INFO - Processing /Users/judeezeh/Desktop/Zoomcamp-project/venv/lib/python3.11/site-packages/airflow/example_dags/example_branch_operator.py took 0.032 seconds
[2025-04-05T11:20:05.984+0100] {processor.py:161} INFO - Started process (PID=17188) to work on /Users/judeezeh/Desktop/Zoomcamp-project/venv/lib/python3.11/site-packages/airflow/example_dags/example_branch_operator.py
[2025-04-05T11:20:05.985+0100] {processor.py:830} INFO - Processing file /Users/judeezeh/Desktop/Zoomcamp-project/venv/lib/python3.11/site-packages/airflow/example_dags/example_branch_operator.py for tasks to queue
[2025-04-05T11:20:05.985+0100] {logging_mixin.py:188} INFO - [2025-04-05T11:20:05.985+0100] {dagbag.py:540} INFO - Filling up the DagBag from /Users/judeezeh/Desktop/Zoomcamp-project/venv/lib/python3.11/site-packages/airflow/example_dags/example_branch_operator.py
[2025-04-05T11:20:05.992+0100] {processor.py:842} WARNING - No viable dags retrieved from /Users/judeezeh/Desktop/Zoomcamp-project/venv/lib/python3.11/site-packages/airflow/example_dags/example_branch_operator.py
[2025-04-05T11:20:06.015+0100] {processor.py:183} INFO - Processing /Users/judeezeh/Desktop/Zoomcamp-project/venv/lib/python3.11/site-packages/airflow/example_dags/example_branch_operator.py took 0.032 seconds
[2025-04-05T11:22:02.102+0100] {processor.py:161} INFO - Started process (PID=17355) to work on /Users/judeezeh/Desktop/Zoomcamp-project/venv/lib/python3.11/site-packages/airflow/example_dags/example_branch_operator.py
[2025-04-05T11:22:02.103+0100] {processor.py:830} INFO - Processing file /Users/judeezeh/Desktop/Zoomcamp-project/venv/lib/python3.11/site-packages/airflow/example_dags/example_branch_operator.py for tasks to queue
[2025-04-05T11:22:02.103+0100] {logging_mixin.py:188} INFO - [2025-04-05T11:22:02.103+0100] {dagbag.py:540} INFO - Filling up the DagBag from /Users/judeezeh/Desktop/Zoomcamp-project/venv/lib/python3.11/site-packages/airflow/example_dags/example_branch_operator.py
[2025-04-05T11:22:02.112+0100] {processor.py:842} WARNING - No viable dags retrieved from /Users/judeezeh/Desktop/Zoomcamp-project/venv/lib/python3.11/site-packages/airflow/example_dags/example_branch_operator.py
[2025-04-05T11:22:02.139+0100] {processor.py:183} INFO - Processing /Users/judeezeh/Desktop/Zoomcamp-project/venv/lib/python3.11/site-packages/airflow/example_dags/example_branch_operator.py took 0.038 seconds
[2025-04-05T11:23:40.620+0100] {processor.py:161} INFO - Started process (PID=17497) to work on /Users/judeezeh/Desktop/Zoomcamp-project/venv/lib/python3.11/site-packages/airflow/example_dags/example_branch_operator.py
[2025-04-05T11:23:40.621+0100] {processor.py:830} INFO - Processing file /Users/judeezeh/Desktop/Zoomcamp-project/venv/lib/python3.11/site-packages/airflow/example_dags/example_branch_operator.py for tasks to queue
[2025-04-05T11:23:40.622+0100] {logging_mixin.py:188} INFO - [2025-04-05T11:23:40.621+0100] {dagbag.py:540} INFO - Filling up the DagBag from /Users/judeezeh/Desktop/Zoomcamp-project/venv/lib/python3.11/site-packages/airflow/example_dags/example_branch_operator.py
[2025-04-05T11:23:40.628+0100] {processor.py:842} WARNING - No viable dags retrieved from /Users/judeezeh/Desktop/Zoomcamp-project/venv/lib/python3.11/site-packages/airflow/example_dags/example_branch_operator.py
[2025-04-05T11:23:40.651+0100] {processor.py:183} INFO - Processing /Users/judeezeh/Desktop/Zoomcamp-project/venv/lib/python3.11/site-packages/airflow/example_dags/example_branch_operator.py took 0.032 seconds
[2025-04-05T11:25:21.788+0100] {processor.py:161} INFO - Started process (PID=17635) to work on /Users/judeezeh/Desktop/Zoomcamp-project/venv/lib/python3.11/site-packages/airflow/example_dags/example_branch_operator.py
[2025-04-05T11:25:21.789+0100] {processor.py:830} INFO - Processing file /Users/judeezeh/Desktop/Zoomcamp-project/venv/lib/python3.11/site-packages/airflow/example_dags/example_branch_operator.py for tasks to queue
[2025-04-05T11:25:21.789+0100] {logging_mixin.py:188} INFO - [2025-04-05T11:25:21.789+0100] {dagbag.py:540} INFO - Filling up the DagBag from /Users/judeezeh/Desktop/Zoomcamp-project/venv/lib/python3.11/site-packages/airflow/example_dags/example_branch_operator.py
[2025-04-05T11:25:21.796+0100] {processor.py:842} WARNING - No viable dags retrieved from /Users/judeezeh/Desktop/Zoomcamp-project/venv/lib/python3.11/site-packages/airflow/example_dags/example_branch_operator.py
[2025-04-05T11:25:21.819+0100] {processor.py:183} INFO - Processing /Users/judeezeh/Desktop/Zoomcamp-project/venv/lib/python3.11/site-packages/airflow/example_dags/example_branch_operator.py took 0.032 seconds
[2025-04-05T11:26:59.158+0100] {processor.py:161} INFO - Started process (PID=17785) to work on /Users/judeezeh/Desktop/Zoomcamp-project/venv/lib/python3.11/site-packages/airflow/example_dags/example_branch_operator.py
[2025-04-05T11:26:59.159+0100] {processor.py:830} INFO - Processing file /Users/judeezeh/Desktop/Zoomcamp-project/venv/lib/python3.11/site-packages/airflow/example_dags/example_branch_operator.py for tasks to queue
[2025-04-05T11:26:59.159+0100] {logging_mixin.py:188} INFO - [2025-04-05T11:26:59.159+0100] {dagbag.py:540} INFO - Filling up the DagBag from /Users/judeezeh/Desktop/Zoomcamp-project/venv/lib/python3.11/site-packages/airflow/example_dags/example_branch_operator.py
[2025-04-05T11:26:59.166+0100] {processor.py:842} WARNING - No viable dags retrieved from /Users/judeezeh/Desktop/Zoomcamp-project/venv/lib/python3.11/site-packages/airflow/example_dags/example_branch_operator.py
[2025-04-05T11:26:59.189+0100] {processor.py:183} INFO - Processing /Users/judeezeh/Desktop/Zoomcamp-project/venv/lib/python3.11/site-packages/airflow/example_dags/example_branch_operator.py took 0.032 seconds
[2025-04-05T11:28:51.385+0100] {processor.py:161} INFO - Started process (PID=17941) to work on /Users/judeezeh/Desktop/Zoomcamp-project/venv/lib/python3.11/site-packages/airflow/example_dags/example_branch_operator.py
[2025-04-05T11:28:51.385+0100] {processor.py:830} INFO - Processing file /Users/judeezeh/Desktop/Zoomcamp-project/venv/lib/python3.11/site-packages/airflow/example_dags/example_branch_operator.py for tasks to queue
[2025-04-05T11:28:51.386+0100] {logging_mixin.py:188} INFO - [2025-04-05T11:28:51.386+0100] {dagbag.py:540} INFO - Filling up the DagBag from /Users/judeezeh/Desktop/Zoomcamp-project/venv/lib/python3.11/site-packages/airflow/example_dags/example_branch_operator.py
[2025-04-05T11:28:51.392+0100] {processor.py:842} WARNING - No viable dags retrieved from /Users/judeezeh/Desktop/Zoomcamp-project/venv/lib/python3.11/site-packages/airflow/example_dags/example_branch_operator.py
[2025-04-05T11:28:51.416+0100] {processor.py:183} INFO - Processing /Users/judeezeh/Desktop/Zoomcamp-project/venv/lib/python3.11/site-packages/airflow/example_dags/example_branch_operator.py took 0.032 seconds
[2025-04-05T11:30:40.638+0100] {processor.py:161} INFO - Started process (PID=18093) to work on /Users/judeezeh/Desktop/Zoomcamp-project/venv/lib/python3.11/site-packages/airflow/example_dags/example_branch_operator.py
[2025-04-05T11:30:40.639+0100] {processor.py:830} INFO - Processing file /Users/judeezeh/Desktop/Zoomcamp-project/venv/lib/python3.11/site-packages/airflow/example_dags/example_branch_operator.py for tasks to queue
[2025-04-05T11:30:40.639+0100] {logging_mixin.py:188} INFO - [2025-04-05T11:30:40.639+0100] {dagbag.py:540} INFO - Filling up the DagBag from /Users/judeezeh/Desktop/Zoomcamp-project/venv/lib/python3.11/site-packages/airflow/example_dags/example_branch_operator.py
[2025-04-05T11:30:40.646+0100] {processor.py:842} WARNING - No viable dags retrieved from /Users/judeezeh/Desktop/Zoomcamp-project/venv/lib/python3.11/site-packages/airflow/example_dags/example_branch_operator.py
[2025-04-05T11:30:40.669+0100] {processor.py:183} INFO - Processing /Users/judeezeh/Desktop/Zoomcamp-project/venv/lib/python3.11/site-packages/airflow/example_dags/example_branch_operator.py took 0.031 seconds
[2025-04-05T11:32:17.842+0100] {processor.py:161} INFO - Started process (PID=18241) to work on /Users/judeezeh/Desktop/Zoomcamp-project/venv/lib/python3.11/site-packages/airflow/example_dags/example_branch_operator.py
[2025-04-05T11:32:17.843+0100] {processor.py:830} INFO - Processing file /Users/judeezeh/Desktop/Zoomcamp-project/venv/lib/python3.11/site-packages/airflow/example_dags/example_branch_operator.py for tasks to queue
[2025-04-05T11:32:17.843+0100] {logging_mixin.py:188} INFO - [2025-04-05T11:32:17.843+0100] {dagbag.py:540} INFO - Filling up the DagBag from /Users/judeezeh/Desktop/Zoomcamp-project/venv/lib/python3.11/site-packages/airflow/example_dags/example_branch_operator.py
[2025-04-05T11:32:17.850+0100] {processor.py:842} WARNING - No viable dags retrieved from /Users/judeezeh/Desktop/Zoomcamp-project/venv/lib/python3.11/site-packages/airflow/example_dags/example_branch_operator.py
[2025-04-05T11:32:17.873+0100] {processor.py:183} INFO - Processing /Users/judeezeh/Desktop/Zoomcamp-project/venv/lib/python3.11/site-packages/airflow/example_dags/example_branch_operator.py took 0.032 seconds
[2025-04-05T11:34:05.159+0100] {processor.py:161} INFO - Started process (PID=18393) to work on /Users/judeezeh/Desktop/Zoomcamp-project/venv/lib/python3.11/site-packages/airflow/example_dags/example_branch_operator.py
[2025-04-05T11:34:05.160+0100] {processor.py:830} INFO - Processing file /Users/judeezeh/Desktop/Zoomcamp-project/venv/lib/python3.11/site-packages/airflow/example_dags/example_branch_operator.py for tasks to queue
[2025-04-05T11:34:05.160+0100] {logging_mixin.py:188} INFO - [2025-04-05T11:34:05.160+0100] {dagbag.py:540} INFO - Filling up the DagBag from /Users/judeezeh/Desktop/Zoomcamp-project/venv/lib/python3.11/site-packages/airflow/example_dags/example_branch_operator.py
[2025-04-05T11:34:05.167+0100] {processor.py:842} WARNING - No viable dags retrieved from /Users/judeezeh/Desktop/Zoomcamp-project/venv/lib/python3.11/site-packages/airflow/example_dags/example_branch_operator.py
[2025-04-05T11:34:05.189+0100] {processor.py:183} INFO - Processing /Users/judeezeh/Desktop/Zoomcamp-project/venv/lib/python3.11/site-packages/airflow/example_dags/example_branch_operator.py took 0.031 seconds
[2025-04-05T11:35:38.530+0100] {processor.py:161} INFO - Started process (PID=18525) to work on /Users/judeezeh/Desktop/Zoomcamp-project/venv/lib/python3.11/site-packages/airflow/example_dags/example_branch_operator.py
[2025-04-05T11:35:38.531+0100] {processor.py:830} INFO - Processing file /Users/judeezeh/Desktop/Zoomcamp-project/venv/lib/python3.11/site-packages/airflow/example_dags/example_branch_operator.py for tasks to queue
[2025-04-05T11:35:38.531+0100] {logging_mixin.py:188} INFO - [2025-04-05T11:35:38.531+0100] {dagbag.py:540} INFO - Filling up the DagBag from /Users/judeezeh/Desktop/Zoomcamp-project/venv/lib/python3.11/site-packages/airflow/example_dags/example_branch_operator.py
[2025-04-05T11:35:38.538+0100] {processor.py:842} WARNING - No viable dags retrieved from /Users/judeezeh/Desktop/Zoomcamp-project/venv/lib/python3.11/site-packages/airflow/example_dags/example_branch_operator.py
[2025-04-05T11:35:38.561+0100] {processor.py:183} INFO - Processing /Users/judeezeh/Desktop/Zoomcamp-project/venv/lib/python3.11/site-packages/airflow/example_dags/example_branch_operator.py took 0.032 seconds
[2025-04-05T11:37:26.477+0100] {processor.py:161} INFO - Started process (PID=18691) to work on /Users/judeezeh/Desktop/Zoomcamp-project/venv/lib/python3.11/site-packages/airflow/example_dags/example_branch_operator.py
[2025-04-05T11:37:26.478+0100] {processor.py:830} INFO - Processing file /Users/judeezeh/Desktop/Zoomcamp-project/venv/lib/python3.11/site-packages/airflow/example_dags/example_branch_operator.py for tasks to queue
[2025-04-05T11:37:26.478+0100] {logging_mixin.py:188} INFO - [2025-04-05T11:37:26.478+0100] {dagbag.py:540} INFO - Filling up the DagBag from /Users/judeezeh/Desktop/Zoomcamp-project/venv/lib/python3.11/site-packages/airflow/example_dags/example_branch_operator.py
[2025-04-05T11:37:26.485+0100] {processor.py:842} WARNING - No viable dags retrieved from /Users/judeezeh/Desktop/Zoomcamp-project/venv/lib/python3.11/site-packages/airflow/example_dags/example_branch_operator.py
[2025-04-05T11:37:26.508+0100] {processor.py:183} INFO - Processing /Users/judeezeh/Desktop/Zoomcamp-project/venv/lib/python3.11/site-packages/airflow/example_dags/example_branch_operator.py took 0.032 seconds
[2025-04-05T11:39:25.966+0100] {processor.py:161} INFO - Started process (PID=18873) to work on /Users/judeezeh/Desktop/Zoomcamp-project/venv/lib/python3.11/site-packages/airflow/example_dags/example_branch_operator.py
[2025-04-05T11:39:25.967+0100] {processor.py:830} INFO - Processing file /Users/judeezeh/Desktop/Zoomcamp-project/venv/lib/python3.11/site-packages/airflow/example_dags/example_branch_operator.py for tasks to queue
[2025-04-05T11:39:25.967+0100] {logging_mixin.py:188} INFO - [2025-04-05T11:39:25.967+0100] {dagbag.py:540} INFO - Filling up the DagBag from /Users/judeezeh/Desktop/Zoomcamp-project/venv/lib/python3.11/site-packages/airflow/example_dags/example_branch_operator.py
[2025-04-05T11:39:25.973+0100] {processor.py:842} WARNING - No viable dags retrieved from /Users/judeezeh/Desktop/Zoomcamp-project/venv/lib/python3.11/site-packages/airflow/example_dags/example_branch_operator.py
[2025-04-05T11:39:25.997+0100] {processor.py:183} INFO - Processing /Users/judeezeh/Desktop/Zoomcamp-project/venv/lib/python3.11/site-packages/airflow/example_dags/example_branch_operator.py took 0.033 seconds
[2025-04-05T11:41:04.270+0100] {processor.py:161} INFO - Started process (PID=19065) to work on /Users/judeezeh/Desktop/Zoomcamp-project/venv/lib/python3.11/site-packages/airflow/example_dags/example_branch_operator.py
[2025-04-05T11:41:04.271+0100] {processor.py:830} INFO - Processing file /Users/judeezeh/Desktop/Zoomcamp-project/venv/lib/python3.11/site-packages/airflow/example_dags/example_branch_operator.py for tasks to queue
[2025-04-05T11:41:04.271+0100] {logging_mixin.py:188} INFO - [2025-04-05T11:41:04.271+0100] {dagbag.py:540} INFO - Filling up the DagBag from /Users/judeezeh/Desktop/Zoomcamp-project/venv/lib/python3.11/site-packages/airflow/example_dags/example_branch_operator.py
[2025-04-05T11:41:04.278+0100] {processor.py:842} WARNING - No viable dags retrieved from /Users/judeezeh/Desktop/Zoomcamp-project/venv/lib/python3.11/site-packages/airflow/example_dags/example_branch_operator.py
[2025-04-05T11:41:04.300+0100] {processor.py:183} INFO - Processing /Users/judeezeh/Desktop/Zoomcamp-project/venv/lib/python3.11/site-packages/airflow/example_dags/example_branch_operator.py took 0.032 seconds
[2025-04-05T11:42:36.393+0100] {processor.py:161} INFO - Started process (PID=19200) to work on /Users/judeezeh/Desktop/Zoomcamp-project/venv/lib/python3.11/site-packages/airflow/example_dags/example_branch_operator.py
[2025-04-05T11:42:36.393+0100] {processor.py:830} INFO - Processing file /Users/judeezeh/Desktop/Zoomcamp-project/venv/lib/python3.11/site-packages/airflow/example_dags/example_branch_operator.py for tasks to queue
[2025-04-05T11:42:36.393+0100] {logging_mixin.py:188} INFO - [2025-04-05T11:42:36.393+0100] {dagbag.py:540} INFO - Filling up the DagBag from /Users/judeezeh/Desktop/Zoomcamp-project/venv/lib/python3.11/site-packages/airflow/example_dags/example_branch_operator.py
[2025-04-05T11:42:36.400+0100] {processor.py:842} WARNING - No viable dags retrieved from /Users/judeezeh/Desktop/Zoomcamp-project/venv/lib/python3.11/site-packages/airflow/example_dags/example_branch_operator.py
[2025-04-05T11:42:36.423+0100] {processor.py:183} INFO - Processing /Users/judeezeh/Desktop/Zoomcamp-project/venv/lib/python3.11/site-packages/airflow/example_dags/example_branch_operator.py took 0.031 seconds
