[2025-04-05T11:15:31.988+0100] {processor.py:161} INFO - Started process (PID=16734) to work on /Users/judeezeh/Desktop/Zoomcamp-project/venv/lib/python3.11/site-packages/airflow/example_dags/example_python_operator.py
[2025-04-05T11:15:31.988+0100] {processor.py:830} INFO - Processing file /Users/judeezeh/Desktop/Zoomcamp-project/venv/lib/python3.11/site-packages/airflow/example_dags/example_python_operator.py for tasks to queue
[2025-04-05T11:15:31.988+0100] {logging_mixin.py:188} INFO - [2025-04-05T11:15:31.988+0100] {dagbag.py:540} INFO - Filling up the DagBag from /Users/judeezeh/Desktop/Zoomcamp-project/venv/lib/python3.11/site-packages/airflow/example_dags/example_python_operator.py
[2025-04-05T11:15:31.995+0100] {logging_mixin.py:188} INFO - [2025-04-05T11:15:31.995+0100] {example_python_operator.py:93} WARNING - The virtalenv_python example task requires virtualenv, please install it.
[2025-04-05T11:15:31.996+0100] {processor.py:840} INFO - DAG(s) 'example_python_operator' retrieved from /Users/judeezeh/Desktop/Zoomcamp-project/venv/lib/python3.11/site-packages/airflow/example_dags/example_python_operator.py
[2025-04-05T11:15:32.072+0100] {logging_mixin.py:188} INFO - [2025-04-05T11:15:32.072+0100] {override.py:1930} INFO - Created Permission View: can delete on DAG:example_python_operator
[2025-04-05T11:15:32.074+0100] {logging_mixin.py:188} INFO - [2025-04-05T11:15:32.074+0100] {override.py:1930} INFO - Created Permission View: can read on DAG:example_python_operator
[2025-04-05T11:15:32.076+0100] {logging_mixin.py:188} INFO - [2025-04-05T11:15:32.076+0100] {override.py:1930} INFO - Created Permission View: can edit on DAG:example_python_operator
[2025-04-05T11:15:32.076+0100] {logging_mixin.py:188} INFO - [2025-04-05T11:15:32.076+0100] {dag.py:3096} INFO - Sync 1 DAGs
[2025-04-05T11:15:32.079+0100] {logging_mixin.py:188} INFO - [2025-04-05T11:15:32.079+0100] {dag.py:3118} INFO - Creating ORM DAG for example_python_operator
[2025-04-05T11:15:32.079+0100] {logging_mixin.py:188} INFO - [2025-04-05T11:15:32.079+0100] {dag.py:3954} INFO - Setting next_dagrun for example_python_operator to None, run_after=None
[2025-04-05T11:15:32.084+0100] {processor.py:183} INFO - Processing /Users/judeezeh/Desktop/Zoomcamp-project/venv/lib/python3.11/site-packages/airflow/example_dags/example_python_operator.py took 0.097 seconds
[2025-04-05T11:16:53.228+0100] {processor.py:161} INFO - Started process (PID=16865) to work on /Users/judeezeh/Desktop/Zoomcamp-project/venv/lib/python3.11/site-packages/airflow/example_dags/example_python_operator.py
[2025-04-05T11:16:53.229+0100] {processor.py:830} INFO - Processing file /Users/judeezeh/Desktop/Zoomcamp-project/venv/lib/python3.11/site-packages/airflow/example_dags/example_python_operator.py for tasks to queue
[2025-04-05T11:16:53.229+0100] {logging_mixin.py:188} INFO - [2025-04-05T11:16:53.229+0100] {dagbag.py:540} INFO - Filling up the DagBag from /Users/judeezeh/Desktop/Zoomcamp-project/venv/lib/python3.11/site-packages/airflow/example_dags/example_python_operator.py
[2025-04-05T11:16:53.237+0100] {logging_mixin.py:188} INFO - [2025-04-05T11:16:53.237+0100] {example_python_operator.py:93} WARNING - The virtalenv_python example task requires virtualenv, please install it.
[2025-04-05T11:16:53.238+0100] {processor.py:840} INFO - DAG(s) 'example_python_operator' retrieved from /Users/judeezeh/Desktop/Zoomcamp-project/venv/lib/python3.11/site-packages/airflow/example_dags/example_python_operator.py
[2025-04-05T11:16:53.266+0100] {logging_mixin.py:188} INFO - [2025-04-05T11:16:53.266+0100] {dag.py:3096} INFO - Sync 1 DAGs
[2025-04-05T11:16:53.270+0100] {logging_mixin.py:188} INFO - [2025-04-05T11:16:53.270+0100] {dag.py:3954} INFO - Setting next_dagrun for example_python_operator to None, run_after=None
[2025-04-05T11:16:53.276+0100] {processor.py:183} INFO - Processing /Users/judeezeh/Desktop/Zoomcamp-project/venv/lib/python3.11/site-packages/airflow/example_dags/example_python_operator.py took 0.049 seconds
[2025-04-05T11:18:21.444+0100] {processor.py:161} INFO - Started process (PID=16995) to work on /Users/judeezeh/Desktop/Zoomcamp-project/venv/lib/python3.11/site-packages/airflow/example_dags/example_python_operator.py
[2025-04-05T11:18:21.445+0100] {processor.py:830} INFO - Processing file /Users/judeezeh/Desktop/Zoomcamp-project/venv/lib/python3.11/site-packages/airflow/example_dags/example_python_operator.py for tasks to queue
[2025-04-05T11:18:21.445+0100] {logging_mixin.py:188} INFO - [2025-04-05T11:18:21.445+0100] {dagbag.py:540} INFO - Filling up the DagBag from /Users/judeezeh/Desktop/Zoomcamp-project/venv/lib/python3.11/site-packages/airflow/example_dags/example_python_operator.py
[2025-04-05T11:18:21.453+0100] {logging_mixin.py:188} INFO - [2025-04-05T11:18:21.453+0100] {example_python_operator.py:93} WARNING - The virtalenv_python example task requires virtualenv, please install it.
[2025-04-05T11:18:21.454+0100] {processor.py:840} INFO - DAG(s) 'example_python_operator' retrieved from /Users/judeezeh/Desktop/Zoomcamp-project/venv/lib/python3.11/site-packages/airflow/example_dags/example_python_operator.py
[2025-04-05T11:18:21.482+0100] {logging_mixin.py:188} INFO - [2025-04-05T11:18:21.482+0100] {dag.py:3096} INFO - Sync 1 DAGs
[2025-04-05T11:18:21.485+0100] {logging_mixin.py:188} INFO - [2025-04-05T11:18:21.485+0100] {dag.py:3954} INFO - Setting next_dagrun for example_python_operator to None, run_after=None
[2025-04-05T11:18:21.491+0100] {processor.py:183} INFO - Processing /Users/judeezeh/Desktop/Zoomcamp-project/venv/lib/python3.11/site-packages/airflow/example_dags/example_python_operator.py took 0.047 seconds
[2025-04-05T11:19:35.932+0100] {processor.py:161} INFO - Started process (PID=17145) to work on /Users/judeezeh/Desktop/Zoomcamp-project/venv/lib/python3.11/site-packages/airflow/example_dags/example_python_operator.py
[2025-04-05T11:19:35.933+0100] {processor.py:830} INFO - Processing file /Users/judeezeh/Desktop/Zoomcamp-project/venv/lib/python3.11/site-packages/airflow/example_dags/example_python_operator.py for tasks to queue
[2025-04-05T11:19:35.933+0100] {logging_mixin.py:188} INFO - [2025-04-05T11:19:35.933+0100] {dagbag.py:540} INFO - Filling up the DagBag from /Users/judeezeh/Desktop/Zoomcamp-project/venv/lib/python3.11/site-packages/airflow/example_dags/example_python_operator.py
[2025-04-05T11:19:35.942+0100] {logging_mixin.py:188} INFO - [2025-04-05T11:19:35.942+0100] {example_python_operator.py:93} WARNING - The virtalenv_python example task requires virtualenv, please install it.
[2025-04-05T11:19:35.943+0100] {processor.py:840} INFO - DAG(s) 'example_python_operator' retrieved from /Users/judeezeh/Desktop/Zoomcamp-project/venv/lib/python3.11/site-packages/airflow/example_dags/example_python_operator.py
[2025-04-05T11:19:35.973+0100] {logging_mixin.py:188} INFO - [2025-04-05T11:19:35.973+0100] {dag.py:3096} INFO - Sync 1 DAGs
[2025-04-05T11:19:35.976+0100] {logging_mixin.py:188} INFO - [2025-04-05T11:19:35.976+0100] {dag.py:3954} INFO - Setting next_dagrun for example_python_operator to None, run_after=None
[2025-04-05T11:19:35.983+0100] {processor.py:183} INFO - Processing /Users/judeezeh/Desktop/Zoomcamp-project/venv/lib/python3.11/site-packages/airflow/example_dags/example_python_operator.py took 0.051 seconds
[2025-04-05T11:21:01.349+0100] {processor.py:161} INFO - Started process (PID=17268) to work on /Users/judeezeh/Desktop/Zoomcamp-project/venv/lib/python3.11/site-packages/airflow/example_dags/example_python_operator.py
[2025-04-05T11:21:01.349+0100] {processor.py:830} INFO - Processing file /Users/judeezeh/Desktop/Zoomcamp-project/venv/lib/python3.11/site-packages/airflow/example_dags/example_python_operator.py for tasks to queue
[2025-04-05T11:21:01.349+0100] {logging_mixin.py:188} INFO - [2025-04-05T11:21:01.349+0100] {dagbag.py:540} INFO - Filling up the DagBag from /Users/judeezeh/Desktop/Zoomcamp-project/venv/lib/python3.11/site-packages/airflow/example_dags/example_python_operator.py
[2025-04-05T11:21:01.357+0100] {logging_mixin.py:188} INFO - [2025-04-05T11:21:01.357+0100] {example_python_operator.py:93} WARNING - The virtalenv_python example task requires virtualenv, please install it.
[2025-04-05T11:21:01.358+0100] {processor.py:840} INFO - DAG(s) 'example_python_operator' retrieved from /Users/judeezeh/Desktop/Zoomcamp-project/venv/lib/python3.11/site-packages/airflow/example_dags/example_python_operator.py
[2025-04-05T11:21:01.388+0100] {logging_mixin.py:188} INFO - [2025-04-05T11:21:01.388+0100] {dag.py:3096} INFO - Sync 1 DAGs
[2025-04-05T11:21:01.392+0100] {logging_mixin.py:188} INFO - [2025-04-05T11:21:01.392+0100] {dag.py:3954} INFO - Setting next_dagrun for example_python_operator to None, run_after=None
[2025-04-05T11:21:01.398+0100] {processor.py:183} INFO - Processing /Users/judeezeh/Desktop/Zoomcamp-project/venv/lib/python3.11/site-packages/airflow/example_dags/example_python_operator.py took 0.051 seconds
[2025-04-05T11:22:51.786+0100] {processor.py:161} INFO - Started process (PID=17424) to work on /Users/judeezeh/Desktop/Zoomcamp-project/venv/lib/python3.11/site-packages/airflow/example_dags/example_python_operator.py
[2025-04-05T11:22:51.787+0100] {processor.py:830} INFO - Processing file /Users/judeezeh/Desktop/Zoomcamp-project/venv/lib/python3.11/site-packages/airflow/example_dags/example_python_operator.py for tasks to queue
[2025-04-05T11:22:51.787+0100] {logging_mixin.py:188} INFO - [2025-04-05T11:22:51.787+0100] {dagbag.py:540} INFO - Filling up the DagBag from /Users/judeezeh/Desktop/Zoomcamp-project/venv/lib/python3.11/site-packages/airflow/example_dags/example_python_operator.py
[2025-04-05T11:22:51.795+0100] {logging_mixin.py:188} INFO - [2025-04-05T11:22:51.795+0100] {example_python_operator.py:93} WARNING - The virtalenv_python example task requires virtualenv, please install it.
[2025-04-05T11:22:51.796+0100] {processor.py:840} INFO - DAG(s) 'example_python_operator' retrieved from /Users/judeezeh/Desktop/Zoomcamp-project/venv/lib/python3.11/site-packages/airflow/example_dags/example_python_operator.py
[2025-04-05T11:22:51.826+0100] {logging_mixin.py:188} INFO - [2025-04-05T11:22:51.826+0100] {dag.py:3096} INFO - Sync 1 DAGs
[2025-04-05T11:22:51.829+0100] {logging_mixin.py:188} INFO - [2025-04-05T11:22:51.829+0100] {dag.py:3954} INFO - Setting next_dagrun for example_python_operator to None, run_after=None
[2025-04-05T11:22:51.835+0100] {processor.py:183} INFO - Processing /Users/judeezeh/Desktop/Zoomcamp-project/venv/lib/python3.11/site-packages/airflow/example_dags/example_python_operator.py took 0.050 seconds
[2025-04-05T11:24:28.013+0100] {processor.py:161} INFO - Started process (PID=17560) to work on /Users/judeezeh/Desktop/Zoomcamp-project/venv/lib/python3.11/site-packages/airflow/example_dags/example_python_operator.py
[2025-04-05T11:24:28.015+0100] {processor.py:830} INFO - Processing file /Users/judeezeh/Desktop/Zoomcamp-project/venv/lib/python3.11/site-packages/airflow/example_dags/example_python_operator.py for tasks to queue
[2025-04-05T11:24:28.015+0100] {logging_mixin.py:188} INFO - [2025-04-05T11:24:28.015+0100] {dagbag.py:540} INFO - Filling up the DagBag from /Users/judeezeh/Desktop/Zoomcamp-project/venv/lib/python3.11/site-packages/airflow/example_dags/example_python_operator.py
[2025-04-05T11:24:28.023+0100] {logging_mixin.py:188} INFO - [2025-04-05T11:24:28.023+0100] {example_python_operator.py:93} WARNING - The virtalenv_python example task requires virtualenv, please install it.
[2025-04-05T11:24:28.024+0100] {processor.py:840} INFO - DAG(s) 'example_python_operator' retrieved from /Users/judeezeh/Desktop/Zoomcamp-project/venv/lib/python3.11/site-packages/airflow/example_dags/example_python_operator.py
[2025-04-05T11:24:28.053+0100] {logging_mixin.py:188} INFO - [2025-04-05T11:24:28.053+0100] {dag.py:3096} INFO - Sync 1 DAGs
[2025-04-05T11:24:28.056+0100] {logging_mixin.py:188} INFO - [2025-04-05T11:24:28.056+0100] {dag.py:3954} INFO - Setting next_dagrun for example_python_operator to None, run_after=None
[2025-04-05T11:24:28.062+0100] {processor.py:183} INFO - Processing /Users/judeezeh/Desktop/Zoomcamp-project/venv/lib/python3.11/site-packages/airflow/example_dags/example_python_operator.py took 0.050 seconds
[2025-04-05T11:26:06.277+0100] {processor.py:161} INFO - Started process (PID=17697) to work on /Users/judeezeh/Desktop/Zoomcamp-project/venv/lib/python3.11/site-packages/airflow/example_dags/example_python_operator.py
[2025-04-05T11:26:06.278+0100] {processor.py:830} INFO - Processing file /Users/judeezeh/Desktop/Zoomcamp-project/venv/lib/python3.11/site-packages/airflow/example_dags/example_python_operator.py for tasks to queue
[2025-04-05T11:26:06.278+0100] {logging_mixin.py:188} INFO - [2025-04-05T11:26:06.278+0100] {dagbag.py:540} INFO - Filling up the DagBag from /Users/judeezeh/Desktop/Zoomcamp-project/venv/lib/python3.11/site-packages/airflow/example_dags/example_python_operator.py
[2025-04-05T11:26:06.286+0100] {logging_mixin.py:188} INFO - [2025-04-05T11:26:06.286+0100] {example_python_operator.py:93} WARNING - The virtalenv_python example task requires virtualenv, please install it.
[2025-04-05T11:26:06.287+0100] {processor.py:840} INFO - DAG(s) 'example_python_operator' retrieved from /Users/judeezeh/Desktop/Zoomcamp-project/venv/lib/python3.11/site-packages/airflow/example_dags/example_python_operator.py
[2025-04-05T11:26:06.315+0100] {logging_mixin.py:188} INFO - [2025-04-05T11:26:06.315+0100] {dag.py:3096} INFO - Sync 1 DAGs
[2025-04-05T11:26:06.318+0100] {logging_mixin.py:188} INFO - [2025-04-05T11:26:06.318+0100] {dag.py:3954} INFO - Setting next_dagrun for example_python_operator to None, run_after=None
[2025-04-05T11:26:06.324+0100] {processor.py:183} INFO - Processing /Users/judeezeh/Desktop/Zoomcamp-project/venv/lib/python3.11/site-packages/airflow/example_dags/example_python_operator.py took 0.048 seconds
[2025-04-05T11:27:51.396+0100] {processor.py:161} INFO - Started process (PID=17852) to work on /Users/judeezeh/Desktop/Zoomcamp-project/venv/lib/python3.11/site-packages/airflow/example_dags/example_python_operator.py
[2025-04-05T11:27:51.398+0100] {processor.py:830} INFO - Processing file /Users/judeezeh/Desktop/Zoomcamp-project/venv/lib/python3.11/site-packages/airflow/example_dags/example_python_operator.py for tasks to queue
[2025-04-05T11:27:51.398+0100] {logging_mixin.py:188} INFO - [2025-04-05T11:27:51.398+0100] {dagbag.py:540} INFO - Filling up the DagBag from /Users/judeezeh/Desktop/Zoomcamp-project/venv/lib/python3.11/site-packages/airflow/example_dags/example_python_operator.py
[2025-04-05T11:27:51.406+0100] {logging_mixin.py:188} INFO - [2025-04-05T11:27:51.406+0100] {example_python_operator.py:93} WARNING - The virtalenv_python example task requires virtualenv, please install it.
[2025-04-05T11:27:51.407+0100] {processor.py:840} INFO - DAG(s) 'example_python_operator' retrieved from /Users/judeezeh/Desktop/Zoomcamp-project/venv/lib/python3.11/site-packages/airflow/example_dags/example_python_operator.py
[2025-04-05T11:27:51.435+0100] {logging_mixin.py:188} INFO - [2025-04-05T11:27:51.435+0100] {dag.py:3096} INFO - Sync 1 DAGs
[2025-04-05T11:27:51.439+0100] {logging_mixin.py:188} INFO - [2025-04-05T11:27:51.438+0100] {dag.py:3954} INFO - Setting next_dagrun for example_python_operator to None, run_after=None
[2025-04-05T11:27:51.445+0100] {processor.py:183} INFO - Processing /Users/judeezeh/Desktop/Zoomcamp-project/venv/lib/python3.11/site-packages/airflow/example_dags/example_python_operator.py took 0.050 seconds
[2025-04-05T11:29:42.872+0100] {processor.py:161} INFO - Started process (PID=18007) to work on /Users/judeezeh/Desktop/Zoomcamp-project/venv/lib/python3.11/site-packages/airflow/example_dags/example_python_operator.py
[2025-04-05T11:29:42.873+0100] {processor.py:830} INFO - Processing file /Users/judeezeh/Desktop/Zoomcamp-project/venv/lib/python3.11/site-packages/airflow/example_dags/example_python_operator.py for tasks to queue
[2025-04-05T11:29:42.873+0100] {logging_mixin.py:188} INFO - [2025-04-05T11:29:42.873+0100] {dagbag.py:540} INFO - Filling up the DagBag from /Users/judeezeh/Desktop/Zoomcamp-project/venv/lib/python3.11/site-packages/airflow/example_dags/example_python_operator.py
[2025-04-05T11:29:42.882+0100] {logging_mixin.py:188} INFO - [2025-04-05T11:29:42.882+0100] {example_python_operator.py:93} WARNING - The virtalenv_python example task requires virtualenv, please install it.
[2025-04-05T11:29:42.883+0100] {processor.py:840} INFO - DAG(s) 'example_python_operator' retrieved from /Users/judeezeh/Desktop/Zoomcamp-project/venv/lib/python3.11/site-packages/airflow/example_dags/example_python_operator.py
[2025-04-05T11:29:42.912+0100] {logging_mixin.py:188} INFO - [2025-04-05T11:29:42.912+0100] {dag.py:3096} INFO - Sync 1 DAGs
[2025-04-05T11:29:42.915+0100] {logging_mixin.py:188} INFO - [2025-04-05T11:29:42.915+0100] {dag.py:3954} INFO - Setting next_dagrun for example_python_operator to None, run_after=None
[2025-04-05T11:29:42.922+0100] {processor.py:183} INFO - Processing /Users/judeezeh/Desktop/Zoomcamp-project/venv/lib/python3.11/site-packages/airflow/example_dags/example_python_operator.py took 0.052 seconds
[2025-04-05T11:31:25.090+0100] {processor.py:161} INFO - Started process (PID=18159) to work on /Users/judeezeh/Desktop/Zoomcamp-project/venv/lib/python3.11/site-packages/airflow/example_dags/example_python_operator.py
[2025-04-05T11:31:25.091+0100] {processor.py:830} INFO - Processing file /Users/judeezeh/Desktop/Zoomcamp-project/venv/lib/python3.11/site-packages/airflow/example_dags/example_python_operator.py for tasks to queue
[2025-04-05T11:31:25.091+0100] {logging_mixin.py:188} INFO - [2025-04-05T11:31:25.091+0100] {dagbag.py:540} INFO - Filling up the DagBag from /Users/judeezeh/Desktop/Zoomcamp-project/venv/lib/python3.11/site-packages/airflow/example_dags/example_python_operator.py
[2025-04-05T11:31:25.099+0100] {logging_mixin.py:188} INFO - [2025-04-05T11:31:25.099+0100] {example_python_operator.py:93} WARNING - The virtalenv_python example task requires virtualenv, please install it.
[2025-04-05T11:31:25.100+0100] {processor.py:840} INFO - DAG(s) 'example_python_operator' retrieved from /Users/judeezeh/Desktop/Zoomcamp-project/venv/lib/python3.11/site-packages/airflow/example_dags/example_python_operator.py
[2025-04-05T11:31:25.128+0100] {logging_mixin.py:188} INFO - [2025-04-05T11:31:25.128+0100] {dag.py:3096} INFO - Sync 1 DAGs
[2025-04-05T11:31:25.131+0100] {logging_mixin.py:188} INFO - [2025-04-05T11:31:25.131+0100] {dag.py:3954} INFO - Setting next_dagrun for example_python_operator to None, run_after=None
[2025-04-05T11:31:25.137+0100] {processor.py:183} INFO - Processing /Users/judeezeh/Desktop/Zoomcamp-project/venv/lib/python3.11/site-packages/airflow/example_dags/example_python_operator.py took 0.048 seconds
[2025-04-05T11:33:06.082+0100] {processor.py:161} INFO - Started process (PID=18310) to work on /Users/judeezeh/Desktop/Zoomcamp-project/venv/lib/python3.11/site-packages/airflow/example_dags/example_python_operator.py
[2025-04-05T11:33:06.082+0100] {processor.py:830} INFO - Processing file /Users/judeezeh/Desktop/Zoomcamp-project/venv/lib/python3.11/site-packages/airflow/example_dags/example_python_operator.py for tasks to queue
[2025-04-05T11:33:06.083+0100] {logging_mixin.py:188} INFO - [2025-04-05T11:33:06.082+0100] {dagbag.py:540} INFO - Filling up the DagBag from /Users/judeezeh/Desktop/Zoomcamp-project/venv/lib/python3.11/site-packages/airflow/example_dags/example_python_operator.py
[2025-04-05T11:33:06.090+0100] {logging_mixin.py:188} INFO - [2025-04-05T11:33:06.090+0100] {example_python_operator.py:93} WARNING - The virtalenv_python example task requires virtualenv, please install it.
[2025-04-05T11:33:06.091+0100] {processor.py:840} INFO - DAG(s) 'example_python_operator' retrieved from /Users/judeezeh/Desktop/Zoomcamp-project/venv/lib/python3.11/site-packages/airflow/example_dags/example_python_operator.py
[2025-04-05T11:33:06.120+0100] {logging_mixin.py:188} INFO - [2025-04-05T11:33:06.120+0100] {dag.py:3096} INFO - Sync 1 DAGs
[2025-04-05T11:33:06.123+0100] {logging_mixin.py:188} INFO - [2025-04-05T11:33:06.123+0100] {dag.py:3954} INFO - Setting next_dagrun for example_python_operator to None, run_after=None
[2025-04-05T11:33:06.129+0100] {processor.py:183} INFO - Processing /Users/judeezeh/Desktop/Zoomcamp-project/venv/lib/python3.11/site-packages/airflow/example_dags/example_python_operator.py took 0.048 seconds
[2025-04-05T11:34:51.287+0100] {processor.py:161} INFO - Started process (PID=18459) to work on /Users/judeezeh/Desktop/Zoomcamp-project/venv/lib/python3.11/site-packages/airflow/example_dags/example_python_operator.py
[2025-04-05T11:34:51.288+0100] {processor.py:830} INFO - Processing file /Users/judeezeh/Desktop/Zoomcamp-project/venv/lib/python3.11/site-packages/airflow/example_dags/example_python_operator.py for tasks to queue
[2025-04-05T11:34:51.288+0100] {logging_mixin.py:188} INFO - [2025-04-05T11:34:51.288+0100] {dagbag.py:540} INFO - Filling up the DagBag from /Users/judeezeh/Desktop/Zoomcamp-project/venv/lib/python3.11/site-packages/airflow/example_dags/example_python_operator.py
[2025-04-05T11:34:51.295+0100] {logging_mixin.py:188} INFO - [2025-04-05T11:34:51.295+0100] {example_python_operator.py:93} WARNING - The virtalenv_python example task requires virtualenv, please install it.
[2025-04-05T11:34:51.296+0100] {processor.py:840} INFO - DAG(s) 'example_python_operator' retrieved from /Users/judeezeh/Desktop/Zoomcamp-project/venv/lib/python3.11/site-packages/airflow/example_dags/example_python_operator.py
[2025-04-05T11:34:51.324+0100] {logging_mixin.py:188} INFO - [2025-04-05T11:34:51.324+0100] {dag.py:3096} INFO - Sync 1 DAGs
[2025-04-05T11:34:51.327+0100] {logging_mixin.py:188} INFO - [2025-04-05T11:34:51.327+0100] {dag.py:3954} INFO - Setting next_dagrun for example_python_operator to None, run_after=None
[2025-04-05T11:34:51.334+0100] {processor.py:183} INFO - Processing /Users/judeezeh/Desktop/Zoomcamp-project/venv/lib/python3.11/site-packages/airflow/example_dags/example_python_operator.py took 0.048 seconds
[2025-04-05T11:36:31.008+0100] {processor.py:161} INFO - Started process (PID=18596) to work on /Users/judeezeh/Desktop/Zoomcamp-project/venv/lib/python3.11/site-packages/airflow/example_dags/example_python_operator.py
[2025-04-05T11:36:31.009+0100] {processor.py:830} INFO - Processing file /Users/judeezeh/Desktop/Zoomcamp-project/venv/lib/python3.11/site-packages/airflow/example_dags/example_python_operator.py for tasks to queue
[2025-04-05T11:36:31.009+0100] {logging_mixin.py:188} INFO - [2025-04-05T11:36:31.009+0100] {dagbag.py:540} INFO - Filling up the DagBag from /Users/judeezeh/Desktop/Zoomcamp-project/venv/lib/python3.11/site-packages/airflow/example_dags/example_python_operator.py
[2025-04-05T11:36:31.017+0100] {logging_mixin.py:188} INFO - [2025-04-05T11:36:31.017+0100] {example_python_operator.py:93} WARNING - The virtalenv_python example task requires virtualenv, please install it.
[2025-04-05T11:36:31.018+0100] {processor.py:840} INFO - DAG(s) 'example_python_operator' retrieved from /Users/judeezeh/Desktop/Zoomcamp-project/venv/lib/python3.11/site-packages/airflow/example_dags/example_python_operator.py
[2025-04-05T11:36:31.047+0100] {logging_mixin.py:188} INFO - [2025-04-05T11:36:31.047+0100] {dag.py:3096} INFO - Sync 1 DAGs
[2025-04-05T11:36:31.050+0100] {logging_mixin.py:188} INFO - [2025-04-05T11:36:31.050+0100] {dag.py:3954} INFO - Setting next_dagrun for example_python_operator to None, run_after=None
[2025-04-05T11:36:31.057+0100] {processor.py:183} INFO - Processing /Users/judeezeh/Desktop/Zoomcamp-project/venv/lib/python3.11/site-packages/airflow/example_dags/example_python_operator.py took 0.050 seconds
[2025-04-05T11:38:56.049+0100] {processor.py:161} INFO - Started process (PID=18830) to work on /Users/judeezeh/Desktop/Zoomcamp-project/venv/lib/python3.11/site-packages/airflow/example_dags/example_python_operator.py
[2025-04-05T11:38:56.050+0100] {processor.py:830} INFO - Processing file /Users/judeezeh/Desktop/Zoomcamp-project/venv/lib/python3.11/site-packages/airflow/example_dags/example_python_operator.py for tasks to queue
[2025-04-05T11:38:56.050+0100] {logging_mixin.py:188} INFO - [2025-04-05T11:38:56.050+0100] {dagbag.py:540} INFO - Filling up the DagBag from /Users/judeezeh/Desktop/Zoomcamp-project/venv/lib/python3.11/site-packages/airflow/example_dags/example_python_operator.py
[2025-04-05T11:38:56.058+0100] {logging_mixin.py:188} INFO - [2025-04-05T11:38:56.058+0100] {example_python_operator.py:93} WARNING - The virtalenv_python example task requires virtualenv, please install it.
[2025-04-05T11:38:56.059+0100] {processor.py:840} INFO - DAG(s) 'example_python_operator' retrieved from /Users/judeezeh/Desktop/Zoomcamp-project/venv/lib/python3.11/site-packages/airflow/example_dags/example_python_operator.py
[2025-04-05T11:38:56.087+0100] {logging_mixin.py:188} INFO - [2025-04-05T11:38:56.087+0100] {dag.py:3096} INFO - Sync 1 DAGs
[2025-04-05T11:38:56.090+0100] {logging_mixin.py:188} INFO - [2025-04-05T11:38:56.090+0100] {dag.py:3954} INFO - Setting next_dagrun for example_python_operator to None, run_after=None
[2025-04-05T11:38:56.096+0100] {processor.py:183} INFO - Processing /Users/judeezeh/Desktop/Zoomcamp-project/venv/lib/python3.11/site-packages/airflow/example_dags/example_python_operator.py took 0.048 seconds
[2025-04-05T11:40:15.951+0100] {processor.py:161} INFO - Started process (PID=18962) to work on /Users/judeezeh/Desktop/Zoomcamp-project/venv/lib/python3.11/site-packages/airflow/example_dags/example_python_operator.py
[2025-04-05T11:40:15.951+0100] {processor.py:830} INFO - Processing file /Users/judeezeh/Desktop/Zoomcamp-project/venv/lib/python3.11/site-packages/airflow/example_dags/example_python_operator.py for tasks to queue
[2025-04-05T11:40:15.952+0100] {logging_mixin.py:188} INFO - [2025-04-05T11:40:15.952+0100] {dagbag.py:540} INFO - Filling up the DagBag from /Users/judeezeh/Desktop/Zoomcamp-project/venv/lib/python3.11/site-packages/airflow/example_dags/example_python_operator.py
[2025-04-05T11:40:15.960+0100] {logging_mixin.py:188} INFO - [2025-04-05T11:40:15.960+0100] {example_python_operator.py:93} WARNING - The virtalenv_python example task requires virtualenv, please install it.
[2025-04-05T11:40:15.961+0100] {processor.py:840} INFO - DAG(s) 'example_python_operator' retrieved from /Users/judeezeh/Desktop/Zoomcamp-project/venv/lib/python3.11/site-packages/airflow/example_dags/example_python_operator.py
[2025-04-05T11:40:15.991+0100] {logging_mixin.py:188} INFO - [2025-04-05T11:40:15.990+0100] {dag.py:3096} INFO - Sync 1 DAGs
[2025-04-05T11:40:15.994+0100] {logging_mixin.py:188} INFO - [2025-04-05T11:40:15.994+0100] {dag.py:3954} INFO - Setting next_dagrun for example_python_operator to None, run_after=None
[2025-04-05T11:40:16.001+0100] {processor.py:183} INFO - Processing /Users/judeezeh/Desktop/Zoomcamp-project/venv/lib/python3.11/site-packages/airflow/example_dags/example_python_operator.py took 0.051 seconds
[2025-04-05T11:41:48.807+0100] {processor.py:161} INFO - Started process (PID=19132) to work on /Users/judeezeh/Desktop/Zoomcamp-project/venv/lib/python3.11/site-packages/airflow/example_dags/example_python_operator.py
[2025-04-05T11:41:48.808+0100] {processor.py:830} INFO - Processing file /Users/judeezeh/Desktop/Zoomcamp-project/venv/lib/python3.11/site-packages/airflow/example_dags/example_python_operator.py for tasks to queue
[2025-04-05T11:41:48.808+0100] {logging_mixin.py:188} INFO - [2025-04-05T11:41:48.808+0100] {dagbag.py:540} INFO - Filling up the DagBag from /Users/judeezeh/Desktop/Zoomcamp-project/venv/lib/python3.11/site-packages/airflow/example_dags/example_python_operator.py
[2025-04-05T11:41:48.817+0100] {logging_mixin.py:188} INFO - [2025-04-05T11:41:48.816+0100] {example_python_operator.py:93} WARNING - The virtalenv_python example task requires virtualenv, please install it.
[2025-04-05T11:41:48.818+0100] {processor.py:840} INFO - DAG(s) 'example_python_operator' retrieved from /Users/judeezeh/Desktop/Zoomcamp-project/venv/lib/python3.11/site-packages/airflow/example_dags/example_python_operator.py
[2025-04-05T11:41:48.850+0100] {logging_mixin.py:188} INFO - [2025-04-05T11:41:48.849+0100] {dag.py:3096} INFO - Sync 1 DAGs
[2025-04-05T11:41:48.853+0100] {logging_mixin.py:188} INFO - [2025-04-05T11:41:48.853+0100] {dag.py:3954} INFO - Setting next_dagrun for example_python_operator to None, run_after=None
[2025-04-05T11:41:48.860+0100] {processor.py:183} INFO - Processing /Users/judeezeh/Desktop/Zoomcamp-project/venv/lib/python3.11/site-packages/airflow/example_dags/example_python_operator.py took 0.054 seconds
