[2025-04-05T11:15:23.347+0100] {processor.py:161} INFO - Started process (PID=16723) to work on /Users/judeezeh/Desktop/Zoomcamp-project/venv/lib/python3.11/site-packages/airflow/example_dags/example_short_circuit_decorator.py
[2025-04-05T11:15:23.347+0100] {processor.py:830} INFO - Processing file /Users/judeezeh/Desktop/Zoomcamp-project/venv/lib/python3.11/site-packages/airflow/example_dags/example_short_circuit_decorator.py for tasks to queue
[2025-04-05T11:15:23.347+0100] {logging_mixin.py:188} INFO - [2025-04-05T11:15:23.347+0100] {dagbag.py:540} INFO - Filling up the DagBag from /Users/judeezeh/Desktop/Zoomcamp-project/venv/lib/python3.11/site-packages/airflow/example_dags/example_short_circuit_decorator.py
[2025-04-05T11:15:23.359+0100] {processor.py:840} INFO - DAG(s) 'example_short_circuit_decorator' retrieved from /Users/judeezeh/Desktop/Zoomcamp-project/venv/lib/python3.11/site-packages/airflow/example_dags/example_short_circuit_decorator.py
[2025-04-05T11:15:23.436+0100] {logging_mixin.py:188} INFO - [2025-04-05T11:15:23.435+0100] {override.py:1930} INFO - Created Permission View: can edit on DAG:example_short_circuit_decorator
[2025-04-05T11:15:23.438+0100] {logging_mixin.py:188} INFO - [2025-04-05T11:15:23.438+0100] {override.py:1930} INFO - Created Permission View: can read on DAG:example_short_circuit_decorator
[2025-04-05T11:15:23.440+0100] {logging_mixin.py:188} INFO - [2025-04-05T11:15:23.440+0100] {override.py:1930} INFO - Created Permission View: can delete on DAG:example_short_circuit_decorator
[2025-04-05T11:15:23.440+0100] {logging_mixin.py:188} INFO - [2025-04-05T11:15:23.440+0100] {dag.py:3096} INFO - Sync 1 DAGs
[2025-04-05T11:15:23.442+0100] {logging_mixin.py:188} INFO - [2025-04-05T11:15:23.442+0100] {dag.py:3118} INFO - Creating ORM DAG for example_short_circuit_decorator
[2025-04-05T11:15:23.445+0100] {logging_mixin.py:188} INFO - [2025-04-05T11:15:23.445+0100] {dag.py:3954} INFO - Setting next_dagrun for example_short_circuit_decorator to 2025-04-04T00:00:00+00:00, run_after=2025-04-05T00:00:00+00:00
[2025-04-05T11:15:23.450+0100] {processor.py:183} INFO - Processing /Users/judeezeh/Desktop/Zoomcamp-project/venv/lib/python3.11/site-packages/airflow/example_dags/example_short_circuit_decorator.py took 0.104 seconds
[2025-04-05T11:16:45.378+0100] {processor.py:161} INFO - Started process (PID=16855) to work on /Users/judeezeh/Desktop/Zoomcamp-project/venv/lib/python3.11/site-packages/airflow/example_dags/example_short_circuit_decorator.py
[2025-04-05T11:16:45.379+0100] {processor.py:830} INFO - Processing file /Users/judeezeh/Desktop/Zoomcamp-project/venv/lib/python3.11/site-packages/airflow/example_dags/example_short_circuit_decorator.py for tasks to queue
[2025-04-05T11:16:45.379+0100] {logging_mixin.py:188} INFO - [2025-04-05T11:16:45.379+0100] {dagbag.py:540} INFO - Filling up the DagBag from /Users/judeezeh/Desktop/Zoomcamp-project/venv/lib/python3.11/site-packages/airflow/example_dags/example_short_circuit_decorator.py
[2025-04-05T11:16:45.392+0100] {processor.py:840} INFO - DAG(s) 'example_short_circuit_decorator' retrieved from /Users/judeezeh/Desktop/Zoomcamp-project/venv/lib/python3.11/site-packages/airflow/example_dags/example_short_circuit_decorator.py
[2025-04-05T11:16:45.422+0100] {logging_mixin.py:188} INFO - [2025-04-05T11:16:45.422+0100] {dag.py:3096} INFO - Sync 1 DAGs
[2025-04-05T11:16:45.428+0100] {logging_mixin.py:188} INFO - [2025-04-05T11:16:45.427+0100] {dag.py:3954} INFO - Setting next_dagrun for example_short_circuit_decorator to 2025-04-04T00:00:00+00:00, run_after=2025-04-05T00:00:00+00:00
[2025-04-05T11:16:45.434+0100] {processor.py:183} INFO - Processing /Users/judeezeh/Desktop/Zoomcamp-project/venv/lib/python3.11/site-packages/airflow/example_dags/example_short_circuit_decorator.py took 0.057 seconds
[2025-04-05T11:18:14.203+0100] {processor.py:161} INFO - Started process (PID=16985) to work on /Users/judeezeh/Desktop/Zoomcamp-project/venv/lib/python3.11/site-packages/airflow/example_dags/example_short_circuit_decorator.py
[2025-04-05T11:18:14.203+0100] {processor.py:830} INFO - Processing file /Users/judeezeh/Desktop/Zoomcamp-project/venv/lib/python3.11/site-packages/airflow/example_dags/example_short_circuit_decorator.py for tasks to queue
[2025-04-05T11:18:14.204+0100] {logging_mixin.py:188} INFO - [2025-04-05T11:18:14.204+0100] {dagbag.py:540} INFO - Filling up the DagBag from /Users/judeezeh/Desktop/Zoomcamp-project/venv/lib/python3.11/site-packages/airflow/example_dags/example_short_circuit_decorator.py
[2025-04-05T11:18:14.216+0100] {processor.py:840} INFO - DAG(s) 'example_short_circuit_decorator' retrieved from /Users/judeezeh/Desktop/Zoomcamp-project/venv/lib/python3.11/site-packages/airflow/example_dags/example_short_circuit_decorator.py
[2025-04-05T11:18:14.245+0100] {logging_mixin.py:188} INFO - [2025-04-05T11:18:14.245+0100] {dag.py:3096} INFO - Sync 1 DAGs
[2025-04-05T11:18:14.249+0100] {logging_mixin.py:188} INFO - [2025-04-05T11:18:14.249+0100] {dag.py:3954} INFO - Setting next_dagrun for example_short_circuit_decorator to 2025-04-04T00:00:00+00:00, run_after=2025-04-05T00:00:00+00:00
[2025-04-05T11:18:14.256+0100] {processor.py:183} INFO - Processing /Users/judeezeh/Desktop/Zoomcamp-project/venv/lib/python3.11/site-packages/airflow/example_dags/example_short_circuit_decorator.py took 0.054 seconds
[2025-04-05T11:19:27.295+0100] {processor.py:161} INFO - Started process (PID=17128) to work on /Users/judeezeh/Desktop/Zoomcamp-project/venv/lib/python3.11/site-packages/airflow/example_dags/example_short_circuit_decorator.py
[2025-04-05T11:19:27.295+0100] {processor.py:830} INFO - Processing file /Users/judeezeh/Desktop/Zoomcamp-project/venv/lib/python3.11/site-packages/airflow/example_dags/example_short_circuit_decorator.py for tasks to queue
[2025-04-05T11:19:27.295+0100] {logging_mixin.py:188} INFO - [2025-04-05T11:19:27.295+0100] {dagbag.py:540} INFO - Filling up the DagBag from /Users/judeezeh/Desktop/Zoomcamp-project/venv/lib/python3.11/site-packages/airflow/example_dags/example_short_circuit_decorator.py
[2025-04-05T11:19:27.310+0100] {processor.py:840} INFO - DAG(s) 'example_short_circuit_decorator' retrieved from /Users/judeezeh/Desktop/Zoomcamp-project/venv/lib/python3.11/site-packages/airflow/example_dags/example_short_circuit_decorator.py
[2025-04-05T11:19:27.341+0100] {logging_mixin.py:188} INFO - [2025-04-05T11:19:27.341+0100] {dag.py:3096} INFO - Sync 1 DAGs
[2025-04-05T11:19:27.347+0100] {logging_mixin.py:188} INFO - [2025-04-05T11:19:27.347+0100] {dag.py:3954} INFO - Setting next_dagrun for example_short_circuit_decorator to 2025-04-04T00:00:00+00:00, run_after=2025-04-05T00:00:00+00:00
[2025-04-05T11:19:27.354+0100] {processor.py:183} INFO - Processing /Users/judeezeh/Desktop/Zoomcamp-project/venv/lib/python3.11/site-packages/airflow/example_dags/example_short_circuit_decorator.py took 0.061 seconds
[2025-04-05T11:20:52.557+0100] {processor.py:161} INFO - Started process (PID=17256) to work on /Users/judeezeh/Desktop/Zoomcamp-project/venv/lib/python3.11/site-packages/airflow/example_dags/example_short_circuit_decorator.py
[2025-04-05T11:20:52.558+0100] {processor.py:830} INFO - Processing file /Users/judeezeh/Desktop/Zoomcamp-project/venv/lib/python3.11/site-packages/airflow/example_dags/example_short_circuit_decorator.py for tasks to queue
[2025-04-05T11:20:52.558+0100] {logging_mixin.py:188} INFO - [2025-04-05T11:20:52.558+0100] {dagbag.py:540} INFO - Filling up the DagBag from /Users/judeezeh/Desktop/Zoomcamp-project/venv/lib/python3.11/site-packages/airflow/example_dags/example_short_circuit_decorator.py
[2025-04-05T11:20:52.570+0100] {processor.py:840} INFO - DAG(s) 'example_short_circuit_decorator' retrieved from /Users/judeezeh/Desktop/Zoomcamp-project/venv/lib/python3.11/site-packages/airflow/example_dags/example_short_circuit_decorator.py
[2025-04-05T11:20:52.600+0100] {logging_mixin.py:188} INFO - [2025-04-05T11:20:52.600+0100] {dag.py:3096} INFO - Sync 1 DAGs
[2025-04-05T11:20:52.605+0100] {logging_mixin.py:188} INFO - [2025-04-05T11:20:52.605+0100] {dag.py:3954} INFO - Setting next_dagrun for example_short_circuit_decorator to 2025-04-04T00:00:00+00:00, run_after=2025-04-05T00:00:00+00:00
[2025-04-05T11:20:52.613+0100] {processor.py:183} INFO - Processing /Users/judeezeh/Desktop/Zoomcamp-project/venv/lib/python3.11/site-packages/airflow/example_dags/example_short_circuit_decorator.py took 0.057 seconds
[2025-04-05T11:22:43.701+0100] {processor.py:161} INFO - Started process (PID=17413) to work on /Users/judeezeh/Desktop/Zoomcamp-project/venv/lib/python3.11/site-packages/airflow/example_dags/example_short_circuit_decorator.py
[2025-04-05T11:22:43.702+0100] {processor.py:830} INFO - Processing file /Users/judeezeh/Desktop/Zoomcamp-project/venv/lib/python3.11/site-packages/airflow/example_dags/example_short_circuit_decorator.py for tasks to queue
[2025-04-05T11:22:43.702+0100] {logging_mixin.py:188} INFO - [2025-04-05T11:22:43.702+0100] {dagbag.py:540} INFO - Filling up the DagBag from /Users/judeezeh/Desktop/Zoomcamp-project/venv/lib/python3.11/site-packages/airflow/example_dags/example_short_circuit_decorator.py
[2025-04-05T11:22:43.714+0100] {processor.py:840} INFO - DAG(s) 'example_short_circuit_decorator' retrieved from /Users/judeezeh/Desktop/Zoomcamp-project/venv/lib/python3.11/site-packages/airflow/example_dags/example_short_circuit_decorator.py
[2025-04-05T11:22:43.743+0100] {logging_mixin.py:188} INFO - [2025-04-05T11:22:43.743+0100] {dag.py:3096} INFO - Sync 1 DAGs
[2025-04-05T11:22:43.748+0100] {logging_mixin.py:188} INFO - [2025-04-05T11:22:43.748+0100] {dag.py:3954} INFO - Setting next_dagrun for example_short_circuit_decorator to 2025-04-04T00:00:00+00:00, run_after=2025-04-05T00:00:00+00:00
[2025-04-05T11:22:43.754+0100] {processor.py:183} INFO - Processing /Users/judeezeh/Desktop/Zoomcamp-project/venv/lib/python3.11/site-packages/airflow/example_dags/example_short_circuit_decorator.py took 0.054 seconds
[2025-04-05T11:24:19.609+0100] {processor.py:161} INFO - Started process (PID=17550) to work on /Users/judeezeh/Desktop/Zoomcamp-project/venv/lib/python3.11/site-packages/airflow/example_dags/example_short_circuit_decorator.py
[2025-04-05T11:24:19.610+0100] {processor.py:830} INFO - Processing file /Users/judeezeh/Desktop/Zoomcamp-project/venv/lib/python3.11/site-packages/airflow/example_dags/example_short_circuit_decorator.py for tasks to queue
[2025-04-05T11:24:19.610+0100] {logging_mixin.py:188} INFO - [2025-04-05T11:24:19.610+0100] {dagbag.py:540} INFO - Filling up the DagBag from /Users/judeezeh/Desktop/Zoomcamp-project/venv/lib/python3.11/site-packages/airflow/example_dags/example_short_circuit_decorator.py
[2025-04-05T11:24:19.622+0100] {processor.py:840} INFO - DAG(s) 'example_short_circuit_decorator' retrieved from /Users/judeezeh/Desktop/Zoomcamp-project/venv/lib/python3.11/site-packages/airflow/example_dags/example_short_circuit_decorator.py
[2025-04-05T11:24:19.651+0100] {logging_mixin.py:188} INFO - [2025-04-05T11:24:19.651+0100] {dag.py:3096} INFO - Sync 1 DAGs
[2025-04-05T11:24:19.656+0100] {logging_mixin.py:188} INFO - [2025-04-05T11:24:19.656+0100] {dag.py:3954} INFO - Setting next_dagrun for example_short_circuit_decorator to 2025-04-04T00:00:00+00:00, run_after=2025-04-05T00:00:00+00:00
[2025-04-05T11:24:19.662+0100] {processor.py:183} INFO - Processing /Users/judeezeh/Desktop/Zoomcamp-project/venv/lib/python3.11/site-packages/airflow/example_dags/example_short_circuit_decorator.py took 0.054 seconds
[2025-04-05T11:25:58.912+0100] {processor.py:161} INFO - Started process (PID=17687) to work on /Users/judeezeh/Desktop/Zoomcamp-project/venv/lib/python3.11/site-packages/airflow/example_dags/example_short_circuit_decorator.py
[2025-04-05T11:25:58.913+0100] {processor.py:830} INFO - Processing file /Users/judeezeh/Desktop/Zoomcamp-project/venv/lib/python3.11/site-packages/airflow/example_dags/example_short_circuit_decorator.py for tasks to queue
[2025-04-05T11:25:58.913+0100] {logging_mixin.py:188} INFO - [2025-04-05T11:25:58.913+0100] {dagbag.py:540} INFO - Filling up the DagBag from /Users/judeezeh/Desktop/Zoomcamp-project/venv/lib/python3.11/site-packages/airflow/example_dags/example_short_circuit_decorator.py
[2025-04-05T11:25:58.925+0100] {processor.py:840} INFO - DAG(s) 'example_short_circuit_decorator' retrieved from /Users/judeezeh/Desktop/Zoomcamp-project/venv/lib/python3.11/site-packages/airflow/example_dags/example_short_circuit_decorator.py
[2025-04-05T11:25:58.955+0100] {logging_mixin.py:188} INFO - [2025-04-05T11:25:58.955+0100] {dag.py:3096} INFO - Sync 1 DAGs
[2025-04-05T11:25:58.960+0100] {logging_mixin.py:188} INFO - [2025-04-05T11:25:58.960+0100] {dag.py:3954} INFO - Setting next_dagrun for example_short_circuit_decorator to 2025-04-04T00:00:00+00:00, run_after=2025-04-05T00:00:00+00:00
[2025-04-05T11:25:58.968+0100] {processor.py:183} INFO - Processing /Users/judeezeh/Desktop/Zoomcamp-project/venv/lib/python3.11/site-packages/airflow/example_dags/example_short_circuit_decorator.py took 0.056 seconds
[2025-04-05T11:27:42.982+0100] {processor.py:161} INFO - Started process (PID=17841) to work on /Users/judeezeh/Desktop/Zoomcamp-project/venv/lib/python3.11/site-packages/airflow/example_dags/example_short_circuit_decorator.py
[2025-04-05T11:27:42.982+0100] {processor.py:830} INFO - Processing file /Users/judeezeh/Desktop/Zoomcamp-project/venv/lib/python3.11/site-packages/airflow/example_dags/example_short_circuit_decorator.py for tasks to queue
[2025-04-05T11:27:42.983+0100] {logging_mixin.py:188} INFO - [2025-04-05T11:27:42.983+0100] {dagbag.py:540} INFO - Filling up the DagBag from /Users/judeezeh/Desktop/Zoomcamp-project/venv/lib/python3.11/site-packages/airflow/example_dags/example_short_circuit_decorator.py
[2025-04-05T11:27:42.995+0100] {processor.py:840} INFO - DAG(s) 'example_short_circuit_decorator' retrieved from /Users/judeezeh/Desktop/Zoomcamp-project/venv/lib/python3.11/site-packages/airflow/example_dags/example_short_circuit_decorator.py
[2025-04-05T11:27:43.024+0100] {logging_mixin.py:188} INFO - [2025-04-05T11:27:43.024+0100] {dag.py:3096} INFO - Sync 1 DAGs
[2025-04-05T11:27:43.029+0100] {logging_mixin.py:188} INFO - [2025-04-05T11:27:43.029+0100] {dag.py:3954} INFO - Setting next_dagrun for example_short_circuit_decorator to 2025-04-04T00:00:00+00:00, run_after=2025-04-05T00:00:00+00:00
[2025-04-05T11:27:43.035+0100] {processor.py:183} INFO - Processing /Users/judeezeh/Desktop/Zoomcamp-project/venv/lib/python3.11/site-packages/airflow/example_dags/example_short_circuit_decorator.py took 0.055 seconds
[2025-04-05T11:29:34.260+0100] {processor.py:161} INFO - Started process (PID=17997) to work on /Users/judeezeh/Desktop/Zoomcamp-project/venv/lib/python3.11/site-packages/airflow/example_dags/example_short_circuit_decorator.py
[2025-04-05T11:29:34.261+0100] {processor.py:830} INFO - Processing file /Users/judeezeh/Desktop/Zoomcamp-project/venv/lib/python3.11/site-packages/airflow/example_dags/example_short_circuit_decorator.py for tasks to queue
[2025-04-05T11:29:34.261+0100] {logging_mixin.py:188} INFO - [2025-04-05T11:29:34.261+0100] {dagbag.py:540} INFO - Filling up the DagBag from /Users/judeezeh/Desktop/Zoomcamp-project/venv/lib/python3.11/site-packages/airflow/example_dags/example_short_circuit_decorator.py
[2025-04-05T11:29:34.274+0100] {processor.py:840} INFO - DAG(s) 'example_short_circuit_decorator' retrieved from /Users/judeezeh/Desktop/Zoomcamp-project/venv/lib/python3.11/site-packages/airflow/example_dags/example_short_circuit_decorator.py
[2025-04-05T11:29:34.303+0100] {logging_mixin.py:188} INFO - [2025-04-05T11:29:34.303+0100] {dag.py:3096} INFO - Sync 1 DAGs
[2025-04-05T11:29:34.308+0100] {logging_mixin.py:188} INFO - [2025-04-05T11:29:34.307+0100] {dag.py:3954} INFO - Setting next_dagrun for example_short_circuit_decorator to 2025-04-04T00:00:00+00:00, run_after=2025-04-05T00:00:00+00:00
[2025-04-05T11:29:34.314+0100] {processor.py:183} INFO - Processing /Users/judeezeh/Desktop/Zoomcamp-project/venv/lib/python3.11/site-packages/airflow/example_dags/example_short_circuit_decorator.py took 0.055 seconds
[2025-04-05T11:31:17.296+0100] {processor.py:161} INFO - Started process (PID=18147) to work on /Users/judeezeh/Desktop/Zoomcamp-project/venv/lib/python3.11/site-packages/airflow/example_dags/example_short_circuit_decorator.py
[2025-04-05T11:31:17.297+0100] {processor.py:830} INFO - Processing file /Users/judeezeh/Desktop/Zoomcamp-project/venv/lib/python3.11/site-packages/airflow/example_dags/example_short_circuit_decorator.py for tasks to queue
[2025-04-05T11:31:17.298+0100] {logging_mixin.py:188} INFO - [2025-04-05T11:31:17.298+0100] {dagbag.py:540} INFO - Filling up the DagBag from /Users/judeezeh/Desktop/Zoomcamp-project/venv/lib/python3.11/site-packages/airflow/example_dags/example_short_circuit_decorator.py
[2025-04-05T11:31:17.310+0100] {processor.py:840} INFO - DAG(s) 'example_short_circuit_decorator' retrieved from /Users/judeezeh/Desktop/Zoomcamp-project/venv/lib/python3.11/site-packages/airflow/example_dags/example_short_circuit_decorator.py
[2025-04-05T11:31:17.340+0100] {logging_mixin.py:188} INFO - [2025-04-05T11:31:17.340+0100] {dag.py:3096} INFO - Sync 1 DAGs
[2025-04-05T11:31:17.344+0100] {logging_mixin.py:188} INFO - [2025-04-05T11:31:17.344+0100] {dag.py:3954} INFO - Setting next_dagrun for example_short_circuit_decorator to 2025-04-04T00:00:00+00:00, run_after=2025-04-05T00:00:00+00:00
[2025-04-05T11:31:17.350+0100] {processor.py:183} INFO - Processing /Users/judeezeh/Desktop/Zoomcamp-project/venv/lib/python3.11/site-packages/airflow/example_dags/example_short_circuit_decorator.py took 0.055 seconds
[2025-04-05T11:32:57.729+0100] {processor.py:161} INFO - Started process (PID=18299) to work on /Users/judeezeh/Desktop/Zoomcamp-project/venv/lib/python3.11/site-packages/airflow/example_dags/example_short_circuit_decorator.py
[2025-04-05T11:32:57.730+0100] {processor.py:830} INFO - Processing file /Users/judeezeh/Desktop/Zoomcamp-project/venv/lib/python3.11/site-packages/airflow/example_dags/example_short_circuit_decorator.py for tasks to queue
[2025-04-05T11:32:57.730+0100] {logging_mixin.py:188} INFO - [2025-04-05T11:32:57.730+0100] {dagbag.py:540} INFO - Filling up the DagBag from /Users/judeezeh/Desktop/Zoomcamp-project/venv/lib/python3.11/site-packages/airflow/example_dags/example_short_circuit_decorator.py
[2025-04-05T11:32:57.742+0100] {processor.py:840} INFO - DAG(s) 'example_short_circuit_decorator' retrieved from /Users/judeezeh/Desktop/Zoomcamp-project/venv/lib/python3.11/site-packages/airflow/example_dags/example_short_circuit_decorator.py
[2025-04-05T11:32:57.772+0100] {logging_mixin.py:188} INFO - [2025-04-05T11:32:57.772+0100] {dag.py:3096} INFO - Sync 1 DAGs
[2025-04-05T11:32:57.776+0100] {logging_mixin.py:188} INFO - [2025-04-05T11:32:57.776+0100] {dag.py:3954} INFO - Setting next_dagrun for example_short_circuit_decorator to 2025-04-04T00:00:00+00:00, run_after=2025-04-05T00:00:00+00:00
[2025-04-05T11:32:57.782+0100] {processor.py:183} INFO - Processing /Users/judeezeh/Desktop/Zoomcamp-project/venv/lib/python3.11/site-packages/airflow/example_dags/example_short_circuit_decorator.py took 0.054 seconds
[2025-04-05T11:34:43.719+0100] {processor.py:161} INFO - Started process (PID=18448) to work on /Users/judeezeh/Desktop/Zoomcamp-project/venv/lib/python3.11/site-packages/airflow/example_dags/example_short_circuit_decorator.py
[2025-04-05T11:34:43.720+0100] {processor.py:830} INFO - Processing file /Users/judeezeh/Desktop/Zoomcamp-project/venv/lib/python3.11/site-packages/airflow/example_dags/example_short_circuit_decorator.py for tasks to queue
[2025-04-05T11:34:43.720+0100] {logging_mixin.py:188} INFO - [2025-04-05T11:34:43.720+0100] {dagbag.py:540} INFO - Filling up the DagBag from /Users/judeezeh/Desktop/Zoomcamp-project/venv/lib/python3.11/site-packages/airflow/example_dags/example_short_circuit_decorator.py
[2025-04-05T11:34:43.732+0100] {processor.py:840} INFO - DAG(s) 'example_short_circuit_decorator' retrieved from /Users/judeezeh/Desktop/Zoomcamp-project/venv/lib/python3.11/site-packages/airflow/example_dags/example_short_circuit_decorator.py
[2025-04-05T11:34:43.761+0100] {logging_mixin.py:188} INFO - [2025-04-05T11:34:43.761+0100] {dag.py:3096} INFO - Sync 1 DAGs
[2025-04-05T11:34:43.766+0100] {logging_mixin.py:188} INFO - [2025-04-05T11:34:43.766+0100] {dag.py:3954} INFO - Setting next_dagrun for example_short_circuit_decorator to 2025-04-04T00:00:00+00:00, run_after=2025-04-05T00:00:00+00:00
[2025-04-05T11:34:43.772+0100] {processor.py:183} INFO - Processing /Users/judeezeh/Desktop/Zoomcamp-project/venv/lib/python3.11/site-packages/airflow/example_dags/example_short_circuit_decorator.py took 0.054 seconds
[2025-04-05T11:36:22.592+0100] {processor.py:161} INFO - Started process (PID=18585) to work on /Users/judeezeh/Desktop/Zoomcamp-project/venv/lib/python3.11/site-packages/airflow/example_dags/example_short_circuit_decorator.py
[2025-04-05T11:36:22.593+0100] {processor.py:830} INFO - Processing file /Users/judeezeh/Desktop/Zoomcamp-project/venv/lib/python3.11/site-packages/airflow/example_dags/example_short_circuit_decorator.py for tasks to queue
[2025-04-05T11:36:22.593+0100] {logging_mixin.py:188} INFO - [2025-04-05T11:36:22.593+0100] {dagbag.py:540} INFO - Filling up the DagBag from /Users/judeezeh/Desktop/Zoomcamp-project/venv/lib/python3.11/site-packages/airflow/example_dags/example_short_circuit_decorator.py
[2025-04-05T11:36:22.606+0100] {processor.py:840} INFO - DAG(s) 'example_short_circuit_decorator' retrieved from /Users/judeezeh/Desktop/Zoomcamp-project/venv/lib/python3.11/site-packages/airflow/example_dags/example_short_circuit_decorator.py
[2025-04-05T11:36:22.636+0100] {logging_mixin.py:188} INFO - [2025-04-05T11:36:22.636+0100] {dag.py:3096} INFO - Sync 1 DAGs
[2025-04-05T11:36:22.640+0100] {logging_mixin.py:188} INFO - [2025-04-05T11:36:22.640+0100] {dag.py:3954} INFO - Setting next_dagrun for example_short_circuit_decorator to 2025-04-04T00:00:00+00:00, run_after=2025-04-05T00:00:00+00:00
[2025-04-05T11:36:22.647+0100] {processor.py:183} INFO - Processing /Users/judeezeh/Desktop/Zoomcamp-project/venv/lib/python3.11/site-packages/airflow/example_dags/example_short_circuit_decorator.py took 0.056 seconds
[2025-04-05T11:38:48.753+0100] {processor.py:161} INFO - Started process (PID=18819) to work on /Users/judeezeh/Desktop/Zoomcamp-project/venv/lib/python3.11/site-packages/airflow/example_dags/example_short_circuit_decorator.py
[2025-04-05T11:38:48.754+0100] {processor.py:830} INFO - Processing file /Users/judeezeh/Desktop/Zoomcamp-project/venv/lib/python3.11/site-packages/airflow/example_dags/example_short_circuit_decorator.py for tasks to queue
[2025-04-05T11:38:48.755+0100] {logging_mixin.py:188} INFO - [2025-04-05T11:38:48.754+0100] {dagbag.py:540} INFO - Filling up the DagBag from /Users/judeezeh/Desktop/Zoomcamp-project/venv/lib/python3.11/site-packages/airflow/example_dags/example_short_circuit_decorator.py
[2025-04-05T11:38:48.766+0100] {processor.py:840} INFO - DAG(s) 'example_short_circuit_decorator' retrieved from /Users/judeezeh/Desktop/Zoomcamp-project/venv/lib/python3.11/site-packages/airflow/example_dags/example_short_circuit_decorator.py
[2025-04-05T11:38:48.796+0100] {logging_mixin.py:188} INFO - [2025-04-05T11:38:48.795+0100] {dag.py:3096} INFO - Sync 1 DAGs
[2025-04-05T11:38:48.800+0100] {logging_mixin.py:188} INFO - [2025-04-05T11:38:48.800+0100] {dag.py:3954} INFO - Setting next_dagrun for example_short_circuit_decorator to 2025-04-04T00:00:00+00:00, run_after=2025-04-05T00:00:00+00:00
[2025-04-05T11:38:48.806+0100] {processor.py:183} INFO - Processing /Users/judeezeh/Desktop/Zoomcamp-project/venv/lib/python3.11/site-packages/airflow/example_dags/example_short_circuit_decorator.py took 0.054 seconds
[2025-04-05T11:40:08.733+0100] {processor.py:161} INFO - Started process (PID=18946) to work on /Users/judeezeh/Desktop/Zoomcamp-project/venv/lib/python3.11/site-packages/airflow/example_dags/example_short_circuit_decorator.py
[2025-04-05T11:40:08.733+0100] {processor.py:830} INFO - Processing file /Users/judeezeh/Desktop/Zoomcamp-project/venv/lib/python3.11/site-packages/airflow/example_dags/example_short_circuit_decorator.py for tasks to queue
[2025-04-05T11:40:08.733+0100] {logging_mixin.py:188} INFO - [2025-04-05T11:40:08.733+0100] {dagbag.py:540} INFO - Filling up the DagBag from /Users/judeezeh/Desktop/Zoomcamp-project/venv/lib/python3.11/site-packages/airflow/example_dags/example_short_circuit_decorator.py
[2025-04-05T11:40:08.745+0100] {processor.py:840} INFO - DAG(s) 'example_short_circuit_decorator' retrieved from /Users/judeezeh/Desktop/Zoomcamp-project/venv/lib/python3.11/site-packages/airflow/example_dags/example_short_circuit_decorator.py
[2025-04-05T11:40:08.774+0100] {logging_mixin.py:188} INFO - [2025-04-05T11:40:08.774+0100] {dag.py:3096} INFO - Sync 1 DAGs
[2025-04-05T11:40:08.779+0100] {logging_mixin.py:188} INFO - [2025-04-05T11:40:08.779+0100] {dag.py:3954} INFO - Setting next_dagrun for example_short_circuit_decorator to 2025-04-04T00:00:00+00:00, run_after=2025-04-05T00:00:00+00:00
[2025-04-05T11:40:08.785+0100] {processor.py:183} INFO - Processing /Users/judeezeh/Desktop/Zoomcamp-project/venv/lib/python3.11/site-packages/airflow/example_dags/example_short_circuit_decorator.py took 0.053 seconds
[2025-04-05T11:41:42.450+0100] {processor.py:161} INFO - Started process (PID=19120) to work on /Users/judeezeh/Desktop/Zoomcamp-project/venv/lib/python3.11/site-packages/airflow/example_dags/example_short_circuit_decorator.py
[2025-04-05T11:41:42.451+0100] {processor.py:830} INFO - Processing file /Users/judeezeh/Desktop/Zoomcamp-project/venv/lib/python3.11/site-packages/airflow/example_dags/example_short_circuit_decorator.py for tasks to queue
[2025-04-05T11:41:42.451+0100] {logging_mixin.py:188} INFO - [2025-04-05T11:41:42.451+0100] {dagbag.py:540} INFO - Filling up the DagBag from /Users/judeezeh/Desktop/Zoomcamp-project/venv/lib/python3.11/site-packages/airflow/example_dags/example_short_circuit_decorator.py
[2025-04-05T11:41:42.463+0100] {processor.py:840} INFO - DAG(s) 'example_short_circuit_decorator' retrieved from /Users/judeezeh/Desktop/Zoomcamp-project/venv/lib/python3.11/site-packages/airflow/example_dags/example_short_circuit_decorator.py
[2025-04-05T11:41:42.492+0100] {logging_mixin.py:188} INFO - [2025-04-05T11:41:42.492+0100] {dag.py:3096} INFO - Sync 1 DAGs
[2025-04-05T11:41:42.497+0100] {logging_mixin.py:188} INFO - [2025-04-05T11:41:42.497+0100] {dag.py:3954} INFO - Setting next_dagrun for example_short_circuit_decorator to 2025-04-04T00:00:00+00:00, run_after=2025-04-05T00:00:00+00:00
[2025-04-05T11:41:42.503+0100] {processor.py:183} INFO - Processing /Users/judeezeh/Desktop/Zoomcamp-project/venv/lib/python3.11/site-packages/airflow/example_dags/example_short_circuit_decorator.py took 0.054 seconds
