[2025-04-05T11:15:18.293+0100] {processor.py:161} INFO - Started process (PID=16717) to work on /Users/judeezeh/Desktop/Zoomcamp-project/venv/lib/python3.11/site-packages/airflow/example_dags/example_sla_dag.py
[2025-04-05T11:15:18.293+0100] {processor.py:830} INFO - Processing file /Users/judeezeh/Desktop/Zoomcamp-project/venv/lib/python3.11/site-packages/airflow/example_dags/example_sla_dag.py for tasks to queue
[2025-04-05T11:15:18.294+0100] {logging_mixin.py:188} INFO - [2025-04-05T11:15:18.294+0100] {dagbag.py:540} INFO - Filling up the DagBag from /Users/judeezeh/Desktop/Zoomcamp-project/venv/lib/python3.11/site-packages/airflow/example_dags/example_sla_dag.py
[2025-04-05T11:15:18.306+0100] {processor.py:840} INFO - DAG(s) 'example_sla_dag' retrieved from /Users/judeezeh/Desktop/Zoomcamp-project/venv/lib/python3.11/site-packages/airflow/example_dags/example_sla_dag.py
[2025-04-05T11:15:18.382+0100] {logging_mixin.py:188} INFO - [2025-04-05T11:15:18.382+0100] {override.py:1930} INFO - Created Permission View: can edit on DAG:example_sla_dag
[2025-04-05T11:15:18.385+0100] {logging_mixin.py:188} INFO - [2025-04-05T11:15:18.385+0100] {override.py:1930} INFO - Created Permission View: can read on DAG:example_sla_dag
[2025-04-05T11:15:18.387+0100] {logging_mixin.py:188} INFO - [2025-04-05T11:15:18.387+0100] {override.py:1930} INFO - Created Permission View: can delete on DAG:example_sla_dag
[2025-04-05T11:15:18.387+0100] {logging_mixin.py:188} INFO - [2025-04-05T11:15:18.387+0100] {dag.py:3096} INFO - Sync 1 DAGs
[2025-04-05T11:15:18.390+0100] {logging_mixin.py:188} INFO - [2025-04-05T11:15:18.389+0100] {dag.py:3118} INFO - Creating ORM DAG for example_sla_dag
[2025-04-05T11:15:18.393+0100] {logging_mixin.py:188} INFO - [2025-04-05T11:15:18.393+0100] {dag.py:3954} INFO - Setting next_dagrun for example_sla_dag to 2025-04-05T10:12:00+00:00, run_after=2025-04-05T10:14:00+00:00
[2025-04-05T11:15:18.398+0100] {processor.py:183} INFO - Processing /Users/judeezeh/Desktop/Zoomcamp-project/venv/lib/python3.11/site-packages/airflow/example_dags/example_sla_dag.py took 0.106 seconds
[2025-04-05T11:16:41.358+0100] {processor.py:161} INFO - Started process (PID=16848) to work on /Users/judeezeh/Desktop/Zoomcamp-project/venv/lib/python3.11/site-packages/airflow/example_dags/example_sla_dag.py
[2025-04-05T11:16:41.359+0100] {processor.py:830} INFO - Processing file /Users/judeezeh/Desktop/Zoomcamp-project/venv/lib/python3.11/site-packages/airflow/example_dags/example_sla_dag.py for tasks to queue
[2025-04-05T11:16:41.360+0100] {logging_mixin.py:188} INFO - [2025-04-05T11:16:41.360+0100] {dagbag.py:540} INFO - Filling up the DagBag from /Users/judeezeh/Desktop/Zoomcamp-project/venv/lib/python3.11/site-packages/airflow/example_dags/example_sla_dag.py
[2025-04-05T11:16:41.371+0100] {processor.py:840} INFO - DAG(s) 'example_sla_dag' retrieved from /Users/judeezeh/Desktop/Zoomcamp-project/venv/lib/python3.11/site-packages/airflow/example_dags/example_sla_dag.py
[2025-04-05T11:16:41.399+0100] {logging_mixin.py:188} INFO - [2025-04-05T11:16:41.399+0100] {dag.py:3096} INFO - Sync 1 DAGs
[2025-04-05T11:16:41.404+0100] {logging_mixin.py:188} INFO - [2025-04-05T11:16:41.404+0100] {dag.py:3954} INFO - Setting next_dagrun for example_sla_dag to 2025-04-05T10:14:00+00:00, run_after=2025-04-05T10:16:00+00:00
[2025-04-05T11:16:41.410+0100] {processor.py:183} INFO - Processing /Users/judeezeh/Desktop/Zoomcamp-project/venv/lib/python3.11/site-packages/airflow/example_dags/example_sla_dag.py took 0.053 seconds
[2025-04-05T11:18:09.723+0100] {processor.py:161} INFO - Started process (PID=16978) to work on /Users/judeezeh/Desktop/Zoomcamp-project/venv/lib/python3.11/site-packages/airflow/example_dags/example_sla_dag.py
[2025-04-05T11:18:09.724+0100] {processor.py:830} INFO - Processing file /Users/judeezeh/Desktop/Zoomcamp-project/venv/lib/python3.11/site-packages/airflow/example_dags/example_sla_dag.py for tasks to queue
[2025-04-05T11:18:09.724+0100] {logging_mixin.py:188} INFO - [2025-04-05T11:18:09.724+0100] {dagbag.py:540} INFO - Filling up the DagBag from /Users/judeezeh/Desktop/Zoomcamp-project/venv/lib/python3.11/site-packages/airflow/example_dags/example_sla_dag.py
[2025-04-05T11:18:09.736+0100] {processor.py:840} INFO - DAG(s) 'example_sla_dag' retrieved from /Users/judeezeh/Desktop/Zoomcamp-project/venv/lib/python3.11/site-packages/airflow/example_dags/example_sla_dag.py
[2025-04-05T11:18:09.764+0100] {logging_mixin.py:188} INFO - [2025-04-05T11:18:09.764+0100] {dag.py:3096} INFO - Sync 1 DAGs
[2025-04-05T11:18:09.770+0100] {logging_mixin.py:188} INFO - [2025-04-05T11:18:09.770+0100] {dag.py:3954} INFO - Setting next_dagrun for example_sla_dag to 2025-04-05T10:16:00+00:00, run_after=2025-04-05T10:18:00+00:00
[2025-04-05T11:18:09.776+0100] {processor.py:183} INFO - Processing /Users/judeezeh/Desktop/Zoomcamp-project/venv/lib/python3.11/site-packages/airflow/example_dags/example_sla_dag.py took 0.054 seconds
[2025-04-05T11:19:23.268+0100] {processor.py:161} INFO - Started process (PID=17118) to work on /Users/judeezeh/Desktop/Zoomcamp-project/venv/lib/python3.11/site-packages/airflow/example_dags/example_sla_dag.py
[2025-04-05T11:19:23.269+0100] {processor.py:830} INFO - Processing file /Users/judeezeh/Desktop/Zoomcamp-project/venv/lib/python3.11/site-packages/airflow/example_dags/example_sla_dag.py for tasks to queue
[2025-04-05T11:19:23.269+0100] {logging_mixin.py:188} INFO - [2025-04-05T11:19:23.269+0100] {dagbag.py:540} INFO - Filling up the DagBag from /Users/judeezeh/Desktop/Zoomcamp-project/venv/lib/python3.11/site-packages/airflow/example_dags/example_sla_dag.py
[2025-04-05T11:19:23.284+0100] {processor.py:840} INFO - DAG(s) 'example_sla_dag' retrieved from /Users/judeezeh/Desktop/Zoomcamp-project/venv/lib/python3.11/site-packages/airflow/example_dags/example_sla_dag.py
[2025-04-05T11:19:23.315+0100] {logging_mixin.py:188} INFO - [2025-04-05T11:19:23.315+0100] {dag.py:3096} INFO - Sync 1 DAGs
[2025-04-05T11:19:23.321+0100] {logging_mixin.py:188} INFO - [2025-04-05T11:19:23.321+0100] {dag.py:3954} INFO - Setting next_dagrun for example_sla_dag to 2025-04-05T10:16:00+00:00, run_after=2025-04-05T10:18:00+00:00
[2025-04-05T11:19:23.327+0100] {processor.py:183} INFO - Processing /Users/judeezeh/Desktop/Zoomcamp-project/venv/lib/python3.11/site-packages/airflow/example_dags/example_sla_dag.py took 0.060 seconds
[2025-04-05T11:20:47.343+0100] {processor.py:161} INFO - Started process (PID=17249) to work on /Users/judeezeh/Desktop/Zoomcamp-project/venv/lib/python3.11/site-packages/airflow/example_dags/example_sla_dag.py
[2025-04-05T11:20:47.344+0100] {processor.py:830} INFO - Processing file /Users/judeezeh/Desktop/Zoomcamp-project/venv/lib/python3.11/site-packages/airflow/example_dags/example_sla_dag.py for tasks to queue
[2025-04-05T11:20:47.344+0100] {logging_mixin.py:188} INFO - [2025-04-05T11:20:47.344+0100] {dagbag.py:540} INFO - Filling up the DagBag from /Users/judeezeh/Desktop/Zoomcamp-project/venv/lib/python3.11/site-packages/airflow/example_dags/example_sla_dag.py
[2025-04-05T11:20:47.357+0100] {processor.py:840} INFO - DAG(s) 'example_sla_dag' retrieved from /Users/judeezeh/Desktop/Zoomcamp-project/venv/lib/python3.11/site-packages/airflow/example_dags/example_sla_dag.py
[2025-04-05T11:20:47.385+0100] {logging_mixin.py:188} INFO - [2025-04-05T11:20:47.385+0100] {dag.py:3096} INFO - Sync 1 DAGs
[2025-04-05T11:20:47.391+0100] {logging_mixin.py:188} INFO - [2025-04-05T11:20:47.391+0100] {dag.py:3954} INFO - Setting next_dagrun for example_sla_dag to 2025-04-05T10:18:00+00:00, run_after=2025-04-05T10:20:00+00:00
[2025-04-05T11:20:47.398+0100] {processor.py:183} INFO - Processing /Users/judeezeh/Desktop/Zoomcamp-project/venv/lib/python3.11/site-packages/airflow/example_dags/example_sla_dag.py took 0.055 seconds
[2025-04-05T11:22:39.390+0100] {processor.py:161} INFO - Started process (PID=17407) to work on /Users/judeezeh/Desktop/Zoomcamp-project/venv/lib/python3.11/site-packages/airflow/example_dags/example_sla_dag.py
[2025-04-05T11:22:39.390+0100] {processor.py:830} INFO - Processing file /Users/judeezeh/Desktop/Zoomcamp-project/venv/lib/python3.11/site-packages/airflow/example_dags/example_sla_dag.py for tasks to queue
[2025-04-05T11:22:39.390+0100] {logging_mixin.py:188} INFO - [2025-04-05T11:22:39.390+0100] {dagbag.py:540} INFO - Filling up the DagBag from /Users/judeezeh/Desktop/Zoomcamp-project/venv/lib/python3.11/site-packages/airflow/example_dags/example_sla_dag.py
[2025-04-05T11:22:39.402+0100] {processor.py:840} INFO - DAG(s) 'example_sla_dag' retrieved from /Users/judeezeh/Desktop/Zoomcamp-project/venv/lib/python3.11/site-packages/airflow/example_dags/example_sla_dag.py
[2025-04-05T11:22:39.431+0100] {logging_mixin.py:188} INFO - [2025-04-05T11:22:39.431+0100] {dag.py:3096} INFO - Sync 1 DAGs
[2025-04-05T11:22:39.436+0100] {logging_mixin.py:188} INFO - [2025-04-05T11:22:39.436+0100] {dag.py:3954} INFO - Setting next_dagrun for example_sla_dag to 2025-04-05T10:20:00+00:00, run_after=2025-04-05T10:22:00+00:00
[2025-04-05T11:22:39.442+0100] {processor.py:183} INFO - Processing /Users/judeezeh/Desktop/Zoomcamp-project/venv/lib/python3.11/site-packages/airflow/example_dags/example_sla_dag.py took 0.054 seconds
[2025-04-05T11:24:14.553+0100] {processor.py:161} INFO - Started process (PID=17544) to work on /Users/judeezeh/Desktop/Zoomcamp-project/venv/lib/python3.11/site-packages/airflow/example_dags/example_sla_dag.py
[2025-04-05T11:24:14.554+0100] {processor.py:830} INFO - Processing file /Users/judeezeh/Desktop/Zoomcamp-project/venv/lib/python3.11/site-packages/airflow/example_dags/example_sla_dag.py for tasks to queue
[2025-04-05T11:24:14.554+0100] {logging_mixin.py:188} INFO - [2025-04-05T11:24:14.554+0100] {dagbag.py:540} INFO - Filling up the DagBag from /Users/judeezeh/Desktop/Zoomcamp-project/venv/lib/python3.11/site-packages/airflow/example_dags/example_sla_dag.py
[2025-04-05T11:24:14.565+0100] {processor.py:840} INFO - DAG(s) 'example_sla_dag' retrieved from /Users/judeezeh/Desktop/Zoomcamp-project/venv/lib/python3.11/site-packages/airflow/example_dags/example_sla_dag.py
[2025-04-05T11:24:14.593+0100] {logging_mixin.py:188} INFO - [2025-04-05T11:24:14.593+0100] {dag.py:3096} INFO - Sync 1 DAGs
[2025-04-05T11:24:14.599+0100] {logging_mixin.py:188} INFO - [2025-04-05T11:24:14.599+0100] {dag.py:3954} INFO - Setting next_dagrun for example_sla_dag to 2025-04-05T10:22:00+00:00, run_after=2025-04-05T10:24:00+00:00
[2025-04-05T11:24:14.605+0100] {processor.py:183} INFO - Processing /Users/judeezeh/Desktop/Zoomcamp-project/venv/lib/python3.11/site-packages/airflow/example_dags/example_sla_dag.py took 0.053 seconds
[2025-04-05T11:25:54.908+0100] {processor.py:161} INFO - Started process (PID=17679) to work on /Users/judeezeh/Desktop/Zoomcamp-project/venv/lib/python3.11/site-packages/airflow/example_dags/example_sla_dag.py
[2025-04-05T11:25:54.909+0100] {processor.py:830} INFO - Processing file /Users/judeezeh/Desktop/Zoomcamp-project/venv/lib/python3.11/site-packages/airflow/example_dags/example_sla_dag.py for tasks to queue
[2025-04-05T11:25:54.909+0100] {logging_mixin.py:188} INFO - [2025-04-05T11:25:54.909+0100] {dagbag.py:540} INFO - Filling up the DagBag from /Users/judeezeh/Desktop/Zoomcamp-project/venv/lib/python3.11/site-packages/airflow/example_dags/example_sla_dag.py
[2025-04-05T11:25:54.921+0100] {processor.py:840} INFO - DAG(s) 'example_sla_dag' retrieved from /Users/judeezeh/Desktop/Zoomcamp-project/venv/lib/python3.11/site-packages/airflow/example_dags/example_sla_dag.py
[2025-04-05T11:25:54.949+0100] {logging_mixin.py:188} INFO - [2025-04-05T11:25:54.949+0100] {dag.py:3096} INFO - Sync 1 DAGs
[2025-04-05T11:25:54.955+0100] {logging_mixin.py:188} INFO - [2025-04-05T11:25:54.955+0100] {dag.py:3954} INFO - Setting next_dagrun for example_sla_dag to 2025-04-05T10:22:00+00:00, run_after=2025-04-05T10:24:00+00:00
[2025-04-05T11:25:54.961+0100] {processor.py:183} INFO - Processing /Users/judeezeh/Desktop/Zoomcamp-project/venv/lib/python3.11/site-packages/airflow/example_dags/example_sla_dag.py took 0.053 seconds
[2025-04-05T11:27:37.938+0100] {processor.py:161} INFO - Started process (PID=17835) to work on /Users/judeezeh/Desktop/Zoomcamp-project/venv/lib/python3.11/site-packages/airflow/example_dags/example_sla_dag.py
[2025-04-05T11:27:37.939+0100] {processor.py:830} INFO - Processing file /Users/judeezeh/Desktop/Zoomcamp-project/venv/lib/python3.11/site-packages/airflow/example_dags/example_sla_dag.py for tasks to queue
[2025-04-05T11:27:37.939+0100] {logging_mixin.py:188} INFO - [2025-04-05T11:27:37.939+0100] {dagbag.py:540} INFO - Filling up the DagBag from /Users/judeezeh/Desktop/Zoomcamp-project/venv/lib/python3.11/site-packages/airflow/example_dags/example_sla_dag.py
[2025-04-05T11:27:37.951+0100] {processor.py:840} INFO - DAG(s) 'example_sla_dag' retrieved from /Users/judeezeh/Desktop/Zoomcamp-project/venv/lib/python3.11/site-packages/airflow/example_dags/example_sla_dag.py
[2025-04-05T11:27:37.979+0100] {logging_mixin.py:188} INFO - [2025-04-05T11:27:37.979+0100] {dag.py:3096} INFO - Sync 1 DAGs
[2025-04-05T11:27:37.984+0100] {logging_mixin.py:188} INFO - [2025-04-05T11:27:37.984+0100] {dag.py:3954} INFO - Setting next_dagrun for example_sla_dag to 2025-04-05T10:24:00+00:00, run_after=2025-04-05T10:26:00+00:00
[2025-04-05T11:27:37.991+0100] {processor.py:183} INFO - Processing /Users/judeezeh/Desktop/Zoomcamp-project/venv/lib/python3.11/site-packages/airflow/example_dags/example_sla_dag.py took 0.053 seconds
[2025-04-05T11:29:29.148+0100] {processor.py:161} INFO - Started process (PID=17991) to work on /Users/judeezeh/Desktop/Zoomcamp-project/venv/lib/python3.11/site-packages/airflow/example_dags/example_sla_dag.py
[2025-04-05T11:29:29.148+0100] {processor.py:830} INFO - Processing file /Users/judeezeh/Desktop/Zoomcamp-project/venv/lib/python3.11/site-packages/airflow/example_dags/example_sla_dag.py for tasks to queue
[2025-04-05T11:29:29.148+0100] {logging_mixin.py:188} INFO - [2025-04-05T11:29:29.148+0100] {dagbag.py:540} INFO - Filling up the DagBag from /Users/judeezeh/Desktop/Zoomcamp-project/venv/lib/python3.11/site-packages/airflow/example_dags/example_sla_dag.py
[2025-04-05T11:29:29.161+0100] {processor.py:840} INFO - DAG(s) 'example_sla_dag' retrieved from /Users/judeezeh/Desktop/Zoomcamp-project/venv/lib/python3.11/site-packages/airflow/example_dags/example_sla_dag.py
[2025-04-05T11:29:29.189+0100] {logging_mixin.py:188} INFO - [2025-04-05T11:29:29.189+0100] {dag.py:3096} INFO - Sync 1 DAGs
[2025-04-05T11:29:29.195+0100] {logging_mixin.py:188} INFO - [2025-04-05T11:29:29.195+0100] {dag.py:3954} INFO - Setting next_dagrun for example_sla_dag to 2025-04-05T10:26:00+00:00, run_after=2025-04-05T10:28:00+00:00
[2025-04-05T11:29:29.201+0100] {processor.py:183} INFO - Processing /Users/judeezeh/Desktop/Zoomcamp-project/venv/lib/python3.11/site-packages/airflow/example_dags/example_sla_dag.py took 0.055 seconds
[2025-04-05T11:31:12.744+0100] {processor.py:161} INFO - Started process (PID=18140) to work on /Users/judeezeh/Desktop/Zoomcamp-project/venv/lib/python3.11/site-packages/airflow/example_dags/example_sla_dag.py
[2025-04-05T11:31:12.745+0100] {processor.py:830} INFO - Processing file /Users/judeezeh/Desktop/Zoomcamp-project/venv/lib/python3.11/site-packages/airflow/example_dags/example_sla_dag.py for tasks to queue
[2025-04-05T11:31:12.745+0100] {logging_mixin.py:188} INFO - [2025-04-05T11:31:12.745+0100] {dagbag.py:540} INFO - Filling up the DagBag from /Users/judeezeh/Desktop/Zoomcamp-project/venv/lib/python3.11/site-packages/airflow/example_dags/example_sla_dag.py
[2025-04-05T11:31:12.757+0100] {processor.py:840} INFO - DAG(s) 'example_sla_dag' retrieved from /Users/judeezeh/Desktop/Zoomcamp-project/venv/lib/python3.11/site-packages/airflow/example_dags/example_sla_dag.py
[2025-04-05T11:31:12.785+0100] {logging_mixin.py:188} INFO - [2025-04-05T11:31:12.784+0100] {dag.py:3096} INFO - Sync 1 DAGs
[2025-04-05T11:31:12.790+0100] {logging_mixin.py:188} INFO - [2025-04-05T11:31:12.790+0100] {dag.py:3954} INFO - Setting next_dagrun for example_sla_dag to 2025-04-05T10:28:00+00:00, run_after=2025-04-05T10:30:00+00:00
[2025-04-05T11:31:12.796+0100] {processor.py:183} INFO - Processing /Users/judeezeh/Desktop/Zoomcamp-project/venv/lib/python3.11/site-packages/airflow/example_dags/example_sla_dag.py took 0.053 seconds
[2025-04-05T11:32:53.588+0100] {processor.py:161} INFO - Started process (PID=18293) to work on /Users/judeezeh/Desktop/Zoomcamp-project/venv/lib/python3.11/site-packages/airflow/example_dags/example_sla_dag.py
[2025-04-05T11:32:53.589+0100] {processor.py:830} INFO - Processing file /Users/judeezeh/Desktop/Zoomcamp-project/venv/lib/python3.11/site-packages/airflow/example_dags/example_sla_dag.py for tasks to queue
[2025-04-05T11:32:53.589+0100] {logging_mixin.py:188} INFO - [2025-04-05T11:32:53.589+0100] {dagbag.py:540} INFO - Filling up the DagBag from /Users/judeezeh/Desktop/Zoomcamp-project/venv/lib/python3.11/site-packages/airflow/example_dags/example_sla_dag.py
[2025-04-05T11:32:53.602+0100] {processor.py:840} INFO - DAG(s) 'example_sla_dag' retrieved from /Users/judeezeh/Desktop/Zoomcamp-project/venv/lib/python3.11/site-packages/airflow/example_dags/example_sla_dag.py
[2025-04-05T11:32:53.631+0100] {logging_mixin.py:188} INFO - [2025-04-05T11:32:53.631+0100] {dag.py:3096} INFO - Sync 1 DAGs
[2025-04-05T11:32:53.637+0100] {logging_mixin.py:188} INFO - [2025-04-05T11:32:53.636+0100] {dag.py:3954} INFO - Setting next_dagrun for example_sla_dag to 2025-04-05T10:30:00+00:00, run_after=2025-04-05T10:32:00+00:00
[2025-04-05T11:32:53.643+0100] {processor.py:183} INFO - Processing /Users/judeezeh/Desktop/Zoomcamp-project/venv/lib/python3.11/site-packages/airflow/example_dags/example_sla_dag.py took 0.056 seconds
[2025-04-05T11:34:39.727+0100] {processor.py:161} INFO - Started process (PID=18442) to work on /Users/judeezeh/Desktop/Zoomcamp-project/venv/lib/python3.11/site-packages/airflow/example_dags/example_sla_dag.py
[2025-04-05T11:34:39.728+0100] {processor.py:830} INFO - Processing file /Users/judeezeh/Desktop/Zoomcamp-project/venv/lib/python3.11/site-packages/airflow/example_dags/example_sla_dag.py for tasks to queue
[2025-04-05T11:34:39.728+0100] {logging_mixin.py:188} INFO - [2025-04-05T11:34:39.728+0100] {dagbag.py:540} INFO - Filling up the DagBag from /Users/judeezeh/Desktop/Zoomcamp-project/venv/lib/python3.11/site-packages/airflow/example_dags/example_sla_dag.py
[2025-04-05T11:34:39.739+0100] {processor.py:840} INFO - DAG(s) 'example_sla_dag' retrieved from /Users/judeezeh/Desktop/Zoomcamp-project/venv/lib/python3.11/site-packages/airflow/example_dags/example_sla_dag.py
[2025-04-05T11:34:39.767+0100] {logging_mixin.py:188} INFO - [2025-04-05T11:34:39.767+0100] {dag.py:3096} INFO - Sync 1 DAGs
[2025-04-05T11:34:39.773+0100] {logging_mixin.py:188} INFO - [2025-04-05T11:34:39.773+0100] {dag.py:3954} INFO - Setting next_dagrun for example_sla_dag to 2025-04-05T10:32:00+00:00, run_after=2025-04-05T10:34:00+00:00
[2025-04-05T11:34:39.779+0100] {processor.py:183} INFO - Processing /Users/judeezeh/Desktop/Zoomcamp-project/venv/lib/python3.11/site-packages/airflow/example_dags/example_sla_dag.py took 0.053 seconds
[2025-04-05T11:36:17.524+0100] {processor.py:161} INFO - Started process (PID=18579) to work on /Users/judeezeh/Desktop/Zoomcamp-project/venv/lib/python3.11/site-packages/airflow/example_dags/example_sla_dag.py
[2025-04-05T11:36:17.524+0100] {processor.py:830} INFO - Processing file /Users/judeezeh/Desktop/Zoomcamp-project/venv/lib/python3.11/site-packages/airflow/example_dags/example_sla_dag.py for tasks to queue
[2025-04-05T11:36:17.525+0100] {logging_mixin.py:188} INFO - [2025-04-05T11:36:17.524+0100] {dagbag.py:540} INFO - Filling up the DagBag from /Users/judeezeh/Desktop/Zoomcamp-project/venv/lib/python3.11/site-packages/airflow/example_dags/example_sla_dag.py
[2025-04-05T11:36:17.537+0100] {processor.py:840} INFO - DAG(s) 'example_sla_dag' retrieved from /Users/judeezeh/Desktop/Zoomcamp-project/venv/lib/python3.11/site-packages/airflow/example_dags/example_sla_dag.py
[2025-04-05T11:36:17.565+0100] {logging_mixin.py:188} INFO - [2025-04-05T11:36:17.565+0100] {dag.py:3096} INFO - Sync 1 DAGs
[2025-04-05T11:36:17.570+0100] {logging_mixin.py:188} INFO - [2025-04-05T11:36:17.570+0100] {dag.py:3954} INFO - Setting next_dagrun for example_sla_dag to 2025-04-05T10:34:00+00:00, run_after=2025-04-05T10:36:00+00:00
[2025-04-05T11:36:17.577+0100] {processor.py:183} INFO - Processing /Users/judeezeh/Desktop/Zoomcamp-project/venv/lib/python3.11/site-packages/airflow/example_dags/example_sla_dag.py took 0.054 seconds
[2025-04-05T11:38:44.777+0100] {processor.py:161} INFO - Started process (PID=18811) to work on /Users/judeezeh/Desktop/Zoomcamp-project/venv/lib/python3.11/site-packages/airflow/example_dags/example_sla_dag.py
[2025-04-05T11:38:44.778+0100] {processor.py:830} INFO - Processing file /Users/judeezeh/Desktop/Zoomcamp-project/venv/lib/python3.11/site-packages/airflow/example_dags/example_sla_dag.py for tasks to queue
[2025-04-05T11:38:44.778+0100] {logging_mixin.py:188} INFO - [2025-04-05T11:38:44.778+0100] {dagbag.py:540} INFO - Filling up the DagBag from /Users/judeezeh/Desktop/Zoomcamp-project/venv/lib/python3.11/site-packages/airflow/example_dags/example_sla_dag.py
[2025-04-05T11:38:44.789+0100] {processor.py:840} INFO - DAG(s) 'example_sla_dag' retrieved from /Users/judeezeh/Desktop/Zoomcamp-project/venv/lib/python3.11/site-packages/airflow/example_dags/example_sla_dag.py
[2025-04-05T11:38:44.817+0100] {logging_mixin.py:188} INFO - [2025-04-05T11:38:44.817+0100] {dag.py:3096} INFO - Sync 1 DAGs
[2025-04-05T11:38:44.823+0100] {logging_mixin.py:188} INFO - [2025-04-05T11:38:44.823+0100] {dag.py:3954} INFO - Setting next_dagrun for example_sla_dag to 2025-04-05T10:36:00+00:00, run_after=2025-04-05T10:38:00+00:00
[2025-04-05T11:38:44.829+0100] {processor.py:183} INFO - Processing /Users/judeezeh/Desktop/Zoomcamp-project/venv/lib/python3.11/site-packages/airflow/example_dags/example_sla_dag.py took 0.053 seconds
[2025-04-05T11:40:03.695+0100] {processor.py:161} INFO - Started process (PID=18937) to work on /Users/judeezeh/Desktop/Zoomcamp-project/venv/lib/python3.11/site-packages/airflow/example_dags/example_sla_dag.py
[2025-04-05T11:40:03.696+0100] {processor.py:830} INFO - Processing file /Users/judeezeh/Desktop/Zoomcamp-project/venv/lib/python3.11/site-packages/airflow/example_dags/example_sla_dag.py for tasks to queue
[2025-04-05T11:40:03.696+0100] {logging_mixin.py:188} INFO - [2025-04-05T11:40:03.696+0100] {dagbag.py:540} INFO - Filling up the DagBag from /Users/judeezeh/Desktop/Zoomcamp-project/venv/lib/python3.11/site-packages/airflow/example_dags/example_sla_dag.py
[2025-04-05T11:40:03.711+0100] {processor.py:840} INFO - DAG(s) 'example_sla_dag' retrieved from /Users/judeezeh/Desktop/Zoomcamp-project/venv/lib/python3.11/site-packages/airflow/example_dags/example_sla_dag.py
[2025-04-05T11:40:03.748+0100] {logging_mixin.py:188} INFO - [2025-04-05T11:40:03.748+0100] {dag.py:3096} INFO - Sync 1 DAGs
[2025-04-05T11:40:03.754+0100] {logging_mixin.py:188} INFO - [2025-04-05T11:40:03.754+0100] {dag.py:3954} INFO - Setting next_dagrun for example_sla_dag to 2025-04-05T10:38:00+00:00, run_after=2025-04-05T10:40:00+00:00
[2025-04-05T11:40:03.764+0100] {processor.py:183} INFO - Processing /Users/judeezeh/Desktop/Zoomcamp-project/venv/lib/python3.11/site-packages/airflow/example_dags/example_sla_dag.py took 0.069 seconds
[2025-04-05T11:41:37.481+0100] {processor.py:161} INFO - Started process (PID=19114) to work on /Users/judeezeh/Desktop/Zoomcamp-project/venv/lib/python3.11/site-packages/airflow/example_dags/example_sla_dag.py
[2025-04-05T11:41:37.481+0100] {processor.py:830} INFO - Processing file /Users/judeezeh/Desktop/Zoomcamp-project/venv/lib/python3.11/site-packages/airflow/example_dags/example_sla_dag.py for tasks to queue
[2025-04-05T11:41:37.481+0100] {logging_mixin.py:188} INFO - [2025-04-05T11:41:37.481+0100] {dagbag.py:540} INFO - Filling up the DagBag from /Users/judeezeh/Desktop/Zoomcamp-project/venv/lib/python3.11/site-packages/airflow/example_dags/example_sla_dag.py
[2025-04-05T11:41:37.493+0100] {processor.py:840} INFO - DAG(s) 'example_sla_dag' retrieved from /Users/judeezeh/Desktop/Zoomcamp-project/venv/lib/python3.11/site-packages/airflow/example_dags/example_sla_dag.py
[2025-04-05T11:41:37.521+0100] {logging_mixin.py:188} INFO - [2025-04-05T11:41:37.521+0100] {dag.py:3096} INFO - Sync 1 DAGs
[2025-04-05T11:41:37.527+0100] {logging_mixin.py:188} INFO - [2025-04-05T11:41:37.527+0100] {dag.py:3954} INFO - Setting next_dagrun for example_sla_dag to 2025-04-05T10:38:00+00:00, run_after=2025-04-05T10:40:00+00:00
[2025-04-05T11:41:37.533+0100] {processor.py:183} INFO - Processing /Users/judeezeh/Desktop/Zoomcamp-project/venv/lib/python3.11/site-packages/airflow/example_dags/example_sla_dag.py took 0.053 seconds
