[2025-04-05T11:16:11.787+0100] {processor.py:161} INFO - Started process (PID=16795) to work on /Users/judeezeh/Desktop/Zoomcamp-project/venv/lib/python3.11/site-packages/airflow/example_dags/example_bash_operator.py
[2025-04-05T11:16:11.787+0100] {processor.py:830} INFO - Processing file /Users/judeezeh/Desktop/Zoomcamp-project/venv/lib/python3.11/site-packages/airflow/example_dags/example_bash_operator.py for tasks to queue
[2025-04-05T11:16:11.787+0100] {logging_mixin.py:188} INFO - [2025-04-05T11:16:11.787+0100] {dagbag.py:540} INFO - Filling up the DagBag from /Users/judeezeh/Desktop/Zoomcamp-project/venv/lib/python3.11/site-packages/airflow/example_dags/example_bash_operator.py
[2025-04-05T11:16:11.792+0100] {processor.py:840} INFO - DAG(s) 'example_bash_operator' retrieved from /Users/judeezeh/Desktop/Zoomcamp-project/venv/lib/python3.11/site-packages/airflow/example_dags/example_bash_operator.py
[2025-04-05T11:16:11.870+0100] {logging_mixin.py:188} INFO - [2025-04-05T11:16:11.870+0100] {override.py:1930} INFO - Created Permission View: can delete on DAG:example_bash_operator
[2025-04-05T11:16:11.873+0100] {logging_mixin.py:188} INFO - [2025-04-05T11:16:11.873+0100] {override.py:1930} INFO - Created Permission View: can read on DAG:example_bash_operator
[2025-04-05T11:16:11.875+0100] {logging_mixin.py:188} INFO - [2025-04-05T11:16:11.875+0100] {override.py:1930} INFO - Created Permission View: can edit on DAG:example_bash_operator
[2025-04-05T11:16:11.875+0100] {logging_mixin.py:188} INFO - [2025-04-05T11:16:11.875+0100] {dag.py:3096} INFO - Sync 1 DAGs
[2025-04-05T11:16:11.878+0100] {logging_mixin.py:188} INFO - [2025-04-05T11:16:11.878+0100] {dag.py:3118} INFO - Creating ORM DAG for example_bash_operator
[2025-04-05T11:16:11.880+0100] {logging_mixin.py:188} INFO - [2025-04-05T11:16:11.880+0100] {dag.py:3954} INFO - Setting next_dagrun for example_bash_operator to 2025-04-04T00:00:00+00:00, run_after=2025-04-05T00:00:00+00:00
[2025-04-05T11:16:11.885+0100] {processor.py:183} INFO - Processing /Users/judeezeh/Desktop/Zoomcamp-project/venv/lib/python3.11/site-packages/airflow/example_dags/example_bash_operator.py took 0.100 seconds
[2025-04-05T11:17:43.450+0100] {processor.py:161} INFO - Started process (PID=16940) to work on /Users/judeezeh/Desktop/Zoomcamp-project/venv/lib/python3.11/site-packages/airflow/example_dags/example_bash_operator.py
[2025-04-05T11:17:43.451+0100] {processor.py:830} INFO - Processing file /Users/judeezeh/Desktop/Zoomcamp-project/venv/lib/python3.11/site-packages/airflow/example_dags/example_bash_operator.py for tasks to queue
[2025-04-05T11:17:43.451+0100] {logging_mixin.py:188} INFO - [2025-04-05T11:17:43.451+0100] {dagbag.py:540} INFO - Filling up the DagBag from /Users/judeezeh/Desktop/Zoomcamp-project/venv/lib/python3.11/site-packages/airflow/example_dags/example_bash_operator.py
[2025-04-05T11:17:43.455+0100] {processor.py:840} INFO - DAG(s) 'example_bash_operator' retrieved from /Users/judeezeh/Desktop/Zoomcamp-project/venv/lib/python3.11/site-packages/airflow/example_dags/example_bash_operator.py
[2025-04-05T11:17:43.486+0100] {logging_mixin.py:188} INFO - [2025-04-05T11:17:43.485+0100] {dag.py:3096} INFO - Sync 1 DAGs
[2025-04-05T11:17:43.491+0100] {logging_mixin.py:188} INFO - [2025-04-05T11:17:43.491+0100] {dag.py:3954} INFO - Setting next_dagrun for example_bash_operator to 2025-04-04T00:00:00+00:00, run_after=2025-04-05T00:00:00+00:00
[2025-04-05T11:17:43.497+0100] {processor.py:183} INFO - Processing /Users/judeezeh/Desktop/Zoomcamp-project/venv/lib/python3.11/site-packages/airflow/example_dags/example_bash_operator.py took 0.048 seconds
[2025-04-05T11:20:12.742+0100] {processor.py:161} INFO - Started process (PID=17197) to work on /Users/judeezeh/Desktop/Zoomcamp-project/venv/lib/python3.11/site-packages/airflow/example_dags/example_bash_operator.py
[2025-04-05T11:20:12.742+0100] {processor.py:830} INFO - Processing file /Users/judeezeh/Desktop/Zoomcamp-project/venv/lib/python3.11/site-packages/airflow/example_dags/example_bash_operator.py for tasks to queue
[2025-04-05T11:20:12.742+0100] {logging_mixin.py:188} INFO - [2025-04-05T11:20:12.742+0100] {dagbag.py:540} INFO - Filling up the DagBag from /Users/judeezeh/Desktop/Zoomcamp-project/venv/lib/python3.11/site-packages/airflow/example_dags/example_bash_operator.py
[2025-04-05T11:20:12.747+0100] {processor.py:840} INFO - DAG(s) 'example_bash_operator' retrieved from /Users/judeezeh/Desktop/Zoomcamp-project/venv/lib/python3.11/site-packages/airflow/example_dags/example_bash_operator.py
[2025-04-05T11:20:12.777+0100] {logging_mixin.py:188} INFO - [2025-04-05T11:20:12.777+0100] {dag.py:3096} INFO - Sync 1 DAGs
[2025-04-05T11:20:12.782+0100] {logging_mixin.py:188} INFO - [2025-04-05T11:20:12.782+0100] {dag.py:3954} INFO - Setting next_dagrun for example_bash_operator to 2025-04-04T00:00:00+00:00, run_after=2025-04-05T00:00:00+00:00
[2025-04-05T11:20:12.789+0100] {processor.py:183} INFO - Processing /Users/judeezeh/Desktop/Zoomcamp-project/venv/lib/python3.11/site-packages/airflow/example_dags/example_bash_operator.py took 0.048 seconds
[2025-04-05T11:22:08.835+0100] {processor.py:161} INFO - Started process (PID=17363) to work on /Users/judeezeh/Desktop/Zoomcamp-project/venv/lib/python3.11/site-packages/airflow/example_dags/example_bash_operator.py
[2025-04-05T11:22:08.836+0100] {processor.py:830} INFO - Processing file /Users/judeezeh/Desktop/Zoomcamp-project/venv/lib/python3.11/site-packages/airflow/example_dags/example_bash_operator.py for tasks to queue
[2025-04-05T11:22:08.836+0100] {logging_mixin.py:188} INFO - [2025-04-05T11:22:08.836+0100] {dagbag.py:540} INFO - Filling up the DagBag from /Users/judeezeh/Desktop/Zoomcamp-project/venv/lib/python3.11/site-packages/airflow/example_dags/example_bash_operator.py
[2025-04-05T11:22:08.840+0100] {processor.py:840} INFO - DAG(s) 'example_bash_operator' retrieved from /Users/judeezeh/Desktop/Zoomcamp-project/venv/lib/python3.11/site-packages/airflow/example_dags/example_bash_operator.py
[2025-04-05T11:22:08.870+0100] {logging_mixin.py:188} INFO - [2025-04-05T11:22:08.870+0100] {dag.py:3096} INFO - Sync 1 DAGs
[2025-04-05T11:22:08.875+0100] {logging_mixin.py:188} INFO - [2025-04-05T11:22:08.875+0100] {dag.py:3954} INFO - Setting next_dagrun for example_bash_operator to 2025-04-04T00:00:00+00:00, run_after=2025-04-05T00:00:00+00:00
[2025-04-05T11:22:08.882+0100] {processor.py:183} INFO - Processing /Users/judeezeh/Desktop/Zoomcamp-project/venv/lib/python3.11/site-packages/airflow/example_dags/example_bash_operator.py took 0.049 seconds
[2025-04-05T11:23:47.093+0100] {processor.py:161} INFO - Started process (PID=17506) to work on /Users/judeezeh/Desktop/Zoomcamp-project/venv/lib/python3.11/site-packages/airflow/example_dags/example_bash_operator.py
[2025-04-05T11:23:47.095+0100] {processor.py:830} INFO - Processing file /Users/judeezeh/Desktop/Zoomcamp-project/venv/lib/python3.11/site-packages/airflow/example_dags/example_bash_operator.py for tasks to queue
[2025-04-05T11:23:47.096+0100] {logging_mixin.py:188} INFO - [2025-04-05T11:23:47.096+0100] {dagbag.py:540} INFO - Filling up the DagBag from /Users/judeezeh/Desktop/Zoomcamp-project/venv/lib/python3.11/site-packages/airflow/example_dags/example_bash_operator.py
[2025-04-05T11:23:47.101+0100] {processor.py:840} INFO - DAG(s) 'example_bash_operator' retrieved from /Users/judeezeh/Desktop/Zoomcamp-project/venv/lib/python3.11/site-packages/airflow/example_dags/example_bash_operator.py
[2025-04-05T11:23:47.132+0100] {logging_mixin.py:188} INFO - [2025-04-05T11:23:47.132+0100] {dag.py:3096} INFO - Sync 1 DAGs
[2025-04-05T11:23:47.137+0100] {logging_mixin.py:188} INFO - [2025-04-05T11:23:47.137+0100] {dag.py:3954} INFO - Setting next_dagrun for example_bash_operator to 2025-04-04T00:00:00+00:00, run_after=2025-04-05T00:00:00+00:00
[2025-04-05T11:23:47.144+0100] {processor.py:183} INFO - Processing /Users/judeezeh/Desktop/Zoomcamp-project/venv/lib/python3.11/site-packages/airflow/example_dags/example_bash_operator.py took 0.052 seconds
[2025-04-05T11:25:28.359+0100] {processor.py:161} INFO - Started process (PID=17643) to work on /Users/judeezeh/Desktop/Zoomcamp-project/venv/lib/python3.11/site-packages/airflow/example_dags/example_bash_operator.py
[2025-04-05T11:25:28.360+0100] {processor.py:830} INFO - Processing file /Users/judeezeh/Desktop/Zoomcamp-project/venv/lib/python3.11/site-packages/airflow/example_dags/example_bash_operator.py for tasks to queue
[2025-04-05T11:25:28.361+0100] {logging_mixin.py:188} INFO - [2025-04-05T11:25:28.361+0100] {dagbag.py:540} INFO - Filling up the DagBag from /Users/judeezeh/Desktop/Zoomcamp-project/venv/lib/python3.11/site-packages/airflow/example_dags/example_bash_operator.py
[2025-04-05T11:25:28.365+0100] {processor.py:840} INFO - DAG(s) 'example_bash_operator' retrieved from /Users/judeezeh/Desktop/Zoomcamp-project/venv/lib/python3.11/site-packages/airflow/example_dags/example_bash_operator.py
[2025-04-05T11:25:28.395+0100] {logging_mixin.py:188} INFO - [2025-04-05T11:25:28.395+0100] {dag.py:3096} INFO - Sync 1 DAGs
[2025-04-05T11:25:28.400+0100] {logging_mixin.py:188} INFO - [2025-04-05T11:25:28.400+0100] {dag.py:3954} INFO - Setting next_dagrun for example_bash_operator to 2025-04-04T00:00:00+00:00, run_after=2025-04-05T00:00:00+00:00
[2025-04-05T11:25:28.407+0100] {processor.py:183} INFO - Processing /Users/judeezeh/Desktop/Zoomcamp-project/venv/lib/python3.11/site-packages/airflow/example_dags/example_bash_operator.py took 0.049 seconds
[2025-04-05T11:27:05.873+0100] {processor.py:161} INFO - Started process (PID=17795) to work on /Users/judeezeh/Desktop/Zoomcamp-project/venv/lib/python3.11/site-packages/airflow/example_dags/example_bash_operator.py
[2025-04-05T11:27:05.873+0100] {processor.py:830} INFO - Processing file /Users/judeezeh/Desktop/Zoomcamp-project/venv/lib/python3.11/site-packages/airflow/example_dags/example_bash_operator.py for tasks to queue
[2025-04-05T11:27:05.873+0100] {logging_mixin.py:188} INFO - [2025-04-05T11:27:05.873+0100] {dagbag.py:540} INFO - Filling up the DagBag from /Users/judeezeh/Desktop/Zoomcamp-project/venv/lib/python3.11/site-packages/airflow/example_dags/example_bash_operator.py
[2025-04-05T11:27:05.877+0100] {processor.py:840} INFO - DAG(s) 'example_bash_operator' retrieved from /Users/judeezeh/Desktop/Zoomcamp-project/venv/lib/python3.11/site-packages/airflow/example_dags/example_bash_operator.py
[2025-04-05T11:27:05.908+0100] {logging_mixin.py:188} INFO - [2025-04-05T11:27:05.908+0100] {dag.py:3096} INFO - Sync 1 DAGs
[2025-04-05T11:27:05.913+0100] {logging_mixin.py:188} INFO - [2025-04-05T11:27:05.913+0100] {dag.py:3954} INFO - Setting next_dagrun for example_bash_operator to 2025-04-04T00:00:00+00:00, run_after=2025-04-05T00:00:00+00:00
[2025-04-05T11:27:05.921+0100] {processor.py:183} INFO - Processing /Users/judeezeh/Desktop/Zoomcamp-project/venv/lib/python3.11/site-packages/airflow/example_dags/example_bash_operator.py took 0.049 seconds
[2025-04-05T11:28:58.198+0100] {processor.py:161} INFO - Started process (PID=17949) to work on /Users/judeezeh/Desktop/Zoomcamp-project/venv/lib/python3.11/site-packages/airflow/example_dags/example_bash_operator.py
[2025-04-05T11:28:58.198+0100] {processor.py:830} INFO - Processing file /Users/judeezeh/Desktop/Zoomcamp-project/venv/lib/python3.11/site-packages/airflow/example_dags/example_bash_operator.py for tasks to queue
[2025-04-05T11:28:58.198+0100] {logging_mixin.py:188} INFO - [2025-04-05T11:28:58.198+0100] {dagbag.py:540} INFO - Filling up the DagBag from /Users/judeezeh/Desktop/Zoomcamp-project/venv/lib/python3.11/site-packages/airflow/example_dags/example_bash_operator.py
[2025-04-05T11:28:58.202+0100] {processor.py:840} INFO - DAG(s) 'example_bash_operator' retrieved from /Users/judeezeh/Desktop/Zoomcamp-project/venv/lib/python3.11/site-packages/airflow/example_dags/example_bash_operator.py
[2025-04-05T11:28:58.234+0100] {logging_mixin.py:188} INFO - [2025-04-05T11:28:58.234+0100] {dag.py:3096} INFO - Sync 1 DAGs
[2025-04-05T11:28:58.239+0100] {logging_mixin.py:188} INFO - [2025-04-05T11:28:58.239+0100] {dag.py:3954} INFO - Setting next_dagrun for example_bash_operator to 2025-04-04T00:00:00+00:00, run_after=2025-04-05T00:00:00+00:00
[2025-04-05T11:28:58.246+0100] {processor.py:183} INFO - Processing /Users/judeezeh/Desktop/Zoomcamp-project/venv/lib/python3.11/site-packages/airflow/example_dags/example_bash_operator.py took 0.049 seconds
[2025-04-05T11:30:46.968+0100] {processor.py:161} INFO - Started process (PID=18103) to work on /Users/judeezeh/Desktop/Zoomcamp-project/venv/lib/python3.11/site-packages/airflow/example_dags/example_bash_operator.py
[2025-04-05T11:30:46.968+0100] {processor.py:830} INFO - Processing file /Users/judeezeh/Desktop/Zoomcamp-project/venv/lib/python3.11/site-packages/airflow/example_dags/example_bash_operator.py for tasks to queue
[2025-04-05T11:30:46.968+0100] {logging_mixin.py:188} INFO - [2025-04-05T11:30:46.968+0100] {dagbag.py:540} INFO - Filling up the DagBag from /Users/judeezeh/Desktop/Zoomcamp-project/venv/lib/python3.11/site-packages/airflow/example_dags/example_bash_operator.py
[2025-04-05T11:30:46.972+0100] {processor.py:840} INFO - DAG(s) 'example_bash_operator' retrieved from /Users/judeezeh/Desktop/Zoomcamp-project/venv/lib/python3.11/site-packages/airflow/example_dags/example_bash_operator.py
[2025-04-05T11:30:47.004+0100] {logging_mixin.py:188} INFO - [2025-04-05T11:30:47.003+0100] {dag.py:3096} INFO - Sync 1 DAGs
[2025-04-05T11:30:47.009+0100] {logging_mixin.py:188} INFO - [2025-04-05T11:30:47.008+0100] {dag.py:3954} INFO - Setting next_dagrun for example_bash_operator to 2025-04-04T00:00:00+00:00, run_after=2025-04-05T00:00:00+00:00
[2025-04-05T11:30:47.016+0100] {processor.py:183} INFO - Processing /Users/judeezeh/Desktop/Zoomcamp-project/venv/lib/python3.11/site-packages/airflow/example_dags/example_bash_operator.py took 0.049 seconds
[2025-04-05T11:32:24.628+0100] {processor.py:161} INFO - Started process (PID=18251) to work on /Users/judeezeh/Desktop/Zoomcamp-project/venv/lib/python3.11/site-packages/airflow/example_dags/example_bash_operator.py
[2025-04-05T11:32:24.628+0100] {processor.py:830} INFO - Processing file /Users/judeezeh/Desktop/Zoomcamp-project/venv/lib/python3.11/site-packages/airflow/example_dags/example_bash_operator.py for tasks to queue
[2025-04-05T11:32:24.628+0100] {logging_mixin.py:188} INFO - [2025-04-05T11:32:24.628+0100] {dagbag.py:540} INFO - Filling up the DagBag from /Users/judeezeh/Desktop/Zoomcamp-project/venv/lib/python3.11/site-packages/airflow/example_dags/example_bash_operator.py
[2025-04-05T11:32:24.632+0100] {processor.py:840} INFO - DAG(s) 'example_bash_operator' retrieved from /Users/judeezeh/Desktop/Zoomcamp-project/venv/lib/python3.11/site-packages/airflow/example_dags/example_bash_operator.py
[2025-04-05T11:32:24.665+0100] {logging_mixin.py:188} INFO - [2025-04-05T11:32:24.665+0100] {dag.py:3096} INFO - Sync 1 DAGs
[2025-04-05T11:32:24.670+0100] {logging_mixin.py:188} INFO - [2025-04-05T11:32:24.670+0100] {dag.py:3954} INFO - Setting next_dagrun for example_bash_operator to 2025-04-04T00:00:00+00:00, run_after=2025-04-05T00:00:00+00:00
[2025-04-05T11:32:24.678+0100] {processor.py:183} INFO - Processing /Users/judeezeh/Desktop/Zoomcamp-project/venv/lib/python3.11/site-packages/airflow/example_dags/example_bash_operator.py took 0.051 seconds
[2025-04-05T11:34:10.818+0100] {processor.py:161} INFO - Started process (PID=18401) to work on /Users/judeezeh/Desktop/Zoomcamp-project/venv/lib/python3.11/site-packages/airflow/example_dags/example_bash_operator.py
[2025-04-05T11:34:10.819+0100] {processor.py:830} INFO - Processing file /Users/judeezeh/Desktop/Zoomcamp-project/venv/lib/python3.11/site-packages/airflow/example_dags/example_bash_operator.py for tasks to queue
[2025-04-05T11:34:10.819+0100] {logging_mixin.py:188} INFO - [2025-04-05T11:34:10.819+0100] {dagbag.py:540} INFO - Filling up the DagBag from /Users/judeezeh/Desktop/Zoomcamp-project/venv/lib/python3.11/site-packages/airflow/example_dags/example_bash_operator.py
[2025-04-05T11:34:10.822+0100] {processor.py:840} INFO - DAG(s) 'example_bash_operator' retrieved from /Users/judeezeh/Desktop/Zoomcamp-project/venv/lib/python3.11/site-packages/airflow/example_dags/example_bash_operator.py
[2025-04-05T11:34:10.853+0100] {logging_mixin.py:188} INFO - [2025-04-05T11:34:10.853+0100] {dag.py:3096} INFO - Sync 1 DAGs
[2025-04-05T11:34:10.858+0100] {logging_mixin.py:188} INFO - [2025-04-05T11:34:10.858+0100] {dag.py:3954} INFO - Setting next_dagrun for example_bash_operator to 2025-04-04T00:00:00+00:00, run_after=2025-04-05T00:00:00+00:00
[2025-04-05T11:34:10.865+0100] {processor.py:183} INFO - Processing /Users/judeezeh/Desktop/Zoomcamp-project/venv/lib/python3.11/site-packages/airflow/example_dags/example_bash_operator.py took 0.048 seconds
[2025-04-05T11:35:45.231+0100] {processor.py:161} INFO - Started process (PID=18534) to work on /Users/judeezeh/Desktop/Zoomcamp-project/venv/lib/python3.11/site-packages/airflow/example_dags/example_bash_operator.py
[2025-04-05T11:35:45.232+0100] {processor.py:830} INFO - Processing file /Users/judeezeh/Desktop/Zoomcamp-project/venv/lib/python3.11/site-packages/airflow/example_dags/example_bash_operator.py for tasks to queue
[2025-04-05T11:35:45.233+0100] {logging_mixin.py:188} INFO - [2025-04-05T11:35:45.232+0100] {dagbag.py:540} INFO - Filling up the DagBag from /Users/judeezeh/Desktop/Zoomcamp-project/venv/lib/python3.11/site-packages/airflow/example_dags/example_bash_operator.py
[2025-04-05T11:35:45.236+0100] {processor.py:840} INFO - DAG(s) 'example_bash_operator' retrieved from /Users/judeezeh/Desktop/Zoomcamp-project/venv/lib/python3.11/site-packages/airflow/example_dags/example_bash_operator.py
[2025-04-05T11:35:45.267+0100] {logging_mixin.py:188} INFO - [2025-04-05T11:35:45.267+0100] {dag.py:3096} INFO - Sync 1 DAGs
[2025-04-05T11:35:45.272+0100] {logging_mixin.py:188} INFO - [2025-04-05T11:35:45.272+0100] {dag.py:3954} INFO - Setting next_dagrun for example_bash_operator to 2025-04-04T00:00:00+00:00, run_after=2025-04-05T00:00:00+00:00
[2025-04-05T11:35:45.279+0100] {processor.py:183} INFO - Processing /Users/judeezeh/Desktop/Zoomcamp-project/venv/lib/python3.11/site-packages/airflow/example_dags/example_bash_operator.py took 0.048 seconds
[2025-04-05T11:37:32.209+0100] {processor.py:161} INFO - Started process (PID=18700) to work on /Users/judeezeh/Desktop/Zoomcamp-project/venv/lib/python3.11/site-packages/airflow/example_dags/example_bash_operator.py
[2025-04-05T11:37:32.209+0100] {processor.py:830} INFO - Processing file /Users/judeezeh/Desktop/Zoomcamp-project/venv/lib/python3.11/site-packages/airflow/example_dags/example_bash_operator.py for tasks to queue
[2025-04-05T11:37:32.210+0100] {logging_mixin.py:188} INFO - [2025-04-05T11:37:32.209+0100] {dagbag.py:540} INFO - Filling up the DagBag from /Users/judeezeh/Desktop/Zoomcamp-project/venv/lib/python3.11/site-packages/airflow/example_dags/example_bash_operator.py
[2025-04-05T11:37:32.213+0100] {processor.py:840} INFO - DAG(s) 'example_bash_operator' retrieved from /Users/judeezeh/Desktop/Zoomcamp-project/venv/lib/python3.11/site-packages/airflow/example_dags/example_bash_operator.py
[2025-04-05T11:37:32.245+0100] {logging_mixin.py:188} INFO - [2025-04-05T11:37:32.245+0100] {dag.py:3096} INFO - Sync 1 DAGs
[2025-04-05T11:37:32.251+0100] {logging_mixin.py:188} INFO - [2025-04-05T11:37:32.250+0100] {dag.py:3954} INFO - Setting next_dagrun for example_bash_operator to 2025-04-04T00:00:00+00:00, run_after=2025-04-05T00:00:00+00:00
[2025-04-05T11:37:32.258+0100] {processor.py:183} INFO - Processing /Users/judeezeh/Desktop/Zoomcamp-project/venv/lib/python3.11/site-packages/airflow/example_dags/example_bash_operator.py took 0.050 seconds
[2025-04-05T11:39:32.629+0100] {processor.py:161} INFO - Started process (PID=18882) to work on /Users/judeezeh/Desktop/Zoomcamp-project/venv/lib/python3.11/site-packages/airflow/example_dags/example_bash_operator.py
[2025-04-05T11:39:32.630+0100] {processor.py:830} INFO - Processing file /Users/judeezeh/Desktop/Zoomcamp-project/venv/lib/python3.11/site-packages/airflow/example_dags/example_bash_operator.py for tasks to queue
[2025-04-05T11:39:32.630+0100] {logging_mixin.py:188} INFO - [2025-04-05T11:39:32.630+0100] {dagbag.py:540} INFO - Filling up the DagBag from /Users/judeezeh/Desktop/Zoomcamp-project/venv/lib/python3.11/site-packages/airflow/example_dags/example_bash_operator.py
[2025-04-05T11:39:32.634+0100] {processor.py:840} INFO - DAG(s) 'example_bash_operator' retrieved from /Users/judeezeh/Desktop/Zoomcamp-project/venv/lib/python3.11/site-packages/airflow/example_dags/example_bash_operator.py
[2025-04-05T11:39:32.665+0100] {logging_mixin.py:188} INFO - [2025-04-05T11:39:32.665+0100] {dag.py:3096} INFO - Sync 1 DAGs
[2025-04-05T11:39:32.670+0100] {logging_mixin.py:188} INFO - [2025-04-05T11:39:32.670+0100] {dag.py:3954} INFO - Setting next_dagrun for example_bash_operator to 2025-04-04T00:00:00+00:00, run_after=2025-04-05T00:00:00+00:00
[2025-04-05T11:39:32.677+0100] {processor.py:183} INFO - Processing /Users/judeezeh/Desktop/Zoomcamp-project/venv/lib/python3.11/site-packages/airflow/example_dags/example_bash_operator.py took 0.049 seconds
[2025-04-05T11:41:11.026+0100] {processor.py:161} INFO - Started process (PID=19073) to work on /Users/judeezeh/Desktop/Zoomcamp-project/venv/lib/python3.11/site-packages/airflow/example_dags/example_bash_operator.py
[2025-04-05T11:41:11.026+0100] {processor.py:830} INFO - Processing file /Users/judeezeh/Desktop/Zoomcamp-project/venv/lib/python3.11/site-packages/airflow/example_dags/example_bash_operator.py for tasks to queue
[2025-04-05T11:41:11.026+0100] {logging_mixin.py:188} INFO - [2025-04-05T11:41:11.026+0100] {dagbag.py:540} INFO - Filling up the DagBag from /Users/judeezeh/Desktop/Zoomcamp-project/venv/lib/python3.11/site-packages/airflow/example_dags/example_bash_operator.py
[2025-04-05T11:41:11.030+0100] {processor.py:840} INFO - DAG(s) 'example_bash_operator' retrieved from /Users/judeezeh/Desktop/Zoomcamp-project/venv/lib/python3.11/site-packages/airflow/example_dags/example_bash_operator.py
[2025-04-05T11:41:11.061+0100] {logging_mixin.py:188} INFO - [2025-04-05T11:41:11.061+0100] {dag.py:3096} INFO - Sync 1 DAGs
[2025-04-05T11:41:11.066+0100] {logging_mixin.py:188} INFO - [2025-04-05T11:41:11.066+0100] {dag.py:3954} INFO - Setting next_dagrun for example_bash_operator to 2025-04-04T00:00:00+00:00, run_after=2025-04-05T00:00:00+00:00
[2025-04-05T11:41:11.073+0100] {processor.py:183} INFO - Processing /Users/judeezeh/Desktop/Zoomcamp-project/venv/lib/python3.11/site-packages/airflow/example_dags/example_bash_operator.py took 0.048 seconds
