[2025-04-05T11:15:14.849+0100] {processor.py:161} INFO - Started process (PID=16713) to work on /Users/judeezeh/Desktop/Zoomcamp-project/venv/lib/python3.11/site-packages/airflow/example_dags/example_task_group.py
[2025-04-05T11:15:14.849+0100] {processor.py:830} INFO - Processing file /Users/judeezeh/Desktop/Zoomcamp-project/venv/lib/python3.11/site-packages/airflow/example_dags/example_task_group.py for tasks to queue
[2025-04-05T11:15:14.849+0100] {logging_mixin.py:188} INFO - [2025-04-05T11:15:14.849+0100] {dagbag.py:540} INFO - Filling up the DagBag from /Users/judeezeh/Desktop/Zoomcamp-project/venv/lib/python3.11/site-packages/airflow/example_dags/example_task_group.py
[2025-04-05T11:15:14.852+0100] {processor.py:840} INFO - DAG(s) 'example_task_group' retrieved from /Users/judeezeh/Desktop/Zoomcamp-project/venv/lib/python3.11/site-packages/airflow/example_dags/example_task_group.py
[2025-04-05T11:15:14.930+0100] {logging_mixin.py:188} INFO - [2025-04-05T11:15:14.930+0100] {override.py:1930} INFO - Created Permission View: can edit on DAG:example_task_group
[2025-04-05T11:15:14.933+0100] {logging_mixin.py:188} INFO - [2025-04-05T11:15:14.933+0100] {override.py:1930} INFO - Created Permission View: can delete on DAG:example_task_group
[2025-04-05T11:15:14.935+0100] {logging_mixin.py:188} INFO - [2025-04-05T11:15:14.935+0100] {override.py:1930} INFO - Created Permission View: can read on DAG:example_task_group
[2025-04-05T11:15:14.935+0100] {logging_mixin.py:188} INFO - [2025-04-05T11:15:14.935+0100] {dag.py:3096} INFO - Sync 1 DAGs
[2025-04-05T11:15:14.938+0100] {logging_mixin.py:188} INFO - [2025-04-05T11:15:14.938+0100] {dag.py:3118} INFO - Creating ORM DAG for example_task_group
[2025-04-05T11:15:14.940+0100] {logging_mixin.py:188} INFO - [2025-04-05T11:15:14.940+0100] {dag.py:3954} INFO - Setting next_dagrun for example_task_group to 2025-04-04T00:00:00+00:00, run_after=2025-04-05T00:00:00+00:00
[2025-04-05T11:15:14.945+0100] {processor.py:183} INFO - Processing /Users/judeezeh/Desktop/Zoomcamp-project/venv/lib/python3.11/site-packages/airflow/example_dags/example_task_group.py took 0.098 seconds
[2025-04-05T11:16:39.050+0100] {processor.py:161} INFO - Started process (PID=16844) to work on /Users/judeezeh/Desktop/Zoomcamp-project/venv/lib/python3.11/site-packages/airflow/example_dags/example_task_group.py
[2025-04-05T11:16:39.051+0100] {processor.py:830} INFO - Processing file /Users/judeezeh/Desktop/Zoomcamp-project/venv/lib/python3.11/site-packages/airflow/example_dags/example_task_group.py for tasks to queue
[2025-04-05T11:16:39.051+0100] {logging_mixin.py:188} INFO - [2025-04-05T11:16:39.051+0100] {dagbag.py:540} INFO - Filling up the DagBag from /Users/judeezeh/Desktop/Zoomcamp-project/venv/lib/python3.11/site-packages/airflow/example_dags/example_task_group.py
[2025-04-05T11:16:39.054+0100] {processor.py:840} INFO - DAG(s) 'example_task_group' retrieved from /Users/judeezeh/Desktop/Zoomcamp-project/venv/lib/python3.11/site-packages/airflow/example_dags/example_task_group.py
[2025-04-05T11:16:39.084+0100] {logging_mixin.py:188} INFO - [2025-04-05T11:16:39.084+0100] {dag.py:3096} INFO - Sync 1 DAGs
[2025-04-05T11:16:39.088+0100] {logging_mixin.py:188} INFO - [2025-04-05T11:16:39.088+0100] {dag.py:3954} INFO - Setting next_dagrun for example_task_group to 2025-04-04T00:00:00+00:00, run_after=2025-04-05T00:00:00+00:00
[2025-04-05T11:16:39.095+0100] {processor.py:183} INFO - Processing /Users/judeezeh/Desktop/Zoomcamp-project/venv/lib/python3.11/site-packages/airflow/example_dags/example_task_group.py took 0.046 seconds
[2025-04-05T11:18:06.343+0100] {processor.py:161} INFO - Started process (PID=16973) to work on /Users/judeezeh/Desktop/Zoomcamp-project/venv/lib/python3.11/site-packages/airflow/example_dags/example_task_group.py
[2025-04-05T11:18:06.343+0100] {processor.py:830} INFO - Processing file /Users/judeezeh/Desktop/Zoomcamp-project/venv/lib/python3.11/site-packages/airflow/example_dags/example_task_group.py for tasks to queue
[2025-04-05T11:18:06.343+0100] {logging_mixin.py:188} INFO - [2025-04-05T11:18:06.343+0100] {dagbag.py:540} INFO - Filling up the DagBag from /Users/judeezeh/Desktop/Zoomcamp-project/venv/lib/python3.11/site-packages/airflow/example_dags/example_task_group.py
[2025-04-05T11:18:06.346+0100] {processor.py:840} INFO - DAG(s) 'example_task_group' retrieved from /Users/judeezeh/Desktop/Zoomcamp-project/venv/lib/python3.11/site-packages/airflow/example_dags/example_task_group.py
[2025-04-05T11:18:06.376+0100] {logging_mixin.py:188} INFO - [2025-04-05T11:18:06.376+0100] {dag.py:3096} INFO - Sync 1 DAGs
[2025-04-05T11:18:06.381+0100] {logging_mixin.py:188} INFO - [2025-04-05T11:18:06.381+0100] {dag.py:3954} INFO - Setting next_dagrun for example_task_group to 2025-04-04T00:00:00+00:00, run_after=2025-04-05T00:00:00+00:00
[2025-04-05T11:18:06.387+0100] {processor.py:183} INFO - Processing /Users/judeezeh/Desktop/Zoomcamp-project/venv/lib/python3.11/site-packages/airflow/example_dags/example_task_group.py took 0.046 seconds
[2025-04-05T11:19:19.824+0100] {processor.py:161} INFO - Started process (PID=17111) to work on /Users/judeezeh/Desktop/Zoomcamp-project/venv/lib/python3.11/site-packages/airflow/example_dags/example_task_group.py
[2025-04-05T11:19:19.825+0100] {processor.py:830} INFO - Processing file /Users/judeezeh/Desktop/Zoomcamp-project/venv/lib/python3.11/site-packages/airflow/example_dags/example_task_group.py for tasks to queue
[2025-04-05T11:19:19.825+0100] {logging_mixin.py:188} INFO - [2025-04-05T11:19:19.825+0100] {dagbag.py:540} INFO - Filling up the DagBag from /Users/judeezeh/Desktop/Zoomcamp-project/venv/lib/python3.11/site-packages/airflow/example_dags/example_task_group.py
[2025-04-05T11:19:19.828+0100] {processor.py:840} INFO - DAG(s) 'example_task_group' retrieved from /Users/judeezeh/Desktop/Zoomcamp-project/venv/lib/python3.11/site-packages/airflow/example_dags/example_task_group.py
[2025-04-05T11:19:19.860+0100] {logging_mixin.py:188} INFO - [2025-04-05T11:19:19.860+0100] {dag.py:3096} INFO - Sync 1 DAGs
[2025-04-05T11:19:19.865+0100] {logging_mixin.py:188} INFO - [2025-04-05T11:19:19.865+0100] {dag.py:3954} INFO - Setting next_dagrun for example_task_group to 2025-04-04T00:00:00+00:00, run_after=2025-04-05T00:00:00+00:00
[2025-04-05T11:19:19.872+0100] {processor.py:183} INFO - Processing /Users/judeezeh/Desktop/Zoomcamp-project/venv/lib/python3.11/site-packages/airflow/example_dags/example_task_group.py took 0.049 seconds
[2025-04-05T11:20:43.905+0100] {processor.py:161} INFO - Started process (PID=17244) to work on /Users/judeezeh/Desktop/Zoomcamp-project/venv/lib/python3.11/site-packages/airflow/example_dags/example_task_group.py
[2025-04-05T11:20:43.906+0100] {processor.py:830} INFO - Processing file /Users/judeezeh/Desktop/Zoomcamp-project/venv/lib/python3.11/site-packages/airflow/example_dags/example_task_group.py for tasks to queue
[2025-04-05T11:20:43.906+0100] {logging_mixin.py:188} INFO - [2025-04-05T11:20:43.906+0100] {dagbag.py:540} INFO - Filling up the DagBag from /Users/judeezeh/Desktop/Zoomcamp-project/venv/lib/python3.11/site-packages/airflow/example_dags/example_task_group.py
[2025-04-05T11:20:43.909+0100] {processor.py:840} INFO - DAG(s) 'example_task_group' retrieved from /Users/judeezeh/Desktop/Zoomcamp-project/venv/lib/python3.11/site-packages/airflow/example_dags/example_task_group.py
[2025-04-05T11:20:43.939+0100] {logging_mixin.py:188} INFO - [2025-04-05T11:20:43.939+0100] {dag.py:3096} INFO - Sync 1 DAGs
[2025-04-05T11:20:43.945+0100] {logging_mixin.py:188} INFO - [2025-04-05T11:20:43.945+0100] {dag.py:3954} INFO - Setting next_dagrun for example_task_group to 2025-04-04T00:00:00+00:00, run_after=2025-04-05T00:00:00+00:00
[2025-04-05T11:20:43.952+0100] {processor.py:183} INFO - Processing /Users/judeezeh/Desktop/Zoomcamp-project/venv/lib/python3.11/site-packages/airflow/example_dags/example_task_group.py took 0.048 seconds
[2025-04-05T11:22:36.038+0100] {processor.py:161} INFO - Started process (PID=17403) to work on /Users/judeezeh/Desktop/Zoomcamp-project/venv/lib/python3.11/site-packages/airflow/example_dags/example_task_group.py
[2025-04-05T11:22:36.039+0100] {processor.py:830} INFO - Processing file /Users/judeezeh/Desktop/Zoomcamp-project/venv/lib/python3.11/site-packages/airflow/example_dags/example_task_group.py for tasks to queue
[2025-04-05T11:22:36.039+0100] {logging_mixin.py:188} INFO - [2025-04-05T11:22:36.039+0100] {dagbag.py:540} INFO - Filling up the DagBag from /Users/judeezeh/Desktop/Zoomcamp-project/venv/lib/python3.11/site-packages/airflow/example_dags/example_task_group.py
[2025-04-05T11:22:36.042+0100] {processor.py:840} INFO - DAG(s) 'example_task_group' retrieved from /Users/judeezeh/Desktop/Zoomcamp-project/venv/lib/python3.11/site-packages/airflow/example_dags/example_task_group.py
[2025-04-05T11:22:36.071+0100] {logging_mixin.py:188} INFO - [2025-04-05T11:22:36.071+0100] {dag.py:3096} INFO - Sync 1 DAGs
[2025-04-05T11:22:36.075+0100] {logging_mixin.py:188} INFO - [2025-04-05T11:22:36.075+0100] {dag.py:3954} INFO - Setting next_dagrun for example_task_group to 2025-04-04T00:00:00+00:00, run_after=2025-04-05T00:00:00+00:00
[2025-04-05T11:22:36.082+0100] {processor.py:183} INFO - Processing /Users/judeezeh/Desktop/Zoomcamp-project/venv/lib/python3.11/site-packages/airflow/example_dags/example_task_group.py took 0.045 seconds
[2025-04-05T11:24:11.198+0100] {processor.py:161} INFO - Started process (PID=17539) to work on /Users/judeezeh/Desktop/Zoomcamp-project/venv/lib/python3.11/site-packages/airflow/example_dags/example_task_group.py
[2025-04-05T11:24:11.198+0100] {processor.py:830} INFO - Processing file /Users/judeezeh/Desktop/Zoomcamp-project/venv/lib/python3.11/site-packages/airflow/example_dags/example_task_group.py for tasks to queue
[2025-04-05T11:24:11.199+0100] {logging_mixin.py:188} INFO - [2025-04-05T11:24:11.199+0100] {dagbag.py:540} INFO - Filling up the DagBag from /Users/judeezeh/Desktop/Zoomcamp-project/venv/lib/python3.11/site-packages/airflow/example_dags/example_task_group.py
[2025-04-05T11:24:11.201+0100] {processor.py:840} INFO - DAG(s) 'example_task_group' retrieved from /Users/judeezeh/Desktop/Zoomcamp-project/venv/lib/python3.11/site-packages/airflow/example_dags/example_task_group.py
[2025-04-05T11:24:11.231+0100] {logging_mixin.py:188} INFO - [2025-04-05T11:24:11.231+0100] {dag.py:3096} INFO - Sync 1 DAGs
[2025-04-05T11:24:11.236+0100] {logging_mixin.py:188} INFO - [2025-04-05T11:24:11.235+0100] {dag.py:3954} INFO - Setting next_dagrun for example_task_group to 2025-04-04T00:00:00+00:00, run_after=2025-04-05T00:00:00+00:00
[2025-04-05T11:24:11.242+0100] {processor.py:183} INFO - Processing /Users/judeezeh/Desktop/Zoomcamp-project/venv/lib/python3.11/site-packages/airflow/example_dags/example_task_group.py took 0.045 seconds
[2025-04-05T11:25:52.552+0100] {processor.py:161} INFO - Started process (PID=17675) to work on /Users/judeezeh/Desktop/Zoomcamp-project/venv/lib/python3.11/site-packages/airflow/example_dags/example_task_group.py
[2025-04-05T11:25:52.553+0100] {processor.py:830} INFO - Processing file /Users/judeezeh/Desktop/Zoomcamp-project/venv/lib/python3.11/site-packages/airflow/example_dags/example_task_group.py for tasks to queue
[2025-04-05T11:25:52.553+0100] {logging_mixin.py:188} INFO - [2025-04-05T11:25:52.553+0100] {dagbag.py:540} INFO - Filling up the DagBag from /Users/judeezeh/Desktop/Zoomcamp-project/venv/lib/python3.11/site-packages/airflow/example_dags/example_task_group.py
[2025-04-05T11:25:52.556+0100] {processor.py:840} INFO - DAG(s) 'example_task_group' retrieved from /Users/judeezeh/Desktop/Zoomcamp-project/venv/lib/python3.11/site-packages/airflow/example_dags/example_task_group.py
[2025-04-05T11:25:52.586+0100] {logging_mixin.py:188} INFO - [2025-04-05T11:25:52.586+0100] {dag.py:3096} INFO - Sync 1 DAGs
[2025-04-05T11:25:52.590+0100] {logging_mixin.py:188} INFO - [2025-04-05T11:25:52.590+0100] {dag.py:3954} INFO - Setting next_dagrun for example_task_group to 2025-04-04T00:00:00+00:00, run_after=2025-04-05T00:00:00+00:00
[2025-04-05T11:25:52.597+0100] {processor.py:183} INFO - Processing /Users/judeezeh/Desktop/Zoomcamp-project/venv/lib/python3.11/site-packages/airflow/example_dags/example_task_group.py took 0.046 seconds
[2025-04-05T11:27:34.576+0100] {processor.py:161} INFO - Started process (PID=17831) to work on /Users/judeezeh/Desktop/Zoomcamp-project/venv/lib/python3.11/site-packages/airflow/example_dags/example_task_group.py
[2025-04-05T11:27:34.576+0100] {processor.py:830} INFO - Processing file /Users/judeezeh/Desktop/Zoomcamp-project/venv/lib/python3.11/site-packages/airflow/example_dags/example_task_group.py for tasks to queue
[2025-04-05T11:27:34.576+0100] {logging_mixin.py:188} INFO - [2025-04-05T11:27:34.576+0100] {dagbag.py:540} INFO - Filling up the DagBag from /Users/judeezeh/Desktop/Zoomcamp-project/venv/lib/python3.11/site-packages/airflow/example_dags/example_task_group.py
[2025-04-05T11:27:34.579+0100] {processor.py:840} INFO - DAG(s) 'example_task_group' retrieved from /Users/judeezeh/Desktop/Zoomcamp-project/venv/lib/python3.11/site-packages/airflow/example_dags/example_task_group.py
[2025-04-05T11:27:34.610+0100] {logging_mixin.py:188} INFO - [2025-04-05T11:27:34.610+0100] {dag.py:3096} INFO - Sync 1 DAGs
[2025-04-05T11:27:34.614+0100] {logging_mixin.py:188} INFO - [2025-04-05T11:27:34.614+0100] {dag.py:3954} INFO - Setting next_dagrun for example_task_group to 2025-04-04T00:00:00+00:00, run_after=2025-04-05T00:00:00+00:00
[2025-04-05T11:27:34.621+0100] {processor.py:183} INFO - Processing /Users/judeezeh/Desktop/Zoomcamp-project/venv/lib/python3.11/site-packages/airflow/example_dags/example_task_group.py took 0.047 seconds
[2025-04-05T11:29:25.772+0100] {processor.py:161} INFO - Started process (PID=17986) to work on /Users/judeezeh/Desktop/Zoomcamp-project/venv/lib/python3.11/site-packages/airflow/example_dags/example_task_group.py
[2025-04-05T11:29:25.772+0100] {processor.py:830} INFO - Processing file /Users/judeezeh/Desktop/Zoomcamp-project/venv/lib/python3.11/site-packages/airflow/example_dags/example_task_group.py for tasks to queue
[2025-04-05T11:29:25.772+0100] {logging_mixin.py:188} INFO - [2025-04-05T11:29:25.772+0100] {dagbag.py:540} INFO - Filling up the DagBag from /Users/judeezeh/Desktop/Zoomcamp-project/venv/lib/python3.11/site-packages/airflow/example_dags/example_task_group.py
[2025-04-05T11:29:25.775+0100] {processor.py:840} INFO - DAG(s) 'example_task_group' retrieved from /Users/judeezeh/Desktop/Zoomcamp-project/venv/lib/python3.11/site-packages/airflow/example_dags/example_task_group.py
[2025-04-05T11:29:25.805+0100] {logging_mixin.py:188} INFO - [2025-04-05T11:29:25.804+0100] {dag.py:3096} INFO - Sync 1 DAGs
[2025-04-05T11:29:25.809+0100] {logging_mixin.py:188} INFO - [2025-04-05T11:29:25.809+0100] {dag.py:3954} INFO - Setting next_dagrun for example_task_group to 2025-04-04T00:00:00+00:00, run_after=2025-04-05T00:00:00+00:00
[2025-04-05T11:29:25.816+0100] {processor.py:183} INFO - Processing /Users/judeezeh/Desktop/Zoomcamp-project/venv/lib/python3.11/site-packages/airflow/example_dags/example_task_group.py took 0.045 seconds
[2025-04-05T11:30:21.286+0100] {processor.py:161} INFO - Started process (PID=18060) to work on /Users/judeezeh/Desktop/Zoomcamp-project/venv/lib/python3.11/site-packages/airflow/example_dags/example_task_group.py
[2025-04-05T11:30:21.287+0100] {processor.py:830} INFO - Processing file /Users/judeezeh/Desktop/Zoomcamp-project/venv/lib/python3.11/site-packages/airflow/example_dags/example_task_group.py for tasks to queue
[2025-04-05T11:30:21.287+0100] {logging_mixin.py:188} INFO - [2025-04-05T11:30:21.287+0100] {dagbag.py:540} INFO - Filling up the DagBag from /Users/judeezeh/Desktop/Zoomcamp-project/venv/lib/python3.11/site-packages/airflow/example_dags/example_task_group.py
[2025-04-05T11:30:21.290+0100] {processor.py:840} INFO - DAG(s) 'example_task_group' retrieved from /Users/judeezeh/Desktop/Zoomcamp-project/venv/lib/python3.11/site-packages/airflow/example_dags/example_task_group.py
[2025-04-05T11:30:21.319+0100] {logging_mixin.py:188} INFO - [2025-04-05T11:30:21.319+0100] {dag.py:3096} INFO - Sync 1 DAGs
[2025-04-05T11:30:21.324+0100] {logging_mixin.py:188} INFO - [2025-04-05T11:30:21.324+0100] {dag.py:3954} INFO - Setting next_dagrun for example_task_group to 2025-04-04T00:00:00+00:00, run_after=2025-04-05T00:00:00+00:00
[2025-04-05T11:30:21.331+0100] {processor.py:183} INFO - Processing /Users/judeezeh/Desktop/Zoomcamp-project/venv/lib/python3.11/site-packages/airflow/example_dags/example_task_group.py took 0.046 seconds
[2025-04-05T11:31:58.533+0100] {processor.py:161} INFO - Started process (PID=18212) to work on /Users/judeezeh/Desktop/Zoomcamp-project/venv/lib/python3.11/site-packages/airflow/example_dags/example_task_group.py
[2025-04-05T11:31:58.534+0100] {processor.py:830} INFO - Processing file /Users/judeezeh/Desktop/Zoomcamp-project/venv/lib/python3.11/site-packages/airflow/example_dags/example_task_group.py for tasks to queue
[2025-04-05T11:31:58.534+0100] {logging_mixin.py:188} INFO - [2025-04-05T11:31:58.534+0100] {dagbag.py:540} INFO - Filling up the DagBag from /Users/judeezeh/Desktop/Zoomcamp-project/venv/lib/python3.11/site-packages/airflow/example_dags/example_task_group.py
[2025-04-05T11:31:58.537+0100] {processor.py:840} INFO - DAG(s) 'example_task_group' retrieved from /Users/judeezeh/Desktop/Zoomcamp-project/venv/lib/python3.11/site-packages/airflow/example_dags/example_task_group.py
[2025-04-05T11:31:58.567+0100] {logging_mixin.py:188} INFO - [2025-04-05T11:31:58.567+0100] {dag.py:3096} INFO - Sync 1 DAGs
[2025-04-05T11:31:58.571+0100] {logging_mixin.py:188} INFO - [2025-04-05T11:31:58.571+0100] {dag.py:3954} INFO - Setting next_dagrun for example_task_group to 2025-04-04T00:00:00+00:00, run_after=2025-04-05T00:00:00+00:00
[2025-04-05T11:31:58.578+0100] {processor.py:183} INFO - Processing /Users/judeezeh/Desktop/Zoomcamp-project/venv/lib/python3.11/site-packages/airflow/example_dags/example_task_group.py took 0.046 seconds
[2025-04-05T11:33:44.937+0100] {processor.py:161} INFO - Started process (PID=18363) to work on /Users/judeezeh/Desktop/Zoomcamp-project/venv/lib/python3.11/site-packages/airflow/example_dags/example_task_group.py
[2025-04-05T11:33:44.938+0100] {processor.py:830} INFO - Processing file /Users/judeezeh/Desktop/Zoomcamp-project/venv/lib/python3.11/site-packages/airflow/example_dags/example_task_group.py for tasks to queue
[2025-04-05T11:33:44.938+0100] {logging_mixin.py:188} INFO - [2025-04-05T11:33:44.938+0100] {dagbag.py:540} INFO - Filling up the DagBag from /Users/judeezeh/Desktop/Zoomcamp-project/venv/lib/python3.11/site-packages/airflow/example_dags/example_task_group.py
[2025-04-05T11:33:44.941+0100] {processor.py:840} INFO - DAG(s) 'example_task_group' retrieved from /Users/judeezeh/Desktop/Zoomcamp-project/venv/lib/python3.11/site-packages/airflow/example_dags/example_task_group.py
[2025-04-05T11:33:44.971+0100] {logging_mixin.py:188} INFO - [2025-04-05T11:33:44.971+0100] {dag.py:3096} INFO - Sync 1 DAGs
[2025-04-05T11:33:44.976+0100] {logging_mixin.py:188} INFO - [2025-04-05T11:33:44.976+0100] {dag.py:3954} INFO - Setting next_dagrun for example_task_group to 2025-04-04T00:00:00+00:00, run_after=2025-04-05T00:00:00+00:00
[2025-04-05T11:33:44.982+0100] {processor.py:183} INFO - Processing /Users/judeezeh/Desktop/Zoomcamp-project/venv/lib/python3.11/site-packages/airflow/example_dags/example_task_group.py took 0.046 seconds
[2025-04-05T11:35:18.271+0100] {processor.py:161} INFO - Started process (PID=18500) to work on /Users/judeezeh/Desktop/Zoomcamp-project/venv/lib/python3.11/site-packages/airflow/example_dags/example_task_group.py
[2025-04-05T11:35:18.272+0100] {processor.py:830} INFO - Processing file /Users/judeezeh/Desktop/Zoomcamp-project/venv/lib/python3.11/site-packages/airflow/example_dags/example_task_group.py for tasks to queue
[2025-04-05T11:35:18.272+0100] {logging_mixin.py:188} INFO - [2025-04-05T11:35:18.272+0100] {dagbag.py:540} INFO - Filling up the DagBag from /Users/judeezeh/Desktop/Zoomcamp-project/venv/lib/python3.11/site-packages/airflow/example_dags/example_task_group.py
[2025-04-05T11:35:18.275+0100] {processor.py:840} INFO - DAG(s) 'example_task_group' retrieved from /Users/judeezeh/Desktop/Zoomcamp-project/venv/lib/python3.11/site-packages/airflow/example_dags/example_task_group.py
[2025-04-05T11:35:18.305+0100] {logging_mixin.py:188} INFO - [2025-04-05T11:35:18.305+0100] {dag.py:3096} INFO - Sync 1 DAGs
[2025-04-05T11:35:18.309+0100] {logging_mixin.py:188} INFO - [2025-04-05T11:35:18.309+0100] {dag.py:3954} INFO - Setting next_dagrun for example_task_group to 2025-04-04T00:00:00+00:00, run_after=2025-04-05T00:00:00+00:00
[2025-04-05T11:35:18.316+0100] {processor.py:183} INFO - Processing /Users/judeezeh/Desktop/Zoomcamp-project/venv/lib/python3.11/site-packages/airflow/example_dags/example_task_group.py took 0.046 seconds
[2025-04-05T11:37:07.588+0100] {processor.py:161} INFO - Started process (PID=18658) to work on /Users/judeezeh/Desktop/Zoomcamp-project/venv/lib/python3.11/site-packages/airflow/example_dags/example_task_group.py
[2025-04-05T11:37:07.588+0100] {processor.py:830} INFO - Processing file /Users/judeezeh/Desktop/Zoomcamp-project/venv/lib/python3.11/site-packages/airflow/example_dags/example_task_group.py for tasks to queue
[2025-04-05T11:37:07.588+0100] {logging_mixin.py:188} INFO - [2025-04-05T11:37:07.588+0100] {dagbag.py:540} INFO - Filling up the DagBag from /Users/judeezeh/Desktop/Zoomcamp-project/venv/lib/python3.11/site-packages/airflow/example_dags/example_task_group.py
[2025-04-05T11:37:07.591+0100] {processor.py:840} INFO - DAG(s) 'example_task_group' retrieved from /Users/judeezeh/Desktop/Zoomcamp-project/venv/lib/python3.11/site-packages/airflow/example_dags/example_task_group.py
[2025-04-05T11:37:07.622+0100] {logging_mixin.py:188} INFO - [2025-04-05T11:37:07.622+0100] {dag.py:3096} INFO - Sync 1 DAGs
[2025-04-05T11:37:07.626+0100] {logging_mixin.py:188} INFO - [2025-04-05T11:37:07.626+0100] {dag.py:3954} INFO - Setting next_dagrun for example_task_group to 2025-04-04T00:00:00+00:00, run_after=2025-04-05T00:00:00+00:00
[2025-04-05T11:37:07.633+0100] {processor.py:183} INFO - Processing /Users/judeezeh/Desktop/Zoomcamp-project/venv/lib/python3.11/site-packages/airflow/example_dags/example_task_group.py took 0.047 seconds
[2025-04-05T11:38:41.420+0100] {processor.py:161} INFO - Started process (PID=18806) to work on /Users/judeezeh/Desktop/Zoomcamp-project/venv/lib/python3.11/site-packages/airflow/example_dags/example_task_group.py
[2025-04-05T11:38:41.421+0100] {processor.py:830} INFO - Processing file /Users/judeezeh/Desktop/Zoomcamp-project/venv/lib/python3.11/site-packages/airflow/example_dags/example_task_group.py for tasks to queue
[2025-04-05T11:38:41.421+0100] {logging_mixin.py:188} INFO - [2025-04-05T11:38:41.421+0100] {dagbag.py:540} INFO - Filling up the DagBag from /Users/judeezeh/Desktop/Zoomcamp-project/venv/lib/python3.11/site-packages/airflow/example_dags/example_task_group.py
[2025-04-05T11:38:41.424+0100] {processor.py:840} INFO - DAG(s) 'example_task_group' retrieved from /Users/judeezeh/Desktop/Zoomcamp-project/venv/lib/python3.11/site-packages/airflow/example_dags/example_task_group.py
[2025-04-05T11:38:41.453+0100] {logging_mixin.py:188} INFO - [2025-04-05T11:38:41.453+0100] {dag.py:3096} INFO - Sync 1 DAGs
[2025-04-05T11:38:41.458+0100] {logging_mixin.py:188} INFO - [2025-04-05T11:38:41.458+0100] {dag.py:3954} INFO - Setting next_dagrun for example_task_group to 2025-04-04T00:00:00+00:00, run_after=2025-04-05T00:00:00+00:00
[2025-04-05T11:38:41.464+0100] {processor.py:183} INFO - Processing /Users/judeezeh/Desktop/Zoomcamp-project/venv/lib/python3.11/site-packages/airflow/example_dags/example_task_group.py took 0.045 seconds
[2025-04-05T11:40:00.637+0100] {processor.py:161} INFO - Started process (PID=18932) to work on /Users/judeezeh/Desktop/Zoomcamp-project/venv/lib/python3.11/site-packages/airflow/example_dags/example_task_group.py
[2025-04-05T11:40:00.637+0100] {processor.py:830} INFO - Processing file /Users/judeezeh/Desktop/Zoomcamp-project/venv/lib/python3.11/site-packages/airflow/example_dags/example_task_group.py for tasks to queue
[2025-04-05T11:40:00.637+0100] {logging_mixin.py:188} INFO - [2025-04-05T11:40:00.637+0100] {dagbag.py:540} INFO - Filling up the DagBag from /Users/judeezeh/Desktop/Zoomcamp-project/venv/lib/python3.11/site-packages/airflow/example_dags/example_task_group.py
[2025-04-05T11:40:00.640+0100] {processor.py:840} INFO - DAG(s) 'example_task_group' retrieved from /Users/judeezeh/Desktop/Zoomcamp-project/venv/lib/python3.11/site-packages/airflow/example_dags/example_task_group.py
[2025-04-05T11:40:00.670+0100] {logging_mixin.py:188} INFO - [2025-04-05T11:40:00.669+0100] {dag.py:3096} INFO - Sync 1 DAGs
[2025-04-05T11:40:00.674+0100] {logging_mixin.py:188} INFO - [2025-04-05T11:40:00.674+0100] {dag.py:3954} INFO - Setting next_dagrun for example_task_group to 2025-04-04T00:00:00+00:00, run_after=2025-04-05T00:00:00+00:00
[2025-04-05T11:40:00.681+0100] {processor.py:183} INFO - Processing /Users/judeezeh/Desktop/Zoomcamp-project/venv/lib/python3.11/site-packages/airflow/example_dags/example_task_group.py took 0.045 seconds
[2025-04-05T11:41:35.170+0100] {processor.py:161} INFO - Started process (PID=19110) to work on /Users/judeezeh/Desktop/Zoomcamp-project/venv/lib/python3.11/site-packages/airflow/example_dags/example_task_group.py
[2025-04-05T11:41:35.172+0100] {processor.py:830} INFO - Processing file /Users/judeezeh/Desktop/Zoomcamp-project/venv/lib/python3.11/site-packages/airflow/example_dags/example_task_group.py for tasks to queue
[2025-04-05T11:41:35.172+0100] {logging_mixin.py:188} INFO - [2025-04-05T11:41:35.172+0100] {dagbag.py:540} INFO - Filling up the DagBag from /Users/judeezeh/Desktop/Zoomcamp-project/venv/lib/python3.11/site-packages/airflow/example_dags/example_task_group.py
[2025-04-05T11:41:35.175+0100] {processor.py:840} INFO - DAG(s) 'example_task_group' retrieved from /Users/judeezeh/Desktop/Zoomcamp-project/venv/lib/python3.11/site-packages/airflow/example_dags/example_task_group.py
[2025-04-05T11:41:35.205+0100] {logging_mixin.py:188} INFO - [2025-04-05T11:41:35.205+0100] {dag.py:3096} INFO - Sync 1 DAGs
[2025-04-05T11:41:35.210+0100] {logging_mixin.py:188} INFO - [2025-04-05T11:41:35.210+0100] {dag.py:3954} INFO - Setting next_dagrun for example_task_group to 2025-04-04T00:00:00+00:00, run_after=2025-04-05T00:00:00+00:00
[2025-04-05T11:41:35.217+0100] {processor.py:183} INFO - Processing /Users/judeezeh/Desktop/Zoomcamp-project/venv/lib/python3.11/site-packages/airflow/example_dags/example_task_group.py took 0.047 seconds
