[2025-04-05T11:15:11.618+0100] {processor.py:161} INFO - Started process (PID=16708) to work on /Users/judeezeh/Desktop/Zoomcamp-project/venv/lib/python3.11/site-packages/airflow/example_dags/example_time_delta_sensor_async.py
[2025-04-05T11:15:11.619+0100] {processor.py:830} INFO - Processing file /Users/judeezeh/Desktop/Zoomcamp-project/venv/lib/python3.11/site-packages/airflow/example_dags/example_time_delta_sensor_async.py for tasks to queue
[2025-04-05T11:15:11.619+0100] {logging_mixin.py:188} INFO - [2025-04-05T11:15:11.619+0100] {dagbag.py:540} INFO - Filling up the DagBag from /Users/judeezeh/Desktop/Zoomcamp-project/venv/lib/python3.11/site-packages/airflow/example_dags/example_time_delta_sensor_async.py
[2025-04-05T11:15:11.621+0100] {processor.py:840} INFO - DAG(s) 'example_time_delta_sensor_async' retrieved from /Users/judeezeh/Desktop/Zoomcamp-project/venv/lib/python3.11/site-packages/airflow/example_dags/example_time_delta_sensor_async.py
[2025-04-05T11:15:11.699+0100] {logging_mixin.py:188} INFO - [2025-04-05T11:15:11.699+0100] {override.py:1930} INFO - Created Permission View: can delete on DAG:example_time_delta_sensor_async
[2025-04-05T11:15:11.702+0100] {logging_mixin.py:188} INFO - [2025-04-05T11:15:11.701+0100] {override.py:1930} INFO - Created Permission View: can read on DAG:example_time_delta_sensor_async
[2025-04-05T11:15:11.703+0100] {logging_mixin.py:188} INFO - [2025-04-05T11:15:11.703+0100] {override.py:1930} INFO - Created Permission View: can edit on DAG:example_time_delta_sensor_async
[2025-04-05T11:15:11.703+0100] {logging_mixin.py:188} INFO - [2025-04-05T11:15:11.703+0100] {dag.py:3096} INFO - Sync 1 DAGs
[2025-04-05T11:15:11.706+0100] {logging_mixin.py:188} INFO - [2025-04-05T11:15:11.706+0100] {dag.py:3118} INFO - Creating ORM DAG for example_time_delta_sensor_async
[2025-04-05T11:15:11.706+0100] {logging_mixin.py:188} INFO - [2025-04-05T11:15:11.706+0100] {dag.py:3954} INFO - Setting next_dagrun for example_time_delta_sensor_async to None, run_after=None
[2025-04-05T11:15:11.711+0100] {processor.py:183} INFO - Processing /Users/judeezeh/Desktop/Zoomcamp-project/venv/lib/python3.11/site-packages/airflow/example_dags/example_time_delta_sensor_async.py took 0.094 seconds
[2025-04-05T11:16:36.407+0100] {processor.py:161} INFO - Started process (PID=16840) to work on /Users/judeezeh/Desktop/Zoomcamp-project/venv/lib/python3.11/site-packages/airflow/example_dags/example_time_delta_sensor_async.py
[2025-04-05T11:16:36.408+0100] {processor.py:830} INFO - Processing file /Users/judeezeh/Desktop/Zoomcamp-project/venv/lib/python3.11/site-packages/airflow/example_dags/example_time_delta_sensor_async.py for tasks to queue
[2025-04-05T11:16:36.408+0100] {logging_mixin.py:188} INFO - [2025-04-05T11:16:36.408+0100] {dagbag.py:540} INFO - Filling up the DagBag from /Users/judeezeh/Desktop/Zoomcamp-project/venv/lib/python3.11/site-packages/airflow/example_dags/example_time_delta_sensor_async.py
[2025-04-05T11:16:36.411+0100] {processor.py:840} INFO - DAG(s) 'example_time_delta_sensor_async' retrieved from /Users/judeezeh/Desktop/Zoomcamp-project/venv/lib/python3.11/site-packages/airflow/example_dags/example_time_delta_sensor_async.py
[2025-04-05T11:16:36.441+0100] {logging_mixin.py:188} INFO - [2025-04-05T11:16:36.441+0100] {dag.py:3096} INFO - Sync 1 DAGs
[2025-04-05T11:16:36.444+0100] {logging_mixin.py:188} INFO - [2025-04-05T11:16:36.444+0100] {dag.py:3954} INFO - Setting next_dagrun for example_time_delta_sensor_async to None, run_after=None
[2025-04-05T11:16:36.451+0100] {processor.py:183} INFO - Processing /Users/judeezeh/Desktop/Zoomcamp-project/venv/lib/python3.11/site-packages/airflow/example_dags/example_time_delta_sensor_async.py took 0.045 seconds
[2025-04-05T11:18:03.406+0100] {processor.py:161} INFO - Started process (PID=16968) to work on /Users/judeezeh/Desktop/Zoomcamp-project/venv/lib/python3.11/site-packages/airflow/example_dags/example_time_delta_sensor_async.py
[2025-04-05T11:18:03.407+0100] {processor.py:830} INFO - Processing file /Users/judeezeh/Desktop/Zoomcamp-project/venv/lib/python3.11/site-packages/airflow/example_dags/example_time_delta_sensor_async.py for tasks to queue
[2025-04-05T11:18:03.407+0100] {logging_mixin.py:188} INFO - [2025-04-05T11:18:03.407+0100] {dagbag.py:540} INFO - Filling up the DagBag from /Users/judeezeh/Desktop/Zoomcamp-project/venv/lib/python3.11/site-packages/airflow/example_dags/example_time_delta_sensor_async.py
[2025-04-05T11:18:03.410+0100] {processor.py:840} INFO - DAG(s) 'example_time_delta_sensor_async' retrieved from /Users/judeezeh/Desktop/Zoomcamp-project/venv/lib/python3.11/site-packages/airflow/example_dags/example_time_delta_sensor_async.py
[2025-04-05T11:18:03.441+0100] {logging_mixin.py:188} INFO - [2025-04-05T11:18:03.441+0100] {dag.py:3096} INFO - Sync 1 DAGs
[2025-04-05T11:18:03.444+0100] {logging_mixin.py:188} INFO - [2025-04-05T11:18:03.444+0100] {dag.py:3954} INFO - Setting next_dagrun for example_time_delta_sensor_async to None, run_after=None
[2025-04-05T11:18:03.451+0100] {processor.py:183} INFO - Processing /Users/judeezeh/Desktop/Zoomcamp-project/venv/lib/python3.11/site-packages/airflow/example_dags/example_time_delta_sensor_async.py took 0.046 seconds
[2025-04-05T11:19:16.385+0100] {processor.py:161} INFO - Started process (PID=17105) to work on /Users/judeezeh/Desktop/Zoomcamp-project/venv/lib/python3.11/site-packages/airflow/example_dags/example_time_delta_sensor_async.py
[2025-04-05T11:19:16.387+0100] {processor.py:830} INFO - Processing file /Users/judeezeh/Desktop/Zoomcamp-project/venv/lib/python3.11/site-packages/airflow/example_dags/example_time_delta_sensor_async.py for tasks to queue
[2025-04-05T11:19:16.387+0100] {logging_mixin.py:188} INFO - [2025-04-05T11:19:16.387+0100] {dagbag.py:540} INFO - Filling up the DagBag from /Users/judeezeh/Desktop/Zoomcamp-project/venv/lib/python3.11/site-packages/airflow/example_dags/example_time_delta_sensor_async.py
[2025-04-05T11:19:16.389+0100] {processor.py:840} INFO - DAG(s) 'example_time_delta_sensor_async' retrieved from /Users/judeezeh/Desktop/Zoomcamp-project/venv/lib/python3.11/site-packages/airflow/example_dags/example_time_delta_sensor_async.py
[2025-04-05T11:19:16.420+0100] {logging_mixin.py:188} INFO - [2025-04-05T11:19:16.420+0100] {dag.py:3096} INFO - Sync 1 DAGs
[2025-04-05T11:19:16.423+0100] {logging_mixin.py:188} INFO - [2025-04-05T11:19:16.423+0100] {dag.py:3954} INFO - Setting next_dagrun for example_time_delta_sensor_async to None, run_after=None
[2025-04-05T11:19:16.430+0100] {processor.py:183} INFO - Processing /Users/judeezeh/Desktop/Zoomcamp-project/venv/lib/python3.11/site-packages/airflow/example_dags/example_time_delta_sensor_async.py took 0.046 seconds
[2025-04-05T11:20:40.527+0100] {processor.py:161} INFO - Started process (PID=17236) to work on /Users/judeezeh/Desktop/Zoomcamp-project/venv/lib/python3.11/site-packages/airflow/example_dags/example_time_delta_sensor_async.py
[2025-04-05T11:20:40.528+0100] {processor.py:830} INFO - Processing file /Users/judeezeh/Desktop/Zoomcamp-project/venv/lib/python3.11/site-packages/airflow/example_dags/example_time_delta_sensor_async.py for tasks to queue
[2025-04-05T11:20:40.528+0100] {logging_mixin.py:188} INFO - [2025-04-05T11:20:40.528+0100] {dagbag.py:540} INFO - Filling up the DagBag from /Users/judeezeh/Desktop/Zoomcamp-project/venv/lib/python3.11/site-packages/airflow/example_dags/example_time_delta_sensor_async.py
[2025-04-05T11:20:40.531+0100] {processor.py:840} INFO - DAG(s) 'example_time_delta_sensor_async' retrieved from /Users/judeezeh/Desktop/Zoomcamp-project/venv/lib/python3.11/site-packages/airflow/example_dags/example_time_delta_sensor_async.py
[2025-04-05T11:20:40.563+0100] {logging_mixin.py:188} INFO - [2025-04-05T11:20:40.563+0100] {dag.py:3096} INFO - Sync 1 DAGs
[2025-04-05T11:20:40.566+0100] {logging_mixin.py:188} INFO - [2025-04-05T11:20:40.566+0100] {dag.py:3954} INFO - Setting next_dagrun for example_time_delta_sensor_async to None, run_after=None
[2025-04-05T11:20:40.574+0100] {processor.py:183} INFO - Processing /Users/judeezeh/Desktop/Zoomcamp-project/venv/lib/python3.11/site-packages/airflow/example_dags/example_time_delta_sensor_async.py took 0.048 seconds
[2025-04-05T11:21:37.821+0100] {processor.py:161} INFO - Started process (PID=17316) to work on /Users/judeezeh/Desktop/Zoomcamp-project/venv/lib/python3.11/site-packages/airflow/example_dags/example_time_delta_sensor_async.py
[2025-04-05T11:21:37.822+0100] {processor.py:830} INFO - Processing file /Users/judeezeh/Desktop/Zoomcamp-project/venv/lib/python3.11/site-packages/airflow/example_dags/example_time_delta_sensor_async.py for tasks to queue
[2025-04-05T11:21:37.822+0100] {logging_mixin.py:188} INFO - [2025-04-05T11:21:37.822+0100] {dagbag.py:540} INFO - Filling up the DagBag from /Users/judeezeh/Desktop/Zoomcamp-project/venv/lib/python3.11/site-packages/airflow/example_dags/example_time_delta_sensor_async.py
[2025-04-05T11:21:37.825+0100] {processor.py:840} INFO - DAG(s) 'example_time_delta_sensor_async' retrieved from /Users/judeezeh/Desktop/Zoomcamp-project/venv/lib/python3.11/site-packages/airflow/example_dags/example_time_delta_sensor_async.py
[2025-04-05T11:21:37.856+0100] {logging_mixin.py:188} INFO - [2025-04-05T11:21:37.856+0100] {dag.py:3096} INFO - Sync 1 DAGs
[2025-04-05T11:21:37.859+0100] {logging_mixin.py:188} INFO - [2025-04-05T11:21:37.859+0100] {dag.py:3954} INFO - Setting next_dagrun for example_time_delta_sensor_async to None, run_after=None
[2025-04-05T11:21:37.866+0100] {processor.py:183} INFO - Processing /Users/judeezeh/Desktop/Zoomcamp-project/venv/lib/python3.11/site-packages/airflow/example_dags/example_time_delta_sensor_async.py took 0.046 seconds
[2025-04-05T11:22:33.031+0100] {processor.py:161} INFO - Started process (PID=17399) to work on /Users/judeezeh/Desktop/Zoomcamp-project/venv/lib/python3.11/site-packages/airflow/example_dags/example_time_delta_sensor_async.py
[2025-04-05T11:22:33.033+0100] {processor.py:830} INFO - Processing file /Users/judeezeh/Desktop/Zoomcamp-project/venv/lib/python3.11/site-packages/airflow/example_dags/example_time_delta_sensor_async.py for tasks to queue
[2025-04-05T11:22:33.033+0100] {logging_mixin.py:188} INFO - [2025-04-05T11:22:33.033+0100] {dagbag.py:540} INFO - Filling up the DagBag from /Users/judeezeh/Desktop/Zoomcamp-project/venv/lib/python3.11/site-packages/airflow/example_dags/example_time_delta_sensor_async.py
[2025-04-05T11:22:33.036+0100] {processor.py:840} INFO - DAG(s) 'example_time_delta_sensor_async' retrieved from /Users/judeezeh/Desktop/Zoomcamp-project/venv/lib/python3.11/site-packages/airflow/example_dags/example_time_delta_sensor_async.py
[2025-04-05T11:22:33.067+0100] {logging_mixin.py:188} INFO - [2025-04-05T11:22:33.066+0100] {dag.py:3096} INFO - Sync 1 DAGs
[2025-04-05T11:22:33.069+0100] {logging_mixin.py:188} INFO - [2025-04-05T11:22:33.069+0100] {dag.py:3954} INFO - Setting next_dagrun for example_time_delta_sensor_async to None, run_after=None
[2025-04-05T11:22:33.076+0100] {processor.py:183} INFO - Processing /Users/judeezeh/Desktop/Zoomcamp-project/venv/lib/python3.11/site-packages/airflow/example_dags/example_time_delta_sensor_async.py took 0.046 seconds
[2025-04-05T11:24:07.833+0100] {processor.py:161} INFO - Started process (PID=17535) to work on /Users/judeezeh/Desktop/Zoomcamp-project/venv/lib/python3.11/site-packages/airflow/example_dags/example_time_delta_sensor_async.py
[2025-04-05T11:24:07.834+0100] {processor.py:830} INFO - Processing file /Users/judeezeh/Desktop/Zoomcamp-project/venv/lib/python3.11/site-packages/airflow/example_dags/example_time_delta_sensor_async.py for tasks to queue
[2025-04-05T11:24:07.834+0100] {logging_mixin.py:188} INFO - [2025-04-05T11:24:07.834+0100] {dagbag.py:540} INFO - Filling up the DagBag from /Users/judeezeh/Desktop/Zoomcamp-project/venv/lib/python3.11/site-packages/airflow/example_dags/example_time_delta_sensor_async.py
[2025-04-05T11:24:07.837+0100] {processor.py:840} INFO - DAG(s) 'example_time_delta_sensor_async' retrieved from /Users/judeezeh/Desktop/Zoomcamp-project/venv/lib/python3.11/site-packages/airflow/example_dags/example_time_delta_sensor_async.py
[2025-04-05T11:24:07.868+0100] {logging_mixin.py:188} INFO - [2025-04-05T11:24:07.868+0100] {dag.py:3096} INFO - Sync 1 DAGs
[2025-04-05T11:24:07.871+0100] {logging_mixin.py:188} INFO - [2025-04-05T11:24:07.871+0100] {dag.py:3954} INFO - Setting next_dagrun for example_time_delta_sensor_async to None, run_after=None
[2025-04-05T11:24:07.879+0100] {processor.py:183} INFO - Processing /Users/judeezeh/Desktop/Zoomcamp-project/venv/lib/python3.11/site-packages/airflow/example_dags/example_time_delta_sensor_async.py took 0.046 seconds
[2025-04-05T11:25:02.908+0100] {processor.py:161} INFO - Started process (PID=17608) to work on /Users/judeezeh/Desktop/Zoomcamp-project/venv/lib/python3.11/site-packages/airflow/example_dags/example_time_delta_sensor_async.py
[2025-04-05T11:25:02.909+0100] {processor.py:830} INFO - Processing file /Users/judeezeh/Desktop/Zoomcamp-project/venv/lib/python3.11/site-packages/airflow/example_dags/example_time_delta_sensor_async.py for tasks to queue
[2025-04-05T11:25:02.909+0100] {logging_mixin.py:188} INFO - [2025-04-05T11:25:02.909+0100] {dagbag.py:540} INFO - Filling up the DagBag from /Users/judeezeh/Desktop/Zoomcamp-project/venv/lib/python3.11/site-packages/airflow/example_dags/example_time_delta_sensor_async.py
[2025-04-05T11:25:02.912+0100] {processor.py:840} INFO - DAG(s) 'example_time_delta_sensor_async' retrieved from /Users/judeezeh/Desktop/Zoomcamp-project/venv/lib/python3.11/site-packages/airflow/example_dags/example_time_delta_sensor_async.py
[2025-04-05T11:25:02.944+0100] {logging_mixin.py:188} INFO - [2025-04-05T11:25:02.944+0100] {dag.py:3096} INFO - Sync 1 DAGs
[2025-04-05T11:25:02.946+0100] {logging_mixin.py:188} INFO - [2025-04-05T11:25:02.946+0100] {dag.py:3954} INFO - Setting next_dagrun for example_time_delta_sensor_async to None, run_after=None
[2025-04-05T11:25:02.953+0100] {processor.py:183} INFO - Processing /Users/judeezeh/Desktop/Zoomcamp-project/venv/lib/python3.11/site-packages/airflow/example_dags/example_time_delta_sensor_async.py took 0.047 seconds
[2025-04-05T11:26:38.253+0100] {processor.py:161} INFO - Started process (PID=17751) to work on /Users/judeezeh/Desktop/Zoomcamp-project/venv/lib/python3.11/site-packages/airflow/example_dags/example_time_delta_sensor_async.py
[2025-04-05T11:26:38.254+0100] {processor.py:830} INFO - Processing file /Users/judeezeh/Desktop/Zoomcamp-project/venv/lib/python3.11/site-packages/airflow/example_dags/example_time_delta_sensor_async.py for tasks to queue
[2025-04-05T11:26:38.254+0100] {logging_mixin.py:188} INFO - [2025-04-05T11:26:38.254+0100] {dagbag.py:540} INFO - Filling up the DagBag from /Users/judeezeh/Desktop/Zoomcamp-project/venv/lib/python3.11/site-packages/airflow/example_dags/example_time_delta_sensor_async.py
[2025-04-05T11:26:38.257+0100] {processor.py:840} INFO - DAG(s) 'example_time_delta_sensor_async' retrieved from /Users/judeezeh/Desktop/Zoomcamp-project/venv/lib/python3.11/site-packages/airflow/example_dags/example_time_delta_sensor_async.py
[2025-04-05T11:26:38.290+0100] {logging_mixin.py:188} INFO - [2025-04-05T11:26:38.290+0100] {dag.py:3096} INFO - Sync 1 DAGs
[2025-04-05T11:26:38.293+0100] {logging_mixin.py:188} INFO - [2025-04-05T11:26:38.293+0100] {dag.py:3954} INFO - Setting next_dagrun for example_time_delta_sensor_async to None, run_after=None
[2025-04-05T11:26:38.300+0100] {processor.py:183} INFO - Processing /Users/judeezeh/Desktop/Zoomcamp-project/venv/lib/python3.11/site-packages/airflow/example_dags/example_time_delta_sensor_async.py took 0.049 seconds
[2025-04-05T11:27:32.888+0100] {processor.py:161} INFO - Started process (PID=17829) to work on /Users/judeezeh/Desktop/Zoomcamp-project/venv/lib/python3.11/site-packages/airflow/example_dags/example_time_delta_sensor_async.py
[2025-04-05T11:27:32.889+0100] {processor.py:830} INFO - Processing file /Users/judeezeh/Desktop/Zoomcamp-project/venv/lib/python3.11/site-packages/airflow/example_dags/example_time_delta_sensor_async.py for tasks to queue
[2025-04-05T11:27:32.889+0100] {logging_mixin.py:188} INFO - [2025-04-05T11:27:32.889+0100] {dagbag.py:540} INFO - Filling up the DagBag from /Users/judeezeh/Desktop/Zoomcamp-project/venv/lib/python3.11/site-packages/airflow/example_dags/example_time_delta_sensor_async.py
[2025-04-05T11:27:32.892+0100] {processor.py:840} INFO - DAG(s) 'example_time_delta_sensor_async' retrieved from /Users/judeezeh/Desktop/Zoomcamp-project/venv/lib/python3.11/site-packages/airflow/example_dags/example_time_delta_sensor_async.py
[2025-04-05T11:27:32.923+0100] {logging_mixin.py:188} INFO - [2025-04-05T11:27:32.923+0100] {dag.py:3096} INFO - Sync 1 DAGs
[2025-04-05T11:27:32.926+0100] {logging_mixin.py:188} INFO - [2025-04-05T11:27:32.926+0100] {dag.py:3954} INFO - Setting next_dagrun for example_time_delta_sensor_async to None, run_after=None
[2025-04-05T11:27:32.933+0100] {processor.py:183} INFO - Processing /Users/judeezeh/Desktop/Zoomcamp-project/venv/lib/python3.11/site-packages/airflow/example_dags/example_time_delta_sensor_async.py took 0.047 seconds
[2025-04-05T11:28:29.132+0100] {processor.py:161} INFO - Started process (PID=17914) to work on /Users/judeezeh/Desktop/Zoomcamp-project/venv/lib/python3.11/site-packages/airflow/example_dags/example_time_delta_sensor_async.py
[2025-04-05T11:28:29.132+0100] {processor.py:830} INFO - Processing file /Users/judeezeh/Desktop/Zoomcamp-project/venv/lib/python3.11/site-packages/airflow/example_dags/example_time_delta_sensor_async.py for tasks to queue
[2025-04-05T11:28:29.132+0100] {logging_mixin.py:188} INFO - [2025-04-05T11:28:29.132+0100] {dagbag.py:540} INFO - Filling up the DagBag from /Users/judeezeh/Desktop/Zoomcamp-project/venv/lib/python3.11/site-packages/airflow/example_dags/example_time_delta_sensor_async.py
[2025-04-05T11:28:29.136+0100] {processor.py:840} INFO - DAG(s) 'example_time_delta_sensor_async' retrieved from /Users/judeezeh/Desktop/Zoomcamp-project/venv/lib/python3.11/site-packages/airflow/example_dags/example_time_delta_sensor_async.py
[2025-04-05T11:28:29.166+0100] {logging_mixin.py:188} INFO - [2025-04-05T11:28:29.166+0100] {dag.py:3096} INFO - Sync 1 DAGs
[2025-04-05T11:28:29.169+0100] {logging_mixin.py:188} INFO - [2025-04-05T11:28:29.169+0100] {dag.py:3954} INFO - Setting next_dagrun for example_time_delta_sensor_async to None, run_after=None
[2025-04-05T11:28:29.178+0100] {processor.py:183} INFO - Processing /Users/judeezeh/Desktop/Zoomcamp-project/venv/lib/python3.11/site-packages/airflow/example_dags/example_time_delta_sensor_async.py took 0.047 seconds
[2025-04-05T11:29:24.097+0100] {processor.py:161} INFO - Started process (PID=17984) to work on /Users/judeezeh/Desktop/Zoomcamp-project/venv/lib/python3.11/site-packages/airflow/example_dags/example_time_delta_sensor_async.py
[2025-04-05T11:29:24.097+0100] {processor.py:830} INFO - Processing file /Users/judeezeh/Desktop/Zoomcamp-project/venv/lib/python3.11/site-packages/airflow/example_dags/example_time_delta_sensor_async.py for tasks to queue
[2025-04-05T11:29:24.097+0100] {logging_mixin.py:188} INFO - [2025-04-05T11:29:24.097+0100] {dagbag.py:540} INFO - Filling up the DagBag from /Users/judeezeh/Desktop/Zoomcamp-project/venv/lib/python3.11/site-packages/airflow/example_dags/example_time_delta_sensor_async.py
[2025-04-05T11:29:24.100+0100] {processor.py:840} INFO - DAG(s) 'example_time_delta_sensor_async' retrieved from /Users/judeezeh/Desktop/Zoomcamp-project/venv/lib/python3.11/site-packages/airflow/example_dags/example_time_delta_sensor_async.py
[2025-04-05T11:29:24.131+0100] {logging_mixin.py:188} INFO - [2025-04-05T11:29:24.131+0100] {dag.py:3096} INFO - Sync 1 DAGs
[2025-04-05T11:29:24.134+0100] {logging_mixin.py:188} INFO - [2025-04-05T11:29:24.134+0100] {dag.py:3954} INFO - Setting next_dagrun for example_time_delta_sensor_async to None, run_after=None
[2025-04-05T11:29:24.141+0100] {processor.py:183} INFO - Processing /Users/judeezeh/Desktop/Zoomcamp-project/venv/lib/python3.11/site-packages/airflow/example_dags/example_time_delta_sensor_async.py took 0.045 seconds
[2025-04-05T11:30:17.889+0100] {processor.py:161} INFO - Started process (PID=18056) to work on /Users/judeezeh/Desktop/Zoomcamp-project/venv/lib/python3.11/site-packages/airflow/example_dags/example_time_delta_sensor_async.py
[2025-04-05T11:30:17.890+0100] {processor.py:830} INFO - Processing file /Users/judeezeh/Desktop/Zoomcamp-project/venv/lib/python3.11/site-packages/airflow/example_dags/example_time_delta_sensor_async.py for tasks to queue
[2025-04-05T11:30:17.890+0100] {logging_mixin.py:188} INFO - [2025-04-05T11:30:17.890+0100] {dagbag.py:540} INFO - Filling up the DagBag from /Users/judeezeh/Desktop/Zoomcamp-project/venv/lib/python3.11/site-packages/airflow/example_dags/example_time_delta_sensor_async.py
[2025-04-05T11:30:17.893+0100] {processor.py:840} INFO - DAG(s) 'example_time_delta_sensor_async' retrieved from /Users/judeezeh/Desktop/Zoomcamp-project/venv/lib/python3.11/site-packages/airflow/example_dags/example_time_delta_sensor_async.py
[2025-04-05T11:30:17.925+0100] {logging_mixin.py:188} INFO - [2025-04-05T11:30:17.925+0100] {dag.py:3096} INFO - Sync 1 DAGs
[2025-04-05T11:30:17.928+0100] {logging_mixin.py:188} INFO - [2025-04-05T11:30:17.928+0100] {dag.py:3954} INFO - Setting next_dagrun for example_time_delta_sensor_async to None, run_after=None
[2025-04-05T11:30:17.937+0100] {processor.py:183} INFO - Processing /Users/judeezeh/Desktop/Zoomcamp-project/venv/lib/python3.11/site-packages/airflow/example_dags/example_time_delta_sensor_async.py took 0.049 seconds
[2025-04-05T11:31:09.949+0100] {processor.py:161} INFO - Started process (PID=18136) to work on /Users/judeezeh/Desktop/Zoomcamp-project/venv/lib/python3.11/site-packages/airflow/example_dags/example_time_delta_sensor_async.py
[2025-04-05T11:31:09.949+0100] {processor.py:830} INFO - Processing file /Users/judeezeh/Desktop/Zoomcamp-project/venv/lib/python3.11/site-packages/airflow/example_dags/example_time_delta_sensor_async.py for tasks to queue
[2025-04-05T11:31:09.950+0100] {logging_mixin.py:188} INFO - [2025-04-05T11:31:09.949+0100] {dagbag.py:540} INFO - Filling up the DagBag from /Users/judeezeh/Desktop/Zoomcamp-project/venv/lib/python3.11/site-packages/airflow/example_dags/example_time_delta_sensor_async.py
[2025-04-05T11:31:09.953+0100] {processor.py:840} INFO - DAG(s) 'example_time_delta_sensor_async' retrieved from /Users/judeezeh/Desktop/Zoomcamp-project/venv/lib/python3.11/site-packages/airflow/example_dags/example_time_delta_sensor_async.py
[2025-04-05T11:31:09.984+0100] {logging_mixin.py:188} INFO - [2025-04-05T11:31:09.984+0100] {dag.py:3096} INFO - Sync 1 DAGs
[2025-04-05T11:31:09.987+0100] {logging_mixin.py:188} INFO - [2025-04-05T11:31:09.987+0100] {dag.py:3954} INFO - Setting next_dagrun for example_time_delta_sensor_async to None, run_after=None
[2025-04-05T11:31:09.994+0100] {processor.py:183} INFO - Processing /Users/judeezeh/Desktop/Zoomcamp-project/venv/lib/python3.11/site-packages/airflow/example_dags/example_time_delta_sensor_async.py took 0.046 seconds
[2025-04-05T11:32:48.768+0100] {processor.py:161} INFO - Started process (PID=18287) to work on /Users/judeezeh/Desktop/Zoomcamp-project/venv/lib/python3.11/site-packages/airflow/example_dags/example_time_delta_sensor_async.py
[2025-04-05T11:32:48.769+0100] {processor.py:830} INFO - Processing file /Users/judeezeh/Desktop/Zoomcamp-project/venv/lib/python3.11/site-packages/airflow/example_dags/example_time_delta_sensor_async.py for tasks to queue
[2025-04-05T11:32:48.769+0100] {logging_mixin.py:188} INFO - [2025-04-05T11:32:48.769+0100] {dagbag.py:540} INFO - Filling up the DagBag from /Users/judeezeh/Desktop/Zoomcamp-project/venv/lib/python3.11/site-packages/airflow/example_dags/example_time_delta_sensor_async.py
[2025-04-05T11:32:48.773+0100] {processor.py:840} INFO - DAG(s) 'example_time_delta_sensor_async' retrieved from /Users/judeezeh/Desktop/Zoomcamp-project/venv/lib/python3.11/site-packages/airflow/example_dags/example_time_delta_sensor_async.py
[2025-04-05T11:32:48.804+0100] {logging_mixin.py:188} INFO - [2025-04-05T11:32:48.804+0100] {dag.py:3096} INFO - Sync 1 DAGs
[2025-04-05T11:32:48.807+0100] {logging_mixin.py:188} INFO - [2025-04-05T11:32:48.807+0100] {dag.py:3954} INFO - Setting next_dagrun for example_time_delta_sensor_async to None, run_after=None
[2025-04-05T11:32:48.815+0100] {processor.py:183} INFO - Processing /Users/judeezeh/Desktop/Zoomcamp-project/venv/lib/python3.11/site-packages/airflow/example_dags/example_time_delta_sensor_async.py took 0.048 seconds
[2025-04-05T11:33:43.251+0100] {processor.py:161} INFO - Started process (PID=18360) to work on /Users/judeezeh/Desktop/Zoomcamp-project/venv/lib/python3.11/site-packages/airflow/example_dags/example_time_delta_sensor_async.py
[2025-04-05T11:33:43.252+0100] {processor.py:830} INFO - Processing file /Users/judeezeh/Desktop/Zoomcamp-project/venv/lib/python3.11/site-packages/airflow/example_dags/example_time_delta_sensor_async.py for tasks to queue
[2025-04-05T11:33:43.252+0100] {logging_mixin.py:188} INFO - [2025-04-05T11:33:43.252+0100] {dagbag.py:540} INFO - Filling up the DagBag from /Users/judeezeh/Desktop/Zoomcamp-project/venv/lib/python3.11/site-packages/airflow/example_dags/example_time_delta_sensor_async.py
[2025-04-05T11:33:43.255+0100] {processor.py:840} INFO - DAG(s) 'example_time_delta_sensor_async' retrieved from /Users/judeezeh/Desktop/Zoomcamp-project/venv/lib/python3.11/site-packages/airflow/example_dags/example_time_delta_sensor_async.py
[2025-04-05T11:33:43.285+0100] {logging_mixin.py:188} INFO - [2025-04-05T11:33:43.285+0100] {dag.py:3096} INFO - Sync 1 DAGs
[2025-04-05T11:33:43.288+0100] {logging_mixin.py:188} INFO - [2025-04-05T11:33:43.288+0100] {dag.py:3954} INFO - Setting next_dagrun for example_time_delta_sensor_async to None, run_after=None
[2025-04-05T11:33:43.295+0100] {processor.py:183} INFO - Processing /Users/judeezeh/Desktop/Zoomcamp-project/venv/lib/python3.11/site-packages/airflow/example_dags/example_time_delta_sensor_async.py took 0.046 seconds
[2025-04-05T11:34:35.704+0100] {processor.py:161} INFO - Started process (PID=18436) to work on /Users/judeezeh/Desktop/Zoomcamp-project/venv/lib/python3.11/site-packages/airflow/example_dags/example_time_delta_sensor_async.py
[2025-04-05T11:34:35.705+0100] {processor.py:830} INFO - Processing file /Users/judeezeh/Desktop/Zoomcamp-project/venv/lib/python3.11/site-packages/airflow/example_dags/example_time_delta_sensor_async.py for tasks to queue
[2025-04-05T11:34:35.705+0100] {logging_mixin.py:188} INFO - [2025-04-05T11:34:35.705+0100] {dagbag.py:540} INFO - Filling up the DagBag from /Users/judeezeh/Desktop/Zoomcamp-project/venv/lib/python3.11/site-packages/airflow/example_dags/example_time_delta_sensor_async.py
[2025-04-05T11:34:35.708+0100] {processor.py:840} INFO - DAG(s) 'example_time_delta_sensor_async' retrieved from /Users/judeezeh/Desktop/Zoomcamp-project/venv/lib/python3.11/site-packages/airflow/example_dags/example_time_delta_sensor_async.py
[2025-04-05T11:34:35.738+0100] {logging_mixin.py:188} INFO - [2025-04-05T11:34:35.738+0100] {dag.py:3096} INFO - Sync 1 DAGs
[2025-04-05T11:34:35.741+0100] {logging_mixin.py:188} INFO - [2025-04-05T11:34:35.741+0100] {dag.py:3954} INFO - Setting next_dagrun for example_time_delta_sensor_async to None, run_after=None
[2025-04-05T11:34:35.748+0100] {processor.py:183} INFO - Processing /Users/judeezeh/Desktop/Zoomcamp-project/venv/lib/python3.11/site-packages/airflow/example_dags/example_time_delta_sensor_async.py took 0.045 seconds
[2025-04-05T11:36:12.462+0100] {processor.py:161} INFO - Started process (PID=18572) to work on /Users/judeezeh/Desktop/Zoomcamp-project/venv/lib/python3.11/site-packages/airflow/example_dags/example_time_delta_sensor_async.py
[2025-04-05T11:36:12.463+0100] {processor.py:830} INFO - Processing file /Users/judeezeh/Desktop/Zoomcamp-project/venv/lib/python3.11/site-packages/airflow/example_dags/example_time_delta_sensor_async.py for tasks to queue
[2025-04-05T11:36:12.463+0100] {logging_mixin.py:188} INFO - [2025-04-05T11:36:12.463+0100] {dagbag.py:540} INFO - Filling up the DagBag from /Users/judeezeh/Desktop/Zoomcamp-project/venv/lib/python3.11/site-packages/airflow/example_dags/example_time_delta_sensor_async.py
[2025-04-05T11:36:12.466+0100] {processor.py:840} INFO - DAG(s) 'example_time_delta_sensor_async' retrieved from /Users/judeezeh/Desktop/Zoomcamp-project/venv/lib/python3.11/site-packages/airflow/example_dags/example_time_delta_sensor_async.py
[2025-04-05T11:36:12.497+0100] {logging_mixin.py:188} INFO - [2025-04-05T11:36:12.497+0100] {dag.py:3096} INFO - Sync 1 DAGs
[2025-04-05T11:36:12.500+0100] {logging_mixin.py:188} INFO - [2025-04-05T11:36:12.500+0100] {dag.py:3954} INFO - Setting next_dagrun for example_time_delta_sensor_async to None, run_after=None
[2025-04-05T11:36:12.507+0100] {processor.py:183} INFO - Processing /Users/judeezeh/Desktop/Zoomcamp-project/venv/lib/python3.11/site-packages/airflow/example_dags/example_time_delta_sensor_async.py took 0.046 seconds
[2025-04-05T11:37:05.851+0100] {processor.py:161} INFO - Started process (PID=18655) to work on /Users/judeezeh/Desktop/Zoomcamp-project/venv/lib/python3.11/site-packages/airflow/example_dags/example_time_delta_sensor_async.py
[2025-04-05T11:37:05.851+0100] {processor.py:830} INFO - Processing file /Users/judeezeh/Desktop/Zoomcamp-project/venv/lib/python3.11/site-packages/airflow/example_dags/example_time_delta_sensor_async.py for tasks to queue
[2025-04-05T11:37:05.851+0100] {logging_mixin.py:188} INFO - [2025-04-05T11:37:05.851+0100] {dagbag.py:540} INFO - Filling up the DagBag from /Users/judeezeh/Desktop/Zoomcamp-project/venv/lib/python3.11/site-packages/airflow/example_dags/example_time_delta_sensor_async.py
[2025-04-05T11:37:05.855+0100] {processor.py:840} INFO - DAG(s) 'example_time_delta_sensor_async' retrieved from /Users/judeezeh/Desktop/Zoomcamp-project/venv/lib/python3.11/site-packages/airflow/example_dags/example_time_delta_sensor_async.py
[2025-04-05T11:37:05.887+0100] {logging_mixin.py:188} INFO - [2025-04-05T11:37:05.887+0100] {dag.py:3096} INFO - Sync 1 DAGs
[2025-04-05T11:37:05.890+0100] {logging_mixin.py:188} INFO - [2025-04-05T11:37:05.890+0100] {dag.py:3954} INFO - Setting next_dagrun for example_time_delta_sensor_async to None, run_after=None
[2025-04-05T11:37:05.897+0100] {processor.py:183} INFO - Processing /Users/judeezeh/Desktop/Zoomcamp-project/venv/lib/python3.11/site-packages/airflow/example_dags/example_time_delta_sensor_async.py took 0.048 seconds
[2025-04-05T11:38:38.069+0100] {processor.py:161} INFO - Started process (PID=18802) to work on /Users/judeezeh/Desktop/Zoomcamp-project/venv/lib/python3.11/site-packages/airflow/example_dags/example_time_delta_sensor_async.py
[2025-04-05T11:38:38.070+0100] {processor.py:830} INFO - Processing file /Users/judeezeh/Desktop/Zoomcamp-project/venv/lib/python3.11/site-packages/airflow/example_dags/example_time_delta_sensor_async.py for tasks to queue
[2025-04-05T11:38:38.070+0100] {logging_mixin.py:188} INFO - [2025-04-05T11:38:38.070+0100] {dagbag.py:540} INFO - Filling up the DagBag from /Users/judeezeh/Desktop/Zoomcamp-project/venv/lib/python3.11/site-packages/airflow/example_dags/example_time_delta_sensor_async.py
[2025-04-05T11:38:38.073+0100] {processor.py:840} INFO - DAG(s) 'example_time_delta_sensor_async' retrieved from /Users/judeezeh/Desktop/Zoomcamp-project/venv/lib/python3.11/site-packages/airflow/example_dags/example_time_delta_sensor_async.py
[2025-04-05T11:38:38.103+0100] {logging_mixin.py:188} INFO - [2025-04-05T11:38:38.103+0100] {dag.py:3096} INFO - Sync 1 DAGs
[2025-04-05T11:38:38.106+0100] {logging_mixin.py:188} INFO - [2025-04-05T11:38:38.106+0100] {dag.py:3954} INFO - Setting next_dagrun for example_time_delta_sensor_async to None, run_after=None
[2025-04-05T11:38:38.113+0100] {processor.py:183} INFO - Processing /Users/judeezeh/Desktop/Zoomcamp-project/venv/lib/python3.11/site-packages/airflow/example_dags/example_time_delta_sensor_async.py took 0.045 seconds
[2025-04-05T11:39:57.984+0100] {processor.py:161} INFO - Started process (PID=18927) to work on /Users/judeezeh/Desktop/Zoomcamp-project/venv/lib/python3.11/site-packages/airflow/example_dags/example_time_delta_sensor_async.py
[2025-04-05T11:39:57.985+0100] {processor.py:830} INFO - Processing file /Users/judeezeh/Desktop/Zoomcamp-project/venv/lib/python3.11/site-packages/airflow/example_dags/example_time_delta_sensor_async.py for tasks to queue
[2025-04-05T11:39:57.985+0100] {logging_mixin.py:188} INFO - [2025-04-05T11:39:57.985+0100] {dagbag.py:540} INFO - Filling up the DagBag from /Users/judeezeh/Desktop/Zoomcamp-project/venv/lib/python3.11/site-packages/airflow/example_dags/example_time_delta_sensor_async.py
[2025-04-05T11:39:57.987+0100] {processor.py:840} INFO - DAG(s) 'example_time_delta_sensor_async' retrieved from /Users/judeezeh/Desktop/Zoomcamp-project/venv/lib/python3.11/site-packages/airflow/example_dags/example_time_delta_sensor_async.py
[2025-04-05T11:39:58.018+0100] {logging_mixin.py:188} INFO - [2025-04-05T11:39:58.018+0100] {dag.py:3096} INFO - Sync 1 DAGs
[2025-04-05T11:39:58.021+0100] {logging_mixin.py:188} INFO - [2025-04-05T11:39:58.021+0100] {dag.py:3954} INFO - Setting next_dagrun for example_time_delta_sensor_async to None, run_after=None
[2025-04-05T11:39:58.028+0100] {processor.py:183} INFO - Processing /Users/judeezeh/Desktop/Zoomcamp-project/venv/lib/python3.11/site-packages/airflow/example_dags/example_time_delta_sensor_async.py took 0.045 seconds
[2025-04-05T11:41:31.861+0100] {processor.py:161} INFO - Started process (PID=19106) to work on /Users/judeezeh/Desktop/Zoomcamp-project/venv/lib/python3.11/site-packages/airflow/example_dags/example_time_delta_sensor_async.py
[2025-04-05T11:41:31.862+0100] {processor.py:830} INFO - Processing file /Users/judeezeh/Desktop/Zoomcamp-project/venv/lib/python3.11/site-packages/airflow/example_dags/example_time_delta_sensor_async.py for tasks to queue
[2025-04-05T11:41:31.862+0100] {logging_mixin.py:188} INFO - [2025-04-05T11:41:31.862+0100] {dagbag.py:540} INFO - Filling up the DagBag from /Users/judeezeh/Desktop/Zoomcamp-project/venv/lib/python3.11/site-packages/airflow/example_dags/example_time_delta_sensor_async.py
[2025-04-05T11:41:31.865+0100] {processor.py:840} INFO - DAG(s) 'example_time_delta_sensor_async' retrieved from /Users/judeezeh/Desktop/Zoomcamp-project/venv/lib/python3.11/site-packages/airflow/example_dags/example_time_delta_sensor_async.py
[2025-04-05T11:41:31.895+0100] {logging_mixin.py:188} INFO - [2025-04-05T11:41:31.895+0100] {dag.py:3096} INFO - Sync 1 DAGs
[2025-04-05T11:41:31.898+0100] {logging_mixin.py:188} INFO - [2025-04-05T11:41:31.898+0100] {dag.py:3954} INFO - Setting next_dagrun for example_time_delta_sensor_async to None, run_after=None
[2025-04-05T11:41:31.904+0100] {processor.py:183} INFO - Processing /Users/judeezeh/Desktop/Zoomcamp-project/venv/lib/python3.11/site-packages/airflow/example_dags/example_time_delta_sensor_async.py took 0.045 seconds
