[2025-04-05T11:15:56.034+0100] {processor.py:161} INFO - Started process (PID=16765) to work on /Users/judeezeh/Desktop/Zoomcamp-project/venv/lib/python3.11/site-packages/airflow/example_dags/example_datasets.py
[2025-04-05T11:15:56.034+0100] {processor.py:830} INFO - Processing file /Users/judeezeh/Desktop/Zoomcamp-project/venv/lib/python3.11/site-packages/airflow/example_dags/example_datasets.py for tasks to queue
[2025-04-05T11:15:56.035+0100] {logging_mixin.py:188} INFO - [2025-04-05T11:15:56.034+0100] {dagbag.py:540} INFO - Filling up the DagBag from /Users/judeezeh/Desktop/Zoomcamp-project/venv/lib/python3.11/site-packages/airflow/example_dags/example_datasets.py
[2025-04-05T11:15:56.057+0100] {processor.py:840} INFO - DAG(s) 'dataset_consumes_1_and_2', 'consume_1_or_both_2_and_3_with_dataset_expressions', 'dataset_produces_1', 'dataset_consumes_1', 'dataset_consumes_1_never_scheduled', 'consume_1_or_2_with_dataset_expressions', 'dataset_produces_2', 'consume_1_and_2_with_dataset_expressions', 'conditional_dataset_and_time_based_timetable', 'dataset_consumes_unknown_never_scheduled' retrieved from /Users/judeezeh/Desktop/Zoomcamp-project/venv/lib/python3.11/site-packages/airflow/example_dags/example_datasets.py
[2025-04-05T11:15:56.139+0100] {logging_mixin.py:188} INFO - [2025-04-05T11:15:56.138+0100] {override.py:1930} INFO - Created Permission View: can delete on DAG:dataset_consumes_1_and_2
[2025-04-05T11:15:56.141+0100] {logging_mixin.py:188} INFO - [2025-04-05T11:15:56.141+0100] {override.py:1930} INFO - Created Permission View: can edit on DAG:dataset_consumes_1_and_2
[2025-04-05T11:15:56.143+0100] {logging_mixin.py:188} INFO - [2025-04-05T11:15:56.143+0100] {override.py:1930} INFO - Created Permission View: can read on DAG:dataset_consumes_1_and_2
[2025-04-05T11:15:56.147+0100] {logging_mixin.py:188} INFO - [2025-04-05T11:15:56.147+0100] {override.py:1930} INFO - Created Permission View: can delete on DAG:consume_1_or_both_2_and_3_with_dataset_expressions
[2025-04-05T11:15:56.148+0100] {logging_mixin.py:188} INFO - [2025-04-05T11:15:56.148+0100] {override.py:1930} INFO - Created Permission View: can edit on DAG:consume_1_or_both_2_and_3_with_dataset_expressions
[2025-04-05T11:15:56.150+0100] {logging_mixin.py:188} INFO - [2025-04-05T11:15:56.150+0100] {override.py:1930} INFO - Created Permission View: can read on DAG:consume_1_or_both_2_and_3_with_dataset_expressions
[2025-04-05T11:15:56.153+0100] {logging_mixin.py:188} INFO - [2025-04-05T11:15:56.153+0100] {override.py:1930} INFO - Created Permission View: can delete on DAG:dataset_produces_1
[2025-04-05T11:15:56.154+0100] {logging_mixin.py:188} INFO - [2025-04-05T11:15:56.154+0100] {override.py:1930} INFO - Created Permission View: can edit on DAG:dataset_produces_1
[2025-04-05T11:15:56.156+0100] {logging_mixin.py:188} INFO - [2025-04-05T11:15:56.156+0100] {override.py:1930} INFO - Created Permission View: can read on DAG:dataset_produces_1
[2025-04-05T11:15:56.159+0100] {logging_mixin.py:188} INFO - [2025-04-05T11:15:56.159+0100] {override.py:1930} INFO - Created Permission View: can delete on DAG:dataset_consumes_1
[2025-04-05T11:15:56.161+0100] {logging_mixin.py:188} INFO - [2025-04-05T11:15:56.161+0100] {override.py:1930} INFO - Created Permission View: can edit on DAG:dataset_consumes_1
[2025-04-05T11:15:56.162+0100] {logging_mixin.py:188} INFO - [2025-04-05T11:15:56.162+0100] {override.py:1930} INFO - Created Permission View: can read on DAG:dataset_consumes_1
[2025-04-05T11:15:56.165+0100] {logging_mixin.py:188} INFO - [2025-04-05T11:15:56.165+0100] {override.py:1930} INFO - Created Permission View: can delete on DAG:dataset_consumes_1_never_scheduled
[2025-04-05T11:15:56.167+0100] {logging_mixin.py:188} INFO - [2025-04-05T11:15:56.167+0100] {override.py:1930} INFO - Created Permission View: can edit on DAG:dataset_consumes_1_never_scheduled
[2025-04-05T11:15:56.168+0100] {logging_mixin.py:188} INFO - [2025-04-05T11:15:56.168+0100] {override.py:1930} INFO - Created Permission View: can read on DAG:dataset_consumes_1_never_scheduled
[2025-04-05T11:15:56.171+0100] {logging_mixin.py:188} INFO - [2025-04-05T11:15:56.171+0100] {override.py:1930} INFO - Created Permission View: can delete on DAG:consume_1_or_2_with_dataset_expressions
[2025-04-05T11:15:56.173+0100] {logging_mixin.py:188} INFO - [2025-04-05T11:15:56.173+0100] {override.py:1930} INFO - Created Permission View: can edit on DAG:consume_1_or_2_with_dataset_expressions
[2025-04-05T11:15:56.174+0100] {logging_mixin.py:188} INFO - [2025-04-05T11:15:56.174+0100] {override.py:1930} INFO - Created Permission View: can read on DAG:consume_1_or_2_with_dataset_expressions
[2025-04-05T11:15:56.178+0100] {logging_mixin.py:188} INFO - [2025-04-05T11:15:56.178+0100] {override.py:1930} INFO - Created Permission View: can delete on DAG:dataset_produces_2
[2025-04-05T11:15:56.179+0100] {logging_mixin.py:188} INFO - [2025-04-05T11:15:56.179+0100] {override.py:1930} INFO - Created Permission View: can edit on DAG:dataset_produces_2
[2025-04-05T11:15:56.181+0100] {logging_mixin.py:188} INFO - [2025-04-05T11:15:56.181+0100] {override.py:1930} INFO - Created Permission View: can read on DAG:dataset_produces_2
[2025-04-05T11:15:56.184+0100] {logging_mixin.py:188} INFO - [2025-04-05T11:15:56.184+0100] {override.py:1930} INFO - Created Permission View: can delete on DAG:consume_1_and_2_with_dataset_expressions
[2025-04-05T11:15:56.186+0100] {logging_mixin.py:188} INFO - [2025-04-05T11:15:56.186+0100] {override.py:1930} INFO - Created Permission View: can edit on DAG:consume_1_and_2_with_dataset_expressions
[2025-04-05T11:15:56.187+0100] {logging_mixin.py:188} INFO - [2025-04-05T11:15:56.187+0100] {override.py:1930} INFO - Created Permission View: can read on DAG:consume_1_and_2_with_dataset_expressions
[2025-04-05T11:15:56.190+0100] {logging_mixin.py:188} INFO - [2025-04-05T11:15:56.190+0100] {override.py:1930} INFO - Created Permission View: can delete on DAG:conditional_dataset_and_time_based_timetable
[2025-04-05T11:15:56.192+0100] {logging_mixin.py:188} INFO - [2025-04-05T11:15:56.192+0100] {override.py:1930} INFO - Created Permission View: can edit on DAG:conditional_dataset_and_time_based_timetable
[2025-04-05T11:15:56.193+0100] {logging_mixin.py:188} INFO - [2025-04-05T11:15:56.193+0100] {override.py:1930} INFO - Created Permission View: can read on DAG:conditional_dataset_and_time_based_timetable
[2025-04-05T11:15:56.197+0100] {logging_mixin.py:188} INFO - [2025-04-05T11:15:56.197+0100] {override.py:1930} INFO - Created Permission View: can delete on DAG:dataset_consumes_unknown_never_scheduled
[2025-04-05T11:15:56.198+0100] {logging_mixin.py:188} INFO - [2025-04-05T11:15:56.198+0100] {override.py:1930} INFO - Created Permission View: can edit on DAG:dataset_consumes_unknown_never_scheduled
[2025-04-05T11:15:56.199+0100] {logging_mixin.py:188} INFO - [2025-04-05T11:15:56.199+0100] {override.py:1930} INFO - Created Permission View: can read on DAG:dataset_consumes_unknown_never_scheduled
[2025-04-05T11:15:56.199+0100] {logging_mixin.py:188} INFO - [2025-04-05T11:15:56.199+0100] {dag.py:3096} INFO - Sync 10 DAGs
[2025-04-05T11:15:56.202+0100] {logging_mixin.py:188} INFO - [2025-04-05T11:15:56.202+0100] {dag.py:3118} INFO - Creating ORM DAG for dataset_produces_2
[2025-04-05T11:15:56.203+0100] {logging_mixin.py:188} INFO - [2025-04-05T11:15:56.203+0100] {dag.py:3118} INFO - Creating ORM DAG for dataset_consumes_1_and_2
[2025-04-05T11:15:56.203+0100] {logging_mixin.py:188} INFO - [2025-04-05T11:15:56.203+0100] {dag.py:3118} INFO - Creating ORM DAG for dataset_consumes_1_never_scheduled
[2025-04-05T11:15:56.203+0100] {logging_mixin.py:188} INFO - [2025-04-05T11:15:56.203+0100] {dag.py:3118} INFO - Creating ORM DAG for conditional_dataset_and_time_based_timetable
[2025-04-05T11:15:56.203+0100] {logging_mixin.py:188} INFO - [2025-04-05T11:15:56.203+0100] {dag.py:3118} INFO - Creating ORM DAG for dataset_consumes_unknown_never_scheduled
[2025-04-05T11:15:56.203+0100] {logging_mixin.py:188} INFO - [2025-04-05T11:15:56.203+0100] {dag.py:3118} INFO - Creating ORM DAG for consume_1_or_2_with_dataset_expressions
[2025-04-05T11:15:56.203+0100] {logging_mixin.py:188} INFO - [2025-04-05T11:15:56.203+0100] {dag.py:3118} INFO - Creating ORM DAG for consume_1_or_both_2_and_3_with_dataset_expressions
[2025-04-05T11:15:56.203+0100] {logging_mixin.py:188} INFO - [2025-04-05T11:15:56.203+0100] {dag.py:3118} INFO - Creating ORM DAG for consume_1_and_2_with_dataset_expressions
[2025-04-05T11:15:56.203+0100] {logging_mixin.py:188} INFO - [2025-04-05T11:15:56.203+0100] {dag.py:3118} INFO - Creating ORM DAG for dataset_consumes_1
[2025-04-05T11:15:56.203+0100] {logging_mixin.py:188} INFO - [2025-04-05T11:15:56.203+0100] {dag.py:3118} INFO - Creating ORM DAG for dataset_produces_1
[2025-04-05T11:15:56.206+0100] {logging_mixin.py:188} INFO - [2025-04-05T11:15:56.206+0100] {dag.py:3954} INFO - Setting next_dagrun for conditional_dataset_and_time_based_timetable to 2025-04-02T01:00:00+00:00, run_after=2025-04-02T01:00:00+00:00
[2025-04-05T11:15:56.206+0100] {logging_mixin.py:188} INFO - [2025-04-05T11:15:56.206+0100] {dag.py:3954} INFO - Setting next_dagrun for consume_1_and_2_with_dataset_expressions to None, run_after=None
[2025-04-05T11:15:56.206+0100] {logging_mixin.py:188} INFO - [2025-04-05T11:15:56.206+0100] {dag.py:3954} INFO - Setting next_dagrun for consume_1_or_2_with_dataset_expressions to None, run_after=None
[2025-04-05T11:15:56.206+0100] {logging_mixin.py:188} INFO - [2025-04-05T11:15:56.206+0100] {dag.py:3954} INFO - Setting next_dagrun for consume_1_or_both_2_and_3_with_dataset_expressions to None, run_after=None
[2025-04-05T11:15:56.206+0100] {logging_mixin.py:188} INFO - [2025-04-05T11:15:56.206+0100] {dag.py:3954} INFO - Setting next_dagrun for dataset_consumes_1 to None, run_after=None
[2025-04-05T11:15:56.206+0100] {logging_mixin.py:188} INFO - [2025-04-05T11:15:56.206+0100] {dag.py:3954} INFO - Setting next_dagrun for dataset_consumes_1_and_2 to None, run_after=None
[2025-04-05T11:15:56.207+0100] {logging_mixin.py:188} INFO - [2025-04-05T11:15:56.207+0100] {dag.py:3954} INFO - Setting next_dagrun for dataset_consumes_1_never_scheduled to None, run_after=None
[2025-04-05T11:15:56.207+0100] {logging_mixin.py:188} INFO - [2025-04-05T11:15:56.207+0100] {dag.py:3954} INFO - Setting next_dagrun for dataset_consumes_unknown_never_scheduled to None, run_after=None
[2025-04-05T11:15:56.207+0100] {logging_mixin.py:188} INFO - [2025-04-05T11:15:56.207+0100] {dag.py:3954} INFO - Setting next_dagrun for dataset_produces_1 to 2025-04-04T00:00:00+00:00, run_after=2025-04-05T00:00:00+00:00
[2025-04-05T11:15:56.207+0100] {logging_mixin.py:188} INFO - [2025-04-05T11:15:56.207+0100] {dag.py:3954} INFO - Setting next_dagrun for dataset_produces_2 to None, run_after=None
[2025-04-05T11:15:56.218+0100] {processor.py:183} INFO - Processing /Users/judeezeh/Desktop/Zoomcamp-project/venv/lib/python3.11/site-packages/airflow/example_dags/example_datasets.py took 0.185 seconds
[2025-04-05T11:17:29.713+0100] {processor.py:161} INFO - Started process (PID=16921) to work on /Users/judeezeh/Desktop/Zoomcamp-project/venv/lib/python3.11/site-packages/airflow/example_dags/example_datasets.py
[2025-04-05T11:17:29.713+0100] {processor.py:830} INFO - Processing file /Users/judeezeh/Desktop/Zoomcamp-project/venv/lib/python3.11/site-packages/airflow/example_dags/example_datasets.py for tasks to queue
[2025-04-05T11:17:29.713+0100] {logging_mixin.py:188} INFO - [2025-04-05T11:17:29.713+0100] {dagbag.py:540} INFO - Filling up the DagBag from /Users/judeezeh/Desktop/Zoomcamp-project/venv/lib/python3.11/site-packages/airflow/example_dags/example_datasets.py
[2025-04-05T11:17:29.729+0100] {processor.py:840} INFO - DAG(s) 'dataset_consumes_1_and_2', 'dataset_consumes_unknown_never_scheduled', 'consume_1_or_2_with_dataset_expressions', 'dataset_produces_2', 'dataset_consumes_1_never_scheduled', 'dataset_produces_1', 'dataset_consumes_1', 'consume_1_or_both_2_and_3_with_dataset_expressions', 'consume_1_and_2_with_dataset_expressions', 'conditional_dataset_and_time_based_timetable' retrieved from /Users/judeezeh/Desktop/Zoomcamp-project/venv/lib/python3.11/site-packages/airflow/example_dags/example_datasets.py
[2025-04-05T11:17:29.764+0100] {logging_mixin.py:188} INFO - [2025-04-05T11:17:29.764+0100] {dag.py:3096} INFO - Sync 10 DAGs
[2025-04-05T11:17:29.770+0100] {logging_mixin.py:188} INFO - [2025-04-05T11:17:29.770+0100] {dag.py:3954} INFO - Setting next_dagrun for conditional_dataset_and_time_based_timetable to 2025-04-02T01:00:00+00:00, run_after=2025-04-02T01:00:00+00:00
[2025-04-05T11:17:29.771+0100] {logging_mixin.py:188} INFO - [2025-04-05T11:17:29.771+0100] {dag.py:3954} INFO - Setting next_dagrun for consume_1_and_2_with_dataset_expressions to None, run_after=None
[2025-04-05T11:17:29.771+0100] {logging_mixin.py:188} INFO - [2025-04-05T11:17:29.771+0100] {dag.py:3954} INFO - Setting next_dagrun for consume_1_or_2_with_dataset_expressions to None, run_after=None
[2025-04-05T11:17:29.771+0100] {logging_mixin.py:188} INFO - [2025-04-05T11:17:29.771+0100] {dag.py:3954} INFO - Setting next_dagrun for consume_1_or_both_2_and_3_with_dataset_expressions to None, run_after=None
[2025-04-05T11:17:29.771+0100] {logging_mixin.py:188} INFO - [2025-04-05T11:17:29.771+0100] {dag.py:3954} INFO - Setting next_dagrun for dataset_consumes_1 to None, run_after=None
[2025-04-05T11:17:29.772+0100] {logging_mixin.py:188} INFO - [2025-04-05T11:17:29.772+0100] {dag.py:3954} INFO - Setting next_dagrun for dataset_consumes_1_and_2 to None, run_after=None
[2025-04-05T11:17:29.772+0100] {logging_mixin.py:188} INFO - [2025-04-05T11:17:29.772+0100] {dag.py:3954} INFO - Setting next_dagrun for dataset_consumes_1_never_scheduled to None, run_after=None
[2025-04-05T11:17:29.772+0100] {logging_mixin.py:188} INFO - [2025-04-05T11:17:29.772+0100] {dag.py:3954} INFO - Setting next_dagrun for dataset_consumes_unknown_never_scheduled to None, run_after=None
[2025-04-05T11:17:29.773+0100] {logging_mixin.py:188} INFO - [2025-04-05T11:17:29.773+0100] {dag.py:3954} INFO - Setting next_dagrun for dataset_produces_1 to 2025-04-04T00:00:00+00:00, run_after=2025-04-05T00:00:00+00:00
[2025-04-05T11:17:29.773+0100] {logging_mixin.py:188} INFO - [2025-04-05T11:17:29.773+0100] {dag.py:3954} INFO - Setting next_dagrun for dataset_produces_2 to None, run_after=None
[2025-04-05T11:17:29.782+0100] {processor.py:183} INFO - Processing /Users/judeezeh/Desktop/Zoomcamp-project/venv/lib/python3.11/site-packages/airflow/example_dags/example_datasets.py took 0.070 seconds
[2025-04-05T11:19:57.334+0100] {processor.py:161} INFO - Started process (PID=17177) to work on /Users/judeezeh/Desktop/Zoomcamp-project/venv/lib/python3.11/site-packages/airflow/example_dags/example_datasets.py
[2025-04-05T11:19:57.335+0100] {processor.py:830} INFO - Processing file /Users/judeezeh/Desktop/Zoomcamp-project/venv/lib/python3.11/site-packages/airflow/example_dags/example_datasets.py for tasks to queue
[2025-04-05T11:19:57.335+0100] {logging_mixin.py:188} INFO - [2025-04-05T11:19:57.335+0100] {dagbag.py:540} INFO - Filling up the DagBag from /Users/judeezeh/Desktop/Zoomcamp-project/venv/lib/python3.11/site-packages/airflow/example_dags/example_datasets.py
[2025-04-05T11:19:57.360+0100] {processor.py:840} INFO - DAG(s) 'dataset_consumes_1_and_2', 'consume_1_and_2_with_dataset_expressions', 'consume_1_or_2_with_dataset_expressions', 'consume_1_or_both_2_and_3_with_dataset_expressions', 'conditional_dataset_and_time_based_timetable', 'dataset_consumes_unknown_never_scheduled', 'dataset_consumes_1_never_scheduled', 'dataset_consumes_1', 'dataset_produces_2', 'dataset_produces_1' retrieved from /Users/judeezeh/Desktop/Zoomcamp-project/venv/lib/python3.11/site-packages/airflow/example_dags/example_datasets.py
[2025-04-05T11:19:57.397+0100] {logging_mixin.py:188} INFO - [2025-04-05T11:19:57.396+0100] {dag.py:3096} INFO - Sync 10 DAGs
[2025-04-05T11:19:57.403+0100] {logging_mixin.py:188} INFO - [2025-04-05T11:19:57.403+0100] {dag.py:3954} INFO - Setting next_dagrun for conditional_dataset_and_time_based_timetable to 2025-04-02T01:00:00+00:00, run_after=2025-04-02T01:00:00+00:00
[2025-04-05T11:19:57.404+0100] {logging_mixin.py:188} INFO - [2025-04-05T11:19:57.404+0100] {dag.py:3954} INFO - Setting next_dagrun for consume_1_and_2_with_dataset_expressions to None, run_after=None
[2025-04-05T11:19:57.404+0100] {logging_mixin.py:188} INFO - [2025-04-05T11:19:57.404+0100] {dag.py:3954} INFO - Setting next_dagrun for consume_1_or_2_with_dataset_expressions to None, run_after=None
[2025-04-05T11:19:57.404+0100] {logging_mixin.py:188} INFO - [2025-04-05T11:19:57.404+0100] {dag.py:3954} INFO - Setting next_dagrun for consume_1_or_both_2_and_3_with_dataset_expressions to None, run_after=None
[2025-04-05T11:19:57.405+0100] {logging_mixin.py:188} INFO - [2025-04-05T11:19:57.405+0100] {dag.py:3954} INFO - Setting next_dagrun for dataset_consumes_1 to None, run_after=None
[2025-04-05T11:19:57.405+0100] {logging_mixin.py:188} INFO - [2025-04-05T11:19:57.405+0100] {dag.py:3954} INFO - Setting next_dagrun for dataset_consumes_1_and_2 to None, run_after=None
[2025-04-05T11:19:57.405+0100] {logging_mixin.py:188} INFO - [2025-04-05T11:19:57.405+0100] {dag.py:3954} INFO - Setting next_dagrun for dataset_consumes_1_never_scheduled to None, run_after=None
[2025-04-05T11:19:57.405+0100] {logging_mixin.py:188} INFO - [2025-04-05T11:19:57.405+0100] {dag.py:3954} INFO - Setting next_dagrun for dataset_consumes_unknown_never_scheduled to None, run_after=None
[2025-04-05T11:19:57.406+0100] {logging_mixin.py:188} INFO - [2025-04-05T11:19:57.406+0100] {dag.py:3954} INFO - Setting next_dagrun for dataset_produces_1 to 2025-04-04T00:00:00+00:00, run_after=2025-04-05T00:00:00+00:00
[2025-04-05T11:19:57.406+0100] {logging_mixin.py:188} INFO - [2025-04-05T11:19:57.406+0100] {dag.py:3954} INFO - Setting next_dagrun for dataset_produces_2 to None, run_after=None
[2025-04-05T11:19:57.415+0100] {processor.py:183} INFO - Processing /Users/judeezeh/Desktop/Zoomcamp-project/venv/lib/python3.11/site-packages/airflow/example_dags/example_datasets.py took 0.081 seconds
[2025-04-05T11:21:53.243+0100] {processor.py:161} INFO - Started process (PID=17343) to work on /Users/judeezeh/Desktop/Zoomcamp-project/venv/lib/python3.11/site-packages/airflow/example_dags/example_datasets.py
[2025-04-05T11:21:53.244+0100] {processor.py:830} INFO - Processing file /Users/judeezeh/Desktop/Zoomcamp-project/venv/lib/python3.11/site-packages/airflow/example_dags/example_datasets.py for tasks to queue
[2025-04-05T11:21:53.244+0100] {logging_mixin.py:188} INFO - [2025-04-05T11:21:53.244+0100] {dagbag.py:540} INFO - Filling up the DagBag from /Users/judeezeh/Desktop/Zoomcamp-project/venv/lib/python3.11/site-packages/airflow/example_dags/example_datasets.py
[2025-04-05T11:21:53.269+0100] {processor.py:840} INFO - DAG(s) 'dataset_consumes_1_and_2', 'conditional_dataset_and_time_based_timetable', 'dataset_consumes_unknown_never_scheduled', 'dataset_consumes_1_never_scheduled', 'consume_1_or_2_with_dataset_expressions', 'consume_1_or_both_2_and_3_with_dataset_expressions', 'dataset_produces_2', 'consume_1_and_2_with_dataset_expressions', 'dataset_consumes_1', 'dataset_produces_1' retrieved from /Users/judeezeh/Desktop/Zoomcamp-project/venv/lib/python3.11/site-packages/airflow/example_dags/example_datasets.py
[2025-04-05T11:21:53.305+0100] {logging_mixin.py:188} INFO - [2025-04-05T11:21:53.305+0100] {dag.py:3096} INFO - Sync 10 DAGs
[2025-04-05T11:21:53.313+0100] {logging_mixin.py:188} INFO - [2025-04-05T11:21:53.313+0100] {dag.py:3954} INFO - Setting next_dagrun for conditional_dataset_and_time_based_timetable to 2025-04-02T01:00:00+00:00, run_after=2025-04-02T01:00:00+00:00
[2025-04-05T11:21:53.314+0100] {logging_mixin.py:188} INFO - [2025-04-05T11:21:53.314+0100] {dag.py:3954} INFO - Setting next_dagrun for consume_1_and_2_with_dataset_expressions to None, run_after=None
[2025-04-05T11:21:53.314+0100] {logging_mixin.py:188} INFO - [2025-04-05T11:21:53.314+0100] {dag.py:3954} INFO - Setting next_dagrun for consume_1_or_2_with_dataset_expressions to None, run_after=None
[2025-04-05T11:21:53.314+0100] {logging_mixin.py:188} INFO - [2025-04-05T11:21:53.314+0100] {dag.py:3954} INFO - Setting next_dagrun for consume_1_or_both_2_and_3_with_dataset_expressions to None, run_after=None
[2025-04-05T11:21:53.315+0100] {logging_mixin.py:188} INFO - [2025-04-05T11:21:53.315+0100] {dag.py:3954} INFO - Setting next_dagrun for dataset_consumes_1 to None, run_after=None
[2025-04-05T11:21:53.315+0100] {logging_mixin.py:188} INFO - [2025-04-05T11:21:53.315+0100] {dag.py:3954} INFO - Setting next_dagrun for dataset_consumes_1_and_2 to None, run_after=None
[2025-04-05T11:21:53.315+0100] {logging_mixin.py:188} INFO - [2025-04-05T11:21:53.315+0100] {dag.py:3954} INFO - Setting next_dagrun for dataset_consumes_1_never_scheduled to None, run_after=None
[2025-04-05T11:21:53.315+0100] {logging_mixin.py:188} INFO - [2025-04-05T11:21:53.315+0100] {dag.py:3954} INFO - Setting next_dagrun for dataset_consumes_unknown_never_scheduled to None, run_after=None
[2025-04-05T11:21:53.316+0100] {logging_mixin.py:188} INFO - [2025-04-05T11:21:53.316+0100] {dag.py:3954} INFO - Setting next_dagrun for dataset_produces_1 to 2025-04-04T00:00:00+00:00, run_after=2025-04-05T00:00:00+00:00
[2025-04-05T11:21:53.316+0100] {logging_mixin.py:188} INFO - [2025-04-05T11:21:53.316+0100] {dag.py:3954} INFO - Setting next_dagrun for dataset_produces_2 to None, run_after=None
[2025-04-05T11:21:53.326+0100] {processor.py:183} INFO - Processing /Users/judeezeh/Desktop/Zoomcamp-project/venv/lib/python3.11/site-packages/airflow/example_dags/example_datasets.py took 0.084 seconds
[2025-04-05T11:23:33.101+0100] {processor.py:161} INFO - Started process (PID=17487) to work on /Users/judeezeh/Desktop/Zoomcamp-project/venv/lib/python3.11/site-packages/airflow/example_dags/example_datasets.py
[2025-04-05T11:23:33.102+0100] {processor.py:830} INFO - Processing file /Users/judeezeh/Desktop/Zoomcamp-project/venv/lib/python3.11/site-packages/airflow/example_dags/example_datasets.py for tasks to queue
[2025-04-05T11:23:33.102+0100] {logging_mixin.py:188} INFO - [2025-04-05T11:23:33.102+0100] {dagbag.py:540} INFO - Filling up the DagBag from /Users/judeezeh/Desktop/Zoomcamp-project/venv/lib/python3.11/site-packages/airflow/example_dags/example_datasets.py
[2025-04-05T11:23:33.126+0100] {processor.py:840} INFO - DAG(s) 'dataset_produces_2', 'consume_1_or_both_2_and_3_with_dataset_expressions', 'dataset_consumes_1_never_scheduled', 'consume_1_and_2_with_dataset_expressions', 'dataset_consumes_1', 'dataset_consumes_1_and_2', 'conditional_dataset_and_time_based_timetable', 'dataset_consumes_unknown_never_scheduled', 'dataset_produces_1', 'consume_1_or_2_with_dataset_expressions' retrieved from /Users/judeezeh/Desktop/Zoomcamp-project/venv/lib/python3.11/site-packages/airflow/example_dags/example_datasets.py
[2025-04-05T11:23:33.161+0100] {logging_mixin.py:188} INFO - [2025-04-05T11:23:33.161+0100] {dag.py:3096} INFO - Sync 10 DAGs
[2025-04-05T11:23:33.167+0100] {logging_mixin.py:188} INFO - [2025-04-05T11:23:33.167+0100] {dag.py:3954} INFO - Setting next_dagrun for conditional_dataset_and_time_based_timetable to 2025-04-02T01:00:00+00:00, run_after=2025-04-02T01:00:00+00:00
[2025-04-05T11:23:33.168+0100] {logging_mixin.py:188} INFO - [2025-04-05T11:23:33.168+0100] {dag.py:3954} INFO - Setting next_dagrun for consume_1_and_2_with_dataset_expressions to None, run_after=None
[2025-04-05T11:23:33.168+0100] {logging_mixin.py:188} INFO - [2025-04-05T11:23:33.168+0100] {dag.py:3954} INFO - Setting next_dagrun for consume_1_or_2_with_dataset_expressions to None, run_after=None
[2025-04-05T11:23:33.169+0100] {logging_mixin.py:188} INFO - [2025-04-05T11:23:33.169+0100] {dag.py:3954} INFO - Setting next_dagrun for consume_1_or_both_2_and_3_with_dataset_expressions to None, run_after=None
[2025-04-05T11:23:33.169+0100] {logging_mixin.py:188} INFO - [2025-04-05T11:23:33.169+0100] {dag.py:3954} INFO - Setting next_dagrun for dataset_consumes_1 to None, run_after=None
[2025-04-05T11:23:33.169+0100] {logging_mixin.py:188} INFO - [2025-04-05T11:23:33.169+0100] {dag.py:3954} INFO - Setting next_dagrun for dataset_consumes_1_and_2 to None, run_after=None
[2025-04-05T11:23:33.169+0100] {logging_mixin.py:188} INFO - [2025-04-05T11:23:33.169+0100] {dag.py:3954} INFO - Setting next_dagrun for dataset_consumes_1_never_scheduled to None, run_after=None
[2025-04-05T11:23:33.169+0100] {logging_mixin.py:188} INFO - [2025-04-05T11:23:33.169+0100] {dag.py:3954} INFO - Setting next_dagrun for dataset_consumes_unknown_never_scheduled to None, run_after=None
[2025-04-05T11:23:33.170+0100] {logging_mixin.py:188} INFO - [2025-04-05T11:23:33.170+0100] {dag.py:3954} INFO - Setting next_dagrun for dataset_produces_1 to 2025-04-04T00:00:00+00:00, run_after=2025-04-05T00:00:00+00:00
[2025-04-05T11:23:33.170+0100] {logging_mixin.py:188} INFO - [2025-04-05T11:23:33.170+0100] {dag.py:3954} INFO - Setting next_dagrun for dataset_produces_2 to None, run_after=None
[2025-04-05T11:23:33.179+0100] {processor.py:183} INFO - Processing /Users/judeezeh/Desktop/Zoomcamp-project/venv/lib/python3.11/site-packages/airflow/example_dags/example_datasets.py took 0.078 seconds
[2025-04-05T11:25:15.294+0100] {processor.py:161} INFO - Started process (PID=17625) to work on /Users/judeezeh/Desktop/Zoomcamp-project/venv/lib/python3.11/site-packages/airflow/example_dags/example_datasets.py
[2025-04-05T11:25:15.295+0100] {processor.py:830} INFO - Processing file /Users/judeezeh/Desktop/Zoomcamp-project/venv/lib/python3.11/site-packages/airflow/example_dags/example_datasets.py for tasks to queue
[2025-04-05T11:25:15.295+0100] {logging_mixin.py:188} INFO - [2025-04-05T11:25:15.295+0100] {dagbag.py:540} INFO - Filling up the DagBag from /Users/judeezeh/Desktop/Zoomcamp-project/venv/lib/python3.11/site-packages/airflow/example_dags/example_datasets.py
[2025-04-05T11:25:15.318+0100] {processor.py:840} INFO - DAG(s) 'dataset_consumes_unknown_never_scheduled', 'dataset_consumes_1_and_2', 'consume_1_and_2_with_dataset_expressions', 'dataset_consumes_1_never_scheduled', 'consume_1_or_2_with_dataset_expressions', 'dataset_produces_1', 'dataset_consumes_1', 'conditional_dataset_and_time_based_timetable', 'consume_1_or_both_2_and_3_with_dataset_expressions', 'dataset_produces_2' retrieved from /Users/judeezeh/Desktop/Zoomcamp-project/venv/lib/python3.11/site-packages/airflow/example_dags/example_datasets.py
[2025-04-05T11:25:15.353+0100] {logging_mixin.py:188} INFO - [2025-04-05T11:25:15.352+0100] {dag.py:3096} INFO - Sync 10 DAGs
[2025-04-05T11:25:15.359+0100] {logging_mixin.py:188} INFO - [2025-04-05T11:25:15.359+0100] {dag.py:3954} INFO - Setting next_dagrun for conditional_dataset_and_time_based_timetable to 2025-04-02T01:00:00+00:00, run_after=2025-04-02T01:00:00+00:00
[2025-04-05T11:25:15.360+0100] {logging_mixin.py:188} INFO - [2025-04-05T11:25:15.360+0100] {dag.py:3954} INFO - Setting next_dagrun for consume_1_and_2_with_dataset_expressions to None, run_after=None
[2025-04-05T11:25:15.360+0100] {logging_mixin.py:188} INFO - [2025-04-05T11:25:15.360+0100] {dag.py:3954} INFO - Setting next_dagrun for consume_1_or_2_with_dataset_expressions to None, run_after=None
[2025-04-05T11:25:15.360+0100] {logging_mixin.py:188} INFO - [2025-04-05T11:25:15.360+0100] {dag.py:3954} INFO - Setting next_dagrun for consume_1_or_both_2_and_3_with_dataset_expressions to None, run_after=None
[2025-04-05T11:25:15.361+0100] {logging_mixin.py:188} INFO - [2025-04-05T11:25:15.361+0100] {dag.py:3954} INFO - Setting next_dagrun for dataset_consumes_1 to None, run_after=None
[2025-04-05T11:25:15.361+0100] {logging_mixin.py:188} INFO - [2025-04-05T11:25:15.361+0100] {dag.py:3954} INFO - Setting next_dagrun for dataset_consumes_1_and_2 to None, run_after=None
[2025-04-05T11:25:15.361+0100] {logging_mixin.py:188} INFO - [2025-04-05T11:25:15.361+0100] {dag.py:3954} INFO - Setting next_dagrun for dataset_consumes_1_never_scheduled to None, run_after=None
[2025-04-05T11:25:15.361+0100] {logging_mixin.py:188} INFO - [2025-04-05T11:25:15.361+0100] {dag.py:3954} INFO - Setting next_dagrun for dataset_consumes_unknown_never_scheduled to None, run_after=None
[2025-04-05T11:25:15.362+0100] {logging_mixin.py:188} INFO - [2025-04-05T11:25:15.362+0100] {dag.py:3954} INFO - Setting next_dagrun for dataset_produces_1 to 2025-04-04T00:00:00+00:00, run_after=2025-04-05T00:00:00+00:00
[2025-04-05T11:25:15.362+0100] {logging_mixin.py:188} INFO - [2025-04-05T11:25:15.362+0100] {dag.py:3954} INFO - Setting next_dagrun for dataset_produces_2 to None, run_after=None
[2025-04-05T11:25:15.371+0100] {processor.py:183} INFO - Processing /Users/judeezeh/Desktop/Zoomcamp-project/venv/lib/python3.11/site-packages/airflow/example_dags/example_datasets.py took 0.079 seconds
[2025-04-05T11:26:51.791+0100] {processor.py:161} INFO - Started process (PID=17774) to work on /Users/judeezeh/Desktop/Zoomcamp-project/venv/lib/python3.11/site-packages/airflow/example_dags/example_datasets.py
[2025-04-05T11:26:51.791+0100] {processor.py:830} INFO - Processing file /Users/judeezeh/Desktop/Zoomcamp-project/venv/lib/python3.11/site-packages/airflow/example_dags/example_datasets.py for tasks to queue
[2025-04-05T11:26:51.792+0100] {logging_mixin.py:188} INFO - [2025-04-05T11:26:51.792+0100] {dagbag.py:540} INFO - Filling up the DagBag from /Users/judeezeh/Desktop/Zoomcamp-project/venv/lib/python3.11/site-packages/airflow/example_dags/example_datasets.py
[2025-04-05T11:26:51.818+0100] {processor.py:840} INFO - DAG(s) 'dataset_produces_2', 'dataset_consumes_1', 'dataset_consumes_1_and_2', 'consume_1_and_2_with_dataset_expressions', 'consume_1_or_2_with_dataset_expressions', 'conditional_dataset_and_time_based_timetable', 'dataset_consumes_unknown_never_scheduled', 'dataset_consumes_1_never_scheduled', 'consume_1_or_both_2_and_3_with_dataset_expressions', 'dataset_produces_1' retrieved from /Users/judeezeh/Desktop/Zoomcamp-project/venv/lib/python3.11/site-packages/airflow/example_dags/example_datasets.py
[2025-04-05T11:26:51.854+0100] {logging_mixin.py:188} INFO - [2025-04-05T11:26:51.854+0100] {dag.py:3096} INFO - Sync 10 DAGs
[2025-04-05T11:26:51.860+0100] {logging_mixin.py:188} INFO - [2025-04-05T11:26:51.860+0100] {dag.py:3954} INFO - Setting next_dagrun for conditional_dataset_and_time_based_timetable to 2025-04-02T01:00:00+00:00, run_after=2025-04-02T01:00:00+00:00
[2025-04-05T11:26:51.861+0100] {logging_mixin.py:188} INFO - [2025-04-05T11:26:51.861+0100] {dag.py:3954} INFO - Setting next_dagrun for consume_1_and_2_with_dataset_expressions to None, run_after=None
[2025-04-05T11:26:51.861+0100] {logging_mixin.py:188} INFO - [2025-04-05T11:26:51.861+0100] {dag.py:3954} INFO - Setting next_dagrun for consume_1_or_2_with_dataset_expressions to None, run_after=None
[2025-04-05T11:26:51.861+0100] {logging_mixin.py:188} INFO - [2025-04-05T11:26:51.861+0100] {dag.py:3954} INFO - Setting next_dagrun for consume_1_or_both_2_and_3_with_dataset_expressions to None, run_after=None
[2025-04-05T11:26:51.861+0100] {logging_mixin.py:188} INFO - [2025-04-05T11:26:51.861+0100] {dag.py:3954} INFO - Setting next_dagrun for dataset_consumes_1 to None, run_after=None
[2025-04-05T11:26:51.861+0100] {logging_mixin.py:188} INFO - [2025-04-05T11:26:51.861+0100] {dag.py:3954} INFO - Setting next_dagrun for dataset_consumes_1_and_2 to None, run_after=None
[2025-04-05T11:26:51.862+0100] {logging_mixin.py:188} INFO - [2025-04-05T11:26:51.862+0100] {dag.py:3954} INFO - Setting next_dagrun for dataset_consumes_1_never_scheduled to None, run_after=None
[2025-04-05T11:26:51.862+0100] {logging_mixin.py:188} INFO - [2025-04-05T11:26:51.862+0100] {dag.py:3954} INFO - Setting next_dagrun for dataset_consumes_unknown_never_scheduled to None, run_after=None
[2025-04-05T11:26:51.862+0100] {logging_mixin.py:188} INFO - [2025-04-05T11:26:51.862+0100] {dag.py:3954} INFO - Setting next_dagrun for dataset_produces_1 to 2025-04-04T00:00:00+00:00, run_after=2025-04-05T00:00:00+00:00
[2025-04-05T11:26:51.863+0100] {logging_mixin.py:188} INFO - [2025-04-05T11:26:51.863+0100] {dag.py:3954} INFO - Setting next_dagrun for dataset_produces_2 to None, run_after=None
[2025-04-05T11:26:51.871+0100] {processor.py:183} INFO - Processing /Users/judeezeh/Desktop/Zoomcamp-project/venv/lib/python3.11/site-packages/airflow/example_dags/example_datasets.py took 0.081 seconds
[2025-04-05T11:28:42.788+0100] {processor.py:161} INFO - Started process (PID=17930) to work on /Users/judeezeh/Desktop/Zoomcamp-project/venv/lib/python3.11/site-packages/airflow/example_dags/example_datasets.py
[2025-04-05T11:28:42.788+0100] {processor.py:830} INFO - Processing file /Users/judeezeh/Desktop/Zoomcamp-project/venv/lib/python3.11/site-packages/airflow/example_dags/example_datasets.py for tasks to queue
[2025-04-05T11:28:42.788+0100] {logging_mixin.py:188} INFO - [2025-04-05T11:28:42.788+0100] {dagbag.py:540} INFO - Filling up the DagBag from /Users/judeezeh/Desktop/Zoomcamp-project/venv/lib/python3.11/site-packages/airflow/example_dags/example_datasets.py
[2025-04-05T11:28:42.814+0100] {processor.py:840} INFO - DAG(s) 'dataset_consumes_unknown_never_scheduled', 'dataset_consumes_1_and_2', 'dataset_consumes_1', 'conditional_dataset_and_time_based_timetable', 'consume_1_or_2_with_dataset_expressions', 'dataset_consumes_1_never_scheduled', 'dataset_produces_1', 'dataset_produces_2', 'consume_1_and_2_with_dataset_expressions', 'consume_1_or_both_2_and_3_with_dataset_expressions' retrieved from /Users/judeezeh/Desktop/Zoomcamp-project/venv/lib/python3.11/site-packages/airflow/example_dags/example_datasets.py
[2025-04-05T11:28:42.849+0100] {logging_mixin.py:188} INFO - [2025-04-05T11:28:42.849+0100] {dag.py:3096} INFO - Sync 10 DAGs
[2025-04-05T11:28:42.855+0100] {logging_mixin.py:188} INFO - [2025-04-05T11:28:42.855+0100] {dag.py:3954} INFO - Setting next_dagrun for conditional_dataset_and_time_based_timetable to 2025-04-02T01:00:00+00:00, run_after=2025-04-02T01:00:00+00:00
[2025-04-05T11:28:42.856+0100] {logging_mixin.py:188} INFO - [2025-04-05T11:28:42.856+0100] {dag.py:3954} INFO - Setting next_dagrun for consume_1_and_2_with_dataset_expressions to None, run_after=None
[2025-04-05T11:28:42.857+0100] {logging_mixin.py:188} INFO - [2025-04-05T11:28:42.857+0100] {dag.py:3954} INFO - Setting next_dagrun for consume_1_or_2_with_dataset_expressions to None, run_after=None
[2025-04-05T11:28:42.857+0100] {logging_mixin.py:188} INFO - [2025-04-05T11:28:42.857+0100] {dag.py:3954} INFO - Setting next_dagrun for consume_1_or_both_2_and_3_with_dataset_expressions to None, run_after=None
[2025-04-05T11:28:42.857+0100] {logging_mixin.py:188} INFO - [2025-04-05T11:28:42.857+0100] {dag.py:3954} INFO - Setting next_dagrun for dataset_consumes_1 to None, run_after=None
[2025-04-05T11:28:42.857+0100] {logging_mixin.py:188} INFO - [2025-04-05T11:28:42.857+0100] {dag.py:3954} INFO - Setting next_dagrun for dataset_consumes_1_and_2 to None, run_after=None
[2025-04-05T11:28:42.857+0100] {logging_mixin.py:188} INFO - [2025-04-05T11:28:42.857+0100] {dag.py:3954} INFO - Setting next_dagrun for dataset_consumes_1_never_scheduled to None, run_after=None
[2025-04-05T11:28:42.858+0100] {logging_mixin.py:188} INFO - [2025-04-05T11:28:42.858+0100] {dag.py:3954} INFO - Setting next_dagrun for dataset_consumes_unknown_never_scheduled to None, run_after=None
[2025-04-05T11:28:42.858+0100] {logging_mixin.py:188} INFO - [2025-04-05T11:28:42.858+0100] {dag.py:3954} INFO - Setting next_dagrun for dataset_produces_1 to 2025-04-04T00:00:00+00:00, run_after=2025-04-05T00:00:00+00:00
[2025-04-05T11:28:42.858+0100] {logging_mixin.py:188} INFO - [2025-04-05T11:28:42.858+0100] {dag.py:3954} INFO - Setting next_dagrun for dataset_produces_2 to None, run_after=None
[2025-04-05T11:28:42.867+0100] {processor.py:183} INFO - Processing /Users/judeezeh/Desktop/Zoomcamp-project/venv/lib/python3.11/site-packages/airflow/example_dags/example_datasets.py took 0.081 seconds
[2025-04-05T11:30:31.921+0100] {processor.py:161} INFO - Started process (PID=18079) to work on /Users/judeezeh/Desktop/Zoomcamp-project/venv/lib/python3.11/site-packages/airflow/example_dags/example_datasets.py
[2025-04-05T11:30:31.921+0100] {processor.py:830} INFO - Processing file /Users/judeezeh/Desktop/Zoomcamp-project/venv/lib/python3.11/site-packages/airflow/example_dags/example_datasets.py for tasks to queue
[2025-04-05T11:30:31.921+0100] {logging_mixin.py:188} INFO - [2025-04-05T11:30:31.921+0100] {dagbag.py:540} INFO - Filling up the DagBag from /Users/judeezeh/Desktop/Zoomcamp-project/venv/lib/python3.11/site-packages/airflow/example_dags/example_datasets.py
[2025-04-05T11:30:31.954+0100] {processor.py:840} INFO - DAG(s) 'dataset_consumes_unknown_never_scheduled', 'dataset_consumes_1_and_2', 'consume_1_or_2_with_dataset_expressions', 'consume_1_or_both_2_and_3_with_dataset_expressions', 'consume_1_and_2_with_dataset_expressions', 'conditional_dataset_and_time_based_timetable', 'dataset_produces_1', 'dataset_consumes_1', 'dataset_produces_2', 'dataset_consumes_1_never_scheduled' retrieved from /Users/judeezeh/Desktop/Zoomcamp-project/venv/lib/python3.11/site-packages/airflow/example_dags/example_datasets.py
[2025-04-05T11:30:31.989+0100] {logging_mixin.py:188} INFO - [2025-04-05T11:30:31.989+0100] {dag.py:3096} INFO - Sync 10 DAGs
[2025-04-05T11:30:31.996+0100] {logging_mixin.py:188} INFO - [2025-04-05T11:30:31.995+0100] {dag.py:3954} INFO - Setting next_dagrun for conditional_dataset_and_time_based_timetable to 2025-04-02T01:00:00+00:00, run_after=2025-04-02T01:00:00+00:00
[2025-04-05T11:30:31.996+0100] {logging_mixin.py:188} INFO - [2025-04-05T11:30:31.996+0100] {dag.py:3954} INFO - Setting next_dagrun for consume_1_and_2_with_dataset_expressions to None, run_after=None
[2025-04-05T11:30:31.997+0100] {logging_mixin.py:188} INFO - [2025-04-05T11:30:31.997+0100] {dag.py:3954} INFO - Setting next_dagrun for consume_1_or_2_with_dataset_expressions to None, run_after=None
[2025-04-05T11:30:31.997+0100] {logging_mixin.py:188} INFO - [2025-04-05T11:30:31.997+0100] {dag.py:3954} INFO - Setting next_dagrun for consume_1_or_both_2_and_3_with_dataset_expressions to None, run_after=None
[2025-04-05T11:30:31.997+0100] {logging_mixin.py:188} INFO - [2025-04-05T11:30:31.997+0100] {dag.py:3954} INFO - Setting next_dagrun for dataset_consumes_1 to None, run_after=None
[2025-04-05T11:30:31.997+0100] {logging_mixin.py:188} INFO - [2025-04-05T11:30:31.997+0100] {dag.py:3954} INFO - Setting next_dagrun for dataset_consumes_1_and_2 to None, run_after=None
[2025-04-05T11:30:31.997+0100] {logging_mixin.py:188} INFO - [2025-04-05T11:30:31.997+0100] {dag.py:3954} INFO - Setting next_dagrun for dataset_consumes_1_never_scheduled to None, run_after=None
[2025-04-05T11:30:31.998+0100] {logging_mixin.py:188} INFO - [2025-04-05T11:30:31.998+0100] {dag.py:3954} INFO - Setting next_dagrun for dataset_consumes_unknown_never_scheduled to None, run_after=None
[2025-04-05T11:30:31.998+0100] {logging_mixin.py:188} INFO - [2025-04-05T11:30:31.998+0100] {dag.py:3954} INFO - Setting next_dagrun for dataset_produces_1 to 2025-04-04T00:00:00+00:00, run_after=2025-04-05T00:00:00+00:00
[2025-04-05T11:30:31.998+0100] {logging_mixin.py:188} INFO - [2025-04-05T11:30:31.998+0100] {dag.py:3954} INFO - Setting next_dagrun for dataset_produces_2 to None, run_after=None
[2025-04-05T11:30:32.007+0100] {processor.py:183} INFO - Processing /Users/judeezeh/Desktop/Zoomcamp-project/venv/lib/python3.11/site-packages/airflow/example_dags/example_datasets.py took 0.087 seconds
[2025-04-05T11:32:09.212+0100] {processor.py:161} INFO - Started process (PID=18227) to work on /Users/judeezeh/Desktop/Zoomcamp-project/venv/lib/python3.11/site-packages/airflow/example_dags/example_datasets.py
[2025-04-05T11:32:09.213+0100] {processor.py:830} INFO - Processing file /Users/judeezeh/Desktop/Zoomcamp-project/venv/lib/python3.11/site-packages/airflow/example_dags/example_datasets.py for tasks to queue
[2025-04-05T11:32:09.213+0100] {logging_mixin.py:188} INFO - [2025-04-05T11:32:09.213+0100] {dagbag.py:540} INFO - Filling up the DagBag from /Users/judeezeh/Desktop/Zoomcamp-project/venv/lib/python3.11/site-packages/airflow/example_dags/example_datasets.py
[2025-04-05T11:32:09.237+0100] {processor.py:840} INFO - DAG(s) 'dataset_produces_1', 'dataset_consumes_1_never_scheduled', 'dataset_consumes_1', 'consume_1_or_both_2_and_3_with_dataset_expressions', 'conditional_dataset_and_time_based_timetable', 'dataset_consumes_unknown_never_scheduled', 'dataset_produces_2', 'consume_1_or_2_with_dataset_expressions', 'dataset_consumes_1_and_2', 'consume_1_and_2_with_dataset_expressions' retrieved from /Users/judeezeh/Desktop/Zoomcamp-project/venv/lib/python3.11/site-packages/airflow/example_dags/example_datasets.py
[2025-04-05T11:32:09.272+0100] {logging_mixin.py:188} INFO - [2025-04-05T11:32:09.272+0100] {dag.py:3096} INFO - Sync 10 DAGs
[2025-04-05T11:32:09.278+0100] {logging_mixin.py:188} INFO - [2025-04-05T11:32:09.278+0100] {dag.py:3954} INFO - Setting next_dagrun for conditional_dataset_and_time_based_timetable to 2025-04-02T01:00:00+00:00, run_after=2025-04-02T01:00:00+00:00
[2025-04-05T11:32:09.279+0100] {logging_mixin.py:188} INFO - [2025-04-05T11:32:09.279+0100] {dag.py:3954} INFO - Setting next_dagrun for consume_1_and_2_with_dataset_expressions to None, run_after=None
[2025-04-05T11:32:09.279+0100] {logging_mixin.py:188} INFO - [2025-04-05T11:32:09.279+0100] {dag.py:3954} INFO - Setting next_dagrun for consume_1_or_2_with_dataset_expressions to None, run_after=None
[2025-04-05T11:32:09.280+0100] {logging_mixin.py:188} INFO - [2025-04-05T11:32:09.280+0100] {dag.py:3954} INFO - Setting next_dagrun for consume_1_or_both_2_and_3_with_dataset_expressions to None, run_after=None
[2025-04-05T11:32:09.280+0100] {logging_mixin.py:188} INFO - [2025-04-05T11:32:09.280+0100] {dag.py:3954} INFO - Setting next_dagrun for dataset_consumes_1 to None, run_after=None
[2025-04-05T11:32:09.280+0100] {logging_mixin.py:188} INFO - [2025-04-05T11:32:09.280+0100] {dag.py:3954} INFO - Setting next_dagrun for dataset_consumes_1_and_2 to None, run_after=None
[2025-04-05T11:32:09.280+0100] {logging_mixin.py:188} INFO - [2025-04-05T11:32:09.280+0100] {dag.py:3954} INFO - Setting next_dagrun for dataset_consumes_1_never_scheduled to None, run_after=None
[2025-04-05T11:32:09.280+0100] {logging_mixin.py:188} INFO - [2025-04-05T11:32:09.280+0100] {dag.py:3954} INFO - Setting next_dagrun for dataset_consumes_unknown_never_scheduled to None, run_after=None
[2025-04-05T11:32:09.281+0100] {logging_mixin.py:188} INFO - [2025-04-05T11:32:09.281+0100] {dag.py:3954} INFO - Setting next_dagrun for dataset_produces_1 to 2025-04-04T00:00:00+00:00, run_after=2025-04-05T00:00:00+00:00
[2025-04-05T11:32:09.281+0100] {logging_mixin.py:188} INFO - [2025-04-05T11:32:09.281+0100] {dag.py:3954} INFO - Setting next_dagrun for dataset_produces_2 to None, run_after=None
[2025-04-05T11:32:09.290+0100] {processor.py:183} INFO - Processing /Users/judeezeh/Desktop/Zoomcamp-project/venv/lib/python3.11/site-packages/airflow/example_dags/example_datasets.py took 0.079 seconds
[2025-04-05T11:33:56.688+0100] {processor.py:161} INFO - Started process (PID=18377) to work on /Users/judeezeh/Desktop/Zoomcamp-project/venv/lib/python3.11/site-packages/airflow/example_dags/example_datasets.py
[2025-04-05T11:33:56.689+0100] {processor.py:830} INFO - Processing file /Users/judeezeh/Desktop/Zoomcamp-project/venv/lib/python3.11/site-packages/airflow/example_dags/example_datasets.py for tasks to queue
[2025-04-05T11:33:56.690+0100] {logging_mixin.py:188} INFO - [2025-04-05T11:33:56.690+0100] {dagbag.py:540} INFO - Filling up the DagBag from /Users/judeezeh/Desktop/Zoomcamp-project/venv/lib/python3.11/site-packages/airflow/example_dags/example_datasets.py
[2025-04-05T11:33:56.713+0100] {processor.py:840} INFO - DAG(s) 'dataset_consumes_1_never_scheduled', 'dataset_produces_1', 'consume_1_and_2_with_dataset_expressions', 'dataset_consumes_1', 'dataset_produces_2', 'dataset_consumes_1_and_2', 'consume_1_or_2_with_dataset_expressions', 'conditional_dataset_and_time_based_timetable', 'consume_1_or_both_2_and_3_with_dataset_expressions', 'dataset_consumes_unknown_never_scheduled' retrieved from /Users/judeezeh/Desktop/Zoomcamp-project/venv/lib/python3.11/site-packages/airflow/example_dags/example_datasets.py
[2025-04-05T11:33:56.748+0100] {logging_mixin.py:188} INFO - [2025-04-05T11:33:56.748+0100] {dag.py:3096} INFO - Sync 10 DAGs
[2025-04-05T11:33:56.754+0100] {logging_mixin.py:188} INFO - [2025-04-05T11:33:56.754+0100] {dag.py:3954} INFO - Setting next_dagrun for conditional_dataset_and_time_based_timetable to 2025-04-02T01:00:00+00:00, run_after=2025-04-02T01:00:00+00:00
[2025-04-05T11:33:56.755+0100] {logging_mixin.py:188} INFO - [2025-04-05T11:33:56.755+0100] {dag.py:3954} INFO - Setting next_dagrun for consume_1_and_2_with_dataset_expressions to None, run_after=None
[2025-04-05T11:33:56.755+0100] {logging_mixin.py:188} INFO - [2025-04-05T11:33:56.755+0100] {dag.py:3954} INFO - Setting next_dagrun for consume_1_or_2_with_dataset_expressions to None, run_after=None
[2025-04-05T11:33:56.756+0100] {logging_mixin.py:188} INFO - [2025-04-05T11:33:56.756+0100] {dag.py:3954} INFO - Setting next_dagrun for consume_1_or_both_2_and_3_with_dataset_expressions to None, run_after=None
[2025-04-05T11:33:56.756+0100] {logging_mixin.py:188} INFO - [2025-04-05T11:33:56.756+0100] {dag.py:3954} INFO - Setting next_dagrun for dataset_consumes_1 to None, run_after=None
[2025-04-05T11:33:56.756+0100] {logging_mixin.py:188} INFO - [2025-04-05T11:33:56.756+0100] {dag.py:3954} INFO - Setting next_dagrun for dataset_consumes_1_and_2 to None, run_after=None
[2025-04-05T11:33:56.756+0100] {logging_mixin.py:188} INFO - [2025-04-05T11:33:56.756+0100] {dag.py:3954} INFO - Setting next_dagrun for dataset_consumes_1_never_scheduled to None, run_after=None
[2025-04-05T11:33:56.756+0100] {logging_mixin.py:188} INFO - [2025-04-05T11:33:56.756+0100] {dag.py:3954} INFO - Setting next_dagrun for dataset_consumes_unknown_never_scheduled to None, run_after=None
[2025-04-05T11:33:56.757+0100] {logging_mixin.py:188} INFO - [2025-04-05T11:33:56.757+0100] {dag.py:3954} INFO - Setting next_dagrun for dataset_produces_1 to 2025-04-04T00:00:00+00:00, run_after=2025-04-05T00:00:00+00:00
[2025-04-05T11:33:56.757+0100] {logging_mixin.py:188} INFO - [2025-04-05T11:33:56.757+0100] {dag.py:3954} INFO - Setting next_dagrun for dataset_produces_2 to None, run_after=None
[2025-04-05T11:33:56.765+0100] {processor.py:183} INFO - Processing /Users/judeezeh/Desktop/Zoomcamp-project/venv/lib/python3.11/site-packages/airflow/example_dags/example_datasets.py took 0.078 seconds
[2025-04-05T11:35:29.998+0100] {processor.py:161} INFO - Started process (PID=18515) to work on /Users/judeezeh/Desktop/Zoomcamp-project/venv/lib/python3.11/site-packages/airflow/example_dags/example_datasets.py
[2025-04-05T11:35:29.999+0100] {processor.py:830} INFO - Processing file /Users/judeezeh/Desktop/Zoomcamp-project/venv/lib/python3.11/site-packages/airflow/example_dags/example_datasets.py for tasks to queue
[2025-04-05T11:35:29.999+0100] {logging_mixin.py:188} INFO - [2025-04-05T11:35:29.999+0100] {dagbag.py:540} INFO - Filling up the DagBag from /Users/judeezeh/Desktop/Zoomcamp-project/venv/lib/python3.11/site-packages/airflow/example_dags/example_datasets.py
[2025-04-05T11:35:30.022+0100] {processor.py:840} INFO - DAG(s) 'dataset_consumes_1_never_scheduled', 'consume_1_or_2_with_dataset_expressions', 'conditional_dataset_and_time_based_timetable', 'dataset_consumes_1', 'dataset_consumes_unknown_never_scheduled', 'consume_1_or_both_2_and_3_with_dataset_expressions', 'dataset_produces_2', 'dataset_consumes_1_and_2', 'consume_1_and_2_with_dataset_expressions', 'dataset_produces_1' retrieved from /Users/judeezeh/Desktop/Zoomcamp-project/venv/lib/python3.11/site-packages/airflow/example_dags/example_datasets.py
[2025-04-05T11:35:30.057+0100] {logging_mixin.py:188} INFO - [2025-04-05T11:35:30.057+0100] {dag.py:3096} INFO - Sync 10 DAGs
[2025-04-05T11:35:30.064+0100] {logging_mixin.py:188} INFO - [2025-04-05T11:35:30.064+0100] {dag.py:3954} INFO - Setting next_dagrun for conditional_dataset_and_time_based_timetable to 2025-04-02T01:00:00+00:00, run_after=2025-04-02T01:00:00+00:00
[2025-04-05T11:35:30.065+0100] {logging_mixin.py:188} INFO - [2025-04-05T11:35:30.065+0100] {dag.py:3954} INFO - Setting next_dagrun for consume_1_and_2_with_dataset_expressions to None, run_after=None
[2025-04-05T11:35:30.065+0100] {logging_mixin.py:188} INFO - [2025-04-05T11:35:30.065+0100] {dag.py:3954} INFO - Setting next_dagrun for consume_1_or_2_with_dataset_expressions to None, run_after=None
[2025-04-05T11:35:30.065+0100] {logging_mixin.py:188} INFO - [2025-04-05T11:35:30.065+0100] {dag.py:3954} INFO - Setting next_dagrun for consume_1_or_both_2_and_3_with_dataset_expressions to None, run_after=None
[2025-04-05T11:35:30.065+0100] {logging_mixin.py:188} INFO - [2025-04-05T11:35:30.065+0100] {dag.py:3954} INFO - Setting next_dagrun for dataset_consumes_1 to None, run_after=None
[2025-04-05T11:35:30.066+0100] {logging_mixin.py:188} INFO - [2025-04-05T11:35:30.065+0100] {dag.py:3954} INFO - Setting next_dagrun for dataset_consumes_1_and_2 to None, run_after=None
[2025-04-05T11:35:30.066+0100] {logging_mixin.py:188} INFO - [2025-04-05T11:35:30.066+0100] {dag.py:3954} INFO - Setting next_dagrun for dataset_consumes_1_never_scheduled to None, run_after=None
[2025-04-05T11:35:30.066+0100] {logging_mixin.py:188} INFO - [2025-04-05T11:35:30.066+0100] {dag.py:3954} INFO - Setting next_dagrun for dataset_consumes_unknown_never_scheduled to None, run_after=None
[2025-04-05T11:35:30.066+0100] {logging_mixin.py:188} INFO - [2025-04-05T11:35:30.066+0100] {dag.py:3954} INFO - Setting next_dagrun for dataset_produces_1 to 2025-04-04T00:00:00+00:00, run_after=2025-04-05T00:00:00+00:00
[2025-04-05T11:35:30.067+0100] {logging_mixin.py:188} INFO - [2025-04-05T11:35:30.067+0100] {dag.py:3954} INFO - Setting next_dagrun for dataset_produces_2 to None, run_after=None
[2025-04-05T11:35:30.075+0100] {processor.py:183} INFO - Processing /Users/judeezeh/Desktop/Zoomcamp-project/venv/lib/python3.11/site-packages/airflow/example_dags/example_datasets.py took 0.078 seconds
[2025-04-05T11:37:18.209+0100] {processor.py:161} INFO - Started process (PID=18681) to work on /Users/judeezeh/Desktop/Zoomcamp-project/venv/lib/python3.11/site-packages/airflow/example_dags/example_datasets.py
[2025-04-05T11:37:18.210+0100] {processor.py:830} INFO - Processing file /Users/judeezeh/Desktop/Zoomcamp-project/venv/lib/python3.11/site-packages/airflow/example_dags/example_datasets.py for tasks to queue
[2025-04-05T11:37:18.210+0100] {logging_mixin.py:188} INFO - [2025-04-05T11:37:18.210+0100] {dagbag.py:540} INFO - Filling up the DagBag from /Users/judeezeh/Desktop/Zoomcamp-project/venv/lib/python3.11/site-packages/airflow/example_dags/example_datasets.py
[2025-04-05T11:37:18.236+0100] {processor.py:840} INFO - DAG(s) 'dataset_consumes_1_never_scheduled', 'dataset_consumes_1', 'consume_1_and_2_with_dataset_expressions', 'dataset_consumes_1_and_2', 'dataset_produces_2', 'conditional_dataset_and_time_based_timetable', 'dataset_produces_1', 'consume_1_or_2_with_dataset_expressions', 'dataset_consumes_unknown_never_scheduled', 'consume_1_or_both_2_and_3_with_dataset_expressions' retrieved from /Users/judeezeh/Desktop/Zoomcamp-project/venv/lib/python3.11/site-packages/airflow/example_dags/example_datasets.py
[2025-04-05T11:37:18.270+0100] {logging_mixin.py:188} INFO - [2025-04-05T11:37:18.270+0100] {dag.py:3096} INFO - Sync 10 DAGs
[2025-04-05T11:37:18.276+0100] {logging_mixin.py:188} INFO - [2025-04-05T11:37:18.276+0100] {dag.py:3954} INFO - Setting next_dagrun for conditional_dataset_and_time_based_timetable to 2025-04-02T01:00:00+00:00, run_after=2025-04-02T01:00:00+00:00
[2025-04-05T11:37:18.277+0100] {logging_mixin.py:188} INFO - [2025-04-05T11:37:18.277+0100] {dag.py:3954} INFO - Setting next_dagrun for consume_1_and_2_with_dataset_expressions to None, run_after=None
[2025-04-05T11:37:18.277+0100] {logging_mixin.py:188} INFO - [2025-04-05T11:37:18.277+0100] {dag.py:3954} INFO - Setting next_dagrun for consume_1_or_2_with_dataset_expressions to None, run_after=None
[2025-04-05T11:37:18.277+0100] {logging_mixin.py:188} INFO - [2025-04-05T11:37:18.277+0100] {dag.py:3954} INFO - Setting next_dagrun for consume_1_or_both_2_and_3_with_dataset_expressions to None, run_after=None
[2025-04-05T11:37:18.278+0100] {logging_mixin.py:188} INFO - [2025-04-05T11:37:18.278+0100] {dag.py:3954} INFO - Setting next_dagrun for dataset_consumes_1 to None, run_after=None
[2025-04-05T11:37:18.278+0100] {logging_mixin.py:188} INFO - [2025-04-05T11:37:18.278+0100] {dag.py:3954} INFO - Setting next_dagrun for dataset_consumes_1_and_2 to None, run_after=None
[2025-04-05T11:37:18.278+0100] {logging_mixin.py:188} INFO - [2025-04-05T11:37:18.278+0100] {dag.py:3954} INFO - Setting next_dagrun for dataset_consumes_1_never_scheduled to None, run_after=None
[2025-04-05T11:37:18.278+0100] {logging_mixin.py:188} INFO - [2025-04-05T11:37:18.278+0100] {dag.py:3954} INFO - Setting next_dagrun for dataset_consumes_unknown_never_scheduled to None, run_after=None
[2025-04-05T11:37:18.279+0100] {logging_mixin.py:188} INFO - [2025-04-05T11:37:18.279+0100] {dag.py:3954} INFO - Setting next_dagrun for dataset_produces_1 to 2025-04-04T00:00:00+00:00, run_after=2025-04-05T00:00:00+00:00
[2025-04-05T11:37:18.279+0100] {logging_mixin.py:188} INFO - [2025-04-05T11:37:18.279+0100] {dag.py:3954} INFO - Setting next_dagrun for dataset_produces_2 to None, run_after=None
[2025-04-05T11:37:18.288+0100] {processor.py:183} INFO - Processing /Users/judeezeh/Desktop/Zoomcamp-project/venv/lib/python3.11/site-packages/airflow/example_dags/example_datasets.py took 0.080 seconds
[2025-04-05T11:39:17.464+0100] {processor.py:161} INFO - Started process (PID=18863) to work on /Users/judeezeh/Desktop/Zoomcamp-project/venv/lib/python3.11/site-packages/airflow/example_dags/example_datasets.py
[2025-04-05T11:39:17.465+0100] {processor.py:830} INFO - Processing file /Users/judeezeh/Desktop/Zoomcamp-project/venv/lib/python3.11/site-packages/airflow/example_dags/example_datasets.py for tasks to queue
[2025-04-05T11:39:17.466+0100] {logging_mixin.py:188} INFO - [2025-04-05T11:39:17.466+0100] {dagbag.py:540} INFO - Filling up the DagBag from /Users/judeezeh/Desktop/Zoomcamp-project/venv/lib/python3.11/site-packages/airflow/example_dags/example_datasets.py
[2025-04-05T11:39:17.481+0100] {processor.py:840} INFO - DAG(s) 'consume_1_or_2_with_dataset_expressions', 'conditional_dataset_and_time_based_timetable', 'consume_1_and_2_with_dataset_expressions', 'dataset_produces_2', 'dataset_consumes_unknown_never_scheduled', 'dataset_produces_1', 'dataset_consumes_1_never_scheduled', 'dataset_consumes_1_and_2', 'consume_1_or_both_2_and_3_with_dataset_expressions', 'dataset_consumes_1' retrieved from /Users/judeezeh/Desktop/Zoomcamp-project/venv/lib/python3.11/site-packages/airflow/example_dags/example_datasets.py
[2025-04-05T11:39:17.516+0100] {logging_mixin.py:188} INFO - [2025-04-05T11:39:17.516+0100] {dag.py:3096} INFO - Sync 10 DAGs
[2025-04-05T11:39:17.522+0100] {logging_mixin.py:188} INFO - [2025-04-05T11:39:17.522+0100] {dag.py:3954} INFO - Setting next_dagrun for conditional_dataset_and_time_based_timetable to 2025-04-02T01:00:00+00:00, run_after=2025-04-02T01:00:00+00:00
[2025-04-05T11:39:17.523+0100] {logging_mixin.py:188} INFO - [2025-04-05T11:39:17.523+0100] {dag.py:3954} INFO - Setting next_dagrun for consume_1_and_2_with_dataset_expressions to None, run_after=None
[2025-04-05T11:39:17.523+0100] {logging_mixin.py:188} INFO - [2025-04-05T11:39:17.523+0100] {dag.py:3954} INFO - Setting next_dagrun for consume_1_or_2_with_dataset_expressions to None, run_after=None
[2025-04-05T11:39:17.524+0100] {logging_mixin.py:188} INFO - [2025-04-05T11:39:17.524+0100] {dag.py:3954} INFO - Setting next_dagrun for consume_1_or_both_2_and_3_with_dataset_expressions to None, run_after=None
[2025-04-05T11:39:17.524+0100] {logging_mixin.py:188} INFO - [2025-04-05T11:39:17.524+0100] {dag.py:3954} INFO - Setting next_dagrun for dataset_consumes_1 to None, run_after=None
[2025-04-05T11:39:17.524+0100] {logging_mixin.py:188} INFO - [2025-04-05T11:39:17.524+0100] {dag.py:3954} INFO - Setting next_dagrun for dataset_consumes_1_and_2 to None, run_after=None
[2025-04-05T11:39:17.524+0100] {logging_mixin.py:188} INFO - [2025-04-05T11:39:17.524+0100] {dag.py:3954} INFO - Setting next_dagrun for dataset_consumes_1_never_scheduled to None, run_after=None
[2025-04-05T11:39:17.524+0100] {logging_mixin.py:188} INFO - [2025-04-05T11:39:17.524+0100] {dag.py:3954} INFO - Setting next_dagrun for dataset_consumes_unknown_never_scheduled to None, run_after=None
[2025-04-05T11:39:17.525+0100] {logging_mixin.py:188} INFO - [2025-04-05T11:39:17.525+0100] {dag.py:3954} INFO - Setting next_dagrun for dataset_produces_1 to 2025-04-04T00:00:00+00:00, run_after=2025-04-05T00:00:00+00:00
[2025-04-05T11:39:17.525+0100] {logging_mixin.py:188} INFO - [2025-04-05T11:39:17.525+0100] {dag.py:3954} INFO - Setting next_dagrun for dataset_produces_2 to None, run_after=None
[2025-04-05T11:39:17.533+0100] {processor.py:183} INFO - Processing /Users/judeezeh/Desktop/Zoomcamp-project/venv/lib/python3.11/site-packages/airflow/example_dags/example_datasets.py took 0.070 seconds
[2025-04-05T11:40:57.871+0100] {processor.py:161} INFO - Started process (PID=19053) to work on /Users/judeezeh/Desktop/Zoomcamp-project/venv/lib/python3.11/site-packages/airflow/example_dags/example_datasets.py
[2025-04-05T11:40:57.872+0100] {processor.py:830} INFO - Processing file /Users/judeezeh/Desktop/Zoomcamp-project/venv/lib/python3.11/site-packages/airflow/example_dags/example_datasets.py for tasks to queue
[2025-04-05T11:40:57.873+0100] {logging_mixin.py:188} INFO - [2025-04-05T11:40:57.873+0100] {dagbag.py:540} INFO - Filling up the DagBag from /Users/judeezeh/Desktop/Zoomcamp-project/venv/lib/python3.11/site-packages/airflow/example_dags/example_datasets.py
[2025-04-05T11:40:57.889+0100] {processor.py:840} INFO - DAG(s) 'dataset_produces_1', 'consume_1_or_2_with_dataset_expressions', 'dataset_consumes_unknown_never_scheduled', 'dataset_consumes_1_never_scheduled', 'consume_1_and_2_with_dataset_expressions', 'dataset_produces_2', 'dataset_consumes_1', 'consume_1_or_both_2_and_3_with_dataset_expressions', 'dataset_consumes_1_and_2', 'conditional_dataset_and_time_based_timetable' retrieved from /Users/judeezeh/Desktop/Zoomcamp-project/venv/lib/python3.11/site-packages/airflow/example_dags/example_datasets.py
[2025-04-05T11:40:57.923+0100] {logging_mixin.py:188} INFO - [2025-04-05T11:40:57.923+0100] {dag.py:3096} INFO - Sync 10 DAGs
[2025-04-05T11:40:57.929+0100] {logging_mixin.py:188} INFO - [2025-04-05T11:40:57.929+0100] {dag.py:3954} INFO - Setting next_dagrun for conditional_dataset_and_time_based_timetable to 2025-04-02T01:00:00+00:00, run_after=2025-04-02T01:00:00+00:00
[2025-04-05T11:40:57.930+0100] {logging_mixin.py:188} INFO - [2025-04-05T11:40:57.930+0100] {dag.py:3954} INFO - Setting next_dagrun for consume_1_and_2_with_dataset_expressions to None, run_after=None
[2025-04-05T11:40:57.930+0100] {logging_mixin.py:188} INFO - [2025-04-05T11:40:57.930+0100] {dag.py:3954} INFO - Setting next_dagrun for consume_1_or_2_with_dataset_expressions to None, run_after=None
[2025-04-05T11:40:57.930+0100] {logging_mixin.py:188} INFO - [2025-04-05T11:40:57.930+0100] {dag.py:3954} INFO - Setting next_dagrun for consume_1_or_both_2_and_3_with_dataset_expressions to None, run_after=None
[2025-04-05T11:40:57.930+0100] {logging_mixin.py:188} INFO - [2025-04-05T11:40:57.930+0100] {dag.py:3954} INFO - Setting next_dagrun for dataset_consumes_1 to None, run_after=None
[2025-04-05T11:40:57.931+0100] {logging_mixin.py:188} INFO - [2025-04-05T11:40:57.931+0100] {dag.py:3954} INFO - Setting next_dagrun for dataset_consumes_1_and_2 to None, run_after=None
[2025-04-05T11:40:57.931+0100] {logging_mixin.py:188} INFO - [2025-04-05T11:40:57.931+0100] {dag.py:3954} INFO - Setting next_dagrun for dataset_consumes_1_never_scheduled to None, run_after=None
[2025-04-05T11:40:57.931+0100] {logging_mixin.py:188} INFO - [2025-04-05T11:40:57.931+0100] {dag.py:3954} INFO - Setting next_dagrun for dataset_consumes_unknown_never_scheduled to None, run_after=None
[2025-04-05T11:40:57.932+0100] {logging_mixin.py:188} INFO - [2025-04-05T11:40:57.932+0100] {dag.py:3954} INFO - Setting next_dagrun for dataset_produces_1 to 2025-04-04T00:00:00+00:00, run_after=2025-04-05T00:00:00+00:00
[2025-04-05T11:40:57.932+0100] {logging_mixin.py:188} INFO - [2025-04-05T11:40:57.932+0100] {dag.py:3954} INFO - Setting next_dagrun for dataset_produces_2 to None, run_after=None
[2025-04-05T11:40:57.940+0100] {processor.py:183} INFO - Processing /Users/judeezeh/Desktop/Zoomcamp-project/venv/lib/python3.11/site-packages/airflow/example_dags/example_datasets.py took 0.070 seconds
[2025-04-05T11:42:27.972+0100] {processor.py:161} INFO - Started process (PID=19189) to work on /Users/judeezeh/Desktop/Zoomcamp-project/venv/lib/python3.11/site-packages/airflow/example_dags/example_datasets.py
[2025-04-05T11:42:27.973+0100] {processor.py:830} INFO - Processing file /Users/judeezeh/Desktop/Zoomcamp-project/venv/lib/python3.11/site-packages/airflow/example_dags/example_datasets.py for tasks to queue
[2025-04-05T11:42:27.973+0100] {logging_mixin.py:188} INFO - [2025-04-05T11:42:27.973+0100] {dagbag.py:540} INFO - Filling up the DagBag from /Users/judeezeh/Desktop/Zoomcamp-project/venv/lib/python3.11/site-packages/airflow/example_dags/example_datasets.py
[2025-04-05T11:42:28.002+0100] {processor.py:840} INFO - DAG(s) 'consume_1_or_both_2_and_3_with_dataset_expressions', 'dataset_consumes_1_and_2', 'dataset_produces_2', 'dataset_consumes_unknown_never_scheduled', 'consume_1_and_2_with_dataset_expressions', 'dataset_consumes_1_never_scheduled', 'consume_1_or_2_with_dataset_expressions', 'conditional_dataset_and_time_based_timetable', 'dataset_produces_1', 'dataset_consumes_1' retrieved from /Users/judeezeh/Desktop/Zoomcamp-project/venv/lib/python3.11/site-packages/airflow/example_dags/example_datasets.py
[2025-04-05T11:42:28.037+0100] {logging_mixin.py:188} INFO - [2025-04-05T11:42:28.037+0100] {dag.py:3096} INFO - Sync 10 DAGs
[2025-04-05T11:42:28.043+0100] {logging_mixin.py:188} INFO - [2025-04-05T11:42:28.043+0100] {dag.py:3954} INFO - Setting next_dagrun for conditional_dataset_and_time_based_timetable to 2025-04-02T01:00:00+00:00, run_after=2025-04-02T01:00:00+00:00
[2025-04-05T11:42:28.044+0100] {logging_mixin.py:188} INFO - [2025-04-05T11:42:28.044+0100] {dag.py:3954} INFO - Setting next_dagrun for consume_1_and_2_with_dataset_expressions to None, run_after=None
[2025-04-05T11:42:28.044+0100] {logging_mixin.py:188} INFO - [2025-04-05T11:42:28.044+0100] {dag.py:3954} INFO - Setting next_dagrun for consume_1_or_2_with_dataset_expressions to None, run_after=None
[2025-04-05T11:42:28.045+0100] {logging_mixin.py:188} INFO - [2025-04-05T11:42:28.045+0100] {dag.py:3954} INFO - Setting next_dagrun for consume_1_or_both_2_and_3_with_dataset_expressions to None, run_after=None
[2025-04-05T11:42:28.045+0100] {logging_mixin.py:188} INFO - [2025-04-05T11:42:28.045+0100] {dag.py:3954} INFO - Setting next_dagrun for dataset_consumes_1 to None, run_after=None
[2025-04-05T11:42:28.045+0100] {logging_mixin.py:188} INFO - [2025-04-05T11:42:28.045+0100] {dag.py:3954} INFO - Setting next_dagrun for dataset_consumes_1_and_2 to None, run_after=None
[2025-04-05T11:42:28.045+0100] {logging_mixin.py:188} INFO - [2025-04-05T11:42:28.045+0100] {dag.py:3954} INFO - Setting next_dagrun for dataset_consumes_1_never_scheduled to None, run_after=None
[2025-04-05T11:42:28.045+0100] {logging_mixin.py:188} INFO - [2025-04-05T11:42:28.045+0100] {dag.py:3954} INFO - Setting next_dagrun for dataset_consumes_unknown_never_scheduled to None, run_after=None
[2025-04-05T11:42:28.046+0100] {logging_mixin.py:188} INFO - [2025-04-05T11:42:28.046+0100] {dag.py:3954} INFO - Setting next_dagrun for dataset_produces_1 to 2025-04-04T00:00:00+00:00, run_after=2025-04-05T00:00:00+00:00
[2025-04-05T11:42:28.046+0100] {logging_mixin.py:188} INFO - [2025-04-05T11:42:28.046+0100] {dag.py:3954} INFO - Setting next_dagrun for dataset_produces_2 to None, run_after=None
[2025-04-05T11:42:28.055+0100] {processor.py:183} INFO - Processing /Users/judeezeh/Desktop/Zoomcamp-project/venv/lib/python3.11/site-packages/airflow/example_dags/example_datasets.py took 0.084 seconds
