[2025-04-05T11:15:45.740+0100] {processor.py:161} INFO - Started process (PID=16751) to work on /Users/judeezeh/Desktop/Zoomcamp-project/venv/lib/python3.11/site-packages/airflow/example_dags/example_latest_only.py
[2025-04-05T11:15:45.741+0100] {processor.py:830} INFO - Processing file /Users/judeezeh/Desktop/Zoomcamp-project/venv/lib/python3.11/site-packages/airflow/example_dags/example_latest_only.py for tasks to queue
[2025-04-05T11:15:45.741+0100] {logging_mixin.py:188} INFO - [2025-04-05T11:15:45.741+0100] {dagbag.py:540} INFO - Filling up the DagBag from /Users/judeezeh/Desktop/Zoomcamp-project/venv/lib/python3.11/site-packages/airflow/example_dags/example_latest_only.py
[2025-04-05T11:15:45.743+0100] {processor.py:840} INFO - DAG(s) 'latest_only' retrieved from /Users/judeezeh/Desktop/Zoomcamp-project/venv/lib/python3.11/site-packages/airflow/example_dags/example_latest_only.py
[2025-04-05T11:15:45.799+0100] {logging_mixin.py:188} INFO - [2025-04-05T11:15:45.799+0100] {override.py:1930} INFO - Created Permission View: can edit on DAG:latest_only
[2025-04-05T11:15:45.824+0100] {logging_mixin.py:188} INFO - [2025-04-05T11:15:45.824+0100] {override.py:1930} INFO - Created Permission View: can read on DAG:latest_only
[2025-04-05T11:15:45.826+0100] {logging_mixin.py:188} INFO - [2025-04-05T11:15:45.825+0100] {override.py:1930} INFO - Created Permission View: can delete on DAG:latest_only
[2025-04-05T11:15:45.826+0100] {logging_mixin.py:188} INFO - [2025-04-05T11:15:45.826+0100] {dag.py:3096} INFO - Sync 1 DAGs
[2025-04-05T11:15:45.828+0100] {logging_mixin.py:188} INFO - [2025-04-05T11:15:45.828+0100] {dag.py:3118} INFO - Creating ORM DAG for latest_only
[2025-04-05T11:15:45.831+0100] {logging_mixin.py:188} INFO - [2025-04-05T11:15:45.831+0100] {dag.py:3954} INFO - Setting next_dagrun for latest_only to 2025-04-05T04:00:00+00:00, run_after=2025-04-05T08:00:00+00:00
[2025-04-05T11:15:45.836+0100] {processor.py:183} INFO - Processing /Users/judeezeh/Desktop/Zoomcamp-project/venv/lib/python3.11/site-packages/airflow/example_dags/example_latest_only.py took 0.096 seconds
[2025-04-05T11:17:21.414+0100] {processor.py:161} INFO - Started process (PID=16907) to work on /Users/judeezeh/Desktop/Zoomcamp-project/venv/lib/python3.11/site-packages/airflow/example_dags/example_latest_only.py
[2025-04-05T11:17:21.415+0100] {processor.py:830} INFO - Processing file /Users/judeezeh/Desktop/Zoomcamp-project/venv/lib/python3.11/site-packages/airflow/example_dags/example_latest_only.py for tasks to queue
[2025-04-05T11:17:21.415+0100] {logging_mixin.py:188} INFO - [2025-04-05T11:17:21.415+0100] {dagbag.py:540} INFO - Filling up the DagBag from /Users/judeezeh/Desktop/Zoomcamp-project/venv/lib/python3.11/site-packages/airflow/example_dags/example_latest_only.py
[2025-04-05T11:17:21.417+0100] {processor.py:840} INFO - DAG(s) 'latest_only' retrieved from /Users/judeezeh/Desktop/Zoomcamp-project/venv/lib/python3.11/site-packages/airflow/example_dags/example_latest_only.py
[2025-04-05T11:17:21.446+0100] {logging_mixin.py:188} INFO - [2025-04-05T11:17:21.446+0100] {dag.py:3096} INFO - Sync 1 DAGs
[2025-04-05T11:17:21.451+0100] {logging_mixin.py:188} INFO - [2025-04-05T11:17:21.451+0100] {dag.py:3954} INFO - Setting next_dagrun for latest_only to 2025-04-05T04:00:00+00:00, run_after=2025-04-05T08:00:00+00:00
[2025-04-05T11:17:21.457+0100] {processor.py:183} INFO - Processing /Users/judeezeh/Desktop/Zoomcamp-project/venv/lib/python3.11/site-packages/airflow/example_dags/example_latest_only.py took 0.044 seconds
[2025-04-05T11:19:48.333+0100] {processor.py:161} INFO - Started process (PID=17163) to work on /Users/judeezeh/Desktop/Zoomcamp-project/venv/lib/python3.11/site-packages/airflow/example_dags/example_latest_only.py
[2025-04-05T11:19:48.334+0100] {processor.py:830} INFO - Processing file /Users/judeezeh/Desktop/Zoomcamp-project/venv/lib/python3.11/site-packages/airflow/example_dags/example_latest_only.py for tasks to queue
[2025-04-05T11:19:48.334+0100] {logging_mixin.py:188} INFO - [2025-04-05T11:19:48.334+0100] {dagbag.py:540} INFO - Filling up the DagBag from /Users/judeezeh/Desktop/Zoomcamp-project/venv/lib/python3.11/site-packages/airflow/example_dags/example_latest_only.py
[2025-04-05T11:19:48.337+0100] {processor.py:840} INFO - DAG(s) 'latest_only' retrieved from /Users/judeezeh/Desktop/Zoomcamp-project/venv/lib/python3.11/site-packages/airflow/example_dags/example_latest_only.py
[2025-04-05T11:19:48.366+0100] {logging_mixin.py:188} INFO - [2025-04-05T11:19:48.365+0100] {dag.py:3096} INFO - Sync 1 DAGs
[2025-04-05T11:19:48.370+0100] {logging_mixin.py:188} INFO - [2025-04-05T11:19:48.370+0100] {dag.py:3954} INFO - Setting next_dagrun for latest_only to 2025-04-05T04:00:00+00:00, run_after=2025-04-05T08:00:00+00:00
[2025-04-05T11:19:48.378+0100] {processor.py:183} INFO - Processing /Users/judeezeh/Desktop/Zoomcamp-project/venv/lib/python3.11/site-packages/airflow/example_dags/example_latest_only.py took 0.046 seconds
[2025-04-05T11:21:42.944+0100] {processor.py:161} INFO - Started process (PID=17323) to work on /Users/judeezeh/Desktop/Zoomcamp-project/venv/lib/python3.11/site-packages/airflow/example_dags/example_latest_only.py
[2025-04-05T11:21:42.944+0100] {processor.py:830} INFO - Processing file /Users/judeezeh/Desktop/Zoomcamp-project/venv/lib/python3.11/site-packages/airflow/example_dags/example_latest_only.py for tasks to queue
[2025-04-05T11:21:42.944+0100] {logging_mixin.py:188} INFO - [2025-04-05T11:21:42.944+0100] {dagbag.py:540} INFO - Filling up the DagBag from /Users/judeezeh/Desktop/Zoomcamp-project/venv/lib/python3.11/site-packages/airflow/example_dags/example_latest_only.py
[2025-04-05T11:21:42.948+0100] {processor.py:840} INFO - DAG(s) 'latest_only' retrieved from /Users/judeezeh/Desktop/Zoomcamp-project/venv/lib/python3.11/site-packages/airflow/example_dags/example_latest_only.py
[2025-04-05T11:21:42.977+0100] {logging_mixin.py:188} INFO - [2025-04-05T11:21:42.977+0100] {dag.py:3096} INFO - Sync 1 DAGs
[2025-04-05T11:21:42.982+0100] {logging_mixin.py:188} INFO - [2025-04-05T11:21:42.982+0100] {dag.py:3954} INFO - Setting next_dagrun for latest_only to 2025-04-05T04:00:00+00:00, run_after=2025-04-05T08:00:00+00:00
[2025-04-05T11:21:42.989+0100] {processor.py:183} INFO - Processing /Users/judeezeh/Desktop/Zoomcamp-project/venv/lib/python3.11/site-packages/airflow/example_dags/example_latest_only.py took 0.046 seconds
[2025-04-05T11:23:24.117+0100] {processor.py:161} INFO - Started process (PID=17474) to work on /Users/judeezeh/Desktop/Zoomcamp-project/venv/lib/python3.11/site-packages/airflow/example_dags/example_latest_only.py
[2025-04-05T11:23:24.118+0100] {processor.py:830} INFO - Processing file /Users/judeezeh/Desktop/Zoomcamp-project/venv/lib/python3.11/site-packages/airflow/example_dags/example_latest_only.py for tasks to queue
[2025-04-05T11:23:24.118+0100] {logging_mixin.py:188} INFO - [2025-04-05T11:23:24.118+0100] {dagbag.py:540} INFO - Filling up the DagBag from /Users/judeezeh/Desktop/Zoomcamp-project/venv/lib/python3.11/site-packages/airflow/example_dags/example_latest_only.py
[2025-04-05T11:23:24.121+0100] {processor.py:840} INFO - DAG(s) 'latest_only' retrieved from /Users/judeezeh/Desktop/Zoomcamp-project/venv/lib/python3.11/site-packages/airflow/example_dags/example_latest_only.py
[2025-04-05T11:23:24.150+0100] {logging_mixin.py:188} INFO - [2025-04-05T11:23:24.150+0100] {dag.py:3096} INFO - Sync 1 DAGs
[2025-04-05T11:23:24.155+0100] {logging_mixin.py:188} INFO - [2025-04-05T11:23:24.155+0100] {dag.py:3954} INFO - Setting next_dagrun for latest_only to 2025-04-05T04:00:00+00:00, run_after=2025-04-05T08:00:00+00:00
[2025-04-05T11:23:24.161+0100] {processor.py:183} INFO - Processing /Users/judeezeh/Desktop/Zoomcamp-project/venv/lib/python3.11/site-packages/airflow/example_dags/example_latest_only.py took 0.045 seconds
[2025-04-05T11:25:06.141+0100] {processor.py:161} INFO - Started process (PID=17612) to work on /Users/judeezeh/Desktop/Zoomcamp-project/venv/lib/python3.11/site-packages/airflow/example_dags/example_latest_only.py
[2025-04-05T11:25:06.142+0100] {processor.py:830} INFO - Processing file /Users/judeezeh/Desktop/Zoomcamp-project/venv/lib/python3.11/site-packages/airflow/example_dags/example_latest_only.py for tasks to queue
[2025-04-05T11:25:06.142+0100] {logging_mixin.py:188} INFO - [2025-04-05T11:25:06.142+0100] {dagbag.py:540} INFO - Filling up the DagBag from /Users/judeezeh/Desktop/Zoomcamp-project/venv/lib/python3.11/site-packages/airflow/example_dags/example_latest_only.py
[2025-04-05T11:25:06.145+0100] {processor.py:840} INFO - DAG(s) 'latest_only' retrieved from /Users/judeezeh/Desktop/Zoomcamp-project/venv/lib/python3.11/site-packages/airflow/example_dags/example_latest_only.py
[2025-04-05T11:25:06.173+0100] {logging_mixin.py:188} INFO - [2025-04-05T11:25:06.173+0100] {dag.py:3096} INFO - Sync 1 DAGs
[2025-04-05T11:25:06.178+0100] {logging_mixin.py:188} INFO - [2025-04-05T11:25:06.178+0100] {dag.py:3954} INFO - Setting next_dagrun for latest_only to 2025-04-05T04:00:00+00:00, run_after=2025-04-05T08:00:00+00:00
[2025-04-05T11:25:06.185+0100] {processor.py:183} INFO - Processing /Users/judeezeh/Desktop/Zoomcamp-project/venv/lib/python3.11/site-packages/airflow/example_dags/example_latest_only.py took 0.045 seconds
[2025-04-05T11:26:41.708+0100] {processor.py:161} INFO - Started process (PID=17759) to work on /Users/judeezeh/Desktop/Zoomcamp-project/venv/lib/python3.11/site-packages/airflow/example_dags/example_latest_only.py
[2025-04-05T11:26:41.709+0100] {processor.py:830} INFO - Processing file /Users/judeezeh/Desktop/Zoomcamp-project/venv/lib/python3.11/site-packages/airflow/example_dags/example_latest_only.py for tasks to queue
[2025-04-05T11:26:41.709+0100] {logging_mixin.py:188} INFO - [2025-04-05T11:26:41.709+0100] {dagbag.py:540} INFO - Filling up the DagBag from /Users/judeezeh/Desktop/Zoomcamp-project/venv/lib/python3.11/site-packages/airflow/example_dags/example_latest_only.py
[2025-04-05T11:26:41.712+0100] {processor.py:840} INFO - DAG(s) 'latest_only' retrieved from /Users/judeezeh/Desktop/Zoomcamp-project/venv/lib/python3.11/site-packages/airflow/example_dags/example_latest_only.py
[2025-04-05T11:26:41.741+0100] {logging_mixin.py:188} INFO - [2025-04-05T11:26:41.741+0100] {dag.py:3096} INFO - Sync 1 DAGs
[2025-04-05T11:26:41.746+0100] {logging_mixin.py:188} INFO - [2025-04-05T11:26:41.746+0100] {dag.py:3954} INFO - Setting next_dagrun for latest_only to 2025-04-05T04:00:00+00:00, run_after=2025-04-05T08:00:00+00:00
[2025-04-05T11:26:41.753+0100] {processor.py:183} INFO - Processing /Users/judeezeh/Desktop/Zoomcamp-project/venv/lib/python3.11/site-packages/airflow/example_dags/example_latest_only.py took 0.046 seconds
[2025-04-05T11:28:32.589+0100] {processor.py:161} INFO - Started process (PID=17918) to work on /Users/judeezeh/Desktop/Zoomcamp-project/venv/lib/python3.11/site-packages/airflow/example_dags/example_latest_only.py
[2025-04-05T11:28:32.590+0100] {processor.py:830} INFO - Processing file /Users/judeezeh/Desktop/Zoomcamp-project/venv/lib/python3.11/site-packages/airflow/example_dags/example_latest_only.py for tasks to queue
[2025-04-05T11:28:32.591+0100] {logging_mixin.py:188} INFO - [2025-04-05T11:28:32.590+0100] {dagbag.py:540} INFO - Filling up the DagBag from /Users/judeezeh/Desktop/Zoomcamp-project/venv/lib/python3.11/site-packages/airflow/example_dags/example_latest_only.py
[2025-04-05T11:28:32.593+0100] {processor.py:840} INFO - DAG(s) 'latest_only' retrieved from /Users/judeezeh/Desktop/Zoomcamp-project/venv/lib/python3.11/site-packages/airflow/example_dags/example_latest_only.py
[2025-04-05T11:28:32.622+0100] {logging_mixin.py:188} INFO - [2025-04-05T11:28:32.622+0100] {dag.py:3096} INFO - Sync 1 DAGs
[2025-04-05T11:28:32.627+0100] {logging_mixin.py:188} INFO - [2025-04-05T11:28:32.627+0100] {dag.py:3954} INFO - Setting next_dagrun for latest_only to 2025-04-05T04:00:00+00:00, run_after=2025-04-05T08:00:00+00:00
[2025-04-05T11:28:32.634+0100] {processor.py:183} INFO - Processing /Users/judeezeh/Desktop/Zoomcamp-project/venv/lib/python3.11/site-packages/airflow/example_dags/example_latest_only.py took 0.046 seconds
[2025-04-05T11:30:23.021+0100] {processor.py:161} INFO - Started process (PID=18062) to work on /Users/judeezeh/Desktop/Zoomcamp-project/venv/lib/python3.11/site-packages/airflow/example_dags/example_latest_only.py
[2025-04-05T11:30:23.021+0100] {processor.py:830} INFO - Processing file /Users/judeezeh/Desktop/Zoomcamp-project/venv/lib/python3.11/site-packages/airflow/example_dags/example_latest_only.py for tasks to queue
[2025-04-05T11:30:23.021+0100] {logging_mixin.py:188} INFO - [2025-04-05T11:30:23.021+0100] {dagbag.py:540} INFO - Filling up the DagBag from /Users/judeezeh/Desktop/Zoomcamp-project/venv/lib/python3.11/site-packages/airflow/example_dags/example_latest_only.py
[2025-04-05T11:30:23.024+0100] {processor.py:840} INFO - DAG(s) 'latest_only' retrieved from /Users/judeezeh/Desktop/Zoomcamp-project/venv/lib/python3.11/site-packages/airflow/example_dags/example_latest_only.py
[2025-04-05T11:30:23.055+0100] {logging_mixin.py:188} INFO - [2025-04-05T11:30:23.055+0100] {dag.py:3096} INFO - Sync 1 DAGs
[2025-04-05T11:30:23.060+0100] {logging_mixin.py:188} INFO - [2025-04-05T11:30:23.060+0100] {dag.py:3954} INFO - Setting next_dagrun for latest_only to 2025-04-05T04:00:00+00:00, run_after=2025-04-05T08:00:00+00:00
[2025-04-05T11:30:23.067+0100] {processor.py:183} INFO - Processing /Users/judeezeh/Desktop/Zoomcamp-project/venv/lib/python3.11/site-packages/airflow/example_dags/example_latest_only.py took 0.048 seconds
[2025-04-05T11:32:00.200+0100] {processor.py:161} INFO - Started process (PID=18215) to work on /Users/judeezeh/Desktop/Zoomcamp-project/venv/lib/python3.11/site-packages/airflow/example_dags/example_latest_only.py
[2025-04-05T11:32:00.201+0100] {processor.py:830} INFO - Processing file /Users/judeezeh/Desktop/Zoomcamp-project/venv/lib/python3.11/site-packages/airflow/example_dags/example_latest_only.py for tasks to queue
[2025-04-05T11:32:00.201+0100] {logging_mixin.py:188} INFO - [2025-04-05T11:32:00.201+0100] {dagbag.py:540} INFO - Filling up the DagBag from /Users/judeezeh/Desktop/Zoomcamp-project/venv/lib/python3.11/site-packages/airflow/example_dags/example_latest_only.py
[2025-04-05T11:32:00.204+0100] {processor.py:840} INFO - DAG(s) 'latest_only' retrieved from /Users/judeezeh/Desktop/Zoomcamp-project/venv/lib/python3.11/site-packages/airflow/example_dags/example_latest_only.py
[2025-04-05T11:32:00.232+0100] {logging_mixin.py:188} INFO - [2025-04-05T11:32:00.232+0100] {dag.py:3096} INFO - Sync 1 DAGs
[2025-04-05T11:32:00.237+0100] {logging_mixin.py:188} INFO - [2025-04-05T11:32:00.237+0100] {dag.py:3954} INFO - Setting next_dagrun for latest_only to 2025-04-05T04:00:00+00:00, run_after=2025-04-05T08:00:00+00:00
[2025-04-05T11:32:00.244+0100] {processor.py:183} INFO - Processing /Users/judeezeh/Desktop/Zoomcamp-project/venv/lib/python3.11/site-packages/airflow/example_dags/example_latest_only.py took 0.045 seconds
[2025-04-05T11:33:46.625+0100] {processor.py:161} INFO - Started process (PID=18365) to work on /Users/judeezeh/Desktop/Zoomcamp-project/venv/lib/python3.11/site-packages/airflow/example_dags/example_latest_only.py
[2025-04-05T11:33:46.627+0100] {processor.py:830} INFO - Processing file /Users/judeezeh/Desktop/Zoomcamp-project/venv/lib/python3.11/site-packages/airflow/example_dags/example_latest_only.py for tasks to queue
[2025-04-05T11:33:46.627+0100] {logging_mixin.py:188} INFO - [2025-04-05T11:33:46.627+0100] {dagbag.py:540} INFO - Filling up the DagBag from /Users/judeezeh/Desktop/Zoomcamp-project/venv/lib/python3.11/site-packages/airflow/example_dags/example_latest_only.py
[2025-04-05T11:33:46.630+0100] {processor.py:840} INFO - DAG(s) 'latest_only' retrieved from /Users/judeezeh/Desktop/Zoomcamp-project/venv/lib/python3.11/site-packages/airflow/example_dags/example_latest_only.py
[2025-04-05T11:33:46.659+0100] {logging_mixin.py:188} INFO - [2025-04-05T11:33:46.659+0100] {dag.py:3096} INFO - Sync 1 DAGs
[2025-04-05T11:33:46.663+0100] {logging_mixin.py:188} INFO - [2025-04-05T11:33:46.663+0100] {dag.py:3954} INFO - Setting next_dagrun for latest_only to 2025-04-05T04:00:00+00:00, run_after=2025-04-05T08:00:00+00:00
[2025-04-05T11:33:46.670+0100] {processor.py:183} INFO - Processing /Users/judeezeh/Desktop/Zoomcamp-project/venv/lib/python3.11/site-packages/airflow/example_dags/example_latest_only.py took 0.046 seconds
[2025-04-05T11:35:19.940+0100] {processor.py:161} INFO - Started process (PID=18502) to work on /Users/judeezeh/Desktop/Zoomcamp-project/venv/lib/python3.11/site-packages/airflow/example_dags/example_latest_only.py
[2025-04-05T11:35:19.941+0100] {processor.py:830} INFO - Processing file /Users/judeezeh/Desktop/Zoomcamp-project/venv/lib/python3.11/site-packages/airflow/example_dags/example_latest_only.py for tasks to queue
[2025-04-05T11:35:19.941+0100] {logging_mixin.py:188} INFO - [2025-04-05T11:35:19.941+0100] {dagbag.py:540} INFO - Filling up the DagBag from /Users/judeezeh/Desktop/Zoomcamp-project/venv/lib/python3.11/site-packages/airflow/example_dags/example_latest_only.py
[2025-04-05T11:35:19.944+0100] {processor.py:840} INFO - DAG(s) 'latest_only' retrieved from /Users/judeezeh/Desktop/Zoomcamp-project/venv/lib/python3.11/site-packages/airflow/example_dags/example_latest_only.py
[2025-04-05T11:35:19.973+0100] {logging_mixin.py:188} INFO - [2025-04-05T11:35:19.973+0100] {dag.py:3096} INFO - Sync 1 DAGs
[2025-04-05T11:35:19.978+0100] {logging_mixin.py:188} INFO - [2025-04-05T11:35:19.978+0100] {dag.py:3954} INFO - Setting next_dagrun for latest_only to 2025-04-05T04:00:00+00:00, run_after=2025-04-05T08:00:00+00:00
[2025-04-05T11:35:19.985+0100] {processor.py:183} INFO - Processing /Users/judeezeh/Desktop/Zoomcamp-project/venv/lib/python3.11/site-packages/airflow/example_dags/example_latest_only.py took 0.046 seconds
[2025-04-05T11:37:09.274+0100] {processor.py:161} INFO - Started process (PID=18663) to work on /Users/judeezeh/Desktop/Zoomcamp-project/venv/lib/python3.11/site-packages/airflow/example_dags/example_latest_only.py
[2025-04-05T11:37:09.275+0100] {processor.py:830} INFO - Processing file /Users/judeezeh/Desktop/Zoomcamp-project/venv/lib/python3.11/site-packages/airflow/example_dags/example_latest_only.py for tasks to queue
[2025-04-05T11:37:09.275+0100] {logging_mixin.py:188} INFO - [2025-04-05T11:37:09.275+0100] {dagbag.py:540} INFO - Filling up the DagBag from /Users/judeezeh/Desktop/Zoomcamp-project/venv/lib/python3.11/site-packages/airflow/example_dags/example_latest_only.py
[2025-04-05T11:37:09.278+0100] {processor.py:840} INFO - DAG(s) 'latest_only' retrieved from /Users/judeezeh/Desktop/Zoomcamp-project/venv/lib/python3.11/site-packages/airflow/example_dags/example_latest_only.py
[2025-04-05T11:37:09.308+0100] {logging_mixin.py:188} INFO - [2025-04-05T11:37:09.308+0100] {dag.py:3096} INFO - Sync 1 DAGs
[2025-04-05T11:37:09.312+0100] {logging_mixin.py:188} INFO - [2025-04-05T11:37:09.312+0100] {dag.py:3954} INFO - Setting next_dagrun for latest_only to 2025-04-05T04:00:00+00:00, run_after=2025-04-05T08:00:00+00:00
[2025-04-05T11:37:09.319+0100] {processor.py:183} INFO - Processing /Users/judeezeh/Desktop/Zoomcamp-project/venv/lib/python3.11/site-packages/airflow/example_dags/example_latest_only.py took 0.046 seconds
[2025-04-05T11:39:08.403+0100] {processor.py:161} INFO - Started process (PID=18850) to work on /Users/judeezeh/Desktop/Zoomcamp-project/venv/lib/python3.11/site-packages/airflow/example_dags/example_latest_only.py
[2025-04-05T11:39:08.404+0100] {processor.py:830} INFO - Processing file /Users/judeezeh/Desktop/Zoomcamp-project/venv/lib/python3.11/site-packages/airflow/example_dags/example_latest_only.py for tasks to queue
[2025-04-05T11:39:08.404+0100] {logging_mixin.py:188} INFO - [2025-04-05T11:39:08.404+0100] {dagbag.py:540} INFO - Filling up the DagBag from /Users/judeezeh/Desktop/Zoomcamp-project/venv/lib/python3.11/site-packages/airflow/example_dags/example_latest_only.py
[2025-04-05T11:39:08.406+0100] {processor.py:840} INFO - DAG(s) 'latest_only' retrieved from /Users/judeezeh/Desktop/Zoomcamp-project/venv/lib/python3.11/site-packages/airflow/example_dags/example_latest_only.py
[2025-04-05T11:39:08.435+0100] {logging_mixin.py:188} INFO - [2025-04-05T11:39:08.434+0100] {dag.py:3096} INFO - Sync 1 DAGs
[2025-04-05T11:39:08.439+0100] {logging_mixin.py:188} INFO - [2025-04-05T11:39:08.439+0100] {dag.py:3954} INFO - Setting next_dagrun for latest_only to 2025-04-05T04:00:00+00:00, run_after=2025-04-05T08:00:00+00:00
[2025-04-05T11:39:08.446+0100] {processor.py:183} INFO - Processing /Users/judeezeh/Desktop/Zoomcamp-project/venv/lib/python3.11/site-packages/airflow/example_dags/example_latest_only.py took 0.044 seconds
[2025-04-05T11:40:48.917+0100] {processor.py:161} INFO - Started process (PID=19039) to work on /Users/judeezeh/Desktop/Zoomcamp-project/venv/lib/python3.11/site-packages/airflow/example_dags/example_latest_only.py
[2025-04-05T11:40:48.917+0100] {processor.py:830} INFO - Processing file /Users/judeezeh/Desktop/Zoomcamp-project/venv/lib/python3.11/site-packages/airflow/example_dags/example_latest_only.py for tasks to queue
[2025-04-05T11:40:48.918+0100] {logging_mixin.py:188} INFO - [2025-04-05T11:40:48.918+0100] {dagbag.py:540} INFO - Filling up the DagBag from /Users/judeezeh/Desktop/Zoomcamp-project/venv/lib/python3.11/site-packages/airflow/example_dags/example_latest_only.py
[2025-04-05T11:40:48.920+0100] {processor.py:840} INFO - DAG(s) 'latest_only' retrieved from /Users/judeezeh/Desktop/Zoomcamp-project/venv/lib/python3.11/site-packages/airflow/example_dags/example_latest_only.py
[2025-04-05T11:40:48.949+0100] {logging_mixin.py:188} INFO - [2025-04-05T11:40:48.949+0100] {dag.py:3096} INFO - Sync 1 DAGs
[2025-04-05T11:40:48.954+0100] {logging_mixin.py:188} INFO - [2025-04-05T11:40:48.954+0100] {dag.py:3954} INFO - Setting next_dagrun for latest_only to 2025-04-05T04:00:00+00:00, run_after=2025-04-05T08:00:00+00:00
[2025-04-05T11:40:48.961+0100] {processor.py:183} INFO - Processing /Users/judeezeh/Desktop/Zoomcamp-project/venv/lib/python3.11/site-packages/airflow/example_dags/example_latest_only.py took 0.045 seconds
[2025-04-05T11:42:18.993+0100] {processor.py:161} INFO - Started process (PID=19177) to work on /Users/judeezeh/Desktop/Zoomcamp-project/venv/lib/python3.11/site-packages/airflow/example_dags/example_latest_only.py
[2025-04-05T11:42:18.994+0100] {processor.py:830} INFO - Processing file /Users/judeezeh/Desktop/Zoomcamp-project/venv/lib/python3.11/site-packages/airflow/example_dags/example_latest_only.py for tasks to queue
[2025-04-05T11:42:18.995+0100] {logging_mixin.py:188} INFO - [2025-04-05T11:42:18.995+0100] {dagbag.py:540} INFO - Filling up the DagBag from /Users/judeezeh/Desktop/Zoomcamp-project/venv/lib/python3.11/site-packages/airflow/example_dags/example_latest_only.py
[2025-04-05T11:42:18.997+0100] {processor.py:840} INFO - DAG(s) 'latest_only' retrieved from /Users/judeezeh/Desktop/Zoomcamp-project/venv/lib/python3.11/site-packages/airflow/example_dags/example_latest_only.py
[2025-04-05T11:42:19.026+0100] {logging_mixin.py:188} INFO - [2025-04-05T11:42:19.026+0100] {dag.py:3096} INFO - Sync 1 DAGs
[2025-04-05T11:42:19.031+0100] {logging_mixin.py:188} INFO - [2025-04-05T11:42:19.031+0100] {dag.py:3954} INFO - Setting next_dagrun for latest_only to 2025-04-05T04:00:00+00:00, run_after=2025-04-05T08:00:00+00:00
[2025-04-05T11:42:19.037+0100] {processor.py:183} INFO - Processing /Users/judeezeh/Desktop/Zoomcamp-project/venv/lib/python3.11/site-packages/airflow/example_dags/example_latest_only.py took 0.045 seconds
