[2025-04-05T11:15:05.885+0100] {processor.py:161} INFO - Started process (PID=16700) to work on /Users/judeezeh/Desktop/Zoomcamp-project/venv/lib/python3.11/site-packages/airflow/example_dags/example_xcomargs.py
[2025-04-05T11:15:05.885+0100] {processor.py:830} INFO - Processing file /Users/judeezeh/Desktop/Zoomcamp-project/venv/lib/python3.11/site-packages/airflow/example_dags/example_xcomargs.py for tasks to queue
[2025-04-05T11:15:05.885+0100] {logging_mixin.py:188} INFO - [2025-04-05T11:15:05.885+0100] {dagbag.py:540} INFO - Filling up the DagBag from /Users/judeezeh/Desktop/Zoomcamp-project/venv/lib/python3.11/site-packages/airflow/example_dags/example_xcomargs.py
[2025-04-05T11:15:05.897+0100] {processor.py:840} INFO - DAG(s) 'example_xcom_args', 'example_xcom_args_with_operators' retrieved from /Users/judeezeh/Desktop/Zoomcamp-project/venv/lib/python3.11/site-packages/airflow/example_dags/example_xcomargs.py
[2025-04-05T11:15:05.971+0100] {logging_mixin.py:188} INFO - [2025-04-05T11:15:05.971+0100] {override.py:1930} INFO - Created Permission View: can edit on DAG:example_xcom_args
[2025-04-05T11:15:05.974+0100] {logging_mixin.py:188} INFO - [2025-04-05T11:15:05.974+0100] {override.py:1930} INFO - Created Permission View: can delete on DAG:example_xcom_args
[2025-04-05T11:15:05.975+0100] {logging_mixin.py:188} INFO - [2025-04-05T11:15:05.975+0100] {override.py:1930} INFO - Created Permission View: can read on DAG:example_xcom_args
[2025-04-05T11:15:05.979+0100] {logging_mixin.py:188} INFO - [2025-04-05T11:15:05.979+0100] {override.py:1930} INFO - Created Permission View: can edit on DAG:example_xcom_args_with_operators
[2025-04-05T11:15:05.980+0100] {logging_mixin.py:188} INFO - [2025-04-05T11:15:05.980+0100] {override.py:1930} INFO - Created Permission View: can delete on DAG:example_xcom_args_with_operators
[2025-04-05T11:15:05.982+0100] {logging_mixin.py:188} INFO - [2025-04-05T11:15:05.982+0100] {override.py:1930} INFO - Created Permission View: can read on DAG:example_xcom_args_with_operators
[2025-04-05T11:15:05.982+0100] {logging_mixin.py:188} INFO - [2025-04-05T11:15:05.982+0100] {dag.py:3096} INFO - Sync 2 DAGs
[2025-04-05T11:15:05.985+0100] {logging_mixin.py:188} INFO - [2025-04-05T11:15:05.985+0100] {dag.py:3118} INFO - Creating ORM DAG for example_xcom_args
[2025-04-05T11:15:05.985+0100] {logging_mixin.py:188} INFO - [2025-04-05T11:15:05.985+0100] {dag.py:3118} INFO - Creating ORM DAG for example_xcom_args_with_operators
[2025-04-05T11:15:05.985+0100] {logging_mixin.py:188} INFO - [2025-04-05T11:15:05.985+0100] {dag.py:3954} INFO - Setting next_dagrun for example_xcom_args to None, run_after=None
[2025-04-05T11:15:05.985+0100] {logging_mixin.py:188} INFO - [2025-04-05T11:15:05.985+0100] {dag.py:3954} INFO - Setting next_dagrun for example_xcom_args_with_operators to None, run_after=None
[2025-04-05T11:15:05.991+0100] {processor.py:183} INFO - Processing /Users/judeezeh/Desktop/Zoomcamp-project/venv/lib/python3.11/site-packages/airflow/example_dags/example_xcomargs.py took 0.107 seconds
[2025-04-05T11:16:29.981+0100] {processor.py:161} INFO - Started process (PID=16832) to work on /Users/judeezeh/Desktop/Zoomcamp-project/venv/lib/python3.11/site-packages/airflow/example_dags/example_xcomargs.py
[2025-04-05T11:16:29.982+0100] {processor.py:830} INFO - Processing file /Users/judeezeh/Desktop/Zoomcamp-project/venv/lib/python3.11/site-packages/airflow/example_dags/example_xcomargs.py for tasks to queue
[2025-04-05T11:16:29.982+0100] {logging_mixin.py:188} INFO - [2025-04-05T11:16:29.982+0100] {dagbag.py:540} INFO - Filling up the DagBag from /Users/judeezeh/Desktop/Zoomcamp-project/venv/lib/python3.11/site-packages/airflow/example_dags/example_xcomargs.py
[2025-04-05T11:16:29.993+0100] {processor.py:840} INFO - DAG(s) 'example_xcom_args', 'example_xcom_args_with_operators' retrieved from /Users/judeezeh/Desktop/Zoomcamp-project/venv/lib/python3.11/site-packages/airflow/example_dags/example_xcomargs.py
[2025-04-05T11:16:30.022+0100] {logging_mixin.py:188} INFO - [2025-04-05T11:16:30.022+0100] {dag.py:3096} INFO - Sync 2 DAGs
[2025-04-05T11:16:30.025+0100] {logging_mixin.py:188} INFO - [2025-04-05T11:16:30.025+0100] {dag.py:3954} INFO - Setting next_dagrun for example_xcom_args to None, run_after=None
[2025-04-05T11:16:30.026+0100] {logging_mixin.py:188} INFO - [2025-04-05T11:16:30.026+0100] {dag.py:3954} INFO - Setting next_dagrun for example_xcom_args_with_operators to None, run_after=None
[2025-04-05T11:16:30.032+0100] {processor.py:183} INFO - Processing /Users/judeezeh/Desktop/Zoomcamp-project/venv/lib/python3.11/site-packages/airflow/example_dags/example_xcomargs.py took 0.052 seconds
[2025-04-05T11:17:19.017+0100] {processor.py:161} INFO - Started process (PID=16903) to work on /Users/judeezeh/Desktop/Zoomcamp-project/venv/lib/python3.11/site-packages/airflow/example_dags/example_xcomargs.py
[2025-04-05T11:17:19.017+0100] {processor.py:830} INFO - Processing file /Users/judeezeh/Desktop/Zoomcamp-project/venv/lib/python3.11/site-packages/airflow/example_dags/example_xcomargs.py for tasks to queue
[2025-04-05T11:17:19.017+0100] {logging_mixin.py:188} INFO - [2025-04-05T11:17:19.017+0100] {dagbag.py:540} INFO - Filling up the DagBag from /Users/judeezeh/Desktop/Zoomcamp-project/venv/lib/python3.11/site-packages/airflow/example_dags/example_xcomargs.py
[2025-04-05T11:17:19.029+0100] {processor.py:840} INFO - DAG(s) 'example_xcom_args', 'example_xcom_args_with_operators' retrieved from /Users/judeezeh/Desktop/Zoomcamp-project/venv/lib/python3.11/site-packages/airflow/example_dags/example_xcomargs.py
[2025-04-05T11:17:19.058+0100] {logging_mixin.py:188} INFO - [2025-04-05T11:17:19.058+0100] {dag.py:3096} INFO - Sync 2 DAGs
[2025-04-05T11:17:19.060+0100] {logging_mixin.py:188} INFO - [2025-04-05T11:17:19.060+0100] {dag.py:3954} INFO - Setting next_dagrun for example_xcom_args to None, run_after=None
[2025-04-05T11:17:19.061+0100] {logging_mixin.py:188} INFO - [2025-04-05T11:17:19.061+0100] {dag.py:3954} INFO - Setting next_dagrun for example_xcom_args_with_operators to None, run_after=None
[2025-04-05T11:17:19.067+0100] {processor.py:183} INFO - Processing /Users/judeezeh/Desktop/Zoomcamp-project/venv/lib/python3.11/site-packages/airflow/example_dags/example_xcomargs.py took 0.051 seconds
[2025-04-05T11:19:10.634+0100] {processor.py:161} INFO - Started process (PID=17095) to work on /Users/judeezeh/Desktop/Zoomcamp-project/venv/lib/python3.11/site-packages/airflow/example_dags/example_xcomargs.py
[2025-04-05T11:19:10.634+0100] {processor.py:830} INFO - Processing file /Users/judeezeh/Desktop/Zoomcamp-project/venv/lib/python3.11/site-packages/airflow/example_dags/example_xcomargs.py for tasks to queue
[2025-04-05T11:19:10.634+0100] {logging_mixin.py:188} INFO - [2025-04-05T11:19:10.634+0100] {dagbag.py:540} INFO - Filling up the DagBag from /Users/judeezeh/Desktop/Zoomcamp-project/venv/lib/python3.11/site-packages/airflow/example_dags/example_xcomargs.py
[2025-04-05T11:19:10.649+0100] {processor.py:840} INFO - DAG(s) 'example_xcom_args_with_operators', 'example_xcom_args' retrieved from /Users/judeezeh/Desktop/Zoomcamp-project/venv/lib/python3.11/site-packages/airflow/example_dags/example_xcomargs.py
[2025-04-05T11:19:10.679+0100] {logging_mixin.py:188} INFO - [2025-04-05T11:19:10.679+0100] {dag.py:3096} INFO - Sync 2 DAGs
[2025-04-05T11:19:10.682+0100] {logging_mixin.py:188} INFO - [2025-04-05T11:19:10.682+0100] {dag.py:3954} INFO - Setting next_dagrun for example_xcom_args to None, run_after=None
[2025-04-05T11:19:10.683+0100] {logging_mixin.py:188} INFO - [2025-04-05T11:19:10.683+0100] {dag.py:3954} INFO - Setting next_dagrun for example_xcom_args_with_operators to None, run_after=None
[2025-04-05T11:19:10.689+0100] {processor.py:183} INFO - Processing /Users/judeezeh/Desktop/Zoomcamp-project/venv/lib/python3.11/site-packages/airflow/example_dags/example_xcomargs.py took 0.057 seconds
[2025-04-05T11:20:33.523+0100] {processor.py:161} INFO - Started process (PID=17223) to work on /Users/judeezeh/Desktop/Zoomcamp-project/venv/lib/python3.11/site-packages/airflow/example_dags/example_xcomargs.py
[2025-04-05T11:20:33.524+0100] {processor.py:830} INFO - Processing file /Users/judeezeh/Desktop/Zoomcamp-project/venv/lib/python3.11/site-packages/airflow/example_dags/example_xcomargs.py for tasks to queue
[2025-04-05T11:20:33.524+0100] {logging_mixin.py:188} INFO - [2025-04-05T11:20:33.524+0100] {dagbag.py:540} INFO - Filling up the DagBag from /Users/judeezeh/Desktop/Zoomcamp-project/venv/lib/python3.11/site-packages/airflow/example_dags/example_xcomargs.py
[2025-04-05T11:20:33.539+0100] {processor.py:840} INFO - DAG(s) 'example_xcom_args_with_operators', 'example_xcom_args' retrieved from /Users/judeezeh/Desktop/Zoomcamp-project/venv/lib/python3.11/site-packages/airflow/example_dags/example_xcomargs.py
[2025-04-05T11:20:33.577+0100] {logging_mixin.py:188} INFO - [2025-04-05T11:20:33.577+0100] {dag.py:3096} INFO - Sync 2 DAGs
[2025-04-05T11:20:33.581+0100] {logging_mixin.py:188} INFO - [2025-04-05T11:20:33.581+0100] {dag.py:3954} INFO - Setting next_dagrun for example_xcom_args to None, run_after=None
[2025-04-05T11:20:33.582+0100] {logging_mixin.py:188} INFO - [2025-04-05T11:20:33.582+0100] {dag.py:3954} INFO - Setting next_dagrun for example_xcom_args_with_operators to None, run_after=None
[2025-04-05T11:20:33.590+0100] {processor.py:183} INFO - Processing /Users/judeezeh/Desktop/Zoomcamp-project/venv/lib/python3.11/site-packages/airflow/example_dags/example_xcomargs.py took 0.068 seconds
[2025-04-05T11:21:30.915+0100] {processor.py:161} INFO - Started process (PID=17307) to work on /Users/judeezeh/Desktop/Zoomcamp-project/venv/lib/python3.11/site-packages/airflow/example_dags/example_xcomargs.py
[2025-04-05T11:21:30.916+0100] {processor.py:830} INFO - Processing file /Users/judeezeh/Desktop/Zoomcamp-project/venv/lib/python3.11/site-packages/airflow/example_dags/example_xcomargs.py for tasks to queue
[2025-04-05T11:21:30.916+0100] {logging_mixin.py:188} INFO - [2025-04-05T11:21:30.916+0100] {dagbag.py:540} INFO - Filling up the DagBag from /Users/judeezeh/Desktop/Zoomcamp-project/venv/lib/python3.11/site-packages/airflow/example_dags/example_xcomargs.py
[2025-04-05T11:21:30.928+0100] {processor.py:840} INFO - DAG(s) 'example_xcom_args', 'example_xcom_args_with_operators' retrieved from /Users/judeezeh/Desktop/Zoomcamp-project/venv/lib/python3.11/site-packages/airflow/example_dags/example_xcomargs.py
[2025-04-05T11:21:30.957+0100] {logging_mixin.py:188} INFO - [2025-04-05T11:21:30.957+0100] {dag.py:3096} INFO - Sync 2 DAGs
[2025-04-05T11:21:30.960+0100] {logging_mixin.py:188} INFO - [2025-04-05T11:21:30.960+0100] {dag.py:3954} INFO - Setting next_dagrun for example_xcom_args to None, run_after=None
[2025-04-05T11:21:30.961+0100] {logging_mixin.py:188} INFO - [2025-04-05T11:21:30.961+0100] {dag.py:3954} INFO - Setting next_dagrun for example_xcom_args_with_operators to None, run_after=None
[2025-04-05T11:21:30.967+0100] {processor.py:183} INFO - Processing /Users/judeezeh/Desktop/Zoomcamp-project/venv/lib/python3.11/site-packages/airflow/example_dags/example_xcomargs.py took 0.053 seconds
[2025-04-05T11:22:26.986+0100] {processor.py:161} INFO - Started process (PID=17390) to work on /Users/judeezeh/Desktop/Zoomcamp-project/venv/lib/python3.11/site-packages/airflow/example_dags/example_xcomargs.py
[2025-04-05T11:22:26.988+0100] {processor.py:830} INFO - Processing file /Users/judeezeh/Desktop/Zoomcamp-project/venv/lib/python3.11/site-packages/airflow/example_dags/example_xcomargs.py for tasks to queue
[2025-04-05T11:22:26.988+0100] {logging_mixin.py:188} INFO - [2025-04-05T11:22:26.988+0100] {dagbag.py:540} INFO - Filling up the DagBag from /Users/judeezeh/Desktop/Zoomcamp-project/venv/lib/python3.11/site-packages/airflow/example_dags/example_xcomargs.py
[2025-04-05T11:22:27.000+0100] {processor.py:840} INFO - DAG(s) 'example_xcom_args', 'example_xcom_args_with_operators' retrieved from /Users/judeezeh/Desktop/Zoomcamp-project/venv/lib/python3.11/site-packages/airflow/example_dags/example_xcomargs.py
[2025-04-05T11:22:27.029+0100] {logging_mixin.py:188} INFO - [2025-04-05T11:22:27.029+0100] {dag.py:3096} INFO - Sync 2 DAGs
[2025-04-05T11:22:27.032+0100] {logging_mixin.py:188} INFO - [2025-04-05T11:22:27.032+0100] {dag.py:3954} INFO - Setting next_dagrun for example_xcom_args to None, run_after=None
[2025-04-05T11:22:27.033+0100] {logging_mixin.py:188} INFO - [2025-04-05T11:22:27.033+0100] {dag.py:3954} INFO - Setting next_dagrun for example_xcom_args_with_operators to None, run_after=None
[2025-04-05T11:22:27.038+0100] {processor.py:183} INFO - Processing /Users/judeezeh/Desktop/Zoomcamp-project/venv/lib/python3.11/site-packages/airflow/example_dags/example_xcomargs.py took 0.053 seconds
[2025-04-05T11:23:18.108+0100] {processor.py:161} INFO - Started process (PID=17466) to work on /Users/judeezeh/Desktop/Zoomcamp-project/venv/lib/python3.11/site-packages/airflow/example_dags/example_xcomargs.py
[2025-04-05T11:23:18.109+0100] {processor.py:830} INFO - Processing file /Users/judeezeh/Desktop/Zoomcamp-project/venv/lib/python3.11/site-packages/airflow/example_dags/example_xcomargs.py for tasks to queue
[2025-04-05T11:23:18.109+0100] {logging_mixin.py:188} INFO - [2025-04-05T11:23:18.109+0100] {dagbag.py:540} INFO - Filling up the DagBag from /Users/judeezeh/Desktop/Zoomcamp-project/venv/lib/python3.11/site-packages/airflow/example_dags/example_xcomargs.py
[2025-04-05T11:23:18.121+0100] {processor.py:840} INFO - DAG(s) 'example_xcom_args', 'example_xcom_args_with_operators' retrieved from /Users/judeezeh/Desktop/Zoomcamp-project/venv/lib/python3.11/site-packages/airflow/example_dags/example_xcomargs.py
[2025-04-05T11:23:18.150+0100] {logging_mixin.py:188} INFO - [2025-04-05T11:23:18.150+0100] {dag.py:3096} INFO - Sync 2 DAGs
[2025-04-05T11:23:18.153+0100] {logging_mixin.py:188} INFO - [2025-04-05T11:23:18.153+0100] {dag.py:3954} INFO - Setting next_dagrun for example_xcom_args to None, run_after=None
[2025-04-05T11:23:18.154+0100] {logging_mixin.py:188} INFO - [2025-04-05T11:23:18.154+0100] {dag.py:3954} INFO - Setting next_dagrun for example_xcom_args_with_operators to None, run_after=None
[2025-04-05T11:23:18.160+0100] {processor.py:183} INFO - Processing /Users/judeezeh/Desktop/Zoomcamp-project/venv/lib/python3.11/site-packages/airflow/example_dags/example_xcomargs.py took 0.053 seconds
[2025-04-05T11:24:04.445+0100] {processor.py:161} INFO - Started process (PID=17531) to work on /Users/judeezeh/Desktop/Zoomcamp-project/venv/lib/python3.11/site-packages/airflow/example_dags/example_xcomargs.py
[2025-04-05T11:24:04.447+0100] {processor.py:830} INFO - Processing file /Users/judeezeh/Desktop/Zoomcamp-project/venv/lib/python3.11/site-packages/airflow/example_dags/example_xcomargs.py for tasks to queue
[2025-04-05T11:24:04.448+0100] {logging_mixin.py:188} INFO - [2025-04-05T11:24:04.448+0100] {dagbag.py:540} INFO - Filling up the DagBag from /Users/judeezeh/Desktop/Zoomcamp-project/venv/lib/python3.11/site-packages/airflow/example_dags/example_xcomargs.py
[2025-04-05T11:24:04.460+0100] {processor.py:840} INFO - DAG(s) 'example_xcom_args_with_operators', 'example_xcom_args' retrieved from /Users/judeezeh/Desktop/Zoomcamp-project/venv/lib/python3.11/site-packages/airflow/example_dags/example_xcomargs.py
[2025-04-05T11:24:04.490+0100] {logging_mixin.py:188} INFO - [2025-04-05T11:24:04.490+0100] {dag.py:3096} INFO - Sync 2 DAGs
[2025-04-05T11:24:04.493+0100] {logging_mixin.py:188} INFO - [2025-04-05T11:24:04.492+0100] {dag.py:3954} INFO - Setting next_dagrun for example_xcom_args to None, run_after=None
[2025-04-05T11:24:04.493+0100] {logging_mixin.py:188} INFO - [2025-04-05T11:24:04.493+0100] {dag.py:3954} INFO - Setting next_dagrun for example_xcom_args_with_operators to None, run_after=None
[2025-04-05T11:24:04.499+0100] {processor.py:183} INFO - Processing /Users/judeezeh/Desktop/Zoomcamp-project/venv/lib/python3.11/site-packages/airflow/example_dags/example_xcomargs.py took 0.055 seconds
[2025-04-05T11:24:56.812+0100] {processor.py:161} INFO - Started process (PID=17599) to work on /Users/judeezeh/Desktop/Zoomcamp-project/venv/lib/python3.11/site-packages/airflow/example_dags/example_xcomargs.py
[2025-04-05T11:24:56.813+0100] {processor.py:830} INFO - Processing file /Users/judeezeh/Desktop/Zoomcamp-project/venv/lib/python3.11/site-packages/airflow/example_dags/example_xcomargs.py for tasks to queue
[2025-04-05T11:24:56.814+0100] {logging_mixin.py:188} INFO - [2025-04-05T11:24:56.814+0100] {dagbag.py:540} INFO - Filling up the DagBag from /Users/judeezeh/Desktop/Zoomcamp-project/venv/lib/python3.11/site-packages/airflow/example_dags/example_xcomargs.py
[2025-04-05T11:24:56.825+0100] {processor.py:840} INFO - DAG(s) 'example_xcom_args_with_operators', 'example_xcom_args' retrieved from /Users/judeezeh/Desktop/Zoomcamp-project/venv/lib/python3.11/site-packages/airflow/example_dags/example_xcomargs.py
[2025-04-05T11:24:56.855+0100] {logging_mixin.py:188} INFO - [2025-04-05T11:24:56.854+0100] {dag.py:3096} INFO - Sync 2 DAGs
[2025-04-05T11:24:56.857+0100] {logging_mixin.py:188} INFO - [2025-04-05T11:24:56.857+0100] {dag.py:3954} INFO - Setting next_dagrun for example_xcom_args to None, run_after=None
[2025-04-05T11:24:56.858+0100] {logging_mixin.py:188} INFO - [2025-04-05T11:24:56.858+0100] {dag.py:3954} INFO - Setting next_dagrun for example_xcom_args_with_operators to None, run_after=None
[2025-04-05T11:24:56.864+0100] {processor.py:183} INFO - Processing /Users/judeezeh/Desktop/Zoomcamp-project/venv/lib/python3.11/site-packages/airflow/example_dags/example_xcomargs.py took 0.052 seconds
[2025-04-05T11:25:47.590+0100] {processor.py:161} INFO - Started process (PID=17669) to work on /Users/judeezeh/Desktop/Zoomcamp-project/venv/lib/python3.11/site-packages/airflow/example_dags/example_xcomargs.py
[2025-04-05T11:25:47.590+0100] {processor.py:830} INFO - Processing file /Users/judeezeh/Desktop/Zoomcamp-project/venv/lib/python3.11/site-packages/airflow/example_dags/example_xcomargs.py for tasks to queue
[2025-04-05T11:25:47.590+0100] {logging_mixin.py:188} INFO - [2025-04-05T11:25:47.590+0100] {dagbag.py:540} INFO - Filling up the DagBag from /Users/judeezeh/Desktop/Zoomcamp-project/venv/lib/python3.11/site-packages/airflow/example_dags/example_xcomargs.py
[2025-04-05T11:25:47.602+0100] {processor.py:840} INFO - DAG(s) 'example_xcom_args_with_operators', 'example_xcom_args' retrieved from /Users/judeezeh/Desktop/Zoomcamp-project/venv/lib/python3.11/site-packages/airflow/example_dags/example_xcomargs.py
[2025-04-05T11:25:47.631+0100] {logging_mixin.py:188} INFO - [2025-04-05T11:25:47.631+0100] {dag.py:3096} INFO - Sync 2 DAGs
[2025-04-05T11:25:47.634+0100] {logging_mixin.py:188} INFO - [2025-04-05T11:25:47.634+0100] {dag.py:3954} INFO - Setting next_dagrun for example_xcom_args to None, run_after=None
[2025-04-05T11:25:47.635+0100] {logging_mixin.py:188} INFO - [2025-04-05T11:25:47.635+0100] {dag.py:3954} INFO - Setting next_dagrun for example_xcom_args_with_operators to None, run_after=None
[2025-04-05T11:25:47.640+0100] {processor.py:183} INFO - Processing /Users/judeezeh/Desktop/Zoomcamp-project/venv/lib/python3.11/site-packages/airflow/example_dags/example_xcomargs.py took 0.052 seconds
[2025-04-05T11:26:34.744+0100] {processor.py:161} INFO - Started process (PID=17745) to work on /Users/judeezeh/Desktop/Zoomcamp-project/venv/lib/python3.11/site-packages/airflow/example_dags/example_xcomargs.py
[2025-04-05T11:26:34.744+0100] {processor.py:830} INFO - Processing file /Users/judeezeh/Desktop/Zoomcamp-project/venv/lib/python3.11/site-packages/airflow/example_dags/example_xcomargs.py for tasks to queue
[2025-04-05T11:26:34.745+0100] {logging_mixin.py:188} INFO - [2025-04-05T11:26:34.745+0100] {dagbag.py:540} INFO - Filling up the DagBag from /Users/judeezeh/Desktop/Zoomcamp-project/venv/lib/python3.11/site-packages/airflow/example_dags/example_xcomargs.py
[2025-04-05T11:26:34.757+0100] {processor.py:840} INFO - DAG(s) 'example_xcom_args', 'example_xcom_args_with_operators' retrieved from /Users/judeezeh/Desktop/Zoomcamp-project/venv/lib/python3.11/site-packages/airflow/example_dags/example_xcomargs.py
[2025-04-05T11:26:34.787+0100] {logging_mixin.py:188} INFO - [2025-04-05T11:26:34.787+0100] {dag.py:3096} INFO - Sync 2 DAGs
[2025-04-05T11:26:34.790+0100] {logging_mixin.py:188} INFO - [2025-04-05T11:26:34.790+0100] {dag.py:3954} INFO - Setting next_dagrun for example_xcom_args to None, run_after=None
[2025-04-05T11:26:34.791+0100] {logging_mixin.py:188} INFO - [2025-04-05T11:26:34.791+0100] {dag.py:3954} INFO - Setting next_dagrun for example_xcom_args_with_operators to None, run_after=None
[2025-04-05T11:26:34.797+0100] {processor.py:183} INFO - Processing /Users/judeezeh/Desktop/Zoomcamp-project/venv/lib/python3.11/site-packages/airflow/example_dags/example_xcomargs.py took 0.054 seconds
[2025-04-05T11:27:26.148+0100] {processor.py:161} INFO - Started process (PID=17820) to work on /Users/judeezeh/Desktop/Zoomcamp-project/venv/lib/python3.11/site-packages/airflow/example_dags/example_xcomargs.py
[2025-04-05T11:27:26.148+0100] {processor.py:830} INFO - Processing file /Users/judeezeh/Desktop/Zoomcamp-project/venv/lib/python3.11/site-packages/airflow/example_dags/example_xcomargs.py for tasks to queue
[2025-04-05T11:27:26.148+0100] {logging_mixin.py:188} INFO - [2025-04-05T11:27:26.148+0100] {dagbag.py:540} INFO - Filling up the DagBag from /Users/judeezeh/Desktop/Zoomcamp-project/venv/lib/python3.11/site-packages/airflow/example_dags/example_xcomargs.py
[2025-04-05T11:27:26.160+0100] {processor.py:840} INFO - DAG(s) 'example_xcom_args', 'example_xcom_args_with_operators' retrieved from /Users/judeezeh/Desktop/Zoomcamp-project/venv/lib/python3.11/site-packages/airflow/example_dags/example_xcomargs.py
[2025-04-05T11:27:26.190+0100] {logging_mixin.py:188} INFO - [2025-04-05T11:27:26.190+0100] {dag.py:3096} INFO - Sync 2 DAGs
[2025-04-05T11:27:26.193+0100] {logging_mixin.py:188} INFO - [2025-04-05T11:27:26.192+0100] {dag.py:3954} INFO - Setting next_dagrun for example_xcom_args to None, run_after=None
[2025-04-05T11:27:26.193+0100] {logging_mixin.py:188} INFO - [2025-04-05T11:27:26.193+0100] {dag.py:3954} INFO - Setting next_dagrun for example_xcom_args_with_operators to None, run_after=None
[2025-04-05T11:27:26.199+0100] {processor.py:183} INFO - Processing /Users/judeezeh/Desktop/Zoomcamp-project/venv/lib/python3.11/site-packages/airflow/example_dags/example_xcomargs.py took 0.052 seconds
[2025-04-05T11:28:22.252+0100] {processor.py:161} INFO - Started process (PID=17902) to work on /Users/judeezeh/Desktop/Zoomcamp-project/venv/lib/python3.11/site-packages/airflow/example_dags/example_xcomargs.py
[2025-04-05T11:28:22.253+0100] {processor.py:830} INFO - Processing file /Users/judeezeh/Desktop/Zoomcamp-project/venv/lib/python3.11/site-packages/airflow/example_dags/example_xcomargs.py for tasks to queue
[2025-04-05T11:28:22.253+0100] {logging_mixin.py:188} INFO - [2025-04-05T11:28:22.253+0100] {dagbag.py:540} INFO - Filling up the DagBag from /Users/judeezeh/Desktop/Zoomcamp-project/venv/lib/python3.11/site-packages/airflow/example_dags/example_xcomargs.py
[2025-04-05T11:28:22.267+0100] {processor.py:840} INFO - DAG(s) 'example_xcom_args', 'example_xcom_args_with_operators' retrieved from /Users/judeezeh/Desktop/Zoomcamp-project/venv/lib/python3.11/site-packages/airflow/example_dags/example_xcomargs.py
[2025-04-05T11:28:22.298+0100] {logging_mixin.py:188} INFO - [2025-04-05T11:28:22.298+0100] {dag.py:3096} INFO - Sync 2 DAGs
[2025-04-05T11:28:22.301+0100] {logging_mixin.py:188} INFO - [2025-04-05T11:28:22.300+0100] {dag.py:3954} INFO - Setting next_dagrun for example_xcom_args to None, run_after=None
[2025-04-05T11:28:22.301+0100] {logging_mixin.py:188} INFO - [2025-04-05T11:28:22.301+0100] {dag.py:3954} INFO - Setting next_dagrun for example_xcom_args_with_operators to None, run_after=None
[2025-04-05T11:28:22.307+0100] {processor.py:183} INFO - Processing /Users/judeezeh/Desktop/Zoomcamp-project/venv/lib/python3.11/site-packages/airflow/example_dags/example_xcomargs.py took 0.056 seconds
[2025-04-05T11:29:17.314+0100] {processor.py:161} INFO - Started process (PID=17976) to work on /Users/judeezeh/Desktop/Zoomcamp-project/venv/lib/python3.11/site-packages/airflow/example_dags/example_xcomargs.py
[2025-04-05T11:29:17.314+0100] {processor.py:830} INFO - Processing file /Users/judeezeh/Desktop/Zoomcamp-project/venv/lib/python3.11/site-packages/airflow/example_dags/example_xcomargs.py for tasks to queue
[2025-04-05T11:29:17.315+0100] {logging_mixin.py:188} INFO - [2025-04-05T11:29:17.315+0100] {dagbag.py:540} INFO - Filling up the DagBag from /Users/judeezeh/Desktop/Zoomcamp-project/venv/lib/python3.11/site-packages/airflow/example_dags/example_xcomargs.py
[2025-04-05T11:29:17.327+0100] {processor.py:840} INFO - DAG(s) 'example_xcom_args_with_operators', 'example_xcom_args' retrieved from /Users/judeezeh/Desktop/Zoomcamp-project/venv/lib/python3.11/site-packages/airflow/example_dags/example_xcomargs.py
[2025-04-05T11:29:17.358+0100] {logging_mixin.py:188} INFO - [2025-04-05T11:29:17.358+0100] {dag.py:3096} INFO - Sync 2 DAGs
[2025-04-05T11:29:17.361+0100] {logging_mixin.py:188} INFO - [2025-04-05T11:29:17.360+0100] {dag.py:3954} INFO - Setting next_dagrun for example_xcom_args to None, run_after=None
[2025-04-05T11:29:17.361+0100] {logging_mixin.py:188} INFO - [2025-04-05T11:29:17.361+0100] {dag.py:3954} INFO - Setting next_dagrun for example_xcom_args_with_operators to None, run_after=None
[2025-04-05T11:29:17.367+0100] {processor.py:183} INFO - Processing /Users/judeezeh/Desktop/Zoomcamp-project/venv/lib/python3.11/site-packages/airflow/example_dags/example_xcomargs.py took 0.054 seconds
[2025-04-05T11:30:12.215+0100] {processor.py:161} INFO - Started process (PID=18047) to work on /Users/judeezeh/Desktop/Zoomcamp-project/venv/lib/python3.11/site-packages/airflow/example_dags/example_xcomargs.py
[2025-04-05T11:30:12.216+0100] {processor.py:830} INFO - Processing file /Users/judeezeh/Desktop/Zoomcamp-project/venv/lib/python3.11/site-packages/airflow/example_dags/example_xcomargs.py for tasks to queue
[2025-04-05T11:30:12.216+0100] {logging_mixin.py:188} INFO - [2025-04-05T11:30:12.216+0100] {dagbag.py:540} INFO - Filling up the DagBag from /Users/judeezeh/Desktop/Zoomcamp-project/venv/lib/python3.11/site-packages/airflow/example_dags/example_xcomargs.py
[2025-04-05T11:30:12.228+0100] {processor.py:840} INFO - DAG(s) 'example_xcom_args_with_operators', 'example_xcom_args' retrieved from /Users/judeezeh/Desktop/Zoomcamp-project/venv/lib/python3.11/site-packages/airflow/example_dags/example_xcomargs.py
[2025-04-05T11:30:12.257+0100] {logging_mixin.py:188} INFO - [2025-04-05T11:30:12.257+0100] {dag.py:3096} INFO - Sync 2 DAGs
[2025-04-05T11:30:12.260+0100] {logging_mixin.py:188} INFO - [2025-04-05T11:30:12.260+0100] {dag.py:3954} INFO - Setting next_dagrun for example_xcom_args to None, run_after=None
[2025-04-05T11:30:12.261+0100] {logging_mixin.py:188} INFO - [2025-04-05T11:30:12.261+0100] {dag.py:3954} INFO - Setting next_dagrun for example_xcom_args_with_operators to None, run_after=None
[2025-04-05T11:30:12.267+0100] {processor.py:183} INFO - Processing /Users/judeezeh/Desktop/Zoomcamp-project/venv/lib/python3.11/site-packages/airflow/example_dags/example_xcomargs.py took 0.053 seconds
[2025-04-05T11:31:03.745+0100] {processor.py:161} INFO - Started process (PID=18128) to work on /Users/judeezeh/Desktop/Zoomcamp-project/venv/lib/python3.11/site-packages/airflow/example_dags/example_xcomargs.py
[2025-04-05T11:31:03.745+0100] {processor.py:830} INFO - Processing file /Users/judeezeh/Desktop/Zoomcamp-project/venv/lib/python3.11/site-packages/airflow/example_dags/example_xcomargs.py for tasks to queue
[2025-04-05T11:31:03.745+0100] {logging_mixin.py:188} INFO - [2025-04-05T11:31:03.745+0100] {dagbag.py:540} INFO - Filling up the DagBag from /Users/judeezeh/Desktop/Zoomcamp-project/venv/lib/python3.11/site-packages/airflow/example_dags/example_xcomargs.py
[2025-04-05T11:31:03.758+0100] {processor.py:840} INFO - DAG(s) 'example_xcom_args', 'example_xcom_args_with_operators' retrieved from /Users/judeezeh/Desktop/Zoomcamp-project/venv/lib/python3.11/site-packages/airflow/example_dags/example_xcomargs.py
[2025-04-05T11:31:03.787+0100] {logging_mixin.py:188} INFO - [2025-04-05T11:31:03.787+0100] {dag.py:3096} INFO - Sync 2 DAGs
[2025-04-05T11:31:03.790+0100] {logging_mixin.py:188} INFO - [2025-04-05T11:31:03.790+0100] {dag.py:3954} INFO - Setting next_dagrun for example_xcom_args to None, run_after=None
[2025-04-05T11:31:03.791+0100] {logging_mixin.py:188} INFO - [2025-04-05T11:31:03.791+0100] {dag.py:3954} INFO - Setting next_dagrun for example_xcom_args_with_operators to None, run_after=None
[2025-04-05T11:31:03.796+0100] {processor.py:183} INFO - Processing /Users/judeezeh/Desktop/Zoomcamp-project/venv/lib/python3.11/site-packages/airflow/example_dags/example_xcomargs.py took 0.053 seconds
[2025-04-05T11:31:51.772+0100] {processor.py:161} INFO - Started process (PID=18199) to work on /Users/judeezeh/Desktop/Zoomcamp-project/venv/lib/python3.11/site-packages/airflow/example_dags/example_xcomargs.py
[2025-04-05T11:31:51.772+0100] {processor.py:830} INFO - Processing file /Users/judeezeh/Desktop/Zoomcamp-project/venv/lib/python3.11/site-packages/airflow/example_dags/example_xcomargs.py for tasks to queue
[2025-04-05T11:31:51.772+0100] {logging_mixin.py:188} INFO - [2025-04-05T11:31:51.772+0100] {dagbag.py:540} INFO - Filling up the DagBag from /Users/judeezeh/Desktop/Zoomcamp-project/venv/lib/python3.11/site-packages/airflow/example_dags/example_xcomargs.py
[2025-04-05T11:31:51.785+0100] {processor.py:840} INFO - DAG(s) 'example_xcom_args_with_operators', 'example_xcom_args' retrieved from /Users/judeezeh/Desktop/Zoomcamp-project/venv/lib/python3.11/site-packages/airflow/example_dags/example_xcomargs.py
[2025-04-05T11:31:51.816+0100] {logging_mixin.py:188} INFO - [2025-04-05T11:31:51.816+0100] {dag.py:3096} INFO - Sync 2 DAGs
[2025-04-05T11:31:51.819+0100] {logging_mixin.py:188} INFO - [2025-04-05T11:31:51.819+0100] {dag.py:3954} INFO - Setting next_dagrun for example_xcom_args to None, run_after=None
[2025-04-05T11:31:51.820+0100] {logging_mixin.py:188} INFO - [2025-04-05T11:31:51.820+0100] {dag.py:3954} INFO - Setting next_dagrun for example_xcom_args_with_operators to None, run_after=None
[2025-04-05T11:31:51.826+0100] {processor.py:183} INFO - Processing /Users/judeezeh/Desktop/Zoomcamp-project/venv/lib/python3.11/site-packages/airflow/example_dags/example_xcomargs.py took 0.055 seconds
[2025-04-05T11:32:43.852+0100] {processor.py:161} INFO - Started process (PID=18278) to work on /Users/judeezeh/Desktop/Zoomcamp-project/venv/lib/python3.11/site-packages/airflow/example_dags/example_xcomargs.py
[2025-04-05T11:32:43.853+0100] {processor.py:830} INFO - Processing file /Users/judeezeh/Desktop/Zoomcamp-project/venv/lib/python3.11/site-packages/airflow/example_dags/example_xcomargs.py for tasks to queue
[2025-04-05T11:32:43.853+0100] {logging_mixin.py:188} INFO - [2025-04-05T11:32:43.853+0100] {dagbag.py:540} INFO - Filling up the DagBag from /Users/judeezeh/Desktop/Zoomcamp-project/venv/lib/python3.11/site-packages/airflow/example_dags/example_xcomargs.py
[2025-04-05T11:32:43.865+0100] {processor.py:840} INFO - DAG(s) 'example_xcom_args_with_operators', 'example_xcom_args' retrieved from /Users/judeezeh/Desktop/Zoomcamp-project/venv/lib/python3.11/site-packages/airflow/example_dags/example_xcomargs.py
[2025-04-05T11:32:43.894+0100] {logging_mixin.py:188} INFO - [2025-04-05T11:32:43.894+0100] {dag.py:3096} INFO - Sync 2 DAGs
[2025-04-05T11:32:43.897+0100] {logging_mixin.py:188} INFO - [2025-04-05T11:32:43.897+0100] {dag.py:3954} INFO - Setting next_dagrun for example_xcom_args to None, run_after=None
[2025-04-05T11:32:43.898+0100] {logging_mixin.py:188} INFO - [2025-04-05T11:32:43.898+0100] {dag.py:3954} INFO - Setting next_dagrun for example_xcom_args_with_operators to None, run_after=None
[2025-04-05T11:32:43.904+0100] {processor.py:183} INFO - Processing /Users/judeezeh/Desktop/Zoomcamp-project/venv/lib/python3.11/site-packages/airflow/example_dags/example_xcomargs.py took 0.053 seconds
[2025-04-05T11:33:36.489+0100] {processor.py:161} INFO - Started process (PID=18351) to work on /Users/judeezeh/Desktop/Zoomcamp-project/venv/lib/python3.11/site-packages/airflow/example_dags/example_xcomargs.py
[2025-04-05T11:33:36.490+0100] {processor.py:830} INFO - Processing file /Users/judeezeh/Desktop/Zoomcamp-project/venv/lib/python3.11/site-packages/airflow/example_dags/example_xcomargs.py for tasks to queue
[2025-04-05T11:33:36.490+0100] {logging_mixin.py:188} INFO - [2025-04-05T11:33:36.490+0100] {dagbag.py:540} INFO - Filling up the DagBag from /Users/judeezeh/Desktop/Zoomcamp-project/venv/lib/python3.11/site-packages/airflow/example_dags/example_xcomargs.py
[2025-04-05T11:33:36.502+0100] {processor.py:840} INFO - DAG(s) 'example_xcom_args_with_operators', 'example_xcom_args' retrieved from /Users/judeezeh/Desktop/Zoomcamp-project/venv/lib/python3.11/site-packages/airflow/example_dags/example_xcomargs.py
[2025-04-05T11:33:36.531+0100] {logging_mixin.py:188} INFO - [2025-04-05T11:33:36.531+0100] {dag.py:3096} INFO - Sync 2 DAGs
[2025-04-05T11:33:36.535+0100] {logging_mixin.py:188} INFO - [2025-04-05T11:33:36.535+0100] {dag.py:3954} INFO - Setting next_dagrun for example_xcom_args to None, run_after=None
[2025-04-05T11:33:36.536+0100] {logging_mixin.py:188} INFO - [2025-04-05T11:33:36.536+0100] {dag.py:3954} INFO - Setting next_dagrun for example_xcom_args_with_operators to None, run_after=None
[2025-04-05T11:33:36.542+0100] {processor.py:183} INFO - Processing /Users/judeezeh/Desktop/Zoomcamp-project/venv/lib/python3.11/site-packages/airflow/example_dags/example_xcomargs.py took 0.055 seconds
[2025-04-05T11:34:29.942+0100] {processor.py:161} INFO - Started process (PID=18428) to work on /Users/judeezeh/Desktop/Zoomcamp-project/venv/lib/python3.11/site-packages/airflow/example_dags/example_xcomargs.py
[2025-04-05T11:34:29.943+0100] {processor.py:830} INFO - Processing file /Users/judeezeh/Desktop/Zoomcamp-project/venv/lib/python3.11/site-packages/airflow/example_dags/example_xcomargs.py for tasks to queue
[2025-04-05T11:34:29.943+0100] {logging_mixin.py:188} INFO - [2025-04-05T11:34:29.943+0100] {dagbag.py:540} INFO - Filling up the DagBag from /Users/judeezeh/Desktop/Zoomcamp-project/venv/lib/python3.11/site-packages/airflow/example_dags/example_xcomargs.py
[2025-04-05T11:34:29.955+0100] {processor.py:840} INFO - DAG(s) 'example_xcom_args_with_operators', 'example_xcom_args' retrieved from /Users/judeezeh/Desktop/Zoomcamp-project/venv/lib/python3.11/site-packages/airflow/example_dags/example_xcomargs.py
[2025-04-05T11:34:29.984+0100] {logging_mixin.py:188} INFO - [2025-04-05T11:34:29.984+0100] {dag.py:3096} INFO - Sync 2 DAGs
[2025-04-05T11:34:29.987+0100] {logging_mixin.py:188} INFO - [2025-04-05T11:34:29.987+0100] {dag.py:3954} INFO - Setting next_dagrun for example_xcom_args to None, run_after=None
[2025-04-05T11:34:29.987+0100] {logging_mixin.py:188} INFO - [2025-04-05T11:34:29.987+0100] {dag.py:3954} INFO - Setting next_dagrun for example_xcom_args_with_operators to None, run_after=None
[2025-04-05T11:34:29.993+0100] {processor.py:183} INFO - Processing /Users/judeezeh/Desktop/Zoomcamp-project/venv/lib/python3.11/site-packages/airflow/example_dags/example_xcomargs.py took 0.052 seconds
[2025-04-05T11:35:16.587+0100] {processor.py:161} INFO - Started process (PID=18498) to work on /Users/judeezeh/Desktop/Zoomcamp-project/venv/lib/python3.11/site-packages/airflow/example_dags/example_xcomargs.py
[2025-04-05T11:35:16.588+0100] {processor.py:830} INFO - Processing file /Users/judeezeh/Desktop/Zoomcamp-project/venv/lib/python3.11/site-packages/airflow/example_dags/example_xcomargs.py for tasks to queue
[2025-04-05T11:35:16.588+0100] {logging_mixin.py:188} INFO - [2025-04-05T11:35:16.588+0100] {dagbag.py:540} INFO - Filling up the DagBag from /Users/judeezeh/Desktop/Zoomcamp-project/venv/lib/python3.11/site-packages/airflow/example_dags/example_xcomargs.py
[2025-04-05T11:35:16.600+0100] {processor.py:840} INFO - DAG(s) 'example_xcom_args_with_operators', 'example_xcom_args' retrieved from /Users/judeezeh/Desktop/Zoomcamp-project/venv/lib/python3.11/site-packages/airflow/example_dags/example_xcomargs.py
[2025-04-05T11:35:16.629+0100] {logging_mixin.py:188} INFO - [2025-04-05T11:35:16.629+0100] {dag.py:3096} INFO - Sync 2 DAGs
[2025-04-05T11:35:16.632+0100] {logging_mixin.py:188} INFO - [2025-04-05T11:35:16.632+0100] {dag.py:3954} INFO - Setting next_dagrun for example_xcom_args to None, run_after=None
[2025-04-05T11:35:16.633+0100] {logging_mixin.py:188} INFO - [2025-04-05T11:35:16.633+0100] {dag.py:3954} INFO - Setting next_dagrun for example_xcom_args_with_operators to None, run_after=None
[2025-04-05T11:35:16.639+0100] {processor.py:183} INFO - Processing /Users/judeezeh/Desktop/Zoomcamp-project/venv/lib/python3.11/site-packages/airflow/example_dags/example_xcomargs.py took 0.053 seconds
[2025-04-05T11:36:05.705+0100] {processor.py:161} INFO - Started process (PID=18561) to work on /Users/judeezeh/Desktop/Zoomcamp-project/venv/lib/python3.11/site-packages/airflow/example_dags/example_xcomargs.py
[2025-04-05T11:36:05.706+0100] {processor.py:830} INFO - Processing file /Users/judeezeh/Desktop/Zoomcamp-project/venv/lib/python3.11/site-packages/airflow/example_dags/example_xcomargs.py for tasks to queue
[2025-04-05T11:36:05.706+0100] {logging_mixin.py:188} INFO - [2025-04-05T11:36:05.706+0100] {dagbag.py:540} INFO - Filling up the DagBag from /Users/judeezeh/Desktop/Zoomcamp-project/venv/lib/python3.11/site-packages/airflow/example_dags/example_xcomargs.py
[2025-04-05T11:36:05.718+0100] {processor.py:840} INFO - DAG(s) 'example_xcom_args_with_operators', 'example_xcom_args' retrieved from /Users/judeezeh/Desktop/Zoomcamp-project/venv/lib/python3.11/site-packages/airflow/example_dags/example_xcomargs.py
[2025-04-05T11:36:05.747+0100] {logging_mixin.py:188} INFO - [2025-04-05T11:36:05.747+0100] {dag.py:3096} INFO - Sync 2 DAGs
[2025-04-05T11:36:05.750+0100] {logging_mixin.py:188} INFO - [2025-04-05T11:36:05.750+0100] {dag.py:3954} INFO - Setting next_dagrun for example_xcom_args to None, run_after=None
[2025-04-05T11:36:05.751+0100] {logging_mixin.py:188} INFO - [2025-04-05T11:36:05.751+0100] {dag.py:3954} INFO - Setting next_dagrun for example_xcom_args_with_operators to None, run_after=None
[2025-04-05T11:36:05.757+0100] {processor.py:183} INFO - Processing /Users/judeezeh/Desktop/Zoomcamp-project/venv/lib/python3.11/site-packages/airflow/example_dags/example_xcomargs.py took 0.053 seconds
[2025-04-05T11:37:00.196+0100] {processor.py:161} INFO - Started process (PID=18647) to work on /Users/judeezeh/Desktop/Zoomcamp-project/venv/lib/python3.11/site-packages/airflow/example_dags/example_xcomargs.py
[2025-04-05T11:37:00.197+0100] {processor.py:830} INFO - Processing file /Users/judeezeh/Desktop/Zoomcamp-project/venv/lib/python3.11/site-packages/airflow/example_dags/example_xcomargs.py for tasks to queue
[2025-04-05T11:37:00.197+0100] {logging_mixin.py:188} INFO - [2025-04-05T11:37:00.197+0100] {dagbag.py:540} INFO - Filling up the DagBag from /Users/judeezeh/Desktop/Zoomcamp-project/venv/lib/python3.11/site-packages/airflow/example_dags/example_xcomargs.py
[2025-04-05T11:37:00.209+0100] {processor.py:840} INFO - DAG(s) 'example_xcom_args', 'example_xcom_args_with_operators' retrieved from /Users/judeezeh/Desktop/Zoomcamp-project/venv/lib/python3.11/site-packages/airflow/example_dags/example_xcomargs.py
[2025-04-05T11:37:00.238+0100] {logging_mixin.py:188} INFO - [2025-04-05T11:37:00.238+0100] {dag.py:3096} INFO - Sync 2 DAGs
[2025-04-05T11:37:00.241+0100] {logging_mixin.py:188} INFO - [2025-04-05T11:37:00.241+0100] {dag.py:3954} INFO - Setting next_dagrun for example_xcom_args to None, run_after=None
[2025-04-05T11:37:00.242+0100] {logging_mixin.py:188} INFO - [2025-04-05T11:37:00.242+0100] {dag.py:3954} INFO - Setting next_dagrun for example_xcom_args_with_operators to None, run_after=None
[2025-04-05T11:37:00.247+0100] {processor.py:183} INFO - Processing /Users/judeezeh/Desktop/Zoomcamp-project/venv/lib/python3.11/site-packages/airflow/example_dags/example_xcomargs.py took 0.052 seconds
[2025-04-05T11:37:51.422+0100] {processor.py:161} INFO - Started process (PID=18726) to work on /Users/judeezeh/Desktop/Zoomcamp-project/venv/lib/python3.11/site-packages/airflow/example_dags/example_xcomargs.py
[2025-04-05T11:37:51.423+0100] {processor.py:830} INFO - Processing file /Users/judeezeh/Desktop/Zoomcamp-project/venv/lib/python3.11/site-packages/airflow/example_dags/example_xcomargs.py for tasks to queue
[2025-04-05T11:37:51.423+0100] {logging_mixin.py:188} INFO - [2025-04-05T11:37:51.423+0100] {dagbag.py:540} INFO - Filling up the DagBag from /Users/judeezeh/Desktop/Zoomcamp-project/venv/lib/python3.11/site-packages/airflow/example_dags/example_xcomargs.py
[2025-04-05T11:37:51.435+0100] {processor.py:840} INFO - DAG(s) 'example_xcom_args_with_operators', 'example_xcom_args' retrieved from /Users/judeezeh/Desktop/Zoomcamp-project/venv/lib/python3.11/site-packages/airflow/example_dags/example_xcomargs.py
[2025-04-05T11:37:51.464+0100] {logging_mixin.py:188} INFO - [2025-04-05T11:37:51.464+0100] {dag.py:3096} INFO - Sync 2 DAGs
[2025-04-05T11:37:51.467+0100] {logging_mixin.py:188} INFO - [2025-04-05T11:37:51.467+0100] {dag.py:3954} INFO - Setting next_dagrun for example_xcom_args to None, run_after=None
[2025-04-05T11:37:51.468+0100] {logging_mixin.py:188} INFO - [2025-04-05T11:37:51.468+0100] {dag.py:3954} INFO - Setting next_dagrun for example_xcom_args_with_operators to None, run_after=None
[2025-04-05T11:37:51.474+0100] {processor.py:183} INFO - Processing /Users/judeezeh/Desktop/Zoomcamp-project/venv/lib/python3.11/site-packages/airflow/example_dags/example_xcomargs.py took 0.053 seconds
[2025-04-05T11:38:32.390+0100] {processor.py:161} INFO - Started process (PID=18793) to work on /Users/judeezeh/Desktop/Zoomcamp-project/venv/lib/python3.11/site-packages/airflow/example_dags/example_xcomargs.py
[2025-04-05T11:38:32.391+0100] {processor.py:830} INFO - Processing file /Users/judeezeh/Desktop/Zoomcamp-project/venv/lib/python3.11/site-packages/airflow/example_dags/example_xcomargs.py for tasks to queue
[2025-04-05T11:38:32.392+0100] {logging_mixin.py:188} INFO - [2025-04-05T11:38:32.392+0100] {dagbag.py:540} INFO - Filling up the DagBag from /Users/judeezeh/Desktop/Zoomcamp-project/venv/lib/python3.11/site-packages/airflow/example_dags/example_xcomargs.py
[2025-04-05T11:38:32.403+0100] {processor.py:840} INFO - DAG(s) 'example_xcom_args', 'example_xcom_args_with_operators' retrieved from /Users/judeezeh/Desktop/Zoomcamp-project/venv/lib/python3.11/site-packages/airflow/example_dags/example_xcomargs.py
[2025-04-05T11:38:32.432+0100] {logging_mixin.py:188} INFO - [2025-04-05T11:38:32.432+0100] {dag.py:3096} INFO - Sync 2 DAGs
[2025-04-05T11:38:32.435+0100] {logging_mixin.py:188} INFO - [2025-04-05T11:38:32.435+0100] {dag.py:3954} INFO - Setting next_dagrun for example_xcom_args to None, run_after=None
[2025-04-05T11:38:32.436+0100] {logging_mixin.py:188} INFO - [2025-04-05T11:38:32.435+0100] {dag.py:3954} INFO - Setting next_dagrun for example_xcom_args_with_operators to None, run_after=None
[2025-04-05T11:38:32.441+0100] {processor.py:183} INFO - Processing /Users/judeezeh/Desktop/Zoomcamp-project/venv/lib/python3.11/site-packages/airflow/example_dags/example_xcomargs.py took 0.052 seconds
[2025-04-05T11:39:51.669+0100] {processor.py:161} INFO - Started process (PID=18911) to work on /Users/judeezeh/Desktop/Zoomcamp-project/venv/lib/python3.11/site-packages/airflow/example_dags/example_xcomargs.py
[2025-04-05T11:39:51.669+0100] {processor.py:830} INFO - Processing file /Users/judeezeh/Desktop/Zoomcamp-project/venv/lib/python3.11/site-packages/airflow/example_dags/example_xcomargs.py for tasks to queue
[2025-04-05T11:39:51.670+0100] {logging_mixin.py:188} INFO - [2025-04-05T11:39:51.670+0100] {dagbag.py:540} INFO - Filling up the DagBag from /Users/judeezeh/Desktop/Zoomcamp-project/venv/lib/python3.11/site-packages/airflow/example_dags/example_xcomargs.py
[2025-04-05T11:39:51.681+0100] {processor.py:840} INFO - DAG(s) 'example_xcom_args_with_operators', 'example_xcom_args' retrieved from /Users/judeezeh/Desktop/Zoomcamp-project/venv/lib/python3.11/site-packages/airflow/example_dags/example_xcomargs.py
[2025-04-05T11:39:51.710+0100] {logging_mixin.py:188} INFO - [2025-04-05T11:39:51.710+0100] {dag.py:3096} INFO - Sync 2 DAGs
[2025-04-05T11:39:51.713+0100] {logging_mixin.py:188} INFO - [2025-04-05T11:39:51.713+0100] {dag.py:3954} INFO - Setting next_dagrun for example_xcom_args to None, run_after=None
[2025-04-05T11:39:51.714+0100] {logging_mixin.py:188} INFO - [2025-04-05T11:39:51.714+0100] {dag.py:3954} INFO - Setting next_dagrun for example_xcom_args_with_operators to None, run_after=None
[2025-04-05T11:39:51.720+0100] {processor.py:183} INFO - Processing /Users/judeezeh/Desktop/Zoomcamp-project/venv/lib/python3.11/site-packages/airflow/example_dags/example_xcomargs.py took 0.052 seconds
[2025-04-05T11:40:42.634+0100] {processor.py:161} INFO - Started process (PID=19030) to work on /Users/judeezeh/Desktop/Zoomcamp-project/venv/lib/python3.11/site-packages/airflow/example_dags/example_xcomargs.py
[2025-04-05T11:40:42.635+0100] {processor.py:830} INFO - Processing file /Users/judeezeh/Desktop/Zoomcamp-project/venv/lib/python3.11/site-packages/airflow/example_dags/example_xcomargs.py for tasks to queue
[2025-04-05T11:40:42.635+0100] {logging_mixin.py:188} INFO - [2025-04-05T11:40:42.635+0100] {dagbag.py:540} INFO - Filling up the DagBag from /Users/judeezeh/Desktop/Zoomcamp-project/venv/lib/python3.11/site-packages/airflow/example_dags/example_xcomargs.py
[2025-04-05T11:40:42.647+0100] {processor.py:840} INFO - DAG(s) 'example_xcom_args_with_operators', 'example_xcom_args' retrieved from /Users/judeezeh/Desktop/Zoomcamp-project/venv/lib/python3.11/site-packages/airflow/example_dags/example_xcomargs.py
[2025-04-05T11:40:42.677+0100] {logging_mixin.py:188} INFO - [2025-04-05T11:40:42.677+0100] {dag.py:3096} INFO - Sync 2 DAGs
[2025-04-05T11:40:42.680+0100] {logging_mixin.py:188} INFO - [2025-04-05T11:40:42.680+0100] {dag.py:3954} INFO - Setting next_dagrun for example_xcom_args to None, run_after=None
[2025-04-05T11:40:42.681+0100] {logging_mixin.py:188} INFO - [2025-04-05T11:40:42.681+0100] {dag.py:3954} INFO - Setting next_dagrun for example_xcom_args_with_operators to None, run_after=None
[2025-04-05T11:40:42.688+0100] {processor.py:183} INFO - Processing /Users/judeezeh/Desktop/Zoomcamp-project/venv/lib/python3.11/site-packages/airflow/example_dags/example_xcomargs.py took 0.054 seconds
[2025-04-05T11:41:29.521+0100] {processor.py:161} INFO - Started process (PID=19102) to work on /Users/judeezeh/Desktop/Zoomcamp-project/venv/lib/python3.11/site-packages/airflow/example_dags/example_xcomargs.py
[2025-04-05T11:41:29.523+0100] {processor.py:830} INFO - Processing file /Users/judeezeh/Desktop/Zoomcamp-project/venv/lib/python3.11/site-packages/airflow/example_dags/example_xcomargs.py for tasks to queue
[2025-04-05T11:41:29.523+0100] {logging_mixin.py:188} INFO - [2025-04-05T11:41:29.523+0100] {dagbag.py:540} INFO - Filling up the DagBag from /Users/judeezeh/Desktop/Zoomcamp-project/venv/lib/python3.11/site-packages/airflow/example_dags/example_xcomargs.py
[2025-04-05T11:41:29.535+0100] {processor.py:840} INFO - DAG(s) 'example_xcom_args', 'example_xcom_args_with_operators' retrieved from /Users/judeezeh/Desktop/Zoomcamp-project/venv/lib/python3.11/site-packages/airflow/example_dags/example_xcomargs.py
[2025-04-05T11:41:29.564+0100] {logging_mixin.py:188} INFO - [2025-04-05T11:41:29.564+0100] {dag.py:3096} INFO - Sync 2 DAGs
[2025-04-05T11:41:29.567+0100] {logging_mixin.py:188} INFO - [2025-04-05T11:41:29.566+0100] {dag.py:3954} INFO - Setting next_dagrun for example_xcom_args to None, run_after=None
[2025-04-05T11:41:29.567+0100] {logging_mixin.py:188} INFO - [2025-04-05T11:41:29.567+0100] {dag.py:3954} INFO - Setting next_dagrun for example_xcom_args_with_operators to None, run_after=None
[2025-04-05T11:41:29.573+0100] {processor.py:183} INFO - Processing /Users/judeezeh/Desktop/Zoomcamp-project/venv/lib/python3.11/site-packages/airflow/example_dags/example_xcomargs.py took 0.053 seconds
