[2025-04-05T11:15:01.634+0100] {processor.py:161} INFO - Started process (PID=16694) to work on /Users/judeezeh/Desktop/Zoomcamp-project/venv/lib/python3.11/site-packages/airflow/example_dags/tutorial_objectstorage.py
[2025-04-05T11:15:01.634+0100] {processor.py:830} INFO - Processing file /Users/judeezeh/Desktop/Zoomcamp-project/venv/lib/python3.11/site-packages/airflow/example_dags/tutorial_objectstorage.py for tasks to queue
[2025-04-05T11:15:01.634+0100] {logging_mixin.py:188} INFO - [2025-04-05T11:15:01.634+0100] {dagbag.py:540} INFO - Filling up the DagBag from /Users/judeezeh/Desktop/Zoomcamp-project/venv/lib/python3.11/site-packages/airflow/example_dags/tutorial_objectstorage.py
[2025-04-05T11:15:01.656+0100] {processor.py:840} INFO - DAG(s) 'tutorial_objectstorage' retrieved from /Users/judeezeh/Desktop/Zoomcamp-project/venv/lib/python3.11/site-packages/airflow/example_dags/tutorial_objectstorage.py
[2025-04-05T11:15:01.732+0100] {logging_mixin.py:188} INFO - [2025-04-05T11:15:01.732+0100] {override.py:1930} INFO - Created Permission View: can delete on DAG:tutorial_objectstorage
[2025-04-05T11:15:01.735+0100] {logging_mixin.py:188} INFO - [2025-04-05T11:15:01.734+0100] {override.py:1930} INFO - Created Permission View: can read on DAG:tutorial_objectstorage
[2025-04-05T11:15:01.736+0100] {logging_mixin.py:188} INFO - [2025-04-05T11:15:01.736+0100] {override.py:1930} INFO - Created Permission View: can edit on DAG:tutorial_objectstorage
[2025-04-05T11:15:01.736+0100] {logging_mixin.py:188} INFO - [2025-04-05T11:15:01.736+0100] {dag.py:3096} INFO - Sync 1 DAGs
[2025-04-05T11:15:01.739+0100] {logging_mixin.py:188} INFO - [2025-04-05T11:15:01.739+0100] {dag.py:3118} INFO - Creating ORM DAG for tutorial_objectstorage
[2025-04-05T11:15:01.739+0100] {logging_mixin.py:188} INFO - [2025-04-05T11:15:01.739+0100] {dag.py:3954} INFO - Setting next_dagrun for tutorial_objectstorage to None, run_after=None
[2025-04-05T11:15:01.745+0100] {processor.py:183} INFO - Processing /Users/judeezeh/Desktop/Zoomcamp-project/venv/lib/python3.11/site-packages/airflow/example_dags/tutorial_objectstorage.py took 0.112 seconds
[2025-04-05T11:16:25.727+0100] {processor.py:161} INFO - Started process (PID=16825) to work on /Users/judeezeh/Desktop/Zoomcamp-project/venv/lib/python3.11/site-packages/airflow/example_dags/tutorial_objectstorage.py
[2025-04-05T11:16:25.728+0100] {processor.py:830} INFO - Processing file /Users/judeezeh/Desktop/Zoomcamp-project/venv/lib/python3.11/site-packages/airflow/example_dags/tutorial_objectstorage.py for tasks to queue
[2025-04-05T11:16:25.728+0100] {logging_mixin.py:188} INFO - [2025-04-05T11:16:25.728+0100] {dagbag.py:540} INFO - Filling up the DagBag from /Users/judeezeh/Desktop/Zoomcamp-project/venv/lib/python3.11/site-packages/airflow/example_dags/tutorial_objectstorage.py
[2025-04-05T11:16:25.755+0100] {processor.py:840} INFO - DAG(s) 'tutorial_objectstorage' retrieved from /Users/judeezeh/Desktop/Zoomcamp-project/venv/lib/python3.11/site-packages/airflow/example_dags/tutorial_objectstorage.py
[2025-04-05T11:16:25.783+0100] {logging_mixin.py:188} INFO - [2025-04-05T11:16:25.783+0100] {dag.py:3096} INFO - Sync 1 DAGs
[2025-04-05T11:16:25.786+0100] {logging_mixin.py:188} INFO - [2025-04-05T11:16:25.786+0100] {dag.py:3954} INFO - Setting next_dagrun for tutorial_objectstorage to None, run_after=None
[2025-04-05T11:16:25.815+0100] {processor.py:183} INFO - Processing /Users/judeezeh/Desktop/Zoomcamp-project/venv/lib/python3.11/site-packages/airflow/example_dags/tutorial_objectstorage.py took 0.089 seconds
[2025-04-05T11:17:14.036+0100] {processor.py:161} INFO - Started process (PID=16897) to work on /Users/judeezeh/Desktop/Zoomcamp-project/venv/lib/python3.11/site-packages/airflow/example_dags/tutorial_objectstorage.py
[2025-04-05T11:17:14.036+0100] {processor.py:830} INFO - Processing file /Users/judeezeh/Desktop/Zoomcamp-project/venv/lib/python3.11/site-packages/airflow/example_dags/tutorial_objectstorage.py for tasks to queue
[2025-04-05T11:17:14.036+0100] {logging_mixin.py:188} INFO - [2025-04-05T11:17:14.036+0100] {dagbag.py:540} INFO - Filling up the DagBag from /Users/judeezeh/Desktop/Zoomcamp-project/venv/lib/python3.11/site-packages/airflow/example_dags/tutorial_objectstorage.py
[2025-04-05T11:17:14.058+0100] {processor.py:840} INFO - DAG(s) 'tutorial_objectstorage' retrieved from /Users/judeezeh/Desktop/Zoomcamp-project/venv/lib/python3.11/site-packages/airflow/example_dags/tutorial_objectstorage.py
[2025-04-05T11:17:14.085+0100] {logging_mixin.py:188} INFO - [2025-04-05T11:17:14.085+0100] {dag.py:3096} INFO - Sync 1 DAGs
[2025-04-05T11:17:14.088+0100] {logging_mixin.py:188} INFO - [2025-04-05T11:17:14.088+0100] {dag.py:3954} INFO - Setting next_dagrun for tutorial_objectstorage to None, run_after=None
[2025-04-05T11:17:14.117+0100] {processor.py:183} INFO - Processing /Users/judeezeh/Desktop/Zoomcamp-project/venv/lib/python3.11/site-packages/airflow/example_dags/tutorial_objectstorage.py took 0.082 seconds
[2025-04-05T11:17:57.251+0100] {processor.py:161} INFO - Started process (PID=16959) to work on /Users/judeezeh/Desktop/Zoomcamp-project/venv/lib/python3.11/site-packages/airflow/example_dags/tutorial_objectstorage.py
[2025-04-05T11:17:57.251+0100] {processor.py:830} INFO - Processing file /Users/judeezeh/Desktop/Zoomcamp-project/venv/lib/python3.11/site-packages/airflow/example_dags/tutorial_objectstorage.py for tasks to queue
[2025-04-05T11:17:57.252+0100] {logging_mixin.py:188} INFO - [2025-04-05T11:17:57.252+0100] {dagbag.py:540} INFO - Filling up the DagBag from /Users/judeezeh/Desktop/Zoomcamp-project/venv/lib/python3.11/site-packages/airflow/example_dags/tutorial_objectstorage.py
[2025-04-05T11:17:57.280+0100] {processor.py:840} INFO - DAG(s) 'tutorial_objectstorage' retrieved from /Users/judeezeh/Desktop/Zoomcamp-project/venv/lib/python3.11/site-packages/airflow/example_dags/tutorial_objectstorage.py
[2025-04-05T11:17:57.308+0100] {logging_mixin.py:188} INFO - [2025-04-05T11:17:57.308+0100] {dag.py:3096} INFO - Sync 1 DAGs
[2025-04-05T11:17:57.311+0100] {logging_mixin.py:188} INFO - [2025-04-05T11:17:57.311+0100] {dag.py:3954} INFO - Setting next_dagrun for tutorial_objectstorage to None, run_after=None
[2025-04-05T11:17:57.341+0100] {processor.py:183} INFO - Processing /Users/judeezeh/Desktop/Zoomcamp-project/venv/lib/python3.11/site-packages/airflow/example_dags/tutorial_objectstorage.py took 0.091 seconds
[2025-04-05T11:19:05.388+0100] {processor.py:161} INFO - Started process (PID=17089) to work on /Users/judeezeh/Desktop/Zoomcamp-project/venv/lib/python3.11/site-packages/airflow/example_dags/tutorial_objectstorage.py
[2025-04-05T11:19:05.388+0100] {processor.py:830} INFO - Processing file /Users/judeezeh/Desktop/Zoomcamp-project/venv/lib/python3.11/site-packages/airflow/example_dags/tutorial_objectstorage.py for tasks to queue
[2025-04-05T11:19:05.388+0100] {logging_mixin.py:188} INFO - [2025-04-05T11:19:05.388+0100] {dagbag.py:540} INFO - Filling up the DagBag from /Users/judeezeh/Desktop/Zoomcamp-project/venv/lib/python3.11/site-packages/airflow/example_dags/tutorial_objectstorage.py
[2025-04-05T11:19:05.411+0100] {processor.py:840} INFO - DAG(s) 'tutorial_objectstorage' retrieved from /Users/judeezeh/Desktop/Zoomcamp-project/venv/lib/python3.11/site-packages/airflow/example_dags/tutorial_objectstorage.py
[2025-04-05T11:19:05.439+0100] {logging_mixin.py:188} INFO - [2025-04-05T11:19:05.439+0100] {dag.py:3096} INFO - Sync 1 DAGs
[2025-04-05T11:19:05.442+0100] {logging_mixin.py:188} INFO - [2025-04-05T11:19:05.442+0100] {dag.py:3954} INFO - Setting next_dagrun for tutorial_objectstorage to None, run_after=None
[2025-04-05T11:19:05.472+0100] {processor.py:183} INFO - Processing /Users/judeezeh/Desktop/Zoomcamp-project/venv/lib/python3.11/site-packages/airflow/example_dags/tutorial_objectstorage.py took 0.086 seconds
[2025-04-05T11:20:28.151+0100] {processor.py:161} INFO - Started process (PID=17216) to work on /Users/judeezeh/Desktop/Zoomcamp-project/venv/lib/python3.11/site-packages/airflow/example_dags/tutorial_objectstorage.py
[2025-04-05T11:20:28.152+0100] {processor.py:830} INFO - Processing file /Users/judeezeh/Desktop/Zoomcamp-project/venv/lib/python3.11/site-packages/airflow/example_dags/tutorial_objectstorage.py for tasks to queue
[2025-04-05T11:20:28.152+0100] {logging_mixin.py:188} INFO - [2025-04-05T11:20:28.152+0100] {dagbag.py:540} INFO - Filling up the DagBag from /Users/judeezeh/Desktop/Zoomcamp-project/venv/lib/python3.11/site-packages/airflow/example_dags/tutorial_objectstorage.py
[2025-04-05T11:20:28.181+0100] {processor.py:840} INFO - DAG(s) 'tutorial_objectstorage' retrieved from /Users/judeezeh/Desktop/Zoomcamp-project/venv/lib/python3.11/site-packages/airflow/example_dags/tutorial_objectstorage.py
[2025-04-05T11:20:28.209+0100] {logging_mixin.py:188} INFO - [2025-04-05T11:20:28.209+0100] {dag.py:3096} INFO - Sync 1 DAGs
[2025-04-05T11:20:28.212+0100] {logging_mixin.py:188} INFO - [2025-04-05T11:20:28.212+0100] {dag.py:3954} INFO - Setting next_dagrun for tutorial_objectstorage to None, run_after=None
[2025-04-05T11:20:28.242+0100] {processor.py:183} INFO - Processing /Users/judeezeh/Desktop/Zoomcamp-project/venv/lib/python3.11/site-packages/airflow/example_dags/tutorial_objectstorage.py took 0.092 seconds
[2025-04-05T11:21:25.760+0100] {processor.py:161} INFO - Started process (PID=17299) to work on /Users/judeezeh/Desktop/Zoomcamp-project/venv/lib/python3.11/site-packages/airflow/example_dags/tutorial_objectstorage.py
[2025-04-05T11:21:25.760+0100] {processor.py:830} INFO - Processing file /Users/judeezeh/Desktop/Zoomcamp-project/venv/lib/python3.11/site-packages/airflow/example_dags/tutorial_objectstorage.py for tasks to queue
[2025-04-05T11:21:25.760+0100] {logging_mixin.py:188} INFO - [2025-04-05T11:21:25.760+0100] {dagbag.py:540} INFO - Filling up the DagBag from /Users/judeezeh/Desktop/Zoomcamp-project/venv/lib/python3.11/site-packages/airflow/example_dags/tutorial_objectstorage.py
[2025-04-05T11:21:25.787+0100] {processor.py:840} INFO - DAG(s) 'tutorial_objectstorage' retrieved from /Users/judeezeh/Desktop/Zoomcamp-project/venv/lib/python3.11/site-packages/airflow/example_dags/tutorial_objectstorage.py
[2025-04-05T11:21:25.816+0100] {logging_mixin.py:188} INFO - [2025-04-05T11:21:25.816+0100] {dag.py:3096} INFO - Sync 1 DAGs
[2025-04-05T11:21:25.819+0100] {logging_mixin.py:188} INFO - [2025-04-05T11:21:25.819+0100] {dag.py:3954} INFO - Setting next_dagrun for tutorial_objectstorage to None, run_after=None
[2025-04-05T11:21:25.852+0100] {processor.py:183} INFO - Processing /Users/judeezeh/Desktop/Zoomcamp-project/venv/lib/python3.11/site-packages/airflow/example_dags/tutorial_objectstorage.py took 0.094 seconds
[2025-04-05T11:22:22.910+0100] {processor.py:161} INFO - Started process (PID=17384) to work on /Users/judeezeh/Desktop/Zoomcamp-project/venv/lib/python3.11/site-packages/airflow/example_dags/tutorial_objectstorage.py
[2025-04-05T11:22:22.911+0100] {processor.py:830} INFO - Processing file /Users/judeezeh/Desktop/Zoomcamp-project/venv/lib/python3.11/site-packages/airflow/example_dags/tutorial_objectstorage.py for tasks to queue
[2025-04-05T11:22:22.911+0100] {logging_mixin.py:188} INFO - [2025-04-05T11:22:22.911+0100] {dagbag.py:540} INFO - Filling up the DagBag from /Users/judeezeh/Desktop/Zoomcamp-project/venv/lib/python3.11/site-packages/airflow/example_dags/tutorial_objectstorage.py
[2025-04-05T11:22:22.938+0100] {processor.py:840} INFO - DAG(s) 'tutorial_objectstorage' retrieved from /Users/judeezeh/Desktop/Zoomcamp-project/venv/lib/python3.11/site-packages/airflow/example_dags/tutorial_objectstorage.py
[2025-04-05T11:22:22.966+0100] {logging_mixin.py:188} INFO - [2025-04-05T11:22:22.966+0100] {dag.py:3096} INFO - Sync 1 DAGs
[2025-04-05T11:22:22.969+0100] {logging_mixin.py:188} INFO - [2025-04-05T11:22:22.969+0100] {dag.py:3954} INFO - Setting next_dagrun for tutorial_objectstorage to None, run_after=None
[2025-04-05T11:22:22.998+0100] {processor.py:183} INFO - Processing /Users/judeezeh/Desktop/Zoomcamp-project/venv/lib/python3.11/site-packages/airflow/example_dags/tutorial_objectstorage.py took 0.089 seconds
[2025-04-05T11:23:13.355+0100] {processor.py:161} INFO - Started process (PID=17459) to work on /Users/judeezeh/Desktop/Zoomcamp-project/venv/lib/python3.11/site-packages/airflow/example_dags/tutorial_objectstorage.py
[2025-04-05T11:23:13.355+0100] {processor.py:830} INFO - Processing file /Users/judeezeh/Desktop/Zoomcamp-project/venv/lib/python3.11/site-packages/airflow/example_dags/tutorial_objectstorage.py for tasks to queue
[2025-04-05T11:23:13.356+0100] {logging_mixin.py:188} INFO - [2025-04-05T11:23:13.356+0100] {dagbag.py:540} INFO - Filling up the DagBag from /Users/judeezeh/Desktop/Zoomcamp-project/venv/lib/python3.11/site-packages/airflow/example_dags/tutorial_objectstorage.py
[2025-04-05T11:23:13.382+0100] {processor.py:840} INFO - DAG(s) 'tutorial_objectstorage' retrieved from /Users/judeezeh/Desktop/Zoomcamp-project/venv/lib/python3.11/site-packages/airflow/example_dags/tutorial_objectstorage.py
[2025-04-05T11:23:13.410+0100] {logging_mixin.py:188} INFO - [2025-04-05T11:23:13.410+0100] {dag.py:3096} INFO - Sync 1 DAGs
[2025-04-05T11:23:13.413+0100] {logging_mixin.py:188} INFO - [2025-04-05T11:23:13.413+0100] {dag.py:3954} INFO - Setting next_dagrun for tutorial_objectstorage to None, run_after=None
[2025-04-05T11:23:13.441+0100] {processor.py:183} INFO - Processing /Users/judeezeh/Desktop/Zoomcamp-project/venv/lib/python3.11/site-packages/airflow/example_dags/tutorial_objectstorage.py took 0.087 seconds
[2025-04-05T11:23:59.429+0100] {processor.py:161} INFO - Started process (PID=17525) to work on /Users/judeezeh/Desktop/Zoomcamp-project/venv/lib/python3.11/site-packages/airflow/example_dags/tutorial_objectstorage.py
[2025-04-05T11:23:59.430+0100] {processor.py:830} INFO - Processing file /Users/judeezeh/Desktop/Zoomcamp-project/venv/lib/python3.11/site-packages/airflow/example_dags/tutorial_objectstorage.py for tasks to queue
[2025-04-05T11:23:59.430+0100] {logging_mixin.py:188} INFO - [2025-04-05T11:23:59.430+0100] {dagbag.py:540} INFO - Filling up the DagBag from /Users/judeezeh/Desktop/Zoomcamp-project/venv/lib/python3.11/site-packages/airflow/example_dags/tutorial_objectstorage.py
[2025-04-05T11:23:59.458+0100] {processor.py:840} INFO - DAG(s) 'tutorial_objectstorage' retrieved from /Users/judeezeh/Desktop/Zoomcamp-project/venv/lib/python3.11/site-packages/airflow/example_dags/tutorial_objectstorage.py
[2025-04-05T11:23:59.487+0100] {logging_mixin.py:188} INFO - [2025-04-05T11:23:59.487+0100] {dag.py:3096} INFO - Sync 1 DAGs
[2025-04-05T11:23:59.490+0100] {logging_mixin.py:188} INFO - [2025-04-05T11:23:59.490+0100] {dag.py:3954} INFO - Setting next_dagrun for tutorial_objectstorage to None, run_after=None
[2025-04-05T11:23:59.520+0100] {processor.py:183} INFO - Processing /Users/judeezeh/Desktop/Zoomcamp-project/venv/lib/python3.11/site-packages/airflow/example_dags/tutorial_objectstorage.py took 0.092 seconds
[2025-04-05T11:24:52.138+0100] {processor.py:161} INFO - Started process (PID=17593) to work on /Users/judeezeh/Desktop/Zoomcamp-project/venv/lib/python3.11/site-packages/airflow/example_dags/tutorial_objectstorage.py
[2025-04-05T11:24:52.140+0100] {processor.py:830} INFO - Processing file /Users/judeezeh/Desktop/Zoomcamp-project/venv/lib/python3.11/site-packages/airflow/example_dags/tutorial_objectstorage.py for tasks to queue
[2025-04-05T11:24:52.140+0100] {logging_mixin.py:188} INFO - [2025-04-05T11:24:52.140+0100] {dagbag.py:540} INFO - Filling up the DagBag from /Users/judeezeh/Desktop/Zoomcamp-project/venv/lib/python3.11/site-packages/airflow/example_dags/tutorial_objectstorage.py
[2025-04-05T11:24:52.167+0100] {processor.py:840} INFO - DAG(s) 'tutorial_objectstorage' retrieved from /Users/judeezeh/Desktop/Zoomcamp-project/venv/lib/python3.11/site-packages/airflow/example_dags/tutorial_objectstorage.py
[2025-04-05T11:24:52.195+0100] {logging_mixin.py:188} INFO - [2025-04-05T11:24:52.195+0100] {dag.py:3096} INFO - Sync 1 DAGs
[2025-04-05T11:24:52.197+0100] {logging_mixin.py:188} INFO - [2025-04-05T11:24:52.197+0100] {dag.py:3954} INFO - Setting next_dagrun for tutorial_objectstorage to None, run_after=None
[2025-04-05T11:24:52.226+0100] {processor.py:183} INFO - Processing /Users/judeezeh/Desktop/Zoomcamp-project/venv/lib/python3.11/site-packages/airflow/example_dags/tutorial_objectstorage.py took 0.089 seconds
[2025-04-05T11:25:42.519+0100] {processor.py:161} INFO - Started process (PID=17662) to work on /Users/judeezeh/Desktop/Zoomcamp-project/venv/lib/python3.11/site-packages/airflow/example_dags/tutorial_objectstorage.py
[2025-04-05T11:25:42.520+0100] {processor.py:830} INFO - Processing file /Users/judeezeh/Desktop/Zoomcamp-project/venv/lib/python3.11/site-packages/airflow/example_dags/tutorial_objectstorage.py for tasks to queue
[2025-04-05T11:25:42.520+0100] {logging_mixin.py:188} INFO - [2025-04-05T11:25:42.520+0100] {dagbag.py:540} INFO - Filling up the DagBag from /Users/judeezeh/Desktop/Zoomcamp-project/venv/lib/python3.11/site-packages/airflow/example_dags/tutorial_objectstorage.py
[2025-04-05T11:25:42.547+0100] {processor.py:840} INFO - DAG(s) 'tutorial_objectstorage' retrieved from /Users/judeezeh/Desktop/Zoomcamp-project/venv/lib/python3.11/site-packages/airflow/example_dags/tutorial_objectstorage.py
[2025-04-05T11:25:42.575+0100] {logging_mixin.py:188} INFO - [2025-04-05T11:25:42.575+0100] {dag.py:3096} INFO - Sync 1 DAGs
[2025-04-05T11:25:42.577+0100] {logging_mixin.py:188} INFO - [2025-04-05T11:25:42.577+0100] {dag.py:3954} INFO - Setting next_dagrun for tutorial_objectstorage to None, run_after=None
[2025-04-05T11:25:42.608+0100] {processor.py:183} INFO - Processing /Users/judeezeh/Desktop/Zoomcamp-project/venv/lib/python3.11/site-packages/airflow/example_dags/tutorial_objectstorage.py took 0.090 seconds
[2025-04-05T11:26:29.623+0100] {processor.py:161} INFO - Started process (PID=17739) to work on /Users/judeezeh/Desktop/Zoomcamp-project/venv/lib/python3.11/site-packages/airflow/example_dags/tutorial_objectstorage.py
[2025-04-05T11:26:29.623+0100] {processor.py:830} INFO - Processing file /Users/judeezeh/Desktop/Zoomcamp-project/venv/lib/python3.11/site-packages/airflow/example_dags/tutorial_objectstorage.py for tasks to queue
[2025-04-05T11:26:29.623+0100] {logging_mixin.py:188} INFO - [2025-04-05T11:26:29.623+0100] {dagbag.py:540} INFO - Filling up the DagBag from /Users/judeezeh/Desktop/Zoomcamp-project/venv/lib/python3.11/site-packages/airflow/example_dags/tutorial_objectstorage.py
[2025-04-05T11:26:29.651+0100] {processor.py:840} INFO - DAG(s) 'tutorial_objectstorage' retrieved from /Users/judeezeh/Desktop/Zoomcamp-project/venv/lib/python3.11/site-packages/airflow/example_dags/tutorial_objectstorage.py
[2025-04-05T11:26:29.679+0100] {logging_mixin.py:188} INFO - [2025-04-05T11:26:29.679+0100] {dag.py:3096} INFO - Sync 1 DAGs
[2025-04-05T11:26:29.682+0100] {logging_mixin.py:188} INFO - [2025-04-05T11:26:29.682+0100] {dag.py:3954} INFO - Setting next_dagrun for tutorial_objectstorage to None, run_after=None
[2025-04-05T11:26:29.712+0100] {processor.py:183} INFO - Processing /Users/judeezeh/Desktop/Zoomcamp-project/venv/lib/python3.11/site-packages/airflow/example_dags/tutorial_objectstorage.py took 0.090 seconds
[2025-04-05T11:27:21.078+0100] {processor.py:161} INFO - Started process (PID=17814) to work on /Users/judeezeh/Desktop/Zoomcamp-project/venv/lib/python3.11/site-packages/airflow/example_dags/tutorial_objectstorage.py
[2025-04-05T11:27:21.079+0100] {processor.py:830} INFO - Processing file /Users/judeezeh/Desktop/Zoomcamp-project/venv/lib/python3.11/site-packages/airflow/example_dags/tutorial_objectstorage.py for tasks to queue
[2025-04-05T11:27:21.079+0100] {logging_mixin.py:188} INFO - [2025-04-05T11:27:21.079+0100] {dagbag.py:540} INFO - Filling up the DagBag from /Users/judeezeh/Desktop/Zoomcamp-project/venv/lib/python3.11/site-packages/airflow/example_dags/tutorial_objectstorage.py
[2025-04-05T11:27:21.107+0100] {processor.py:840} INFO - DAG(s) 'tutorial_objectstorage' retrieved from /Users/judeezeh/Desktop/Zoomcamp-project/venv/lib/python3.11/site-packages/airflow/example_dags/tutorial_objectstorage.py
[2025-04-05T11:27:21.135+0100] {logging_mixin.py:188} INFO - [2025-04-05T11:27:21.135+0100] {dag.py:3096} INFO - Sync 1 DAGs
[2025-04-05T11:27:21.138+0100] {logging_mixin.py:188} INFO - [2025-04-05T11:27:21.137+0100] {dag.py:3954} INFO - Setting next_dagrun for tutorial_objectstorage to None, run_after=None
[2025-04-05T11:27:21.166+0100] {processor.py:183} INFO - Processing /Users/judeezeh/Desktop/Zoomcamp-project/venv/lib/python3.11/site-packages/airflow/example_dags/tutorial_objectstorage.py took 0.089 seconds
[2025-04-05T11:28:17.005+0100] {processor.py:161} INFO - Started process (PID=17887) to work on /Users/judeezeh/Desktop/Zoomcamp-project/venv/lib/python3.11/site-packages/airflow/example_dags/tutorial_objectstorage.py
[2025-04-05T11:28:17.006+0100] {processor.py:830} INFO - Processing file /Users/judeezeh/Desktop/Zoomcamp-project/venv/lib/python3.11/site-packages/airflow/example_dags/tutorial_objectstorage.py for tasks to queue
[2025-04-05T11:28:17.006+0100] {logging_mixin.py:188} INFO - [2025-04-05T11:28:17.006+0100] {dagbag.py:540} INFO - Filling up the DagBag from /Users/judeezeh/Desktop/Zoomcamp-project/venv/lib/python3.11/site-packages/airflow/example_dags/tutorial_objectstorage.py
[2025-04-05T11:28:17.034+0100] {processor.py:840} INFO - DAG(s) 'tutorial_objectstorage' retrieved from /Users/judeezeh/Desktop/Zoomcamp-project/venv/lib/python3.11/site-packages/airflow/example_dags/tutorial_objectstorage.py
[2025-04-05T11:28:17.063+0100] {logging_mixin.py:188} INFO - [2025-04-05T11:28:17.063+0100] {dag.py:3096} INFO - Sync 1 DAGs
[2025-04-05T11:28:17.066+0100] {logging_mixin.py:188} INFO - [2025-04-05T11:28:17.066+0100] {dag.py:3954} INFO - Setting next_dagrun for tutorial_objectstorage to None, run_after=None
[2025-04-05T11:28:17.099+0100] {processor.py:183} INFO - Processing /Users/judeezeh/Desktop/Zoomcamp-project/venv/lib/python3.11/site-packages/airflow/example_dags/tutorial_objectstorage.py took 0.095 seconds
[2025-04-05T11:29:12.213+0100] {processor.py:161} INFO - Started process (PID=17969) to work on /Users/judeezeh/Desktop/Zoomcamp-project/venv/lib/python3.11/site-packages/airflow/example_dags/tutorial_objectstorage.py
[2025-04-05T11:29:12.214+0100] {processor.py:830} INFO - Processing file /Users/judeezeh/Desktop/Zoomcamp-project/venv/lib/python3.11/site-packages/airflow/example_dags/tutorial_objectstorage.py for tasks to queue
[2025-04-05T11:29:12.214+0100] {logging_mixin.py:188} INFO - [2025-04-05T11:29:12.214+0100] {dagbag.py:540} INFO - Filling up the DagBag from /Users/judeezeh/Desktop/Zoomcamp-project/venv/lib/python3.11/site-packages/airflow/example_dags/tutorial_objectstorage.py
[2025-04-05T11:29:12.242+0100] {processor.py:840} INFO - DAG(s) 'tutorial_objectstorage' retrieved from /Users/judeezeh/Desktop/Zoomcamp-project/venv/lib/python3.11/site-packages/airflow/example_dags/tutorial_objectstorage.py
[2025-04-05T11:29:12.270+0100] {logging_mixin.py:188} INFO - [2025-04-05T11:29:12.270+0100] {dag.py:3096} INFO - Sync 1 DAGs
[2025-04-05T11:29:12.273+0100] {logging_mixin.py:188} INFO - [2025-04-05T11:29:12.273+0100] {dag.py:3954} INFO - Setting next_dagrun for tutorial_objectstorage to None, run_after=None
[2025-04-05T11:29:12.303+0100] {processor.py:183} INFO - Processing /Users/judeezeh/Desktop/Zoomcamp-project/venv/lib/python3.11/site-packages/airflow/example_dags/tutorial_objectstorage.py took 0.091 seconds
[2025-04-05T11:30:07.123+0100] {processor.py:161} INFO - Started process (PID=18041) to work on /Users/judeezeh/Desktop/Zoomcamp-project/venv/lib/python3.11/site-packages/airflow/example_dags/tutorial_objectstorage.py
[2025-04-05T11:30:07.124+0100] {processor.py:830} INFO - Processing file /Users/judeezeh/Desktop/Zoomcamp-project/venv/lib/python3.11/site-packages/airflow/example_dags/tutorial_objectstorage.py for tasks to queue
[2025-04-05T11:30:07.124+0100] {logging_mixin.py:188} INFO - [2025-04-05T11:30:07.124+0100] {dagbag.py:540} INFO - Filling up the DagBag from /Users/judeezeh/Desktop/Zoomcamp-project/venv/lib/python3.11/site-packages/airflow/example_dags/tutorial_objectstorage.py
[2025-04-05T11:30:07.152+0100] {processor.py:840} INFO - DAG(s) 'tutorial_objectstorage' retrieved from /Users/judeezeh/Desktop/Zoomcamp-project/venv/lib/python3.11/site-packages/airflow/example_dags/tutorial_objectstorage.py
[2025-04-05T11:30:07.180+0100] {logging_mixin.py:188} INFO - [2025-04-05T11:30:07.180+0100] {dag.py:3096} INFO - Sync 1 DAGs
[2025-04-05T11:30:07.183+0100] {logging_mixin.py:188} INFO - [2025-04-05T11:30:07.183+0100] {dag.py:3954} INFO - Setting next_dagrun for tutorial_objectstorage to None, run_after=None
[2025-04-05T11:30:07.212+0100] {processor.py:183} INFO - Processing /Users/judeezeh/Desktop/Zoomcamp-project/venv/lib/python3.11/site-packages/airflow/example_dags/tutorial_objectstorage.py took 0.090 seconds
[2025-04-05T11:31:00.235+0100] {processor.py:161} INFO - Started process (PID=18122) to work on /Users/judeezeh/Desktop/Zoomcamp-project/venv/lib/python3.11/site-packages/airflow/example_dags/tutorial_objectstorage.py
[2025-04-05T11:31:00.236+0100] {processor.py:830} INFO - Processing file /Users/judeezeh/Desktop/Zoomcamp-project/venv/lib/python3.11/site-packages/airflow/example_dags/tutorial_objectstorage.py for tasks to queue
[2025-04-05T11:31:00.236+0100] {logging_mixin.py:188} INFO - [2025-04-05T11:31:00.236+0100] {dagbag.py:540} INFO - Filling up the DagBag from /Users/judeezeh/Desktop/Zoomcamp-project/venv/lib/python3.11/site-packages/airflow/example_dags/tutorial_objectstorage.py
[2025-04-05T11:31:00.263+0100] {processor.py:840} INFO - DAG(s) 'tutorial_objectstorage' retrieved from /Users/judeezeh/Desktop/Zoomcamp-project/venv/lib/python3.11/site-packages/airflow/example_dags/tutorial_objectstorage.py
[2025-04-05T11:31:00.291+0100] {logging_mixin.py:188} INFO - [2025-04-05T11:31:00.291+0100] {dag.py:3096} INFO - Sync 1 DAGs
[2025-04-05T11:31:00.293+0100] {logging_mixin.py:188} INFO - [2025-04-05T11:31:00.293+0100] {dag.py:3954} INFO - Setting next_dagrun for tutorial_objectstorage to None, run_after=None
[2025-04-05T11:31:00.322+0100] {processor.py:183} INFO - Processing /Users/judeezeh/Desktop/Zoomcamp-project/venv/lib/python3.11/site-packages/airflow/example_dags/tutorial_objectstorage.py took 0.088 seconds
[2025-04-05T11:31:47.104+0100] {processor.py:161} INFO - Started process (PID=18193) to work on /Users/judeezeh/Desktop/Zoomcamp-project/venv/lib/python3.11/site-packages/airflow/example_dags/tutorial_objectstorage.py
[2025-04-05T11:31:47.104+0100] {processor.py:830} INFO - Processing file /Users/judeezeh/Desktop/Zoomcamp-project/venv/lib/python3.11/site-packages/airflow/example_dags/tutorial_objectstorage.py for tasks to queue
[2025-04-05T11:31:47.104+0100] {logging_mixin.py:188} INFO - [2025-04-05T11:31:47.104+0100] {dagbag.py:540} INFO - Filling up the DagBag from /Users/judeezeh/Desktop/Zoomcamp-project/venv/lib/python3.11/site-packages/airflow/example_dags/tutorial_objectstorage.py
[2025-04-05T11:31:47.125+0100] {processor.py:840} INFO - DAG(s) 'tutorial_objectstorage' retrieved from /Users/judeezeh/Desktop/Zoomcamp-project/venv/lib/python3.11/site-packages/airflow/example_dags/tutorial_objectstorage.py
[2025-04-05T11:31:47.153+0100] {logging_mixin.py:188} INFO - [2025-04-05T11:31:47.153+0100] {dag.py:3096} INFO - Sync 1 DAGs
[2025-04-05T11:31:47.156+0100] {logging_mixin.py:188} INFO - [2025-04-05T11:31:47.156+0100] {dag.py:3954} INFO - Setting next_dagrun for tutorial_objectstorage to None, run_after=None
[2025-04-05T11:31:47.185+0100] {processor.py:183} INFO - Processing /Users/judeezeh/Desktop/Zoomcamp-project/venv/lib/python3.11/site-packages/airflow/example_dags/tutorial_objectstorage.py took 0.083 seconds
[2025-04-05T11:32:38.738+0100] {processor.py:161} INFO - Started process (PID=18271) to work on /Users/judeezeh/Desktop/Zoomcamp-project/venv/lib/python3.11/site-packages/airflow/example_dags/tutorial_objectstorage.py
[2025-04-05T11:32:38.739+0100] {processor.py:830} INFO - Processing file /Users/judeezeh/Desktop/Zoomcamp-project/venv/lib/python3.11/site-packages/airflow/example_dags/tutorial_objectstorage.py for tasks to queue
[2025-04-05T11:32:38.739+0100] {logging_mixin.py:188} INFO - [2025-04-05T11:32:38.739+0100] {dagbag.py:540} INFO - Filling up the DagBag from /Users/judeezeh/Desktop/Zoomcamp-project/venv/lib/python3.11/site-packages/airflow/example_dags/tutorial_objectstorage.py
[2025-04-05T11:32:38.766+0100] {processor.py:840} INFO - DAG(s) 'tutorial_objectstorage' retrieved from /Users/judeezeh/Desktop/Zoomcamp-project/venv/lib/python3.11/site-packages/airflow/example_dags/tutorial_objectstorage.py
[2025-04-05T11:32:38.793+0100] {logging_mixin.py:188} INFO - [2025-04-05T11:32:38.793+0100] {dag.py:3096} INFO - Sync 1 DAGs
[2025-04-05T11:32:38.796+0100] {logging_mixin.py:188} INFO - [2025-04-05T11:32:38.796+0100] {dag.py:3954} INFO - Setting next_dagrun for tutorial_objectstorage to None, run_after=None
[2025-04-05T11:32:38.825+0100] {processor.py:183} INFO - Processing /Users/judeezeh/Desktop/Zoomcamp-project/venv/lib/python3.11/site-packages/airflow/example_dags/tutorial_objectstorage.py took 0.088 seconds
[2025-04-05T11:33:31.404+0100] {processor.py:161} INFO - Started process (PID=18344) to work on /Users/judeezeh/Desktop/Zoomcamp-project/venv/lib/python3.11/site-packages/airflow/example_dags/tutorial_objectstorage.py
[2025-04-05T11:33:31.404+0100] {processor.py:830} INFO - Processing file /Users/judeezeh/Desktop/Zoomcamp-project/venv/lib/python3.11/site-packages/airflow/example_dags/tutorial_objectstorage.py for tasks to queue
[2025-04-05T11:33:31.405+0100] {logging_mixin.py:188} INFO - [2025-04-05T11:33:31.405+0100] {dagbag.py:540} INFO - Filling up the DagBag from /Users/judeezeh/Desktop/Zoomcamp-project/venv/lib/python3.11/site-packages/airflow/example_dags/tutorial_objectstorage.py
[2025-04-05T11:33:31.433+0100] {processor.py:840} INFO - DAG(s) 'tutorial_objectstorage' retrieved from /Users/judeezeh/Desktop/Zoomcamp-project/venv/lib/python3.11/site-packages/airflow/example_dags/tutorial_objectstorage.py
[2025-04-05T11:33:31.461+0100] {logging_mixin.py:188} INFO - [2025-04-05T11:33:31.461+0100] {dag.py:3096} INFO - Sync 1 DAGs
[2025-04-05T11:33:31.464+0100] {logging_mixin.py:188} INFO - [2025-04-05T11:33:31.464+0100] {dag.py:3954} INFO - Setting next_dagrun for tutorial_objectstorage to None, run_after=None
[2025-04-05T11:33:31.492+0100] {processor.py:183} INFO - Processing /Users/judeezeh/Desktop/Zoomcamp-project/venv/lib/python3.11/site-packages/airflow/example_dags/tutorial_objectstorage.py took 0.090 seconds
[2025-04-05T11:34:24.994+0100] {processor.py:161} INFO - Started process (PID=18421) to work on /Users/judeezeh/Desktop/Zoomcamp-project/venv/lib/python3.11/site-packages/airflow/example_dags/tutorial_objectstorage.py
[2025-04-05T11:34:24.995+0100] {processor.py:830} INFO - Processing file /Users/judeezeh/Desktop/Zoomcamp-project/venv/lib/python3.11/site-packages/airflow/example_dags/tutorial_objectstorage.py for tasks to queue
[2025-04-05T11:34:24.995+0100] {logging_mixin.py:188} INFO - [2025-04-05T11:34:24.995+0100] {dagbag.py:540} INFO - Filling up the DagBag from /Users/judeezeh/Desktop/Zoomcamp-project/venv/lib/python3.11/site-packages/airflow/example_dags/tutorial_objectstorage.py
[2025-04-05T11:34:25.022+0100] {processor.py:840} INFO - DAG(s) 'tutorial_objectstorage' retrieved from /Users/judeezeh/Desktop/Zoomcamp-project/venv/lib/python3.11/site-packages/airflow/example_dags/tutorial_objectstorage.py
[2025-04-05T11:34:25.050+0100] {logging_mixin.py:188} INFO - [2025-04-05T11:34:25.049+0100] {dag.py:3096} INFO - Sync 1 DAGs
[2025-04-05T11:34:25.052+0100] {logging_mixin.py:188} INFO - [2025-04-05T11:34:25.052+0100] {dag.py:3954} INFO - Setting next_dagrun for tutorial_objectstorage to None, run_after=None
[2025-04-05T11:34:25.081+0100] {processor.py:183} INFO - Processing /Users/judeezeh/Desktop/Zoomcamp-project/venv/lib/python3.11/site-packages/airflow/example_dags/tutorial_objectstorage.py took 0.088 seconds
[2025-04-05T11:35:12.556+0100] {processor.py:161} INFO - Started process (PID=18491) to work on /Users/judeezeh/Desktop/Zoomcamp-project/venv/lib/python3.11/site-packages/airflow/example_dags/tutorial_objectstorage.py
[2025-04-05T11:35:12.557+0100] {processor.py:830} INFO - Processing file /Users/judeezeh/Desktop/Zoomcamp-project/venv/lib/python3.11/site-packages/airflow/example_dags/tutorial_objectstorage.py for tasks to queue
[2025-04-05T11:35:12.557+0100] {logging_mixin.py:188} INFO - [2025-04-05T11:35:12.557+0100] {dagbag.py:540} INFO - Filling up the DagBag from /Users/judeezeh/Desktop/Zoomcamp-project/venv/lib/python3.11/site-packages/airflow/example_dags/tutorial_objectstorage.py
[2025-04-05T11:35:12.584+0100] {processor.py:840} INFO - DAG(s) 'tutorial_objectstorage' retrieved from /Users/judeezeh/Desktop/Zoomcamp-project/venv/lib/python3.11/site-packages/airflow/example_dags/tutorial_objectstorage.py
[2025-04-05T11:35:12.612+0100] {logging_mixin.py:188} INFO - [2025-04-05T11:35:12.612+0100] {dag.py:3096} INFO - Sync 1 DAGs
[2025-04-05T11:35:12.615+0100] {logging_mixin.py:188} INFO - [2025-04-05T11:35:12.615+0100] {dag.py:3954} INFO - Setting next_dagrun for tutorial_objectstorage to None, run_after=None
[2025-04-05T11:35:12.645+0100] {processor.py:183} INFO - Processing /Users/judeezeh/Desktop/Zoomcamp-project/venv/lib/python3.11/site-packages/airflow/example_dags/tutorial_objectstorage.py took 0.090 seconds
[2025-04-05T11:36:00.571+0100] {processor.py:161} INFO - Started process (PID=18554) to work on /Users/judeezeh/Desktop/Zoomcamp-project/venv/lib/python3.11/site-packages/airflow/example_dags/tutorial_objectstorage.py
[2025-04-05T11:36:00.572+0100] {processor.py:830} INFO - Processing file /Users/judeezeh/Desktop/Zoomcamp-project/venv/lib/python3.11/site-packages/airflow/example_dags/tutorial_objectstorage.py for tasks to queue
[2025-04-05T11:36:00.572+0100] {logging_mixin.py:188} INFO - [2025-04-05T11:36:00.572+0100] {dagbag.py:540} INFO - Filling up the DagBag from /Users/judeezeh/Desktop/Zoomcamp-project/venv/lib/python3.11/site-packages/airflow/example_dags/tutorial_objectstorage.py
[2025-04-05T11:36:00.598+0100] {processor.py:840} INFO - DAG(s) 'tutorial_objectstorage' retrieved from /Users/judeezeh/Desktop/Zoomcamp-project/venv/lib/python3.11/site-packages/airflow/example_dags/tutorial_objectstorage.py
[2025-04-05T11:36:00.627+0100] {logging_mixin.py:188} INFO - [2025-04-05T11:36:00.626+0100] {dag.py:3096} INFO - Sync 1 DAGs
[2025-04-05T11:36:00.629+0100] {logging_mixin.py:188} INFO - [2025-04-05T11:36:00.629+0100] {dag.py:3954} INFO - Setting next_dagrun for tutorial_objectstorage to None, run_after=None
[2025-04-05T11:36:00.660+0100] {processor.py:183} INFO - Processing /Users/judeezeh/Desktop/Zoomcamp-project/venv/lib/python3.11/site-packages/airflow/example_dags/tutorial_objectstorage.py took 0.090 seconds
[2025-04-05T11:36:55.083+0100] {processor.py:161} INFO - Started process (PID=18640) to work on /Users/judeezeh/Desktop/Zoomcamp-project/venv/lib/python3.11/site-packages/airflow/example_dags/tutorial_objectstorage.py
[2025-04-05T11:36:55.084+0100] {processor.py:830} INFO - Processing file /Users/judeezeh/Desktop/Zoomcamp-project/venv/lib/python3.11/site-packages/airflow/example_dags/tutorial_objectstorage.py for tasks to queue
[2025-04-05T11:36:55.084+0100] {logging_mixin.py:188} INFO - [2025-04-05T11:36:55.084+0100] {dagbag.py:540} INFO - Filling up the DagBag from /Users/judeezeh/Desktop/Zoomcamp-project/venv/lib/python3.11/site-packages/airflow/example_dags/tutorial_objectstorage.py
[2025-04-05T11:36:55.111+0100] {processor.py:840} INFO - DAG(s) 'tutorial_objectstorage' retrieved from /Users/judeezeh/Desktop/Zoomcamp-project/venv/lib/python3.11/site-packages/airflow/example_dags/tutorial_objectstorage.py
[2025-04-05T11:36:55.139+0100] {logging_mixin.py:188} INFO - [2025-04-05T11:36:55.139+0100] {dag.py:3096} INFO - Sync 1 DAGs
[2025-04-05T11:36:55.142+0100] {logging_mixin.py:188} INFO - [2025-04-05T11:36:55.142+0100] {dag.py:3954} INFO - Setting next_dagrun for tutorial_objectstorage to None, run_after=None
[2025-04-05T11:36:55.171+0100] {processor.py:183} INFO - Processing /Users/judeezeh/Desktop/Zoomcamp-project/venv/lib/python3.11/site-packages/airflow/example_dags/tutorial_objectstorage.py took 0.089 seconds
[2025-04-05T11:37:46.291+0100] {processor.py:161} INFO - Started process (PID=18720) to work on /Users/judeezeh/Desktop/Zoomcamp-project/venv/lib/python3.11/site-packages/airflow/example_dags/tutorial_objectstorage.py
[2025-04-05T11:37:46.292+0100] {processor.py:830} INFO - Processing file /Users/judeezeh/Desktop/Zoomcamp-project/venv/lib/python3.11/site-packages/airflow/example_dags/tutorial_objectstorage.py for tasks to queue
[2025-04-05T11:37:46.292+0100] {logging_mixin.py:188} INFO - [2025-04-05T11:37:46.292+0100] {dagbag.py:540} INFO - Filling up the DagBag from /Users/judeezeh/Desktop/Zoomcamp-project/venv/lib/python3.11/site-packages/airflow/example_dags/tutorial_objectstorage.py
[2025-04-05T11:37:46.319+0100] {processor.py:840} INFO - DAG(s) 'tutorial_objectstorage' retrieved from /Users/judeezeh/Desktop/Zoomcamp-project/venv/lib/python3.11/site-packages/airflow/example_dags/tutorial_objectstorage.py
[2025-04-05T11:37:46.346+0100] {logging_mixin.py:188} INFO - [2025-04-05T11:37:46.346+0100] {dag.py:3096} INFO - Sync 1 DAGs
[2025-04-05T11:37:46.349+0100] {logging_mixin.py:188} INFO - [2025-04-05T11:37:46.349+0100] {dag.py:3954} INFO - Setting next_dagrun for tutorial_objectstorage to None, run_after=None
[2025-04-05T11:37:46.379+0100] {processor.py:183} INFO - Processing /Users/judeezeh/Desktop/Zoomcamp-project/venv/lib/python3.11/site-packages/airflow/example_dags/tutorial_objectstorage.py took 0.089 seconds
[2025-04-05T11:38:28.389+0100] {processor.py:161} INFO - Started process (PID=18779) to work on /Users/judeezeh/Desktop/Zoomcamp-project/venv/lib/python3.11/site-packages/airflow/example_dags/tutorial_objectstorage.py
[2025-04-05T11:38:28.390+0100] {processor.py:830} INFO - Processing file /Users/judeezeh/Desktop/Zoomcamp-project/venv/lib/python3.11/site-packages/airflow/example_dags/tutorial_objectstorage.py for tasks to queue
[2025-04-05T11:38:28.390+0100] {logging_mixin.py:188} INFO - [2025-04-05T11:38:28.390+0100] {dagbag.py:540} INFO - Filling up the DagBag from /Users/judeezeh/Desktop/Zoomcamp-project/venv/lib/python3.11/site-packages/airflow/example_dags/tutorial_objectstorage.py
[2025-04-05T11:38:28.411+0100] {processor.py:840} INFO - DAG(s) 'tutorial_objectstorage' retrieved from /Users/judeezeh/Desktop/Zoomcamp-project/venv/lib/python3.11/site-packages/airflow/example_dags/tutorial_objectstorage.py
[2025-04-05T11:38:28.439+0100] {logging_mixin.py:188} INFO - [2025-04-05T11:38:28.439+0100] {dag.py:3096} INFO - Sync 1 DAGs
[2025-04-05T11:38:28.441+0100] {logging_mixin.py:188} INFO - [2025-04-05T11:38:28.441+0100] {dag.py:3954} INFO - Setting next_dagrun for tutorial_objectstorage to None, run_after=None
[2025-04-05T11:38:28.470+0100] {processor.py:183} INFO - Processing /Users/judeezeh/Desktop/Zoomcamp-project/venv/lib/python3.11/site-packages/airflow/example_dags/tutorial_objectstorage.py took 0.082 seconds
[2025-04-05T11:39:47.235+0100] {processor.py:161} INFO - Started process (PID=18905) to work on /Users/judeezeh/Desktop/Zoomcamp-project/venv/lib/python3.11/site-packages/airflow/example_dags/tutorial_objectstorage.py
[2025-04-05T11:39:47.235+0100] {processor.py:830} INFO - Processing file /Users/judeezeh/Desktop/Zoomcamp-project/venv/lib/python3.11/site-packages/airflow/example_dags/tutorial_objectstorage.py for tasks to queue
[2025-04-05T11:39:47.235+0100] {logging_mixin.py:188} INFO - [2025-04-05T11:39:47.235+0100] {dagbag.py:540} INFO - Filling up the DagBag from /Users/judeezeh/Desktop/Zoomcamp-project/venv/lib/python3.11/site-packages/airflow/example_dags/tutorial_objectstorage.py
[2025-04-05T11:39:47.259+0100] {processor.py:840} INFO - DAG(s) 'tutorial_objectstorage' retrieved from /Users/judeezeh/Desktop/Zoomcamp-project/venv/lib/python3.11/site-packages/airflow/example_dags/tutorial_objectstorage.py
[2025-04-05T11:39:47.287+0100] {logging_mixin.py:188} INFO - [2025-04-05T11:39:47.287+0100] {dag.py:3096} INFO - Sync 1 DAGs
[2025-04-05T11:39:47.290+0100] {logging_mixin.py:188} INFO - [2025-04-05T11:39:47.290+0100] {dag.py:3954} INFO - Setting next_dagrun for tutorial_objectstorage to None, run_after=None
[2025-04-05T11:39:47.323+0100] {processor.py:183} INFO - Processing /Users/judeezeh/Desktop/Zoomcamp-project/venv/lib/python3.11/site-packages/airflow/example_dags/tutorial_objectstorage.py took 0.089 seconds
[2025-04-05T11:40:39.261+0100] {processor.py:161} INFO - Started process (PID=19024) to work on /Users/judeezeh/Desktop/Zoomcamp-project/venv/lib/python3.11/site-packages/airflow/example_dags/tutorial_objectstorage.py
[2025-04-05T11:40:39.263+0100] {processor.py:830} INFO - Processing file /Users/judeezeh/Desktop/Zoomcamp-project/venv/lib/python3.11/site-packages/airflow/example_dags/tutorial_objectstorage.py for tasks to queue
[2025-04-05T11:40:39.263+0100] {logging_mixin.py:188} INFO - [2025-04-05T11:40:39.263+0100] {dagbag.py:540} INFO - Filling up the DagBag from /Users/judeezeh/Desktop/Zoomcamp-project/venv/lib/python3.11/site-packages/airflow/example_dags/tutorial_objectstorage.py
[2025-04-05T11:40:39.291+0100] {processor.py:840} INFO - DAG(s) 'tutorial_objectstorage' retrieved from /Users/judeezeh/Desktop/Zoomcamp-project/venv/lib/python3.11/site-packages/airflow/example_dags/tutorial_objectstorage.py
[2025-04-05T11:40:39.319+0100] {logging_mixin.py:188} INFO - [2025-04-05T11:40:39.319+0100] {dag.py:3096} INFO - Sync 1 DAGs
[2025-04-05T11:40:39.322+0100] {logging_mixin.py:188} INFO - [2025-04-05T11:40:39.322+0100] {dag.py:3954} INFO - Setting next_dagrun for tutorial_objectstorage to None, run_after=None
[2025-04-05T11:40:39.350+0100] {processor.py:183} INFO - Processing /Users/judeezeh/Desktop/Zoomcamp-project/venv/lib/python3.11/site-packages/airflow/example_dags/tutorial_objectstorage.py took 0.090 seconds
[2025-04-05T11:41:24.883+0100] {processor.py:161} INFO - Started process (PID=19095) to work on /Users/judeezeh/Desktop/Zoomcamp-project/venv/lib/python3.11/site-packages/airflow/example_dags/tutorial_objectstorage.py
[2025-04-05T11:41:24.885+0100] {processor.py:830} INFO - Processing file /Users/judeezeh/Desktop/Zoomcamp-project/venv/lib/python3.11/site-packages/airflow/example_dags/tutorial_objectstorage.py for tasks to queue
[2025-04-05T11:41:24.885+0100] {logging_mixin.py:188} INFO - [2025-04-05T11:41:24.885+0100] {dagbag.py:540} INFO - Filling up the DagBag from /Users/judeezeh/Desktop/Zoomcamp-project/venv/lib/python3.11/site-packages/airflow/example_dags/tutorial_objectstorage.py
[2025-04-05T11:41:24.911+0100] {processor.py:840} INFO - DAG(s) 'tutorial_objectstorage' retrieved from /Users/judeezeh/Desktop/Zoomcamp-project/venv/lib/python3.11/site-packages/airflow/example_dags/tutorial_objectstorage.py
[2025-04-05T11:41:24.939+0100] {logging_mixin.py:188} INFO - [2025-04-05T11:41:24.939+0100] {dag.py:3096} INFO - Sync 1 DAGs
[2025-04-05T11:41:24.942+0100] {logging_mixin.py:188} INFO - [2025-04-05T11:41:24.942+0100] {dag.py:3954} INFO - Setting next_dagrun for tutorial_objectstorage to None, run_after=None
[2025-04-05T11:41:24.971+0100] {processor.py:183} INFO - Processing /Users/judeezeh/Desktop/Zoomcamp-project/venv/lib/python3.11/site-packages/airflow/example_dags/tutorial_objectstorage.py took 0.089 seconds
[2025-04-05T11:42:10.419+0100] {processor.py:161} INFO - Started process (PID=19164) to work on /Users/judeezeh/Desktop/Zoomcamp-project/venv/lib/python3.11/site-packages/airflow/example_dags/tutorial_objectstorage.py
[2025-04-05T11:42:10.421+0100] {processor.py:830} INFO - Processing file /Users/judeezeh/Desktop/Zoomcamp-project/venv/lib/python3.11/site-packages/airflow/example_dags/tutorial_objectstorage.py for tasks to queue
[2025-04-05T11:42:10.421+0100] {logging_mixin.py:188} INFO - [2025-04-05T11:42:10.421+0100] {dagbag.py:540} INFO - Filling up the DagBag from /Users/judeezeh/Desktop/Zoomcamp-project/venv/lib/python3.11/site-packages/airflow/example_dags/tutorial_objectstorage.py
[2025-04-05T11:42:10.448+0100] {processor.py:840} INFO - DAG(s) 'tutorial_objectstorage' retrieved from /Users/judeezeh/Desktop/Zoomcamp-project/venv/lib/python3.11/site-packages/airflow/example_dags/tutorial_objectstorage.py
[2025-04-05T11:42:10.475+0100] {logging_mixin.py:188} INFO - [2025-04-05T11:42:10.475+0100] {dag.py:3096} INFO - Sync 1 DAGs
[2025-04-05T11:42:10.478+0100] {logging_mixin.py:188} INFO - [2025-04-05T11:42:10.478+0100] {dag.py:3954} INFO - Setting next_dagrun for tutorial_objectstorage to None, run_after=None
[2025-04-05T11:42:10.507+0100] {processor.py:183} INFO - Processing /Users/judeezeh/Desktop/Zoomcamp-project/venv/lib/python3.11/site-packages/airflow/example_dags/tutorial_objectstorage.py took 0.089 seconds
