[2025-04-05T11:15:00.922+0100] {processor.py:161} INFO - Started process (PID=16692) to work on /Users/judeezeh/Desktop/Zoomcamp-project/venv/lib/python3.11/site-packages/airflow/example_dags/tutorial_taskflow_api.py
[2025-04-05T11:15:00.923+0100] {processor.py:830} INFO - Processing file /Users/judeezeh/Desktop/Zoomcamp-project/venv/lib/python3.11/site-packages/airflow/example_dags/tutorial_taskflow_api.py for tasks to queue
[2025-04-05T11:15:00.923+0100] {logging_mixin.py:188} INFO - [2025-04-05T11:15:00.923+0100] {dagbag.py:540} INFO - Filling up the DagBag from /Users/judeezeh/Desktop/Zoomcamp-project/venv/lib/python3.11/site-packages/airflow/example_dags/tutorial_taskflow_api.py
[2025-04-05T11:15:00.934+0100] {processor.py:840} INFO - DAG(s) 'tutorial_taskflow_api' retrieved from /Users/judeezeh/Desktop/Zoomcamp-project/venv/lib/python3.11/site-packages/airflow/example_dags/tutorial_taskflow_api.py
[2025-04-05T11:15:01.011+0100] {logging_mixin.py:188} INFO - [2025-04-05T11:15:01.011+0100] {override.py:1930} INFO - Created Permission View: can delete on DAG:tutorial_taskflow_api
[2025-04-05T11:15:01.014+0100] {logging_mixin.py:188} INFO - [2025-04-05T11:15:01.014+0100] {override.py:1930} INFO - Created Permission View: can read on DAG:tutorial_taskflow_api
[2025-04-05T11:15:01.016+0100] {logging_mixin.py:188} INFO - [2025-04-05T11:15:01.016+0100] {override.py:1930} INFO - Created Permission View: can edit on DAG:tutorial_taskflow_api
[2025-04-05T11:15:01.016+0100] {logging_mixin.py:188} INFO - [2025-04-05T11:15:01.016+0100] {dag.py:3096} INFO - Sync 1 DAGs
[2025-04-05T11:15:01.019+0100] {logging_mixin.py:188} INFO - [2025-04-05T11:15:01.019+0100] {dag.py:3118} INFO - Creating ORM DAG for tutorial_taskflow_api
[2025-04-05T11:15:01.019+0100] {logging_mixin.py:188} INFO - [2025-04-05T11:15:01.019+0100] {dag.py:3954} INFO - Setting next_dagrun for tutorial_taskflow_api to None, run_after=None
[2025-04-05T11:15:01.025+0100] {processor.py:183} INFO - Processing /Users/judeezeh/Desktop/Zoomcamp-project/venv/lib/python3.11/site-packages/airflow/example_dags/tutorial_taskflow_api.py took 0.104 seconds
[2025-04-05T11:16:24.053+0100] {processor.py:161} INFO - Started process (PID=16823) to work on /Users/judeezeh/Desktop/Zoomcamp-project/venv/lib/python3.11/site-packages/airflow/example_dags/tutorial_taskflow_api.py
[2025-04-05T11:16:24.054+0100] {processor.py:830} INFO - Processing file /Users/judeezeh/Desktop/Zoomcamp-project/venv/lib/python3.11/site-packages/airflow/example_dags/tutorial_taskflow_api.py for tasks to queue
[2025-04-05T11:16:24.054+0100] {logging_mixin.py:188} INFO - [2025-04-05T11:16:24.054+0100] {dagbag.py:540} INFO - Filling up the DagBag from /Users/judeezeh/Desktop/Zoomcamp-project/venv/lib/python3.11/site-packages/airflow/example_dags/tutorial_taskflow_api.py
[2025-04-05T11:16:24.065+0100] {processor.py:840} INFO - DAG(s) 'tutorial_taskflow_api' retrieved from /Users/judeezeh/Desktop/Zoomcamp-project/venv/lib/python3.11/site-packages/airflow/example_dags/tutorial_taskflow_api.py
[2025-04-05T11:16:24.094+0100] {logging_mixin.py:188} INFO - [2025-04-05T11:16:24.094+0100] {dag.py:3096} INFO - Sync 1 DAGs
[2025-04-05T11:16:24.096+0100] {logging_mixin.py:188} INFO - [2025-04-05T11:16:24.096+0100] {dag.py:3954} INFO - Setting next_dagrun for tutorial_taskflow_api to None, run_after=None
[2025-04-05T11:16:24.103+0100] {processor.py:183} INFO - Processing /Users/judeezeh/Desktop/Zoomcamp-project/venv/lib/python3.11/site-packages/airflow/example_dags/tutorial_taskflow_api.py took 0.051 seconds
[2025-04-05T11:17:12.358+0100] {processor.py:161} INFO - Started process (PID=16894) to work on /Users/judeezeh/Desktop/Zoomcamp-project/venv/lib/python3.11/site-packages/airflow/example_dags/tutorial_taskflow_api.py
[2025-04-05T11:17:12.358+0100] {processor.py:830} INFO - Processing file /Users/judeezeh/Desktop/Zoomcamp-project/venv/lib/python3.11/site-packages/airflow/example_dags/tutorial_taskflow_api.py for tasks to queue
[2025-04-05T11:17:12.359+0100] {logging_mixin.py:188} INFO - [2025-04-05T11:17:12.358+0100] {dagbag.py:540} INFO - Filling up the DagBag from /Users/judeezeh/Desktop/Zoomcamp-project/venv/lib/python3.11/site-packages/airflow/example_dags/tutorial_taskflow_api.py
[2025-04-05T11:17:12.369+0100] {processor.py:840} INFO - DAG(s) 'tutorial_taskflow_api' retrieved from /Users/judeezeh/Desktop/Zoomcamp-project/venv/lib/python3.11/site-packages/airflow/example_dags/tutorial_taskflow_api.py
[2025-04-05T11:17:12.398+0100] {logging_mixin.py:188} INFO - [2025-04-05T11:17:12.398+0100] {dag.py:3096} INFO - Sync 1 DAGs
[2025-04-05T11:17:12.400+0100] {logging_mixin.py:188} INFO - [2025-04-05T11:17:12.400+0100] {dag.py:3954} INFO - Setting next_dagrun for tutorial_taskflow_api to None, run_after=None
[2025-04-05T11:17:12.407+0100] {processor.py:183} INFO - Processing /Users/judeezeh/Desktop/Zoomcamp-project/venv/lib/python3.11/site-packages/airflow/example_dags/tutorial_taskflow_api.py took 0.050 seconds
[2025-04-05T11:17:55.565+0100] {processor.py:161} INFO - Started process (PID=16957) to work on /Users/judeezeh/Desktop/Zoomcamp-project/venv/lib/python3.11/site-packages/airflow/example_dags/tutorial_taskflow_api.py
[2025-04-05T11:17:55.566+0100] {processor.py:830} INFO - Processing file /Users/judeezeh/Desktop/Zoomcamp-project/venv/lib/python3.11/site-packages/airflow/example_dags/tutorial_taskflow_api.py for tasks to queue
[2025-04-05T11:17:55.566+0100] {logging_mixin.py:188} INFO - [2025-04-05T11:17:55.566+0100] {dagbag.py:540} INFO - Filling up the DagBag from /Users/judeezeh/Desktop/Zoomcamp-project/venv/lib/python3.11/site-packages/airflow/example_dags/tutorial_taskflow_api.py
[2025-04-05T11:17:55.577+0100] {processor.py:840} INFO - DAG(s) 'tutorial_taskflow_api' retrieved from /Users/judeezeh/Desktop/Zoomcamp-project/venv/lib/python3.11/site-packages/airflow/example_dags/tutorial_taskflow_api.py
[2025-04-05T11:17:55.606+0100] {logging_mixin.py:188} INFO - [2025-04-05T11:17:55.606+0100] {dag.py:3096} INFO - Sync 1 DAGs
[2025-04-05T11:17:55.609+0100] {logging_mixin.py:188} INFO - [2025-04-05T11:17:55.608+0100] {dag.py:3954} INFO - Setting next_dagrun for tutorial_taskflow_api to None, run_after=None
[2025-04-05T11:17:55.615+0100] {processor.py:183} INFO - Processing /Users/judeezeh/Desktop/Zoomcamp-project/venv/lib/python3.11/site-packages/airflow/example_dags/tutorial_taskflow_api.py took 0.051 seconds
[2025-04-05T11:19:04.523+0100] {processor.py:161} INFO - Started process (PID=17087) to work on /Users/judeezeh/Desktop/Zoomcamp-project/venv/lib/python3.11/site-packages/airflow/example_dags/tutorial_taskflow_api.py
[2025-04-05T11:19:04.524+0100] {processor.py:830} INFO - Processing file /Users/judeezeh/Desktop/Zoomcamp-project/venv/lib/python3.11/site-packages/airflow/example_dags/tutorial_taskflow_api.py for tasks to queue
[2025-04-05T11:19:04.524+0100] {logging_mixin.py:188} INFO - [2025-04-05T11:19:04.524+0100] {dagbag.py:540} INFO - Filling up the DagBag from /Users/judeezeh/Desktop/Zoomcamp-project/venv/lib/python3.11/site-packages/airflow/example_dags/tutorial_taskflow_api.py
[2025-04-05T11:19:04.536+0100] {processor.py:840} INFO - DAG(s) 'tutorial_taskflow_api' retrieved from /Users/judeezeh/Desktop/Zoomcamp-project/venv/lib/python3.11/site-packages/airflow/example_dags/tutorial_taskflow_api.py
[2025-04-05T11:19:04.568+0100] {logging_mixin.py:188} INFO - [2025-04-05T11:19:04.568+0100] {dag.py:3096} INFO - Sync 1 DAGs
[2025-04-05T11:19:04.571+0100] {logging_mixin.py:188} INFO - [2025-04-05T11:19:04.571+0100] {dag.py:3954} INFO - Setting next_dagrun for tutorial_taskflow_api to None, run_after=None
[2025-04-05T11:19:04.578+0100] {processor.py:183} INFO - Processing /Users/judeezeh/Desktop/Zoomcamp-project/venv/lib/python3.11/site-packages/airflow/example_dags/tutorial_taskflow_api.py took 0.056 seconds
[2025-04-05T11:20:26.448+0100] {processor.py:161} INFO - Started process (PID=17214) to work on /Users/judeezeh/Desktop/Zoomcamp-project/venv/lib/python3.11/site-packages/airflow/example_dags/tutorial_taskflow_api.py
[2025-04-05T11:20:26.449+0100] {processor.py:830} INFO - Processing file /Users/judeezeh/Desktop/Zoomcamp-project/venv/lib/python3.11/site-packages/airflow/example_dags/tutorial_taskflow_api.py for tasks to queue
[2025-04-05T11:20:26.449+0100] {logging_mixin.py:188} INFO - [2025-04-05T11:20:26.449+0100] {dagbag.py:540} INFO - Filling up the DagBag from /Users/judeezeh/Desktop/Zoomcamp-project/venv/lib/python3.11/site-packages/airflow/example_dags/tutorial_taskflow_api.py
[2025-04-05T11:20:26.460+0100] {processor.py:840} INFO - DAG(s) 'tutorial_taskflow_api' retrieved from /Users/judeezeh/Desktop/Zoomcamp-project/venv/lib/python3.11/site-packages/airflow/example_dags/tutorial_taskflow_api.py
[2025-04-05T11:20:26.489+0100] {logging_mixin.py:188} INFO - [2025-04-05T11:20:26.489+0100] {dag.py:3096} INFO - Sync 1 DAGs
[2025-04-05T11:20:26.491+0100] {logging_mixin.py:188} INFO - [2025-04-05T11:20:26.491+0100] {dag.py:3954} INFO - Setting next_dagrun for tutorial_taskflow_api to None, run_after=None
[2025-04-05T11:20:26.499+0100] {processor.py:183} INFO - Processing /Users/judeezeh/Desktop/Zoomcamp-project/venv/lib/python3.11/site-packages/airflow/example_dags/tutorial_taskflow_api.py took 0.052 seconds
[2025-04-05T11:21:24.034+0100] {processor.py:161} INFO - Started process (PID=17297) to work on /Users/judeezeh/Desktop/Zoomcamp-project/venv/lib/python3.11/site-packages/airflow/example_dags/tutorial_taskflow_api.py
[2025-04-05T11:21:24.035+0100] {processor.py:830} INFO - Processing file /Users/judeezeh/Desktop/Zoomcamp-project/venv/lib/python3.11/site-packages/airflow/example_dags/tutorial_taskflow_api.py for tasks to queue
[2025-04-05T11:21:24.035+0100] {logging_mixin.py:188} INFO - [2025-04-05T11:21:24.035+0100] {dagbag.py:540} INFO - Filling up the DagBag from /Users/judeezeh/Desktop/Zoomcamp-project/venv/lib/python3.11/site-packages/airflow/example_dags/tutorial_taskflow_api.py
[2025-04-05T11:21:24.048+0100] {processor.py:840} INFO - DAG(s) 'tutorial_taskflow_api' retrieved from /Users/judeezeh/Desktop/Zoomcamp-project/venv/lib/python3.11/site-packages/airflow/example_dags/tutorial_taskflow_api.py
[2025-04-05T11:21:24.081+0100] {logging_mixin.py:188} INFO - [2025-04-05T11:21:24.081+0100] {dag.py:3096} INFO - Sync 1 DAGs
[2025-04-05T11:21:24.084+0100] {logging_mixin.py:188} INFO - [2025-04-05T11:21:24.084+0100] {dag.py:3954} INFO - Setting next_dagrun for tutorial_taskflow_api to None, run_after=None
[2025-04-05T11:21:24.092+0100] {processor.py:183} INFO - Processing /Users/judeezeh/Desktop/Zoomcamp-project/venv/lib/python3.11/site-packages/airflow/example_dags/tutorial_taskflow_api.py took 0.060 seconds
[2025-04-05T11:22:21.334+0100] {processor.py:161} INFO - Started process (PID=17382) to work on /Users/judeezeh/Desktop/Zoomcamp-project/venv/lib/python3.11/site-packages/airflow/example_dags/tutorial_taskflow_api.py
[2025-04-05T11:22:21.335+0100] {processor.py:830} INFO - Processing file /Users/judeezeh/Desktop/Zoomcamp-project/venv/lib/python3.11/site-packages/airflow/example_dags/tutorial_taskflow_api.py for tasks to queue
[2025-04-05T11:22:21.335+0100] {logging_mixin.py:188} INFO - [2025-04-05T11:22:21.335+0100] {dagbag.py:540} INFO - Filling up the DagBag from /Users/judeezeh/Desktop/Zoomcamp-project/venv/lib/python3.11/site-packages/airflow/example_dags/tutorial_taskflow_api.py
[2025-04-05T11:22:21.346+0100] {processor.py:840} INFO - DAG(s) 'tutorial_taskflow_api' retrieved from /Users/judeezeh/Desktop/Zoomcamp-project/venv/lib/python3.11/site-packages/airflow/example_dags/tutorial_taskflow_api.py
[2025-04-05T11:22:21.375+0100] {logging_mixin.py:188} INFO - [2025-04-05T11:22:21.375+0100] {dag.py:3096} INFO - Sync 1 DAGs
[2025-04-05T11:22:21.378+0100] {logging_mixin.py:188} INFO - [2025-04-05T11:22:21.378+0100] {dag.py:3954} INFO - Setting next_dagrun for tutorial_taskflow_api to None, run_after=None
[2025-04-05T11:22:21.384+0100] {processor.py:183} INFO - Processing /Users/judeezeh/Desktop/Zoomcamp-project/venv/lib/python3.11/site-packages/airflow/example_dags/tutorial_taskflow_api.py took 0.051 seconds
[2025-04-05T11:23:11.674+0100] {processor.py:161} INFO - Started process (PID=17457) to work on /Users/judeezeh/Desktop/Zoomcamp-project/venv/lib/python3.11/site-packages/airflow/example_dags/tutorial_taskflow_api.py
[2025-04-05T11:23:11.675+0100] {processor.py:830} INFO - Processing file /Users/judeezeh/Desktop/Zoomcamp-project/venv/lib/python3.11/site-packages/airflow/example_dags/tutorial_taskflow_api.py for tasks to queue
[2025-04-05T11:23:11.675+0100] {logging_mixin.py:188} INFO - [2025-04-05T11:23:11.675+0100] {dagbag.py:540} INFO - Filling up the DagBag from /Users/judeezeh/Desktop/Zoomcamp-project/venv/lib/python3.11/site-packages/airflow/example_dags/tutorial_taskflow_api.py
[2025-04-05T11:23:11.687+0100] {processor.py:840} INFO - DAG(s) 'tutorial_taskflow_api' retrieved from /Users/judeezeh/Desktop/Zoomcamp-project/venv/lib/python3.11/site-packages/airflow/example_dags/tutorial_taskflow_api.py
[2025-04-05T11:23:11.716+0100] {logging_mixin.py:188} INFO - [2025-04-05T11:23:11.715+0100] {dag.py:3096} INFO - Sync 1 DAGs
[2025-04-05T11:23:11.718+0100] {logging_mixin.py:188} INFO - [2025-04-05T11:23:11.718+0100] {dag.py:3954} INFO - Setting next_dagrun for tutorial_taskflow_api to None, run_after=None
[2025-04-05T11:23:11.725+0100] {processor.py:183} INFO - Processing /Users/judeezeh/Desktop/Zoomcamp-project/venv/lib/python3.11/site-packages/airflow/example_dags/tutorial_taskflow_api.py took 0.052 seconds
[2025-04-05T11:23:57.742+0100] {processor.py:161} INFO - Started process (PID=17522) to work on /Users/judeezeh/Desktop/Zoomcamp-project/venv/lib/python3.11/site-packages/airflow/example_dags/tutorial_taskflow_api.py
[2025-04-05T11:23:57.742+0100] {processor.py:830} INFO - Processing file /Users/judeezeh/Desktop/Zoomcamp-project/venv/lib/python3.11/site-packages/airflow/example_dags/tutorial_taskflow_api.py for tasks to queue
[2025-04-05T11:23:57.742+0100] {logging_mixin.py:188} INFO - [2025-04-05T11:23:57.742+0100] {dagbag.py:540} INFO - Filling up the DagBag from /Users/judeezeh/Desktop/Zoomcamp-project/venv/lib/python3.11/site-packages/airflow/example_dags/tutorial_taskflow_api.py
[2025-04-05T11:23:57.754+0100] {processor.py:840} INFO - DAG(s) 'tutorial_taskflow_api' retrieved from /Users/judeezeh/Desktop/Zoomcamp-project/venv/lib/python3.11/site-packages/airflow/example_dags/tutorial_taskflow_api.py
[2025-04-05T11:23:57.782+0100] {logging_mixin.py:188} INFO - [2025-04-05T11:23:57.782+0100] {dag.py:3096} INFO - Sync 1 DAGs
[2025-04-05T11:23:57.784+0100] {logging_mixin.py:188} INFO - [2025-04-05T11:23:57.784+0100] {dag.py:3954} INFO - Setting next_dagrun for tutorial_taskflow_api to None, run_after=None
[2025-04-05T11:23:57.791+0100] {processor.py:183} INFO - Processing /Users/judeezeh/Desktop/Zoomcamp-project/venv/lib/python3.11/site-packages/airflow/example_dags/tutorial_taskflow_api.py took 0.050 seconds
[2025-04-05T11:24:50.459+0100] {processor.py:161} INFO - Started process (PID=17590) to work on /Users/judeezeh/Desktop/Zoomcamp-project/venv/lib/python3.11/site-packages/airflow/example_dags/tutorial_taskflow_api.py
[2025-04-05T11:24:50.461+0100] {processor.py:830} INFO - Processing file /Users/judeezeh/Desktop/Zoomcamp-project/venv/lib/python3.11/site-packages/airflow/example_dags/tutorial_taskflow_api.py for tasks to queue
[2025-04-05T11:24:50.461+0100] {logging_mixin.py:188} INFO - [2025-04-05T11:24:50.461+0100] {dagbag.py:540} INFO - Filling up the DagBag from /Users/judeezeh/Desktop/Zoomcamp-project/venv/lib/python3.11/site-packages/airflow/example_dags/tutorial_taskflow_api.py
[2025-04-05T11:24:50.472+0100] {processor.py:840} INFO - DAG(s) 'tutorial_taskflow_api' retrieved from /Users/judeezeh/Desktop/Zoomcamp-project/venv/lib/python3.11/site-packages/airflow/example_dags/tutorial_taskflow_api.py
[2025-04-05T11:24:50.500+0100] {logging_mixin.py:188} INFO - [2025-04-05T11:24:50.500+0100] {dag.py:3096} INFO - Sync 1 DAGs
[2025-04-05T11:24:50.503+0100] {logging_mixin.py:188} INFO - [2025-04-05T11:24:50.503+0100] {dag.py:3954} INFO - Setting next_dagrun for tutorial_taskflow_api to None, run_after=None
[2025-04-05T11:24:50.510+0100] {processor.py:183} INFO - Processing /Users/judeezeh/Desktop/Zoomcamp-project/venv/lib/python3.11/site-packages/airflow/example_dags/tutorial_taskflow_api.py took 0.051 seconds
[2025-04-05T11:25:41.876+0100] {processor.py:161} INFO - Started process (PID=17660) to work on /Users/judeezeh/Desktop/Zoomcamp-project/venv/lib/python3.11/site-packages/airflow/example_dags/tutorial_taskflow_api.py
[2025-04-05T11:25:41.878+0100] {processor.py:830} INFO - Processing file /Users/judeezeh/Desktop/Zoomcamp-project/venv/lib/python3.11/site-packages/airflow/example_dags/tutorial_taskflow_api.py for tasks to queue
[2025-04-05T11:25:41.878+0100] {logging_mixin.py:188} INFO - [2025-04-05T11:25:41.878+0100] {dagbag.py:540} INFO - Filling up the DagBag from /Users/judeezeh/Desktop/Zoomcamp-project/venv/lib/python3.11/site-packages/airflow/example_dags/tutorial_taskflow_api.py
[2025-04-05T11:25:41.889+0100] {processor.py:840} INFO - DAG(s) 'tutorial_taskflow_api' retrieved from /Users/judeezeh/Desktop/Zoomcamp-project/venv/lib/python3.11/site-packages/airflow/example_dags/tutorial_taskflow_api.py
[2025-04-05T11:25:41.917+0100] {logging_mixin.py:188} INFO - [2025-04-05T11:25:41.917+0100] {dag.py:3096} INFO - Sync 1 DAGs
[2025-04-05T11:25:41.920+0100] {logging_mixin.py:188} INFO - [2025-04-05T11:25:41.920+0100] {dag.py:3954} INFO - Setting next_dagrun for tutorial_taskflow_api to None, run_after=None
[2025-04-05T11:25:41.927+0100] {processor.py:183} INFO - Processing /Users/judeezeh/Desktop/Zoomcamp-project/venv/lib/python3.11/site-packages/airflow/example_dags/tutorial_taskflow_api.py took 0.051 seconds
[2025-04-05T11:26:27.918+0100] {processor.py:161} INFO - Started process (PID=17734) to work on /Users/judeezeh/Desktop/Zoomcamp-project/venv/lib/python3.11/site-packages/airflow/example_dags/tutorial_taskflow_api.py
[2025-04-05T11:26:27.918+0100] {processor.py:830} INFO - Processing file /Users/judeezeh/Desktop/Zoomcamp-project/venv/lib/python3.11/site-packages/airflow/example_dags/tutorial_taskflow_api.py for tasks to queue
[2025-04-05T11:26:27.918+0100] {logging_mixin.py:188} INFO - [2025-04-05T11:26:27.918+0100] {dagbag.py:540} INFO - Filling up the DagBag from /Users/judeezeh/Desktop/Zoomcamp-project/venv/lib/python3.11/site-packages/airflow/example_dags/tutorial_taskflow_api.py
[2025-04-05T11:26:27.930+0100] {processor.py:840} INFO - DAG(s) 'tutorial_taskflow_api' retrieved from /Users/judeezeh/Desktop/Zoomcamp-project/venv/lib/python3.11/site-packages/airflow/example_dags/tutorial_taskflow_api.py
[2025-04-05T11:26:27.958+0100] {logging_mixin.py:188} INFO - [2025-04-05T11:26:27.958+0100] {dag.py:3096} INFO - Sync 1 DAGs
[2025-04-05T11:26:27.961+0100] {logging_mixin.py:188} INFO - [2025-04-05T11:26:27.961+0100] {dag.py:3954} INFO - Setting next_dagrun for tutorial_taskflow_api to None, run_after=None
[2025-04-05T11:26:27.968+0100] {processor.py:183} INFO - Processing /Users/judeezeh/Desktop/Zoomcamp-project/venv/lib/python3.11/site-packages/airflow/example_dags/tutorial_taskflow_api.py took 0.051 seconds
[2025-04-05T11:27:19.395+0100] {processor.py:161} INFO - Started process (PID=17812) to work on /Users/judeezeh/Desktop/Zoomcamp-project/venv/lib/python3.11/site-packages/airflow/example_dags/tutorial_taskflow_api.py
[2025-04-05T11:27:19.395+0100] {processor.py:830} INFO - Processing file /Users/judeezeh/Desktop/Zoomcamp-project/venv/lib/python3.11/site-packages/airflow/example_dags/tutorial_taskflow_api.py for tasks to queue
[2025-04-05T11:27:19.396+0100] {logging_mixin.py:188} INFO - [2025-04-05T11:27:19.395+0100] {dagbag.py:540} INFO - Filling up the DagBag from /Users/judeezeh/Desktop/Zoomcamp-project/venv/lib/python3.11/site-packages/airflow/example_dags/tutorial_taskflow_api.py
[2025-04-05T11:27:19.407+0100] {processor.py:840} INFO - DAG(s) 'tutorial_taskflow_api' retrieved from /Users/judeezeh/Desktop/Zoomcamp-project/venv/lib/python3.11/site-packages/airflow/example_dags/tutorial_taskflow_api.py
[2025-04-05T11:27:19.435+0100] {logging_mixin.py:188} INFO - [2025-04-05T11:27:19.435+0100] {dag.py:3096} INFO - Sync 1 DAGs
[2025-04-05T11:27:19.438+0100] {logging_mixin.py:188} INFO - [2025-04-05T11:27:19.438+0100] {dag.py:3954} INFO - Setting next_dagrun for tutorial_taskflow_api to None, run_after=None
[2025-04-05T11:27:19.445+0100] {processor.py:183} INFO - Processing /Users/judeezeh/Desktop/Zoomcamp-project/venv/lib/python3.11/site-packages/airflow/example_dags/tutorial_taskflow_api.py took 0.051 seconds
[2025-04-05T11:28:15.265+0100] {processor.py:161} INFO - Started process (PID=17882) to work on /Users/judeezeh/Desktop/Zoomcamp-project/venv/lib/python3.11/site-packages/airflow/example_dags/tutorial_taskflow_api.py
[2025-04-05T11:28:15.266+0100] {processor.py:830} INFO - Processing file /Users/judeezeh/Desktop/Zoomcamp-project/venv/lib/python3.11/site-packages/airflow/example_dags/tutorial_taskflow_api.py for tasks to queue
[2025-04-05T11:28:15.267+0100] {logging_mixin.py:188} INFO - [2025-04-05T11:28:15.266+0100] {dagbag.py:540} INFO - Filling up the DagBag from /Users/judeezeh/Desktop/Zoomcamp-project/venv/lib/python3.11/site-packages/airflow/example_dags/tutorial_taskflow_api.py
[2025-04-05T11:28:15.280+0100] {processor.py:840} INFO - DAG(s) 'tutorial_taskflow_api' retrieved from /Users/judeezeh/Desktop/Zoomcamp-project/venv/lib/python3.11/site-packages/airflow/example_dags/tutorial_taskflow_api.py
[2025-04-05T11:28:15.313+0100] {logging_mixin.py:188} INFO - [2025-04-05T11:28:15.313+0100] {dag.py:3096} INFO - Sync 1 DAGs
[2025-04-05T11:28:15.316+0100] {logging_mixin.py:188} INFO - [2025-04-05T11:28:15.316+0100] {dag.py:3954} INFO - Setting next_dagrun for tutorial_taskflow_api to None, run_after=None
[2025-04-05T11:28:15.323+0100] {processor.py:183} INFO - Processing /Users/judeezeh/Desktop/Zoomcamp-project/venv/lib/python3.11/site-packages/airflow/example_dags/tutorial_taskflow_api.py took 0.059 seconds
[2025-04-05T11:29:10.531+0100] {processor.py:161} INFO - Started process (PID=17967) to work on /Users/judeezeh/Desktop/Zoomcamp-project/venv/lib/python3.11/site-packages/airflow/example_dags/tutorial_taskflow_api.py
[2025-04-05T11:29:10.532+0100] {processor.py:830} INFO - Processing file /Users/judeezeh/Desktop/Zoomcamp-project/venv/lib/python3.11/site-packages/airflow/example_dags/tutorial_taskflow_api.py for tasks to queue
[2025-04-05T11:29:10.532+0100] {logging_mixin.py:188} INFO - [2025-04-05T11:29:10.532+0100] {dagbag.py:540} INFO - Filling up the DagBag from /Users/judeezeh/Desktop/Zoomcamp-project/venv/lib/python3.11/site-packages/airflow/example_dags/tutorial_taskflow_api.py
[2025-04-05T11:29:10.544+0100] {processor.py:840} INFO - DAG(s) 'tutorial_taskflow_api' retrieved from /Users/judeezeh/Desktop/Zoomcamp-project/venv/lib/python3.11/site-packages/airflow/example_dags/tutorial_taskflow_api.py
[2025-04-05T11:29:10.573+0100] {logging_mixin.py:188} INFO - [2025-04-05T11:29:10.573+0100] {dag.py:3096} INFO - Sync 1 DAGs
[2025-04-05T11:29:10.576+0100] {logging_mixin.py:188} INFO - [2025-04-05T11:29:10.576+0100] {dag.py:3954} INFO - Setting next_dagrun for tutorial_taskflow_api to None, run_after=None
[2025-04-05T11:29:10.583+0100] {processor.py:183} INFO - Processing /Users/judeezeh/Desktop/Zoomcamp-project/venv/lib/python3.11/site-packages/airflow/example_dags/tutorial_taskflow_api.py took 0.053 seconds
[2025-04-05T11:30:05.435+0100] {processor.py:161} INFO - Started process (PID=18038) to work on /Users/judeezeh/Desktop/Zoomcamp-project/venv/lib/python3.11/site-packages/airflow/example_dags/tutorial_taskflow_api.py
[2025-04-05T11:30:05.436+0100] {processor.py:830} INFO - Processing file /Users/judeezeh/Desktop/Zoomcamp-project/venv/lib/python3.11/site-packages/airflow/example_dags/tutorial_taskflow_api.py for tasks to queue
[2025-04-05T11:30:05.436+0100] {logging_mixin.py:188} INFO - [2025-04-05T11:30:05.436+0100] {dagbag.py:540} INFO - Filling up the DagBag from /Users/judeezeh/Desktop/Zoomcamp-project/venv/lib/python3.11/site-packages/airflow/example_dags/tutorial_taskflow_api.py
[2025-04-05T11:30:05.448+0100] {processor.py:840} INFO - DAG(s) 'tutorial_taskflow_api' retrieved from /Users/judeezeh/Desktop/Zoomcamp-project/venv/lib/python3.11/site-packages/airflow/example_dags/tutorial_taskflow_api.py
[2025-04-05T11:30:05.477+0100] {logging_mixin.py:188} INFO - [2025-04-05T11:30:05.477+0100] {dag.py:3096} INFO - Sync 1 DAGs
[2025-04-05T11:30:05.480+0100] {logging_mixin.py:188} INFO - [2025-04-05T11:30:05.479+0100] {dag.py:3954} INFO - Setting next_dagrun for tutorial_taskflow_api to None, run_after=None
[2025-04-05T11:30:05.486+0100] {processor.py:183} INFO - Processing /Users/judeezeh/Desktop/Zoomcamp-project/venv/lib/python3.11/site-packages/airflow/example_dags/tutorial_taskflow_api.py took 0.052 seconds
[2025-04-05T11:30:58.761+0100] {processor.py:161} INFO - Started process (PID=18119) to work on /Users/judeezeh/Desktop/Zoomcamp-project/venv/lib/python3.11/site-packages/airflow/example_dags/tutorial_taskflow_api.py
[2025-04-05T11:30:58.762+0100] {processor.py:830} INFO - Processing file /Users/judeezeh/Desktop/Zoomcamp-project/venv/lib/python3.11/site-packages/airflow/example_dags/tutorial_taskflow_api.py for tasks to queue
[2025-04-05T11:30:58.762+0100] {logging_mixin.py:188} INFO - [2025-04-05T11:30:58.762+0100] {dagbag.py:540} INFO - Filling up the DagBag from /Users/judeezeh/Desktop/Zoomcamp-project/venv/lib/python3.11/site-packages/airflow/example_dags/tutorial_taskflow_api.py
[2025-04-05T11:30:58.774+0100] {processor.py:840} INFO - DAG(s) 'tutorial_taskflow_api' retrieved from /Users/judeezeh/Desktop/Zoomcamp-project/venv/lib/python3.11/site-packages/airflow/example_dags/tutorial_taskflow_api.py
[2025-04-05T11:30:58.802+0100] {logging_mixin.py:188} INFO - [2025-04-05T11:30:58.802+0100] {dag.py:3096} INFO - Sync 1 DAGs
[2025-04-05T11:30:58.805+0100] {logging_mixin.py:188} INFO - [2025-04-05T11:30:58.805+0100] {dag.py:3954} INFO - Setting next_dagrun for tutorial_taskflow_api to None, run_after=None
[2025-04-05T11:30:58.811+0100] {processor.py:183} INFO - Processing /Users/judeezeh/Desktop/Zoomcamp-project/venv/lib/python3.11/site-packages/airflow/example_dags/tutorial_taskflow_api.py took 0.051 seconds
[2025-04-05T11:31:46.108+0100] {processor.py:161} INFO - Started process (PID=18191) to work on /Users/judeezeh/Desktop/Zoomcamp-project/venv/lib/python3.11/site-packages/airflow/example_dags/tutorial_taskflow_api.py
[2025-04-05T11:31:46.109+0100] {processor.py:830} INFO - Processing file /Users/judeezeh/Desktop/Zoomcamp-project/venv/lib/python3.11/site-packages/airflow/example_dags/tutorial_taskflow_api.py for tasks to queue
[2025-04-05T11:31:46.109+0100] {logging_mixin.py:188} INFO - [2025-04-05T11:31:46.109+0100] {dagbag.py:540} INFO - Filling up the DagBag from /Users/judeezeh/Desktop/Zoomcamp-project/venv/lib/python3.11/site-packages/airflow/example_dags/tutorial_taskflow_api.py
[2025-04-05T11:31:46.120+0100] {processor.py:840} INFO - DAG(s) 'tutorial_taskflow_api' retrieved from /Users/judeezeh/Desktop/Zoomcamp-project/venv/lib/python3.11/site-packages/airflow/example_dags/tutorial_taskflow_api.py
[2025-04-05T11:31:46.148+0100] {logging_mixin.py:188} INFO - [2025-04-05T11:31:46.148+0100] {dag.py:3096} INFO - Sync 1 DAGs
[2025-04-05T11:31:46.151+0100] {logging_mixin.py:188} INFO - [2025-04-05T11:31:46.151+0100] {dag.py:3954} INFO - Setting next_dagrun for tutorial_taskflow_api to None, run_after=None
[2025-04-05T11:31:46.158+0100] {processor.py:183} INFO - Processing /Users/judeezeh/Desktop/Zoomcamp-project/venv/lib/python3.11/site-packages/airflow/example_dags/tutorial_taskflow_api.py took 0.050 seconds
[2025-04-05T11:32:37.055+0100] {processor.py:161} INFO - Started process (PID=18269) to work on /Users/judeezeh/Desktop/Zoomcamp-project/venv/lib/python3.11/site-packages/airflow/example_dags/tutorial_taskflow_api.py
[2025-04-05T11:32:37.056+0100] {processor.py:830} INFO - Processing file /Users/judeezeh/Desktop/Zoomcamp-project/venv/lib/python3.11/site-packages/airflow/example_dags/tutorial_taskflow_api.py for tasks to queue
[2025-04-05T11:32:37.056+0100] {logging_mixin.py:188} INFO - [2025-04-05T11:32:37.056+0100] {dagbag.py:540} INFO - Filling up the DagBag from /Users/judeezeh/Desktop/Zoomcamp-project/venv/lib/python3.11/site-packages/airflow/example_dags/tutorial_taskflow_api.py
[2025-04-05T11:32:37.068+0100] {processor.py:840} INFO - DAG(s) 'tutorial_taskflow_api' retrieved from /Users/judeezeh/Desktop/Zoomcamp-project/venv/lib/python3.11/site-packages/airflow/example_dags/tutorial_taskflow_api.py
[2025-04-05T11:32:37.097+0100] {logging_mixin.py:188} INFO - [2025-04-05T11:32:37.097+0100] {dag.py:3096} INFO - Sync 1 DAGs
[2025-04-05T11:32:37.100+0100] {logging_mixin.py:188} INFO - [2025-04-05T11:32:37.100+0100] {dag.py:3954} INFO - Setting next_dagrun for tutorial_taskflow_api to None, run_after=None
[2025-04-05T11:32:37.106+0100] {processor.py:183} INFO - Processing /Users/judeezeh/Desktop/Zoomcamp-project/venv/lib/python3.11/site-packages/airflow/example_dags/tutorial_taskflow_api.py took 0.052 seconds
[2025-04-05T11:33:29.685+0100] {processor.py:161} INFO - Started process (PID=18340) to work on /Users/judeezeh/Desktop/Zoomcamp-project/venv/lib/python3.11/site-packages/airflow/example_dags/tutorial_taskflow_api.py
[2025-04-05T11:33:29.686+0100] {processor.py:830} INFO - Processing file /Users/judeezeh/Desktop/Zoomcamp-project/venv/lib/python3.11/site-packages/airflow/example_dags/tutorial_taskflow_api.py for tasks to queue
[2025-04-05T11:33:29.686+0100] {logging_mixin.py:188} INFO - [2025-04-05T11:33:29.686+0100] {dagbag.py:540} INFO - Filling up the DagBag from /Users/judeezeh/Desktop/Zoomcamp-project/venv/lib/python3.11/site-packages/airflow/example_dags/tutorial_taskflow_api.py
[2025-04-05T11:33:29.699+0100] {processor.py:840} INFO - DAG(s) 'tutorial_taskflow_api' retrieved from /Users/judeezeh/Desktop/Zoomcamp-project/venv/lib/python3.11/site-packages/airflow/example_dags/tutorial_taskflow_api.py
[2025-04-05T11:33:29.738+0100] {logging_mixin.py:188} INFO - [2025-04-05T11:33:29.738+0100] {dag.py:3096} INFO - Sync 1 DAGs
[2025-04-05T11:33:29.741+0100] {logging_mixin.py:188} INFO - [2025-04-05T11:33:29.741+0100] {dag.py:3954} INFO - Setting next_dagrun for tutorial_taskflow_api to None, run_after=None
[2025-04-05T11:33:29.749+0100] {processor.py:183} INFO - Processing /Users/judeezeh/Desktop/Zoomcamp-project/venv/lib/python3.11/site-packages/airflow/example_dags/tutorial_taskflow_api.py took 0.066 seconds
[2025-04-05T11:34:23.289+0100] {processor.py:161} INFO - Started process (PID=18419) to work on /Users/judeezeh/Desktop/Zoomcamp-project/venv/lib/python3.11/site-packages/airflow/example_dags/tutorial_taskflow_api.py
[2025-04-05T11:34:23.290+0100] {processor.py:830} INFO - Processing file /Users/judeezeh/Desktop/Zoomcamp-project/venv/lib/python3.11/site-packages/airflow/example_dags/tutorial_taskflow_api.py for tasks to queue
[2025-04-05T11:34:23.290+0100] {logging_mixin.py:188} INFO - [2025-04-05T11:34:23.290+0100] {dagbag.py:540} INFO - Filling up the DagBag from /Users/judeezeh/Desktop/Zoomcamp-project/venv/lib/python3.11/site-packages/airflow/example_dags/tutorial_taskflow_api.py
[2025-04-05T11:34:23.302+0100] {processor.py:840} INFO - DAG(s) 'tutorial_taskflow_api' retrieved from /Users/judeezeh/Desktop/Zoomcamp-project/venv/lib/python3.11/site-packages/airflow/example_dags/tutorial_taskflow_api.py
[2025-04-05T11:34:23.333+0100] {logging_mixin.py:188} INFO - [2025-04-05T11:34:23.333+0100] {dag.py:3096} INFO - Sync 1 DAGs
[2025-04-05T11:34:23.336+0100] {logging_mixin.py:188} INFO - [2025-04-05T11:34:23.336+0100] {dag.py:3954} INFO - Setting next_dagrun for tutorial_taskflow_api to None, run_after=None
[2025-04-05T11:34:23.342+0100] {processor.py:183} INFO - Processing /Users/judeezeh/Desktop/Zoomcamp-project/venv/lib/python3.11/site-packages/airflow/example_dags/tutorial_taskflow_api.py took 0.054 seconds
[2025-04-05T11:35:10.954+0100] {processor.py:161} INFO - Started process (PID=18489) to work on /Users/judeezeh/Desktop/Zoomcamp-project/venv/lib/python3.11/site-packages/airflow/example_dags/tutorial_taskflow_api.py
[2025-04-05T11:35:10.954+0100] {processor.py:830} INFO - Processing file /Users/judeezeh/Desktop/Zoomcamp-project/venv/lib/python3.11/site-packages/airflow/example_dags/tutorial_taskflow_api.py for tasks to queue
[2025-04-05T11:35:10.954+0100] {logging_mixin.py:188} INFO - [2025-04-05T11:35:10.954+0100] {dagbag.py:540} INFO - Filling up the DagBag from /Users/judeezeh/Desktop/Zoomcamp-project/venv/lib/python3.11/site-packages/airflow/example_dags/tutorial_taskflow_api.py
[2025-04-05T11:35:10.966+0100] {processor.py:840} INFO - DAG(s) 'tutorial_taskflow_api' retrieved from /Users/judeezeh/Desktop/Zoomcamp-project/venv/lib/python3.11/site-packages/airflow/example_dags/tutorial_taskflow_api.py
[2025-04-05T11:35:10.995+0100] {logging_mixin.py:188} INFO - [2025-04-05T11:35:10.995+0100] {dag.py:3096} INFO - Sync 1 DAGs
[2025-04-05T11:35:10.998+0100] {logging_mixin.py:188} INFO - [2025-04-05T11:35:10.998+0100] {dag.py:3954} INFO - Setting next_dagrun for tutorial_taskflow_api to None, run_after=None
[2025-04-05T11:35:11.004+0100] {processor.py:183} INFO - Processing /Users/judeezeh/Desktop/Zoomcamp-project/venv/lib/python3.11/site-packages/airflow/example_dags/tutorial_taskflow_api.py took 0.052 seconds
[2025-04-05T11:35:58.874+0100] {processor.py:161} INFO - Started process (PID=18551) to work on /Users/judeezeh/Desktop/Zoomcamp-project/venv/lib/python3.11/site-packages/airflow/example_dags/tutorial_taskflow_api.py
[2025-04-05T11:35:58.874+0100] {processor.py:830} INFO - Processing file /Users/judeezeh/Desktop/Zoomcamp-project/venv/lib/python3.11/site-packages/airflow/example_dags/tutorial_taskflow_api.py for tasks to queue
[2025-04-05T11:35:58.875+0100] {logging_mixin.py:188} INFO - [2025-04-05T11:35:58.875+0100] {dagbag.py:540} INFO - Filling up the DagBag from /Users/judeezeh/Desktop/Zoomcamp-project/venv/lib/python3.11/site-packages/airflow/example_dags/tutorial_taskflow_api.py
[2025-04-05T11:35:58.888+0100] {processor.py:840} INFO - DAG(s) 'tutorial_taskflow_api' retrieved from /Users/judeezeh/Desktop/Zoomcamp-project/venv/lib/python3.11/site-packages/airflow/example_dags/tutorial_taskflow_api.py
[2025-04-05T11:35:58.923+0100] {logging_mixin.py:188} INFO - [2025-04-05T11:35:58.922+0100] {dag.py:3096} INFO - Sync 1 DAGs
[2025-04-05T11:35:58.925+0100] {logging_mixin.py:188} INFO - [2025-04-05T11:35:58.925+0100] {dag.py:3954} INFO - Setting next_dagrun for tutorial_taskflow_api to None, run_after=None
[2025-04-05T11:35:58.932+0100] {processor.py:183} INFO - Processing /Users/judeezeh/Desktop/Zoomcamp-project/venv/lib/python3.11/site-packages/airflow/example_dags/tutorial_taskflow_api.py took 0.059 seconds
[2025-04-05T11:36:53.376+0100] {processor.py:161} INFO - Started process (PID=18633) to work on /Users/judeezeh/Desktop/Zoomcamp-project/venv/lib/python3.11/site-packages/airflow/example_dags/tutorial_taskflow_api.py
[2025-04-05T11:36:53.376+0100] {processor.py:830} INFO - Processing file /Users/judeezeh/Desktop/Zoomcamp-project/venv/lib/python3.11/site-packages/airflow/example_dags/tutorial_taskflow_api.py for tasks to queue
[2025-04-05T11:36:53.376+0100] {logging_mixin.py:188} INFO - [2025-04-05T11:36:53.376+0100] {dagbag.py:540} INFO - Filling up the DagBag from /Users/judeezeh/Desktop/Zoomcamp-project/venv/lib/python3.11/site-packages/airflow/example_dags/tutorial_taskflow_api.py
[2025-04-05T11:36:53.390+0100] {processor.py:840} INFO - DAG(s) 'tutorial_taskflow_api' retrieved from /Users/judeezeh/Desktop/Zoomcamp-project/venv/lib/python3.11/site-packages/airflow/example_dags/tutorial_taskflow_api.py
[2025-04-05T11:36:53.423+0100] {logging_mixin.py:188} INFO - [2025-04-05T11:36:53.423+0100] {dag.py:3096} INFO - Sync 1 DAGs
[2025-04-05T11:36:53.426+0100] {logging_mixin.py:188} INFO - [2025-04-05T11:36:53.426+0100] {dag.py:3954} INFO - Setting next_dagrun for tutorial_taskflow_api to None, run_after=None
[2025-04-05T11:36:53.433+0100] {processor.py:183} INFO - Processing /Users/judeezeh/Desktop/Zoomcamp-project/venv/lib/python3.11/site-packages/airflow/example_dags/tutorial_taskflow_api.py took 0.058 seconds
[2025-04-05T11:37:45.537+0100] {processor.py:161} INFO - Started process (PID=18718) to work on /Users/judeezeh/Desktop/Zoomcamp-project/venv/lib/python3.11/site-packages/airflow/example_dags/tutorial_taskflow_api.py
[2025-04-05T11:37:45.538+0100] {processor.py:830} INFO - Processing file /Users/judeezeh/Desktop/Zoomcamp-project/venv/lib/python3.11/site-packages/airflow/example_dags/tutorial_taskflow_api.py for tasks to queue
[2025-04-05T11:37:45.538+0100] {logging_mixin.py:188} INFO - [2025-04-05T11:37:45.538+0100] {dagbag.py:540} INFO - Filling up the DagBag from /Users/judeezeh/Desktop/Zoomcamp-project/venv/lib/python3.11/site-packages/airflow/example_dags/tutorial_taskflow_api.py
[2025-04-05T11:37:45.550+0100] {processor.py:840} INFO - DAG(s) 'tutorial_taskflow_api' retrieved from /Users/judeezeh/Desktop/Zoomcamp-project/venv/lib/python3.11/site-packages/airflow/example_dags/tutorial_taskflow_api.py
[2025-04-05T11:37:45.578+0100] {logging_mixin.py:188} INFO - [2025-04-05T11:37:45.578+0100] {dag.py:3096} INFO - Sync 1 DAGs
[2025-04-05T11:37:45.581+0100] {logging_mixin.py:188} INFO - [2025-04-05T11:37:45.581+0100] {dag.py:3954} INFO - Setting next_dagrun for tutorial_taskflow_api to None, run_after=None
[2025-04-05T11:37:45.587+0100] {processor.py:183} INFO - Processing /Users/judeezeh/Desktop/Zoomcamp-project/venv/lib/python3.11/site-packages/airflow/example_dags/tutorial_taskflow_api.py took 0.051 seconds
[2025-04-05T11:38:26.694+0100] {processor.py:161} INFO - Started process (PID=18776) to work on /Users/judeezeh/Desktop/Zoomcamp-project/venv/lib/python3.11/site-packages/airflow/example_dags/tutorial_taskflow_api.py
[2025-04-05T11:38:26.695+0100] {processor.py:830} INFO - Processing file /Users/judeezeh/Desktop/Zoomcamp-project/venv/lib/python3.11/site-packages/airflow/example_dags/tutorial_taskflow_api.py for tasks to queue
[2025-04-05T11:38:26.695+0100] {logging_mixin.py:188} INFO - [2025-04-05T11:38:26.695+0100] {dagbag.py:540} INFO - Filling up the DagBag from /Users/judeezeh/Desktop/Zoomcamp-project/venv/lib/python3.11/site-packages/airflow/example_dags/tutorial_taskflow_api.py
[2025-04-05T11:38:26.706+0100] {processor.py:840} INFO - DAG(s) 'tutorial_taskflow_api' retrieved from /Users/judeezeh/Desktop/Zoomcamp-project/venv/lib/python3.11/site-packages/airflow/example_dags/tutorial_taskflow_api.py
[2025-04-05T11:38:26.735+0100] {logging_mixin.py:188} INFO - [2025-04-05T11:38:26.735+0100] {dag.py:3096} INFO - Sync 1 DAGs
[2025-04-05T11:38:26.738+0100] {logging_mixin.py:188} INFO - [2025-04-05T11:38:26.738+0100] {dag.py:3954} INFO - Setting next_dagrun for tutorial_taskflow_api to None, run_after=None
[2025-04-05T11:38:26.744+0100] {processor.py:183} INFO - Processing /Users/judeezeh/Desktop/Zoomcamp-project/venv/lib/python3.11/site-packages/airflow/example_dags/tutorial_taskflow_api.py took 0.051 seconds
[2025-04-05T11:39:46.541+0100] {processor.py:161} INFO - Started process (PID=18903) to work on /Users/judeezeh/Desktop/Zoomcamp-project/venv/lib/python3.11/site-packages/airflow/example_dags/tutorial_taskflow_api.py
[2025-04-05T11:39:46.541+0100] {processor.py:830} INFO - Processing file /Users/judeezeh/Desktop/Zoomcamp-project/venv/lib/python3.11/site-packages/airflow/example_dags/tutorial_taskflow_api.py for tasks to queue
[2025-04-05T11:39:46.542+0100] {logging_mixin.py:188} INFO - [2025-04-05T11:39:46.541+0100] {dagbag.py:540} INFO - Filling up the DagBag from /Users/judeezeh/Desktop/Zoomcamp-project/venv/lib/python3.11/site-packages/airflow/example_dags/tutorial_taskflow_api.py
[2025-04-05T11:39:46.553+0100] {processor.py:840} INFO - DAG(s) 'tutorial_taskflow_api' retrieved from /Users/judeezeh/Desktop/Zoomcamp-project/venv/lib/python3.11/site-packages/airflow/example_dags/tutorial_taskflow_api.py
[2025-04-05T11:39:46.581+0100] {logging_mixin.py:188} INFO - [2025-04-05T11:39:46.581+0100] {dag.py:3096} INFO - Sync 1 DAGs
[2025-04-05T11:39:46.583+0100] {logging_mixin.py:188} INFO - [2025-04-05T11:39:46.583+0100] {dag.py:3954} INFO - Setting next_dagrun for tutorial_taskflow_api to None, run_after=None
[2025-04-05T11:39:46.590+0100] {processor.py:183} INFO - Processing /Users/judeezeh/Desktop/Zoomcamp-project/venv/lib/python3.11/site-packages/airflow/example_dags/tutorial_taskflow_api.py took 0.050 seconds
[2025-04-05T11:40:37.618+0100] {processor.py:161} INFO - Started process (PID=19020) to work on /Users/judeezeh/Desktop/Zoomcamp-project/venv/lib/python3.11/site-packages/airflow/example_dags/tutorial_taskflow_api.py
[2025-04-05T11:40:37.618+0100] {processor.py:830} INFO - Processing file /Users/judeezeh/Desktop/Zoomcamp-project/venv/lib/python3.11/site-packages/airflow/example_dags/tutorial_taskflow_api.py for tasks to queue
[2025-04-05T11:40:37.619+0100] {logging_mixin.py:188} INFO - [2025-04-05T11:40:37.618+0100] {dagbag.py:540} INFO - Filling up the DagBag from /Users/judeezeh/Desktop/Zoomcamp-project/venv/lib/python3.11/site-packages/airflow/example_dags/tutorial_taskflow_api.py
[2025-04-05T11:40:37.631+0100] {processor.py:840} INFO - DAG(s) 'tutorial_taskflow_api' retrieved from /Users/judeezeh/Desktop/Zoomcamp-project/venv/lib/python3.11/site-packages/airflow/example_dags/tutorial_taskflow_api.py
[2025-04-05T11:40:37.664+0100] {logging_mixin.py:188} INFO - [2025-04-05T11:40:37.664+0100] {dag.py:3096} INFO - Sync 1 DAGs
[2025-04-05T11:40:37.666+0100] {logging_mixin.py:188} INFO - [2025-04-05T11:40:37.666+0100] {dag.py:3954} INFO - Setting next_dagrun for tutorial_taskflow_api to None, run_after=None
[2025-04-05T11:40:37.673+0100] {processor.py:183} INFO - Processing /Users/judeezeh/Desktop/Zoomcamp-project/venv/lib/python3.11/site-packages/airflow/example_dags/tutorial_taskflow_api.py took 0.056 seconds
[2025-04-05T11:41:23.232+0100] {processor.py:161} INFO - Started process (PID=19093) to work on /Users/judeezeh/Desktop/Zoomcamp-project/venv/lib/python3.11/site-packages/airflow/example_dags/tutorial_taskflow_api.py
[2025-04-05T11:41:23.234+0100] {processor.py:830} INFO - Processing file /Users/judeezeh/Desktop/Zoomcamp-project/venv/lib/python3.11/site-packages/airflow/example_dags/tutorial_taskflow_api.py for tasks to queue
[2025-04-05T11:41:23.234+0100] {logging_mixin.py:188} INFO - [2025-04-05T11:41:23.234+0100] {dagbag.py:540} INFO - Filling up the DagBag from /Users/judeezeh/Desktop/Zoomcamp-project/venv/lib/python3.11/site-packages/airflow/example_dags/tutorial_taskflow_api.py
[2025-04-05T11:41:23.246+0100] {processor.py:840} INFO - DAG(s) 'tutorial_taskflow_api' retrieved from /Users/judeezeh/Desktop/Zoomcamp-project/venv/lib/python3.11/site-packages/airflow/example_dags/tutorial_taskflow_api.py
[2025-04-05T11:41:23.274+0100] {logging_mixin.py:188} INFO - [2025-04-05T11:41:23.274+0100] {dag.py:3096} INFO - Sync 1 DAGs
[2025-04-05T11:41:23.277+0100] {logging_mixin.py:188} INFO - [2025-04-05T11:41:23.277+0100] {dag.py:3954} INFO - Setting next_dagrun for tutorial_taskflow_api to None, run_after=None
[2025-04-05T11:41:23.283+0100] {processor.py:183} INFO - Processing /Users/judeezeh/Desktop/Zoomcamp-project/venv/lib/python3.11/site-packages/airflow/example_dags/tutorial_taskflow_api.py took 0.052 seconds
[2025-04-05T11:42:09.532+0100] {processor.py:161} INFO - Started process (PID=19162) to work on /Users/judeezeh/Desktop/Zoomcamp-project/venv/lib/python3.11/site-packages/airflow/example_dags/tutorial_taskflow_api.py
[2025-04-05T11:42:09.534+0100] {processor.py:830} INFO - Processing file /Users/judeezeh/Desktop/Zoomcamp-project/venv/lib/python3.11/site-packages/airflow/example_dags/tutorial_taskflow_api.py for tasks to queue
[2025-04-05T11:42:09.534+0100] {logging_mixin.py:188} INFO - [2025-04-05T11:42:09.534+0100] {dagbag.py:540} INFO - Filling up the DagBag from /Users/judeezeh/Desktop/Zoomcamp-project/venv/lib/python3.11/site-packages/airflow/example_dags/tutorial_taskflow_api.py
[2025-04-05T11:42:09.546+0100] {processor.py:840} INFO - DAG(s) 'tutorial_taskflow_api' retrieved from /Users/judeezeh/Desktop/Zoomcamp-project/venv/lib/python3.11/site-packages/airflow/example_dags/tutorial_taskflow_api.py
[2025-04-05T11:42:09.574+0100] {logging_mixin.py:188} INFO - [2025-04-05T11:42:09.574+0100] {dag.py:3096} INFO - Sync 1 DAGs
[2025-04-05T11:42:09.577+0100] {logging_mixin.py:188} INFO - [2025-04-05T11:42:09.577+0100] {dag.py:3954} INFO - Setting next_dagrun for tutorial_taskflow_api to None, run_after=None
[2025-04-05T11:42:09.583+0100] {processor.py:183} INFO - Processing /Users/judeezeh/Desktop/Zoomcamp-project/venv/lib/python3.11/site-packages/airflow/example_dags/tutorial_taskflow_api.py took 0.052 seconds
